<?xml version="1.0" encoding="UTF-8"?>
<!-- Generated by org.testng.reporters.JUnitXMLReporter -->
<testsuite hostname="IB-Pune-LAP-329" ignored="40" name="Test" tests="19" failures="2" timestamp="2023-06-04T16:57:27 IST" time="452.509" errors="0">
  <testcase name="TC01_loginValidData" time="8.451" classname="com.Digitalcodes.testcases.Login_Test"/>
  <testcase name="TC02_verifyUserInformation" time="19.214" classname="com.Digitalcodes.testcases.Login_Test">
    <failure type="java.lang.AssertionError" message="expected [Premium Complete] but found [Sign In]">
      <![CDATA[java.lang.AssertionError: expected [Premium Complete] but found [Sign In]
at com.Digitalcodes.utilities.Baseclass.assertEquals(Baseclass.java:228)
at com.Digitalcodes.testcases.Login_Test.TC02_verifyUserInformation(Login_Test.java:84)
at java.util.ArrayList.forEach(ArrayList.java:1257)
... Removed 33 stack frames]]>
    </failure>
  </testcase> <!-- TC02_verifyUserInformation -->
  <testcase name="TC04_verifyTitleLandingPage" time="12.291" classname="com.Digitalcodes.testcases.Title_LandingPage_Test"/>
  <testcase name="TC05_verifyMarkFavoriteTitle" time="53.273" classname="com.Digitalcodes.testcases.Title_LandingPage_Test"/>
  <testcase name="TC07_verifyMyNotes_FromTOC" time="48.173" classname="com.Digitalcodes.testcases.TableOfContent_Test"/>
  <testcase name="TC08_verifyNavigateToSection_FromTOC" time="17.618" classname="com.Digitalcodes.testcases.Title_SectionPage_Test"/>
  <testcase name="TC09_verifyCreateNotes_atSection" time="32.804" classname="com.Digitalcodes.testcases.Title_SectionPage_Test"/>
  <testcase name="TC10_verifyCreateBookmark_atSection" time="41.166" classname="com.Digitalcodes.testcases.Title_SectionPage_Test"/>
  <testcase name="TC11_verifyShareSection_FromSection" time="23.246" classname="com.Digitalcodes.testcases.Title_SectionPage_Test"/>
  <testcase name="TC12_verifyPrintSection_FromSection" time="1.991" classname="com.Digitalcodes.testcases.Title_SectionPage_Test"/>
  <testcase name="TC13_verifyShareNote_FromSction" time="6.79" classname="com.Digitalcodes.testcases.Title_SectionPage_Test"/>
  <testcase name="TC14_verifyEditNotes_FromSection" time="2.158" classname="com.Digitalcodes.testcases.Title_SectionPage_Test">
    <failure type="java.lang.AssertionError" message="expected [User edit note] but found [User create Note]">
      <![CDATA[java.lang.AssertionError: expected [User edit note] but found [User create Note]
at com.Digitalcodes.utilities.Baseclass.assertEquals(Baseclass.java:228)
at com.Digitalcodes.testcases.Title_SectionPage_Test.TC14_verifyEditNotes_FromSection(Title_SectionPage_Test.java:279)
at java.util.ArrayList.forEach(ArrayList.java:1257)
... Removed 33 stack frames]]>
    </failure>
  </testcase> <!-- TC14_verifyEditNotes_FromSection -->
  <testcase name="TC15_verifyDeleteNotes_FromSection" time="0.0" classname="com.Digitalcodes.testcases.Title_SectionPage_Test">
    <skipped/>
  </testcase> <!-- TC15_verifyDeleteNotes_FromSection -->
  <testcase name="TC19_verifyLinksOnChapter" time="49.612" classname="com.Digitalcodes.testcases.Title_SectionPage_Test"/>
  <testcase name="TC28_verifyCollectionLandingPage" time="44.98" classname="com.Digitalcodes.testcases.Title_Collection_Test"/>
  <testcase name="TC29_verifySection_collectionTitles" time="8.182" classname="com.Digitalcodes.testcases.Title_Collection_Test"/>
  <testcase name="TC34_verifyRecentlyAddedTitle_Collection" time="10.611" classname="com.Digitalcodes.testcases.Title_Collection_Test"/>
  <testcase name="TC34_verifyHideCommentary" time="26.557" classname="com.Digitalcodes.testcases.Title_Commentary_Test"/>
  <testcase name="TC33_verifyNgviateToBasicTitle" time="14.219" classname="com.Digitalcodes.testcases.Title_Basic_Test"/>
  <testcase name="@AfterSuite afterSuite" time="0.0" classname="com.Digitalcodes.testcases.Prerequisites_Teardown">
    <ignored/>
  </testcase> <!-- @AfterSuite afterSuite -->
  <testcase name="@AfterSuite afterSuite" time="0.0" classname="com.Digitalcodes.testcases.Prerequisites_Teardown">
    <ignored/>
  </testcase> <!-- @AfterSuite afterSuite -->
  <testcase name="@AfterSuite afterSuite" time="0.0" classname="com.Digitalcodes.testcases.Prerequisites_Teardown">
    <ignored/>
  </testcase> <!-- @AfterSuite afterSuite -->
  <testcase name="@AfterSuite afterSuite" time="0.0" classname="com.Digitalcodes.testcases.Prerequisites_Teardown">
    <ignored/>
  </testcase> <!-- @AfterSuite afterSuite -->
  <testcase name="@AfterSuite afterSuite" time="0.0" classname="com.Digitalcodes.testcases.Prerequisites_Teardown">
    <ignored/>
  </testcase> <!-- @AfterSuite afterSuite -->
  <testcase name="@AfterSuite afterSuite" time="0.0" classname="com.Digitalcodes.testcases.Prerequisites_Teardown">
    <ignored/>
  </testcase> <!-- @AfterSuite afterSuite -->
  <testcase name="TC30_verifyCreateNotes_collectionTitles" time="0.0" classname="com.Digitalcodes.testcases.Title_Collection_Test">
    <ignored/>
  </testcase> <!-- TC30_verifyCreateNotes_collectionTitles -->
  <testcase name="TC23_verifyPrintSection_FromSubSection" time="0.0" classname="com.Digitalcodes.testcases.Title_SectionPage_Test">
    <ignored/>
  </testcase> <!-- TC23_verifyPrintSection_FromSubSection -->
  <testcase name="TC21_verifyCreateBookmark_atSubsection" time="0.0" classname="com.Digitalcodes.testcases.Title_SectionPage_Test">
    <ignored/>
  </testcase> <!-- TC21_verifyCreateBookmark_atSubsection -->
  <testcase name="TC06_verifyChangeVersion_ReleatedTitles_Categories" time="0.0" classname="com.Digitalcodes.testcases.Title_LandingPage_Test">
    <ignored/>
  </testcase> <!-- TC06_verifyChangeVersion_ReleatedTitles_Categories -->
  <testcase name="TC24_verifyCreateNotes_atChildSubsection" time="0.0" classname="com.Digitalcodes.testcases.Title_SectionPage_Test">
    <ignored/>
  </testcase> <!-- TC24_verifyCreateNotes_atChildSubsection -->
  <testcase name="TC18_verifyDeleteBookmark_FromSection" time="0.0" classname="com.Digitalcodes.testcases.Title_SectionPage_Test">
    <ignored/>
  </testcase> <!-- TC18_verifyDeleteBookmark_FromSection -->
  <testcase name="TC31_verifyCreateBookmark_collectionTitles" time="0.0" classname="com.Digitalcodes.testcases.Title_Collection_Test">
    <ignored/>
  </testcase> <!-- TC31_verifyCreateBookmark_collectionTitles -->
  <testcase name="@BeforeSuite beforeSuite" time="0.0" classname="com.Digitalcodes.testcases.Prerequisites_Teardown">
    <ignored/>
  </testcase> <!-- @BeforeSuite beforeSuite -->
  <testcase name="@BeforeSuite beforeSuite" time="0.0" classname="com.Digitalcodes.testcases.Prerequisites_Teardown">
    <ignored/>
  </testcase> <!-- @BeforeSuite beforeSuite -->
  <testcase name="@BeforeSuite beforeSuite" time="0.0" classname="com.Digitalcodes.testcases.Prerequisites_Teardown">
    <ignored/>
  </testcase> <!-- @BeforeSuite beforeSuite -->
  <testcase name="@BeforeSuite beforeSuite" time="0.0" classname="com.Digitalcodes.testcases.Prerequisites_Teardown">
    <ignored/>
  </testcase> <!-- @BeforeSuite beforeSuite -->
  <testcase name="@BeforeSuite beforeSuite" time="0.0" classname="com.Digitalcodes.testcases.Prerequisites_Teardown">
    <ignored/>
  </testcase> <!-- @BeforeSuite beforeSuite -->
  <testcase name="@BeforeSuite beforeSuite" time="0.0" classname="com.Digitalcodes.testcases.Prerequisites_Teardown">
    <ignored/>
  </testcase> <!-- @BeforeSuite beforeSuite -->
  <testcase name="TC16_verifyShareBookmark_FromSection" time="0.0" classname="com.Digitalcodes.testcases.Title_SectionPage_Test">
    <ignored/>
  </testcase> <!-- TC16_verifyShareBookmark_FromSection -->
  <testcase name="TC20_verifyCreateNotes_atSubsection" time="0.0" classname="com.Digitalcodes.testcases.Title_SectionPage_Test">
    <ignored/>
  </testcase> <!-- TC20_verifyCreateNotes_atSubsection -->
  <testcase name="TC32_verifyShareSection_CollectionTitles" time="0.0" classname="com.Digitalcodes.testcases.Title_Collection_Test">
    <ignored/>
  </testcase> <!-- TC32_verifyShareSection_CollectionTitles -->
  <testcase name="TC33_verifyPrintSection_CollectionTitles" time="0.0" classname="com.Digitalcodes.testcases.Title_Collection_Test">
    <ignored/>
  </testcase> <!-- TC33_verifyPrintSection_CollectionTitles -->
  <testcase name="@BeforeTest beforeTest" time="0.0" classname="com.Digitalcodes.testcases.Prerequisites_Teardown">
    <ignored/>
  </testcase> <!-- @BeforeTest beforeTest -->
  <testcase name="@BeforeTest beforeTest" time="0.0" classname="com.Digitalcodes.testcases.Prerequisites_Teardown">
    <ignored/>
  </testcase> <!-- @BeforeTest beforeTest -->
  <testcase name="@BeforeTest beforeTest" time="0.0" classname="com.Digitalcodes.testcases.Prerequisites_Teardown">
    <ignored/>
  </testcase> <!-- @BeforeTest beforeTest -->
  <testcase name="@BeforeTest beforeTest" time="0.0" classname="com.Digitalcodes.testcases.Prerequisites_Teardown">
    <ignored/>
  </testcase> <!-- @BeforeTest beforeTest -->
  <testcase name="@BeforeTest beforeTest" time="0.0" classname="com.Digitalcodes.testcases.Prerequisites_Teardown">
    <ignored/>
  </testcase> <!-- @BeforeTest beforeTest -->
  <testcase name="@BeforeTest beforeTest" time="0.0" classname="com.Digitalcodes.testcases.Prerequisites_Teardown">
    <ignored/>
  </testcase> <!-- @BeforeTest beforeTest -->
  <testcase name="TC26_verifyShareSection_atChildSubsection" time="0.0" classname="com.Digitalcodes.testcases.Title_SectionPage_Test">
    <ignored/>
  </testcase> <!-- TC26_verifyShareSection_atChildSubsection -->
  <testcase name="TC27_verifyPrintSection_FromChildSubSection" time="0.0" classname="com.Digitalcodes.testcases.Title_SectionPage_Test">
    <ignored/>
  </testcase> <!-- TC27_verifyPrintSection_FromChildSubSection -->
  <testcase name="TC22_verifyShareSection_FromSubSection" time="0.0" classname="com.Digitalcodes.testcases.Title_SectionPage_Test">
    <ignored/>
  </testcase> <!-- TC22_verifyShareSection_FromSubSection -->
  <testcase name="@AfterTest afterTest" time="0.0" classname="com.Digitalcodes.testcases.Prerequisites_Teardown">
    <ignored/>
  </testcase> <!-- @AfterTest afterTest -->
  <testcase name="@AfterTest afterTest" time="0.0" classname="com.Digitalcodes.testcases.Prerequisites_Teardown">
    <ignored/>
  </testcase> <!-- @AfterTest afterTest -->
  <testcase name="@AfterTest afterTest" time="0.0" classname="com.Digitalcodes.testcases.Prerequisites_Teardown">
    <ignored/>
  </testcase> <!-- @AfterTest afterTest -->
  <testcase name="@AfterTest afterTest" time="0.0" classname="com.Digitalcodes.testcases.Prerequisites_Teardown">
    <ignored/>
  </testcase> <!-- @AfterTest afterTest -->
  <testcase name="@AfterTest afterTest" time="0.0" classname="com.Digitalcodes.testcases.Prerequisites_Teardown">
    <ignored/>
  </testcase> <!-- @AfterTest afterTest -->
  <testcase name="@AfterTest afterTest" time="0.0" classname="com.Digitalcodes.testcases.Prerequisites_Teardown">
    <ignored/>
  </testcase> <!-- @AfterTest afterTest -->
  <testcase name="TC25_verifyCreateBookmark_atChildSubsection" time="0.0" classname="com.Digitalcodes.testcases.Title_SectionPage_Test">
    <ignored/>
  </testcase> <!-- TC25_verifyCreateBookmark_atChildSubsection -->
  <testcase name="TC17_verifyEditBookmark_FromSection" time="0.0" classname="com.Digitalcodes.testcases.Title_SectionPage_Test">
    <ignored/>
  </testcase> <!-- TC17_verifyEditBookmark_FromSection -->
</testsuite> <!-- Test -->
