<?xml version="1.0" encoding="UTF-8"?>
<!-- Generated by org.testng.reporters.JUnitXMLReporter -->
<testsuite hostname="IB-Pune-LAP-329" ignored="6" name="Test" tests="18" failures="0" timestamp="2023-05-15T16:03:13 IST" time="533.05" errors="0">
  <testcase name="login" time="9.806" classname="com.Digitalcodes.testcases.Login_Test"/>
  <testcase name="verifyUserInformation" time="0.792" classname="com.Digitalcodes.testcases.Login_Test"/>
  <testcase name="navigateToGroupTitles" time="3.136" classname="com.Digitalcodes.testcases.TitleCovePage_Test"/>
  <testcase name="verifyTitleLandingPage" time="9.506" classname="com.Digitalcodes.testcases.TitleLandingPage_Test"/>
  <testcase name="verifyMarkFavoriteTitle" time="7.599" classname="com.Digitalcodes.testcases.TitleLandingPage_Test"/>
  <testcase name="verifyRemoveFavoriteTitle" time="4.751" classname="com.Digitalcodes.testcases.TitleLandingPage_Test"/>
  <testcase name="verifyMyNotes_FromTOC" time="7.584" classname="com.Digitalcodes.testcases.TitleLandingPage_Test"/>
  <testcase name="verifyNavigateToSection_FromTOC" time="20.736" classname="com.Digitalcodes.testcases.TitleLandingPage_Test"/>
  <testcase name="verifyCreateNotes_atSection" time="79.443" classname="com.Digitalcodes.testcases.TitleLandingPage_Test"/>
  <testcase name="verifyCreateBookmark_atSection" time="101.809" classname="com.Digitalcodes.testcases.TitleLandingPage_Test"/>
  <testcase name="verifyShareSection_FromSection" time="82.008" classname="com.Digitalcodes.testcases.TitleLandingPage_Test"/>
  <testcase name="verifyPrintSection_FromSection" time="5.932" classname="com.Digitalcodes.testcases.TitleLandingPage_Test"/>
  <testcase name="verifyShareNote_FromSction" time="11.579" classname="com.Digitalcodes.testcases.TitleLandingPage_Test"/>
  <testcase name="verifyEditNotes_FromSection" time="11.893" classname="com.Digitalcodes.testcases.TitleLandingPage_Test"/>
  <testcase name="verifyDeleteNotes_FromSection" time="6.412" classname="com.Digitalcodes.testcases.TitleLandingPage_Test"/>
  <testcase name="verifyShareBookmark_FromSection" time="95.567" classname="com.Digitalcodes.testcases.TitleLandingPage_Test"/>
  <testcase name="verifyEditBookmark_FromSection" time="12.267" classname="com.Digitalcodes.testcases.TitleLandingPage_Test"/>
  <testcase name="verifyDeleteBookmark_FromSection" time="6.612" classname="com.Digitalcodes.testcases.TitleLandingPage_Test"/>
  <testcase name="@AfterSuite afterSuite" time="0.0" classname="com.Digitalcodes.testcases.Prerequisites_Teardown">
    <ignored/>
  </testcase> <!-- @AfterSuite afterSuite -->
  <testcase name="@AfterSuite afterSuite" time="0.0" classname="com.Digitalcodes.testcases.Prerequisites_Teardown">
    <ignored/>
  </testcase> <!-- @AfterSuite afterSuite -->
  <testcase name="@BeforeTest beforeTest" time="0.0" classname="com.Digitalcodes.testcases.Prerequisites_Teardown">
    <ignored/>
  </testcase> <!-- @BeforeTest beforeTest -->
  <testcase name="@BeforeTest beforeTest" time="0.0" classname="com.Digitalcodes.testcases.Prerequisites_Teardown">
    <ignored/>
  </testcase> <!-- @BeforeTest beforeTest -->
  <testcase name="@BeforeSuite beforeSuite" time="0.0" classname="com.Digitalcodes.testcases.Prerequisites_Teardown">
    <ignored/>
  </testcase> <!-- @BeforeSuite beforeSuite -->
  <testcase name="@BeforeSuite beforeSuite" time="0.0" classname="com.Digitalcodes.testcases.Prerequisites_Teardown">
    <ignored/>
  </testcase> <!-- @BeforeSuite beforeSuite -->
</testsuite> <!-- Test -->
