<?xml version="1.0" encoding="UTF-8"?>
<!-- Generated by org.testng.reporters.JUnitXMLReporter -->
<testsuite ignored="44" hostname="IB-Pune-LAP-329" failures="49" tests="56" name="Regression for Premium user" time="18.518" errors="0" timestamp="2023-08-30T17:39:38 IST">
  <testcase classname="com.Digitalcodes.testcases.Registration_Test" name="TC_Registeruser_ValidData" time="0.037">
    <failure type="java.lang.NullPointerException" message="Cannot invoke &amp;quot;org.openqa.selenium.WebDriver.getWindowHandle()&amp;quot; because &amp;quot;com.Digitalcodes.utilities.Baseclass.driver&amp;quot; is null">
      <![CDATA[java.lang.NullPointerException: Cannot invoke "org.openqa.selenium.WebDriver.getWindowHandle()" because "com.Digitalcodes.utilities.Baseclass.driver" is null
at com.Digitalcodes.utilities.Baseclass.getParentWindow(Baseclass.java:192)
at com.Digitalcodes.testcases.Registration_Test.TC_Registeruser_ValidData(Registration_Test.java:42)
at java.base/java.util.ArrayList.forEach(ArrayList.java:1511)
... Removed 30 stack frames]]>
    </failure>
  </testcase> <!-- TC_Registeruser_ValidData -->
  <testcase classname="com.Digitalcodes.testcases.Login_Test" name="TC01_loginValidData" time="0.0">
    <failure type="java.lang.RuntimeException" message="java.lang.Exception: Test Case Name Not add in sheet">
      <![CDATA[java.lang.RuntimeException: java.lang.Exception: Test Case Name Not add in sheet
at java.base/java.util.ArrayList.forEach(ArrayList.java:1511)
Caused by: java.lang.Exception: Test Case Name Not add in sheet
at com.Digitalcodes.utilities.Load_Excle.getDataFromExcle(Load_Excle.java:322)
at com.Digitalcodes.testcases.Login_Test.getData(Login_Test.java:30)
... 28 more
... Removed 35 stack frames]]>
    </failure>
  </testcase> <!-- TC01_loginValidData -->
  <testcase classname="com.Digitalcodes.testcases.Login_Test" name="TC02_verifyUserInformation" time="4.028">
    <failure type="java.lang.NullPointerException" message="Cannot invoke &amp;quot;com.Digitalcodes.pageobject.Header.getSubscrptionType()&amp;quot; because &amp;quot;com.Digitalcodes.testcases.Login_Test.header&amp;quot; is null">
      <![CDATA[java.lang.NullPointerException: Cannot invoke "com.Digitalcodes.pageobject.Header.getSubscrptionType()" because "com.Digitalcodes.testcases.Login_Test.header" is null
at com.Digitalcodes.testcases.Login_Test.TC02_verifyUserInformation(Login_Test.java:68)
at java.base/java.util.ArrayList.forEach(ArrayList.java:1511)
... Removed 30 stack frames]]>
    </failure>
  </testcase> <!-- TC02_verifyUserInformation -->
  <testcase classname="com.Digitalcodes.testcases.Title_Purchase_Test" name="TC_verifyUpdateQutentiy_RemoveIncart" time="0.007">
    <failure type="java.lang.NullPointerException" message="Cannot invoke &amp;quot;com.Digitalcodes.pageobject.Menu.navigetToStaticFeaturs(String)&amp;quot; because &amp;quot;com.Digitalcodes.testcases.Title_Purchase_Test.menu&amp;quot; is null">
      <![CDATA[java.lang.NullPointerException: Cannot invoke "com.Digitalcodes.pageobject.Menu.navigetToStaticFeaturs(String)" because "com.Digitalcodes.testcases.Title_Purchase_Test.menu" is null
at com.Digitalcodes.testcases.Title_Purchase_Test.TC_verifyUpdateQutentiy_RemoveIncart(Title_Purchase_Test.java:118)
at java.base/java.util.ArrayList.forEach(ArrayList.java:1511)
... Removed 30 stack frames]]>
    </failure>
  </testcase> <!-- TC_verifyUpdateQutentiy_RemoveIncart -->
  <testcase classname="com.Digitalcodes.testcases.Title_Purchase_Test" name="TC_PurchaseTitle" time="0.007">
    <failure type="java.lang.NullPointerException" message="Cannot invoke &amp;quot;com.Digitalcodes.pageobject.Menu.navigetToStaticFeaturs(String)&amp;quot; because &amp;quot;com.Digitalcodes.testcases.Title_Purchase_Test.menu&amp;quot; is null">
      <![CDATA[java.lang.NullPointerException: Cannot invoke "com.Digitalcodes.pageobject.Menu.navigetToStaticFeaturs(String)" because "com.Digitalcodes.testcases.Title_Purchase_Test.menu" is null
at com.Digitalcodes.testcases.Title_Purchase_Test.TC_PurchaseTitle(Title_Purchase_Test.java:35)
at java.base/java.util.ArrayList.forEach(ArrayList.java:1511)
... Removed 30 stack frames]]>
    </failure>
  </testcase> <!-- TC_PurchaseTitle -->
  <testcase classname="com.Digitalcodes.testcases.Title_LandingPage_Test" name="TC04_verifyTitleLandingPage" time="0.0">
    <failure type="java.lang.RuntimeException" message="java.lang.NullPointerException: Cannot invoke &amp;quot;String.equalsIgnoreCase(String)&amp;quot; because &amp;quot;com.Digitalcodes.utilities.DataProviders.USER&amp;quot; is null">
      <![CDATA[java.lang.RuntimeException: java.lang.NullPointerException: Cannot invoke "String.equalsIgnoreCase(String)" because "com.Digitalcodes.utilities.DataProviders.USER" is null
at java.base/java.util.ArrayList.forEach(ArrayList.java:1511)
Caused by: java.lang.NullPointerException: Cannot invoke "String.equalsIgnoreCase(String)" because "com.Digitalcodes.utilities.DataProviders.USER" is null
at com.Digitalcodes.utilities.DataProviders.getAllTitles(DataProviders.java:22)
... 28 more
... Removed 35 stack frames]]>
    </failure>
  </testcase> <!-- TC04_verifyTitleLandingPage -->
  <testcase classname="com.Digitalcodes.testcases.Title_LandingPage_Test" name="TC05_verifyMarkFavoriteTitle" time="0.009">
    <failure type="java.lang.NullPointerException" message="Cannot invoke &amp;quot;com.Digitalcodes.pageobject.Menu.navigateToTitlesCover(String, String)&amp;quot; because &amp;quot;com.Digitalcodes.testcases.Title_LandingPage_Test.menu&amp;quot; is null">
      <![CDATA[java.lang.NullPointerException: Cannot invoke "com.Digitalcodes.pageobject.Menu.navigateToTitlesCover(String, String)" because "com.Digitalcodes.testcases.Title_LandingPage_Test.menu" is null
at com.Digitalcodes.testcases.Title_LandingPage_Test.TC05_verifyMarkFavoriteTitle(Title_LandingPage_Test.java:57)
at java.base/java.util.ArrayList.forEach(ArrayList.java:1511)
... Removed 30 stack frames]]>
    </failure>
  </testcase> <!-- TC05_verifyMarkFavoriteTitle -->
  <testcase classname="com.Digitalcodes.testcases.Title_LandingPage_Test" name="TC06_verifyChangeVersion_ReleatedTitles_Categories" time="0.002">
    <failure type="java.lang.NullPointerException" message="Cannot invoke &amp;quot;com.Digitalcodes.pageobject.Menu.navigateToTitlesCover(String, String)&amp;quot; because &amp;quot;com.Digitalcodes.testcases.Title_LandingPage_Test.menu&amp;quot; is null">
      <![CDATA[java.lang.NullPointerException: Cannot invoke "com.Digitalcodes.pageobject.Menu.navigateToTitlesCover(String, String)" because "com.Digitalcodes.testcases.Title_LandingPage_Test.menu" is null
at com.Digitalcodes.testcases.Title_LandingPage_Test.TC06_verifyChangeVersion_ReleatedTitles_Categories(Title_LandingPage_Test.java:100)
at java.base/java.util.ArrayList.forEach(ArrayList.java:1511)
... Removed 30 stack frames]]>
    </failure>
  </testcase> <!-- TC06_verifyChangeVersion_ReleatedTitles_Categories -->
  <testcase classname="com.Digitalcodes.testcases.TableOfContent_Test" name="TC07_verifyMyNotes_FromTOC" time="0.006">
    <failure type="java.lang.NullPointerException" message="Cannot invoke &amp;quot;com.Digitalcodes.testcases.CommanSteps.navigetToTitle(String, String, String)&amp;quot; because &amp;quot;com.Digitalcodes.testcases.TableOfContent_Test.commanstep&amp;quot; is null">
      <![CDATA[java.lang.NullPointerException: Cannot invoke "com.Digitalcodes.testcases.CommanSteps.navigetToTitle(String, String, String)" because "com.Digitalcodes.testcases.TableOfContent_Test.commanstep" is null
at com.Digitalcodes.testcases.TableOfContent_Test.TC07_verifyMyNotes_FromTOC(TableOfContent_Test.java:18)
at java.base/java.util.ArrayList.forEach(ArrayList.java:1511)
... Removed 30 stack frames]]>
    </failure>
  </testcase> <!-- TC07_verifyMyNotes_FromTOC -->
  <testcase classname="com.Digitalcodes.testcases.Title_SectionPage_Test" name="TC09_verifyCreateNotes_atSection" time="0.0">
    <failure type="java.lang.RuntimeException" message="java.lang.NullPointerException: Cannot invoke &amp;quot;String.equalsIgnoreCase(String)&amp;quot; because &amp;quot;com.Digitalcodes.utilities.DataProviders.USER&amp;quot; is null">
      <![CDATA[java.lang.RuntimeException: java.lang.NullPointerException: Cannot invoke "String.equalsIgnoreCase(String)" because "com.Digitalcodes.utilities.DataProviders.USER" is null
at java.base/java.util.ArrayList.forEach(ArrayList.java:1511)
Caused by: java.lang.NullPointerException: Cannot invoke "String.equalsIgnoreCase(String)" because "com.Digitalcodes.utilities.DataProviders.USER" is null
at com.Digitalcodes.utilities.DataProviders.getAllTitles(DataProviders.java:22)
... 28 more
... Removed 35 stack frames]]>
    </failure>
  </testcase> <!-- TC09_verifyCreateNotes_atSection -->
  <testcase classname="com.Digitalcodes.testcases.Title_SectionPage_Test" name="TC10_verifyCreateBookmark_atSection" time="0.0">
    <failure type="java.lang.RuntimeException" message="java.lang.NullPointerException: Cannot invoke &amp;quot;String.equalsIgnoreCase(String)&amp;quot; because &amp;quot;com.Digitalcodes.utilities.DataProviders.USER&amp;quot; is null">
      <![CDATA[java.lang.RuntimeException: java.lang.NullPointerException: Cannot invoke "String.equalsIgnoreCase(String)" because "com.Digitalcodes.utilities.DataProviders.USER" is null
at java.base/java.util.ArrayList.forEach(ArrayList.java:1511)
Caused by: java.lang.NullPointerException: Cannot invoke "String.equalsIgnoreCase(String)" because "com.Digitalcodes.utilities.DataProviders.USER" is null
at com.Digitalcodes.utilities.DataProviders.getAllTitles(DataProviders.java:22)
... 28 more
... Removed 35 stack frames]]>
    </failure>
  </testcase> <!-- TC10_verifyCreateBookmark_atSection -->
  <testcase classname="com.Digitalcodes.testcases.Title_SectionPage_Test" name="TC11_verifyShareSection_FromSection" time="0.002">
    <failure type="java.lang.NullPointerException" message="Cannot invoke &amp;quot;com.Digitalcodes.testcases.CommanSteps.navigetToTitle(String, String, String)&amp;quot; because &amp;quot;com.Digitalcodes.testcases.Title_SectionPage_Test.commanstep&amp;quot; is null">
      <![CDATA[java.lang.NullPointerException: Cannot invoke "com.Digitalcodes.testcases.CommanSteps.navigetToTitle(String, String, String)" because "com.Digitalcodes.testcases.Title_SectionPage_Test.commanstep" is null
at com.Digitalcodes.testcases.Title_SectionPage_Test.TC11_verifyShareSection_FromSection(Title_SectionPage_Test.java:174)
at java.base/java.util.ArrayList.forEach(ArrayList.java:1511)
... Removed 30 stack frames]]>
    </failure>
  </testcase> <!-- TC11_verifyShareSection_FromSection -->
  <testcase classname="com.Digitalcodes.testcases.Title_SectionPage_Test" name="TC11_verifyPrintSection_FromSection" time="0.0">
    <skipped/>
  </testcase> <!-- TC11_verifyPrintSection_FromSection -->
  <testcase classname="com.Digitalcodes.testcases.Title_SectionPage_Test" name="TC13_verifyShareNote_FromSction" time="0.003">
    <failure type="java.lang.NullPointerException" message="Cannot invoke &amp;quot;org.openqa.selenium.interactions.Actions.doubleClick(org.openqa.selenium.WebElement)&amp;quot; because &amp;quot;com.Digitalcodes.utilities.Baseclass.action&amp;quot; is null">
      <![CDATA[java.lang.NullPointerException: Cannot invoke "org.openqa.selenium.interactions.Actions.doubleClick(org.openqa.selenium.WebElement)" because "com.Digitalcodes.utilities.Baseclass.action" is null
at com.Digitalcodes.pageobject.TitleSection_Page.doubleClickOnTitle_Section(TitleSection_Page.java:251)
at com.Digitalcodes.testcases.Title_SectionPage_Test.TC13_verifyShareNote_FromSction(Title_SectionPage_Test.java:243)
at java.base/java.util.ArrayList.forEach(ArrayList.java:1511)
... Removed 30 stack frames]]>
    </failure>
  </testcase> <!-- TC13_verifyShareNote_FromSction -->
  <testcase classname="com.Digitalcodes.testcases.Title_SectionPage_Test" name="TC14_verifyEditNotes_FromSection" time="0.0">
    <skipped/>
  </testcase> <!-- TC14_verifyEditNotes_FromSection -->
  <testcase classname="com.Digitalcodes.testcases.Title_SectionPage_Test" name="TC15_verifyDeleteNotes_FromSection" time="0.0">
    <skipped/>
  </testcase> <!-- TC15_verifyDeleteNotes_FromSection -->
  <testcase classname="com.Digitalcodes.testcases.Title_SectionPage_Test" name="TC16_verifyShareBookmark_FromSection" time="0.003">
    <failure type="java.lang.NullPointerException" message="Cannot invoke &amp;quot;com.Digitalcodes.testcases.CommanSteps.navigetToTitle(String, String, String)&amp;quot; because &amp;quot;com.Digitalcodes.testcases.Title_SectionPage_Test.commanstep&amp;quot; is null">
      <![CDATA[java.lang.NullPointerException: Cannot invoke "com.Digitalcodes.testcases.CommanSteps.navigetToTitle(String, String, String)" because "com.Digitalcodes.testcases.Title_SectionPage_Test.commanstep" is null
at com.Digitalcodes.testcases.Title_SectionPage_Test.TC16_verifyShareBookmark_FromSection(Title_SectionPage_Test.java:333)
at java.base/java.util.ArrayList.forEach(ArrayList.java:1511)
... Removed 30 stack frames]]>
    </failure>
  </testcase> <!-- TC16_verifyShareBookmark_FromSection -->
  <testcase classname="com.Digitalcodes.testcases.Title_SectionPage_Test" name="TC17_verifyEditBookmark_FromSection" time="0.0">
    <skipped/>
  </testcase> <!-- TC17_verifyEditBookmark_FromSection -->
  <testcase classname="com.Digitalcodes.testcases.Title_SectionPage_Test" name="TC18_verifyDeleteBookmark_FromSection" time="0.0">
    <skipped/>
  </testcase> <!-- TC18_verifyDeleteBookmark_FromSection -->
  <testcase classname="com.Digitalcodes.testcases.Title_SectionPage_Test" name="TC19_verifyLinksOnChapter" time="0.01">
    <failure type="java.lang.NullPointerException" message="Cannot invoke &amp;quot;com.Digitalcodes.testcases.CommanSteps.navigetToTitle(String, String, String)&amp;quot; because &amp;quot;com.Digitalcodes.testcases.Title_SectionPage_Test.commanstep&amp;quot; is null">
      <![CDATA[java.lang.NullPointerException: Cannot invoke "com.Digitalcodes.testcases.CommanSteps.navigetToTitle(String, String, String)" because "com.Digitalcodes.testcases.Title_SectionPage_Test.commanstep" is null
at com.Digitalcodes.testcases.Title_SectionPage_Test.TC19_verifyLinksOnChapter(Title_SectionPage_Test.java:424)
at java.base/java.util.ArrayList.forEach(ArrayList.java:1511)
... Removed 30 stack frames]]>
    </failure>
  </testcase> <!-- TC19_verifyLinksOnChapter -->
  <testcase classname="com.Digitalcodes.testcases.Title_SectionPage_Test" name="TC20_verifyCreateNotes_atSubsection" time="0.003">
    <failure type="java.lang.NullPointerException" message="Cannot invoke &amp;quot;com.Digitalcodes.testcases.CommanSteps.navigetToTitle(String, String, String)&amp;quot; because &amp;quot;com.Digitalcodes.testcases.Title_SectionPage_Test.commanstep&amp;quot; is null">
      <![CDATA[java.lang.NullPointerException: Cannot invoke "com.Digitalcodes.testcases.CommanSteps.navigetToTitle(String, String, String)" because "com.Digitalcodes.testcases.Title_SectionPage_Test.commanstep" is null
at com.Digitalcodes.testcases.Title_SectionPage_Test.TC20_verifyCreateNotes_atSubsection(Title_SectionPage_Test.java:461)
at java.base/java.util.ArrayList.forEach(ArrayList.java:1511)
... Removed 30 stack frames]]>
    </failure>
  </testcase> <!-- TC20_verifyCreateNotes_atSubsection -->
  <testcase classname="com.Digitalcodes.testcases.Title_SectionPage_Test" name="TC21_verifyCreateBookmark_atSubsection" time="0.007">
    <failure type="java.lang.NullPointerException" message="Cannot invoke &amp;quot;com.Digitalcodes.testcases.CommanSteps.navigetToTitle(String, String, String)&amp;quot; because &amp;quot;com.Digitalcodes.testcases.Title_SectionPage_Test.commanstep&amp;quot; is null">
      <![CDATA[java.lang.NullPointerException: Cannot invoke "com.Digitalcodes.testcases.CommanSteps.navigetToTitle(String, String, String)" because "com.Digitalcodes.testcases.Title_SectionPage_Test.commanstep" is null
at com.Digitalcodes.testcases.Title_SectionPage_Test.TC21_verifyCreateBookmark_atSubsection(Title_SectionPage_Test.java:519)
at java.base/java.util.ArrayList.forEach(ArrayList.java:1511)
... Removed 30 stack frames]]>
    </failure>
  </testcase> <!-- TC21_verifyCreateBookmark_atSubsection -->
  <testcase classname="com.Digitalcodes.testcases.Title_SectionPage_Test" name="TC22_verifyShareSection_FromSubSection" time="0.004">
    <failure type="java.lang.NullPointerException" message="Cannot invoke &amp;quot;com.Digitalcodes.testcases.CommanSteps.navigetToTitle(String, String, String)&amp;quot; because &amp;quot;com.Digitalcodes.testcases.Title_SectionPage_Test.commanstep&amp;quot; is null">
      <![CDATA[java.lang.NullPointerException: Cannot invoke "com.Digitalcodes.testcases.CommanSteps.navigetToTitle(String, String, String)" because "com.Digitalcodes.testcases.Title_SectionPage_Test.commanstep" is null
at com.Digitalcodes.testcases.Title_SectionPage_Test.TC22_verifyShareSection_FromSubSection(Title_SectionPage_Test.java:574)
at java.base/java.util.ArrayList.forEach(ArrayList.java:1511)
... Removed 30 stack frames]]>
    </failure>
  </testcase> <!-- TC22_verifyShareSection_FromSubSection -->
  <testcase classname="com.Digitalcodes.testcases.Title_SectionPage_Test" name="TC22_verifyPrintSection_FromSubSection" time="0.006">
    <failure type="java.lang.NullPointerException" message="Cannot invoke &amp;quot;org.openqa.selenium.SearchContext.findElements(org.openqa.selenium.By)&amp;quot; because &amp;quot;this.searchContext&amp;quot; is null">
      <![CDATA[java.lang.NullPointerException: Cannot invoke "org.openqa.selenium.SearchContext.findElements(org.openqa.selenium.By)" because "this.searchContext" is null
at org.openqa.selenium.support.pagefactory.DefaultElementLocator.findElements(DefaultElementLocator.java:87)
at org.openqa.selenium.support.pagefactory.internal.LocatingElementListHandler.invoke(LocatingElementListHandler.java:37)
at jdk.proxy2/jdk.proxy2.$Proxy23.get(Unknown Source)
at com.Digitalcodes.pageobject.TitleSection_Page.getSessionID_FromSubChapter(TitleSection_Page.java:228)
at com.Digitalcodes.testcases.Title_SectionPage_Test.TC22_verifyPrintSection_FromSubSection(Title_SectionPage_Test.java:602)
at java.base/java.util.ArrayList.forEach(ArrayList.java:1511)
... Removed 30 stack frames]]>
    </failure>
  </testcase> <!-- TC22_verifyPrintSection_FromSubSection -->
  <testcase classname="com.Digitalcodes.testcases.Title_SectionPage_Test" name="TC24_verifyCreateNotes_atChildSubsection" time="0.004">
    <failure type="java.lang.NullPointerException" message="Cannot invoke &amp;quot;com.Digitalcodes.testcases.CommanSteps.navigetToTitle(String, String, String)&amp;quot; because &amp;quot;com.Digitalcodes.testcases.Title_SectionPage_Test.commanstep&amp;quot; is null">
      <![CDATA[java.lang.NullPointerException: Cannot invoke "com.Digitalcodes.testcases.CommanSteps.navigetToTitle(String, String, String)" because "com.Digitalcodes.testcases.Title_SectionPage_Test.commanstep" is null
at com.Digitalcodes.testcases.Title_SectionPage_Test.TC24_verifyCreateNotes_atChildSubsection(Title_SectionPage_Test.java:617)
at java.base/java.util.ArrayList.forEach(ArrayList.java:1511)
... Removed 30 stack frames]]>
    </failure>
  </testcase> <!-- TC24_verifyCreateNotes_atChildSubsection -->
  <testcase classname="com.Digitalcodes.testcases.Title_SectionPage_Test" name="TC25_verifyCreateBookmark_atChildSubsection" time="0.003">
    <failure type="java.lang.NullPointerException" message="Cannot invoke &amp;quot;com.Digitalcodes.testcases.CommanSteps.navigetToTitle(String, String, String)&amp;quot; because &amp;quot;com.Digitalcodes.testcases.Title_SectionPage_Test.commanstep&amp;quot; is null">
      <![CDATA[java.lang.NullPointerException: Cannot invoke "com.Digitalcodes.testcases.CommanSteps.navigetToTitle(String, String, String)" because "com.Digitalcodes.testcases.Title_SectionPage_Test.commanstep" is null
at com.Digitalcodes.testcases.Title_SectionPage_Test.TC25_verifyCreateBookmark_atChildSubsection(Title_SectionPage_Test.java:676)
at java.base/java.util.ArrayList.forEach(ArrayList.java:1511)
... Removed 30 stack frames]]>
    </failure>
  </testcase> <!-- TC25_verifyCreateBookmark_atChildSubsection -->
  <testcase classname="com.Digitalcodes.testcases.Title_SectionPage_Test" name="TC26_verifyShareSection_atChildSubsection" time="0.002">
    <failure type="java.lang.NullPointerException" message="Cannot invoke &amp;quot;com.Digitalcodes.testcases.CommanSteps.navigetToTitle(String, String, String)&amp;quot; because &amp;quot;com.Digitalcodes.testcases.Title_SectionPage_Test.commanstep&amp;quot; is null">
      <![CDATA[java.lang.NullPointerException: Cannot invoke "com.Digitalcodes.testcases.CommanSteps.navigetToTitle(String, String, String)" because "com.Digitalcodes.testcases.Title_SectionPage_Test.commanstep" is null
at com.Digitalcodes.testcases.Title_SectionPage_Test.TC26_verifyShareSection_atChildSubsection(Title_SectionPage_Test.java:735)
at java.base/java.util.ArrayList.forEach(ArrayList.java:1511)
... Removed 30 stack frames]]>
    </failure>
  </testcase> <!-- TC26_verifyShareSection_atChildSubsection -->
  <testcase classname="com.Digitalcodes.testcases.Title_SectionPage_Test" name="TC27_verifyPrintSection_FromChildSubSection" time="1.011">
    <failure type="java.lang.NullPointerException" message="Cannot invoke &amp;quot;org.openqa.selenium.SearchContext.findElements(org.openqa.selenium.By)&amp;quot; because &amp;quot;this.searchContext&amp;quot; is null">
      <![CDATA[java.lang.NullPointerException: Cannot invoke "org.openqa.selenium.SearchContext.findElements(org.openqa.selenium.By)" because "this.searchContext" is null
at org.openqa.selenium.support.pagefactory.DefaultElementLocator.findElements(DefaultElementLocator.java:87)
at org.openqa.selenium.support.pagefactory.internal.LocatingElementListHandler.invoke(LocatingElementListHandler.java:37)
at jdk.proxy2/jdk.proxy2.$Proxy23.get(Unknown Source)
at com.Digitalcodes.pageobject.TitleSection_Page.getSectionID_FromChildSection(TitleSection_Page.java:232)
at com.Digitalcodes.testcases.Title_SectionPage_Test.TC27_verifyPrintSection_FromChildSubSection(Title_SectionPage_Test.java:766)
at java.base/java.util.ArrayList.forEach(ArrayList.java:1511)
... Removed 30 stack frames]]>
    </failure>
  </testcase> <!-- TC27_verifyPrintSection_FromChildSubSection -->
  <testcase classname="com.Digitalcodes.testcases.Title_Commentary_Test" name="TC34_verifyHideCommentary" time="0.01">
    <failure type="java.lang.NullPointerException" message="Cannot invoke &amp;quot;com.Digitalcodes.testcases.CommanSteps.navigetToTitle(String, String, String)&amp;quot; because &amp;quot;com.Digitalcodes.testcases.Title_Commentary_Test.commanstep&amp;quot; is null">
      <![CDATA[java.lang.NullPointerException: Cannot invoke "com.Digitalcodes.testcases.CommanSteps.navigetToTitle(String, String, String)" because "com.Digitalcodes.testcases.Title_Commentary_Test.commanstep" is null
at com.Digitalcodes.testcases.Title_Commentary_Test.TC34_verifyHideCommentary(Title_Commentary_Test.java:34)
at java.base/java.util.ArrayList.forEach(ArrayList.java:1511)
... Removed 30 stack frames]]>
    </failure>
  </testcase> <!-- TC34_verifyHideCommentary -->
  <testcase classname="com.Digitalcodes.testcases.Title_Basic_Test" name="TC33_verifyNgviateToBasicTitle" time="0.003">
    <failure type="java.lang.NullPointerException" message="Cannot invoke &amp;quot;com.Digitalcodes.testcases.CommanSteps.navigetToTitle(String, String, String)&amp;quot; because &amp;quot;com.Digitalcodes.testcases.Title_Basic_Test.commanstep&amp;quot; is null">
      <![CDATA[java.lang.NullPointerException: Cannot invoke "com.Digitalcodes.testcases.CommanSteps.navigetToTitle(String, String, String)" because "com.Digitalcodes.testcases.Title_Basic_Test.commanstep" is null
at com.Digitalcodes.testcases.Title_Basic_Test.TC33_verifyNgviateToBasicTitle(Title_Basic_Test.java:31)
at java.base/java.util.ArrayList.forEach(ArrayList.java:1511)
... Removed 30 stack frames]]>
    </failure>
  </testcase> <!-- TC33_verifyNgviateToBasicTitle -->
  <testcase classname="com.Digitalcodes.testcases.Title_Basic_Test" name="TC33_verifyNgviateToBasicTitle" time="0.002">
    <failure type="java.lang.NullPointerException" message="Cannot invoke &amp;quot;com.Digitalcodes.testcases.CommanSteps.navigetToTitle(String, String, String)&amp;quot; because &amp;quot;com.Digitalcodes.testcases.Title_Basic_Test.commanstep&amp;quot; is null">
      <![CDATA[java.lang.NullPointerException: Cannot invoke "com.Digitalcodes.testcases.CommanSteps.navigetToTitle(String, String, String)" because "com.Digitalcodes.testcases.Title_Basic_Test.commanstep" is null
at com.Digitalcodes.testcases.Title_Basic_Test.TC33_verifyNgviateToBasicTitle(Title_Basic_Test.java:31)
at java.base/java.util.ArrayList.forEach(ArrayList.java:1511)
... Removed 30 stack frames]]>
    </failure>
  </testcase> <!-- TC33_verifyNgviateToBasicTitle -->
  <testcase classname="com.Digitalcodes.testcases.Title_Basic_Test" name="TC33_verifyNgviateToBasicTitle" time="0.002">
    <failure type="java.lang.NullPointerException" message="Cannot invoke &amp;quot;com.Digitalcodes.testcases.CommanSteps.navigetToTitle(String, String, String)&amp;quot; because &amp;quot;com.Digitalcodes.testcases.Title_Basic_Test.commanstep&amp;quot; is null">
      <![CDATA[java.lang.NullPointerException: Cannot invoke "com.Digitalcodes.testcases.CommanSteps.navigetToTitle(String, String, String)" because "com.Digitalcodes.testcases.Title_Basic_Test.commanstep" is null
at com.Digitalcodes.testcases.Title_Basic_Test.TC33_verifyNgviateToBasicTitle(Title_Basic_Test.java:31)
at java.base/java.util.ArrayList.forEach(ArrayList.java:1511)
... Removed 30 stack frames]]>
    </failure>
  </testcase> <!-- TC33_verifyNgviateToBasicTitle -->
  <testcase classname="com.Digitalcodes.testcases.ContentSearch_Test" name="TC42_verifySearchWithinTitle" time="0.005">
    <failure type="java.lang.NullPointerException" message="Cannot invoke &amp;quot;com.Digitalcodes.testcases.CommanSteps.navigetToTitle(String, String, String)&amp;quot; because &amp;quot;com.Digitalcodes.testcases.ContentSearch_Test.commanstep&amp;quot; is null">
      <![CDATA[java.lang.NullPointerException: Cannot invoke "com.Digitalcodes.testcases.CommanSteps.navigetToTitle(String, String, String)" because "com.Digitalcodes.testcases.ContentSearch_Test.commanstep" is null
at com.Digitalcodes.testcases.ContentSearch_Test.TC42_verifySearchWithinTitle(ContentSearch_Test.java:72)
at java.base/java.util.ArrayList.forEach(ArrayList.java:1511)
... Removed 30 stack frames]]>
    </failure>
  </testcase> <!-- TC42_verifySearchWithinTitle -->
  <testcase classname="com.Digitalcodes.testcases.ContentSearch_Test" name="TC43_verifyText_FiltersApplyed" time="0.0">
    <skipped/>
  </testcase> <!-- TC43_verifyText_FiltersApplyed -->
  <testcase classname="com.Digitalcodes.testcases.ContentSearch_Test" name="TC44_verifyContentSearch" time="0.004">
    <failure type="java.lang.NullPointerException" message="Cannot invoke &amp;quot;com.Digitalcodes.pageobject.Menu.navigateToPremiumToolFeaturs(String)&amp;quot; because &amp;quot;com.Digitalcodes.testcases.ContentSearch_Test.menu&amp;quot; is null">
      <![CDATA[java.lang.NullPointerException: Cannot invoke "com.Digitalcodes.pageobject.Menu.navigateToPremiumToolFeaturs(String)" because "com.Digitalcodes.testcases.ContentSearch_Test.menu" is null
at com.Digitalcodes.testcases.ContentSearch_Test.TC44_verifyContentSearch(ContentSearch_Test.java:116)
at java.base/java.util.ArrayList.forEach(ArrayList.java:1511)
... Removed 30 stack frames]]>
    </failure>
  </testcase> <!-- TC44_verifyContentSearch -->
  <testcase classname="com.Digitalcodes.testcases.ContentSearch_Test" name="TC44_verifyContentSearch" time="0.009">
    <failure type="java.lang.NullPointerException" message="Cannot invoke &amp;quot;com.Digitalcodes.pageobject.Menu.navigateToPremiumToolFeaturs(String)&amp;quot; because &amp;quot;com.Digitalcodes.testcases.ContentSearch_Test.menu&amp;quot; is null">
      <![CDATA[java.lang.NullPointerException: Cannot invoke "com.Digitalcodes.pageobject.Menu.navigateToPremiumToolFeaturs(String)" because "com.Digitalcodes.testcases.ContentSearch_Test.menu" is null
at com.Digitalcodes.testcases.ContentSearch_Test.TC44_verifyContentSearch(ContentSearch_Test.java:116)
at java.base/java.util.ArrayList.forEach(ArrayList.java:1511)
... Removed 30 stack frames]]>
    </failure>
  </testcase> <!-- TC44_verifyContentSearch -->
  <testcase classname="com.Digitalcodes.testcases.ContentSearch_Test" name="TC44_verifyContentSearch" time="0.004">
    <failure type="java.lang.NullPointerException" message="Cannot invoke &amp;quot;com.Digitalcodes.pageobject.Menu.navigateToPremiumToolFeaturs(String)&amp;quot; because &amp;quot;com.Digitalcodes.testcases.ContentSearch_Test.menu&amp;quot; is null">
      <![CDATA[java.lang.NullPointerException: Cannot invoke "com.Digitalcodes.pageobject.Menu.navigateToPremiumToolFeaturs(String)" because "com.Digitalcodes.testcases.ContentSearch_Test.menu" is null
at com.Digitalcodes.testcases.ContentSearch_Test.TC44_verifyContentSearch(ContentSearch_Test.java:116)
at java.base/java.util.ArrayList.forEach(ArrayList.java:1511)
... Removed 30 stack frames]]>
    </failure>
  </testcase> <!-- TC44_verifyContentSearch -->
  <testcase classname="com.Digitalcodes.testcases.ContentSearch_Test" name="TC44_verifyContentSearch" time="0.002">
    <failure type="java.lang.NullPointerException" message="Cannot invoke &amp;quot;com.Digitalcodes.pageobject.Menu.navigateToPremiumToolFeaturs(String)&amp;quot; because &amp;quot;com.Digitalcodes.testcases.ContentSearch_Test.menu&amp;quot; is null">
      <![CDATA[java.lang.NullPointerException: Cannot invoke "com.Digitalcodes.pageobject.Menu.navigateToPremiumToolFeaturs(String)" because "com.Digitalcodes.testcases.ContentSearch_Test.menu" is null
at com.Digitalcodes.testcases.ContentSearch_Test.TC44_verifyContentSearch(ContentSearch_Test.java:116)
at java.base/java.util.ArrayList.forEach(ArrayList.java:1511)
... Removed 30 stack frames]]>
    </failure>
  </testcase> <!-- TC44_verifyContentSearch -->
  <testcase classname="com.Digitalcodes.testcases.ContentSearch_Test" name="TC46_verifyJumpToSection" time="0.002">
    <failure type="java.lang.NullPointerException" message="Cannot invoke &amp;quot;com.Digitalcodes.pageobject.Menu.navigateToPremiumToolFeaturs(String)&amp;quot; because &amp;quot;com.Digitalcodes.testcases.ContentSearch_Test.menu&amp;quot; is null">
      <![CDATA[java.lang.NullPointerException: Cannot invoke "com.Digitalcodes.pageobject.Menu.navigateToPremiumToolFeaturs(String)" because "com.Digitalcodes.testcases.ContentSearch_Test.menu" is null
at com.Digitalcodes.testcases.ContentSearch_Test.TC46_verifyJumpToSection(ContentSearch_Test.java:157)
at java.base/java.util.ArrayList.forEach(ArrayList.java:1511)
... Removed 30 stack frames]]>
    </failure>
  </testcase> <!-- TC46_verifyJumpToSection -->
  <testcase classname="com.Digitalcodes.testcases.ContentSearch_Test" name="TC47_verifyCopyAndPrintThisSection" time="0.01">
    <failure type="java.lang.NullPointerException" message="Cannot invoke &amp;quot;org.openqa.selenium.support.ui.WebDriverWait.until(java.util.function.Function)&amp;quot; because &amp;quot;com.Digitalcodes.utilities.Baseclass.wait&amp;quot; is null">
      <![CDATA[java.lang.NullPointerException: Cannot invoke "org.openqa.selenium.support.ui.WebDriverWait.until(java.util.function.Function)" because "com.Digitalcodes.utilities.Baseclass.wait" is null
at com.Digitalcodes.utilities.Baseclass.click(Baseclass.java:247)
at com.Digitalcodes.pageobject.ContentSearch_Page.copyThisSection(ContentSearch_Page.java:363)
at com.Digitalcodes.testcases.ContentSearch_Test.TC47_verifyCopyAndPrintThisSection(ContentSearch_Test.java:198)
at java.base/java.util.ArrayList.forEach(ArrayList.java:1511)
... Removed 30 stack frames]]>
    </failure>
  </testcase> <!-- TC47_verifyCopyAndPrintThisSection -->
  <testcase classname="com.Digitalcodes.testcases.ContentSearch_Test" name="TC48_verifyShareThisSection" time="0.004">
    <failure type="java.lang.NullPointerException" message="Cannot invoke &amp;quot;org.openqa.selenium.support.ui.WebDriverWait.until(java.util.function.Function)&amp;quot; because &amp;quot;com.Digitalcodes.utilities.Baseclass.wait&amp;quot; is null">
      <![CDATA[java.lang.NullPointerException: Cannot invoke "org.openqa.selenium.support.ui.WebDriverWait.until(java.util.function.Function)" because "com.Digitalcodes.utilities.Baseclass.wait" is null
at com.Digitalcodes.utilities.Baseclass.click(Baseclass.java:247)
at com.Digitalcodes.pageobject.ContentSearch_Page.clickShareSection(ContentSearch_Page.java:372)
at com.Digitalcodes.testcases.ContentSearch_Test.TC48_verifyShareThisSection(ContentSearch_Test.java:221)
at java.base/java.util.ArrayList.forEach(ArrayList.java:1511)
... Removed 30 stack frames]]>
    </failure>
  </testcase> <!-- TC48_verifyShareThisSection -->
  <testcase classname="com.Digitalcodes.testcases.ContentSearch_Test" name="TC49_verifyCreateBookmark" time="0.002">
    <failure type="java.lang.NullPointerException" message="Cannot invoke &amp;quot;org.openqa.selenium.support.ui.WebDriverWait.until(java.util.function.Function)&amp;quot; because &amp;quot;com.Digitalcodes.utilities.Baseclass.wait&amp;quot; is null">
      <![CDATA[java.lang.NullPointerException: Cannot invoke "org.openqa.selenium.support.ui.WebDriverWait.until(java.util.function.Function)" because "com.Digitalcodes.utilities.Baseclass.wait" is null
at com.Digitalcodes.utilities.Baseclass.click(Baseclass.java:247)
at com.Digitalcodes.pageobject.ContentSearch_Page.clickBookmark(ContentSearch_Page.java:376)
at com.Digitalcodes.testcases.ContentSearch_Test.TC49_verifyCreateBookmark(ContentSearch_Test.java:234)
at java.base/java.util.ArrayList.forEach(ArrayList.java:1511)
... Removed 30 stack frames]]>
    </failure>
  </testcase> <!-- TC49_verifyCreateBookmark -->
  <testcase classname="com.Digitalcodes.testcases.ContentSearch_Test" name="TC50_verifyShareEditDeleteBookmark" time="0.006">
    <failure type="java.lang.NullPointerException" message="Cannot invoke &amp;quot;org.openqa.selenium.SearchContext.findElement(org.openqa.selenium.By)&amp;quot; because &amp;quot;this.searchContext&amp;quot; is null">
      <![CDATA[java.lang.NullPointerException: Cannot invoke "org.openqa.selenium.SearchContext.findElement(org.openqa.selenium.By)" because "this.searchContext" is null
at org.openqa.selenium.support.pagefactory.DefaultElementLocator.findElement(DefaultElementLocator.java:70)
at org.openqa.selenium.support.pagefactory.internal.LocatingElementHandler.invoke(LocatingElementHandler.java:39)
at jdk.proxy2/jdk.proxy2.$Proxy22.clear(Unknown Source)
at com.Digitalcodes.pageobject.ContentSearch_Page.search(ContentSearch_Page.java:210)
at com.Digitalcodes.testcases.ContentSearch_Test.TC50_verifyShareEditDeleteBookmark(ContentSearch_Test.java:284)
at java.base/java.util.ArrayList.forEach(ArrayList.java:1511)
... Removed 30 stack frames]]>
    </failure>
  </testcase> <!-- TC50_verifyShareEditDeleteBookmark -->
  <testcase classname="com.Digitalcodes.testcases.ContentSearch_Test" name="TC51_verifyAdvanceTermSearch" time="0.003">
    <failure type="java.lang.NullPointerException" message="Cannot invoke &amp;quot;org.openqa.selenium.SearchContext.findElement(org.openqa.selenium.By)&amp;quot; because &amp;quot;this.searchContext&amp;quot; is null">
      <![CDATA[java.lang.NullPointerException: Cannot invoke "org.openqa.selenium.SearchContext.findElement(org.openqa.selenium.By)" because "this.searchContext" is null
at org.openqa.selenium.support.pagefactory.DefaultElementLocator.findElement(DefaultElementLocator.java:70)
at org.openqa.selenium.support.pagefactory.internal.LocatingElementHandler.invoke(LocatingElementHandler.java:39)
at jdk.proxy2/jdk.proxy2.$Proxy22.clear(Unknown Source)
at com.Digitalcodes.pageobject.ContentSearch_Page.search(ContentSearch_Page.java:210)
at com.Digitalcodes.testcases.ContentSearch_Test.TC51_verifyAdvanceTermSearch(ContentSearch_Test.java:341)
at java.base/java.util.ArrayList.forEach(ArrayList.java:1511)
... Removed 30 stack frames]]>
    </failure>
  </testcase> <!-- TC51_verifyAdvanceTermSearch -->
  <testcase classname="com.Digitalcodes.testcases.ContentSearch_Test" name="TC52_verifyNearSearch" time="0.004">
    <failure type="java.lang.NullPointerException" message="Cannot invoke &amp;quot;org.openqa.selenium.support.ui.WebDriverWait.until(java.util.function.Function)&amp;quot; because &amp;quot;com.Digitalcodes.utilities.Baseclass.wait&amp;quot; is null">
      <![CDATA[java.lang.NullPointerException: Cannot invoke "org.openqa.selenium.support.ui.WebDriverWait.until(java.util.function.Function)" because "com.Digitalcodes.utilities.Baseclass.wait" is null
at com.Digitalcodes.utilities.Baseclass.click(Baseclass.java:247)
at com.Digitalcodes.pageobject.ContentSearch_Page.clickClearSearch(ContentSearch_Page.java:413)
at com.Digitalcodes.testcases.ContentSearch_Test.TC52_verifyNearSearch(ContentSearch_Test.java:365)
at java.base/java.util.ArrayList.forEach(ArrayList.java:1511)
... Removed 30 stack frames]]>
    </failure>
  </testcase> <!-- TC52_verifyNearSearch -->
  <testcase classname="com.Digitalcodes.testcases.ContentSearch_Test" name="TC53_verifyShowRelevantTitles" time="0.002">
    <failure type="java.lang.NullPointerException" message="Cannot invoke &amp;quot;org.openqa.selenium.support.ui.WebDriverWait.until(java.util.function.Function)&amp;quot; because &amp;quot;com.Digitalcodes.utilities.Baseclass.wait&amp;quot; is null">
      <![CDATA[java.lang.NullPointerException: Cannot invoke "org.openqa.selenium.support.ui.WebDriverWait.until(java.util.function.Function)" because "com.Digitalcodes.utilities.Baseclass.wait" is null
at com.Digitalcodes.utilities.Baseclass.click(Baseclass.java:247)
at com.Digitalcodes.pageobject.ContentSearch_Page.clickClearSearch(ContentSearch_Page.java:413)
at com.Digitalcodes.testcases.ContentSearch_Test.TC53_verifyShowRelevantTitles(ContentSearch_Test.java:383)
at java.base/java.util.ArrayList.forEach(ArrayList.java:1511)
... Removed 30 stack frames]]>
    </failure>
  </testcase> <!-- TC53_verifyShowRelevantTitles -->
  <testcase classname="com.Digitalcodes.testcases.ContentSearch_Test" name="TC54_verifySaveDeleteContentSerach" time="0.004">
    <failure type="java.lang.NullPointerException" message="Cannot invoke &amp;quot;com.Digitalcodes.pageobject.Menu.navigateToPremiumToolFeaturs(String)&amp;quot; because &amp;quot;com.Digitalcodes.testcases.ContentSearch_Test.menu&amp;quot; is null">
      <![CDATA[java.lang.NullPointerException: Cannot invoke "com.Digitalcodes.pageobject.Menu.navigateToPremiumToolFeaturs(String)" because "com.Digitalcodes.testcases.ContentSearch_Test.menu" is null
at com.Digitalcodes.testcases.ContentSearch_Test.TC54_verifySaveDeleteContentSerach(ContentSearch_Test.java:399)
at java.base/java.util.ArrayList.forEach(ArrayList.java:1511)
... Removed 30 stack frames]]>
    </failure>
  </testcase> <!-- TC54_verifySaveDeleteContentSerach -->
  <testcase classname="com.Digitalcodes.testcases.ContentSearch_Test" name="TC55_verifymarkFavorite_unFavoriteTitleformConetntSearch" time="0.004">
    <failure type="java.lang.NullPointerException" message="Cannot invoke &amp;quot;org.openqa.selenium.support.ui.WebDriverWait.until(java.util.function.Function)&amp;quot; because &amp;quot;com.Digitalcodes.utilities.Baseclass.wait&amp;quot; is null">
      <![CDATA[java.lang.NullPointerException: Cannot invoke "org.openqa.selenium.support.ui.WebDriverWait.until(java.util.function.Function)" because "com.Digitalcodes.utilities.Baseclass.wait" is null
at com.Digitalcodes.utilities.Baseclass.click(Baseclass.java:247)
at com.Digitalcodes.pageobject.ContentSearch_Page.clickClearSearch(ContentSearch_Page.java:413)
at com.Digitalcodes.testcases.ContentSearch_Test.TC55_verifymarkFavorite_unFavoriteTitleformConetntSearch(ContentSearch_Test.java:430)
at java.base/java.util.ArrayList.forEach(ArrayList.java:1511)
... Removed 30 stack frames]]>
    </failure>
  </testcase> <!-- TC55_verifymarkFavorite_unFavoriteTitleformConetntSearch -->
  <testcase classname="com.Digitalcodes.testcases.ContentSearch_Test" name="TC56_verifyPaginationinContentSearch" time="0.002">
    <failure type="java.lang.NullPointerException" message="Cannot invoke &amp;quot;com.Digitalcodes.pageobject.Menu.navigateToPremiumToolFeaturs(String)&amp;quot; because &amp;quot;com.Digitalcodes.testcases.ContentSearch_Test.menu&amp;quot; is null">
      <![CDATA[java.lang.NullPointerException: Cannot invoke "com.Digitalcodes.pageobject.Menu.navigateToPremiumToolFeaturs(String)" because "com.Digitalcodes.testcases.ContentSearch_Test.menu" is null
at com.Digitalcodes.testcases.ContentSearch_Test.TC56_verifyPaginationinContentSearch(ContentSearch_Test.java:454)
at java.base/java.util.ArrayList.forEach(ArrayList.java:1511)
... Removed 30 stack frames]]>
    </failure>
  </testcase> <!-- TC56_verifyPaginationinContentSearch -->
  <testcase classname="com.Digitalcodes.testcases.Title_ASTMStanderds_Test" name="TC34_verifyNavigateToASTM_FromLinks" time="0.002">
    <failure type="java.lang.NullPointerException" message="Cannot invoke &amp;quot;com.Digitalcodes.testcases.CommanSteps.navigetToTitle(String, String, String)&amp;quot; because &amp;quot;com.Digitalcodes.testcases.Title_ASTMStanderds_Test.commanstep&amp;quot; is null">
      <![CDATA[java.lang.NullPointerException: Cannot invoke "com.Digitalcodes.testcases.CommanSteps.navigetToTitle(String, String, String)" because "com.Digitalcodes.testcases.Title_ASTMStanderds_Test.commanstep" is null
at com.Digitalcodes.testcases.Title_ASTMStanderds_Test.TC34_verifyNavigateToASTM_FromLinks(Title_ASTMStanderds_Test.java:43)
at java.base/java.util.ArrayList.forEach(ArrayList.java:1511)
... Removed 30 stack frames]]>
    </failure>
  </testcase> <!-- TC34_verifyNavigateToASTM_FromLinks -->
  <testcase classname="com.Digitalcodes.testcases.Title_ASTMStanderds_Test" name="TC35_verifyNavigateToASTM" time="0.004">
    <failure type="java.lang.NullPointerException" message="Cannot invoke &amp;quot;com.Digitalcodes.pageobject.Menu.navigateToTitlesCover(String, String)&amp;quot; because &amp;quot;com.Digitalcodes.testcases.Title_ASTMStanderds_Test.menu&amp;quot; is null">
      <![CDATA[java.lang.NullPointerException: Cannot invoke "com.Digitalcodes.pageobject.Menu.navigateToTitlesCover(String, String)" because "com.Digitalcodes.testcases.Title_ASTMStanderds_Test.menu" is null
at com.Digitalcodes.testcases.Title_ASTMStanderds_Test.TC35_verifyNavigateToASTM(Title_ASTMStanderds_Test.java:71)
at java.base/java.util.ArrayList.forEach(ArrayList.java:1511)
... Removed 30 stack frames]]>
    </failure>
  </testcase> <!-- TC35_verifyNavigateToASTM -->
  <testcase classname="com.Digitalcodes.testcases.Title_ASTMStanderds_Test" name="TC36_verifyASTMSection" time="0.0">
    <skipped/>
  </testcase> <!-- TC36_verifyASTMSection -->
  <testcase classname="com.Digitalcodes.testcases.PremiumTools_QuickAccess_Test" name="TC37_verifyAccessSection_QuickAccess" time="0.008">
    <failure type="java.lang.NullPointerException" message="Cannot invoke &amp;quot;com.Digitalcodes.pageobject.Menu.navigateToPremiumToolFeaturs(String)&amp;quot; because &amp;quot;com.Digitalcodes.testcases.PremiumTools_QuickAccess_Test.menu&amp;quot; is null">
      <![CDATA[java.lang.NullPointerException: Cannot invoke "com.Digitalcodes.pageobject.Menu.navigateToPremiumToolFeaturs(String)" because "com.Digitalcodes.testcases.PremiumTools_QuickAccess_Test.menu" is null
at com.Digitalcodes.testcases.PremiumTools_QuickAccess_Test.TC37_verifyAccessSection_QuickAccess(PremiumTools_QuickAccess_Test.java:53)
at java.base/java.util.ArrayList.forEach(ArrayList.java:1511)
... Removed 30 stack frames]]>
    </failure>
  </testcase> <!-- TC37_verifyAccessSection_QuickAccess -->
  <testcase classname="com.Digitalcodes.testcases.PremiumTools_QuickAccess_Test" name="TC38_verifyActionsOnSection_QuickAccess" time="0.004">
    <failure type="java.lang.NullPointerException" message="Cannot invoke &amp;quot;org.openqa.selenium.support.ui.WebDriverWait.until(java.util.function.Function)&amp;quot; because &amp;quot;com.Digitalcodes.utilities.Baseclass.wait&amp;quot; is null">
      <![CDATA[java.lang.NullPointerException: Cannot invoke "org.openqa.selenium.support.ui.WebDriverWait.until(java.util.function.Function)" because "com.Digitalcodes.utilities.Baseclass.wait" is null
at com.Digitalcodes.utilities.Baseclass.getText(Baseclass.java:265)
at com.Digitalcodes.pageobject.PremiumTools_QuickAccess_Page.getSectionName(PremiumTools_QuickAccess_Page.java:157)
at com.Digitalcodes.testcases.PremiumTools_QuickAccess_Test.TC38_verifyActionsOnSection_QuickAccess(PremiumTools_QuickAccess_Test.java:96)
at java.base/java.util.ArrayList.forEach(ArrayList.java:1511)
... Removed 30 stack frames]]>
    </failure>
  </testcase> <!-- TC38_verifyActionsOnSection_QuickAccess -->
  <testcase classname="com.Digitalcodes.testcases.PremiumTools_QuickAccess_Test" name="TC39_verifyShare_Edit_DeleteBookmakr_QuickAccess" time="0.002">
    <failure type="java.lang.NullPointerException" message="Cannot invoke &amp;quot;com.Digitalcodes.pageobject.Menu.navigateToPremiumToolFeaturs(String)&amp;quot; because &amp;quot;com.Digitalcodes.testcases.PremiumTools_QuickAccess_Test.menu&amp;quot; is null">
      <![CDATA[java.lang.NullPointerException: Cannot invoke "com.Digitalcodes.pageobject.Menu.navigateToPremiumToolFeaturs(String)" because "com.Digitalcodes.testcases.PremiumTools_QuickAccess_Test.menu" is null
at com.Digitalcodes.testcases.PremiumTools_QuickAccess_Test.TC39_verifyShare_Edit_DeleteBookmakr_QuickAccess(PremiumTools_QuickAccess_Test.java:153)
at java.base/java.util.ArrayList.forEach(ArrayList.java:1511)
... Removed 30 stack frames]]>
    </failure>
  </testcase> <!-- TC39_verifyShare_Edit_DeleteBookmakr_QuickAccess -->
  <testcase classname="com.Digitalcodes.testcases.PremiumTools_QuickAccess_Test" name="TC40_verifyRecentlyQuickAccessedSections_QuickAccess" time="0.007">
    <failure type="java.lang.NullPointerException" message="Cannot invoke &amp;quot;com.Digitalcodes.pageobject.Menu.navigateToPremiumToolFeaturs(String)&amp;quot; because &amp;quot;com.Digitalcodes.testcases.PremiumTools_QuickAccess_Test.menu&amp;quot; is null">
      <![CDATA[java.lang.NullPointerException: Cannot invoke "com.Digitalcodes.pageobject.Menu.navigateToPremiumToolFeaturs(String)" because "com.Digitalcodes.testcases.PremiumTools_QuickAccess_Test.menu" is null
at com.Digitalcodes.testcases.PremiumTools_QuickAccess_Test.TC40_verifyRecentlyQuickAccessedSections_QuickAccess(PremiumTools_QuickAccess_Test.java:203)
at java.base/java.util.ArrayList.forEach(ArrayList.java:1511)
... Removed 30 stack frames]]>
    </failure>
  </testcase> <!-- TC40_verifyRecentlyQuickAccessedSections_QuickAccess -->
  <testcase classname="com.Digitalcodes.testcases.Prerequisites_Teardown" name="@BeforeTest beforeTest" time="0.0">
    <ignored/>
  </testcase> <!-- @BeforeTest beforeTest -->
  <testcase classname="com.Digitalcodes.testcases.ContentSearch_Test" name="TC57_verifySeeAll" time="0.0">
    <ignored/>
  </testcase> <!-- TC57_verifySeeAll -->
  <testcase classname="com.Digitalcodes.testcases.Prerequisites_Teardown" name="@BeforeTest beforeTest" time="0.0">
    <ignored/>
  </testcase> <!-- @BeforeTest beforeTest -->
  <testcase classname="com.Digitalcodes.testcases.Prerequisites_Teardown" name="@AfterSuite afterSuite" time="0.0">
    <ignored/>
  </testcase> <!-- @AfterSuite afterSuite -->
  <testcase classname="com.Digitalcodes.testcases.Prerequisites_Teardown" name="@AfterSuite afterSuite" time="0.0">
    <ignored/>
  </testcase> <!-- @AfterSuite afterSuite -->
  <testcase classname="com.Digitalcodes.testcases.Prerequisites_Teardown" name="@BeforeTest beforeTest" time="0.0">
    <ignored/>
  </testcase> <!-- @BeforeTest beforeTest -->
  <testcase classname="com.Digitalcodes.testcases.Prerequisites_Teardown" name="@BeforeSuite beforeSuite" time="0.0">
    <ignored/>
  </testcase> <!-- @BeforeSuite beforeSuite -->
  <testcase classname="com.Digitalcodes.testcases.Prerequisites_Teardown" name="@AfterSuite afterSuite" time="0.0">
    <ignored/>
  </testcase> <!-- @AfterSuite afterSuite -->
  <testcase classname="com.Digitalcodes.testcases.Prerequisites_Teardown" name="@AfterSuite afterSuite" time="0.0">
    <ignored/>
  </testcase> <!-- @AfterSuite afterSuite -->
  <testcase classname="com.Digitalcodes.testcases.Prerequisites_Teardown" name="@AfterSuite afterSuite" time="0.0">
    <ignored/>
  </testcase> <!-- @AfterSuite afterSuite -->
  <testcase classname="com.Digitalcodes.testcases.Prerequisites_Teardown" name="@BeforeTest beforeTest" time="0.0">
    <ignored/>
  </testcase> <!-- @BeforeTest beforeTest -->
  <testcase classname="com.Digitalcodes.testcases.Registration_Test" name="TC_Registeruser_InValidData" time="0.0">
    <ignored/>
  </testcase> <!-- TC_Registeruser_InValidData -->
  <testcase classname="com.Digitalcodes.testcases.Prerequisites_Teardown" name="@AfterTest afterTest" time="0.0">
    <ignored/>
  </testcase> <!-- @AfterTest afterTest -->
  <testcase classname="com.Digitalcodes.testcases.Prerequisites_Teardown" name="@BeforeSuite beforeSuite" time="0.0">
    <ignored/>
  </testcase> <!-- @BeforeSuite beforeSuite -->
  <testcase classname="com.Digitalcodes.testcases.Prerequisites_Teardown" name="@AfterSuite afterSuite" time="0.0">
    <ignored/>
  </testcase> <!-- @AfterSuite afterSuite -->
  <testcase classname="com.Digitalcodes.testcases.Prerequisites_Teardown" name="@AfterSuite afterSuite" time="0.0">
    <ignored/>
  </testcase> <!-- @AfterSuite afterSuite -->
  <testcase classname="com.Digitalcodes.testcases.Prerequisites_Teardown" name="@BeforeTest beforeTest" time="0.0">
    <ignored/>
  </testcase> <!-- @BeforeTest beforeTest -->
  <testcase classname="com.Digitalcodes.testcases.Prerequisites_Teardown" name="@AfterTest afterTest" time="0.0">
    <ignored/>
  </testcase> <!-- @AfterTest afterTest -->
  <testcase classname="com.Digitalcodes.testcases.Prerequisites_Teardown" name="@BeforeSuite beforeSuite" time="0.0">
    <ignored/>
  </testcase> <!-- @BeforeSuite beforeSuite -->
  <testcase classname="com.Digitalcodes.testcases.ContentSearch_Test" name="TC45_verifyApplyFiltersOncontentSearch" time="0.0">
    <ignored/>
  </testcase> <!-- TC45_verifyApplyFiltersOncontentSearch -->
  <testcase classname="com.Digitalcodes.testcases.Prerequisites_Teardown" name="@BeforeSuite beforeSuite" time="0.0">
    <ignored/>
  </testcase> <!-- @BeforeSuite beforeSuite -->
  <testcase classname="com.Digitalcodes.testcases.Prerequisites_Teardown" name="@AfterTest afterTest" time="0.0">
    <ignored/>
  </testcase> <!-- @AfterTest afterTest -->
  <testcase classname="com.Digitalcodes.testcases.Prerequisites_Teardown" name="@BeforeSuite beforeSuite" time="0.0">
    <ignored/>
  </testcase> <!-- @BeforeSuite beforeSuite -->
  <testcase classname="com.Digitalcodes.testcases.Prerequisites_Teardown" name="@BeforeSuite beforeSuite" time="0.0">
    <ignored/>
  </testcase> <!-- @BeforeSuite beforeSuite -->
  <testcase classname="com.Digitalcodes.testcases.Prerequisites_Teardown" name="@AfterTest afterTest" time="0.0">
    <ignored/>
  </testcase> <!-- @AfterTest afterTest -->
  <testcase classname="com.Digitalcodes.testcases.Prerequisites_Teardown" name="@BeforeTest beforeTest" time="0.0">
    <ignored/>
  </testcase> <!-- @BeforeTest beforeTest -->
  <testcase classname="com.Digitalcodes.testcases.Prerequisites_Teardown" name="@AfterSuite afterSuite" time="0.0">
    <ignored/>
  </testcase> <!-- @AfterSuite afterSuite -->
  <testcase classname="com.Digitalcodes.testcases.Prerequisites_Teardown" name="@AfterTest afterTest" time="0.0">
    <ignored/>
  </testcase> <!-- @AfterTest afterTest -->
  <testcase classname="com.Digitalcodes.testcases.ContentSearch_Test" name="TC57_verifySearchSuggestions" time="0.0">
    <ignored/>
  </testcase> <!-- TC57_verifySearchSuggestions -->
  <testcase classname="com.Digitalcodes.testcases.Prerequisites_Teardown" name="@BeforeSuite beforeSuite" time="0.0">
    <ignored/>
  </testcase> <!-- @BeforeSuite beforeSuite -->
  <testcase classname="com.Digitalcodes.testcases.Prerequisites_Teardown" name="@BeforeSuite beforeSuite" time="0.0">
    <ignored/>
  </testcase> <!-- @BeforeSuite beforeSuite -->
  <testcase classname="com.Digitalcodes.testcases.Prerequisites_Teardown" name="@BeforeTest beforeTest" time="0.0">
    <ignored/>
  </testcase> <!-- @BeforeTest beforeTest -->
  <testcase classname="com.Digitalcodes.testcases.Prerequisites_Teardown" name="@BeforeTest beforeTest" time="0.0">
    <ignored/>
  </testcase> <!-- @BeforeTest beforeTest -->
  <testcase classname="com.Digitalcodes.testcases.Prerequisites_Teardown" name="@AfterTest afterTest" time="0.0">
    <ignored/>
  </testcase> <!-- @AfterTest afterTest -->
  <testcase classname="com.Digitalcodes.testcases.Prerequisites_Teardown" name="@BeforeTest beforeTest" time="0.0">
    <ignored/>
  </testcase> <!-- @BeforeTest beforeTest -->
  <testcase classname="com.Digitalcodes.testcases.Prerequisites_Teardown" name="@AfterSuite afterSuite" time="0.0">
    <ignored/>
  </testcase> <!-- @AfterSuite afterSuite -->
  <testcase classname="com.Digitalcodes.testcases.Prerequisites_Teardown" name="@BeforeSuite beforeSuite" time="0.0">
    <ignored/>
  </testcase> <!-- @BeforeSuite beforeSuite -->
  <testcase classname="com.Digitalcodes.testcases.Prerequisites_Teardown" name="@BeforeSuite beforeSuite" time="0.0">
    <ignored/>
  </testcase> <!-- @BeforeSuite beforeSuite -->
  <testcase classname="com.Digitalcodes.testcases.Prerequisites_Teardown" name="@AfterTest afterTest" time="0.0">
    <ignored/>
  </testcase> <!-- @AfterTest afterTest -->
  <testcase classname="com.Digitalcodes.testcases.Prerequisites_Teardown" name="@AfterTest afterTest" time="0.0">
    <ignored/>
  </testcase> <!-- @AfterTest afterTest -->
  <testcase classname="com.Digitalcodes.testcases.Prerequisites_Teardown" name="@AfterSuite afterSuite" time="0.0">
    <ignored/>
  </testcase> <!-- @AfterSuite afterSuite -->
  <testcase classname="com.Digitalcodes.testcases.Prerequisites_Teardown" name="@AfterTest afterTest" time="0.0">
    <ignored/>
  </testcase> <!-- @AfterTest afterTest -->
  <testcase classname="com.Digitalcodes.testcases.Prerequisites_Teardown" name="@AfterTest afterTest" time="0.0">
    <ignored/>
  </testcase> <!-- @AfterTest afterTest -->
  <testcase classname="com.Digitalcodes.testcases.Prerequisites_Teardown" name="@BeforeTest beforeTest" time="0.0">
    <ignored/>
  </testcase> <!-- @BeforeTest beforeTest -->
</testsuite> <!-- Regression for Premium user -->
