<?xml version="1.0" encoding="UTF-8"?>
<!-- Generated by org.testng.reporters.JUnitXMLReporter -->
<testsuite ignored="19" hostname="IB-Pune-LAP-329" failures="1" tests="4" name="Regression test for Premium user" time="1058.834" errors="0" timestamp="2023-07-28T20:23:01 IST">
  <testcase classname="com.Digitalcodes.testcases.Login_Test" name="TC01_loginValidData" time="9.952"/>
  <testcase classname="com.Digitalcodes.testcases.Login_Test" name="TC02_verifyUserInformation" time="6.845"/>
  <testcase classname="com.Digitalcodes.testcases.ContentSearch_Test" name="TC51_verifyAdvanceTermSearch" time="90.793"/>
  <testcase classname="com.Digitalcodes.testcases.ContentSearch_Test" name="TC57_verifySeeAll" time="1.209">
    <failure type="java.lang.AssertionError" message="expected [Buildings] but found [BuildingsBuildings]">
      <![CDATA[java.lang.AssertionError: expected [Buildings] but found [BuildingsBuildings]
at com.Digitalcodes.utilities.Baseclass.assertEquals(Baseclass.java:300)
at com.Digitalcodes.testcases.ContentSearch_Test.TC57_verifySeeAll(ContentSearch_Test.java:468)
at java.base/java.util.ArrayList.forEach(ArrayList.java:1511)
... Removed 33 stack frames]]>
    </failure>
  </testcase> <!-- TC57_verifySeeAll -->
  <testcase classname="com.Digitalcodes.testcases.Prerequisites_Teardown" name="@AfterSuite afterSuite" time="0.0">
    <ignored/>
  </testcase> <!-- @AfterSuite afterSuite -->
  <testcase classname="com.Digitalcodes.testcases.Prerequisites_Teardown" name="@BeforeTest beforeTest" time="0.0">
    <ignored/>
  </testcase> <!-- @BeforeTest beforeTest -->
  <testcase classname="com.Digitalcodes.testcases.ContentSearch_Test" name="TC55_verifymarkFavorite_unFavoriteTitleformConetntSearch" time="0.0">
    <ignored/>
  </testcase> <!-- TC55_verifymarkFavorite_unFavoriteTitleformConetntSearch -->
  <testcase classname="com.Digitalcodes.testcases.ContentSearch_Test" name="TC44_verifyContentSearch" time="0.0">
    <ignored/>
  </testcase> <!-- TC44_verifyContentSearch -->
  <testcase classname="com.Digitalcodes.testcases.ContentSearch_Test" name="TC50_verifyShareEditDeleteBookmark" time="0.0">
    <ignored/>
  </testcase> <!-- TC50_verifyShareEditDeleteBookmark -->
  <testcase classname="com.Digitalcodes.testcases.ContentSearch_Test" name="TC52_verifyNearSearch" time="0.0">
    <ignored/>
  </testcase> <!-- TC52_verifyNearSearch -->
  <testcase classname="com.Digitalcodes.testcases.ContentSearch_Test" name="TC53_verifyShowRelevantTitles" time="0.0">
    <ignored/>
  </testcase> <!-- TC53_verifyShowRelevantTitles -->
  <testcase classname="com.Digitalcodes.testcases.ContentSearch_Test" name="TC43_verifyText_FiltersApplyed" time="0.0">
    <ignored/>
  </testcase> <!-- TC43_verifyText_FiltersApplyed -->
  <testcase classname="com.Digitalcodes.testcases.ContentSearch_Test" name="TC45_verifyApplyFiltersOncontentSearch" time="0.0">
    <ignored/>
  </testcase> <!-- TC45_verifyApplyFiltersOncontentSearch -->
  <testcase classname="com.Digitalcodes.testcases.ContentSearch_Test" name="TC47_verifyCopyAndPrintThisSection" time="0.0">
    <ignored/>
  </testcase> <!-- TC47_verifyCopyAndPrintThisSection -->
  <testcase classname="com.Digitalcodes.testcases.ContentSearch_Test" name="TC57_verifySearchSuggestions" time="0.0">
    <ignored/>
  </testcase> <!-- TC57_verifySearchSuggestions -->
  <testcase classname="com.Digitalcodes.testcases.ContentSearch_Test" name="TC46_verifyJumpToSection" time="0.0">
    <ignored/>
  </testcase> <!-- TC46_verifyJumpToSection -->
  <testcase classname="com.Digitalcodes.testcases.Prerequisites_Teardown" name="@BeforeSuite beforeSuite" time="0.0">
    <ignored/>
  </testcase> <!-- @BeforeSuite beforeSuite -->
  <testcase classname="com.Digitalcodes.testcases.ContentSearch_Test" name="TC42_verifySearchWithinTitle" time="0.0">
    <ignored/>
  </testcase> <!-- TC42_verifySearchWithinTitle -->
  <testcase classname="com.Digitalcodes.testcases.ContentSearch_Test" name="TC54_verifySaveDeleteContentSerach" time="0.0">
    <ignored/>
  </testcase> <!-- TC54_verifySaveDeleteContentSerach -->
  <testcase classname="com.Digitalcodes.testcases.ContentSearch_Test" name="TC49_verifyCreateBookmark" time="0.0">
    <ignored/>
  </testcase> <!-- TC49_verifyCreateBookmark -->
  <testcase classname="com.Digitalcodes.testcases.Prerequisites_Teardown" name="@AfterTest afterTest" time="0.0">
    <ignored/>
  </testcase> <!-- @AfterTest afterTest -->
  <testcase classname="com.Digitalcodes.testcases.ContentSearch_Test" name="TC48_verifyShareThisSection" time="0.0">
    <ignored/>
  </testcase> <!-- TC48_verifyShareThisSection -->
  <testcase classname="com.Digitalcodes.testcases.ContentSearch_Test" name="TC56_verifyPaginationinContentSearch" time="0.0">
    <ignored/>
  </testcase> <!-- TC56_verifyPaginationinContentSearch -->
</testsuite> <!-- Regression test for Premium user -->
