<?xml version="1.0" encoding="UTF-8"?>
<!-- Generated by org.testng.reporters.JUnitXMLReporter -->
<testsuite hostname="IB-Pune-LAP-329" ignored="1" name="Default test" tests="9" failures="1" timestamp="2023-04-07T18:01:23 IST" time="99.136" errors="0">
  <testcase name="login" time="31.407" classname="com.Digitalcodes.testcases.TC_Loginpage"/>
  <testcase name="verifyUserInformation" time="2.348" classname="com.Digitalcodes.testcases.TC_Loginpage"/>
  <testcase name="navigateToGroupTitles" time="4.88" classname="com.Digitalcodes.testcases.TC_Loginpage"/>
  <testcase name="navigateToTitle" time="8.087" classname="com.Digitalcodes.testcases.TC_Loginpage"/>
  <testcase name="markFavoriteTitle" time="8.49" classname="com.Digitalcodes.testcases.TC_Loginpage">
    <failure type="java.lang.AssertionError" message="expected [Remove from Favorites] but found [Add to Favorites]">
      <![CDATA[java.lang.AssertionError: expected [Remove from Favorites] but found [Add to Favorites]
at org.testng.Assert.fail(Assert.java:99)
at org.testng.Assert.failNotEquals(Assert.java:1037)
at org.testng.Assert.assertEqualsImpl(Assert.java:140)
at org.testng.Assert.assertEquals(Assert.java:122)
at org.testng.Assert.assertEquals(Assert.java:629)
at org.testng.Assert.assertEquals(Assert.java:639)
at com.Digitalcodes.utilities.AssertStatements.assertEquals(AssertStatements.java:12)
at com.Digitalcodes.testcases.TC_Loginpage.markFavoriteTitle(TC_Loginpage.java:170)
at sun.reflect.NativeMethodAccessorImpl.invoke0(Native Method)
at sun.reflect.NativeMethodAccessorImpl.invoke(NativeMethodAccessorImpl.java:62)
at sun.reflect.DelegatingMethodAccessorImpl.invoke(DelegatingMethodAccessorImpl.java:43)
at java.lang.reflect.Method.invoke(Method.java:498)
at org.testng.internal.MethodInvocationHelper.invokeMethod(MethodInvocationHelper.java:133)
at org.testng.internal.TestInvoker.invokeMethod(TestInvoker.java:598)
at org.testng.internal.TestInvoker.invokeTestMethod(TestInvoker.java:173)
at org.testng.internal.MethodRunner.runInSequence(MethodRunner.java:46)
at org.testng.internal.TestInvoker$MethodInvocationAgent.invoke(TestInvoker.java:824)
at org.testng.internal.TestInvoker.invokeTestMethods(TestInvoker.java:146)
at org.testng.internal.TestMethodWorker.invokeTestMethods(TestMethodWorker.java:146)
at org.testng.internal.TestMethodWorker.run(TestMethodWorker.java:128)
at java.util.ArrayList.forEach(ArrayList.java:1257)
at org.testng.TestRunner.privateRun(TestRunner.java:794)
at org.testng.TestRunner.run(TestRunner.java:596)
at org.testng.SuiteRunner.runTest(SuiteRunner.java:377)
at org.testng.SuiteRunner.runSequentially(SuiteRunner.java:371)
at org.testng.SuiteRunner.privateRun(SuiteRunner.java:332)
at org.testng.SuiteRunner.run(SuiteRunner.java:276)
at org.testng.SuiteRunnerWorker.runSuite(SuiteRunnerWorker.java:53)
at org.testng.SuiteRunnerWorker.run(SuiteRunnerWorker.java:96)
at org.testng.TestNG.runSuitesSequentially(TestNG.java:1212)
at org.testng.TestNG.runSuitesLocally(TestNG.java:1134)
at org.testng.TestNG.runSuites(TestNG.java:1063)
at org.testng.TestNG.run(TestNG.java:1031)
at org.testng.remote.AbstractRemoteTestNG.run(AbstractRemoteTestNG.java:115)
at org.testng.remote.RemoteTestNG.initAndRun(RemoteTestNG.java:251)
at org.testng.remote.RemoteTestNG.main(RemoteTestNG.java:77)
]]>
    </failure>
  </testcase> <!-- markFavoriteTitle -->
  <testcase name="removeFavoriteTitle" time="4.113" classname="com.Digitalcodes.testcases.TC_Loginpage"/>
  <testcase name="navigateToMyNotes_fromTOC" time="1.701" classname="com.Digitalcodes.testcases.TC_Loginpage"/>
  <testcase name="navigateToSection_fromTOC" time="15.185" classname="com.Digitalcodes.testcases.TC_Loginpage"/>
  <testcase name="createNotes_atSection" time="3.825" classname="com.Digitalcodes.testcases.TC_Loginpage"/>
  <testcase name="TC8" time="0.0" classname="com.Digitalcodes.testcases.TC_Loginpage">
    <ignored/>
  </testcase> <!-- TC8 -->
</testsuite> <!-- Default test -->
