<!DOCTYPE html>

<html>
  <head>
  <meta charset='utf-8'>
  <title>TestNG reports</title>

    <link type="text/css" href="testng-reports1.css" rel="stylesheet" id="ultra" />
    <link type="text/css" href="testng-reports.css" rel="stylesheet" id="retro" disabled="false"/>
    <script type="text/javascript" src="jquery.min.js"></script>
    <script type="text/javascript" src="testng-reports.js"></script>
    <script type="text/javascript" src="https://www.google.com/jsapi"></script>
    <script type='text/javascript'>
      google.load('visualization', '1', {packages:['table']});
      google.setOnLoadCallback(drawTable);
      var suiteTableInitFunctions = new Array();
      var suiteTableData = new Array();
    </script>
    <!--
      <script type="text/javascript" src="jquery-ui/js/jquery-ui-1.8.16.custom.min.js"></script>
     -->
  </head>

  <body>
    <div class="top-banner-root">
      <span class="top-banner-title-font">Test results</span>
      <button id="button" class="button">Switch Retro Theme</button> <!-- button -->
      <br/>
      <span class="top-banner-font-1">1 suite, 5 failed tests</span>
    </div> <!-- top-banner-root -->
    <div class="navigator-root">
      <div class="navigator-suite-header">
        <span>All suites</span>
        <a href="#" title="Collapse/expand all the suites" class="collapse-all-link">
          <img src="collapseall.gif" class="collapse-all-icon">
          </img> <!-- collapse-all-icon -->
        </a> <!-- collapse-all-link -->
      </div> <!-- navigator-suite-header -->
      <div class="suite">
        <div class="rounded-window">
          <div class="suite-header light-rounded-window-top">
            <a href="#" panel-name="suite-Digital_Codes" class="navigator-link">
              <span class="suite-name border-failed">Digital Codes</span>
            </a> <!-- navigator-link -->
          </div> <!-- suite-header light-rounded-window-top -->
          <div class="navigator-suite-content">
            <div class="suite-section-title">
              <span>Info</span>
            </div> <!-- suite-section-title -->
            <div class="suite-section-content">
              <ul>
                <li>
                  <a href="#" panel-name="test-xml-Digital_Codes" class="navigator-link ">
                    <span>D:\eclipse-workspace\com.Digitalcodes\testng.xml</span>
                  </a> <!-- navigator-link  -->
                </li>
                <li>
                  <a href="#" panel-name="testlist-Digital_Codes" class="navigator-link ">
                    <span class="test-stats">1 test</span>
                  </a> <!-- navigator-link  -->
                </li>
                <li>
                  <a href="#" panel-name="group-Digital_Codes" class="navigator-link ">
                    <span>4 groups</span>
                  </a> <!-- navigator-link  -->
                </li>
                <li>
                  <a href="#" panel-name="times-Digital_Codes" class="navigator-link ">
                    <span>Times</span>
                  </a> <!-- navigator-link  -->
                </li>
                <li>
                  <a href="#" panel-name="reporter-Digital_Codes" class="navigator-link ">
                    <span>Reporter output</span>
                  </a> <!-- navigator-link  -->
                </li>
                <li>
                  <a href="#" panel-name="ignored-methods-Digital_Codes" class="navigator-link ">
                    <span>Ignored methods</span>
                  </a> <!-- navigator-link  -->
                </li>
                <li>
                  <a href="#" panel-name="chronological-Digital_Codes" class="navigator-link ">
                    <span>Chronological view</span>
                  </a> <!-- navigator-link  -->
                </li>
              </ul>
            </div> <!-- suite-section-content -->
            <div class="result-section">
              <div class="suite-section-title">
                <span>Results</span>
              </div> <!-- suite-section-title -->
              <div class="suite-section-content">
                <ul>
                  <li>
                    <span class="method-stats">34 methods, 5 failed,   29 passed</span>
                  </li>
                  <li>
                    <span class="method-list-title failed">Failed methods</span>
                    <span class="show-or-hide-methods failed">
                      <a href="#" panel-name="suite-Digital_Codes" class="hide-methods failed suite-Digital_Codes"> (hide)</a> <!-- hide-methods failed suite-Digital_Codes -->
                      <a href="#" panel-name="suite-Digital_Codes" class="show-methods failed suite-Digital_Codes"> (show)</a> <!-- show-methods failed suite-Digital_Codes -->
                    </span>
                    <div class="method-list-content failed suite-Digital_Codes">
                      <span>
                        <img src="failed.png" width="3%"/>
                        <a href="#" panel-name="suite-Digital_Codes" title="com.Digitalcodes.testcases.Title_SectionPage_Test" class="method navigator-link" hash-for-method="TC11_verifyShareSection_FromSection(I-Codes, 2021 I-Codes, 2021 International Building Code (IBC), CHAPTER 2 DEFINITIONS)">TC11_verifyShareSection_FromSection(I-Codes, 2021 I-Codes, 2021 International Building Code (IBC), CHAPTER 2 DEFINITIONS)</a> <!-- method navigator-link -->
                      </span>
                      <br/>
                      <span>
                        <img src="failed.png" width="3%"/>
                        <a href="#" panel-name="suite-Digital_Codes" title="com.Digitalcodes.testcases.Title_SectionPage_Test" class="method navigator-link" hash-for-method="TC19_verifyLinksOnChapter(I-Codes, 2021 I-Codes, 2021 International Building Code (IBC), CHAPTER 2 DEFINITIONS)">TC19_verifyLinksOnChapter(I-Codes, 2021 I-Codes, 2021 International Building Code (IBC), CHAPTER 2 DEFINITIONS)</a> <!-- method navigator-link -->
                      </span>
                      <br/>
                      <span>
                        <img src="failed.png" width="3%"/>
                        <a href="#" panel-name="suite-Digital_Codes" title="com.Digitalcodes.testcases.Title_SectionPage_Test" class="method navigator-link" hash-for-method="TC22_verifyShareSection_FromSubSection(I-Codes, 2021 I-Codes, 2021 International Building Code (IBC), CHAPTER 2 DEFINITIONS)">TC22_verifyShareSection_FromSubSection(I-Codes, 2021 I-Codes, 2021 International Building Code (IBC), CHAPTER 2 DEFINITIONS)</a> <!-- method navigator-link -->
                      </span>
                      <br/>
                      <span>
                        <img src="failed.png" width="3%"/>
                        <a href="#" panel-name="suite-Digital_Codes" title="com.Digitalcodes.testcases.Title_SectionPage_Test" class="method navigator-link" hash-for-method="TC26_verifyShareSection_atChildSubsection(I-Codes, 2021 I-Codes, 2021 International Building Code (IBC), CHAPTER 2 DEFINITIONS)">TC26_verifyShareSection_atChildSubsection(I-Codes, 2021 I-Codes, 2021 International Building Code (IBC), CHAPTER 2 DEFINITIONS)</a> <!-- method navigator-link -->
                      </span>
                      <br/>
                      <span>
                        <img src="failed.png" width="3%"/>
                        <a href="#" panel-name="suite-Digital_Codes" title="com.Digitalcodes.testcases.Title_Collection_Test" class="method navigator-link" hash-for-method="TC32_verifyShareSection_CollectionTitles(Collections, Premium Complete, 2023 Analysis of Changes, 2023 NEC, CHAPTER 1 GENERAL)">TC32_verifyShareSection_CollectionTitles(Collections, Premium Complete, 2023 Analysis of Changes, 2023 NEC, CHAPTER 1 GENERAL)</a> <!-- method navigator-link -->
                      </span>
                      <br/>
                    </div> <!-- method-list-content failed suite-Digital_Codes -->
                  </li>
                  <li>
                    <span class="method-list-title passed">Passed methods</span>
                    <span class="show-or-hide-methods passed">
                      <a href="#" panel-name="suite-Digital_Codes" class="hide-methods passed suite-Digital_Codes"> (hide)</a> <!-- hide-methods passed suite-Digital_Codes -->
                      <a href="#" panel-name="suite-Digital_Codes" class="show-methods passed suite-Digital_Codes"> (show)</a> <!-- show-methods passed suite-Digital_Codes -->
                    </span>
                    <div class="method-list-content passed suite-Digital_Codes">
                      <span>
                        <img src="passed.png" width="3%"/>
                        <a href="#" panel-name="suite-Digital_Codes" title="com.Digitalcodes.testcases.Login_Test" class="method navigator-link" hash-for-method="TC01_loginValidData(complete.user@iccsafe.info, Digital@123, Complete User, Premium Complete)">TC01_loginValidData(complete.user@iccsafe.info, Digital@123, Complete User, Premium Complete)</a> <!-- method navigator-link -->
                      </span>
                      <br/>
                      <span>
                        <img src="passed.png" width="3%"/>
                        <a href="#" panel-name="suite-Digital_Codes" title="com.Digitalcodes.testcases.Login_Test" class="method navigator-link" hash-for-method="TC02_verifyUserInformation(complete.user@iccsafe.info, Digital@123, Complete User, Premium Complete)">TC02_verifyUserInformation(complete.user@iccsafe.info, Digital@123, Complete User, Premium Complete)</a> <!-- method navigator-link -->
                      </span>
                      <br/>
                      <span>
                        <img src="passed.png" width="3%"/>
                        <a href="#" panel-name="suite-Digital_Codes" title="com.Digitalcodes.testcases.Title_LandingPage_Test" class="method navigator-link" hash-for-method="TC04_verifyTitleLandingPage(I-Codes, 2021 I-Codes, 2021 International Building Code (IBC), CHAPTER 2 DEFINITIONS)">TC04_verifyTitleLandingPage(I-Codes, 2021 I-Codes, 2021 International Building Code (IBC), CHAPTER 2 DEFINITIONS)</a> <!-- method navigator-link -->
                      </span>
                      <br/>
                      <span>
                        <img src="passed.png" width="3%"/>
                        <a href="#" panel-name="suite-Digital_Codes" title="com.Digitalcodes.testcases.Title_LandingPage_Test" class="method navigator-link" hash-for-method="TC05_verifyMarkFavoriteTitle(I-Codes, 2021 I-Codes, 2021 International Building Code (IBC), CHAPTER 2 DEFINITIONS)">TC05_verifyMarkFavoriteTitle(I-Codes, 2021 I-Codes, 2021 International Building Code (IBC), CHAPTER 2 DEFINITIONS)</a> <!-- method navigator-link -->
                      </span>
                      <br/>
                      <span>
                        <img src="passed.png" width="3%"/>
                        <a href="#" panel-name="suite-Digital_Codes" title="com.Digitalcodes.testcases.Title_LandingPage_Test" class="method navigator-link" hash-for-method="TC06_verifyChangeVersion_ReleatedTitles_Categories(I-Codes, 2021 I-Codes, 2021 International Building Code (IBC), CHAPTER 2 DEFINITIONS)">TC06_verifyChangeVersion_ReleatedTitles_Categories(I-Codes, 2021 I-Codes, 2021 International Building Code (IBC), CHAPTER 2 DEFINITIONS)</a> <!-- method navigator-link -->
                      </span>
                      <br/>
                      <span>
                        <img src="passed.png" width="3%"/>
                        <a href="#" panel-name="suite-Digital_Codes" title="com.Digitalcodes.testcases.TableOfContent_Test" class="method navigator-link" hash-for-method="TC07_verifyMyNotes_FromTOC(I-Codes, 2021 I-Codes, 2021 International Building Code (IBC), CHAPTER 2 DEFINITIONS)">TC07_verifyMyNotes_FromTOC(I-Codes, 2021 I-Codes, 2021 International Building Code (IBC), CHAPTER 2 DEFINITIONS)</a> <!-- method navigator-link -->
                      </span>
                      <br/>
                      <span>
                        <img src="passed.png" width="3%"/>
                        <a href="#" panel-name="suite-Digital_Codes" title="com.Digitalcodes.testcases.Title_SectionPage_Test" class="method navigator-link" hash-for-method="TC08_verifyNavigateToSection_FromTOC(I-Codes, 2021 I-Codes, 2021 International Building Code (IBC), CHAPTER 2 DEFINITIONS)">TC08_verifyNavigateToSection_FromTOC(I-Codes, 2021 I-Codes, 2021 International Building Code (IBC), CHAPTER 2 DEFINITIONS)</a> <!-- method navigator-link -->
                      </span>
                      <br/>
                      <span>
                        <img src="passed.png" width="3%"/>
                        <a href="#" panel-name="suite-Digital_Codes" title="com.Digitalcodes.testcases.Title_SectionPage_Test" class="method navigator-link" hash-for-method="TC09_verifyCreateNotes_atSection(I-Codes, 2021 I-Codes, 2021 International Building Code (IBC), CHAPTER 2 DEFINITIONS)">TC09_verifyCreateNotes_atSection(I-Codes, 2021 I-Codes, 2021 International Building Code (IBC), CHAPTER 2 DEFINITIONS)</a> <!-- method navigator-link -->
                      </span>
                      <br/>
                      <span>
                        <img src="passed.png" width="3%"/>
                        <a href="#" panel-name="suite-Digital_Codes" title="com.Digitalcodes.testcases.Title_SectionPage_Test" class="method navigator-link" hash-for-method="TC10_verifyCreateBookmark_atSection(I-Codes, 2021 I-Codes, 2021 International Building Code (IBC), CHAPTER 2 DEFINITIONS)">TC10_verifyCreateBookmark_atSection(I-Codes, 2021 I-Codes, 2021 International Building Code (IBC), CHAPTER 2 DEFINITIONS)</a> <!-- method navigator-link -->
                      </span>
                      <br/>
                      <span>
                        <img src="passed.png" width="3%"/>
                        <a href="#" panel-name="suite-Digital_Codes" title="com.Digitalcodes.testcases.Title_SectionPage_Test" class="method navigator-link" hash-for-method="TC12_verifyPrintSection_FromSection(I-Codes, 2021 I-Codes, 2021 International Building Code (IBC), CHAPTER 2 DEFINITIONS)">TC12_verifyPrintSection_FromSection(I-Codes, 2021 I-Codes, 2021 International Building Code (IBC), CHAPTER 2 DEFINITIONS)</a> <!-- method navigator-link -->
                      </span>
                      <br/>
                      <span>
                        <img src="passed.png" width="3%"/>
                        <a href="#" panel-name="suite-Digital_Codes" title="com.Digitalcodes.testcases.Title_SectionPage_Test" class="method navigator-link" hash-for-method="TC13_verifyShareNote_FromSction(I-Codes, 2021 I-Codes, 2021 International Building Code (IBC), CHAPTER 2 DEFINITIONS)">TC13_verifyShareNote_FromSction(I-Codes, 2021 I-Codes, 2021 International Building Code (IBC), CHAPTER 2 DEFINITIONS)</a> <!-- method navigator-link -->
                      </span>
                      <br/>
                      <span>
                        <img src="passed.png" width="3%"/>
                        <a href="#" panel-name="suite-Digital_Codes" title="com.Digitalcodes.testcases.Title_SectionPage_Test" class="method navigator-link" hash-for-method="TC14_verifyEditNotes_FromSection">TC14_verifyEditNotes_FromSection</a> <!-- method navigator-link -->
                      </span>
                      <br/>
                      <span>
                        <img src="passed.png" width="3%"/>
                        <a href="#" panel-name="suite-Digital_Codes" title="com.Digitalcodes.testcases.Title_SectionPage_Test" class="method navigator-link" hash-for-method="TC15_verifyDeleteNotes_FromSection">TC15_verifyDeleteNotes_FromSection</a> <!-- method navigator-link -->
                      </span>
                      <br/>
                      <span>
                        <img src="passed.png" width="3%"/>
                        <a href="#" panel-name="suite-Digital_Codes" title="com.Digitalcodes.testcases.Title_SectionPage_Test" class="method navigator-link" hash-for-method="TC16_verifyShareBookmark_FromSection(I-Codes, 2021 I-Codes, 2021 International Building Code (IBC), CHAPTER 2 DEFINITIONS)">TC16_verifyShareBookmark_FromSection(I-Codes, 2021 I-Codes, 2021 International Building Code (IBC), CHAPTER 2 DEFINITIONS)</a> <!-- method navigator-link -->
                      </span>
                      <br/>
                      <span>
                        <img src="passed.png" width="3%"/>
                        <a href="#" panel-name="suite-Digital_Codes" title="com.Digitalcodes.testcases.Title_SectionPage_Test" class="method navigator-link" hash-for-method="TC17_verifyEditBookmark_FromSection">TC17_verifyEditBookmark_FromSection</a> <!-- method navigator-link -->
                      </span>
                      <br/>
                      <span>
                        <img src="passed.png" width="3%"/>
                        <a href="#" panel-name="suite-Digital_Codes" title="com.Digitalcodes.testcases.Title_SectionPage_Test" class="method navigator-link" hash-for-method="TC18_verifyDeleteBookmark_FromSection">TC18_verifyDeleteBookmark_FromSection</a> <!-- method navigator-link -->
                      </span>
                      <br/>
                      <span>
                        <img src="passed.png" width="3%"/>
                        <a href="#" panel-name="suite-Digital_Codes" title="com.Digitalcodes.testcases.Title_SectionPage_Test" class="method navigator-link" hash-for-method="TC20_verifyCreateNotes_atSubsection(I-Codes, 2021 I-Codes, 2021 International Building Code (IBC), CHAPTER 2 DEFINITIONS)">TC20_verifyCreateNotes_atSubsection(I-Codes, 2021 I-Codes, 2021 International Building Code (IBC), CHAPTER 2 DEFINITIONS)</a> <!-- method navigator-link -->
                      </span>
                      <br/>
                      <span>
                        <img src="passed.png" width="3%"/>
                        <a href="#" panel-name="suite-Digital_Codes" title="com.Digitalcodes.testcases.Title_SectionPage_Test" class="method navigator-link" hash-for-method="TC21_verifyCreateBookmark_atSubsection(I-Codes, 2021 I-Codes, 2021 International Building Code (IBC), CHAPTER 2 DEFINITIONS)">TC21_verifyCreateBookmark_atSubsection(I-Codes, 2021 I-Codes, 2021 International Building Code (IBC), CHAPTER 2 DEFINITIONS)</a> <!-- method navigator-link -->
                      </span>
                      <br/>
                      <span>
                        <img src="passed.png" width="3%"/>
                        <a href="#" panel-name="suite-Digital_Codes" title="com.Digitalcodes.testcases.Title_SectionPage_Test" class="method navigator-link" hash-for-method="TC23_verifyPrintSection_FromSubSection">TC23_verifyPrintSection_FromSubSection</a> <!-- method navigator-link -->
                      </span>
                      <br/>
                      <span>
                        <img src="passed.png" width="3%"/>
                        <a href="#" panel-name="suite-Digital_Codes" title="com.Digitalcodes.testcases.Title_SectionPage_Test" class="method navigator-link" hash-for-method="TC24_verifyCreateNotes_atChildSubsection(I-Codes, 2021 I-Codes, 2021 International Building Code (IBC), CHAPTER 2 DEFINITIONS)">TC24_verifyCreateNotes_atChildSubsection(I-Codes, 2021 I-Codes, 2021 International Building Code (IBC), CHAPTER 2 DEFINITIONS)</a> <!-- method navigator-link -->
                      </span>
                      <br/>
                      <span>
                        <img src="passed.png" width="3%"/>
                        <a href="#" panel-name="suite-Digital_Codes" title="com.Digitalcodes.testcases.Title_SectionPage_Test" class="method navigator-link" hash-for-method="TC25_verifyCreateBookmark_atChildSubsection(I-Codes, 2021 I-Codes, 2021 International Building Code (IBC), CHAPTER 2 DEFINITIONS)">TC25_verifyCreateBookmark_atChildSubsection(I-Codes, 2021 I-Codes, 2021 International Building Code (IBC), CHAPTER 2 DEFINITIONS)</a> <!-- method navigator-link -->
                      </span>
                      <br/>
                      <span>
                        <img src="passed.png" width="3%"/>
                        <a href="#" panel-name="suite-Digital_Codes" title="com.Digitalcodes.testcases.Title_SectionPage_Test" class="method navigator-link" hash-for-method="TC27_verifyPrintSection_FromChildSubSection">TC27_verifyPrintSection_FromChildSubSection</a> <!-- method navigator-link -->
                      </span>
                      <br/>
                      <span>
                        <img src="passed.png" width="3%"/>
                        <a href="#" panel-name="suite-Digital_Codes" title="com.Digitalcodes.testcases.Title_Collection_Test" class="method navigator-link" hash-for-method="TC28_verifyCollectionLandingPage(Collections, 2023 Energy Collection, 2021 CFR Part 3285 Model Manufactured Home Installation Standar...)">TC28_verifyCollectionLandingPage(Collections, 2023 Energy Collection, 2021 CFR Part 3285 Model Manufactured Home Installation Standar...)</a> <!-- method navigator-link -->
                      </span>
                      <br/>
                      <span>
                        <img src="passed.png" width="3%"/>
                        <a href="#" panel-name="suite-Digital_Codes" title="com.Digitalcodes.testcases.Title_Collection_Test" class="method navigator-link" hash-for-method="TC28_verifyCollectionLandingPage(Collections, Premium Complete, 2023 Analysis of Changes, 2023 NEC, CHAPTER 1 GENERAL)">TC28_verifyCollectionLandingPage(Collections, Premium Complete, 2023 Analysis of Changes, 2023 NEC, CHAPTER 1 GENERAL)</a> <!-- method navigator-link -->
                      </span>
                      <br/>
                      <span>
                        <img src="passed.png" width="3%"/>
                        <a href="#" panel-name="suite-Digital_Codes" title="com.Digitalcodes.testcases.Title_Collection_Test" class="method navigator-link" hash-for-method="TC29_verifySection_collectionTitles(Collections, 2023 Energy Collection, 2021 CFR Part 3285 Model Manufactured Home Installation Standar...)">TC29_verifySection_collectionTitles(Collections, 2023 Energy Collection, 2021 CFR Part 3285 Model Manufactured Home Installation Standar...)</a> <!-- method navigator-link -->
                      </span>
                      <br/>
                      <span>
                        <img src="passed.png" width="3%"/>
                        <a href="#" panel-name="suite-Digital_Codes" title="com.Digitalcodes.testcases.Title_Collection_Test" class="method navigator-link" hash-for-method="TC29_verifySection_collectionTitles(Collections, Premium Complete, 2023 Analysis of Changes, 2023 NEC, CHAPTER 1 GENERAL)">TC29_verifySection_collectionTitles(Collections, Premium Complete, 2023 Analysis of Changes, 2023 NEC, CHAPTER 1 GENERAL)</a> <!-- method navigator-link -->
                      </span>
                      <br/>
                      <span>
                        <img src="passed.png" width="3%"/>
                        <a href="#" panel-name="suite-Digital_Codes" title="com.Digitalcodes.testcases.Title_Collection_Test" class="method navigator-link" hash-for-method="TC30_verifyCreateNotes_collectionTitles(Collections, Premium Complete, 2023 Analysis of Changes, 2023 NEC, CHAPTER 1 GENERAL)">TC30_verifyCreateNotes_collectionTitles(Collections, Premium Complete, 2023 Analysis of Changes, 2023 NEC, CHAPTER 1 GENERAL)</a> <!-- method navigator-link -->
                      </span>
                      <br/>
                      <span>
                        <img src="passed.png" width="3%"/>
                        <a href="#" panel-name="suite-Digital_Codes" title="com.Digitalcodes.testcases.Title_Collection_Test" class="method navigator-link" hash-for-method="TC31_verifyCreateBookmark_collectionTitles(Collections, Premium Complete, 2023 Analysis of Changes, 2023 NEC, CHAPTER 1 GENERAL)">TC31_verifyCreateBookmark_collectionTitles(Collections, Premium Complete, 2023 Analysis of Changes, 2023 NEC, CHAPTER 1 GENERAL)</a> <!-- method navigator-link -->
                      </span>
                      <br/>
                      <span>
                        <img src="passed.png" width="3%"/>
                        <a href="#" panel-name="suite-Digital_Codes" title="com.Digitalcodes.testcases.Title_Collection_Test" class="method navigator-link" hash-for-method="TC33_verifyPrintSection_CollectionTitles(Collections, Premium Complete, 2023 Analysis of Changes, 2023 NEC, CHAPTER 1 GENERAL)">TC33_verifyPrintSection_CollectionTitles(Collections, Premium Complete, 2023 Analysis of Changes, 2023 NEC, CHAPTER 1 GENERAL)</a> <!-- method navigator-link -->
                      </span>
                      <br/>
                    </div> <!-- method-list-content passed suite-Digital_Codes -->
                  </li>
                </ul>
              </div> <!-- suite-section-content -->
            </div> <!-- result-section -->
          </div> <!-- navigator-suite-content -->
        </div> <!-- rounded-window -->
      </div> <!-- suite -->
    </div> <!-- navigator-root -->
    <div class="wrapper">
      <div class="main-panel-root">
        <div panel-name="suite-Digital_Codes" class="panel Digital_Codes">
          <div class="suite-Digital_Codes-class-failed">
            <div class="main-panel-header rounded-window-top">
              <img src="failed.png"/>
              <span class="class-name">com.Digitalcodes.testcases.Title_SectionPage_Test</span>
            </div> <!-- main-panel-header rounded-window-top -->
            <div class="main-panel-content rounded-window-bottom">
              <div class="method">
                <div class="method-content">
                  <a name="TC11_verifyShareSection_FromSection(I-Codes, 2021 I-Codes, 2021 International Building Code (IBC), CHAPTER 2 DEFINITIONS)">
                  </a> <!-- TC11_verifyShareSection_FromSection(I-Codes, 2021 I-Codes, 2021 International Building Code (IBC), CHAPTER 2 DEFINITIONS) -->
                  <span class="method-name">TC11_verifyShareSection_FromSection</span>
                  <span class="parameters">(I-Codes, 2021 I-Codes, 2021 International Building Code (IBC), CHAPTER 2 DEFINITIONS)</span>
                  <div class="stack-trace">org.openqa.selenium.StaleElementReferenceException: stale element reference: stale element not found
  (Session info: chrome=114.0.5735.91)
For documentation on this error, please visit: https://selenium.dev/exceptions/#stale_element_reference
Build info: version: &apos;4.9.0&apos;, revision: &apos;d7057100a6&apos;
System info: os.name: &apos;Windows 10&apos;, os.arch: &apos;amd64&apos;, os.version: &apos;10.0&apos;, java.version: &apos;17.0.5&apos;
Driver info: org.openqa.selenium.remote.RemoteWebDriver
Command: [d54a6672-ebcb-43d8-b4fc-a0071a07ee21, isElementDisplayed {id=426CB053766BF024C3EF89629FCEDDF4_element_2373}]
Capabilities {acceptInsecureCerts: false, browserName: Chrome, browserVersion: 114, chrome: {chromedriverVersion: 114.0.5735.16 (7e1ff058633f..., userDataDir: C:\Users\Perfecto\AppData\L...}, executionId: d54a6672-ebcb-43d8-b4fc-a00..., goog:chromeOptions: {debuggerAddress: localhost:50559}, location: US East, networkConnectionEnabled: false, pageLoadStrategy: normal, platformName: WINDOWS, platformVersion: 10, proxy: Proxy(), reportPdfUrl: https://icc.app.perfectomob..., resolution: 1920x1080, se:bidiEnabled: false, setWindowRect: true, stopUrl: https://icc.perfectomobile...., streamInfo: {
  &quot;url&quot;: &quot;https://icc.web..., strictFileInteractability: false, testGridReportUrl: https://icc.app.perfectomob..., timeouts: {implicit: 0, pageLoad: 300000, script: 30000}, unhandledPromptBehavior: dismiss and notify, version: 114, webauthn:extension:credBlob: true, webauthn:extension:largeBlob: true, webauthn:extension:minPinLength: true, webauthn:extension:prf: true, webauthn:virtualAuthenticators: true}
Element: [[RemoteWebDriver: Chrome on WINDOWS (d54a6672-ebcb-43d8-b4fc-a0071a07ee21)] -&gt; xpath: //span[contains(text(),&apos;Close&apos;)]]
Session ID: d54a6672-ebcb-43d8-b4fc-a0071a07ee21
	at org.openqa.selenium.remote.codec.w3c.W3CHttpResponseCodec.createException(W3CHttpResponseCodec.java:200)
	at org.openqa.selenium.remote.codec.w3c.W3CHttpResponseCodec.decode(W3CHttpResponseCodec.java:133)
	at org.openqa.selenium.remote.codec.w3c.W3CHttpResponseCodec.decode(W3CHttpResponseCodec.java:53)
	at org.openqa.selenium.remote.HttpCommandExecutor.execute(HttpCommandExecutor.java:193)
	at org.openqa.selenium.remote.TracedCommandExecutor.execute(TracedCommandExecutor.java:51)
	at org.openqa.selenium.remote.RemoteWebDriver.execute(RemoteWebDriver.java:543)
	at org.openqa.selenium.remote.RemoteWebElement.execute(RemoteWebElement.java:257)
	at org.openqa.selenium.remote.RemoteWebElement.isDisplayed(RemoteWebElement.java:313)
	at org.openqa.selenium.support.pagefactory.internal.LocatingElementHandler.invoke(LocatingElementHandler.java:52)
	at jdk.proxy2/jdk.proxy2.$Proxy19.isDisplayed(Unknown Source)
	at org.openqa.selenium.support.ui.ExpectedConditions.elementIfVisible(ExpectedConditions.java:307)
	at org.openqa.selenium.support.ui.ExpectedConditions.access$000(ExpectedConditions.java:40)
	at org.openqa.selenium.support.ui.ExpectedConditions$10.apply(ExpectedConditions.java:293)
	at org.openqa.selenium.support.ui.ExpectedConditions$10.apply(ExpectedConditions.java:290)
	at org.openqa.selenium.support.ui.ExpectedConditions$23.apply(ExpectedConditions.java:660)
	at org.openqa.selenium.support.ui.ExpectedConditions$23.apply(ExpectedConditions.java:656)
	at org.openqa.selenium.support.ui.FluentWait.until(FluentWait.java:208)
	at com.Digitalcodes.utilities.Baseclass.click(Baseclass.java:202)
	at com.Digitalcodes.pageobject.TitleSection_Page.shareSection(TitleSection_Page.java:355)
	at com.Digitalcodes.testcases.Title_SectionPage_Test.TC11_verifyShareSection_FromSection(Title_SectionPage_Test.java:188)
	at java.base/java.util.ArrayList.forEach(ArrayList.java:1511)
... Removed 39 stack frames
</div> <!-- stack-trace -->
                  <em>
(Verify user able to share the section)                  </em>
                </div> <!-- method-content -->
              </div> <!-- method -->
              <div class="method">
                <div class="method-content">
                  <a name="TC19_verifyLinksOnChapter(I-Codes, 2021 I-Codes, 2021 International Building Code (IBC), CHAPTER 2 DEFINITIONS)">
                  </a> <!-- TC19_verifyLinksOnChapter(I-Codes, 2021 I-Codes, 2021 International Building Code (IBC), CHAPTER 2 DEFINITIONS) -->
                  <span class="method-name">TC19_verifyLinksOnChapter</span>
                  <span class="parameters">(I-Codes, 2021 I-Codes, 2021 International Building Code (IBC), CHAPTER 2 DEFINITIONS)</span>
                  <div class="stack-trace">org.openqa.selenium.TimeoutException: Expected condition failed: waiting for visibility of all [Proxy element for: DefaultElementLocator &apos;By.xpath: (//div[@class=&quot;container container--fluid&quot;]//div[@class=&quot;col&quot;])[1]&apos;] (tried for 90 second(s) with 500 milliseconds interval)
	at org.openqa.selenium.support.ui.WebDriverWait.timeoutException(WebDriverWait.java:87)
	at org.openqa.selenium.support.ui.FluentWait.until(FluentWait.java:231)
	at com.Digitalcodes.utilities.Baseclass.isDisplayed(Baseclass.java:245)
	at com.Digitalcodes.pageobject.TitleLanding_Page.landingPage(TitleLanding_Page.java:194)
	at com.Digitalcodes.pageobject.TitleSection_Page.clickOnTitleLink(TitleSection_Page.java:530)
	at com.Digitalcodes.testcases.Title_SectionPage_Test.TC19_verifyLinksOnChapter(Title_SectionPage_Test.java:376)
	at java.base/java.util.ArrayList.forEach(ArrayList.java:1511)
Caused by: org.openqa.selenium.NoSuchElementException: no such element: Unable to locate element: {&quot;method&quot;:&quot;xpath&quot;,&quot;selector&quot;:&quot;(//div[@class=&quot;container container--fluid&quot;]//div[@class=&quot;col&quot;])[1]&quot;}
  (Session info: chrome=114.0.5735.91)
For documentation on this error, please visit: https://selenium.dev/exceptions/#no_such_element
Build info: version: &apos;4.9.0&apos;, revision: &apos;d7057100a6&apos;
System info: os.name: &apos;Windows 10&apos;, os.arch: &apos;amd64&apos;, os.version: &apos;10.0&apos;, java.version: &apos;17.0.5&apos;
Driver info: org.openqa.selenium.remote.RemoteWebDriver
Command: [d54a6672-ebcb-43d8-b4fc-a0071a07ee21, findElement {using=xpath, value=(//div[@class=&quot;container container--fluid&quot;]//div[@class=&quot;col&quot;])[1]}]
Capabilities {acceptInsecureCerts: false, browserName: Chrome, browserVersion: 114, chrome: {chromedriverVersion: 114.0.5735.16 (7e1ff058633f..., userDataDir: C:\Users\Perfecto\AppData\L...}, executionId: d54a6672-ebcb-43d8-b4fc-a00..., goog:chromeOptions: {debuggerAddress: localhost:50559}, location: US East, networkConnectionEnabled: false, pageLoadStrategy: normal, platformName: WINDOWS, platformVersion: 10, proxy: Proxy(), reportPdfUrl: https://icc.app.perfectomob..., resolution: 1920x1080, se:bidiEnabled: false, setWindowRect: true, stopUrl: https://icc.perfectomobile...., streamInfo: {
  &quot;url&quot;: &quot;https://icc.web..., strictFileInteractability: false, testGridReportUrl: https://icc.app.perfectomob..., timeouts: {implicit: 0, pageLoad: 300000, script: 30000}, unhandledPromptBehavior: dismiss and notify, version: 114, webauthn:extension:credBlob: true, webauthn:extension:largeBlob: true, webauthn:extension:minPinLength: true, webauthn:extension:prf: true, webauthn:virtualAuthenticators: true}
Session ID: d54a6672-ebcb-43d8-b4fc-a0071a07ee21
	at org.openqa.selenium.remote.codec.w3c.W3CHttpResponseCodec.createException(W3CHttpResponseCodec.java:200)
	at org.openqa.selenium.remote.codec.w3c.W3CHttpResponseCodec.decode(W3CHttpResponseCodec.java:133)
	at org.openqa.selenium.remote.codec.w3c.W3CHttpResponseCodec.decode(W3CHttpResponseCodec.java:53)
	at org.openqa.selenium.remote.HttpCommandExecutor.execute(HttpCommandExecutor.java:193)
	at org.openqa.selenium.remote.TracedCommandExecutor.execute(TracedCommandExecutor.java:51)
	at org.openqa.selenium.remote.RemoteWebDriver.execute(RemoteWebDriver.java:543)
	at org.openqa.selenium.remote.ElementLocation$ElementFinder$2.findElement(ElementLocation.java:162)
	at org.openqa.selenium.remote.ElementLocation.findElement(ElementLocation.java:60)
	at org.openqa.selenium.remote.RemoteWebDriver.findElement(RemoteWebDriver.java:352)
	at org.openqa.selenium.remote.RemoteWebDriver.findElement(RemoteWebDriver.java:344)
	at org.openqa.selenium.support.pagefactory.DefaultElementLocator.findElement(DefaultElementLocator.java:70)
	at org.openqa.selenium.support.pagefactory.internal.LocatingElementHandler.invoke(LocatingElementHandler.java:39)
	at jdk.proxy2/jdk.proxy2.$Proxy19.isDisplayed(Unknown Source)
	at org.openqa.selenium.support.ui.ExpectedConditions$9.apply(ExpectedConditions.java:267)
	at org.openqa.selenium.support.ui.ExpectedConditions$9.apply(ExpectedConditions.java:263)
	at org.openqa.selenium.support.ui.FluentWait.until(FluentWait.java:208)
	... 36 more
... Removed 36 stack frames
</div> <!-- stack-trace -->
                  <em>
(Verify links On Chapter)                  </em>
                </div> <!-- method-content -->
              </div> <!-- method -->
              <div class="method">
                <div class="method-content">
                  <a name="TC22_verifyShareSection_FromSubSection(I-Codes, 2021 I-Codes, 2021 International Building Code (IBC), CHAPTER 2 DEFINITIONS)">
                  </a> <!-- TC22_verifyShareSection_FromSubSection(I-Codes, 2021 I-Codes, 2021 International Building Code (IBC), CHAPTER 2 DEFINITIONS) -->
                  <span class="method-name">TC22_verifyShareSection_FromSubSection</span>
                  <span class="parameters">(I-Codes, 2021 I-Codes, 2021 International Building Code (IBC), CHAPTER 2 DEFINITIONS)</span>
                  <div class="stack-trace">org.openqa.selenium.StaleElementReferenceException: stale element reference: stale element not found
  (Session info: chrome=114.0.5735.91)
For documentation on this error, please visit: https://selenium.dev/exceptions/#stale_element_reference
Build info: version: &apos;4.9.0&apos;, revision: &apos;d7057100a6&apos;
System info: os.name: &apos;Windows 10&apos;, os.arch: &apos;amd64&apos;, os.version: &apos;10.0&apos;, java.version: &apos;17.0.5&apos;
Driver info: org.openqa.selenium.remote.RemoteWebDriver
Command: [d54a6672-ebcb-43d8-b4fc-a0071a07ee21, isElementDisplayed {id=F2B6D9E4A608ED51B12A68ACA4A72311_element_4295}]
Capabilities {acceptInsecureCerts: false, browserName: Chrome, browserVersion: 114, chrome: {chromedriverVersion: 114.0.5735.16 (7e1ff058633f..., userDataDir: C:\Users\Perfecto\AppData\L...}, executionId: d54a6672-ebcb-43d8-b4fc-a00..., goog:chromeOptions: {debuggerAddress: localhost:50559}, location: US East, networkConnectionEnabled: false, pageLoadStrategy: normal, platformName: WINDOWS, platformVersion: 10, proxy: Proxy(), reportPdfUrl: https://icc.app.perfectomob..., resolution: 1920x1080, se:bidiEnabled: false, setWindowRect: true, stopUrl: https://icc.perfectomobile...., streamInfo: {
  &quot;url&quot;: &quot;https://icc.web..., strictFileInteractability: false, testGridReportUrl: https://icc.app.perfectomob..., timeouts: {implicit: 0, pageLoad: 300000, script: 30000}, unhandledPromptBehavior: dismiss and notify, version: 114, webauthn:extension:credBlob: true, webauthn:extension:largeBlob: true, webauthn:extension:minPinLength: true, webauthn:extension:prf: true, webauthn:virtualAuthenticators: true}
Element: [[RemoteWebDriver: Chrome on WINDOWS (d54a6672-ebcb-43d8-b4fc-a0071a07ee21)] -&gt; xpath: //span[contains(text(),&apos;Close&apos;)]]
Session ID: d54a6672-ebcb-43d8-b4fc-a0071a07ee21
	at org.openqa.selenium.remote.codec.w3c.W3CHttpResponseCodec.createException(W3CHttpResponseCodec.java:200)
	at org.openqa.selenium.remote.codec.w3c.W3CHttpResponseCodec.decode(W3CHttpResponseCodec.java:133)
	at org.openqa.selenium.remote.codec.w3c.W3CHttpResponseCodec.decode(W3CHttpResponseCodec.java:53)
	at org.openqa.selenium.remote.HttpCommandExecutor.execute(HttpCommandExecutor.java:193)
	at org.openqa.selenium.remote.TracedCommandExecutor.execute(TracedCommandExecutor.java:51)
	at org.openqa.selenium.remote.RemoteWebDriver.execute(RemoteWebDriver.java:543)
	at org.openqa.selenium.remote.RemoteWebElement.execute(RemoteWebElement.java:257)
	at org.openqa.selenium.remote.RemoteWebElement.isDisplayed(RemoteWebElement.java:313)
	at org.openqa.selenium.support.pagefactory.internal.LocatingElementHandler.invoke(LocatingElementHandler.java:52)
	at jdk.proxy2/jdk.proxy2.$Proxy19.isDisplayed(Unknown Source)
	at org.openqa.selenium.support.ui.ExpectedConditions.elementIfVisible(ExpectedConditions.java:307)
	at org.openqa.selenium.support.ui.ExpectedConditions.access$000(ExpectedConditions.java:40)
	at org.openqa.selenium.support.ui.ExpectedConditions$10.apply(ExpectedConditions.java:293)
	at org.openqa.selenium.support.ui.ExpectedConditions$10.apply(ExpectedConditions.java:290)
	at org.openqa.selenium.support.ui.ExpectedConditions$23.apply(ExpectedConditions.java:660)
	at org.openqa.selenium.support.ui.ExpectedConditions$23.apply(ExpectedConditions.java:656)
	at org.openqa.selenium.support.ui.FluentWait.until(FluentWait.java:208)
	at com.Digitalcodes.utilities.Baseclass.click(Baseclass.java:202)
	at com.Digitalcodes.pageobject.TitleSection_Page.shareSubSection(TitleSection_Page.java:374)
	at com.Digitalcodes.testcases.Title_SectionPage_Test.TC22_verifyShareSection_FromSubSection(Title_SectionPage_Test.java:524)
	at java.base/java.util.ArrayList.forEach(ArrayList.java:1511)
... Removed 39 stack frames
</div> <!-- stack-trace -->
                  <em>
(Verify user able to share the Subsection)                  </em>
                </div> <!-- method-content -->
              </div> <!-- method -->
              <div class="method">
                <div class="method-content">
                  <a name="TC26_verifyShareSection_atChildSubsection(I-Codes, 2021 I-Codes, 2021 International Building Code (IBC), CHAPTER 2 DEFINITIONS)">
                  </a> <!-- TC26_verifyShareSection_atChildSubsection(I-Codes, 2021 I-Codes, 2021 International Building Code (IBC), CHAPTER 2 DEFINITIONS) -->
                  <span class="method-name">TC26_verifyShareSection_atChildSubsection</span>
                  <span class="parameters">(I-Codes, 2021 I-Codes, 2021 International Building Code (IBC), CHAPTER 2 DEFINITIONS)</span>
                  <div class="stack-trace">org.openqa.selenium.TimeoutException: Expected condition failed: waiting for element to be clickable: Proxy element for: DefaultElementLocator &apos;By.xpath: //span[contains(text(),&apos;Close&apos;)]&apos; (tried for 90 second(s) with 500 milliseconds interval)
	at org.openqa.selenium.support.ui.WebDriverWait.timeoutException(WebDriverWait.java:87)
	at org.openqa.selenium.support.ui.FluentWait.until(FluentWait.java:231)
	at com.Digitalcodes.utilities.Baseclass.click(Baseclass.java:202)
	at com.Digitalcodes.pageobject.TitleSection_Page.shareChildSubSection(TitleSection_Page.java:395)
	at com.Digitalcodes.testcases.Title_SectionPage_Test.TC26_verifyShareSection_atChildSubsection(Title_SectionPage_Test.java:692)
	at java.base/java.util.ArrayList.forEach(ArrayList.java:1511)
Caused by: org.openqa.selenium.NoSuchElementException: no such element: Unable to locate element: {&quot;method&quot;:&quot;xpath&quot;,&quot;selector&quot;:&quot;//span[contains(text(),&apos;Close&apos;)]&quot;}
  (Session info: chrome=114.0.5735.91)
For documentation on this error, please visit: https://selenium.dev/exceptions/#no_such_element
Build info: version: &apos;4.9.0&apos;, revision: &apos;d7057100a6&apos;
System info: os.name: &apos;Windows 10&apos;, os.arch: &apos;amd64&apos;, os.version: &apos;10.0&apos;, java.version: &apos;17.0.5&apos;
Driver info: org.openqa.selenium.remote.RemoteWebDriver
Command: [d54a6672-ebcb-43d8-b4fc-a0071a07ee21, findElement {using=xpath, value=//span[contains(text(),&apos;Close&apos;)]}]
Capabilities {acceptInsecureCerts: false, browserName: Chrome, browserVersion: 114, chrome: {chromedriverVersion: 114.0.5735.16 (7e1ff058633f..., userDataDir: C:\Users\Perfecto\AppData\L...}, executionId: d54a6672-ebcb-43d8-b4fc-a00..., goog:chromeOptions: {debuggerAddress: localhost:50559}, location: US East, networkConnectionEnabled: false, pageLoadStrategy: normal, platformName: WINDOWS, platformVersion: 10, proxy: Proxy(), reportPdfUrl: https://icc.app.perfectomob..., resolution: 1920x1080, se:bidiEnabled: false, setWindowRect: true, stopUrl: https://icc.perfectomobile...., streamInfo: {
  &quot;url&quot;: &quot;https://icc.web..., strictFileInteractability: false, testGridReportUrl: https://icc.app.perfectomob..., timeouts: {implicit: 0, pageLoad: 300000, script: 30000}, unhandledPromptBehavior: dismiss and notify, version: 114, webauthn:extension:credBlob: true, webauthn:extension:largeBlob: true, webauthn:extension:minPinLength: true, webauthn:extension:prf: true, webauthn:virtualAuthenticators: true}
Session ID: d54a6672-ebcb-43d8-b4fc-a0071a07ee21
	at org.openqa.selenium.remote.codec.w3c.W3CHttpResponseCodec.createException(W3CHttpResponseCodec.java:200)
	at org.openqa.selenium.remote.codec.w3c.W3CHttpResponseCodec.decode(W3CHttpResponseCodec.java:133)
	at org.openqa.selenium.remote.codec.w3c.W3CHttpResponseCodec.decode(W3CHttpResponseCodec.java:53)
	at org.openqa.selenium.remote.HttpCommandExecutor.execute(HttpCommandExecutor.java:193)
	at org.openqa.selenium.remote.TracedCommandExecutor.execute(TracedCommandExecutor.java:51)
	at org.openqa.selenium.remote.RemoteWebDriver.execute(RemoteWebDriver.java:543)
	at org.openqa.selenium.remote.ElementLocation$ElementFinder$2.findElement(ElementLocation.java:162)
	at org.openqa.selenium.remote.ElementLocation.findElement(ElementLocation.java:60)
	at org.openqa.selenium.remote.RemoteWebDriver.findElement(RemoteWebDriver.java:352)
	at org.openqa.selenium.remote.RemoteWebDriver.findElement(RemoteWebDriver.java:344)
	at org.openqa.selenium.support.pagefactory.DefaultElementLocator.findElement(DefaultElementLocator.java:70)
	at org.openqa.selenium.support.pagefactory.internal.LocatingElementHandler.invoke(LocatingElementHandler.java:39)
	at jdk.proxy2/jdk.proxy2.$Proxy19.isDisplayed(Unknown Source)
	at org.openqa.selenium.support.ui.ExpectedConditions.elementIfVisible(ExpectedConditions.java:307)
	at org.openqa.selenium.support.ui.ExpectedConditions.access$000(ExpectedConditions.java:40)
	at org.openqa.selenium.support.ui.ExpectedConditions$10.apply(ExpectedConditions.java:293)
	at org.openqa.selenium.support.ui.ExpectedConditions$10.apply(ExpectedConditions.java:290)
	at org.openqa.selenium.support.ui.ExpectedConditions$23.apply(ExpectedConditions.java:660)
	at org.openqa.selenium.support.ui.ExpectedConditions$23.apply(ExpectedConditions.java:656)
	at org.openqa.selenium.support.ui.FluentWait.until(FluentWait.java:208)
	... 35 more
... Removed 36 stack frames
</div> <!-- stack-trace -->
                  <em>
(Verify user able to share section at ChildSub-Section)                  </em>
                </div> <!-- method-content -->
              </div> <!-- method -->
            </div> <!-- main-panel-content rounded-window-bottom -->
          </div> <!-- suite-Digital_Codes-class-failed -->
          <div class="suite-Digital_Codes-class-failed">
            <div class="main-panel-header rounded-window-top">
              <img src="failed.png"/>
              <span class="class-name">com.Digitalcodes.testcases.Title_Collection_Test</span>
            </div> <!-- main-panel-header rounded-window-top -->
            <div class="main-panel-content rounded-window-bottom">
              <div class="method">
                <div class="method-content">
                  <a name="TC32_verifyShareSection_CollectionTitles(Collections, Premium Complete, 2023 Analysis of Changes, 2023 NEC, CHAPTER 1 GENERAL)">
                  </a> <!-- TC32_verifyShareSection_CollectionTitles(Collections, Premium Complete, 2023 Analysis of Changes, 2023 NEC, CHAPTER 1 GENERAL) -->
                  <span class="method-name">TC32_verifyShareSection_CollectionTitles</span>
                  <span class="parameters">(Collections, Premium Complete, 2023 Analysis of Changes, 2023 NEC, CHAPTER 1 GENERAL)</span>
                  <div class="stack-trace">org.openqa.selenium.TimeoutException: Expected condition failed: waiting for element to be clickable: Proxy element for: DefaultElementLocator &apos;By.xpath: //span[contains(text(),&apos;Close&apos;)]&apos; (tried for 90 second(s) with 500 milliseconds interval)
	at org.openqa.selenium.support.ui.WebDriverWait.timeoutException(WebDriverWait.java:87)
	at org.openqa.selenium.support.ui.FluentWait.until(FluentWait.java:231)
	at com.Digitalcodes.utilities.Baseclass.click(Baseclass.java:202)
	at com.Digitalcodes.pageobject.TitleSection_Page.shareSection(TitleSection_Page.java:355)
	at com.Digitalcodes.testcases.Title_Collection_Test.TC32_verifyShareSection_CollectionTitles(Title_Collection_Test.java:254)
	at java.base/java.util.ArrayList.forEach(ArrayList.java:1511)
Caused by: org.openqa.selenium.NoSuchElementException: no such element: Unable to locate element: {&quot;method&quot;:&quot;xpath&quot;,&quot;selector&quot;:&quot;//span[contains(text(),&apos;Close&apos;)]&quot;}
  (Session info: chrome=114.0.5735.91)
For documentation on this error, please visit: https://selenium.dev/exceptions/#no_such_element
Build info: version: &apos;4.9.0&apos;, revision: &apos;d7057100a6&apos;
System info: os.name: &apos;Windows 10&apos;, os.arch: &apos;amd64&apos;, os.version: &apos;10.0&apos;, java.version: &apos;17.0.5&apos;
Driver info: org.openqa.selenium.remote.RemoteWebDriver
Command: [d54a6672-ebcb-43d8-b4fc-a0071a07ee21, findElement {using=xpath, value=//span[contains(text(),&apos;Close&apos;)]}]
Capabilities {acceptInsecureCerts: false, browserName: Chrome, browserVersion: 114, chrome: {chromedriverVersion: 114.0.5735.16 (7e1ff058633f..., userDataDir: C:\Users\Perfecto\AppData\L...}, executionId: d54a6672-ebcb-43d8-b4fc-a00..., goog:chromeOptions: {debuggerAddress: localhost:50559}, location: US East, networkConnectionEnabled: false, pageLoadStrategy: normal, platformName: WINDOWS, platformVersion: 10, proxy: Proxy(), reportPdfUrl: https://icc.app.perfectomob..., resolution: 1920x1080, se:bidiEnabled: false, setWindowRect: true, stopUrl: https://icc.perfectomobile...., streamInfo: {
  &quot;url&quot;: &quot;https://icc.web..., strictFileInteractability: false, testGridReportUrl: https://icc.app.perfectomob..., timeouts: {implicit: 0, pageLoad: 300000, script: 30000}, unhandledPromptBehavior: dismiss and notify, version: 114, webauthn:extension:credBlob: true, webauthn:extension:largeBlob: true, webauthn:extension:minPinLength: true, webauthn:extension:prf: true, webauthn:virtualAuthenticators: true}
Session ID: d54a6672-ebcb-43d8-b4fc-a0071a07ee21
	at org.openqa.selenium.remote.codec.w3c.W3CHttpResponseCodec.createException(W3CHttpResponseCodec.java:200)
	at org.openqa.selenium.remote.codec.w3c.W3CHttpResponseCodec.decode(W3CHttpResponseCodec.java:133)
	at org.openqa.selenium.remote.codec.w3c.W3CHttpResponseCodec.decode(W3CHttpResponseCodec.java:53)
	at org.openqa.selenium.remote.HttpCommandExecutor.execute(HttpCommandExecutor.java:193)
	at org.openqa.selenium.remote.TracedCommandExecutor.execute(TracedCommandExecutor.java:51)
	at org.openqa.selenium.remote.RemoteWebDriver.execute(RemoteWebDriver.java:543)
	at org.openqa.selenium.remote.ElementLocation$ElementFinder$2.findElement(ElementLocation.java:162)
	at org.openqa.selenium.remote.ElementLocation.findElement(ElementLocation.java:60)
	at org.openqa.selenium.remote.RemoteWebDriver.findElement(RemoteWebDriver.java:352)
	at org.openqa.selenium.remote.RemoteWebDriver.findElement(RemoteWebDriver.java:344)
	at org.openqa.selenium.support.pagefactory.DefaultElementLocator.findElement(DefaultElementLocator.java:70)
	at org.openqa.selenium.support.pagefactory.internal.LocatingElementHandler.invoke(LocatingElementHandler.java:39)
	at jdk.proxy2/jdk.proxy2.$Proxy19.isDisplayed(Unknown Source)
	at org.openqa.selenium.support.ui.ExpectedConditions.elementIfVisible(ExpectedConditions.java:307)
	at org.openqa.selenium.support.ui.ExpectedConditions.access$000(ExpectedConditions.java:40)
	at org.openqa.selenium.support.ui.ExpectedConditions$10.apply(ExpectedConditions.java:293)
	at org.openqa.selenium.support.ui.ExpectedConditions$10.apply(ExpectedConditions.java:290)
	at org.openqa.selenium.support.ui.ExpectedConditions$23.apply(ExpectedConditions.java:660)
	at org.openqa.selenium.support.ui.ExpectedConditions$23.apply(ExpectedConditions.java:656)
	at org.openqa.selenium.support.ui.FluentWait.until(FluentWait.java:208)
	... 35 more
... Removed 35 stack frames
</div> <!-- stack-trace -->
                  <em>
(Verify user able to Share section on Collection titles)                  </em>
                </div> <!-- method-content -->
              </div> <!-- method -->
            </div> <!-- main-panel-content rounded-window-bottom -->
          </div> <!-- suite-Digital_Codes-class-failed -->
          <div class="suite-Digital_Codes-class-passed">
            <div class="main-panel-header rounded-window-top">
              <img src="passed.png"/>
              <span class="class-name">com.Digitalcodes.testcases.Title_LandingPage_Test</span>
            </div> <!-- main-panel-header rounded-window-top -->
            <div class="main-panel-content rounded-window-bottom">
              <div class="method">
                <div class="method-content">
                  <a name="TC04_verifyTitleLandingPage(I-Codes, 2021 I-Codes, 2021 International Building Code (IBC), CHAPTER 2 DEFINITIONS)">
                  </a> <!-- TC04_verifyTitleLandingPage(I-Codes, 2021 I-Codes, 2021 International Building Code (IBC), CHAPTER 2 DEFINITIONS) -->
                  <span class="method-name">TC04_verifyTitleLandingPage</span>
                  <span class="parameters">(I-Codes, 2021 I-Codes, 2021 International Building Code (IBC), CHAPTER 2 DEFINITIONS)</span>
                  <em>
(Verify User able to Navigate to Title Landing page and verify Tag)                  </em>
                </div> <!-- method-content -->
              </div> <!-- method -->
              <div class="method">
                <div class="method-content">
                  <a name="TC05_verifyMarkFavoriteTitle(I-Codes, 2021 I-Codes, 2021 International Building Code (IBC), CHAPTER 2 DEFINITIONS)">
                  </a> <!-- TC05_verifyMarkFavoriteTitle(I-Codes, 2021 I-Codes, 2021 International Building Code (IBC), CHAPTER 2 DEFINITIONS) -->
                  <span class="method-name">TC05_verifyMarkFavoriteTitle</span>
                  <span class="parameters">(I-Codes, 2021 I-Codes, 2021 International Building Code (IBC), CHAPTER 2 DEFINITIONS)</span>
                  <em>
(Verify user able to mark favorite & unfavorite and title should be displayed in favorites)                  </em>
                </div> <!-- method-content -->
              </div> <!-- method -->
              <div class="method">
                <div class="method-content">
                  <a name="TC06_verifyChangeVersion_ReleatedTitles_Categories(I-Codes, 2021 I-Codes, 2021 International Building Code (IBC), CHAPTER 2 DEFINITIONS)">
                  </a> <!-- TC06_verifyChangeVersion_ReleatedTitles_Categories(I-Codes, 2021 I-Codes, 2021 International Building Code (IBC), CHAPTER 2 DEFINITIONS) -->
                  <span class="method-name">TC06_verifyChangeVersion_ReleatedTitles_Categories</span>
                  <span class="parameters">(I-Codes, 2021 I-Codes, 2021 International Building Code (IBC), CHAPTER 2 DEFINITIONS)</span>
                  <em>
(Verify User able to Change Version, Releated Titles, Categories)                  </em>
                </div> <!-- method-content -->
              </div> <!-- method -->
            </div> <!-- main-panel-content rounded-window-bottom -->
          </div> <!-- suite-Digital_Codes-class-passed -->
          <div class="suite-Digital_Codes-class-passed">
            <div class="main-panel-header rounded-window-top">
              <img src="passed.png"/>
              <span class="class-name">com.Digitalcodes.testcases.Title_SectionPage_Test</span>
            </div> <!-- main-panel-header rounded-window-top -->
            <div class="main-panel-content rounded-window-bottom">
              <div class="method">
                <div class="method-content">
                  <a name="TC08_verifyNavigateToSection_FromTOC(I-Codes, 2021 I-Codes, 2021 International Building Code (IBC), CHAPTER 2 DEFINITIONS)">
                  </a> <!-- TC08_verifyNavigateToSection_FromTOC(I-Codes, 2021 I-Codes, 2021 International Building Code (IBC), CHAPTER 2 DEFINITIONS) -->
                  <span class="method-name">TC08_verifyNavigateToSection_FromTOC</span>
                  <span class="parameters">(I-Codes, 2021 I-Codes, 2021 International Building Code (IBC), CHAPTER 2 DEFINITIONS)</span>
                  <em>
(Verify user able to naviagate Section from TableOfContent_Page)                  </em>
                </div> <!-- method-content -->
              </div> <!-- method -->
              <div class="method">
                <div class="method-content">
                  <a name="TC09_verifyCreateNotes_atSection(I-Codes, 2021 I-Codes, 2021 International Building Code (IBC), CHAPTER 2 DEFINITIONS)">
                  </a> <!-- TC09_verifyCreateNotes_atSection(I-Codes, 2021 I-Codes, 2021 International Building Code (IBC), CHAPTER 2 DEFINITIONS) -->
                  <span class="method-name">TC09_verifyCreateNotes_atSection</span>
                  <span class="parameters">(I-Codes, 2021 I-Codes, 2021 International Building Code (IBC), CHAPTER 2 DEFINITIONS)</span>
                  <em>
(Verify user able to create notes at section)                  </em>
                </div> <!-- method-content -->
              </div> <!-- method -->
              <div class="method">
                <div class="method-content">
                  <a name="TC10_verifyCreateBookmark_atSection(I-Codes, 2021 I-Codes, 2021 International Building Code (IBC), CHAPTER 2 DEFINITIONS)">
                  </a> <!-- TC10_verifyCreateBookmark_atSection(I-Codes, 2021 I-Codes, 2021 International Building Code (IBC), CHAPTER 2 DEFINITIONS) -->
                  <span class="method-name">TC10_verifyCreateBookmark_atSection</span>
                  <span class="parameters">(I-Codes, 2021 I-Codes, 2021 International Building Code (IBC), CHAPTER 2 DEFINITIONS)</span>
                  <em>
(Verify user able to create bookmark at section)                  </em>
                </div> <!-- method-content -->
              </div> <!-- method -->
              <div class="method">
                <div class="method-content">
                  <a name="TC12_verifyPrintSection_FromSection(I-Codes, 2021 I-Codes, 2021 International Building Code (IBC), CHAPTER 2 DEFINITIONS)">
                  </a> <!-- TC12_verifyPrintSection_FromSection(I-Codes, 2021 I-Codes, 2021 International Building Code (IBC), CHAPTER 2 DEFINITIONS) -->
                  <span class="method-name">TC12_verifyPrintSection_FromSection</span>
                  <span class="parameters">(I-Codes, 2021 I-Codes, 2021 International Building Code (IBC), CHAPTER 2 DEFINITIONS)</span>
                  <em>
(Verify user able to Print Section)                  </em>
                </div> <!-- method-content -->
              </div> <!-- method -->
              <div class="method">
                <div class="method-content">
                  <a name="TC13_verifyShareNote_FromSction(I-Codes, 2021 I-Codes, 2021 International Building Code (IBC), CHAPTER 2 DEFINITIONS)">
                  </a> <!-- TC13_verifyShareNote_FromSction(I-Codes, 2021 I-Codes, 2021 International Building Code (IBC), CHAPTER 2 DEFINITIONS) -->
                  <span class="method-name">TC13_verifyShareNote_FromSction</span>
                  <span class="parameters">(I-Codes, 2021 I-Codes, 2021 International Building Code (IBC), CHAPTER 2 DEFINITIONS)</span>
                  <em>
(Verify user able to share note from section)                  </em>
                </div> <!-- method-content -->
              </div> <!-- method -->
              <div class="method">
                <div class="method-content">
                  <a name="TC14_verifyEditNotes_FromSection">
                  </a> <!-- TC14_verifyEditNotes_FromSection -->
                  <span class="method-name">TC14_verifyEditNotes_FromSection</span>
                  <em>
(Verify user able to edit notes from Section)                  </em>
                </div> <!-- method-content -->
              </div> <!-- method -->
              <div class="method">
                <div class="method-content">
                  <a name="TC15_verifyDeleteNotes_FromSection">
                  </a> <!-- TC15_verifyDeleteNotes_FromSection -->
                  <span class="method-name">TC15_verifyDeleteNotes_FromSection</span>
                  <em>
(Verify user able to delete Notes from Section)                  </em>
                </div> <!-- method-content -->
              </div> <!-- method -->
              <div class="method">
                <div class="method-content">
                  <a name="TC16_verifyShareBookmark_FromSection(I-Codes, 2021 I-Codes, 2021 International Building Code (IBC), CHAPTER 2 DEFINITIONS)">
                  </a> <!-- TC16_verifyShareBookmark_FromSection(I-Codes, 2021 I-Codes, 2021 International Building Code (IBC), CHAPTER 2 DEFINITIONS) -->
                  <span class="method-name">TC16_verifyShareBookmark_FromSection</span>
                  <span class="parameters">(I-Codes, 2021 I-Codes, 2021 International Building Code (IBC), CHAPTER 2 DEFINITIONS)</span>
                  <em>
(Verify user able to share bookmark from Section)                  </em>
                </div> <!-- method-content -->
              </div> <!-- method -->
              <div class="method">
                <div class="method-content">
                  <a name="TC17_verifyEditBookmark_FromSection">
                  </a> <!-- TC17_verifyEditBookmark_FromSection -->
                  <span class="method-name">TC17_verifyEditBookmark_FromSection</span>
                  <em>
(Verify user able to edit Bookamrk from Section)                  </em>
                </div> <!-- method-content -->
              </div> <!-- method -->
              <div class="method">
                <div class="method-content">
                  <a name="TC18_verifyDeleteBookmark_FromSection">
                  </a> <!-- TC18_verifyDeleteBookmark_FromSection -->
                  <span class="method-name">TC18_verifyDeleteBookmark_FromSection</span>
                  <em>
(Verify user able to Delete Bookmark from Section)                  </em>
                </div> <!-- method-content -->
              </div> <!-- method -->
              <div class="method">
                <div class="method-content">
                  <a name="TC20_verifyCreateNotes_atSubsection(I-Codes, 2021 I-Codes, 2021 International Building Code (IBC), CHAPTER 2 DEFINITIONS)">
                  </a> <!-- TC20_verifyCreateNotes_atSubsection(I-Codes, 2021 I-Codes, 2021 International Building Code (IBC), CHAPTER 2 DEFINITIONS) -->
                  <span class="method-name">TC20_verifyCreateNotes_atSubsection</span>
                  <span class="parameters">(I-Codes, 2021 I-Codes, 2021 International Building Code (IBC), CHAPTER 2 DEFINITIONS)</span>
                  <em>
(Verify user able to create notes at Sub-Section)                  </em>
                </div> <!-- method-content -->
              </div> <!-- method -->
              <div class="method">
                <div class="method-content">
                  <a name="TC21_verifyCreateBookmark_atSubsection(I-Codes, 2021 I-Codes, 2021 International Building Code (IBC), CHAPTER 2 DEFINITIONS)">
                  </a> <!-- TC21_verifyCreateBookmark_atSubsection(I-Codes, 2021 I-Codes, 2021 International Building Code (IBC), CHAPTER 2 DEFINITIONS) -->
                  <span class="method-name">TC21_verifyCreateBookmark_atSubsection</span>
                  <span class="parameters">(I-Codes, 2021 I-Codes, 2021 International Building Code (IBC), CHAPTER 2 DEFINITIONS)</span>
                  <em>
(Verify user able to create Bookmark at Sub-Section)                  </em>
                </div> <!-- method-content -->
              </div> <!-- method -->
              <div class="method">
                <div class="method-content">
                  <a name="TC23_verifyPrintSection_FromSubSection">
                  </a> <!-- TC23_verifyPrintSection_FromSubSection -->
                  <span class="method-name">TC23_verifyPrintSection_FromSubSection</span>
                  <em>
(Verify user able to Print SubSection)                  </em>
                </div> <!-- method-content -->
              </div> <!-- method -->
              <div class="method">
                <div class="method-content">
                  <a name="TC24_verifyCreateNotes_atChildSubsection(I-Codes, 2021 I-Codes, 2021 International Building Code (IBC), CHAPTER 2 DEFINITIONS)">
                  </a> <!-- TC24_verifyCreateNotes_atChildSubsection(I-Codes, 2021 I-Codes, 2021 International Building Code (IBC), CHAPTER 2 DEFINITIONS) -->
                  <span class="method-name">TC24_verifyCreateNotes_atChildSubsection</span>
                  <span class="parameters">(I-Codes, 2021 I-Codes, 2021 International Building Code (IBC), CHAPTER 2 DEFINITIONS)</span>
                  <em>
(Verify user able to create notes at ChildSub-Section)                  </em>
                </div> <!-- method-content -->
              </div> <!-- method -->
              <div class="method">
                <div class="method-content">
                  <a name="TC25_verifyCreateBookmark_atChildSubsection(I-Codes, 2021 I-Codes, 2021 International Building Code (IBC), CHAPTER 2 DEFINITIONS)">
                  </a> <!-- TC25_verifyCreateBookmark_atChildSubsection(I-Codes, 2021 I-Codes, 2021 International Building Code (IBC), CHAPTER 2 DEFINITIONS) -->
                  <span class="method-name">TC25_verifyCreateBookmark_atChildSubsection</span>
                  <span class="parameters">(I-Codes, 2021 I-Codes, 2021 International Building Code (IBC), CHAPTER 2 DEFINITIONS)</span>
                  <em>
(Verify user able to create Bookmark at ChildSub-Section)                  </em>
                </div> <!-- method-content -->
              </div> <!-- method -->
              <div class="method">
                <div class="method-content">
                  <a name="TC27_verifyPrintSection_FromChildSubSection">
                  </a> <!-- TC27_verifyPrintSection_FromChildSubSection -->
                  <span class="method-name">TC27_verifyPrintSection_FromChildSubSection</span>
                  <em>
(Verify user able to Print SubSection)                  </em>
                </div> <!-- method-content -->
              </div> <!-- method -->
            </div> <!-- main-panel-content rounded-window-bottom -->
          </div> <!-- suite-Digital_Codes-class-passed -->
          <div class="suite-Digital_Codes-class-passed">
            <div class="main-panel-header rounded-window-top">
              <img src="passed.png"/>
              <span class="class-name">com.Digitalcodes.testcases.TableOfContent_Test</span>
            </div> <!-- main-panel-header rounded-window-top -->
            <div class="main-panel-content rounded-window-bottom">
              <div class="method">
                <div class="method-content">
                  <a name="TC07_verifyMyNotes_FromTOC(I-Codes, 2021 I-Codes, 2021 International Building Code (IBC), CHAPTER 2 DEFINITIONS)">
                  </a> <!-- TC07_verifyMyNotes_FromTOC(I-Codes, 2021 I-Codes, 2021 International Building Code (IBC), CHAPTER 2 DEFINITIONS) -->
                  <span class="method-name">TC07_verifyMyNotes_FromTOC</span>
                  <span class="parameters">(I-Codes, 2021 I-Codes, 2021 International Building Code (IBC), CHAPTER 2 DEFINITIONS)</span>
                  <em>
(Verify my notes From Table Of Content when user have no any notes )                  </em>
                </div> <!-- method-content -->
              </div> <!-- method -->
            </div> <!-- main-panel-content rounded-window-bottom -->
          </div> <!-- suite-Digital_Codes-class-passed -->
          <div class="suite-Digital_Codes-class-passed">
            <div class="main-panel-header rounded-window-top">
              <img src="passed.png"/>
              <span class="class-name">com.Digitalcodes.testcases.Login_Test</span>
            </div> <!-- main-panel-header rounded-window-top -->
            <div class="main-panel-content rounded-window-bottom">
              <div class="method">
                <div class="method-content">
                  <a name="TC01_loginValidData(complete.user@iccsafe.info, Digital@123, Complete User, Premium Complete)">
                  </a> <!-- TC01_loginValidData(complete.user@iccsafe.info, Digital@123, Complete User, Premium Complete) -->
                  <span class="method-name">TC01_loginValidData</span>
                  <span class="parameters">(complete.user@iccsafe.info, Digital@123, Complete User, Premium Complete)</span>
                  <em>
(User able to Login with valid creditionls)                  </em>
                </div> <!-- method-content -->
              </div> <!-- method -->
              <div class="method">
                <div class="method-content">
                  <a name="TC02_verifyUserInformation(complete.user@iccsafe.info, Digital@123, Complete User, Premium Complete)">
                  </a> <!-- TC02_verifyUserInformation(complete.user@iccsafe.info, Digital@123, Complete User, Premium Complete) -->
                  <span class="method-name">TC02_verifyUserInformation</span>
                  <span class="parameters">(complete.user@iccsafe.info, Digital@123, Complete User, Premium Complete)</span>
                  <em>
(Verify User able to displyed Subscription type, Name, email )                  </em>
                </div> <!-- method-content -->
              </div> <!-- method -->
            </div> <!-- main-panel-content rounded-window-bottom -->
          </div> <!-- suite-Digital_Codes-class-passed -->
          <div class="suite-Digital_Codes-class-passed">
            <div class="main-panel-header rounded-window-top">
              <img src="passed.png"/>
              <span class="class-name">com.Digitalcodes.testcases.Title_Collection_Test</span>
            </div> <!-- main-panel-header rounded-window-top -->
            <div class="main-panel-content rounded-window-bottom">
              <div class="method">
                <div class="method-content">
                  <a name="TC28_verifyCollectionLandingPage(Collections, 2023 Energy Collection, 2021 CFR Part 3285 Model Manufactured Home Installation Standar...)">
                  </a> <!-- TC28_verifyCollectionLandingPage(Collections, 2023 Energy Collection, 2021 CFR Part 3285 Model Manufactured Home Installation Standar...) -->
                  <span class="method-name">TC28_verifyCollectionLandingPage</span>
                  <span class="parameters">(Collections, 2023 Energy Collection, 2021 CFR Part 3285 Model Manufactured Home Installation Standards, Subpart C Site Preparation)</span>
                  <em>
(Verify user able to navigate to Collection title)                  </em>
                </div> <!-- method-content -->
              </div> <!-- method -->
              <div class="method">
                <div class="method-content">
                  <a name="TC28_verifyCollectionLandingPage(Collections, Premium Complete, 2023 Analysis of Changes, 2023 NEC, CHAPTER 1 GENERAL)">
                  </a> <!-- TC28_verifyCollectionLandingPage(Collections, Premium Complete, 2023 Analysis of Changes, 2023 NEC, CHAPTER 1 GENERAL) -->
                  <span class="method-name">TC28_verifyCollectionLandingPage</span>
                  <span class="parameters">(Collections, Premium Complete, 2023 Analysis of Changes, 2023 NEC, CHAPTER 1 GENERAL)</span>
                  <em>
(Verify user able to navigate to Collection title)                  </em>
                </div> <!-- method-content -->
              </div> <!-- method -->
              <div class="method">
                <div class="method-content">
                  <a name="TC29_verifySection_collectionTitles(Collections, 2023 Energy Collection, 2021 CFR Part 3285 Model Manufactured Home Installation Standar...)">
                  </a> <!-- TC29_verifySection_collectionTitles(Collections, 2023 Energy Collection, 2021 CFR Part 3285 Model Manufactured Home Installation Standar...) -->
                  <span class="method-name">TC29_verifySection_collectionTitles</span>
                  <span class="parameters">(Collections, 2023 Energy Collection, 2021 CFR Part 3285 Model Manufactured Home Installation Standards, Subpart C Site Preparation)</span>
                  <em>
(Verify user able to navigate to Section on Collection title)                  </em>
                </div> <!-- method-content -->
              </div> <!-- method -->
              <div class="method">
                <div class="method-content">
                  <a name="TC29_verifySection_collectionTitles(Collections, Premium Complete, 2023 Analysis of Changes, 2023 NEC, CHAPTER 1 GENERAL)">
                  </a> <!-- TC29_verifySection_collectionTitles(Collections, Premium Complete, 2023 Analysis of Changes, 2023 NEC, CHAPTER 1 GENERAL) -->
                  <span class="method-name">TC29_verifySection_collectionTitles</span>
                  <span class="parameters">(Collections, Premium Complete, 2023 Analysis of Changes, 2023 NEC, CHAPTER 1 GENERAL)</span>
                  <em>
(Verify user able to navigate to Section on Collection title)                  </em>
                </div> <!-- method-content -->
              </div> <!-- method -->
              <div class="method">
                <div class="method-content">
                  <a name="TC30_verifyCreateNotes_collectionTitles(Collections, Premium Complete, 2023 Analysis of Changes, 2023 NEC, CHAPTER 1 GENERAL)">
                  </a> <!-- TC30_verifyCreateNotes_collectionTitles(Collections, Premium Complete, 2023 Analysis of Changes, 2023 NEC, CHAPTER 1 GENERAL) -->
                  <span class="method-name">TC30_verifyCreateNotes_collectionTitles</span>
                  <span class="parameters">(Collections, Premium Complete, 2023 Analysis of Changes, 2023 NEC, CHAPTER 1 GENERAL)</span>
                  <em>
(Verify user able to create Notes on Collection titles)                  </em>
                </div> <!-- method-content -->
              </div> <!-- method -->
              <div class="method">
                <div class="method-content">
                  <a name="TC31_verifyCreateBookmark_collectionTitles(Collections, Premium Complete, 2023 Analysis of Changes, 2023 NEC, CHAPTER 1 GENERAL)">
                  </a> <!-- TC31_verifyCreateBookmark_collectionTitles(Collections, Premium Complete, 2023 Analysis of Changes, 2023 NEC, CHAPTER 1 GENERAL) -->
                  <span class="method-name">TC31_verifyCreateBookmark_collectionTitles</span>
                  <span class="parameters">(Collections, Premium Complete, 2023 Analysis of Changes, 2023 NEC, CHAPTER 1 GENERAL)</span>
                  <em>
(Verify user able to create Bookmark on Collection titles)                  </em>
                </div> <!-- method-content -->
              </div> <!-- method -->
              <div class="method">
                <div class="method-content">
                  <a name="TC33_verifyPrintSection_CollectionTitles(Collections, Premium Complete, 2023 Analysis of Changes, 2023 NEC, CHAPTER 1 GENERAL)">
                  </a> <!-- TC33_verifyPrintSection_CollectionTitles(Collections, Premium Complete, 2023 Analysis of Changes, 2023 NEC, CHAPTER 1 GENERAL) -->
                  <span class="method-name">TC33_verifyPrintSection_CollectionTitles</span>
                  <span class="parameters">(Collections, Premium Complete, 2023 Analysis of Changes, 2023 NEC, CHAPTER 1 GENERAL)</span>
                  <em>
(Verify user able to Print section on Collection titles)                  </em>
                </div> <!-- method-content -->
              </div> <!-- method -->
            </div> <!-- main-panel-content rounded-window-bottom -->
          </div> <!-- suite-Digital_Codes-class-passed -->
        </div> <!-- panel Digital_Codes -->
        <div panel-name="test-xml-Digital_Codes" class="panel">
          <div class="main-panel-header rounded-window-top">
            <span class="header-content">D:\eclipse-workspace\com.Digitalcodes\testng.xml</span>
          </div> <!-- main-panel-header rounded-window-top -->
          <div class="main-panel-content rounded-window-bottom">
            <pre>
&lt;?xml version=&quot;1.0&quot; encoding=&quot;UTF-8&quot;?&gt;
&lt;!DOCTYPE suite SYSTEM &quot;https://testng.org/testng-1.0.dtd&quot;&gt;
&lt;suite name=&quot;Digital Codes&quot; guice-stage=&quot;DEVELOPMENT&quot; verbose=&quot;0&quot;&gt;
  &lt;parameter name=&quot;tagname&quot; value=&quot;Smoke&quot;/&gt;
  &lt;listeners&gt;
    &lt;listener class-name=&quot;com.Digitalcodes.testcases.LogResult&quot;/&gt;
  &lt;/listeners&gt;
  &lt;test thread-count=&quot;5&quot; name=&quot;Test&quot; verbose=&quot;0&quot;&gt;
    &lt;parameter name=&quot;User&quot; value=&quot;PREMIUM&quot;/&gt;
    &lt;parameter name=&quot;Browser&quot; value=&quot;chrome&quot;/&gt;
    &lt;classes&gt;
      &lt;class name=&quot;com.Digitalcodes.testcases.Login_Test&quot;/&gt;
      &lt;class name=&quot;com.Digitalcodes.testcases.Title_LandingPage_Test&quot;/&gt;
      &lt;class name=&quot;com.Digitalcodes.testcases.TableOfContent_Test&quot;/&gt;
      &lt;class name=&quot;com.Digitalcodes.testcases.Title_SectionPage_Test&quot;/&gt;
      &lt;class name=&quot;com.Digitalcodes.testcases.Title_Collection_Test&quot;/&gt;
    &lt;/classes&gt;
  &lt;/test&gt; &lt;!-- Test --&gt;
&lt;/suite&gt; &lt;!-- Digital Codes --&gt;
            </pre>
          </div> <!-- main-panel-content rounded-window-bottom -->
        </div> <!-- panel -->
        <div panel-name="testlist-Digital_Codes" class="panel">
          <div class="main-panel-header rounded-window-top">
            <span class="header-content">Tests for Digital Codes</span>
          </div> <!-- main-panel-header rounded-window-top -->
          <div class="main-panel-content rounded-window-bottom">
            <ul>
              <li>
                <span class="test-name">Test (5 classes)</span>
              </li>
            </ul>
          </div> <!-- main-panel-content rounded-window-bottom -->
        </div> <!-- panel -->
        <div panel-name="group-Digital_Codes" class="panel">
          <div class="main-panel-header rounded-window-top">
            <span class="header-content">Groups for Digital Codes</span>
          </div> <!-- main-panel-header rounded-window-top -->
          <div class="main-panel-content rounded-window-bottom">
            <div class="test-group">
              <span class="test-group-name">Regeration</span>
              <br/>
              <div class="method-in-group">
                <span class="method-in-group-name">TC01_loginValidData</span>
                <br/>
              </div> <!-- method-in-group -->
              <div class="method-in-group">
                <span class="method-in-group-name">TC02_verifyUserInformation</span>
                <br/>
              </div> <!-- method-in-group -->
              <div class="method-in-group">
                <span class="method-in-group-name">TC04_verifyTitleLandingPage</span>
                <br/>
              </div> <!-- method-in-group -->
              <div class="method-in-group">
                <span class="method-in-group-name">TC06_verifyChangeVersion_ReleatedTitles_Categories</span>
                <br/>
              </div> <!-- method-in-group -->
              <div class="method-in-group">
                <span class="method-in-group-name">TC07_verifyMyNotes_FromTOC</span>
                <br/>
              </div> <!-- method-in-group -->
            </div> <!-- test-group -->
            <div class="test-group">
              <span class="test-group-name">Regression</span>
              <br/>
              <div class="method-in-group">
                <span class="method-in-group-name">TC08_verifyNavigateToSection_FromTOC</span>
                <br/>
              </div> <!-- method-in-group -->
              <div class="method-in-group">
                <span class="method-in-group-name">TC09_verifyCreateNotes_atSection</span>
                <br/>
              </div> <!-- method-in-group -->
              <div class="method-in-group">
                <span class="method-in-group-name">TC10_verifyCreateBookmark_atSection</span>
                <br/>
              </div> <!-- method-in-group -->
              <div class="method-in-group">
                <span class="method-in-group-name">TC11_verifyShareSection_FromSection</span>
                <br/>
              </div> <!-- method-in-group -->
              <div class="method-in-group">
                <span class="method-in-group-name">TC12_verifyPrintSection_FromSection</span>
                <br/>
              </div> <!-- method-in-group -->
              <div class="method-in-group">
                <span class="method-in-group-name">TC13_verifyShareNote_FromSction</span>
                <br/>
              </div> <!-- method-in-group -->
              <div class="method-in-group">
                <span class="method-in-group-name">TC14_verifyEditNotes_FromSection</span>
                <br/>
              </div> <!-- method-in-group -->
              <div class="method-in-group">
                <span class="method-in-group-name">TC15_verifyDeleteNotes_FromSection</span>
                <br/>
              </div> <!-- method-in-group -->
              <div class="method-in-group">
                <span class="method-in-group-name">TC16_verifyShareBookmark_FromSection</span>
                <br/>
              </div> <!-- method-in-group -->
              <div class="method-in-group">
                <span class="method-in-group-name">TC17_verifyEditBookmark_FromSection</span>
                <br/>
              </div> <!-- method-in-group -->
              <div class="method-in-group">
                <span class="method-in-group-name">TC18_verifyDeleteBookmark_FromSection</span>
                <br/>
              </div> <!-- method-in-group -->
              <div class="method-in-group">
                <span class="method-in-group-name">TC19_verifyLinksOnChapter</span>
                <br/>
              </div> <!-- method-in-group -->
              <div class="method-in-group">
                <span class="method-in-group-name">TC20_verifyCreateNotes_atSubsection</span>
                <br/>
              </div> <!-- method-in-group -->
              <div class="method-in-group">
                <span class="method-in-group-name">TC21_verifyCreateBookmark_atSubsection</span>
                <br/>
              </div> <!-- method-in-group -->
              <div class="method-in-group">
                <span class="method-in-group-name">TC22_verifyShareSection_FromSubSection</span>
                <br/>
              </div> <!-- method-in-group -->
              <div class="method-in-group">
                <span class="method-in-group-name">TC23_verifyPrintSection_FromSubSection</span>
                <br/>
              </div> <!-- method-in-group -->
              <div class="method-in-group">
                <span class="method-in-group-name">TC24_verifyCreateNotes_atChildSubsection</span>
                <br/>
              </div> <!-- method-in-group -->
              <div class="method-in-group">
                <span class="method-in-group-name">TC25_verifyCreateBookmark_atChildSubsection</span>
                <br/>
              </div> <!-- method-in-group -->
              <div class="method-in-group">
                <span class="method-in-group-name">TC26_verifyShareSection_atChildSubsection</span>
                <br/>
              </div> <!-- method-in-group -->
              <div class="method-in-group">
                <span class="method-in-group-name">TC27_verifyPrintSection_FromChildSubSection</span>
                <br/>
              </div> <!-- method-in-group -->
            </div> <!-- test-group -->
            <div class="test-group">
              <span class="test-group-name">Smoke</span>
              <br/>
              <div class="method-in-group">
                <span class="method-in-group-name">TC01_loginValidData</span>
                <br/>
              </div> <!-- method-in-group -->
              <div class="method-in-group">
                <span class="method-in-group-name">TC02_verifyUserInformation</span>
                <br/>
              </div> <!-- method-in-group -->
              <div class="method-in-group">
                <span class="method-in-group-name">TC04_verifyTitleLandingPage</span>
                <br/>
              </div> <!-- method-in-group -->
              <div class="method-in-group">
                <span class="method-in-group-name">TC05_verifyMarkFavoriteTitle</span>
                <br/>
              </div> <!-- method-in-group -->
              <div class="method-in-group">
                <span class="method-in-group-name">TC07_verifyMyNotes_FromTOC</span>
                <br/>
              </div> <!-- method-in-group -->
              <div class="method-in-group">
                <span class="method-in-group-name">TC08_verifyNavigateToSection_FromTOC</span>
                <br/>
              </div> <!-- method-in-group -->
              <div class="method-in-group">
                <span class="method-in-group-name">TC09_verifyCreateNotes_atSection</span>
                <br/>
              </div> <!-- method-in-group -->
              <div class="method-in-group">
                <span class="method-in-group-name">TC10_verifyCreateBookmark_atSection</span>
                <br/>
              </div> <!-- method-in-group -->
              <div class="method-in-group">
                <span class="method-in-group-name">TC11_verifyShareSection_FromSection</span>
                <br/>
              </div> <!-- method-in-group -->
              <div class="method-in-group">
                <span class="method-in-group-name">TC12_verifyPrintSection_FromSection</span>
                <br/>
              </div> <!-- method-in-group -->
              <div class="method-in-group">
                <span class="method-in-group-name">TC13_verifyShareNote_FromSction</span>
                <br/>
              </div> <!-- method-in-group -->
              <div class="method-in-group">
                <span class="method-in-group-name">TC14_verifyEditNotes_FromSection</span>
                <br/>
              </div> <!-- method-in-group -->
              <div class="method-in-group">
                <span class="method-in-group-name">TC15_verifyDeleteNotes_FromSection</span>
                <br/>
              </div> <!-- method-in-group -->
              <div class="method-in-group">
                <span class="method-in-group-name">TC16_verifyShareBookmark_FromSection</span>
                <br/>
              </div> <!-- method-in-group -->
              <div class="method-in-group">
                <span class="method-in-group-name">TC17_verifyEditBookmark_FromSection</span>
                <br/>
              </div> <!-- method-in-group -->
              <div class="method-in-group">
                <span class="method-in-group-name">TC19_verifyLinksOnChapter</span>
                <br/>
              </div> <!-- method-in-group -->
              <div class="method-in-group">
                <span class="method-in-group-name">TC28_verifyCollectionLandingPage</span>
                <br/>
              </div> <!-- method-in-group -->
            </div> <!-- test-group -->
            <div class="test-group">
              <span class="test-group-name">Smoke,Regression</span>
              <br/>
              <div class="method-in-group">
                <span class="method-in-group-name">TC29_verifySection_collectionTitles</span>
                <br/>
              </div> <!-- method-in-group -->
              <div class="method-in-group">
                <span class="method-in-group-name">TC30_verifyCreateNotes_collectionTitles</span>
                <br/>
              </div> <!-- method-in-group -->
              <div class="method-in-group">
                <span class="method-in-group-name">TC31_verifyCreateBookmark_collectionTitles</span>
                <br/>
              </div> <!-- method-in-group -->
              <div class="method-in-group">
                <span class="method-in-group-name">TC32_verifyShareSection_CollectionTitles</span>
                <br/>
              </div> <!-- method-in-group -->
              <div class="method-in-group">
                <span class="method-in-group-name">TC33_verifyPrintSection_CollectionTitles</span>
                <br/>
              </div> <!-- method-in-group -->
            </div> <!-- test-group -->
          </div> <!-- main-panel-content rounded-window-bottom -->
        </div> <!-- panel -->
        <div panel-name="times-Digital_Codes" class="panel">
          <div class="main-panel-header rounded-window-top">
            <span class="header-content">Times for Digital Codes</span>
          </div> <!-- main-panel-header rounded-window-top -->
          <div class="main-panel-content rounded-window-bottom">
            <div class="times-div">
              <script type="text/javascript">
suiteTableInitFunctions.push('tableData_Digital_Codes');
function tableData_Digital_Codes() {
var data = new google.visualization.DataTable();
data.addColumn('number', 'Number');
data.addColumn('string', 'Method');
data.addColumn('string', 'Class');
data.addColumn('number', 'Time (ms)');
data.addRows(34);
data.setCell(0, 0, 0)
data.setCell(0, 1, 'TC26_verifyShareSection_atChildSubsection')
data.setCell(0, 2, 'com.Digitalcodes.testcases.Title_SectionPage_Test')
data.setCell(0, 3, 199216);
data.setCell(1, 0, 1)
data.setCell(1, 1, 'TC32_verifyShareSection_CollectionTitles')
data.setCell(1, 2, 'com.Digitalcodes.testcases.Title_Collection_Test')
data.setCell(1, 3, 190209);
data.setCell(2, 0, 2)
data.setCell(2, 1, 'TC19_verifyLinksOnChapter')
data.setCell(2, 2, 'com.Digitalcodes.testcases.Title_SectionPage_Test')
data.setCell(2, 3, 185643);
data.setCell(3, 0, 3)
data.setCell(3, 1, 'TC25_verifyCreateBookmark_atChildSubsection')
data.setCell(3, 2, 'com.Digitalcodes.testcases.Title_SectionPage_Test')
data.setCell(3, 3, 119930);
data.setCell(4, 0, 4)
data.setCell(4, 1, 'TC09_verifyCreateNotes_atSection')
data.setCell(4, 2, 'com.Digitalcodes.testcases.Title_SectionPage_Test')
data.setCell(4, 3, 117661);
data.setCell(5, 0, 5)
data.setCell(5, 1, 'TC21_verifyCreateBookmark_atSubsection')
data.setCell(5, 2, 'com.Digitalcodes.testcases.Title_SectionPage_Test')
data.setCell(5, 3, 117221);
data.setCell(6, 0, 6)
data.setCell(6, 1, 'TC10_verifyCreateBookmark_atSection')
data.setCell(6, 2, 'com.Digitalcodes.testcases.Title_SectionPage_Test')
data.setCell(6, 3, 114894);
data.setCell(7, 0, 7)
data.setCell(7, 1, 'TC20_verifyCreateNotes_atSubsection')
data.setCell(7, 2, 'com.Digitalcodes.testcases.Title_SectionPage_Test')
data.setCell(7, 3, 113965);
data.setCell(8, 0, 8)
data.setCell(8, 1, 'TC31_verifyCreateBookmark_collectionTitles')
data.setCell(8, 2, 'com.Digitalcodes.testcases.Title_Collection_Test')
data.setCell(8, 3, 113934);
data.setCell(9, 0, 9)
data.setCell(9, 1, 'TC24_verifyCreateNotes_atChildSubsection')
data.setCell(9, 2, 'com.Digitalcodes.testcases.Title_SectionPage_Test')
data.setCell(9, 3, 113473);
data.setCell(10, 0, 10)
data.setCell(10, 1, 'TC30_verifyCreateNotes_collectionTitles')
data.setCell(10, 2, 'com.Digitalcodes.testcases.Title_Collection_Test')
data.setCell(10, 3, 111986);
data.setCell(11, 0, 11)
data.setCell(11, 1, 'TC16_verifyShareBookmark_FromSection')
data.setCell(11, 2, 'com.Digitalcodes.testcases.Title_SectionPage_Test')
data.setCell(11, 3, 85480);
data.setCell(12, 0, 12)
data.setCell(12, 1, 'TC22_verifyShareSection_FromSubSection')
data.setCell(12, 2, 'com.Digitalcodes.testcases.Title_SectionPage_Test')
data.setCell(12, 3, 72169);
data.setCell(13, 0, 13)
data.setCell(13, 1, 'TC11_verifyShareSection_FromSection')
data.setCell(13, 2, 'com.Digitalcodes.testcases.Title_SectionPage_Test')
data.setCell(13, 3, 66625);
data.setCell(14, 0, 14)
data.setCell(14, 1, 'TC05_verifyMarkFavoriteTitle')
data.setCell(14, 2, 'com.Digitalcodes.testcases.Title_LandingPage_Test')
data.setCell(14, 3, 63360);
data.setCell(15, 0, 15)
data.setCell(15, 1, 'TC06_verifyChangeVersion_ReleatedTitles_Categories')
data.setCell(15, 2, 'com.Digitalcodes.testcases.Title_LandingPage_Test')
data.setCell(15, 3, 54018);
data.setCell(16, 0, 16)
data.setCell(16, 1, 'TC33_verifyPrintSection_CollectionTitles')
data.setCell(16, 2, 'com.Digitalcodes.testcases.Title_Collection_Test')
data.setCell(16, 3, 53158);
data.setCell(17, 0, 17)
data.setCell(17, 1, 'TC29_verifySection_collectionTitles')
data.setCell(17, 2, 'com.Digitalcodes.testcases.Title_Collection_Test')
data.setCell(17, 3, 51974);
data.setCell(18, 0, 18)
data.setCell(18, 1, 'TC08_verifyNavigateToSection_FromTOC')
data.setCell(18, 2, 'com.Digitalcodes.testcases.Title_SectionPage_Test')
data.setCell(18, 3, 50050);
data.setCell(19, 0, 19)
data.setCell(19, 1, 'TC29_verifySection_collectionTitles')
data.setCell(19, 2, 'com.Digitalcodes.testcases.Title_Collection_Test')
data.setCell(19, 3, 49015);
data.setCell(20, 0, 20)
data.setCell(20, 1, 'TC28_verifyCollectionLandingPage')
data.setCell(20, 2, 'com.Digitalcodes.testcases.Title_Collection_Test')
data.setCell(20, 3, 44802);
data.setCell(21, 0, 21)
data.setCell(21, 1, 'TC07_verifyMyNotes_FromTOC')
data.setCell(21, 2, 'com.Digitalcodes.testcases.TableOfContent_Test')
data.setCell(21, 3, 43659);
data.setCell(22, 0, 22)
data.setCell(22, 1, 'TC28_verifyCollectionLandingPage')
data.setCell(22, 2, 'com.Digitalcodes.testcases.Title_Collection_Test')
data.setCell(22, 3, 40506);
data.setCell(23, 0, 23)
data.setCell(23, 1, 'TC04_verifyTitleLandingPage')
data.setCell(23, 2, 'com.Digitalcodes.testcases.Title_LandingPage_Test')
data.setCell(23, 3, 39014);
data.setCell(24, 0, 24)
data.setCell(24, 1, 'TC13_verifyShareNote_FromSction')
data.setCell(24, 2, 'com.Digitalcodes.testcases.Title_SectionPage_Test')
data.setCell(24, 3, 35313);
data.setCell(25, 0, 25)
data.setCell(25, 1, 'TC01_loginValidData')
data.setCell(25, 2, 'com.Digitalcodes.testcases.Login_Test')
data.setCell(25, 3, 27298);
data.setCell(26, 0, 26)
data.setCell(26, 1, 'TC23_verifyPrintSection_FromSubSection')
data.setCell(26, 2, 'com.Digitalcodes.testcases.Title_SectionPage_Test')
data.setCell(26, 3, 25992);
data.setCell(27, 0, 27)
data.setCell(27, 1, 'TC17_verifyEditBookmark_FromSection')
data.setCell(27, 2, 'com.Digitalcodes.testcases.Title_SectionPage_Test')
data.setCell(27, 3, 19831);
data.setCell(28, 0, 28)
data.setCell(28, 1, 'TC14_verifyEditNotes_FromSection')
data.setCell(28, 2, 'com.Digitalcodes.testcases.Title_SectionPage_Test')
data.setCell(28, 3, 19594);
data.setCell(29, 0, 29)
data.setCell(29, 1, 'TC18_verifyDeleteBookmark_FromSection')
data.setCell(29, 2, 'com.Digitalcodes.testcases.Title_SectionPage_Test')
data.setCell(29, 3, 14329);
data.setCell(30, 0, 30)
data.setCell(30, 1, 'TC15_verifyDeleteNotes_FromSection')
data.setCell(30, 2, 'com.Digitalcodes.testcases.Title_SectionPage_Test')
data.setCell(30, 3, 14024);
data.setCell(31, 0, 31)
data.setCell(31, 1, 'TC12_verifyPrintSection_FromSection')
data.setCell(31, 2, 'com.Digitalcodes.testcases.Title_SectionPage_Test')
data.setCell(31, 3, 11035);
data.setCell(32, 0, 32)
data.setCell(32, 1, 'TC02_verifyUserInformation')
data.setCell(32, 2, 'com.Digitalcodes.testcases.Login_Test')
data.setCell(32, 3, 10596);
data.setCell(33, 0, 33)
data.setCell(33, 1, 'TC27_verifyPrintSection_FromChildSubSection')
data.setCell(33, 2, 'com.Digitalcodes.testcases.Title_SectionPage_Test')
data.setCell(33, 3, 10576);
window.suiteTableData['Digital_Codes']= { tableData: data, tableDiv: 'times-div-Digital_Codes'}
return data;
}
              </script>
              <span class="suite-total-time">Total running time: 40 minutes</span>
              <div id="times-div-Digital_Codes">
              </div> <!-- times-div-Digital_Codes -->
            </div> <!-- times-div -->
          </div> <!-- main-panel-content rounded-window-bottom -->
        </div> <!-- panel -->
        <div panel-name="reporter-Digital_Codes" class="panel">
          <div class="main-panel-header rounded-window-top">
            <span class="header-content">Reporter output for Digital Codes</span>
          </div> <!-- main-panel-header rounded-window-top -->
          <div class="main-panel-content rounded-window-bottom">
          </div> <!-- main-panel-content rounded-window-bottom -->
        </div> <!-- panel -->
        <div panel-name="ignored-methods-Digital_Codes" class="panel">
          <div class="main-panel-header rounded-window-top">
            <span class="header-content">12 ignored methods</span>
          </div> <!-- main-panel-header rounded-window-top -->
          <div class="main-panel-content rounded-window-bottom">
            <div class="ignored-class-div">
              <span class="ignored-class-name">com.Digitalcodes.testcases.Title_SectionPage_Test</span>
              <div class="ignored-methods-div">
                <span class="ignored-method-name">afterSuite</span>
                <br/>
                <span class="ignored-method-name">beforeTest</span>
                <br/>
                <span class="ignored-method-name">beforeSuite</span>
                <br/>
              </div> <!-- ignored-methods-div -->
            </div> <!-- ignored-class-div -->
            <div class="ignored-class-div">
              <span class="ignored-class-name">com.Digitalcodes.testcases.Title_LandingPage_Test</span>
              <div class="ignored-methods-div">
                <span class="ignored-method-name">afterSuite</span>
                <br/>
                <span class="ignored-method-name">beforeTest</span>
                <br/>
                <span class="ignored-method-name">beforeSuite</span>
                <br/>
              </div> <!-- ignored-methods-div -->
            </div> <!-- ignored-class-div -->
            <div class="ignored-class-div">
              <span class="ignored-class-name">com.Digitalcodes.testcases.TableOfContent_Test</span>
              <div class="ignored-methods-div">
                <span class="ignored-method-name">afterSuite</span>
                <br/>
                <span class="ignored-method-name">beforeTest</span>
                <br/>
                <span class="ignored-method-name">beforeSuite</span>
                <br/>
              </div> <!-- ignored-methods-div -->
            </div> <!-- ignored-class-div -->
            <div class="ignored-class-div">
              <span class="ignored-class-name">com.Digitalcodes.testcases.Title_Collection_Test</span>
              <div class="ignored-methods-div">
                <span class="ignored-method-name">afterSuite</span>
                <br/>
                <span class="ignored-method-name">beforeTest</span>
                <br/>
                <span class="ignored-method-name">beforeSuite</span>
                <br/>
              </div> <!-- ignored-methods-div -->
            </div> <!-- ignored-class-div -->
          </div> <!-- main-panel-content rounded-window-bottom -->
        </div> <!-- panel -->
        <div panel-name="chronological-Digital_Codes" class="panel">
          <div class="main-panel-header rounded-window-top">
            <span class="header-content">Methods in chronological order</span>
          </div> <!-- main-panel-header rounded-window-top -->
          <div class="main-panel-content rounded-window-bottom">
            <div class="chronological-class">
              <div class="chronological-class-name">com.Digitalcodes.testcases.Login_Test</div> <!-- chronological-class-name -->
              <div class="configuration-suite before">
                <span class="method-name">beforeSuite(Smoke)</span>
                <span class="method-start">0 ms</span>
              </div> <!-- configuration-suite before -->
              <div class="configuration-test before">
                <span class="method-name">beforeTest(chrome, PREMIUM)</span>
                <span class="method-start">4833 ms</span>
              </div> <!-- configuration-test before -->
              <div class="configuration-class before">
                <span class="method-name">beforeClass</span>
                <span class="method-start">40441 ms</span>
              </div> <!-- configuration-class before -->
              <div class="test-method">
                <span class="method-name">TC01_loginValidData(complete.user@iccsafe.info, Digital@123, Complete User, Premium Complete)</span>
                <span class="method-start">40518 ms</span>
              </div> <!-- test-method -->
              <div class="configuration-method after">
                <span class="method-name">log_result([TestResult name=TC01_loginValidData status=SUCCESS method=Login_Test.TC01_loginValidData(java.lang....)</span>
                <span class="method-start">67926 ms</span>
              </div> <!-- configuration-method after -->
              <div class="test-method">
                <span class="method-name">TC02_verifyUserInformation(complete.user@iccsafe.info, Digital@123, Complete User, Premium Complete)</span>
                <span class="method-start">69088 ms</span>
              </div> <!-- test-method -->
              <div class="configuration-method after">
                <span class="method-name">log_result([TestResult name=TC02_verifyUserInformation status=SUCCESS method=Login_Test.TC02_verifyUserInformat...)</span>
                <span class="method-start">79744 ms</span>
              </div> <!-- configuration-method after -->
            </div> <!-- chronological-class -->
            <div class="chronological-class">
              <div class="chronological-class-name">com.Digitalcodes.testcases.Title_LandingPage_Test</div> <!-- chronological-class-name -->
              <div class="configuration-class before">
                <span class="method-name">beforeClass</span>
                <span class="method-start">80379 ms</span>
              </div> <!-- configuration-class before -->
              <div class="test-method">
                <span class="method-name">TC04_verifyTitleLandingPage(I-Codes, 2021 I-Codes, 2021 International Building Code (IBC), CHAPTER 2 DEFINITIONS)</span>
                <span class="method-start">80407 ms</span>
              </div> <!-- test-method -->
              <div class="configuration-method after">
                <span class="method-name">log_result([TestResult name=TC04_verifyTitleLandingPage status=SUCCESS method=Title_LandingPage_Test.TC04_verif...)</span>
                <span class="method-start">119464 ms</span>
              </div> <!-- configuration-method after -->
              <div class="test-method">
                <span class="method-name">TC05_verifyMarkFavoriteTitle(I-Codes, 2021 I-Codes, 2021 International Building Code (IBC), CHAPTER 2 DEFINITIONS)</span>
                <span class="method-start">120007 ms</span>
              </div> <!-- test-method -->
              <div class="configuration-method after">
                <span class="method-name">log_result([TestResult name=TC05_verifyMarkFavoriteTitle status=SUCCESS method=Title_LandingPage_Test.TC05_veri...)</span>
                <span class="method-start">183383 ms</span>
              </div> <!-- configuration-method after -->
              <div class="test-method">
                <span class="method-name">TC06_verifyChangeVersion_ReleatedTitles_Categories(I-Codes, 2021 I-Codes, 2021 International Building Code (IBC), CHAPTER 2 DEFINITIONS)</span>
                <span class="method-start">183938 ms</span>
              </div> <!-- test-method -->
              <div class="configuration-method after">
                <span class="method-name">log_result([TestResult name=TC06_verifyChangeVersion_ReleatedTitles_Categories status=SUCCESS method=Title_Land...)</span>
                <span class="method-start">237963 ms</span>
              </div> <!-- configuration-method after -->
            </div> <!-- chronological-class -->
            <div class="chronological-class">
              <div class="chronological-class-name">com.Digitalcodes.testcases.TableOfContent_Test</div> <!-- chronological-class-name -->
              <div class="configuration-class before">
                <span class="method-name">beforeClass</span>
                <span class="method-start">238480 ms</span>
              </div> <!-- configuration-class before -->
              <div class="test-method">
                <span class="method-name">TC07_verifyMyNotes_FromTOC(I-Codes, 2021 I-Codes, 2021 International Building Code (IBC), CHAPTER 2 DEFINITIONS)</span>
                <span class="method-start">238487 ms</span>
              </div> <!-- test-method -->
              <div class="configuration-method after">
                <span class="method-name">log_result([TestResult name=TC07_verifyMyNotes_FromTOC status=SUCCESS method=TableOfContent_Test.TC07_verifyMyN...)</span>
                <span class="method-start">282161 ms</span>
              </div> <!-- configuration-method after -->
            </div> <!-- chronological-class -->
            <div class="chronological-class">
              <div class="chronological-class-name">com.Digitalcodes.testcases.Title_SectionPage_Test</div> <!-- chronological-class-name -->
              <div class="configuration-class before">
                <span class="method-name">beforeClass</span>
                <span class="method-start">282739 ms</span>
              </div> <!-- configuration-class before -->
              <div class="configuration-class before">
                <span class="method-name">beforeClassTitlepage</span>
                <span class="method-start">282745 ms</span>
              </div> <!-- configuration-class before -->
              <div class="test-method">
                <span class="method-name">TC08_verifyNavigateToSection_FromTOC(I-Codes, 2021 I-Codes, 2021 International Building Code (IBC), CHAPTER 2 DEFINITIONS)</span>
                <span class="method-start">282785 ms</span>
              </div> <!-- test-method -->
              <div class="configuration-method after">
                <span class="method-name">log_result([TestResult name=TC08_verifyNavigateToSection_FromTOC status=SUCCESS method=Title_SectionPage_Test.T...)</span>
                <span class="method-start">332845 ms</span>
              </div> <!-- configuration-method after -->
              <div class="test-method">
                <span class="method-name">TC09_verifyCreateNotes_atSection(I-Codes, 2021 I-Codes, 2021 International Building Code (IBC), CHAPTER 2 DEFINITIONS)</span>
                <span class="method-start">333358 ms</span>
              </div> <!-- test-method -->
              <div class="configuration-method after">
                <span class="method-name">log_result([TestResult name=TC09_verifyCreateNotes_atSection status=SUCCESS method=Title_SectionPage_Test.TC09_...)</span>
                <span class="method-start">451021 ms</span>
              </div> <!-- configuration-method after -->
              <div class="test-method">
                <span class="method-name">TC10_verifyCreateBookmark_atSection(I-Codes, 2021 I-Codes, 2021 International Building Code (IBC), CHAPTER 2 DEFINITIONS)</span>
                <span class="method-start">451529 ms</span>
              </div> <!-- test-method -->
              <div class="configuration-method after">
                <span class="method-name">log_result([TestResult name=TC10_verifyCreateBookmark_atSection status=SUCCESS method=Title_SectionPage_Test.TC...)</span>
                <span class="method-start">566428 ms</span>
              </div> <!-- configuration-method after -->
              <div class="test-method">
                <img src="failed.png">
                </img>
                <span class="method-name">TC11_verifyShareSection_FromSection(I-Codes, 2021 I-Codes, 2021 International Building Code (IBC), CHAPTER 2 DEFINITIONS)</span>
                <span class="method-start">566965 ms</span>
              </div> <!-- test-method -->
              <div class="configuration-method after">
                <span class="method-name">log_result([TestResult name=TC11_verifyShareSection_FromSection status=FAILURE method=Title_SectionPage_Test.TC...)</span>
                <span class="method-start">637970 ms</span>
              </div> <!-- configuration-method after -->
              <div class="test-method">
                <span class="method-name">TC12_verifyPrintSection_FromSection(I-Codes, 2021 I-Codes, 2021 International Building Code (IBC), CHAPTER 2 DEFINITIONS)</span>
                <span class="method-start">638483 ms</span>
              </div> <!-- test-method -->
              <div class="configuration-method after">
                <span class="method-name">log_result([TestResult name=TC12_verifyPrintSection_FromSection status=SUCCESS method=Title_SectionPage_Test.TC...)</span>
                <span class="method-start">649521 ms</span>
              </div> <!-- configuration-method after -->
              <div class="test-method">
                <span class="method-name">TC13_verifyShareNote_FromSction(I-Codes, 2021 I-Codes, 2021 International Building Code (IBC), CHAPTER 2 DEFINITIONS)</span>
                <span class="method-start">650026 ms</span>
              </div> <!-- test-method -->
              <div class="configuration-method after">
                <span class="method-name">log_result([TestResult name=TC13_verifyShareNote_FromSction status=SUCCESS method=Title_SectionPage_Test.TC13_v...)</span>
                <span class="method-start">685348 ms</span>
              </div> <!-- configuration-method after -->
              <div class="test-method">
                <span class="method-name">TC14_verifyEditNotes_FromSection</span>
                <span class="method-start">685885 ms</span>
              </div> <!-- test-method -->
              <div class="configuration-method after">
                <span class="method-name">log_result([TestResult name=TC14_verifyEditNotes_FromSection status=SUCCESS method=Title_SectionPage_Test.TC14_...)</span>
                <span class="method-start">705481 ms</span>
              </div> <!-- configuration-method after -->
              <div class="test-method">
                <span class="method-name">TC15_verifyDeleteNotes_FromSection</span>
                <span class="method-start">706001 ms</span>
              </div> <!-- test-method -->
              <div class="configuration-method after">
                <span class="method-name">log_result([TestResult name=TC15_verifyDeleteNotes_FromSection status=SUCCESS method=Title_SectionPage_Test.TC1...)</span>
                <span class="method-start">720033 ms</span>
              </div> <!-- configuration-method after -->
              <div class="test-method">
                <span class="method-name">TC16_verifyShareBookmark_FromSection(I-Codes, 2021 I-Codes, 2021 International Building Code (IBC), CHAPTER 2 DEFINITIONS)</span>
                <span class="method-start">720579 ms</span>
              </div> <!-- test-method -->
              <div class="configuration-method after">
                <span class="method-name">log_result([TestResult name=TC16_verifyShareBookmark_FromSection status=SUCCESS method=Title_SectionPage_Test.T...)</span>
                <span class="method-start">806067 ms</span>
              </div> <!-- configuration-method after -->
              <div class="test-method">
                <span class="method-name">TC17_verifyEditBookmark_FromSection</span>
                <span class="method-start">806591 ms</span>
              </div> <!-- test-method -->
              <div class="configuration-method after">
                <span class="method-name">log_result([TestResult name=TC17_verifyEditBookmark_FromSection status=SUCCESS method=Title_SectionPage_Test.TC...)</span>
                <span class="method-start">826496 ms</span>
              </div> <!-- configuration-method after -->
              <div class="test-method">
                <span class="method-name">TC18_verifyDeleteBookmark_FromSection</span>
                <span class="method-start">827108 ms</span>
              </div> <!-- test-method -->
              <div class="configuration-method after">
                <span class="method-name">log_result([TestResult name=TC18_verifyDeleteBookmark_FromSection status=SUCCESS method=Title_SectionPage_Test....)</span>
                <span class="method-start">841441 ms</span>
              </div> <!-- configuration-method after -->
              <div class="test-method">
                <img src="failed.png">
                </img>
                <span class="method-name">TC19_verifyLinksOnChapter(I-Codes, 2021 I-Codes, 2021 International Building Code (IBC), CHAPTER 2 DEFINITIONS)</span>
                <span class="method-start">841967 ms</span>
              </div> <!-- test-method -->
              <div class="configuration-method after">
                <span class="method-name">log_result([TestResult name=TC19_verifyLinksOnChapter status=FAILURE method=Title_SectionPage_Test.TC19_verifyL...)</span>
                <span class="method-start">1029778 ms</span>
              </div> <!-- configuration-method after -->
              <div class="test-method">
                <span class="method-name">TC20_verifyCreateNotes_atSubsection(I-Codes, 2021 I-Codes, 2021 International Building Code (IBC), CHAPTER 2 DEFINITIONS)</span>
                <span class="method-start">1030298 ms</span>
              </div> <!-- test-method -->
              <div class="configuration-method after">
                <span class="method-name">log_result([TestResult name=TC20_verifyCreateNotes_atSubsection status=SUCCESS method=Title_SectionPage_Test.TC...)</span>
                <span class="method-start">1144265 ms</span>
              </div> <!-- configuration-method after -->
              <div class="test-method">
                <span class="method-name">TC21_verifyCreateBookmark_atSubsection(I-Codes, 2021 I-Codes, 2021 International Building Code (IBC), CHAPTER 2 DEFINITIONS)</span>
                <span class="method-start">1144788 ms</span>
              </div> <!-- test-method -->
              <div class="configuration-method after">
                <span class="method-name">log_result([TestResult name=TC21_verifyCreateBookmark_atSubsection status=SUCCESS method=Title_SectionPage_Test...)</span>
                <span class="method-start">1262011 ms</span>
              </div> <!-- configuration-method after -->
              <div class="test-method">
                <img src="failed.png">
                </img>
                <span class="method-name">TC22_verifyShareSection_FromSubSection(I-Codes, 2021 I-Codes, 2021 International Building Code (IBC), CHAPTER 2 DEFINITIONS)</span>
                <span class="method-start">1262493 ms</span>
              </div> <!-- test-method -->
              <div class="configuration-method after">
                <span class="method-name">log_result([TestResult name=TC22_verifyShareSection_FromSubSection status=FAILURE method=Title_SectionPage_Test...)</span>
                <span class="method-start">1336589 ms</span>
              </div> <!-- configuration-method after -->
              <div class="test-method">
                <span class="method-name">TC23_verifyPrintSection_FromSubSection</span>
                <span class="method-start">1337083 ms</span>
              </div> <!-- test-method -->
              <div class="configuration-method after">
                <span class="method-name">log_result([TestResult name=TC23_verifyPrintSection_FromSubSection status=SUCCESS method=Title_SectionPage_Test...)</span>
                <span class="method-start">1363077 ms</span>
              </div> <!-- configuration-method after -->
              <div class="test-method">
                <span class="method-name">TC24_verifyCreateNotes_atChildSubsection(I-Codes, 2021 I-Codes, 2021 International Building Code (IBC), CHAPTER 2 DEFINITIONS)</span>
                <span class="method-start">1363570 ms</span>
              </div> <!-- test-method -->
              <div class="configuration-method after">
                <span class="method-name">log_result([TestResult name=TC24_verifyCreateNotes_atChildSubsection status=SUCCESS method=Title_SectionPage_Te...)</span>
                <span class="method-start">1477048 ms</span>
              </div> <!-- configuration-method after -->
              <div class="test-method">
                <span class="method-name">TC25_verifyCreateBookmark_atChildSubsection(I-Codes, 2021 I-Codes, 2021 International Building Code (IBC), CHAPTER 2 DEFINITIONS)</span>
                <span class="method-start">1477525 ms</span>
              </div> <!-- test-method -->
              <div class="configuration-method after">
                <span class="method-name">log_result([TestResult name=TC25_verifyCreateBookmark_atChildSubsection status=SUCCESS method=Title_SectionPage...)</span>
                <span class="method-start">1597457 ms</span>
              </div> <!-- configuration-method after -->
              <div class="test-method">
                <img src="failed.png">
                </img>
                <span class="method-name">TC26_verifyShareSection_atChildSubsection(I-Codes, 2021 I-Codes, 2021 International Building Code (IBC), CHAPTER 2 DEFINITIONS)</span>
                <span class="method-start">1597944 ms</span>
              </div> <!-- test-method -->
              <div class="configuration-method after">
                <span class="method-name">log_result([TestResult name=TC26_verifyShareSection_atChildSubsection status=FAILURE method=Title_SectionPage_T...)</span>
                <span class="method-start">1800524 ms</span>
              </div> <!-- configuration-method after -->
              <div class="test-method">
                <span class="method-name">TC27_verifyPrintSection_FromChildSubSection</span>
                <span class="method-start">1801003 ms</span>
              </div> <!-- test-method -->
              <div class="configuration-method after">
                <span class="method-name">log_result([TestResult name=TC27_verifyPrintSection_FromChildSubSection status=SUCCESS method=Title_SectionPage...)</span>
                <span class="method-start">1811583 ms</span>
              </div> <!-- configuration-method after -->
            </div> <!-- chronological-class -->
            <div class="chronological-class">
              <div class="chronological-class-name">com.Digitalcodes.testcases.Title_Collection_Test</div> <!-- chronological-class-name -->
              <div class="configuration-class before">
                <span class="method-name">beforeClass</span>
                <span class="method-start">1812110 ms</span>
              </div> <!-- configuration-class before -->
              <div class="configuration-class before">
                <span class="method-name">beforeclassCollection</span>
                <span class="method-start">1812111 ms</span>
              </div> <!-- configuration-class before -->
              <div class="test-method">
                <span class="method-name">TC28_verifyCollectionLandingPage(Collections, Premium Complete, 2023 Analysis of Changes, 2023 NEC, CHAPTER 1 GENERAL)</span>
                <span class="method-start">1812120 ms</span>
              </div> <!-- test-method -->
              <div class="configuration-method after">
                <span class="method-name">afterMethod_Collection</span>
                <span class="method-start">1852628 ms</span>
              </div> <!-- configuration-method after -->
              <div class="configuration-method after">
                <span class="method-name">log_result([TestResult name=TC28_verifyCollectionLandingPage status=SUCCESS method=Title_Collection_Test.TC28_v...)</span>
                <span class="method-start">1853166 ms</span>
              </div> <!-- configuration-method after -->
              <div class="test-method">
                <span class="method-name">TC28_verifyCollectionLandingPage(Collections, 2023 Energy Collection, 2021 CFR Part 3285 Model Manufactured Home Installation Standar...)</span>
                <span class="method-start">1853661 ms</span>
              </div> <!-- test-method -->
              <div class="configuration-method after">
                <span class="method-name">afterMethod_Collection</span>
                <span class="method-start">1898466 ms</span>
              </div> <!-- configuration-method after -->
              <div class="configuration-method after">
                <span class="method-name">log_result([TestResult name=TC28_verifyCollectionLandingPage status=SUCCESS method=Title_Collection_Test.TC28_v...)</span>
                <span class="method-start">1899146 ms</span>
              </div> <!-- configuration-method after -->
              <div class="test-method">
                <span class="method-name">TC29_verifySection_collectionTitles(Collections, Premium Complete, 2023 Analysis of Changes, 2023 NEC, CHAPTER 1 GENERAL)</span>
                <span class="method-start">1899636 ms</span>
              </div> <!-- test-method -->
              <div class="configuration-method after">
                <span class="method-name">afterMethod_Collection</span>
                <span class="method-start">1948653 ms</span>
              </div> <!-- configuration-method after -->
              <div class="configuration-method after">
                <span class="method-name">log_result([TestResult name=TC29_verifySection_collectionTitles status=SUCCESS method=Title_Collection_Test.TC2...)</span>
                <span class="method-start">1949323 ms</span>
              </div> <!-- configuration-method after -->
              <div class="test-method">
                <span class="method-name">TC29_verifySection_collectionTitles(Collections, 2023 Energy Collection, 2021 CFR Part 3285 Model Manufactured Home Installation Standar...)</span>
                <span class="method-start">1949808 ms</span>
              </div> <!-- test-method -->
              <div class="configuration-method after">
                <span class="method-name">afterMethod_Collection</span>
                <span class="method-start">2001793 ms</span>
              </div> <!-- configuration-method after -->
              <div class="configuration-method after">
                <span class="method-name">log_result([TestResult name=TC29_verifySection_collectionTitles status=SUCCESS method=Title_Collection_Test.TC2...)</span>
                <span class="method-start">2002354 ms</span>
              </div> <!-- configuration-method after -->
              <div class="test-method">
                <span class="method-name">TC30_verifyCreateNotes_collectionTitles(Collections, Premium Complete, 2023 Analysis of Changes, 2023 NEC, CHAPTER 1 GENERAL)</span>
                <span class="method-start">2002829 ms</span>
              </div> <!-- test-method -->
              <div class="configuration-method after">
                <span class="method-name">afterMethod_Collection</span>
                <span class="method-start">2114816 ms</span>
              </div> <!-- configuration-method after -->
              <div class="configuration-method after">
                <span class="method-name">log_result([TestResult name=TC30_verifyCreateNotes_collectionTitles status=SUCCESS method=Title_Collection_Test...)</span>
                <span class="method-start">2115601 ms</span>
              </div> <!-- configuration-method after -->
              <div class="test-method">
                <span class="method-name">TC31_verifyCreateBookmark_collectionTitles(Collections, Premium Complete, 2023 Analysis of Changes, 2023 NEC, CHAPTER 1 GENERAL)</span>
                <span class="method-start">2116082 ms</span>
              </div> <!-- test-method -->
              <div class="configuration-method after">
                <span class="method-name">afterMethod_Collection</span>
                <span class="method-start">2230018 ms</span>
              </div> <!-- configuration-method after -->
              <div class="configuration-method after">
                <span class="method-name">log_result([TestResult name=TC31_verifyCreateBookmark_collectionTitles status=SUCCESS method=Title_Collection_T...)</span>
                <span class="method-start">2230643 ms</span>
              </div> <!-- configuration-method after -->
              <div class="test-method">
                <img src="failed.png">
                </img>
                <span class="method-name">TC32_verifyShareSection_CollectionTitles(Collections, Premium Complete, 2023 Analysis of Changes, 2023 NEC, CHAPTER 1 GENERAL)</span>
                <span class="method-start">2231117 ms</span>
              </div> <!-- test-method -->
              <div class="configuration-method after">
                <span class="method-name">afterMethod_Collection</span>
                <span class="method-start">2429487 ms</span>
              </div> <!-- configuration-method after -->
              <div class="configuration-method after">
                <span class="method-name">log_result([TestResult name=TC32_verifyShareSection_CollectionTitles status=FAILURE method=Title_Collection_Tes...)</span>
                <span class="method-start">2430682 ms</span>
              </div> <!-- configuration-method after -->
              <div class="test-method">
                <span class="method-name">TC33_verifyPrintSection_CollectionTitles(Collections, Premium Complete, 2023 Analysis of Changes, 2023 NEC, CHAPTER 1 GENERAL)</span>
                <span class="method-start">2431191 ms</span>
              </div> <!-- test-method -->
              <div class="configuration-method after">
                <img src="failed.png">
                </img>
                <span class="method-name">afterMethod_Collection</span>
                <span class="method-start">2484355 ms</span>
              </div> <!-- configuration-method after -->
              <div class="configuration-method after">
                <span class="method-name">log_result([TestResult name=TC33_verifyPrintSection_CollectionTitles status=SUCCESS method=Title_Collection_Tes...)</span>
                <span class="method-start">2485303 ms</span>
              </div> <!-- configuration-method after -->
            </div> <!-- chronological-class -->
            <div class="chronological-class">
              <div class="chronological-class-name">com.Digitalcodes.testcases.Login_Test</div> <!-- chronological-class-name -->
              <div class="configuration-suite after">
                <img src="failed.png">
                </img>
                <span class="method-name">afterSuite</span>
                <span class="method-start">2486575 ms</span>
              </div> <!-- configuration-suite after -->
          </div> <!-- main-panel-content rounded-window-bottom -->
        </div> <!-- panel -->
      </div> <!-- main-panel-root -->
    </div> <!-- wrapper -->
  </body>
<script type="text/javascript" src="testng-reports2.js"></script>
</html>
