<?xml version="1.0" encoding="UTF-8"?>
<testsuite name="TestSuite" time="116.883" tests="10" errors="0" skipped="1" failures="4">
  <properties>
[...]
</properties>
  <testcase name="login" classname="com.Digitalcodes.testcases.TC_Loginpage" time="9.437">
    <failure message="expected [https://codes-stage.iccsafe.org/dashboard/library] but found [https://codes-stage.iccsafe.org/login]" type="java.lang.AssertionError">java.lang.AssertionError: expected [https://codes-stage.iccsafe.org/dashboard/library] but found [https://codes-stage.iccsafe.org/login]
	at org.testng.Assert.fail(Assert.java:99)
	at org.testng.Assert.failNotEquals(Assert.java:1037)
	at org.testng.Assert.assertEqualsImpl(Assert.java:140)
	at org.testng.Assert.assertEquals(Assert.java:122)
	at org.testng.Assert.assertEquals(Assert.java:629)
	at org.testng.Assert.assertEquals(Assert.java:639)
	at com.Digitalcodes.utilities.AssertStatements.assertEquals(AssertStatements.java:12)
	at com.Digitalcodes.testcases.TC_Loginpage.login(TC_Loginpage.java:44)
</failure>
    <system-out><![CDATA[Objects are initilized ====================>>
Report Generated ================>>
firefox Browser launched
https://codes-stage.iccsafe.org/
main@439904756
login <----------- Failed -------->
java.lang.AssertionError: expected [https://codes-stage.iccsafe.org/dashboard/library] but found [https://codes-stage.iccsafe.org/login]
]]></system-out>
    <system-err>SLF4J: No SLF4J providers were found.
SLF4J: Defaulting to no-operation (NOP) logger implementation
SLF4J: See https://www.slf4j.org/codes.html#noProviders for further details.
1680878463185	geckodriver	INFO	Listening on 127.0.0.1:61392
1680878465155	mozrunner::runner	INFO	Running command: "C:\\Program Files\\Mozilla Firefox\\firefox.exe" "--marionette" "--remote-debugging-port" "51224" "--remote-allow-hosts" "localhost" "--remote-allow-origins" "http://localhost:51224/" "-no-remote" "-profile" "C:\\Users\\VRUSHA~1\\AppData\\Local\\Temp\\rust_mozprofile0K3sKJ"
1680878466040	Marionette	INFO	Marionette enabled
1680878466052	Marionette	INFO	Listening on port 60993
Read port: 60993
WebDriver BiDi listening on ws://127.0.0.1:51224
1680878466497	RemoteAgent	WARN	TLS certificate errors will be ignored for this session
console.warn: SearchSettings: "get: No settings file exists, new profile?" (new NotFoundError("Could not open the file at C:\\Users\\VRUSHA~1\\AppData\\Local\\Temp\\rust_mozprofile0K3sKJ\\search.json.mozlz4", (void 0)))
DevTools listening on ws://127.0.0.1:51224/devtools/browser/d76848d8-1705-4b6a-8368-e13ee1b6e66a
Apr 07, 2023 8:11:11 PM org.openqa.selenium.remote.ProtocolHandshake createSession
INFO: Detected upstream dialect: W3C
console.warn: LoginRecipes: "Falling back to a synchronous message for: https://codes-stage.iccsafe.org."
console.warn: LoginRecipes: "Falling back to a synchronous message for: https://codes-stage.iccsafe.org."
</system-err>
  </testcase>
  <testcase name="verifyUserInformation" classname="com.Digitalcodes.testcases.TC_Loginpage" time="0">
    <skipped/>
    <system-out><![CDATA[<------------Test Result Logged----------------->
User able to Login
=======================================================

]]></system-out>
  </testcase>
  <testcase name="navigateToGroupTitles" classname="com.Digitalcodes.testcases.TC_Loginpage" time="5.365"/>
  <testcase name="navigateToTitle" classname="com.Digitalcodes.testcases.TC_Loginpage" time="10.153">
    <failure message="expected [PREMIUM] but found [BASIC PLUS]" type="java.lang.AssertionError">java.lang.AssertionError: expected [PREMIUM] but found [BASIC PLUS]
	at org.testng.Assert.fail(Assert.java:99)
	at org.testng.Assert.failNotEquals(Assert.java:1037)
	at org.testng.Assert.assertEqualsImpl(Assert.java:140)
	at org.testng.Assert.assertEquals(Assert.java:122)
	at org.testng.Assert.assertEquals(Assert.java:629)
	at org.testng.Assert.assertEquals(Assert.java:639)
	at com.Digitalcodes.utilities.AssertStatements.assertEquals(AssertStatements.java:12)
	at com.Digitalcodes.testcases.TC_Loginpage.navigateToTitle(TC_Loginpage.java:135)
</failure>
    <system-out><![CDATA[<------------Test Result Logged----------------->
Verify user able to navigate to Group of Title
=======================================================
main@439904756
navigateToTitle <----------- Failed -------->
java.lang.AssertionError: expected [PREMIUM] but found [BASIC PLUS]
]]></system-out>
    <system-err>JavaScript error: https://cdn-codes-qa.iccsafe.org/build/app.bf5ac47b.js, line 2: TypeError: t is undefined
</system-err>
  </testcase>
  <testcase name="markFavoriteTitle" classname="com.Digitalcodes.testcases.TC_Loginpage" time="6.062"/>
  <testcase name="removeFavoriteTitle" classname="com.Digitalcodes.testcases.TC_Loginpage" time="4.445"/>
  <testcase name="navigateToMyNotes_fromTOC" classname="com.Digitalcodes.testcases.TC_Loginpage" time="1.497"/>
  <testcase name="navigateToSection_fromTOC" classname="com.Digitalcodes.testcases.TC_Loginpage" time="12.56"/>
  <testcase name="createNotes_atSection" classname="com.Digitalcodes.testcases.TC_Loginpage" time="31.871">
    <failure message="Unable to locate element: //div[@class=&quot;ql-editor ql-blank&quot;]&#10;For documentation on this error, please visit: https://selenium.dev/exceptions/#no_such_element&#10;Build info: version: &apos;4.3.0&apos;, revision: &apos;a4995e2c09*&apos;&#10;System info: host: &apos;IB-PUNE-LAP-329&apos;, ip: &apos;192.168.215.71&apos;, os.name: &apos;Windows 10&apos;, os.arch: &apos;amd64&apos;, os.version: &apos;10.0&apos;, java.version: &apos;1.8.0_191&apos;&#10;Driver info: org.openqa.selenium.firefox.FirefoxDriver&#10;Command: [2fe9b6c9-10e8-4585-9ec7-c7743e859394, findElement {using=xpath, value=//div[@class=&quot;ql-editor ql-blank&quot;]}]&#10;Capabilities {acceptInsecureCerts: true, browserName: firefox, browserVersion: 106.0.3, moz:accessibilityChecks: false, moz:buildID: 20221030091646, moz:debuggerAddress: 127.0.0.1:51224, moz:geckodriverVersion: 0.32.0, moz:headless: false, moz:platformVersion: 10.0, moz:processID: 21536, moz:profile: C:\Users\VRUSHA~1\AppData\L..., moz:shutdownTimeout: 60000, moz:useNonSpecCompliantPointerOrigin: false, moz:webdriverClick: true, moz:windowless: false, pageLoadStrategy: normal, platformName: WINDOWS, proxy: Proxy(), se:cdp: ws://127.0.0.1:51224/devtoo..., se:cdpVersion: 85.0, setWindowRect: true, strictFileInteractability: false, timeouts: {implicit: 0, pageLoad: 300000, script: 30000}, unhandledPromptBehavior: dismiss and notify}&#10;Session ID: 2fe9b6c9-10e8-4585-9ec7-c7743e859394" type="org.openqa.selenium.NoSuchElementException">org.openqa.selenium.NoSuchElementException: Unable to locate element: //div[@class="ql-editor ql-blank"]
For documentation on this error, please visit: https://selenium.dev/exceptions/#no_such_element
Build info: version: '4.3.0', revision: 'a4995e2c09*'
System info: host: 'IB-PUNE-LAP-329', ip: '192.168.215.71', os.name: 'Windows 10', os.arch: 'amd64', os.version: '10.0', java.version: '1.8.0_191'
Driver info: org.openqa.selenium.firefox.FirefoxDriver
Command: [2fe9b6c9-10e8-4585-9ec7-c7743e859394, findElement {using=xpath, value=//div[@class="ql-editor ql-blank"]}]
Capabilities {acceptInsecureCerts: true, browserName: firefox, browserVersion: 106.0.3, moz:accessibilityChecks: false, moz:buildID: 20221030091646, moz:debuggerAddress: 127.0.0.1:51224, moz:geckodriverVersion: 0.32.0, moz:headless: false, moz:platformVersion: 10.0, moz:processID: 21536, moz:profile: C:\Users\VRUSHA~1\AppData\L..., moz:shutdownTimeout: 60000, moz:useNonSpecCompliantPointerOrigin: false, moz:webdriverClick: true, moz:windowless: false, pageLoadStrategy: normal, platformName: WINDOWS, proxy: Proxy(), se:cdp: ws://127.0.0.1:51224/devtoo..., se:cdpVersion: 85.0, setWindowRect: true, strictFileInteractability: false, timeouts: {implicit: 0, pageLoad: 300000, script: 30000}, unhandledPromptBehavior: dismiss and notify}
Session ID: 2fe9b6c9-10e8-4585-9ec7-c7743e859394
	at sun.reflect.NativeConstructorAccessorImpl.newInstance0(Native Method)
	at sun.reflect.NativeConstructorAccessorImpl.newInstance(NativeConstructorAccessorImpl.java:62)
	at sun.reflect.DelegatingConstructorAccessorImpl.newInstance(DelegatingConstructorAccessorImpl.java:45)
	at java.lang.reflect.Constructor.newInstance(Constructor.java:423)
	at org.openqa.selenium.remote.codec.w3c.W3CHttpResponseCodec.createException(W3CHttpResponseCodec.java:200)
	at org.openqa.selenium.remote.codec.w3c.W3CHttpResponseCodec.decode(W3CHttpResponseCodec.java:133)
	at org.openqa.selenium.remote.codec.w3c.W3CHttpResponseCodec.decode(W3CHttpResponseCodec.java:53)
	at org.openqa.selenium.remote.HttpCommandExecutor.execute(HttpCommandExecutor.java:184)
	at org.openqa.selenium.remote.service.DriverCommandExecutor.invokeExecute(DriverCommandExecutor.java:167)
	at org.openqa.selenium.remote.service.DriverCommandExecutor.execute(DriverCommandExecutor.java:142)
	at org.openqa.selenium.remote.RemoteWebDriver.execute(RemoteWebDriver.java:569)
	at org.openqa.selenium.remote.ElementLocation$ElementFinder$2.findElement(ElementLocation.java:162)
	at org.openqa.selenium.remote.ElementLocation.findElement(ElementLocation.java:60)
	at org.openqa.selenium.remote.RemoteWebDriver.findElement(RemoteWebDriver.java:387)
	at org.openqa.selenium.remote.RemoteWebDriver.findElement(RemoteWebDriver.java:379)
	at org.openqa.selenium.support.pagefactory.DefaultElementLocator.findElement(DefaultElementLocator.java:70)
	at org.openqa.selenium.support.pagefactory.internal.LocatingElementHandler.invoke(LocatingElementHandler.java:39)
	at com.sun.proxy.$Proxy15.clear(Unknown Source)
	at com.Digitalcodes.pageobject.Codes_Section.createNote_FromSection(Codes_Section.java:187)
	at com.Digitalcodes.testcases.TC_Loginpage.createNotes_atSection(TC_Loginpage.java:245)
</failure>
    <system-out><![CDATA[<------------Test Result Logged----------------->
Verify user able to naviagate Section from TOC
=======================================================
main@439904756
createNotes_atSection <----------- Failed -------->
org.openqa.selenium.NoSuchElementException: Unable to locate element: //div[@class="ql-editor ql-blank"]
For documentation on this error, please visit: https://selenium.dev/exceptions/#no_such_element
Build info: version: '4.3.0', revision: 'a4995e2c09*'
System info: host: 'IB-PUNE-LAP-329', ip: '192.168.215.71', os.name: 'Windows 10', os.arch: 'amd64', os.version: '10.0', java.version: '1.8.0_191'
Driver info: org.openqa.selenium.firefox.FirefoxDriver
Command: [2fe9b6c9-10e8-4585-9ec7-c7743e859394, findElement {using=xpath, value=//div[@class="ql-editor ql-blank"]}]
Capabilities {acceptInsecureCerts: true, browserName: firefox, browserVersion: 106.0.3, moz:accessibilityChecks: false, moz:buildID: 20221030091646, moz:debuggerAddress: 127.0.0.1:51224, moz:geckodriverVersion: 0.32.0, moz:headless: false, moz:platformVersion: 10.0, moz:processID: 21536, moz:profile: C:\Users\VRUSHA~1\AppData\L..., moz:shutdownTimeout: 60000, moz:useNonSpecCompliantPointerOrigin: false, moz:webdriverClick: true, moz:windowless: false, pageLoadStrategy: normal, platformName: WINDOWS, proxy: Proxy(), se:cdp: ws://127.0.0.1:51224/devtoo..., se:cdpVersion: 85.0, setWindowRect: true, strictFileInteractability: false, timeouts: {implicit: 0, pageLoad: 300000, script: 30000}, unhandledPromptBehavior: dismiss and notify}
Session ID: 2fe9b6c9-10e8-4585-9ec7-c7743e859394
]]></system-out>
  </testcase>
  <testcase name="afterSuite" classname="com.Digitalcodes.testcases.TC_Loginpage" time="35.493">
    <failure message="Tried to run command without establishing a connection&#10;Build info: version: &apos;4.3.0&apos;, revision: &apos;a4995e2c09*&apos;&#10;System info: host: &apos;IB-PUNE-LAP-329&apos;, ip: &apos;192.168.215.71&apos;, os.name: &apos;Windows 10&apos;, os.arch: &apos;amd64&apos;, os.version: &apos;10.0&apos;, java.version: &apos;1.8.0_191&apos;&#10;Driver info: org.openqa.selenium.firefox.FirefoxDriver&#10;Command: [2fe9b6c9-10e8-4585-9ec7-c7743e859394, quit {}]&#10;Capabilities {acceptInsecureCerts: true, browserName: firefox, browserVersion: 106.0.3, moz:accessibilityChecks: false, moz:buildID: 20221030091646, moz:debuggerAddress: 127.0.0.1:51224, moz:geckodriverVersion: 0.32.0, moz:headless: false, moz:platformVersion: 10.0, moz:processID: 21536, moz:profile: C:\Users\VRUSHA~1\AppData\L..., moz:shutdownTimeout: 60000, moz:useNonSpecCompliantPointerOrigin: false, moz:webdriverClick: true, moz:windowless: false, pageLoadStrategy: normal, platformName: WINDOWS, proxy: Proxy(), se:cdp: ws://127.0.0.1:51224/devtoo..., se:cdpVersion: 85.0, setWindowRect: true, strictFileInteractability: false, timeouts: {implicit: 0, pageLoad: 300000, script: 30000}, unhandledPromptBehavior: dismiss and notify}&#10;Session ID: 2fe9b6c9-10e8-4585-9ec7-c7743e859394" type="org.openqa.selenium.NoSuchSessionException">org.openqa.selenium.NoSuchSessionException: Tried to run command without establishing a connection
Build info: version: '4.3.0', revision: 'a4995e2c09*'
System info: host: 'IB-PUNE-LAP-329', ip: '192.168.215.71', os.name: 'Windows 10', os.arch: 'amd64', os.version: '10.0', java.version: '1.8.0_191'
Driver info: org.openqa.selenium.firefox.FirefoxDriver
Command: [2fe9b6c9-10e8-4585-9ec7-c7743e859394, quit {}]
Capabilities {acceptInsecureCerts: true, browserName: firefox, browserVersion: 106.0.3, moz:accessibilityChecks: false, moz:buildID: 20221030091646, moz:debuggerAddress: 127.0.0.1:51224, moz:geckodriverVersion: 0.32.0, moz:headless: false, moz:platformVersion: 10.0, moz:processID: 21536, moz:profile: C:\Users\VRUSHA~1\AppData\L..., moz:shutdownTimeout: 60000, moz:useNonSpecCompliantPointerOrigin: false, moz:webdriverClick: true, moz:windowless: false, pageLoadStrategy: normal, platformName: WINDOWS, proxy: Proxy(), se:cdp: ws://127.0.0.1:51224/devtoo..., se:cdpVersion: 85.0, setWindowRect: true, strictFileInteractability: false, timeouts: {implicit: 0, pageLoad: 300000, script: 30000}, unhandledPromptBehavior: dismiss and notify}
Session ID: 2fe9b6c9-10e8-4585-9ec7-c7743e859394
	at sun.reflect.NativeConstructorAccessorImpl.newInstance0(Native Method)
	at sun.reflect.NativeConstructorAccessorImpl.newInstance(NativeConstructorAccessorImpl.java:62)
	at sun.reflect.DelegatingConstructorAccessorImpl.newInstance(DelegatingConstructorAccessorImpl.java:45)
	at java.lang.reflect.Constructor.newInstance(Constructor.java:423)
	at org.openqa.selenium.remote.codec.w3c.W3CHttpResponseCodec.createException(W3CHttpResponseCodec.java:200)
	at org.openqa.selenium.remote.codec.w3c.W3CHttpResponseCodec.decode(W3CHttpResponseCodec.java:133)
	at org.openqa.selenium.remote.codec.w3c.W3CHttpResponseCodec.decode(W3CHttpResponseCodec.java:53)
	at org.openqa.selenium.remote.HttpCommandExecutor.execute(HttpCommandExecutor.java:184)
	at org.openqa.selenium.remote.service.DriverCommandExecutor.invokeExecute(DriverCommandExecutor.java:167)
	at org.openqa.selenium.remote.service.DriverCommandExecutor.lambda$execute$1(DriverCommandExecutor.java:105)
	at java.util.concurrent.CompletableFuture$AsyncSupply.run(CompletableFuture.java:1590)
	at java.util.concurrent.ThreadPoolExecutor.runWorker(ThreadPoolExecutor.java:1149)
	at java.util.concurrent.ThreadPoolExecutor$Worker.run(ThreadPoolExecutor.java:624)
	at java.lang.Thread.run(Thread.java:748)
</failure>
    <system-out><![CDATA[<------------Test Result Logged----------------->
Verify user able to create notes at section
=======================================================
]]></system-out>
    <system-err><![CDATA[1680878587107	RemoteAgent	INFO	Perform WebSocket upgrade for incoming connection from 127.0.0.1:61314
JavaScript error: chrome://remote/content/server/WebSocketHandshake.jsm, line 174: Error: The handshake request has incorrect Origin header http://127.0.0.1:51224
Apr 07, 2023 8:13:07 PM org.openqa.selenium.remote.http.WebSocket$Listener onError
WARNING: Invalid Status code=400 text=Bad Request
java.io.IOException: Invalid Status code=400 text=Bad Request
	at org.asynchttpclient.netty.handler.WebSocketHandler.abort(WebSocketHandler.java:92)
	at org.asynchttpclient.netty.handler.WebSocketHandler.handleRead(WebSocketHandler.java:118)
	at org.asynchttpclient.netty.handler.AsyncHttpClientHandler.channelRead(AsyncHttpClientHandler.java:78)
	at io.netty.channel.AbstractChannelHandlerContext.invokeChannelRead(AbstractChannelHandlerContext.java:379)
	at io.netty.channel.AbstractChannelHandlerContext.invokeChannelRead(AbstractChannelHandlerContext.java:365)
	at io.netty.channel.AbstractChannelHandlerContext.fireChannelRead(AbstractChannelHandlerContext.java:357)
	at io.netty.channel.CombinedChannelDuplexHandler$DelegatingChannelHandlerContext.fireChannelRead(CombinedChannelDuplexHandler.java:436)
	at io.netty.handler.codec.ByteToMessageDecoder.fireChannelRead(ByteToMessageDecoder.java:327)
	at io.netty.handler.codec.ByteToMessageDecoder.fireChannelRead(ByteToMessageDecoder.java:314)
	at io.netty.handler.codec.ByteToMessageDecoder.callDecode(ByteToMessageDecoder.java:435)
	at io.netty.handler.codec.ByteToMessageDecoder.channelRead(ByteToMessageDecoder.java:279)
	at io.netty.channel.CombinedChannelDuplexHandler.channelRead(CombinedChannelDuplexHandler.java:251)
	at io.netty.channel.AbstractChannelHandlerContext.invokeChannelRead(AbstractChannelHandlerContext.java:379)
	at io.netty.channel.AbstractChannelHandlerContext.invokeChannelRead(AbstractChannelHandlerContext.java:365)
	at io.netty.channel.AbstractChannelHandlerContext.fireChannelRead(AbstractChannelHandlerContext.java:357)
	at io.netty.channel.DefaultChannelPipeline$HeadContext.channelRead(DefaultChannelPipeline.java:1410)
	at io.netty.channel.AbstractChannelHandlerContext.invokeChannelRead(AbstractChannelHandlerContext.java:379)
	at io.netty.channel.AbstractChannelHandlerContext.invokeChannelRead(AbstractChannelHandlerContext.java:365)
	at io.netty.channel.DefaultChannelPipeline.fireChannelRead(DefaultChannelPipeline.java:919)
	at io.netty.channel.nio.AbstractNioByteChannel$NioByteUnsafe.read(AbstractNioByteChannel.java:166)
	at io.netty.channel.nio.NioEventLoop.processSelectedKey(NioEventLoop.java:722)
	at io.netty.channel.nio.NioEventLoop.processSelectedKeysOptimized(NioEventLoop.java:658)
	at io.netty.channel.nio.NioEventLoop.processSelectedKeys(NioEventLoop.java:584)
	at io.netty.channel.nio.NioEventLoop.run(NioEventLoop.java:496)
	at io.netty.util.concurrent.SingleThreadEventExecutor$4.run(SingleThreadEventExecutor.java:997)
	at io.netty.util.internal.ThreadExecutorMap$2.run(ThreadExecutorMap.java:74)
	at io.netty.util.concurrent.FastThreadLocalRunnable.run(FastThreadLocalRunnable.java:30)
	at java.lang.Thread.run(Thread.java:748)

Apr 07, 2023 8:13:07 PM org.openqa.selenium.remote.RemoteWebDriver close
SEVERE: Failed to disconnect DevTools session
org.openqa.selenium.remote.http.ConnectionFailedException: Unable to establish websocket connection to http://127.0.0.1:51224/devtools/browser/d76848d8-1705-4b6a-8368-e13ee1b6e66a
Build info: version: '4.3.0', revision: 'a4995e2c09*'
System info: host: 'IB-PUNE-LAP-329', ip: '192.168.215.71', os.name: 'Windows 10', os.arch: 'amd64', os.version: '10.0', java.version: '1.8.0_191'
Driver info: driver.version: RemoteWebDriver
	at org.openqa.selenium.remote.http.netty.NettyWebSocket.<init>(NettyWebSocket.java:102)
	at org.openqa.selenium.remote.http.netty.NettyWebSocket.lambda$create$3(NettyWebSocket.java:128)
	at org.openqa.selenium.remote.http.netty.NettyClient.openSocket(NettyClient.java:106)
	at org.openqa.selenium.devtools.Connection.<init>(Connection.java:77)
	at org.openqa.selenium.firefox.FirefoxDriver.maybeGetDevTools(FirefoxDriver.java:249)
	at org.openqa.selenium.remote.RemoteWebDriver.close(RemoteWebDriver.java:447)
	at com.Digitalcodes.utilities.Baseclass.closeBrowser(Baseclass.java:94)
	at com.Digitalcodes.testcases.Prerequisites_Teardown.afterSuite(Prerequisites_Teardown.java:109)
	at sun.reflect.NativeMethodAccessorImpl.invoke0(Native Method)
	at sun.reflect.NativeMethodAccessorImpl.invoke(NativeMethodAccessorImpl.java:62)
	at sun.reflect.DelegatingMethodAccessorImpl.invoke(DelegatingMethodAccessorImpl.java:43)
	at java.lang.reflect.Method.invoke(Method.java:498)
	at org.testng.internal.MethodInvocationHelper.invokeMethod(MethodInvocationHelper.java:133)
	at org.testng.internal.MethodInvocationHelper.invokeMethodConsideringTimeout(MethodInvocationHelper.java:62)
	at org.testng.internal.ConfigInvoker.invokeConfigurationMethod(ConfigInvoker.java:385)
	at org.testng.internal.ConfigInvoker.invokeConfigurations(ConfigInvoker.java:321)
	at org.testng.SuiteRunner.privateRun(SuiteRunner.java:344)
	at org.testng.SuiteRunner.run(SuiteRunner.java:276)
	at org.testng.SuiteRunnerWorker.runSuite(SuiteRunnerWorker.java:53)
	at org.testng.SuiteRunnerWorker.run(SuiteRunnerWorker.java:96)
	at org.testng.TestNG.runSuitesSequentially(TestNG.java:1212)
	at org.testng.TestNG.runSuitesLocally(TestNG.java:1134)
	at org.testng.TestNG.runSuites(TestNG.java:1063)
	at org.testng.TestNG.run(TestNG.java:1031)
	at org.apache.maven.surefire.testng.TestNGExecutor.run(TestNGExecutor.java:178)
	at org.apache.maven.surefire.testng.TestNGXmlTestSuite.execute(TestNGXmlTestSuite.java:92)
	at org.apache.maven.surefire.testng.TestNGProvider.invoke(TestNGProvider.java:96)
	at sun.reflect.NativeMethodAccessorImpl.invoke0(Native Method)
	at sun.reflect.NativeMethodAccessorImpl.invoke(NativeMethodAccessorImpl.java:62)
	at sun.reflect.DelegatingMethodAccessorImpl.invoke(DelegatingMethodAccessorImpl.java:43)
	at java.lang.reflect.Method.invoke(Method.java:498)
	at org.apache.maven.surefire.util.ReflectionUtils.invokeMethodWithArray2(ReflectionUtils.java:208)
	at org.apache.maven.surefire.booter.ProviderFactory$ProviderProxy.invoke(ProviderFactory.java:159)
	at org.apache.maven.surefire.booter.ProviderFactory.invokeProvider(ProviderFactory.java:87)
	at org.apache.maven.surefire.booter.ForkedBooter.runSuitesInProcess(ForkedBooter.java:153)
	at org.apache.maven.surefire.booter.ForkedBooter.main(ForkedBooter.java:95)

1680878587144	Marionette	INFO	Stopped listening on port 60993
]]></system-err>
  </testcase>
</testsuite>