-------------------------------------------------------------------------------
Test set: TestSuite
-------------------------------------------------------------------------------
Tests run: 56, Failures: 49, Errors: 0, Skipped: 7, Time elapsed: 25.871 sec <<< FAILURE! - in TestSuite
TC_Registeruser_ValidData(com.Digitalcodes.testcases.Registration_Test)  Time elapsed: 0.472 sec  <<< FAILURE!
java.lang.NullPointerException: Cannot invoke "org.openqa.selenium.WebDriver.getWindowHandle()" because "com.Digitalcodes.utilities.Baseclass.driver" is null
	at com.Digitalcodes.testcases.Registration_Test.TC_Registeruser_ValidData(Registration_Test.java:42)

TC01_loginValidData(com.Digitalcodes.testcases.Login_Test)  Time elapsed: 1.451 sec  <<< FAILURE!
java.lang.RuntimeException: java.lang.Exception: Test Case Name Not add in sheet
	at com.Digitalcodes.testcases.Login_Test.getData(Login_Test.java:30)

TC02_verifyUserInformation(com.Digitalcodes.testcases.Login_Test)  Time elapsed: 4.266 sec  <<< FAILURE!
java.lang.NullPointerException: Cannot invoke "com.Digitalcodes.pageobject.Header.getSubscrptionType()" because "com.Digitalcodes.testcases.Login_Test.header" is null
	at com.Digitalcodes.testcases.Login_Test.TC02_verifyUserInformation(Login_Test.java:68)

TC_verifyUpdateQutentiy_RemoveIncart(com.Digitalcodes.testcases.Title_Purchase_Test)  Time elapsed: 0.15 sec  <<< FAILURE!
java.lang.NullPointerException: Cannot invoke "com.Digitalcodes.pageobject.Menu.navigetToStaticFeaturs(String)" because "com.Digitalcodes.testcases.Title_Purchase_Test.menu" is null
	at com.Digitalcodes.testcases.Title_Purchase_Test.TC_verifyUpdateQutentiy_RemoveIncart(Title_Purchase_Test.java:118)

TC_PurchaseTitle(com.Digitalcodes.testcases.Title_Purchase_Test)  Time elapsed: 0.235 sec  <<< FAILURE!
java.lang.NullPointerException: Cannot invoke "com.Digitalcodes.pageobject.Menu.navigetToStaticFeaturs(String)" because "com.Digitalcodes.testcases.Title_Purchase_Test.menu" is null
	at com.Digitalcodes.testcases.Title_Purchase_Test.TC_PurchaseTitle(Title_Purchase_Test.java:35)

TC04_verifyTitleLandingPage(com.Digitalcodes.testcases.Title_LandingPage_Test)  Time elapsed: 0.491 sec  <<< FAILURE!
java.lang.RuntimeException: java.lang.NullPointerException: Cannot invoke "String.equalsIgnoreCase(String)" because "com.Digitalcodes.utilities.DataProviders.USER" is null
Caused by: java.lang.NullPointerException: Cannot invoke "String.equalsIgnoreCase(String)" because "com.Digitalcodes.utilities.DataProviders.USER" is null

TC05_verifyMarkFavoriteTitle(com.Digitalcodes.testcases.Title_LandingPage_Test)  Time elapsed: 0.246 sec  <<< FAILURE!
java.lang.NullPointerException: Cannot invoke "com.Digitalcodes.pageobject.Menu.navigateToTitlesCover(String, String)" because "com.Digitalcodes.testcases.Title_LandingPage_Test.menu" is null
	at com.Digitalcodes.testcases.Title_LandingPage_Test.TC05_verifyMarkFavoriteTitle(Title_LandingPage_Test.java:57)

TC06_verifyChangeVersion_ReleatedTitles_Categories(com.Digitalcodes.testcases.Title_LandingPage_Test)  Time elapsed: 0.327 sec  <<< FAILURE!
java.lang.NullPointerException: Cannot invoke "com.Digitalcodes.pageobject.Menu.navigateToTitlesCover(String, String)" because "com.Digitalcodes.testcases.Title_LandingPage_Test.menu" is null
	at com.Digitalcodes.testcases.Title_LandingPage_Test.TC06_verifyChangeVersion_ReleatedTitles_Categories(Title_LandingPage_Test.java:100)

TC07_verifyMyNotes_FromTOC(com.Digitalcodes.testcases.TableOfContent_Test)  Time elapsed: 0.083 sec  <<< FAILURE!
java.lang.NullPointerException: Cannot invoke "com.Digitalcodes.testcases.CommanSteps.navigetToTitle(String, String, String)" because "com.Digitalcodes.testcases.TableOfContent_Test.commanstep" is null
	at com.Digitalcodes.testcases.TableOfContent_Test.TC07_verifyMyNotes_FromTOC(TableOfContent_Test.java:18)

TC09_verifyCreateNotes_atSection(com.Digitalcodes.testcases.Title_SectionPage_Test)  Time elapsed: 0.115 sec  <<< FAILURE!
java.lang.RuntimeException: java.lang.NullPointerException: Cannot invoke "String.equalsIgnoreCase(String)" because "com.Digitalcodes.utilities.DataProviders.USER" is null
Caused by: java.lang.NullPointerException: Cannot invoke "String.equalsIgnoreCase(String)" because "com.Digitalcodes.utilities.DataProviders.USER" is null

TC10_verifyCreateBookmark_atSection(com.Digitalcodes.testcases.Title_SectionPage_Test)  Time elapsed: 0.168 sec  <<< FAILURE!
java.lang.RuntimeException: java.lang.NullPointerException: Cannot invoke "String.equalsIgnoreCase(String)" because "com.Digitalcodes.utilities.DataProviders.USER" is null
Caused by: java.lang.NullPointerException: Cannot invoke "String.equalsIgnoreCase(String)" because "com.Digitalcodes.utilities.DataProviders.USER" is null

TC11_verifyShareSection_FromSection(com.Digitalcodes.testcases.Title_SectionPage_Test)  Time elapsed: 0.073 sec  <<< FAILURE!
java.lang.NullPointerException: Cannot invoke "com.Digitalcodes.testcases.CommanSteps.navigetToTitle(String, String, String)" because "com.Digitalcodes.testcases.Title_SectionPage_Test.commanstep" is null
	at com.Digitalcodes.testcases.Title_SectionPage_Test.TC11_verifyShareSection_FromSection(Title_SectionPage_Test.java:174)

TC13_verifyShareNote_FromSction(com.Digitalcodes.testcases.Title_SectionPage_Test)  Time elapsed: 0.264 sec  <<< FAILURE!
java.lang.NullPointerException: Cannot invoke "org.openqa.selenium.interactions.Actions.doubleClick(org.openqa.selenium.WebElement)" because "com.Digitalcodes.utilities.Baseclass.action" is null
	at com.Digitalcodes.testcases.Title_SectionPage_Test.TC13_verifyShareNote_FromSction(Title_SectionPage_Test.java:243)

TC16_verifyShareBookmark_FromSection(com.Digitalcodes.testcases.Title_SectionPage_Test)  Time elapsed: 0.105 sec  <<< FAILURE!
java.lang.NullPointerException: Cannot invoke "com.Digitalcodes.testcases.CommanSteps.navigetToTitle(String, String, String)" because "com.Digitalcodes.testcases.Title_SectionPage_Test.commanstep" is null
	at com.Digitalcodes.testcases.Title_SectionPage_Test.TC16_verifyShareBookmark_FromSection(Title_SectionPage_Test.java:333)

TC19_verifyLinksOnChapter(com.Digitalcodes.testcases.Title_SectionPage_Test)  Time elapsed: 0.053 sec  <<< FAILURE!
java.lang.NullPointerException: Cannot invoke "com.Digitalcodes.testcases.CommanSteps.navigetToTitle(String, String, String)" because "com.Digitalcodes.testcases.Title_SectionPage_Test.commanstep" is null
	at com.Digitalcodes.testcases.Title_SectionPage_Test.TC19_verifyLinksOnChapter(Title_SectionPage_Test.java:424)

TC20_verifyCreateNotes_atSubsection(com.Digitalcodes.testcases.Title_SectionPage_Test)  Time elapsed: 0.014 sec  <<< FAILURE!
java.lang.NullPointerException: Cannot invoke "com.Digitalcodes.testcases.CommanSteps.navigetToTitle(String, String, String)" because "com.Digitalcodes.testcases.Title_SectionPage_Test.commanstep" is null
	at com.Digitalcodes.testcases.Title_SectionPage_Test.TC20_verifyCreateNotes_atSubsection(Title_SectionPage_Test.java:461)

TC21_verifyCreateBookmark_atSubsection(com.Digitalcodes.testcases.Title_SectionPage_Test)  Time elapsed: 0.019 sec  <<< FAILURE!
java.lang.NullPointerException: Cannot invoke "com.Digitalcodes.testcases.CommanSteps.navigetToTitle(String, String, String)" because "com.Digitalcodes.testcases.Title_SectionPage_Test.commanstep" is null
	at com.Digitalcodes.testcases.Title_SectionPage_Test.TC21_verifyCreateBookmark_atSubsection(Title_SectionPage_Test.java:519)

TC22_verifyShareSection_FromSubSection(com.Digitalcodes.testcases.Title_SectionPage_Test)  Time elapsed: 0.023 sec  <<< FAILURE!
java.lang.NullPointerException: Cannot invoke "com.Digitalcodes.testcases.CommanSteps.navigetToTitle(String, String, String)" because "com.Digitalcodes.testcases.Title_SectionPage_Test.commanstep" is null
	at com.Digitalcodes.testcases.Title_SectionPage_Test.TC22_verifyShareSection_FromSubSection(Title_SectionPage_Test.java:574)

TC22_verifyPrintSection_FromSubSection(com.Digitalcodes.testcases.Title_SectionPage_Test)  Time elapsed: 0.037 sec  <<< FAILURE!
java.lang.NullPointerException: Cannot invoke "org.openqa.selenium.SearchContext.findElements(org.openqa.selenium.By)" because "this.searchContext" is null
	at com.Digitalcodes.testcases.Title_SectionPage_Test.TC22_verifyPrintSection_FromSubSection(Title_SectionPage_Test.java:602)

TC24_verifyCreateNotes_atChildSubsection(com.Digitalcodes.testcases.Title_SectionPage_Test)  Time elapsed: 0.015 sec  <<< FAILURE!
java.lang.NullPointerException: Cannot invoke "com.Digitalcodes.testcases.CommanSteps.navigetToTitle(String, String, String)" because "com.Digitalcodes.testcases.Title_SectionPage_Test.commanstep" is null
	at com.Digitalcodes.testcases.Title_SectionPage_Test.TC24_verifyCreateNotes_atChildSubsection(Title_SectionPage_Test.java:617)

TC25_verifyCreateBookmark_atChildSubsection(com.Digitalcodes.testcases.Title_SectionPage_Test)  Time elapsed: 0.012 sec  <<< FAILURE!
java.lang.NullPointerException: Cannot invoke "com.Digitalcodes.testcases.CommanSteps.navigetToTitle(String, String, String)" because "com.Digitalcodes.testcases.Title_SectionPage_Test.commanstep" is null
	at com.Digitalcodes.testcases.Title_SectionPage_Test.TC25_verifyCreateBookmark_atChildSubsection(Title_SectionPage_Test.java:676)

TC26_verifyShareSection_atChildSubsection(com.Digitalcodes.testcases.Title_SectionPage_Test)  Time elapsed: 0.014 sec  <<< FAILURE!
java.lang.NullPointerException: Cannot invoke "com.Digitalcodes.testcases.CommanSteps.navigetToTitle(String, String, String)" because "com.Digitalcodes.testcases.Title_SectionPage_Test.commanstep" is null
	at com.Digitalcodes.testcases.Title_SectionPage_Test.TC26_verifyShareSection_atChildSubsection(Title_SectionPage_Test.java:735)

TC27_verifyPrintSection_FromChildSubSection(com.Digitalcodes.testcases.Title_SectionPage_Test)  Time elapsed: 0.894 sec  <<< FAILURE!
java.lang.NullPointerException: Cannot invoke "org.openqa.selenium.SearchContext.findElements(org.openqa.selenium.By)" because "this.searchContext" is null
	at com.Digitalcodes.testcases.Title_SectionPage_Test.TC27_verifyPrintSection_FromChildSubSection(Title_SectionPage_Test.java:766)

TC34_verifyHideCommentary(com.Digitalcodes.testcases.Title_Commentary_Test)  Time elapsed: 0.392 sec  <<< FAILURE!
java.lang.NullPointerException: Cannot invoke "com.Digitalcodes.testcases.CommanSteps.navigetToTitle(String, String, String)" because "com.Digitalcodes.testcases.Title_Commentary_Test.commanstep" is null
	at com.Digitalcodes.testcases.Title_Commentary_Test.TC34_verifyHideCommentary(Title_Commentary_Test.java:34)

TC33_verifyNgviateToBasicTitle(com.Digitalcodes.testcases.Title_Basic_Test)  Time elapsed: 0.203 sec  <<< FAILURE!
java.lang.NullPointerException: Cannot invoke "com.Digitalcodes.testcases.CommanSteps.navigetToTitle(String, String, String)" because "com.Digitalcodes.testcases.Title_Basic_Test.commanstep" is null
	at com.Digitalcodes.testcases.Title_Basic_Test.TC33_verifyNgviateToBasicTitle(Title_Basic_Test.java:31)

TC33_verifyNgviateToBasicTitle(com.Digitalcodes.testcases.Title_Basic_Test)  Time elapsed: 0.278 sec  <<< FAILURE!
java.lang.NullPointerException: Cannot invoke "com.Digitalcodes.testcases.CommanSteps.navigetToTitle(String, String, String)" because "com.Digitalcodes.testcases.Title_Basic_Test.commanstep" is null
	at com.Digitalcodes.testcases.Title_Basic_Test.TC33_verifyNgviateToBasicTitle(Title_Basic_Test.java:31)

TC33_verifyNgviateToBasicTitle(com.Digitalcodes.testcases.Title_Basic_Test)  Time elapsed: 0.214 sec  <<< FAILURE!
java.lang.NullPointerException: Cannot invoke "com.Digitalcodes.testcases.CommanSteps.navigetToTitle(String, String, String)" because "com.Digitalcodes.testcases.Title_Basic_Test.commanstep" is null
	at com.Digitalcodes.testcases.Title_Basic_Test.TC33_verifyNgviateToBasicTitle(Title_Basic_Test.java:31)

TC42_verifySearchWithinTitle(com.Digitalcodes.testcases.ContentSearch_Test)  Time elapsed: 0.11 sec  <<< FAILURE!
java.lang.NullPointerException: Cannot invoke "com.Digitalcodes.testcases.CommanSteps.navigetToTitle(String, String, String)" because "com.Digitalcodes.testcases.ContentSearch_Test.commanstep" is null
	at com.Digitalcodes.testcases.ContentSearch_Test.TC42_verifySearchWithinTitle(ContentSearch_Test.java:72)

TC44_verifyContentSearch(com.Digitalcodes.testcases.ContentSearch_Test)  Time elapsed: 0.106 sec  <<< FAILURE!
java.lang.NullPointerException: Cannot invoke "com.Digitalcodes.pageobject.Menu.navigateToPremiumToolFeaturs(String)" because "com.Digitalcodes.testcases.ContentSearch_Test.menu" is null
	at com.Digitalcodes.testcases.ContentSearch_Test.TC44_verifyContentSearch(ContentSearch_Test.java:116)

TC44_verifyContentSearch(com.Digitalcodes.testcases.ContentSearch_Test)  Time elapsed: 0.029 sec  <<< FAILURE!
java.lang.NullPointerException: Cannot invoke "com.Digitalcodes.pageobject.Menu.navigateToPremiumToolFeaturs(String)" because "com.Digitalcodes.testcases.ContentSearch_Test.menu" is null
	at com.Digitalcodes.testcases.ContentSearch_Test.TC44_verifyContentSearch(ContentSearch_Test.java:116)

TC44_verifyContentSearch(com.Digitalcodes.testcases.ContentSearch_Test)  Time elapsed: 0.029 sec  <<< FAILURE!
java.lang.NullPointerException: Cannot invoke "com.Digitalcodes.pageobject.Menu.navigateToPremiumToolFeaturs(String)" because "com.Digitalcodes.testcases.ContentSearch_Test.menu" is null
	at com.Digitalcodes.testcases.ContentSearch_Test.TC44_verifyContentSearch(ContentSearch_Test.java:116)

TC44_verifyContentSearch(com.Digitalcodes.testcases.ContentSearch_Test)  Time elapsed: 0.035 sec  <<< FAILURE!
java.lang.NullPointerException: Cannot invoke "com.Digitalcodes.pageobject.Menu.navigateToPremiumToolFeaturs(String)" because "com.Digitalcodes.testcases.ContentSearch_Test.menu" is null
	at com.Digitalcodes.testcases.ContentSearch_Test.TC44_verifyContentSearch(ContentSearch_Test.java:116)

TC46_verifyJumpToSection(com.Digitalcodes.testcases.ContentSearch_Test)  Time elapsed: 0.062 sec  <<< FAILURE!
java.lang.NullPointerException: Cannot invoke "com.Digitalcodes.pageobject.Menu.navigateToPremiumToolFeaturs(String)" because "com.Digitalcodes.testcases.ContentSearch_Test.menu" is null
	at com.Digitalcodes.testcases.ContentSearch_Test.TC46_verifyJumpToSection(ContentSearch_Test.java:157)

TC47_verifyCopyAndPrintThisSection(com.Digitalcodes.testcases.ContentSearch_Test)  Time elapsed: 0.036 sec  <<< FAILURE!
java.lang.NullPointerException: Cannot invoke "org.openqa.selenium.support.ui.WebDriverWait.until(java.util.function.Function)" because "com.Digitalcodes.utilities.Baseclass.wait" is null
	at com.Digitalcodes.testcases.ContentSearch_Test.TC47_verifyCopyAndPrintThisSection(ContentSearch_Test.java:198)

TC48_verifyShareThisSection(com.Digitalcodes.testcases.ContentSearch_Test)  Time elapsed: 0.066 sec  <<< FAILURE!
java.lang.NullPointerException: Cannot invoke "org.openqa.selenium.support.ui.WebDriverWait.until(java.util.function.Function)" because "com.Digitalcodes.utilities.Baseclass.wait" is null
	at com.Digitalcodes.testcases.ContentSearch_Test.TC48_verifyShareThisSection(ContentSearch_Test.java:221)

TC49_verifyCreateBookmark(com.Digitalcodes.testcases.ContentSearch_Test)  Time elapsed: 0.224 sec  <<< FAILURE!
java.lang.NullPointerException: Cannot invoke "org.openqa.selenium.support.ui.WebDriverWait.until(java.util.function.Function)" because "com.Digitalcodes.utilities.Baseclass.wait" is null
	at com.Digitalcodes.testcases.ContentSearch_Test.TC49_verifyCreateBookmark(ContentSearch_Test.java:234)

TC50_verifyShareEditDeleteBookmark(com.Digitalcodes.testcases.ContentSearch_Test)  Time elapsed: 0.057 sec  <<< FAILURE!
java.lang.NullPointerException: Cannot invoke "org.openqa.selenium.SearchContext.findElement(org.openqa.selenium.By)" because "this.searchContext" is null
	at com.Digitalcodes.testcases.ContentSearch_Test.TC50_verifyShareEditDeleteBookmark(ContentSearch_Test.java:284)

TC51_verifyAdvanceTermSearch(com.Digitalcodes.testcases.ContentSearch_Test)  Time elapsed: 0.248 sec  <<< FAILURE!
java.lang.NullPointerException: Cannot invoke "org.openqa.selenium.SearchContext.findElement(org.openqa.selenium.By)" because "this.searchContext" is null
	at com.Digitalcodes.testcases.ContentSearch_Test.TC51_verifyAdvanceTermSearch(ContentSearch_Test.java:341)

TC52_verifyNearSearch(com.Digitalcodes.testcases.ContentSearch_Test)  Time elapsed: 0.126 sec  <<< FAILURE!
java.lang.NullPointerException: Cannot invoke "org.openqa.selenium.support.ui.WebDriverWait.until(java.util.function.Function)" because "com.Digitalcodes.utilities.Baseclass.wait" is null
	at com.Digitalcodes.testcases.ContentSearch_Test.TC52_verifyNearSearch(ContentSearch_Test.java:365)

TC53_verifyShowRelevantTitles(com.Digitalcodes.testcases.ContentSearch_Test)  Time elapsed: 0.044 sec  <<< FAILURE!
java.lang.NullPointerException: Cannot invoke "org.openqa.selenium.support.ui.WebDriverWait.until(java.util.function.Function)" because "com.Digitalcodes.utilities.Baseclass.wait" is null
	at com.Digitalcodes.testcases.ContentSearch_Test.TC53_verifyShowRelevantTitles(ContentSearch_Test.java:383)

TC54_verifySaveDeleteContentSerach(com.Digitalcodes.testcases.ContentSearch_Test)  Time elapsed: 0.032 sec  <<< FAILURE!
java.lang.NullPointerException: Cannot invoke "com.Digitalcodes.pageobject.Menu.navigateToPremiumToolFeaturs(String)" because "com.Digitalcodes.testcases.ContentSearch_Test.menu" is null
	at com.Digitalcodes.testcases.ContentSearch_Test.TC54_verifySaveDeleteContentSerach(ContentSearch_Test.java:399)

TC55_verifymarkFavorite_unFavoriteTitleformConetntSearch(com.Digitalcodes.testcases.ContentSearch_Test)  Time elapsed: 0.067 sec  <<< FAILURE!
java.lang.NullPointerException: Cannot invoke "org.openqa.selenium.support.ui.WebDriverWait.until(java.util.function.Function)" because "com.Digitalcodes.utilities.Baseclass.wait" is null
	at com.Digitalcodes.testcases.ContentSearch_Test.TC55_verifymarkFavorite_unFavoriteTitleformConetntSearch(ContentSearch_Test.java:430)

TC56_verifyPaginationinContentSearch(com.Digitalcodes.testcases.ContentSearch_Test)  Time elapsed: 0.08 sec  <<< FAILURE!
java.lang.NullPointerException: Cannot invoke "com.Digitalcodes.pageobject.Menu.navigateToPremiumToolFeaturs(String)" because "com.Digitalcodes.testcases.ContentSearch_Test.menu" is null
	at com.Digitalcodes.testcases.ContentSearch_Test.TC56_verifyPaginationinContentSearch(ContentSearch_Test.java:454)

TC34_verifyNavigateToASTM_FromLinks(com.Digitalcodes.testcases.Title_ASTMStanderds_Test)  Time elapsed: 0.013 sec  <<< FAILURE!
java.lang.NullPointerException: Cannot invoke "com.Digitalcodes.testcases.CommanSteps.navigetToTitle(String, String, String)" because "com.Digitalcodes.testcases.Title_ASTMStanderds_Test.commanstep" is null
	at com.Digitalcodes.testcases.Title_ASTMStanderds_Test.TC34_verifyNavigateToASTM_FromLinks(Title_ASTMStanderds_Test.java:43)

TC35_verifyNavigateToASTM(com.Digitalcodes.testcases.Title_ASTMStanderds_Test)  Time elapsed: 0.031 sec  <<< FAILURE!
java.lang.NullPointerException: Cannot invoke "com.Digitalcodes.pageobject.Menu.navigateToTitlesCover(String, String)" because "com.Digitalcodes.testcases.Title_ASTMStanderds_Test.menu" is null
	at com.Digitalcodes.testcases.Title_ASTMStanderds_Test.TC35_verifyNavigateToASTM(Title_ASTMStanderds_Test.java:71)

TC37_verifyAccessSection_QuickAccess(com.Digitalcodes.testcases.PremiumTools_QuickAccess_Test)  Time elapsed: 0.038 sec  <<< FAILURE!
java.lang.NullPointerException: Cannot invoke "com.Digitalcodes.pageobject.Menu.navigateToPremiumToolFeaturs(String)" because "com.Digitalcodes.testcases.PremiumTools_QuickAccess_Test.menu" is null
	at com.Digitalcodes.testcases.PremiumTools_QuickAccess_Test.TC37_verifyAccessSection_QuickAccess(PremiumTools_QuickAccess_Test.java:53)

TC38_verifyActionsOnSection_QuickAccess(com.Digitalcodes.testcases.PremiumTools_QuickAccess_Test)  Time elapsed: 0.023 sec  <<< FAILURE!
java.lang.NullPointerException: Cannot invoke "org.openqa.selenium.support.ui.WebDriverWait.until(java.util.function.Function)" because "com.Digitalcodes.utilities.Baseclass.wait" is null
	at com.Digitalcodes.testcases.PremiumTools_QuickAccess_Test.TC38_verifyActionsOnSection_QuickAccess(PremiumTools_QuickAccess_Test.java:96)

TC39_verifyShare_Edit_DeleteBookmakr_QuickAccess(com.Digitalcodes.testcases.PremiumTools_QuickAccess_Test)  Time elapsed: 0.023 sec  <<< FAILURE!
java.lang.NullPointerException: Cannot invoke "com.Digitalcodes.pageobject.Menu.navigateToPremiumToolFeaturs(String)" because "com.Digitalcodes.testcases.PremiumTools_QuickAccess_Test.menu" is null
	at com.Digitalcodes.testcases.PremiumTools_QuickAccess_Test.TC39_verifyShare_Edit_DeleteBookmakr_QuickAccess(PremiumTools_QuickAccess_Test.java:153)

TC40_verifyRecentlyQuickAccessedSections_QuickAccess(com.Digitalcodes.testcases.PremiumTools_QuickAccess_Test)  Time elapsed: 0.024 sec  <<< FAILURE!
java.lang.NullPointerException: Cannot invoke "com.Digitalcodes.pageobject.Menu.navigateToPremiumToolFeaturs(String)" because "com.Digitalcodes.testcases.PremiumTools_QuickAccess_Test.menu" is null
	at com.Digitalcodes.testcases.PremiumTools_QuickAccess_Test.TC40_verifyRecentlyQuickAccessedSections_QuickAccess(PremiumTools_QuickAccess_Test.java:203)

