<?xml version="1.0" encoding="UTF-8"?>
<testsuite xmlns:xsi="http://www.w3.org/2001/XMLSchema-instance" xsi:noNamespaceSchemaLocation="https://maven.apache.org/surefire/maven-surefire-plugin/xsd/surefire-test-report-3.0.xsd" version="3.0" name="TestSuite" time="549.766" tests="19" errors="0" skipped="0" failures="1">
  <properties>
[...]
</properties>
  <testcase name="TC01_login" classname="com.Digitalcodes.testcases.Login_Test" time="10.083">
    <system-out><![CDATA[Platform Name :- local
Browser Name :- chrome
 
https://codes-stage.iccsafe.org/
 
TC01_login : PASSED
]]></system-out>
    <system-err><![CDATA[SLF4J: No SLF4J providers were found.
SLF4J: Defaulting to no-operation (NOP) logger implementation
SLF4J: See https://www.slf4j.org/codes.html#noProviders for further details.
Starting ChromeDriver 113.0.5672.63 (0e1a4471d5ae5bf128b1bd8f4d627c8cbd55f70c-refs/branch-heads/5672@{#912}) on port 39246
Only local connections are allowed.
Please see https://chromedriver.chromium.org/security-considerations for suggestions on keeping ChromeDriver safe.
ChromeDriver was started successfully.
May 17, 2023 10:48:21 AM org.openqa.selenium.devtools.CdpVersionFinder findNearestMatch
WARNING: Unable to find an exact match for CDP version 113, so returning the closest version found: 112
]]></system-err>
  </testcase>
  <testcase name="TC02_verifyUserInformation" classname="com.Digitalcodes.testcases.Login_Test" time="70.574">
    <system-out><![CDATA[=======================================================
  
TC02_verifyUserInformation : PASSED
]]></system-out>
  </testcase>
  <testcase name="TC03_navigateToGroupTitles" classname="com.Digitalcodes.testcases.I_Codes_Test" time="2.049">
    <system-out><![CDATA[=======================================================
  
TC03_navigateToGroupTitles : PASSED
]]></system-out>
  </testcase>
  <testcase name="TC04_verifyTitleLandingPage" classname="com.Digitalcodes.testcases.I_Codes_Test" time="17.716">
    <system-out><![CDATA[=======================================================
  
TC04_verifyTitleLandingPage : PASSED
]]></system-out>
  </testcase>
  <testcase name="TC05_verifyMarkFavoriteTitle" classname="com.Digitalcodes.testcases.I_Codes_Test" time="12.44">
    <system-out><![CDATA[=======================================================
  
TC05_verifyMarkFavoriteTitle : PASSED
]]></system-out>
  </testcase>
  <testcase name="TC06_verifyRemoveFavoriteTitle" classname="com.Digitalcodes.testcases.I_Codes_Test" time="4.363">
    <system-out><![CDATA[=======================================================
  
TC06_verifyRemoveFavoriteTitle : PASSED
]]></system-out>
  </testcase>
  <testcase name="TC07_verifyMyNotes_FromTOC" classname="com.Digitalcodes.testcases.I_Codes_Test" time="5.296">
    <system-out><![CDATA[=======================================================
  
TC07_verifyMyNotes_FromTOC : PASSED
]]></system-out>
  </testcase>
  <testcase name="TC08_verifyNavigateToSection_FromTOC" classname="com.Digitalcodes.testcases.I_Codes_Test" time="16.884">
    <system-out><![CDATA[=======================================================
  
TC08_verifyNavigateToSection_FromTOC : PASSED
]]></system-out>
  </testcase>
  <testcase name="TC09_verifyCreateNotes_atSection" classname="com.Digitalcodes.testcases.I_Codes_Test" time="23.336">
    <system-out><![CDATA[=======================================================
  
TC09_verifyCreateNotes_atSection : PASSED
]]></system-out>
  </testcase>
  <testcase name="TC10_verifyCreateBookmark_atSection" classname="com.Digitalcodes.testcases.I_Codes_Test" time="43.694">
    <system-out><![CDATA[=======================================================
  
TC10_verifyCreateBookmark_atSection : PASSED
]]></system-out>
  </testcase>
  <testcase name="TC11_verifyShareSection_FromSection" classname="com.Digitalcodes.testcases.I_Codes_Test" time="31.851">
    <system-out><![CDATA[=======================================================
  
TC11_verifyShareSection_FromSection : PASSED
]]></system-out>
  </testcase>
  <testcase name="TC12_verifyPrintSection_FromSection" classname="com.Digitalcodes.testcases.I_Codes_Test" time="6.181">
    <system-out><![CDATA[=======================================================
  
TC12_verifyPrintSection_FromSection : PASSED
]]></system-out>
  </testcase>
  <testcase name="TC13_verifyShareNote_FromSction" classname="com.Digitalcodes.testcases.I_Codes_Test" time="12.356">
    <system-out><![CDATA[=======================================================
  
TC13_verifyShareNote_FromSction : PASSED
]]></system-out>
  </testcase>
  <testcase name="TC14_verifyEditNotes_FromSection" classname="com.Digitalcodes.testcases.I_Codes_Test" time="12.089">
    <system-out><![CDATA[=======================================================
  
TC14_verifyEditNotes_FromSection : PASSED
]]></system-out>
  </testcase>
  <testcase name="TC15_verifyDeleteNotes_FromSection" classname="com.Digitalcodes.testcases.I_Codes_Test" time="6.335">
    <system-out><![CDATA[=======================================================
  
TC15_verifyDeleteNotes_FromSection : PASSED
]]></system-out>
  </testcase>
  <testcase name="TC16_verifyShareBookmark_FromSection" classname="com.Digitalcodes.testcases.I_Codes_Test" time="30.945">
    <system-out><![CDATA[=======================================================
  
TC16_verifyShareBookmark_FromSection : PASSED
]]></system-out>
  </testcase>
  <testcase name="TC17_verifyEditBookmark_FromSection" classname="com.Digitalcodes.testcases.I_Codes_Test" time="11.571">
    <system-out><![CDATA[=======================================================
  
TC17_verifyEditBookmark_FromSection : PASSED
]]></system-out>
  </testcase>
  <testcase name="TC18_verifyDeleteBookmark_FromSection" classname="com.Digitalcodes.testcases.I_Codes_Test" time="5.794">
    <system-out><![CDATA[=======================================================
  
TC18_verifyDeleteBookmark_FromSection : PASSED
]]></system-out>
  </testcase>
  <testcase name="TC19_verifyLinksOnChapter" classname="com.Digitalcodes.testcases.I_Codes_Test" time="154.315">
    <failure message="Expected condition failed: waiting for visibility of all [Proxy element for: DefaultElementLocator &apos;By.xpath: //div[@class=&quot;newIccStyles v-sheet theme--light&quot;]&apos;] (tried for 90 second(s) with 500 milliseconds interval)" type="org.openqa.selenium.TimeoutException"><![CDATA[org.openqa.selenium.TimeoutException: Expected condition failed: waiting for visibility of all [Proxy element for: DefaultElementLocator 'By.xpath: //div[@class="newIccStyles v-sheet theme--light"]'] (tried for 90 second(s) with 500 milliseconds interval)
	at org.openqa.selenium.support.ui.WebDriverWait.timeoutException(WebDriverWait.java:87)
	at org.openqa.selenium.support.ui.FluentWait.until(FluentWait.java:231)
	at com.Digitalcodes.utilities.Baseclass.isDisplayed(Baseclass.java:221)
	at com.Digitalcodes.pageobject.Codes_Section.hoverOnTitleLink(Codes_Section.java:324)
	at com.Digitalcodes.testcases.I_Codes_Test.TC19_verifyLinksOnChapter(I_Codes_Test.java:537)
	at java.base/jdk.internal.reflect.NativeMethodAccessorImpl.invoke0(Native Method)
	at java.base/jdk.internal.reflect.NativeMethodAccessorImpl.invoke(NativeMethodAccessorImpl.java:77)
	at java.base/jdk.internal.reflect.DelegatingMethodAccessorImpl.invoke(DelegatingMethodAccessorImpl.java:43)
	at java.base/java.lang.reflect.Method.invoke(Method.java:568)
	at org.testng.internal.MethodInvocationHelper.invokeMethod(MethodInvocationHelper.java:133)
	at org.testng.internal.TestInvoker.invokeMethod(TestInvoker.java:598)
	at org.testng.internal.TestInvoker.invokeTestMethod(TestInvoker.java:173)
	at org.testng.internal.MethodRunner.runInSequence(MethodRunner.java:46)
	at org.testng.internal.TestInvoker$MethodInvocationAgent.invoke(TestInvoker.java:824)
	at org.testng.internal.TestInvoker.invokeTestMethods(TestInvoker.java:146)
	at org.testng.internal.TestMethodWorker.invokeTestMethods(TestMethodWorker.java:146)
	at org.testng.internal.TestMethodWorker.run(TestMethodWorker.java:128)
	at java.base/java.util.ArrayList.forEach(ArrayList.java:1511)
	at org.testng.TestRunner.privateRun(TestRunner.java:794)
	at org.testng.TestRunner.run(TestRunner.java:596)
	at org.testng.SuiteRunner.runTest(SuiteRunner.java:377)
	at org.testng.SuiteRunner.runSequentially(SuiteRunner.java:371)
	at org.testng.SuiteRunner.privateRun(SuiteRunner.java:332)
	at org.testng.SuiteRunner.run(SuiteRunner.java:276)
	at org.testng.SuiteRunnerWorker.runSuite(SuiteRunnerWorker.java:53)
	at org.testng.SuiteRunnerWorker.run(SuiteRunnerWorker.java:96)
	at org.testng.TestNG.runSuitesSequentially(TestNG.java:1212)
	at org.testng.TestNG.runSuitesLocally(TestNG.java:1134)
	at org.testng.TestNG.runSuites(TestNG.java:1063)
	at org.testng.TestNG.run(TestNG.java:1031)
	at org.apache.maven.surefire.testng.TestNGExecutor.run(TestNGExecutor.java:308)
	at org.apache.maven.surefire.testng.TestNGXmlTestSuite.execute(TestNGXmlTestSuite.java:71)
	at org.apache.maven.surefire.testng.TestNGProvider.invoke(TestNGProvider.java:113)
	at org.apache.maven.surefire.booter.ForkedBooter.runSuitesInProcess(ForkedBooter.java:385)
	at org.apache.maven.surefire.booter.ForkedBooter.execute(ForkedBooter.java:162)
	at org.apache.maven.surefire.booter.ForkedBooter.run(ForkedBooter.java:507)
	at org.apache.maven.surefire.booter.ForkedBooter.main(ForkedBooter.java:495)
Caused by: org.openqa.selenium.NoSuchElementException: no such element: Unable to locate element: {"method":"xpath","selector":"//div[@class="newIccStyles v-sheet theme--light"]"}
  (Session info: chrome=113.0.5672.93)
For documentation on this error, please visit: https://selenium.dev/exceptions/#no_such_element
Build info: version: '4.9.0', revision: 'd7057100a6'
System info: os.name: 'Windows 10', os.arch: 'amd64', os.version: '10.0', java.version: '17.0.5'
Driver info: org.openqa.selenium.chrome.ChromeDriver
Command: [b2476ef68e37923b900ac34b12f83c43, findElement {using=xpath, value=//div[@class="newIccStyles v-sheet theme--light"]}]
Capabilities {acceptInsecureCerts: false, browserName: chrome, browserVersion: 113.0.5672.93, chrome: {chromedriverVersion: 113.0.5672.63 (0e1a4471d5ae..., userDataDir: C:\Users\VRUSHA~1\AppData\L...}, goog:chromeOptions: {debuggerAddress: localhost:53351}, networkConnectionEnabled: false, pageLoadStrategy: normal, platformName: WINDOWS, proxy: Proxy(), se:cdp: ws://localhost:53351/devtoo..., se:cdpVersion: 113.0.5672.93, setWindowRect: true, strictFileInteractability: false, timeouts: {implicit: 0, pageLoad: 300000, script: 30000}, unhandledPromptBehavior: dismiss and notify, webauthn:extension:credBlob: true, webauthn:extension:largeBlob: true, webauthn:extension:minPinLength: true, webauthn:extension:prf: true, webauthn:virtualAuthenticators: true}
Session ID: b2476ef68e37923b900ac34b12f83c43
	at java.base/jdk.internal.reflect.NativeConstructorAccessorImpl.newInstance0(Native Method)
	at java.base/jdk.internal.reflect.NativeConstructorAccessorImpl.newInstance(NativeConstructorAccessorImpl.java:77)
	at java.base/jdk.internal.reflect.DelegatingConstructorAccessorImpl.newInstance(DelegatingConstructorAccessorImpl.java:45)
	at java.base/java.lang.reflect.Constructor.newInstanceWithCaller(Constructor.java:499)
	at java.base/java.lang.reflect.Constructor.newInstance(Constructor.java:480)
	at org.openqa.selenium.remote.codec.w3c.W3CHttpResponseCodec.createException(W3CHttpResponseCodec.java:200)
	at org.openqa.selenium.remote.codec.w3c.W3CHttpResponseCodec.decode(W3CHttpResponseCodec.java:133)
	at org.openqa.selenium.remote.codec.w3c.W3CHttpResponseCodec.decode(W3CHttpResponseCodec.java:53)
	at org.openqa.selenium.remote.HttpCommandExecutor.execute(HttpCommandExecutor.java:193)
	at org.openqa.selenium.remote.service.DriverCommandExecutor.invokeExecute(DriverCommandExecutor.java:183)
	at org.openqa.selenium.remote.service.DriverCommandExecutor.execute(DriverCommandExecutor.java:158)
	at org.openqa.selenium.remote.RemoteWebDriver.execute(RemoteWebDriver.java:543)
	at org.openqa.selenium.remote.ElementLocation$ElementFinder$2.findElement(ElementLocation.java:162)
	at org.openqa.selenium.remote.ElementLocation.findElement(ElementLocation.java:60)
	at org.openqa.selenium.remote.RemoteWebDriver.findElement(RemoteWebDriver.java:352)
	at org.openqa.selenium.remote.RemoteWebDriver.findElement(RemoteWebDriver.java:344)
	at org.openqa.selenium.support.pagefactory.DefaultElementLocator.findElement(DefaultElementLocator.java:70)
	at org.openqa.selenium.support.pagefactory.internal.LocatingElementHandler.invoke(LocatingElementHandler.java:39)
	at jdk.proxy2/jdk.proxy2.$Proxy18.isDisplayed(Unknown Source)
	at org.openqa.selenium.support.ui.ExpectedConditions$9.apply(ExpectedConditions.java:267)
	at org.openqa.selenium.support.ui.ExpectedConditions$9.apply(ExpectedConditions.java:263)
	at org.openqa.selenium.support.ui.FluentWait.until(FluentWait.java:208)
	... 35 more
]]></failure>
    <system-out><![CDATA[=======================================================
  
TC19_verifyLinksOnChapter : FAILED
     
     
]]></system-out>
    <system-err><![CDATA[org.openqa.selenium.TimeoutException: Expected condition failed: waiting for visibility of all [Proxy element for: DefaultElementLocator 'By.xpath: //div[@class="newIccStyles v-sheet theme--light"]'] (tried for 90 second(s) with 500 milliseconds interval)
	at org.openqa.selenium.support.ui.WebDriverWait.timeoutException(WebDriverWait.java:87)
	at org.openqa.selenium.support.ui.FluentWait.until(FluentWait.java:231)
	at com.Digitalcodes.utilities.Baseclass.isDisplayed(Baseclass.java:221)
	at com.Digitalcodes.pageobject.Codes_Section.hoverOnTitleLink(Codes_Section.java:324)
	at com.Digitalcodes.testcases.I_Codes_Test.TC19_verifyLinksOnChapter(I_Codes_Test.java:537)
	at java.base/jdk.internal.reflect.NativeMethodAccessorImpl.invoke0(Native Method)
	at java.base/jdk.internal.reflect.NativeMethodAccessorImpl.invoke(NativeMethodAccessorImpl.java:77)
	at java.base/jdk.internal.reflect.DelegatingMethodAccessorImpl.invoke(DelegatingMethodAccessorImpl.java:43)
	at java.base/java.lang.reflect.Method.invoke(Method.java:568)
	at org.testng.internal.MethodInvocationHelper.invokeMethod(MethodInvocationHelper.java:133)
	at org.testng.internal.TestInvoker.invokeMethod(TestInvoker.java:598)
	at org.testng.internal.TestInvoker.invokeTestMethod(TestInvoker.java:173)
	at org.testng.internal.MethodRunner.runInSequence(MethodRunner.java:46)
	at org.testng.internal.TestInvoker$MethodInvocationAgent.invoke(TestInvoker.java:824)
	at org.testng.internal.TestInvoker.invokeTestMethods(TestInvoker.java:146)
	at org.testng.internal.TestMethodWorker.invokeTestMethods(TestMethodWorker.java:146)
	at org.testng.internal.TestMethodWorker.run(TestMethodWorker.java:128)
	at java.base/java.util.ArrayList.forEach(ArrayList.java:1511)
	at org.testng.TestRunner.privateRun(TestRunner.java:794)
	at org.testng.TestRunner.run(TestRunner.java:596)
	at org.testng.SuiteRunner.runTest(SuiteRunner.java:377)
	at org.testng.SuiteRunner.runSequentially(SuiteRunner.java:371)
	at org.testng.SuiteRunner.privateRun(SuiteRunner.java:332)
	at org.testng.SuiteRunner.run(SuiteRunner.java:276)
	at org.testng.SuiteRunnerWorker.runSuite(SuiteRunnerWorker.java:53)
	at org.testng.SuiteRunnerWorker.run(SuiteRunnerWorker.java:96)
	at org.testng.TestNG.runSuitesSequentially(TestNG.java:1212)
	at org.testng.TestNG.runSuitesLocally(TestNG.java:1134)
	at org.testng.TestNG.runSuites(TestNG.java:1063)
	at org.testng.TestNG.run(TestNG.java:1031)
	at org.apache.maven.surefire.testng.TestNGExecutor.run(TestNGExecutor.java:308)
	at org.apache.maven.surefire.testng.TestNGXmlTestSuite.execute(TestNGXmlTestSuite.java:71)
	at org.apache.maven.surefire.testng.TestNGProvider.invoke(TestNGProvider.java:113)
	at org.apache.maven.surefire.booter.ForkedBooter.runSuitesInProcess(ForkedBooter.java:385)
	at org.apache.maven.surefire.booter.ForkedBooter.execute(ForkedBooter.java:162)
	at org.apache.maven.surefire.booter.ForkedBooter.run(ForkedBooter.java:507)
	at org.apache.maven.surefire.booter.ForkedBooter.main(ForkedBooter.java:495)
Caused by: org.openqa.selenium.NoSuchElementException: no such element: Unable to locate element: {"method":"xpath","selector":"//div[@class="newIccStyles v-sheet theme--light"]"}
  (Session info: chrome=113.0.5672.93)
For documentation on this error, please visit: https://selenium.dev/exceptions/#no_such_element
Build info: version: '4.9.0', revision: 'd7057100a6'
System info: os.name: 'Windows 10', os.arch: 'amd64', os.version: '10.0', java.version: '17.0.5'
Driver info: org.openqa.selenium.chrome.ChromeDriver
Command: [b2476ef68e37923b900ac34b12f83c43, findElement {using=xpath, value=//div[@class="newIccStyles v-sheet theme--light"]}]
Capabilities {acceptInsecureCerts: false, browserName: chrome, browserVersion: 113.0.5672.93, chrome: {chromedriverVersion: 113.0.5672.63 (0e1a4471d5ae..., userDataDir: C:\Users\VRUSHA~1\AppData\L...}, goog:chromeOptions: {debuggerAddress: localhost:53351}, networkConnectionEnabled: false, pageLoadStrategy: normal, platformName: WINDOWS, proxy: Proxy(), se:cdp: ws://localhost:53351/devtoo..., se:cdpVersion: 113.0.5672.93, setWindowRect: true, strictFileInteractability: false, timeouts: {implicit: 0, pageLoad: 300000, script: 30000}, unhandledPromptBehavior: dismiss and notify, webauthn:extension:credBlob: true, webauthn:extension:largeBlob: true, webauthn:extension:minPinLength: true, webauthn:extension:prf: true, webauthn:virtualAuthenticators: true}
Session ID: b2476ef68e37923b900ac34b12f83c43
	at java.base/jdk.internal.reflect.NativeConstructorAccessorImpl.newInstance0(Native Method)
	at java.base/jdk.internal.reflect.NativeConstructorAccessorImpl.newInstance(NativeConstructorAccessorImpl.java:77)
	at java.base/jdk.internal.reflect.DelegatingConstructorAccessorImpl.newInstance(DelegatingConstructorAccessorImpl.java:45)
	at java.base/java.lang.reflect.Constructor.newInstanceWithCaller(Constructor.java:499)
	at java.base/java.lang.reflect.Constructor.newInstance(Constructor.java:480)
	at org.openqa.selenium.remote.codec.w3c.W3CHttpResponseCodec.createException(W3CHttpResponseCodec.java:200)
	at org.openqa.selenium.remote.codec.w3c.W3CHttpResponseCodec.decode(W3CHttpResponseCodec.java:133)
	at org.openqa.selenium.remote.codec.w3c.W3CHttpResponseCodec.decode(W3CHttpResponseCodec.java:53)
	at org.openqa.selenium.remote.HttpCommandExecutor.execute(HttpCommandExecutor.java:193)
	at org.openqa.selenium.remote.service.DriverCommandExecutor.invokeExecute(DriverCommandExecutor.java:183)
	at org.openqa.selenium.remote.service.DriverCommandExecutor.execute(DriverCommandExecutor.java:158)
	at org.openqa.selenium.remote.RemoteWebDriver.execute(RemoteWebDriver.java:543)
	at org.openqa.selenium.remote.ElementLocation$ElementFinder$2.findElement(ElementLocation.java:162)
	at org.openqa.selenium.remote.ElementLocation.findElement(ElementLocation.java:60)
	at org.openqa.selenium.remote.RemoteWebDriver.findElement(RemoteWebDriver.java:352)
	at org.openqa.selenium.remote.RemoteWebDriver.findElement(RemoteWebDriver.java:344)
	at org.openqa.selenium.support.pagefactory.DefaultElementLocator.findElement(DefaultElementLocator.java:70)
	at org.openqa.selenium.support.pagefactory.internal.LocatingElementHandler.invoke(LocatingElementHandler.java:39)
	at jdk.proxy2/jdk.proxy2.$Proxy18.isDisplayed(Unknown Source)
	at org.openqa.selenium.support.ui.ExpectedConditions$9.apply(ExpectedConditions.java:267)
	at org.openqa.selenium.support.ui.ExpectedConditions$9.apply(ExpectedConditions.java:263)
	at org.openqa.selenium.support.ui.FluentWait.until(FluentWait.java:208)
	... 35 more
]]></system-err>
  </testcase>
</testsuite>