<?xml version="1.0" encoding="UTF-8"?>
<testsuite xmlns:xsi="http://www.w3.org/2001/XMLSchema-instance" xsi:noNamespaceSchemaLocation="https://maven.apache.org/surefire/maven-surefire-plugin/xsd/surefire-test-report-3.0.xsd" version="3.0" name="TestSuite" time="551.033" tests="24" errors="0" skipped="0" failures="1">
  <properties>
[...]
</properties>
  <testcase name="TC01_loginValidData[complete.user@iccsafe.info, Digital@123, Complete User, Premium Complete](1)" classname="com.Digitalcodes.testcases.Login_Test" time="16.952">
    <system-out><![CDATA[Platform Name :- local
Browser Name :- chrome
Headless Mode :- false
 
https://codes-stage.iccsafe.org/
 
Click SignIN
Enter username complete.user@iccsafe.info
Enter password Digital@123
Click SignIn Button
Page Title is Login
Description :-  User able to Login with valid creditionls
TC01_loginValidData : PASSED
]]></system-out>
    <system-err><![CDATA[SLF4J: No SLF4J providers were found.
SLF4J: Defaulting to no-operation (NOP) logger implementation
SLF4J: See https://www.slf4j.org/codes.html#noProviders for further details.
Starting ChromeDriver 114.0.5735.90 (386bc09e8f4f2e025eddae123f36f6263096ae49-refs/branch-heads/5735@{#1052}) on port 12564
Only local connections are allowed.
Please see https://chromedriver.chromium.org/security-considerations for suggestions on keeping ChromeDriver safe.
ChromeDriver was started successfully.
Jun 12, 2023 10:10:38 PM org.openqa.selenium.devtools.CdpVersionFinder findNearestMatch
WARNING: Unable to find an exact match for CDP version 114, so returning the closest version found: 112
]]></system-err>
  </testcase>
  <testcase name="TC02_verifyUserInformation[complete.user@iccsafe.info, Digital@123, Complete User, Premium Complete](1)" classname="com.Digitalcodes.testcases.Login_Test" time="22.488">
    <system-out><![CDATA[=======================================================
  
Hover on Premium Complete
Subscripton Types is Premium Complete
User Name is Complete User
User Email is complete.user@iccsafe.info
Page Title is My Library
Description :-  Verify User able to displyed Subscription type, Name, email 
TC02_verifyUserInformation : PASSED
]]></system-out>
  </testcase>
  <testcase name="TC04_verifyTitleLandingPage[I-Codes, 2021 I-Codes, 2021 International Building Code (IBC), CHAPTER 2 DEFINITIONS](1)" classname="com.Digitalcodes.testcases.Title_LandingPage_Test" time="12.943">
    <system-out><![CDATA[=======================================================
  
Click menu
Click I-Codes
Click 2021 I-Codes
Page Title is 2021 I-Codes Building Codes - ICC Digital Codes
Click 2021 International Building Code (IBC)
Subscription Tag is PREMIUM
Subscription is You have an active premium subscription to access this title
Description :-  Verify User able to Navigate to Title Landing page and verify Tag
TC04_verifyTitleLandingPage : PASSED
]]></system-out>
  </testcase>
  <testcase name="TC05_verifyMarkFavoriteTitle[I-Codes, 2021 I-Codes, 2021 International Building Code (IBC), CHAPTER 2 DEFINITIONS](1)" classname="com.Digitalcodes.testcases.Title_LandingPage_Test" time="28.956">
    <system-out><![CDATA[=======================================================
  
Click menu
Click I-Codes
Click 2021 I-Codes
Click 2021 International Building Code (IBC)
Click Blank Heart icon
Text after mark favorite :- Remove from Favorites
Click menu
Click Favorites
Title Name is :- 2021 International Building Code (IBC)
Click Filled Heart icon
Text after mark unfavorite :- Add to Favorites
Description :-  Verify user able to mark favorite & unfavorite and title should be displayed in favorites
TC05_verifyMarkFavoriteTitle : PASSED
]]></system-out>
  </testcase>
  <testcase name="TC07_verifyMyNotes_FromTOC[I-Codes, 2021 I-Codes, 2021 International Building Code (IBC), CHAPTER 2 DEFINITIONS](1)" classname="com.Digitalcodes.testcases.TableOfContent_Test" time="17.356">
    <system-out><![CDATA[=======================================================
  
Click menu
Click Listitem I-Codes
Click subList 2021 I-Codes
Click Title 2021 International Building Code (IBC)
Click My Notes
Text in My Notes :- You currently do not have any annotations or bookmarks for this book.
Click Filter by Tags
Text in Tag DropDown :-Default
Click Move Notes
Click Close
Click Manage Notes
Page Title :-My Notes
Description :-  Verify my notes From Table Of Content when user have no any notes 
TC07_verifyMyNotes_FromTOC : PASSED
]]></system-out>
  </testcase>
  <testcase name="TC09_verifyCreateNotes_atSection[I-Codes, 2021 I-Codes, 2021 International Building Code (IBC), CHAPTER 2 DEFINITIONS](1)" classname="com.Digitalcodes.testcases.Title_SectionPage_Test" time="32.588">
    <system-out><![CDATA[=======================================================
  
Click menu
Click  I-Codes
Click  2021 I-Codes
Click  2021 International Building Code (IBC)
Click Chapter CHAPTER 2 DEFINITIONS
Chapter Name :- CHAPTER 2 DEFINITIONS
Double Click on text
Click Note icon
Enter Decription in textBox
Click New Tag
Enter TagName
Click Save
Click Tag DropDown
Select Tag Name
Click Save
Note Created at :- CHAPTER 2 DEFINITIONS
Tag Name :- I-Codes
Description is :- User create Note
Note Created by :- Complete User (complete.user@iccsafe.info)
Click My Notes
Chapter Name at my notes :- CHAPTER 2 DEFINITIONS
Description :-  Verify user able to create notes at section
TC09_verifyCreateNotes_atSection : PASSED
]]></system-out>
  </testcase>
  <testcase name="TC10_verifyCreateBookmark_atSection[I-Codes, 2021 I-Codes, 2021 International Building Code (IBC), CHAPTER 2 DEFINITIONS](1)" classname="com.Digitalcodes.testcases.Title_SectionPage_Test" time="30.232">
    <system-out><![CDATA[=======================================================
  
Click menu
Click  I-Codes
Click  2021 I-Codes
Click  2021 International Building Code (IBC)
Click Chapter CHAPTER 2 DEFINITIONS
Click Apps
Click Bookmark
Enter Decription in textBox
Click Tag DropDown
Select Tag Name
Click Save
Tag Name :- I-Codes
Note Created at :- CHAPTER 2 DEFINITIONS
Description is :- User create Bookmark
Note Created by :- Complete User (complete.user@iccsafe.info)
Click My Notes
Chapter Name at my notes :- CHAPTER 2 DEFINITIONS
Description :-  Verify user able to create bookmark at section
TC10_verifyCreateBookmark_atSection : PASSED
]]></system-out>
  </testcase>
  <testcase name="TC11_verifyShareSection_FromSection[I-Codes, 2021 I-Codes, 2021 International Building Code (IBC), CHAPTER 2 DEFINITIONS](1)" classname="com.Digitalcodes.testcases.Title_SectionPage_Test" time="16.824">
    <system-out><![CDATA[=======================================================
  
Click menu
Click  I-Codes
Click  2021 I-Codes
Click  2021 International Building Code (IBC)
Click Chapter CHAPTER 2 DEFINITIONS
Click Apps
Click Share
Enter email
Click AddMore
Click Remove
Click Share Button
Click Close
Successful message :- Section link shared successfully!
Description :-  Verify user able to share the section
TC11_verifyShareSection_FromSection : PASSED
]]></system-out>
  </testcase>
  <testcase name="TC12_verifyPrintSection_FromSection" classname="com.Digitalcodes.testcases.Title_SectionPage_Test" time="2.046">
    <system-out><![CDATA[=======================================================
  
Click Print
Description :-  Verify user able to Print Section
TC12_verifyPrintSection_FromSection : PASSED
]]></system-out>
  </testcase>
  <testcase name="TC13_verifyShareNote_FromSction[I-Codes, 2021 I-Codes, 2021 International Building Code (IBC), CHAPTER 2 DEFINITIONS](1)" classname="com.Digitalcodes.testcases.Title_SectionPage_Test" time="8.35">
    <system-out><![CDATA[=======================================================
  
Double Click on text
Click Note icon
Enter Decription in textBox
Click Tag DropDown
Select Tag Name
Click Save
Click Share
Enter email
Click Submit
Click Close
Successful message :- Content shared successfully!
Description :-  Verify user able to share note from section
TC13_verifyShareNote_FromSction : PASSED
]]></system-out>
  </testcase>
  <testcase name="TC14_verifyEditNotes_FromSection" classname="com.Digitalcodes.testcases.Title_SectionPage_Test" time="5.903">
    <system-out><![CDATA[=======================================================
  
Click edit
Enter edited text
Click Save
Description is :- User edit note
Description :-  Verify user able to edit notes from Section
TC14_verifyEditNotes_FromSection : PASSED
]]></system-out>
  </testcase>
  <testcase name="TC15_verifyDeleteNotes_FromSection" classname="com.Digitalcodes.testcases.Title_SectionPage_Test" time="2.582">
    <failure message="expected [false] but found [true]" type="java.lang.AssertionError"><![CDATA[java.lang.AssertionError: expected [false] but found [true]
	at org.testng.Assert.fail(Assert.java:99)
	at org.testng.Assert.failNotEquals(Assert.java:1037)
	at org.testng.Assert.assertFalse(Assert.java:67)
	at org.testng.Assert.assertFalse(Assert.java:77)
	at com.Digitalcodes.utilities.Baseclass.assertFalse(Baseclass.java:263)
	at com.Digitalcodes.testcases.Title_SectionPage_Test.TC15_verifyDeleteNotes_FromSection(Title_SectionPage_Test.java:277)
	at java.base/jdk.internal.reflect.NativeMethodAccessorImpl.invoke0(Native Method)
	at java.base/jdk.internal.reflect.NativeMethodAccessorImpl.invoke(NativeMethodAccessorImpl.java:77)
	at java.base/jdk.internal.reflect.DelegatingMethodAccessorImpl.invoke(DelegatingMethodAccessorImpl.java:43)
	at java.base/java.lang.reflect.Method.invoke(Method.java:568)
	at org.testng.internal.MethodInvocationHelper.invokeMethod(MethodInvocationHelper.java:133)
	at org.testng.internal.TestInvoker.invokeMethod(TestInvoker.java:598)
	at org.testng.internal.TestInvoker.invokeTestMethod(TestInvoker.java:173)
	at org.testng.internal.MethodRunner.runInSequence(MethodRunner.java:46)
	at org.testng.internal.TestInvoker$MethodInvocationAgent.invoke(TestInvoker.java:824)
	at org.testng.internal.TestInvoker.invokeTestMethods(TestInvoker.java:146)
	at org.testng.internal.TestMethodWorker.invokeTestMethods(TestMethodWorker.java:146)
	at org.testng.internal.TestMethodWorker.run(TestMethodWorker.java:128)
	at java.base/java.util.ArrayList.forEach(ArrayList.java:1511)
	at org.testng.TestRunner.privateRun(TestRunner.java:794)
	at org.testng.TestRunner.run(TestRunner.java:596)
	at org.testng.SuiteRunner.runTest(SuiteRunner.java:377)
	at org.testng.SuiteRunner.runSequentially(SuiteRunner.java:371)
	at org.testng.SuiteRunner.privateRun(SuiteRunner.java:332)
	at org.testng.SuiteRunner.run(SuiteRunner.java:276)
	at org.testng.SuiteRunnerWorker.runSuite(SuiteRunnerWorker.java:53)
	at org.testng.SuiteRunnerWorker.run(SuiteRunnerWorker.java:96)
	at org.testng.TestNG.runSuitesSequentially(TestNG.java:1212)
	at org.testng.TestNG.runSuitesLocally(TestNG.java:1134)
	at org.testng.TestNG.runSuites(TestNG.java:1063)
	at org.testng.TestNG.run(TestNG.java:1031)
	at org.apache.maven.surefire.testng.TestNGExecutor.run(TestNGExecutor.java:308)
	at org.apache.maven.surefire.testng.TestNGXmlTestSuite.execute(TestNGXmlTestSuite.java:71)
	at org.apache.maven.surefire.testng.TestNGProvider.invoke(TestNGProvider.java:113)
	at org.apache.maven.surefire.booter.ForkedBooter.runSuitesInProcess(ForkedBooter.java:385)
	at org.apache.maven.surefire.booter.ForkedBooter.execute(ForkedBooter.java:162)
	at org.apache.maven.surefire.booter.ForkedBooter.run(ForkedBooter.java:507)
	at org.apache.maven.surefire.booter.ForkedBooter.main(ForkedBooter.java:495)
]]></failure>
    <system-out><![CDATA[=======================================================
  
Click delete
Click Remove
Text in My Notes after delete notes :- You currently do not have any annotations or bookmarks for this book.
Description :-  Verify user able to delete Notes from Section
TC15_verifyDeleteNotes_FromSection : FAILED
     
     
]]></system-out>
    <system-err><![CDATA[java.lang.AssertionError: expected [false] but found [true]
	at org.testng.Assert.fail(Assert.java:99)
	at org.testng.Assert.failNotEquals(Assert.java:1037)
	at org.testng.Assert.assertFalse(Assert.java:67)
	at org.testng.Assert.assertFalse(Assert.java:77)
	at com.Digitalcodes.utilities.Baseclass.assertFalse(Baseclass.java:263)
	at com.Digitalcodes.testcases.Title_SectionPage_Test.TC15_verifyDeleteNotes_FromSection(Title_SectionPage_Test.java:277)
	at java.base/jdk.internal.reflect.NativeMethodAccessorImpl.invoke0(Native Method)
	at java.base/jdk.internal.reflect.NativeMethodAccessorImpl.invoke(NativeMethodAccessorImpl.java:77)
	at java.base/jdk.internal.reflect.DelegatingMethodAccessorImpl.invoke(DelegatingMethodAccessorImpl.java:43)
	at java.base/java.lang.reflect.Method.invoke(Method.java:568)
	at org.testng.internal.MethodInvocationHelper.invokeMethod(MethodInvocationHelper.java:133)
	at org.testng.internal.TestInvoker.invokeMethod(TestInvoker.java:598)
	at org.testng.internal.TestInvoker.invokeTestMethod(TestInvoker.java:173)
	at org.testng.internal.MethodRunner.runInSequence(MethodRunner.java:46)
	at org.testng.internal.TestInvoker$MethodInvocationAgent.invoke(TestInvoker.java:824)
	at org.testng.internal.TestInvoker.invokeTestMethods(TestInvoker.java:146)
	at org.testng.internal.TestMethodWorker.invokeTestMethods(TestMethodWorker.java:146)
	at org.testng.internal.TestMethodWorker.run(TestMethodWorker.java:128)
	at java.base/java.util.ArrayList.forEach(ArrayList.java:1511)
	at org.testng.TestRunner.privateRun(TestRunner.java:794)
	at org.testng.TestRunner.run(TestRunner.java:596)
	at org.testng.SuiteRunner.runTest(SuiteRunner.java:377)
	at org.testng.SuiteRunner.runSequentially(SuiteRunner.java:371)
	at org.testng.SuiteRunner.privateRun(SuiteRunner.java:332)
	at org.testng.SuiteRunner.run(SuiteRunner.java:276)
	at org.testng.SuiteRunnerWorker.runSuite(SuiteRunnerWorker.java:53)
	at org.testng.SuiteRunnerWorker.run(SuiteRunnerWorker.java:96)
	at org.testng.TestNG.runSuitesSequentially(TestNG.java:1212)
	at org.testng.TestNG.runSuitesLocally(TestNG.java:1134)
	at org.testng.TestNG.runSuites(TestNG.java:1063)
	at org.testng.TestNG.run(TestNG.java:1031)
	at org.apache.maven.surefire.testng.TestNGExecutor.run(TestNGExecutor.java:308)
	at org.apache.maven.surefire.testng.TestNGXmlTestSuite.execute(TestNGXmlTestSuite.java:71)
	at org.apache.maven.surefire.testng.TestNGProvider.invoke(TestNGProvider.java:113)
	at org.apache.maven.surefire.booter.ForkedBooter.runSuitesInProcess(ForkedBooter.java:385)
	at org.apache.maven.surefire.booter.ForkedBooter.execute(ForkedBooter.java:162)
	at org.apache.maven.surefire.booter.ForkedBooter.run(ForkedBooter.java:507)
	at org.apache.maven.surefire.booter.ForkedBooter.main(ForkedBooter.java:495)
]]></system-err>
  </testcase>
  <testcase name="TC19_verifyLinksOnChapter[I-Codes, 2021 I-Codes, 2021 International Building Code (IBC), CHAPTER 2 DEFINITIONS](1)" classname="com.Digitalcodes.testcases.Title_SectionPage_Test" time="39.15">
    <system-out><![CDATA[=======================================================
  
Click menu
Click  I-Codes
Click  2021 I-Codes
Click  2021 International Building Code (IBC)
Click Chapter CHAPTER 2 DEFINITIONS
Text of Link is :- International Energy Conservation Code
Click on title Link
Navigate to back
Click Sub Chapter SECTION 202 DEFINITIONS
Text of Link is :- Chapter 11
Click on chapter Link
Navigate to back
Description :-  Verify links On Chapter
TC19_verifyLinksOnChapter : PASSED
]]></system-out>
  </testcase>
  <testcase name="TC28_verifyCollectionLandingPage[Collections, Premium Complete, 2023 Analysis of Changes, 2023 NEC, CHAPTER 1 GENERAL](1)" classname="com.Digitalcodes.testcases.Title_Collection_Test" time="28.901">
    <system-out><![CDATA[=======================================================
  
Click menu
Click Collections
Page Title is Collections Building Codes - ICC Digital Codes
Click Premium Complete
Click 2023 Analysis of Changes, 2023 NEC
Title Name is 2023 Analysis of Changes, 2023 NEC
Subscription Tag is PREMIUM
You have an active premium subscription to access this title
Description :-  Verify user able to navigate to Collection title
TC28_verifyCollectionLandingPage : PASSED
]]></system-out>
  </testcase>
  <testcase name="TC29_verifySection_collectionTitles[Collections, Premium Complete, 2023 Analysis of Changes, 2023 NEC, CHAPTER 1 GENERAL](1)" classname="com.Digitalcodes.testcases.Title_Collection_Test" time="32.009">
    <system-out><![CDATA[=======================================================
  
Click menu
Click Collections
Click Premium Complete
Click 2023 Analysis of Changes, 2023 NEC
Click Chapter CHAPTER 1 GENERAL
Description :-  Verify user able to navigate to Section on Collection title
TC29_verifySection_collectionTitles : PASSED
]]></system-out>
  </testcase>
  <testcase name="TC34_verifyRecentlyAddedTitle_Collection[Collections, Premium Complete, 2023 Analysis of Changes, 2023 NEC, CHAPTER 1 GENERAL](1)" classname="com.Digitalcodes.testcases.Title_Collection_Test" time="3.867">
    <system-out><![CDATA[=======================================================
  
Click 2021 ASHRAE Handbook - Fundamentals Climate Data Tables
Recently Added Title :- 2021 ASHRAE Handbook - Fundamentals Climate Data Tables
Description :-  Verify user able to Navigate to Recently Added titles of Collection
TC34_verifyRecentlyAddedTitle_Collection : PASSED
]]></system-out>
  </testcase>
  <testcase name="TC34_verifyHideCommentary[Commentaries, 2021 Commentaries, 2021 IBC Code and Commentary Volume 1 (IBC), Chapter 3: Occupancy Classification and Use](1)" classname="com.Digitalcodes.testcases.Title_Commentary_Test" time="20.876">
    <system-out><![CDATA[=======================================================
  
Click menu
Click  Commentaries
Click  2021 Commentaries
Click  2021 IBC Code and Commentary Volume 1 (IBC)
Click Chapter Chapter 3: Occupancy Classification and Use
Click Hide Commentary
Text after Click on Hide Button :- Show Commentary
Click Show Commentary
Description :-  Verify User able to Hide commentary section
TC34_verifyHideCommentary : PASSED
]]></system-out>
  </testcase>
  <testcase name="TC33_verifyNgviateToBasicTitle[Publisher, Wiley, 2021 Building Codes Illustrated, 7th Edition](1)" classname="com.Digitalcodes.testcases.Title_Basic_Test" time="9.83">
    <system-out><![CDATA[=======================================================
  
Click Menu
Click Publisher
Click Wiley
Click 2021 Building Codes Illustrated, 7th Edition
This title is not included within your current Premium Complete subscription. To access the contents and features, please purchase a subscription to this title.
Purchase the Building Codes Illustrated, 7th Edition and make it part of your Premium subscription
Description :-  Verify user able to navigate to Non-accsiable title 
TC33_verifyNgviateToBasicTitle : PASSED
]]></system-out>
  </testcase>
  <testcase name="TC34_verifyNavigateToASTM_FromLinks[I-Codes, 2021 I-Codes, 2021 International Building Code (IBC), CHAPTER 2 DEFINITIONS](1)" classname="com.Digitalcodes.testcases.Title_ASTMStanderds_Test" time="25.886">
    <system-out><![CDATA[=======================================================
  
Click menu
Click  I-Codes
Click  2021 I-Codes
Click  2021 International Building Code (IBC)
Click Chapter CHAPTER 2 DEFINITIONS
ASTM LINK text :- ASTM E283
Click ASTM E283
Tag :- PREMIUM
Categoery :- ASTM Standards
Description :-  Verify user able to navigate to ASTM Standerds thorugh link
TC34_verifyNavigateToASTM_FromLinks : PASSED
]]></system-out>
  </testcase>
  <testcase name="TC35_verifyNavigateToASTM[Standards, ASTM Standards, Iron and Steel Materials, ASTM A1003/A1003M-15, A1003/A1003M-15](1)" classname="com.Digitalcodes.testcases.Title_ASTMStanderds_Test" time="7.183">
    <system-out><![CDATA[=======================================================
  
Click menu
Click  Standards
Click  ASTM Standards
Page Title :- ASTM Standards Building Codes - ICC Digital Codes
Click Iron and Steel Materials
Click ASTM A1003/A1003M-15
Title Name:- ASTM A1003/A1003M-15
Tag :- PREMIUM LITE
Title is You have an active premium subscription to access this title
Description :-  Verify user able to navigate to ASTM Standerds Landing page
TC35_verifyNavigateToASTM : PASSED
]]></system-out>
  </testcase>
  <testcase name="TC36_verifyASTMSection" classname="com.Digitalcodes.testcases.Title_ASTMStanderds_Test" time="5.307">
    <system-out><![CDATA[=======================================================
  
Click A1003/A1003M-15
Page Title :- ASTM A1003/A1003M-15 - A1003/A1003M-15
Description :-  Verify user able to Access ASTM title 
TC36_verifyASTMSection : PASSED
]]></system-out>
  </testcase>
  <testcase name="TC37_verifyAccessSection_QuickAccess" classname="com.Digitalcodes.testcases.PremiumTools_QuickAccess_Test" time="15.487">
    <system-out><![CDATA[=======================================================
  
Click menu
Click Premium Tools
Click Quick Access
Enter IBC
Title :-2021 International Building Code (IBC)
Version :-(Second Version: Sep 2021)
Enter 301
Section :-301.1 General.
Section Name :- 301.1General.
Description :-  Verify user able to Access section from Quick Access
TC37_verifyAccessSection_QuickAccess : PASSED
]]></system-out>
  </testcase>
  <testcase name="TC38_verifyActionsOnSection_QuickAccess" classname="com.Digitalcodes.testcases.PremiumTools_QuickAccess_Test" time="16.186">
    <system-out><![CDATA[=======================================================
  
Click JumptoSection icon
Section Name :- 301.1General.
Click CopyIcon
Text After copied Section :- Content was copied to buffer
Click PrintIcon
Click ShareIcon
Enter complete.user@iccsafe.info
Click Share
Text After share Section :- Section link shared successfully!
Click BookmarkIcon
Enter User create Bookmark
Click Save
Description is :- User create Bookmark
Note Created by :- Complete User (complete.user@iccsafe.info)
Description :-  Verify user able to Jump, Copy, Print, Share, Bookmark Section from Quick Access
TC38_verifyActionsOnSection_QuickAccess : PASSED
]]></system-out>
  </testcase>
  <testcase name="TC39_verifyShare_Edit_DeleteBookmakr_QuickAccess" classname="com.Digitalcodes.testcases.PremiumTools_QuickAccess_Test" time="104.342">
    <system-out><![CDATA[=======================================================
  
Click Share
Enter email
Click Submit
Click Close
Successful message :- Content shared successfully!
Click edit
Enter edited text
Click Save
Description is :- User edit bookmark
Click delete
Click Remove
Description :-  Verify user able to Share, Edit, Delete Bookmark from Quick Access
TC39_verifyShare_Edit_DeleteBookmakr_QuickAccess : PASSED
]]></system-out>
  </testcase>
</testsuite>