<?xml version="1.0" encoding="UTF-8"?>
<testsuite xmlns:xsi="http://www.w3.org/2001/XMLSchema-instance" xsi:noNamespaceSchemaLocation="https://maven.apache.org/surefire/maven-surefire-plugin/xsd/surefire-test-report-3.0.xsd" version="3.0" name="TestSuite" time="1,323.098" tests="67" errors="0" skipped="0" failures="5">
  <properties>
    <property name="java.specification.version" value="17"/>
    <property name="webdriver.chrome.driver" value="C:\Users\Vrushabh Manatkar\.cache\selenium\chromedriver\win32\113.0.5672.63\chromedriver.exe"/>
    <property name="sun.cpu.isalist" value="amd64"/>
    <property name="sun.jnu.encoding" value="Cp1252"/>
    <property name="sun.awt.enableExtraMouseButtons" value="true"/>
    <property name="java.class.path" value="D:\eclipse-workspace\com.Digitalcodes\target\test-classes;D:\eclipse-workspace\com.Digitalcodes\target\classes;C:\Users\Vrushabh Manatkar\.m2\repository\org\seleniumhq\selenium\selenium-java\4.9.0\selenium-java-4.9.0.jar;C:\Users\Vrushabh Manatkar\.m2\repository\org\seleniumhq\selenium\selenium-api\4.9.0\selenium-api-4.9.0.jar;C:\Users\Vrushabh Manatkar\.m2\repository\org\seleniumhq\selenium\selenium-chrome-driver\4.9.0\selenium-chrome-driver-4.9.0.jar;C:\Users\Vrushabh Manatkar\.m2\repository\com\google\auto\service\auto-service-annotations\1.0.1\auto-service-annotations-1.0.1.jar;C:\Users\Vrushabh Manatkar\.m2\repository\com\google\auto\service\auto-service\1.0.1\auto-service-1.0.1.jar;C:\Users\Vrushabh Manatkar\.m2\repository\com\google\auto\auto-common\1.2\auto-common-1.2.jar;C:\Users\Vrushabh Manatkar\.m2\repository\com\google\guava\guava\31.1-jre\guava-31.1-jre.jar;C:\Users\Vrushabh Manatkar\.m2\repository\com\google\guava\failureaccess\1.0.1\failureaccess-1.0.1.jar;C:\Users\Vrushabh Manatkar\.m2\repository\com\google\guava\listenablefuture\9999.0-empty-to-avoid-conflict-with-guava\listenablefuture-9999.0-empty-to-avoid-conflict-with-guava.jar;C:\Users\Vrushabh Manatkar\.m2\repository\com\google\code\findbugs\jsr305\3.0.2\jsr305-3.0.2.jar;C:\Users\Vrushabh Manatkar\.m2\repository\org\checkerframework\checker-qual\3.12.0\checker-qual-3.12.0.jar;C:\Users\Vrushabh Manatkar\.m2\repository\com\google\errorprone\error_prone_annotations\2.11.0\error_prone_annotations-2.11.0.jar;C:\Users\Vrushabh Manatkar\.m2\repository\com\google\j2objc\j2objc-annotations\1.3\j2objc-annotations-1.3.jar;C:\Users\Vrushabh Manatkar\.m2\repository\org\seleniumhq\selenium\selenium-chromium-driver\4.9.0\selenium-chromium-driver-4.9.0.jar;C:\Users\Vrushabh Manatkar\.m2\repository\org\seleniumhq\selenium\selenium-json\4.9.0\selenium-json-4.9.0.jar;C:\Users\Vrushabh Manatkar\.m2\repository\org\seleniumhq\selenium\selenium-manager\4.9.0\selenium-manager-4.9.0.jar;C:\Users\Vrushabh Manatkar\.m2\repository\org\seleniumhq\selenium\selenium-devtools-v110\4.9.0\selenium-devtools-v110-4.9.0.jar;C:\Users\Vrushabh Manatkar\.m2\repository\org\seleniumhq\selenium\selenium-devtools-v111\4.9.0\selenium-devtools-v111-4.9.0.jar;C:\Users\Vrushabh Manatkar\.m2\repository\org\seleniumhq\selenium\selenium-devtools-v112\4.9.0\selenium-devtools-v112-4.9.0.jar;C:\Users\Vrushabh Manatkar\.m2\repository\org\seleniumhq\selenium\selenium-devtools-v85\4.9.0\selenium-devtools-v85-4.9.0.jar;C:\Users\Vrushabh Manatkar\.m2\repository\org\seleniumhq\selenium\selenium-edge-driver\4.9.0\selenium-edge-driver-4.9.0.jar;C:\Users\Vrushabh Manatkar\.m2\repository\org\seleniumhq\selenium\selenium-firefox-driver\4.9.0\selenium-firefox-driver-4.9.0.jar;C:\Users\Vrushabh Manatkar\.m2\repository\org\seleniumhq\selenium\selenium-http\4.9.0\selenium-http-4.9.0.jar;C:\Users\Vrushabh Manatkar\.m2\repository\dev\failsafe\failsafe\3.3.1\failsafe-3.3.1.jar;C:\Users\Vrushabh Manatkar\.m2\repository\org\seleniumhq\selenium\selenium-ie-driver\4.9.0\selenium-ie-driver-4.9.0.jar;C:\Users\Vrushabh Manatkar\.m2\repository\org\seleniumhq\selenium\selenium-remote-driver\4.9.0\selenium-remote-driver-4.9.0.jar;C:\Users\Vrushabh Manatkar\.m2\repository\io\netty\netty-buffer\4.1.91.Final\netty-buffer-4.1.91.Final.jar;C:\Users\Vrushabh Manatkar\.m2\repository\io\netty\netty-codec-http\4.1.91.Final\netty-codec-http-4.1.91.Final.jar;C:\Users\Vrushabh Manatkar\.m2\repository\io\netty\netty-codec\4.1.91.Final\netty-codec-4.1.91.Final.jar;C:\Users\Vrushabh Manatkar\.m2\repository\io\netty\netty-handler\4.1.91.Final\netty-handler-4.1.91.Final.jar;C:\Users\Vrushabh Manatkar\.m2\repository\io\netty\netty-common\4.1.91.Final\netty-common-4.1.91.Final.jar;C:\Users\Vrushabh Manatkar\.m2\repository\io\netty\netty-transport-classes-epoll\4.1.91.Final\netty-transport-classes-epoll-4.1.91.Final.jar;C:\Users\Vrushabh Manatkar\.m2\repository\io\netty\netty-transport-classes-kqueue\4.1.91.Final\netty-transport-classes-kqueue-4.1.91.Final.jar;C:\Users\Vrushabh Manatkar\.m2\repository\io\netty\netty-transport-native-epoll\4.1.91.Final\netty-transport-native-epoll-4.1.91.Final.jar;C:\Users\Vrushabh Manatkar\.m2\repository\io\netty\netty-transport-native-kqueue\4.1.91.Final\netty-transport-native-kqueue-4.1.91.Final.jar;C:\Users\Vrushabh Manatkar\.m2\repository\io\netty\netty-transport-native-unix-common\4.1.91.Final\netty-transport-native-unix-common-4.1.91.Final.jar;C:\Users\Vrushabh Manatkar\.m2\repository\io\netty\netty-transport\4.1.91.Final\netty-transport-4.1.91.Final.jar;C:\Users\Vrushabh Manatkar\.m2\repository\io\netty\netty-resolver\4.1.91.Final\netty-resolver-4.1.91.Final.jar;C:\Users\Vrushabh Manatkar\.m2\repository\io\opentelemetry\opentelemetry-api\1.25.0\opentelemetry-api-1.25.0.jar;C:\Users\Vrushabh Manatkar\.m2\repository\io\opentelemetry\opentelemetry-context\1.25.0\opentelemetry-context-1.25.0.jar;C:\Users\Vrushabh Manatkar\.m2\repository\io\opentelemetry\opentelemetry-exporter-logging\1.25.0\opentelemetry-exporter-logging-1.25.0.jar;C:\Users\Vrushabh Manatkar\.m2\repository\io\opentelemetry\opentelemetry-sdk-metrics\1.25.0\opentelemetry-sdk-metrics-1.25.0.jar;C:\Users\Vrushabh Manatkar\.m2\repository\io\opentelemetry\opentelemetry-sdk-logs\1.25.0-alpha\opentelemetry-sdk-logs-1.25.0-alpha.jar;C:\Users\Vrushabh Manatkar\.m2\repository\io\opentelemetry\opentelemetry-api-logs\1.25.0-alpha\opentelemetry-api-logs-1.25.0-alpha.jar;C:\Users\Vrushabh Manatkar\.m2\repository\io\opentelemetry\opentelemetry-api-events\1.25.0-alpha\opentelemetry-api-events-1.25.0-alpha.jar;C:\Users\Vrushabh Manatkar\.m2\repository\io\opentelemetry\opentelemetry-sdk-common\1.25.0\opentelemetry-sdk-common-1.25.0.jar;C:\Users\Vrushabh Manatkar\.m2\repository\io\opentelemetry\opentelemetry-sdk-extension-autoconfigure-spi\1.25.0\opentelemetry-sdk-extension-autoconfigure-spi-1.25.0.jar;C:\Users\Vrushabh Manatkar\.m2\repository\io\opentelemetry\opentelemetry-sdk-extension-autoconfigure\1.25.0-alpha\opentelemetry-sdk-extension-autoconfigure-1.25.0-alpha.jar;C:\Users\Vrushabh Manatkar\.m2\repository\io\opentelemetry\opentelemetry-sdk-trace\1.25.0\opentelemetry-sdk-trace-1.25.0.jar;C:\Users\Vrushabh Manatkar\.m2\repository\io\opentelemetry\opentelemetry-sdk\1.25.0\opentelemetry-sdk-1.25.0.jar;C:\Users\Vrushabh Manatkar\.m2\repository\io\opentelemetry\opentelemetry-semconv\1.25.0-alpha\opentelemetry-semconv-1.25.0-alpha.jar;C:\Users\Vrushabh Manatkar\.m2\repository\io\ous\jtoml\2.0.0\jtoml-2.0.0.jar;C:\Users\Vrushabh Manatkar\.m2\repository\net\bytebuddy\byte-buddy\1.14.4\byte-buddy-1.14.4.jar;C:\Users\Vrushabh Manatkar\.m2\repository\org\apache\commons\commons-exec\1.3\commons-exec-1.3.jar;C:\Users\Vrushabh Manatkar\.m2\repository\org\asynchttpclient\async-http-client\2.12.3\async-http-client-2.12.3.jar;C:\Users\Vrushabh Manatkar\.m2\repository\org\asynchttpclient\async-http-client-netty-utils\2.12.3\async-http-client-netty-utils-2.12.3.jar;C:\Users\Vrushabh Manatkar\.m2\repository\io\netty\netty-codec-socks\4.1.60.Final\netty-codec-socks-4.1.60.Final.jar;C:\Users\Vrushabh Manatkar\.m2\repository\io\netty\netty-handler-proxy\4.1.60.Final\netty-handler-proxy-4.1.60.Final.jar;C:\Users\Vrushabh Manatkar\.m2\repository\io\netty\netty-transport-native-epoll\4.1.60.Final\netty-transport-native-epoll-4.1.60.Final-linux-x86_64.jar;C:\Users\Vrushabh Manatkar\.m2\repository\io\netty\netty-transport-native-kqueue\4.1.60.Final\netty-transport-native-kqueue-4.1.60.Final-osx-x86_64.jar;C:\Users\Vrushabh Manatkar\.m2\repository\com\typesafe\netty\netty-reactive-streams\2.0.4\netty-reactive-streams-2.0.4.jar;C:\Users\Vrushabh Manatkar\.m2\repository\com\sun\activation\jakarta.activation\1.2.2\jakarta.activation-1.2.2.jar;C:\Users\Vrushabh Manatkar\.m2\repository\org\seleniumhq\selenium\selenium-safari-driver\4.9.0\selenium-safari-driver-4.9.0.jar;C:\Users\Vrushabh Manatkar\.m2\repository\org\seleniumhq\selenium\selenium-support\4.9.0\selenium-support-4.9.0.jar;C:\Users\Vrushabh Manatkar\.m2\repository\org\testng\testng\7.4.0\testng-7.4.0.jar;C:\Users\Vrushabh Manatkar\.m2\repository\com\beust\jcommander\1.78\jcommander-1.78.jar;C:\Users\Vrushabh Manatkar\.m2\repository\org\webjars\jquery\3.5.1\jquery-3.5.1.jar;C:\Users\Vrushabh Manatkar\.m2\repository\com\aventstack\extentreports\5.0.9\extentreports-5.0.9.jar;C:\Users\Vrushabh Manatkar\.m2\repository\io\reactivex\rxjava3\rxjava\3.0.4\rxjava-3.0.4.jar;C:\Users\Vrushabh Manatkar\.m2\repository\org\reactivestreams\reactive-streams\1.0.3\reactive-streams-1.0.3.jar;C:\Users\Vrushabh Manatkar\.m2\repository\org\freemarker\freemarker\2.3.30\freemarker-2.3.30.jar;C:\Users\Vrushabh Manatkar\.m2\repository\com\google\code\gson\gson\2.8.6\gson-2.8.6.jar;C:\Users\Vrushabh Manatkar\.m2\repository\org\apache\poi\poi-ooxml-schemas\4.1.2\poi-ooxml-schemas-4.1.2.jar;C:\Users\Vrushabh Manatkar\.m2\repository\org\apache\xmlbeans\xmlbeans\3.1.0\xmlbeans-3.1.0.jar;C:\Users\Vrushabh Manatkar\.m2\repository\org\apache\poi\poi-ooxml\4.1.2\poi-ooxml-4.1.2.jar;C:\Users\Vrushabh Manatkar\.m2\repository\org\apache\poi\poi\4.1.2\poi-4.1.2.jar;C:\Users\Vrushabh Manatkar\.m2\repository\commons-codec\commons-codec\1.13\commons-codec-1.13.jar;C:\Users\Vrushabh Manatkar\.m2\repository\org\apache\commons\commons-collections4\4.4\commons-collections4-4.4.jar;C:\Users\Vrushabh Manatkar\.m2\repository\org\apache\commons\commons-math3\3.6.1\commons-math3-3.6.1.jar;C:\Users\Vrushabh Manatkar\.m2\repository\com\zaxxer\SparseBitSet\1.2\SparseBitSet-1.2.jar;C:\Users\Vrushabh Manatkar\.m2\repository\org\apache\commons\commons-compress\1.19\commons-compress-1.19.jar;C:\Users\Vrushabh Manatkar\.m2\repository\com\github\virtuald\curvesapi\1.06\curvesapi-1.06.jar;C:\Users\Vrushabh Manatkar\.m2\repository\io\github\bonigarcia\webdrivermanager\5.3.1\webdrivermanager-5.3.1.jar;C:\Users\Vrushabh Manatkar\.m2\repository\org\slf4j\slf4j-api\2.0.3\slf4j-api-2.0.3.jar;C:\Users\Vrushabh Manatkar\.m2\repository\com\github\docker-java\docker-java\3.2.13\docker-java-3.2.13.jar;C:\Users\Vrushabh Manatkar\.m2\repository\com\github\docker-java\docker-java-core\3.2.13\docker-java-core-3.2.13.jar;C:\Users\Vrushabh Manatkar\.m2\repository\com\github\docker-java\docker-java-api\3.2.13\docker-java-api-3.2.13.jar;C:\Users\Vrushabh Manatkar\.m2\repository\org\bouncycastle\bcpkix-jdk15on\1.64\bcpkix-jdk15on-1.64.jar;C:\Users\Vrushabh Manatkar\.m2\repository\org\bouncycastle\bcprov-jdk15on\1.64\bcprov-jdk15on-1.64.jar;C:\Users\Vrushabh Manatkar\.m2\repository\org\slf4j\jcl-over-slf4j\1.7.30\jcl-over-slf4j-1.7.30.jar;C:\Users\Vrushabh Manatkar\.m2\repository\com\github\docker-java\docker-java-transport-httpclient5\3.2.13\docker-java-transport-httpclient5-3.2.13.jar;C:\Users\Vrushabh Manatkar\.m2\repository\com\github\docker-java\docker-java-transport\3.2.13\docker-java-transport-3.2.13.jar;C:\Users\Vrushabh Manatkar\.m2\repository\net\java\dev\jna\jna\5.8.0\jna-5.8.0.jar;C:\Users\Vrushabh Manatkar\.m2\repository\org\brotli\dec\0.1.2\dec-0.1.2.jar;C:\Users\Vrushabh Manatkar\.m2\repository\org\apache\commons\commons-lang3\3.12.0\commons-lang3-3.12.0.jar;C:\Users\Vrushabh Manatkar\.m2\repository\org\apache\httpcomponents\client5\httpclient5\5.1.3\httpclient5-5.1.3.jar;C:\Users\Vrushabh Manatkar\.m2\repository\org\apache\httpcomponents\core5\httpcore5\5.1.3\httpcore5-5.1.3.jar;C:\Users\Vrushabh Manatkar\.m2\repository\org\apache\httpcomponents\core5\httpcore5-h2\5.1.3\httpcore5-h2-5.1.3.jar;C:\Users\Vrushabh Manatkar\.m2\repository\org\apache\maven\plugins\maven-compiler-plugin\3.10.1\maven-compiler-plugin-3.10.1.jar;C:\Users\Vrushabh Manatkar\.m2\repository\org\apache\maven\shared\maven-shared-utils\3.3.4\maven-shared-utils-3.3.4.jar;C:\Users\Vrushabh Manatkar\.m2\repository\org\apache\maven\shared\maven-shared-incremental\1.1\maven-shared-incremental-1.1.jar;C:\Users\Vrushabh Manatkar\.m2\repository\org\codehaus\plexus\plexus-component-annotations\1.5.5\plexus-component-annotations-1.5.5.jar;C:\Users\Vrushabh Manatkar\.m2\repository\org\codehaus\plexus\plexus-java\1.1.1\plexus-java-1.1.1.jar;C:\Users\Vrushabh Manatkar\.m2\repository\org\ow2\asm\asm\9.2\asm-9.2.jar;C:\Users\Vrushabh Manatkar\.m2\repository\com\thoughtworks\qdox\qdox\2.0.1\qdox-2.0.1.jar;C:\Users\Vrushabh Manatkar\.m2\repository\org\codehaus\plexus\plexus-compiler-api\2.11.1\plexus-compiler-api-2.11.1.jar;C:\Users\Vrushabh Manatkar\.m2\repository\org\codehaus\plexus\plexus-utils\3.4.1\plexus-utils-3.4.1.jar;C:\Users\Vrushabh Manatkar\.m2\repository\org\codehaus\plexus\plexus-compiler-manager\2.11.1\plexus-compiler-manager-2.11.1.jar;C:\Users\Vrushabh Manatkar\.m2\repository\org\codehaus\plexus\plexus-compiler-javac\2.11.1\plexus-compiler-javac-2.11.1.jar;C:\Users\Vrushabh Manatkar\.m2\repository\com\perfectomobile\pm-webdriver\18.6.0.0\pm-webdriver-18.6.0.0.jar;C:\Users\Vrushabh Manatkar\.m2\repository\com\perfecto\reporting-sdk\reportium-java\1.1.1\reportium-java-1.1.1.jar;C:\Users\Vrushabh Manatkar\.m2\repository\org\apache\httpcomponents\httpclient\4.5.13\httpclient-4.5.13.jar;C:\Users\Vrushabh Manatkar\.m2\repository\org\apache\httpcomponents\httpcore\4.4.13\httpcore-4.4.13.jar;C:\Users\Vrushabh Manatkar\.m2\repository\commons-logging\commons-logging\1.2\commons-logging-1.2.jar;C:\Users\Vrushabh Manatkar\.m2\repository\commons-io\commons-io\2.11.0\commons-io-2.11.0.jar;C:\Users\Vrushabh Manatkar\.m2\repository\com\perfecto\reporting-sdk\reportium-testng\1.1.1\reportium-testng-1.1.1.jar;C:\Users\Vrushabh Manatkar\.m2\repository\com\perfectomobile\http-client\18.6.0.0\http-client-18.6.0.0.jar;C:\Users\Vrushabh Manatkar\.m2\repository\com\fasterxml\jackson\core\jackson-databind\2.14.2\jackson-databind-2.14.2.jar;C:\Users\Vrushabh Manatkar\.m2\repository\com\fasterxml\jackson\core\jackson-annotations\2.14.2\jackson-annotations-2.14.2.jar;C:\Users\Vrushabh Manatkar\.m2\repository\com\fasterxml\jackson\core\jackson-core\2.14.2\jackson-core-2.14.2.jar;C:\Users\Vrushabh Manatkar\.m2\repository\org\projectlombok\lombok\1.18.20\lombok-1.18.20.jar;C:\Users\Vrushabh Manatkar\.m2\repository\io\qameta\allure\allure-testng\2.22.0\allure-testng-2.22.0.jar;C:\Users\Vrushabh Manatkar\.m2\repository\io\qameta\allure\allure-java-commons\2.22.0\allure-java-commons-2.22.0.jar;C:\Users\Vrushabh Manatkar\.m2\repository\io\qameta\allure\allure-model\2.22.0\allure-model-2.22.0.jar;C:\Users\Vrushabh Manatkar\.m2\repository\io\qameta\allure\allure-test-filter\2.22.0\allure-test-filter-2.22.0.jar;"/>
    <property name="java.vm.vendor" value="Oracle Corporation"/>
    <property name="sun.arch.data.model" value="64"/>
    <property name="user.variant" value=""/>
    <property name="java.vendor.url" value="https://java.oracle.com/"/>
    <property name="user.timezone" value="Asia/Calcutta"/>
    <property name="os.name" value="Windows 10"/>
    <property name="java.vm.specification.version" value="17"/>
    <property name="sun.java.launcher" value="SUN_STANDARD"/>
    <property name="user.country" value="US"/>
    <property name="sun.boot.library.path" value="C:\Program Files\Java\jdk-17.0.5\bin"/>
    <property name="sun.java.command" value="C:\Users\Vrushabh Manatkar\AppData\Local\Temp\surefire15175516126717726093\surefirebooter-20230601173600394_3.jar C:\Users\Vrushabh Manatkar\AppData\Local\Temp\surefire15175516126717726093 2023-06-01T17-36-00_088-jvmRun1 surefire-20230601173600394_1tmp surefire_0-20230601173600394_2tmp"/>
    <property name="jdk.debug" value="release"/>
    <property name="surefire.test.class.path" value="D:\eclipse-workspace\com.Digitalcodes\target\test-classes;D:\eclipse-workspace\com.Digitalcodes\target\classes;C:\Users\Vrushabh Manatkar\.m2\repository\org\seleniumhq\selenium\selenium-java\4.9.0\selenium-java-4.9.0.jar;C:\Users\Vrushabh Manatkar\.m2\repository\org\seleniumhq\selenium\selenium-api\4.9.0\selenium-api-4.9.0.jar;C:\Users\Vrushabh Manatkar\.m2\repository\org\seleniumhq\selenium\selenium-chrome-driver\4.9.0\selenium-chrome-driver-4.9.0.jar;C:\Users\Vrushabh Manatkar\.m2\repository\com\google\auto\service\auto-service-annotations\1.0.1\auto-service-annotations-1.0.1.jar;C:\Users\Vrushabh Manatkar\.m2\repository\com\google\auto\service\auto-service\1.0.1\auto-service-1.0.1.jar;C:\Users\Vrushabh Manatkar\.m2\repository\com\google\auto\auto-common\1.2\auto-common-1.2.jar;C:\Users\Vrushabh Manatkar\.m2\repository\com\google\guava\guava\31.1-jre\guava-31.1-jre.jar;C:\Users\Vrushabh Manatkar\.m2\repository\com\google\guava\failureaccess\1.0.1\failureaccess-1.0.1.jar;C:\Users\Vrushabh Manatkar\.m2\repository\com\google\guava\listenablefuture\9999.0-empty-to-avoid-conflict-with-guava\listenablefuture-9999.0-empty-to-avoid-conflict-with-guava.jar;C:\Users\Vrushabh Manatkar\.m2\repository\com\google\code\findbugs\jsr305\3.0.2\jsr305-3.0.2.jar;C:\Users\Vrushabh Manatkar\.m2\repository\org\checkerframework\checker-qual\3.12.0\checker-qual-3.12.0.jar;C:\Users\Vrushabh Manatkar\.m2\repository\com\google\errorprone\error_prone_annotations\2.11.0\error_prone_annotations-2.11.0.jar;C:\Users\Vrushabh Manatkar\.m2\repository\com\google\j2objc\j2objc-annotations\1.3\j2objc-annotations-1.3.jar;C:\Users\Vrushabh Manatkar\.m2\repository\org\seleniumhq\selenium\selenium-chromium-driver\4.9.0\selenium-chromium-driver-4.9.0.jar;C:\Users\Vrushabh Manatkar\.m2\repository\org\seleniumhq\selenium\selenium-json\4.9.0\selenium-json-4.9.0.jar;C:\Users\Vrushabh Manatkar\.m2\repository\org\seleniumhq\selenium\selenium-manager\4.9.0\selenium-manager-4.9.0.jar;C:\Users\Vrushabh Manatkar\.m2\repository\org\seleniumhq\selenium\selenium-devtools-v110\4.9.0\selenium-devtools-v110-4.9.0.jar;C:\Users\Vrushabh Manatkar\.m2\repository\org\seleniumhq\selenium\selenium-devtools-v111\4.9.0\selenium-devtools-v111-4.9.0.jar;C:\Users\Vrushabh Manatkar\.m2\repository\org\seleniumhq\selenium\selenium-devtools-v112\4.9.0\selenium-devtools-v112-4.9.0.jar;C:\Users\Vrushabh Manatkar\.m2\repository\org\seleniumhq\selenium\selenium-devtools-v85\4.9.0\selenium-devtools-v85-4.9.0.jar;C:\Users\Vrushabh Manatkar\.m2\repository\org\seleniumhq\selenium\selenium-edge-driver\4.9.0\selenium-edge-driver-4.9.0.jar;C:\Users\Vrushabh Manatkar\.m2\repository\org\seleniumhq\selenium\selenium-firefox-driver\4.9.0\selenium-firefox-driver-4.9.0.jar;C:\Users\Vrushabh Manatkar\.m2\repository\org\seleniumhq\selenium\selenium-http\4.9.0\selenium-http-4.9.0.jar;C:\Users\Vrushabh Manatkar\.m2\repository\dev\failsafe\failsafe\3.3.1\failsafe-3.3.1.jar;C:\Users\Vrushabh Manatkar\.m2\repository\org\seleniumhq\selenium\selenium-ie-driver\4.9.0\selenium-ie-driver-4.9.0.jar;C:\Users\Vrushabh Manatkar\.m2\repository\org\seleniumhq\selenium\selenium-remote-driver\4.9.0\selenium-remote-driver-4.9.0.jar;C:\Users\Vrushabh Manatkar\.m2\repository\io\netty\netty-buffer\4.1.91.Final\netty-buffer-4.1.91.Final.jar;C:\Users\Vrushabh Manatkar\.m2\repository\io\netty\netty-codec-http\4.1.91.Final\netty-codec-http-4.1.91.Final.jar;C:\Users\Vrushabh Manatkar\.m2\repository\io\netty\netty-codec\4.1.91.Final\netty-codec-4.1.91.Final.jar;C:\Users\Vrushabh Manatkar\.m2\repository\io\netty\netty-handler\4.1.91.Final\netty-handler-4.1.91.Final.jar;C:\Users\Vrushabh Manatkar\.m2\repository\io\netty\netty-common\4.1.91.Final\netty-common-4.1.91.Final.jar;C:\Users\Vrushabh Manatkar\.m2\repository\io\netty\netty-transport-classes-epoll\4.1.91.Final\netty-transport-classes-epoll-4.1.91.Final.jar;C:\Users\Vrushabh Manatkar\.m2\repository\io\netty\netty-transport-classes-kqueue\4.1.91.Final\netty-transport-classes-kqueue-4.1.91.Final.jar;C:\Users\Vrushabh Manatkar\.m2\repository\io\netty\netty-transport-native-epoll\4.1.91.Final\netty-transport-native-epoll-4.1.91.Final.jar;C:\Users\Vrushabh Manatkar\.m2\repository\io\netty\netty-transport-native-kqueue\4.1.91.Final\netty-transport-native-kqueue-4.1.91.Final.jar;C:\Users\Vrushabh Manatkar\.m2\repository\io\netty\netty-transport-native-unix-common\4.1.91.Final\netty-transport-native-unix-common-4.1.91.Final.jar;C:\Users\Vrushabh Manatkar\.m2\repository\io\netty\netty-transport\4.1.91.Final\netty-transport-4.1.91.Final.jar;C:\Users\Vrushabh Manatkar\.m2\repository\io\netty\netty-resolver\4.1.91.Final\netty-resolver-4.1.91.Final.jar;C:\Users\Vrushabh Manatkar\.m2\repository\io\opentelemetry\opentelemetry-api\1.25.0\opentelemetry-api-1.25.0.jar;C:\Users\Vrushabh Manatkar\.m2\repository\io\opentelemetry\opentelemetry-context\1.25.0\opentelemetry-context-1.25.0.jar;C:\Users\Vrushabh Manatkar\.m2\repository\io\opentelemetry\opentelemetry-exporter-logging\1.25.0\opentelemetry-exporter-logging-1.25.0.jar;C:\Users\Vrushabh Manatkar\.m2\repository\io\opentelemetry\opentelemetry-sdk-metrics\1.25.0\opentelemetry-sdk-metrics-1.25.0.jar;C:\Users\Vrushabh Manatkar\.m2\repository\io\opentelemetry\opentelemetry-sdk-logs\1.25.0-alpha\opentelemetry-sdk-logs-1.25.0-alpha.jar;C:\Users\Vrushabh Manatkar\.m2\repository\io\opentelemetry\opentelemetry-api-logs\1.25.0-alpha\opentelemetry-api-logs-1.25.0-alpha.jar;C:\Users\Vrushabh Manatkar\.m2\repository\io\opentelemetry\opentelemetry-api-events\1.25.0-alpha\opentelemetry-api-events-1.25.0-alpha.jar;C:\Users\Vrushabh Manatkar\.m2\repository\io\opentelemetry\opentelemetry-sdk-common\1.25.0\opentelemetry-sdk-common-1.25.0.jar;C:\Users\Vrushabh Manatkar\.m2\repository\io\opentelemetry\opentelemetry-sdk-extension-autoconfigure-spi\1.25.0\opentelemetry-sdk-extension-autoconfigure-spi-1.25.0.jar;C:\Users\Vrushabh Manatkar\.m2\repository\io\opentelemetry\opentelemetry-sdk-extension-autoconfigure\1.25.0-alpha\opentelemetry-sdk-extension-autoconfigure-1.25.0-alpha.jar;C:\Users\Vrushabh Manatkar\.m2\repository\io\opentelemetry\opentelemetry-sdk-trace\1.25.0\opentelemetry-sdk-trace-1.25.0.jar;C:\Users\Vrushabh Manatkar\.m2\repository\io\opentelemetry\opentelemetry-sdk\1.25.0\opentelemetry-sdk-1.25.0.jar;C:\Users\Vrushabh Manatkar\.m2\repository\io\opentelemetry\opentelemetry-semconv\1.25.0-alpha\opentelemetry-semconv-1.25.0-alpha.jar;C:\Users\Vrushabh Manatkar\.m2\repository\io\ous\jtoml\2.0.0\jtoml-2.0.0.jar;C:\Users\Vrushabh Manatkar\.m2\repository\net\bytebuddy\byte-buddy\1.14.4\byte-buddy-1.14.4.jar;C:\Users\Vrushabh Manatkar\.m2\repository\org\apache\commons\commons-exec\1.3\commons-exec-1.3.jar;C:\Users\Vrushabh Manatkar\.m2\repository\org\asynchttpclient\async-http-client\2.12.3\async-http-client-2.12.3.jar;C:\Users\Vrushabh Manatkar\.m2\repository\org\asynchttpclient\async-http-client-netty-utils\2.12.3\async-http-client-netty-utils-2.12.3.jar;C:\Users\Vrushabh Manatkar\.m2\repository\io\netty\netty-codec-socks\4.1.60.Final\netty-codec-socks-4.1.60.Final.jar;C:\Users\Vrushabh Manatkar\.m2\repository\io\netty\netty-handler-proxy\4.1.60.Final\netty-handler-proxy-4.1.60.Final.jar;C:\Users\Vrushabh Manatkar\.m2\repository\io\netty\netty-transport-native-epoll\4.1.60.Final\netty-transport-native-epoll-4.1.60.Final-linux-x86_64.jar;C:\Users\Vrushabh Manatkar\.m2\repository\io\netty\netty-transport-native-kqueue\4.1.60.Final\netty-transport-native-kqueue-4.1.60.Final-osx-x86_64.jar;C:\Users\Vrushabh Manatkar\.m2\repository\com\typesafe\netty\netty-reactive-streams\2.0.4\netty-reactive-streams-2.0.4.jar;C:\Users\Vrushabh Manatkar\.m2\repository\com\sun\activation\jakarta.activation\1.2.2\jakarta.activation-1.2.2.jar;C:\Users\Vrushabh Manatkar\.m2\repository\org\seleniumhq\selenium\selenium-safari-driver\4.9.0\selenium-safari-driver-4.9.0.jar;C:\Users\Vrushabh Manatkar\.m2\repository\org\seleniumhq\selenium\selenium-support\4.9.0\selenium-support-4.9.0.jar;C:\Users\Vrushabh Manatkar\.m2\repository\org\testng\testng\7.4.0\testng-7.4.0.jar;C:\Users\Vrushabh Manatkar\.m2\repository\com\beust\jcommander\1.78\jcommander-1.78.jar;C:\Users\Vrushabh Manatkar\.m2\repository\org\webjars\jquery\3.5.1\jquery-3.5.1.jar;C:\Users\Vrushabh Manatkar\.m2\repository\com\aventstack\extentreports\5.0.9\extentreports-5.0.9.jar;C:\Users\Vrushabh Manatkar\.m2\repository\io\reactivex\rxjava3\rxjava\3.0.4\rxjava-3.0.4.jar;C:\Users\Vrushabh Manatkar\.m2\repository\org\reactivestreams\reactive-streams\1.0.3\reactive-streams-1.0.3.jar;C:\Users\Vrushabh Manatkar\.m2\repository\org\freemarker\freemarker\2.3.30\freemarker-2.3.30.jar;C:\Users\Vrushabh Manatkar\.m2\repository\com\google\code\gson\gson\2.8.6\gson-2.8.6.jar;C:\Users\Vrushabh Manatkar\.m2\repository\org\apache\poi\poi-ooxml-schemas\4.1.2\poi-ooxml-schemas-4.1.2.jar;C:\Users\Vrushabh Manatkar\.m2\repository\org\apache\xmlbeans\xmlbeans\3.1.0\xmlbeans-3.1.0.jar;C:\Users\Vrushabh Manatkar\.m2\repository\org\apache\poi\poi-ooxml\4.1.2\poi-ooxml-4.1.2.jar;C:\Users\Vrushabh Manatkar\.m2\repository\org\apache\poi\poi\4.1.2\poi-4.1.2.jar;C:\Users\Vrushabh Manatkar\.m2\repository\commons-codec\commons-codec\1.13\commons-codec-1.13.jar;C:\Users\Vrushabh Manatkar\.m2\repository\org\apache\commons\commons-collections4\4.4\commons-collections4-4.4.jar;C:\Users\Vrushabh Manatkar\.m2\repository\org\apache\commons\commons-math3\3.6.1\commons-math3-3.6.1.jar;C:\Users\Vrushabh Manatkar\.m2\repository\com\zaxxer\SparseBitSet\1.2\SparseBitSet-1.2.jar;C:\Users\Vrushabh Manatkar\.m2\repository\org\apache\commons\commons-compress\1.19\commons-compress-1.19.jar;C:\Users\Vrushabh Manatkar\.m2\repository\com\github\virtuald\curvesapi\1.06\curvesapi-1.06.jar;C:\Users\Vrushabh Manatkar\.m2\repository\io\github\bonigarcia\webdrivermanager\5.3.1\webdrivermanager-5.3.1.jar;C:\Users\Vrushabh Manatkar\.m2\repository\org\slf4j\slf4j-api\2.0.3\slf4j-api-2.0.3.jar;C:\Users\Vrushabh Manatkar\.m2\repository\com\github\docker-java\docker-java\3.2.13\docker-java-3.2.13.jar;C:\Users\Vrushabh Manatkar\.m2\repository\com\github\docker-java\docker-java-core\3.2.13\docker-java-core-3.2.13.jar;C:\Users\Vrushabh Manatkar\.m2\repository\com\github\docker-java\docker-java-api\3.2.13\docker-java-api-3.2.13.jar;C:\Users\Vrushabh Manatkar\.m2\repository\org\bouncycastle\bcpkix-jdk15on\1.64\bcpkix-jdk15on-1.64.jar;C:\Users\Vrushabh Manatkar\.m2\repository\org\bouncycastle\bcprov-jdk15on\1.64\bcprov-jdk15on-1.64.jar;C:\Users\Vrushabh Manatkar\.m2\repository\org\slf4j\jcl-over-slf4j\1.7.30\jcl-over-slf4j-1.7.30.jar;C:\Users\Vrushabh Manatkar\.m2\repository\com\github\docker-java\docker-java-transport-httpclient5\3.2.13\docker-java-transport-httpclient5-3.2.13.jar;C:\Users\Vrushabh Manatkar\.m2\repository\com\github\docker-java\docker-java-transport\3.2.13\docker-java-transport-3.2.13.jar;C:\Users\Vrushabh Manatkar\.m2\repository\net\java\dev\jna\jna\5.8.0\jna-5.8.0.jar;C:\Users\Vrushabh Manatkar\.m2\repository\org\brotli\dec\0.1.2\dec-0.1.2.jar;C:\Users\Vrushabh Manatkar\.m2\repository\org\apache\commons\commons-lang3\3.12.0\commons-lang3-3.12.0.jar;C:\Users\Vrushabh Manatkar\.m2\repository\org\apache\httpcomponents\client5\httpclient5\5.1.3\httpclient5-5.1.3.jar;C:\Users\Vrushabh Manatkar\.m2\repository\org\apache\httpcomponents\core5\httpcore5\5.1.3\httpcore5-5.1.3.jar;C:\Users\Vrushabh Manatkar\.m2\repository\org\apache\httpcomponents\core5\httpcore5-h2\5.1.3\httpcore5-h2-5.1.3.jar;C:\Users\Vrushabh Manatkar\.m2\repository\org\apache\maven\plugins\maven-compiler-plugin\3.10.1\maven-compiler-plugin-3.10.1.jar;C:\Users\Vrushabh Manatkar\.m2\repository\org\apache\maven\shared\maven-shared-utils\3.3.4\maven-shared-utils-3.3.4.jar;C:\Users\Vrushabh Manatkar\.m2\repository\org\apache\maven\shared\maven-shared-incremental\1.1\maven-shared-incremental-1.1.jar;C:\Users\Vrushabh Manatkar\.m2\repository\org\codehaus\plexus\plexus-component-annotations\1.5.5\plexus-component-annotations-1.5.5.jar;C:\Users\Vrushabh Manatkar\.m2\repository\org\codehaus\plexus\plexus-java\1.1.1\plexus-java-1.1.1.jar;C:\Users\Vrushabh Manatkar\.m2\repository\org\ow2\asm\asm\9.2\asm-9.2.jar;C:\Users\Vrushabh Manatkar\.m2\repository\com\thoughtworks\qdox\qdox\2.0.1\qdox-2.0.1.jar;C:\Users\Vrushabh Manatkar\.m2\repository\org\codehaus\plexus\plexus-compiler-api\2.11.1\plexus-compiler-api-2.11.1.jar;C:\Users\Vrushabh Manatkar\.m2\repository\org\codehaus\plexus\plexus-utils\3.4.1\plexus-utils-3.4.1.jar;C:\Users\Vrushabh Manatkar\.m2\repository\org\codehaus\plexus\plexus-compiler-manager\2.11.1\plexus-compiler-manager-2.11.1.jar;C:\Users\Vrushabh Manatkar\.m2\repository\org\codehaus\plexus\plexus-compiler-javac\2.11.1\plexus-compiler-javac-2.11.1.jar;C:\Users\Vrushabh Manatkar\.m2\repository\com\perfectomobile\pm-webdriver\18.6.0.0\pm-webdriver-18.6.0.0.jar;C:\Users\Vrushabh Manatkar\.m2\repository\com\perfecto\reporting-sdk\reportium-java\1.1.1\reportium-java-1.1.1.jar;C:\Users\Vrushabh Manatkar\.m2\repository\org\apache\httpcomponents\httpclient\4.5.13\httpclient-4.5.13.jar;C:\Users\Vrushabh Manatkar\.m2\repository\org\apache\httpcomponents\httpcore\4.4.13\httpcore-4.4.13.jar;C:\Users\Vrushabh Manatkar\.m2\repository\commons-logging\commons-logging\1.2\commons-logging-1.2.jar;C:\Users\Vrushabh Manatkar\.m2\repository\commons-io\commons-io\2.11.0\commons-io-2.11.0.jar;C:\Users\Vrushabh Manatkar\.m2\repository\com\perfecto\reporting-sdk\reportium-testng\1.1.1\reportium-testng-1.1.1.jar;C:\Users\Vrushabh Manatkar\.m2\repository\com\perfectomobile\http-client\18.6.0.0\http-client-18.6.0.0.jar;C:\Users\Vrushabh Manatkar\.m2\repository\com\fasterxml\jackson\core\jackson-databind\2.14.2\jackson-databind-2.14.2.jar;C:\Users\Vrushabh Manatkar\.m2\repository\com\fasterxml\jackson\core\jackson-annotations\2.14.2\jackson-annotations-2.14.2.jar;C:\Users\Vrushabh Manatkar\.m2\repository\com\fasterxml\jackson\core\jackson-core\2.14.2\jackson-core-2.14.2.jar;C:\Users\Vrushabh Manatkar\.m2\repository\org\projectlombok\lombok\1.18.20\lombok-1.18.20.jar;C:\Users\Vrushabh Manatkar\.m2\repository\io\qameta\allure\allure-testng\2.22.0\allure-testng-2.22.0.jar;C:\Users\Vrushabh Manatkar\.m2\repository\io\qameta\allure\allure-java-commons\2.22.0\allure-java-commons-2.22.0.jar;C:\Users\Vrushabh Manatkar\.m2\repository\io\qameta\allure\allure-model\2.22.0\allure-model-2.22.0.jar;C:\Users\Vrushabh Manatkar\.m2\repository\io\qameta\allure\allure-test-filter\2.22.0\allure-test-filter-2.22.0.jar;"/>
    <property name="sun.cpu.endian" value="little"/>
    <property name="user.home" value="C:\Users\Vrushabh Manatkar"/>
    <property name="user.language" value="en"/>
    <property name="java.specification.vendor" value="Oracle Corporation"/>
    <property name="java.version.date" value="2022-10-18"/>
    <property name="java.home" value="C:\Program Files\Java\jdk-17.0.5"/>
    <property name="file.separator" value="\"/>
    <property name="PlatformName" value="local"/>
    <property name="basedir" value="D:\eclipse-workspace\com.Digitalcodes"/>
    <property name="java.vm.compressedOopsMode" value="Zero based"/>
    <property name="line.separator" value="&#10;"/>
    <property name="java.vm.specification.vendor" value="Oracle Corporation"/>
    <property name="java.specification.name" value="Java Platform API Specification"/>
    <property name="surefire.real.class.path" value="C:\Users\Vrushabh Manatkar\AppData\Local\Temp\surefire15175516126717726093\surefirebooter-20230601173600394_3.jar"/>
    <property name="user.script" value=""/>
    <property name="sun.management.compiler" value="HotSpot 64-Bit Tiered Compilers"/>
    <property name="java.runtime.version" value="17.0.5+9-LTS-191"/>
    <property name="user.name" value="Vrushabh Manatkar"/>
    <property name="path.separator" value=";"/>
    <property name="os.version" value="10.0"/>
    <property name="java.runtime.name" value="Java(TM) SE Runtime Environment"/>
    <property name="file.encoding" value="Cp1252"/>
    <property name="java.vm.name" value="Java HotSpot(TM) 64-Bit Server VM"/>
    <property name="localRepository" value="C:\Users\Vrushabh Manatkar\.m2\repository"/>
    <property name="java.vendor.url.bug" value="https://bugreport.java.com/bugreport/"/>
    <property name="java.io.tmpdir" value="C:\Users\VRUSHA~1\AppData\Local\Temp\"/>
    <property name="java.version" value="17.0.5"/>
    <property name="user.dir" value="D:\eclipse-workspace\com.Digitalcodes"/>
    <property name="os.arch" value="amd64"/>
    <property name="java.vm.specification.name" value="Java Virtual Machine Specification"/>
    <property name="sun.os.patch.level" value=""/>
    <property name="native.encoding" value="Cp1252"/>
    <property name="java.library.path" value="C:\Program Files\Java\jdk-17.0.5\bin;C:\Windows\Sun\Java\bin;C:\Windows\system32;C:\Windows;C:\Program Files\Common Files\Oracle\Java\javapath;C:\Program Files (x86)\Common Files\Oracle\Java\javapath;C:\Windows\system32;C:\Windows;C:\Windows\System32\Wbem;C:\Windows\System32\WindowsPowerShell\v1.0\;C:\Windows\System32\OpenSSH\;C:\Program Files\Microsoft VS Code\bin;c:\Program Files (x86)\Intel\Intel(R) Management Engine Components\DAL;c:\Program Files\Intel\Intel(R) Management Engine Components\DAL;C:\Perfecto\Perfecto-Connect-windows64;C:\Program Files\nodejs\;C:\Program Files\Git\cmd;C:\Program Files\dotnet\;C:\Users\Vrushabh Manatkar\AppData\Local\Programs\Python\Python311\Scripts\;C:\Program Files (x86)\Windows Kits\10\Windows Performance Toolkit\;C:\Program Files\Java\jdk-17.0.5\bin;C:\Program Files\nodejs\node_modules\npm\bin;C:\Users\Vrushabh Manatkar\Downloads\apache-maven-3.8.7\bin;C:\Users\Vrushabh Manatkar\AppData\Local\Android\Sdk\platforms-tools;C:\Users\Vrushabh Manatkar\AppData\Local\Android\Sdk\build-tools;C:\Users\Vrushabh Manatkar\AppData\Local\Android\Sdk\platform;C:\allure-2.22.0\bin;C:\Users\Vrushabh Manatkar\AppData\Local\Programs\Python\Python311\Scripts\;C:\Users\Vrushabh Manatkar\AppData\Local\Programs\Python\Python311\;C:\Users\Vrushabh Manatkar\AppData\Local\Microsoft\WindowsApps;C:\Users\Vrushabh Manatkar\AppData\Roaming\npm;C:\Program Files\nodejs\;C:\Users\Vrushabh Manatkar\AppData\Local\Android\Sdk\platform-tools;C:\Users\Vrushabh Manatkar\AppData\Local\Android\Sdk\tools;C:\Users\Vrushabh Manatkar\AppData\Local\Android\Sdk\emulator;C:\Program Files\Java\jdk-17.0.5\bin;;."/>
    <property name="java.vm.info" value="mixed mode, sharing"/>
    <property name="java.vendor" value="Oracle Corporation"/>
    <property name="java.vm.version" value="17.0.5+9-LTS-191"/>
    <property name="sun.io.unicode.encoding" value="UnicodeLittle"/>
    <property name="java.class.version" value="61.0"/>
  </properties>
  <testcase name="TC01_loginValidData[complete.user@iccsafe.info, Digital@123, Complete User, Premium Complete](1)" classname="com.Digitalcodes.testcases.Login_Test" time="8.223">
    <system-out><![CDATA[Platform Name :- local
Browser Name :- chrome
 
https://codes-stage.iccsafe.org/
 
Click SignIN
Enter username complete.user@iccsafe.info
Enter password Digital@123
Click SignIn Button
Page Title is Login
Description :-  User able to Login with valid creditionls
TC01_loginValidData : PASSED
]]></system-out>
    <system-err><![CDATA[SLF4J: No SLF4J providers were found.
SLF4J: Defaulting to no-operation (NOP) logger implementation
SLF4J: See https://www.slf4j.org/codes.html#noProviders for further details.
Starting ChromeDriver 113.0.5672.63 (0e1a4471d5ae5bf128b1bd8f4d627c8cbd55f70c-refs/branch-heads/5672@{#912}) on port 42859
Only local connections are allowed.
Please see https://chromedriver.chromium.org/security-considerations for suggestions on keeping ChromeDriver safe.
ChromeDriver was started successfully.
Jun 01, 2023 5:36:14 PM org.openqa.selenium.devtools.CdpVersionFinder findNearestMatch
WARNING: Unable to find an exact match for CDP version 113, so returning the closest version found: 112
]]></system-err>
  </testcase>
  <testcase name="TC02_verifyUserInformation[complete.user@iccsafe.info, Digital@123, Complete User, Premium Complete](1)" classname="com.Digitalcodes.testcases.Login_Test" time="16.374">
    <system-out><![CDATA[=======================================================
  
Hover on Premium Complete
Subscripton Types is Premium Complete
User Name is Complete User
User Email is complete.user@iccsafe.info
Page Title is My Library
Description :-  Verify User able to displyed Subscription type, Name, email 
TC02_verifyUserInformation : PASSED
]]></system-out>
  </testcase>
  <testcase name="TC04_verifyTitleLandingPage[I-Codes, 2021 I-Codes, 2021 International Building Code (IBC), CHAPTER 2 DEFINITIONS](1)" classname="com.Digitalcodes.testcases.Title_LandingPage_Test" time="6.661">
    <system-out><![CDATA[=======================================================
  
Click menu
Click Listitem I-Codes
Click subList 2021 I-Codes
Page Title is 2021 I-Codes Building Codes - ICC Digital Codes
Click Title 2021 International Building Code (IBC)
Subscription Tag is PREMIUM
Subscription is You have an active premium subscription to access this title
Description :-  Verify User able to Navigate to Title Landing page and verify Tag
TC04_verifyTitleLandingPage : PASSED
]]></system-out>
  </testcase>
  <testcase name="TC04_verifyTitleLandingPage[Commentaries, 2021 Commentaries, 2021 IBC Code and Commentary Volume 1 (IBC), Chapter 3: Occupancy Classification and Use](2)" classname="com.Digitalcodes.testcases.Title_LandingPage_Test" time="6.812">
    <system-out><![CDATA[=======================================================
  
Click menu
Click Listitem Commentaries
Click subList 2021 Commentaries
Page Title is 2021 Commentaries Building Codes - ICC Digital Codes
Click Title 2021 IBC Code and Commentary Volume 1 (IBC)
Subscription Tag is PREMIUM
Subscription is You have an active premium subscription to access this title
Description :-  Verify User able to Navigate to Title Landing page and verify Tag
TC04_verifyTitleLandingPage : PASSED
]]></system-out>
  </testcase>
  <testcase name="TC04_verifyTitleLandingPage[Publisher, IAEI, 2023 Analysis of Changes, 2023 NEC, CHAPTER 2 WIRING AND PROTECTION](3)" classname="com.Digitalcodes.testcases.Title_LandingPage_Test" time="7.416">
    <system-out><![CDATA[=======================================================
  
Click menu
Click Listitem Publisher
Click subList IAEI
Page Title is IAEI Building Codes - ICC Digital Codes
Click Title 2023 Analysis of Changes, 2023 NEC
Subscription Tag is PREMIUM
Subscription is You have an active premium subscription to access this title
Description :-  Verify User able to Navigate to Title Landing page and verify Tag
TC04_verifyTitleLandingPage : PASSED
]]></system-out>
  </testcase>
  <testcase name="TC04_verifyTitleLandingPage[Resources, Energy, 2021 IECC Code and Commentary (IECC), Chapter 1 [CE]: Scope and Administration](4)" classname="com.Digitalcodes.testcases.Title_LandingPage_Test" time="7.836">
    <system-out><![CDATA[=======================================================
  
Click menu
Click Listitem Resources
Click subList Energy
Page Title is Energy Building Codes - ICC Digital Codes
Click Title 2021 IECC Code and Commentary (IECC)
Subscription Tag is PREMIUM
Subscription is You have an active premium subscription to access this title
Description :-  Verify User able to Navigate to Title Landing page and verify Tag
TC04_verifyTitleLandingPage : PASSED
]]></system-out>
  </testcase>
  <testcase name="TC04_verifyTitleLandingPage[Standards, AFSI Standards, 1997 ASI-77 Air Structures Design and Standards Manual, SECTION B GUIDE SPECIFICATIONS FOR AIR SUPPORTED STRUCTURES](5)" classname="com.Digitalcodes.testcases.Title_LandingPage_Test" time="8.02">
    <system-out><![CDATA[=======================================================
  
Click menu
Click Listitem Standards
Click subList AFSI Standards
Page Title is AFSI Standards Building Codes - ICC Digital Codes
Click Title 1997 ASI-77 Air Structures Design and Standards Manual
Subscription Tag is PREMIUM
Subscription is You have an active premium subscription to access this title
Description :-  Verify User able to Navigate to Title Landing page and verify Tag
TC04_verifyTitleLandingPage : PASSED
]]></system-out>
  </testcase>
  <testcase name="TC04_verifyTitleLandingPage[Topics, Fire, 2019 California Fire Code Amendments Handbook, DIVISION II ADMINISTRATION](6)" classname="com.Digitalcodes.testcases.Title_LandingPage_Test" time="7.191">
    <system-out><![CDATA[=======================================================
  
Click menu
Click Listitem Topics
Click subList Fire
Page Title is Fire Building Codes - ICC Digital Codes
Click Title 2019 California Fire Code Amendments Handbook
Subscription Tag is PREMIUM
Subscription is You have an active premium subscription to access this title
Description :-  Verify User able to Navigate to Title Landing page and verify Tag
TC04_verifyTitleLandingPage : PASSED
]]></system-out>
  </testcase>
  <testcase name="TC04_verifyTitleLandingPage[Locations, Delaware, 2015 International Fuel Gas Code (IFGC), CHAPTER 3 GENERAL REGULATIONS](7)" classname="com.Digitalcodes.testcases.Title_LandingPage_Test" time="6.739">
    <system-out><![CDATA[=======================================================
  
Click menu
Click Listitem Locations
Click subList Delaware
Page Title is Delaware Building Codes - ICC Digital Codes
Click Title 2015 International Fuel Gas Code (IFGC)
Subscription Tag is PREMIUM
Subscription is You have an active premium subscription to access this title
Description :-  Verify User able to Navigate to Title Landing page and verify Tag
TC04_verifyTitleLandingPage : PASSED
]]></system-out>
  </testcase>
  <testcase name="TC05_verifyMarkFavoriteTitle[I-Codes, 2021 I-Codes, 2021 International Building Code (IBC), CHAPTER 2 DEFINITIONS](1)" classname="com.Digitalcodes.testcases.Title_LandingPage_Test" time="27.066">
    <system-out><![CDATA[=======================================================
  
Click menu
Click Listitem I-Codes
Click subList 2021 I-Codes
Click Title 2021 International Building Code (IBC)
Click Blank Heart icon
Text after mark favorite :- Remove from Favorites
Click menu
Click Favorites
Title Name is :- 2021 International Building Code (IBC)
Click Filled Heart icon
Text after mark unfavorite :- Add to Favorites
Description :-  Verify user able to mark favorite & unfavorite and title should be displayed in favorites
TC05_verifyMarkFavoriteTitle : PASSED
]]></system-out>
  </testcase>
  <testcase name="TC06_verifyChangeVersion_ReleatedTitles_Categories[I-Codes, 2021 I-Codes, 2021 International Building Code (IBC), CHAPTER 2 DEFINITIONS](1)" classname="com.Digitalcodes.testcases.Title_LandingPage_Test" time="8.435">
    <failure message="element click intercepted: Element &lt;div role=&quot;button&quot; aria-haspopup=&quot;listbox&quot; aria-expanded=&quot;false&quot; aria-owns=&quot;list-260&quot; class=&quot;v-input__slot&quot;&gt;...&lt;/div&gt; is not clickable at point (1128, 156). Other element would receive the click: &lt;h4&gt;...&lt;/h4&gt;&#10;  (Session info: chrome=113.0.5672.127)&#10;Build info: version: &apos;4.9.0&apos;, revision: &apos;d7057100a6&apos;&#10;System info: os.name: &apos;Windows 10&apos;, os.arch: &apos;amd64&apos;, os.version: &apos;10.0&apos;, java.version: &apos;17.0.5&apos;&#10;Driver info: org.openqa.selenium.chrome.ChromeDriver&#10;Command: [c5b1b54478230f0f31ceb011e69efef1, clickElement {id=F9EA47C4F5E85D0F335FB14289061B9F_element_15312}]&#10;Capabilities {acceptInsecureCerts: false, browserName: chrome, browserVersion: 113.0.5672.127, chrome: {chromedriverVersion: 113.0.5672.63 (0e1a4471d5ae..., userDataDir: C:\Users\VRUSHA~1\AppData\L...}, goog:chromeOptions: {debuggerAddress: localhost:57687}, networkConnectionEnabled: false, pageLoadStrategy: normal, platformName: WINDOWS, proxy: Proxy(), se:cdp: ws://localhost:57687/devtoo..., se:cdpVersion: 113.0.5672.127, setWindowRect: true, strictFileInteractability: false, timeouts: {implicit: 0, pageLoad: 300000, script: 30000}, unhandledPromptBehavior: dismiss and notify, webauthn:extension:credBlob: true, webauthn:extension:largeBlob: true, webauthn:extension:minPinLength: true, webauthn:extension:prf: true, webauthn:virtualAuthenticators: true}&#10;Element: [[ChromeDriver: chrome on WINDOWS (c5b1b54478230f0f31ceb011e69efef1)] -&gt; xpath: //div[@class=&quot;my-6&quot;]//div[@aria-haspopup=&quot;listbox&quot;]]&#10;Session ID: c5b1b54478230f0f31ceb011e69efef1" type="org.openqa.selenium.ElementClickInterceptedException"><![CDATA[org.openqa.selenium.ElementClickInterceptedException: 
element click intercepted: Element <div role="button" aria-haspopup="listbox" aria-expanded="false" aria-owns="list-260" class="v-input__slot">...</div> is not clickable at point (1128, 156). Other element would receive the click: <h4>...</h4>
  (Session info: chrome=113.0.5672.127)
Build info: version: '4.9.0', revision: 'd7057100a6'
System info: os.name: 'Windows 10', os.arch: 'amd64', os.version: '10.0', java.version: '17.0.5'
Driver info: org.openqa.selenium.chrome.ChromeDriver
Command: [c5b1b54478230f0f31ceb011e69efef1, clickElement {id=F9EA47C4F5E85D0F335FB14289061B9F_element_15312}]
Capabilities {acceptInsecureCerts: false, browserName: chrome, browserVersion: 113.0.5672.127, chrome: {chromedriverVersion: 113.0.5672.63 (0e1a4471d5ae..., userDataDir: C:\Users\VRUSHA~1\AppData\L...}, goog:chromeOptions: {debuggerAddress: localhost:57687}, networkConnectionEnabled: false, pageLoadStrategy: normal, platformName: WINDOWS, proxy: Proxy(), se:cdp: ws://localhost:57687/devtoo..., se:cdpVersion: 113.0.5672.127, setWindowRect: true, strictFileInteractability: false, timeouts: {implicit: 0, pageLoad: 300000, script: 30000}, unhandledPromptBehavior: dismiss and notify, webauthn:extension:credBlob: true, webauthn:extension:largeBlob: true, webauthn:extension:minPinLength: true, webauthn:extension:prf: true, webauthn:virtualAuthenticators: true}
Element: [[ChromeDriver: chrome on WINDOWS (c5b1b54478230f0f31ceb011e69efef1)] -> xpath: //div[@class="my-6"]//div[@aria-haspopup="listbox"]]
Session ID: c5b1b54478230f0f31ceb011e69efef1
	at java.base/jdk.internal.reflect.NativeConstructorAccessorImpl.newInstance0(Native Method)
	at java.base/jdk.internal.reflect.NativeConstructorAccessorImpl.newInstance(NativeConstructorAccessorImpl.java:77)
	at java.base/jdk.internal.reflect.DelegatingConstructorAccessorImpl.newInstance(DelegatingConstructorAccessorImpl.java:45)
	at java.base/java.lang.reflect.Constructor.newInstanceWithCaller(Constructor.java:499)
	at java.base/java.lang.reflect.Constructor.newInstance(Constructor.java:480)
	at org.openqa.selenium.remote.codec.w3c.W3CHttpResponseCodec.createException(W3CHttpResponseCodec.java:200)
	at org.openqa.selenium.remote.codec.w3c.W3CHttpResponseCodec.decode(W3CHttpResponseCodec.java:133)
	at org.openqa.selenium.remote.codec.w3c.W3CHttpResponseCodec.decode(W3CHttpResponseCodec.java:53)
	at org.openqa.selenium.remote.HttpCommandExecutor.execute(HttpCommandExecutor.java:193)
	at org.openqa.selenium.remote.service.DriverCommandExecutor.invokeExecute(DriverCommandExecutor.java:183)
	at org.openqa.selenium.remote.service.DriverCommandExecutor.execute(DriverCommandExecutor.java:158)
	at org.openqa.selenium.remote.RemoteWebDriver.execute(RemoteWebDriver.java:543)
	at org.openqa.selenium.remote.RemoteWebElement.execute(RemoteWebElement.java:257)
	at org.openqa.selenium.remote.RemoteWebElement.click(RemoteWebElement.java:78)
	at jdk.internal.reflect.GeneratedMethodAccessor86.invoke(Unknown Source)
	at java.base/jdk.internal.reflect.DelegatingMethodAccessorImpl.invoke(DelegatingMethodAccessorImpl.java:43)
	at java.base/java.lang.reflect.Method.invoke(Method.java:568)
	at org.openqa.selenium.support.pagefactory.internal.LocatingElementHandler.invoke(LocatingElementHandler.java:52)
	at jdk.proxy2/jdk.proxy2.$Proxy20.click(Unknown Source)
	at com.Digitalcodes.utilities.Baseclass.click(Baseclass.java:203)
	at com.Digitalcodes.pageobject.TitleLanding_Page.changeVersion(TitleLanding_Page.java:126)
	at com.Digitalcodes.testcases.Title_LandingPage_Test.TC06_verifyChangeVersion_ReleatedTitles_Categories(Title_LandingPage_Test.java:107)
	at java.base/jdk.internal.reflect.NativeMethodAccessorImpl.invoke0(Native Method)
	at java.base/jdk.internal.reflect.NativeMethodAccessorImpl.invoke(NativeMethodAccessorImpl.java:77)
	at java.base/jdk.internal.reflect.DelegatingMethodAccessorImpl.invoke(DelegatingMethodAccessorImpl.java:43)
	at java.base/java.lang.reflect.Method.invoke(Method.java:568)
	at org.testng.internal.MethodInvocationHelper.invokeMethod(MethodInvocationHelper.java:133)
	at org.testng.internal.TestInvoker.invokeMethod(TestInvoker.java:598)
	at org.testng.internal.TestInvoker.invokeTestMethod(TestInvoker.java:173)
	at org.testng.internal.MethodRunner.runInSequence(MethodRunner.java:46)
	at org.testng.internal.TestInvoker$MethodInvocationAgent.invoke(TestInvoker.java:824)
	at org.testng.internal.TestInvoker.invokeTestMethods(TestInvoker.java:146)
	at org.testng.internal.TestMethodWorker.invokeTestMethods(TestMethodWorker.java:146)
	at org.testng.internal.TestMethodWorker.run(TestMethodWorker.java:128)
	at java.base/java.util.ArrayList.forEach(ArrayList.java:1511)
	at org.testng.TestRunner.privateRun(TestRunner.java:794)
	at org.testng.TestRunner.run(TestRunner.java:596)
	at org.testng.SuiteRunner.runTest(SuiteRunner.java:377)
	at org.testng.SuiteRunner.runSequentially(SuiteRunner.java:371)
	at org.testng.SuiteRunner.privateRun(SuiteRunner.java:332)
	at org.testng.SuiteRunner.run(SuiteRunner.java:276)
	at org.testng.SuiteRunnerWorker.runSuite(SuiteRunnerWorker.java:53)
	at org.testng.SuiteRunnerWorker.run(SuiteRunnerWorker.java:96)
	at org.testng.TestNG.runSuitesSequentially(TestNG.java:1212)
	at org.testng.TestNG.runSuitesLocally(TestNG.java:1134)
	at org.testng.TestNG.runSuites(TestNG.java:1063)
	at org.testng.TestNG.run(TestNG.java:1031)
	at org.apache.maven.surefire.testng.TestNGExecutor.run(TestNGExecutor.java:308)
	at org.apache.maven.surefire.testng.TestNGXmlTestSuite.execute(TestNGXmlTestSuite.java:71)
	at org.apache.maven.surefire.testng.TestNGProvider.invoke(TestNGProvider.java:113)
	at org.apache.maven.surefire.booter.ForkedBooter.runSuitesInProcess(ForkedBooter.java:385)
	at org.apache.maven.surefire.booter.ForkedBooter.execute(ForkedBooter.java:162)
	at org.apache.maven.surefire.booter.ForkedBooter.run(ForkedBooter.java:507)
	at org.apache.maven.surefire.booter.ForkedBooter.main(ForkedBooter.java:495)
]]></failure>
    <system-out><![CDATA[=======================================================
  
Click menu
Click Listitem I-Codes
Click subList 2021 I-Codes
Click Title 2021 International Building Code (IBC)
Description :-  Verify User able to Change Version, Releated Titles, Categories
TC06_verifyChangeVersion_ReleatedTitles_Categories : FAILED
     
     
]]></system-out>
    <system-err><![CDATA[org.openqa.selenium.ElementClickInterceptedException: element click intercepted: Element <div role="button" aria-haspopup="listbox" aria-expanded="false" aria-owns="list-260" class="v-input__slot">...</div> is not clickable at point (1128, 156). Other element would receive the click: <h4>...</h4>
  (Session info: chrome=113.0.5672.127)
Build info: version: '4.9.0', revision: 'd7057100a6'
System info: os.name: 'Windows 10', os.arch: 'amd64', os.version: '10.0', java.version: '17.0.5'
Driver info: org.openqa.selenium.chrome.ChromeDriver
Command: [c5b1b54478230f0f31ceb011e69efef1, clickElement {id=F9EA47C4F5E85D0F335FB14289061B9F_element_15312}]
Capabilities {acceptInsecureCerts: false, browserName: chrome, browserVersion: 113.0.5672.127, chrome: {chromedriverVersion: 113.0.5672.63 (0e1a4471d5ae..., userDataDir: C:\Users\VRUSHA~1\AppData\L...}, goog:chromeOptions: {debuggerAddress: localhost:57687}, networkConnectionEnabled: false, pageLoadStrategy: normal, platformName: WINDOWS, proxy: Proxy(), se:cdp: ws://localhost:57687/devtoo..., se:cdpVersion: 113.0.5672.127, setWindowRect: true, strictFileInteractability: false, timeouts: {implicit: 0, pageLoad: 300000, script: 30000}, unhandledPromptBehavior: dismiss and notify, webauthn:extension:credBlob: true, webauthn:extension:largeBlob: true, webauthn:extension:minPinLength: true, webauthn:extension:prf: true, webauthn:virtualAuthenticators: true}
Element: [[ChromeDriver: chrome on WINDOWS (c5b1b54478230f0f31ceb011e69efef1)] -> xpath: //div[@class="my-6"]//div[@aria-haspopup="listbox"]]
Session ID: c5b1b54478230f0f31ceb011e69efef1
	at java.base/jdk.internal.reflect.NativeConstructorAccessorImpl.newInstance0(Native Method)
	at java.base/jdk.internal.reflect.NativeConstructorAccessorImpl.newInstance(NativeConstructorAccessorImpl.java:77)
	at java.base/jdk.internal.reflect.DelegatingConstructorAccessorImpl.newInstance(DelegatingConstructorAccessorImpl.java:45)
	at java.base/java.lang.reflect.Constructor.newInstanceWithCaller(Constructor.java:499)
	at java.base/java.lang.reflect.Constructor.newInstance(Constructor.java:480)
	at org.openqa.selenium.remote.codec.w3c.W3CHttpResponseCodec.createException(W3CHttpResponseCodec.java:200)
	at org.openqa.selenium.remote.codec.w3c.W3CHttpResponseCodec.decode(W3CHttpResponseCodec.java:133)
	at org.openqa.selenium.remote.codec.w3c.W3CHttpResponseCodec.decode(W3CHttpResponseCodec.java:53)
	at org.openqa.selenium.remote.HttpCommandExecutor.execute(HttpCommandExecutor.java:193)
	at org.openqa.selenium.remote.service.DriverCommandExecutor.invokeExecute(DriverCommandExecutor.java:183)
	at org.openqa.selenium.remote.service.DriverCommandExecutor.execute(DriverCommandExecutor.java:158)
	at org.openqa.selenium.remote.RemoteWebDriver.execute(RemoteWebDriver.java:543)
	at org.openqa.selenium.remote.RemoteWebElement.execute(RemoteWebElement.java:257)
	at org.openqa.selenium.remote.RemoteWebElement.click(RemoteWebElement.java:78)
	at jdk.internal.reflect.GeneratedMethodAccessor86.invoke(Unknown Source)
	at java.base/jdk.internal.reflect.DelegatingMethodAccessorImpl.invoke(DelegatingMethodAccessorImpl.java:43)
	at java.base/java.lang.reflect.Method.invoke(Method.java:568)
	at org.openqa.selenium.support.pagefactory.internal.LocatingElementHandler.invoke(LocatingElementHandler.java:52)
	at jdk.proxy2/jdk.proxy2.$Proxy20.click(Unknown Source)
	at com.Digitalcodes.utilities.Baseclass.click(Baseclass.java:203)
	at com.Digitalcodes.pageobject.TitleLanding_Page.changeVersion(TitleLanding_Page.java:126)
	at com.Digitalcodes.testcases.Title_LandingPage_Test.TC06_verifyChangeVersion_ReleatedTitles_Categories(Title_LandingPage_Test.java:107)
	at java.base/jdk.internal.reflect.NativeMethodAccessorImpl.invoke0(Native Method)
	at java.base/jdk.internal.reflect.NativeMethodAccessorImpl.invoke(NativeMethodAccessorImpl.java:77)
	at java.base/jdk.internal.reflect.DelegatingMethodAccessorImpl.invoke(DelegatingMethodAccessorImpl.java:43)
	at java.base/java.lang.reflect.Method.invoke(Method.java:568)
	at org.testng.internal.MethodInvocationHelper.invokeMethod(MethodInvocationHelper.java:133)
	at org.testng.internal.TestInvoker.invokeMethod(TestInvoker.java:598)
	at org.testng.internal.TestInvoker.invokeTestMethod(TestInvoker.java:173)
	at org.testng.internal.MethodRunner.runInSequence(MethodRunner.java:46)
	at org.testng.internal.TestInvoker$MethodInvocationAgent.invoke(TestInvoker.java:824)
	at org.testng.internal.TestInvoker.invokeTestMethods(TestInvoker.java:146)
	at org.testng.internal.TestMethodWorker.invokeTestMethods(TestMethodWorker.java:146)
	at org.testng.internal.TestMethodWorker.run(TestMethodWorker.java:128)
	at java.base/java.util.ArrayList.forEach(ArrayList.java:1511)
	at org.testng.TestRunner.privateRun(TestRunner.java:794)
	at org.testng.TestRunner.run(TestRunner.java:596)
	at org.testng.SuiteRunner.runTest(SuiteRunner.java:377)
	at org.testng.SuiteRunner.runSequentially(SuiteRunner.java:371)
	at org.testng.SuiteRunner.privateRun(SuiteRunner.java:332)
	at org.testng.SuiteRunner.run(SuiteRunner.java:276)
	at org.testng.SuiteRunnerWorker.runSuite(SuiteRunnerWorker.java:53)
	at org.testng.SuiteRunnerWorker.run(SuiteRunnerWorker.java:96)
	at org.testng.TestNG.runSuitesSequentially(TestNG.java:1212)
	at org.testng.TestNG.runSuitesLocally(TestNG.java:1134)
	at org.testng.TestNG.runSuites(TestNG.java:1063)
	at org.testng.TestNG.run(TestNG.java:1031)
	at org.apache.maven.surefire.testng.TestNGExecutor.run(TestNGExecutor.java:308)
	at org.apache.maven.surefire.testng.TestNGXmlTestSuite.execute(TestNGXmlTestSuite.java:71)
	at org.apache.maven.surefire.testng.TestNGProvider.invoke(TestNGProvider.java:113)
	at org.apache.maven.surefire.booter.ForkedBooter.runSuitesInProcess(ForkedBooter.java:385)
	at org.apache.maven.surefire.booter.ForkedBooter.execute(ForkedBooter.java:162)
	at org.apache.maven.surefire.booter.ForkedBooter.run(ForkedBooter.java:507)
	at org.apache.maven.surefire.booter.ForkedBooter.main(ForkedBooter.java:495)
]]></system-err>
  </testcase>
  <testcase name="TC08_verifyNavigateToSection_FromTOC[I-Codes, 2021 I-Codes, 2021 International Building Code (IBC), CHAPTER 2 DEFINITIONS](1)" classname="com.Digitalcodes.testcases.Title_SectionPage_Test" time="16.284">
    <system-out><![CDATA[=======================================================
  
Click menu
Click Listitem I-Codes
Click subList 2021 I-Codes
Click Title 2021 International Building Code (IBC)
Click Chapter CHAPTER 2 DEFINITIONS
Chapter Name :- CHAPTER 2 DEFINITIONS
Description :-  Verify user able to naviagate Section from TableOfContent_Page
TC08_verifyNavigateToSection_FromTOC : PASSED
]]></system-out>
  </testcase>
  <testcase name="TC08_verifyNavigateToSection_FromTOC[Commentaries, 2021 Commentaries, 2021 IBC Code and Commentary Volume 1 (IBC), Chapter 3: Occupancy Classification and Use](2)" classname="com.Digitalcodes.testcases.Title_SectionPage_Test" time="14.503">
    <system-out><![CDATA[=======================================================
  
Click menu
Click Listitem Commentaries
Click subList 2021 Commentaries
Click Title 2021 IBC Code and Commentary Volume 1 (IBC)
Click Chapter Chapter 3: Occupancy Classification and Use
Chapter Name :- Chapter 3: Occupancy Classification and Use
Description :-  Verify user able to naviagate Section from TableOfContent_Page
TC08_verifyNavigateToSection_FromTOC : PASSED
]]></system-out>
  </testcase>
  <testcase name="TC08_verifyNavigateToSection_FromTOC[Publisher, IAEI, 2023 Analysis of Changes, 2023 NEC, CHAPTER 2 WIRING AND PROTECTION](3)" classname="com.Digitalcodes.testcases.Title_SectionPage_Test" time="12.218">
    <system-out><![CDATA[=======================================================
  
Click menu
Click Listitem Publisher
Click subList IAEI
Click Title 2023 Analysis of Changes, 2023 NEC
Click Chapter CHAPTER 2 WIRING AND PROTECTION
Chapter Name :- CHAPTER 2 WIRING AND PROTECTION
Description :-  Verify user able to naviagate Section from TableOfContent_Page
TC08_verifyNavigateToSection_FromTOC : PASSED
]]></system-out>
  </testcase>
  <testcase name="TC08_verifyNavigateToSection_FromTOC[Resources, Energy, 2021 IECC Code and Commentary (IECC), Chapter 1 [CE]: Scope and Administration](4)" classname="com.Digitalcodes.testcases.Title_SectionPage_Test" time="15.376">
    <system-out><![CDATA[=======================================================
  
Click menu
Click Listitem Resources
Click subList Energy
Click Title 2021 IECC Code and Commentary (IECC)
Click Chapter Chapter 1 [CE]: Scope and Administration
Chapter Name :- Chapter 1 [CE]: Scope and Administration
Description :-  Verify user able to naviagate Section from TableOfContent_Page
TC08_verifyNavigateToSection_FromTOC : PASSED
]]></system-out>
  </testcase>
  <testcase name="TC08_verifyNavigateToSection_FromTOC[Standards, AFSI Standards, 1997 ASI-77 Air Structures Design and Standards Manual, SECTION B GUIDE SPECIFICATIONS FOR AIR SUPPORTED STRUCTURES](5)" classname="com.Digitalcodes.testcases.Title_SectionPage_Test" time="13.493">
    <system-out><![CDATA[=======================================================
  
Click menu
Click Listitem Standards
Click subList AFSI Standards
Click Title 1997 ASI-77 Air Structures Design and Standards Manual
Click Chapter SECTION B GUIDE SPECIFICATIONS FOR AIR SUPPORTED STRUCTURES
Chapter Name :- SECTION B GUIDE SPECIFICATIONS FOR AIR SUPPORTED STRUCTURES
Description :-  Verify user able to naviagate Section from TableOfContent_Page
TC08_verifyNavigateToSection_FromTOC : PASSED
]]></system-out>
  </testcase>
  <testcase name="TC08_verifyNavigateToSection_FromTOC[Topics, Fire, 2019 California Fire Code Amendments Handbook, DIVISION II ADMINISTRATION](6)" classname="com.Digitalcodes.testcases.Title_SectionPage_Test" time="14.681">
    <system-out><![CDATA[=======================================================
  
Click menu
Click Listitem Topics
Click subList Fire
Click Title 2019 California Fire Code Amendments Handbook
Click Chapter DIVISION II ADMINISTRATION
Chapter Name :- DIVISION II ADMINISTRATION
Description :-  Verify user able to naviagate Section from TableOfContent_Page
TC08_verifyNavigateToSection_FromTOC : PASSED
]]></system-out>
  </testcase>
  <testcase name="TC08_verifyNavigateToSection_FromTOC[Locations, Delaware, 2015 International Fuel Gas Code (IFGC), CHAPTER 3 GENERAL REGULATIONS](7)" classname="com.Digitalcodes.testcases.Title_SectionPage_Test" time="12.558">
    <system-out><![CDATA[=======================================================
  
Click menu
Click Listitem Locations
Click subList Delaware
Click Title 2015 International Fuel Gas Code (IFGC)
Click Chapter CHAPTER 3 GENERAL REGULATIONS
Chapter Name :- CHAPTER 3 GENERAL REGULATIONS
Description :-  Verify user able to naviagate Section from TableOfContent_Page
TC08_verifyNavigateToSection_FromTOC : PASSED
]]></system-out>
  </testcase>
  <testcase name="TC09_verifyCreateNotes_atSection[I-Codes, 2021 I-Codes, 2021 International Building Code (IBC), CHAPTER 2 DEFINITIONS](1)" classname="com.Digitalcodes.testcases.Title_SectionPage_Test" time="28.395">
    <system-out><![CDATA[=======================================================
  
Click menu
Click Listitem I-Codes
Click subList 2021 I-Codes
Click Title 2021 International Building Code (IBC)
Click Chapter CHAPTER 2 DEFINITIONS
Double Click on text
Click Note icon
Enter Decription in textBox
Click New Tag
Enter TagName
Click Save
Click Tag DropDown
Select Tag Name
Click Save
Note Created at :- CHAPTER 2 DEFINITIONS
Tag Name :- I-Codes
Description is :- User create Note
Note Created by :- Complete User (complete.user@iccsafe.info)
Click My Notes
Chapter Name at my notes :- CHAPTER 2 DEFINITIONS
Description :-  Verify user able to create notes at section
TC09_verifyCreateNotes_atSection : PASSED
]]></system-out>
  </testcase>
  <testcase name="TC09_verifyCreateNotes_atSection[Commentaries, 2021 Commentaries, 2021 IBC Code and Commentary Volume 1 (IBC), Chapter 3: Occupancy Classification and Use](2)" classname="com.Digitalcodes.testcases.Title_SectionPage_Test" time="25.652">
    <system-out><![CDATA[=======================================================
  
Click menu
Click Listitem Commentaries
Click subList 2021 Commentaries
Click Title 2021 IBC Code and Commentary Volume 1 (IBC)
Click Chapter Chapter 3: Occupancy Classification and Use
Double Click on text
Click Note icon
Enter Decription in textBox
Click New Tag
Enter TagName
Click Save
Click Tag DropDown
Select Tag Name
Click Save
Note Created at :- Chapter 3: Occupancy Classification and Use
Tag Name :- Commentaries
Description is :- User create Note
Note Created by :- Complete User (complete.user@iccsafe.info)
Click My Notes
Chapter Name at my notes :- Chapter 3: Occupancy Classification and Use
Description :-  Verify user able to create notes at section
TC09_verifyCreateNotes_atSection : PASSED
]]></system-out>
  </testcase>
  <testcase name="TC09_verifyCreateNotes_atSection[Publisher, IAEI, 2023 Analysis of Changes, 2023 NEC, CHAPTER 2 WIRING AND PROTECTION](3)" classname="com.Digitalcodes.testcases.Title_SectionPage_Test" time="24.981">
    <system-out><![CDATA[=======================================================
  
Click menu
Click Listitem Publisher
Click subList IAEI
Click Title 2023 Analysis of Changes, 2023 NEC
Click Chapter CHAPTER 2 WIRING AND PROTECTION
Double Click on text
Click Note icon
Enter Decription in textBox
Click New Tag
Enter TagName
Click Save
Click Tag DropDown
Select Tag Name
Click Save
Note Created at :- CHAPTER 2 WIRING AND PROTECTION
Tag Name :- Publisher
Description is :- User create Note
Note Created by :- Complete User (complete.user@iccsafe.info)
Click My Notes
Chapter Name at my notes :- CHAPTER 2 WIRING AND PROTECTION
Description :-  Verify user able to create notes at section
TC09_verifyCreateNotes_atSection : PASSED
]]></system-out>
  </testcase>
  <testcase name="TC09_verifyCreateNotes_atSection[Resources, Energy, 2021 IECC Code and Commentary (IECC), Chapter 1 [CE]: Scope and Administration](4)" classname="com.Digitalcodes.testcases.Title_SectionPage_Test" time="25.885">
    <system-out><![CDATA[=======================================================
  
Click menu
Click Listitem Resources
Click subList Energy
Click Title 2021 IECC Code and Commentary (IECC)
Click Chapter Chapter 1 [CE]: Scope and Administration
Double Click on text
Click Note icon
Enter Decription in textBox
Click New Tag
Enter TagName
Click Save
Click Tag DropDown
Select Tag Name
Click Save
Note Created at :- Chapter 1 [CE]: Scope and Administration
Tag Name :- Resources
Description is :- User create Note
Note Created by :- Complete User (complete.user@iccsafe.info)
Click My Notes
Chapter Name at my notes :- Chapter 1 [CE]: Scope and Administration
Description :-  Verify user able to create notes at section
TC09_verifyCreateNotes_atSection : PASSED
]]></system-out>
  </testcase>
  <testcase name="TC09_verifyCreateNotes_atSection[Standards, AFSI Standards, 1997 ASI-77 Air Structures Design and Standards Manual, SECTION B GUIDE SPECIFICATIONS FOR AIR SUPPORTED STRUCTURES](5)" classname="com.Digitalcodes.testcases.Title_SectionPage_Test" time="24.841">
    <system-out><![CDATA[=======================================================
  
Click menu
Click Listitem Standards
Click subList AFSI Standards
Click Title 1997 ASI-77 Air Structures Design and Standards Manual
Click Chapter SECTION B GUIDE SPECIFICATIONS FOR AIR SUPPORTED STRUCTURES
Double Click on text
Click Note icon
Enter Decription in textBox
Click New Tag
Enter TagName
Click Save
Click Tag DropDown
Select Tag Name
Click Save
Note Created at :- SECTION B GUIDE SPECIFICATIONS FOR AIR SUPPORTED STRUCTURES
Tag Name :- Standards
Description is :- User create Note
Note Created by :- Complete User (complete.user@iccsafe.info)
Click My Notes
Chapter Name at my notes :- SECTION B GUIDE SPECIFICATIONS FOR AIR SUPPORTED STRUCTURES
Description :-  Verify user able to create notes at section
TC09_verifyCreateNotes_atSection : PASSED
]]></system-out>
  </testcase>
  <testcase name="TC09_verifyCreateNotes_atSection[Topics, Fire, 2019 California Fire Code Amendments Handbook, DIVISION II ADMINISTRATION](6)" classname="com.Digitalcodes.testcases.Title_SectionPage_Test" time="127.122">
    <failure message="Expected condition failed: waiting for visibility of [[ChromeDriver: chrome on WINDOWS (c5b1b54478230f0f31ceb011e69efef1)] -&gt; xpath: //div[contains(@id,&quot;list-item-&quot;)]] (tried for 90 second(s) with 500 milliseconds interval)&#10;Build info: version: &apos;4.9.0&apos;, revision: &apos;d7057100a6&apos;&#10;System info: os.name: &apos;Windows 10&apos;, os.arch: &apos;amd64&apos;, os.version: &apos;10.0&apos;, java.version: &apos;17.0.5&apos;&#10;Driver info: org.openqa.selenium.chrome.ChromeDriver&#10;Capabilities {acceptInsecureCerts: false, browserName: chrome, browserVersion: 113.0.5672.127, chrome: {chromedriverVersion: 113.0.5672.63 (0e1a4471d5ae..., userDataDir: C:\Users\VRUSHA~1\AppData\L...}, goog:chromeOptions: {debuggerAddress: localhost:57687}, networkConnectionEnabled: false, pageLoadStrategy: normal, platformName: WINDOWS, proxy: Proxy(), se:cdp: ws://localhost:57687/devtoo..., se:cdpVersion: 113.0.5672.127, setWindowRect: true, strictFileInteractability: false, timeouts: {implicit: 0, pageLoad: 300000, script: 30000}, unhandledPromptBehavior: dismiss and notify, webauthn:extension:credBlob: true, webauthn:extension:largeBlob: true, webauthn:extension:minPinLength: true, webauthn:extension:prf: true, webauthn:virtualAuthenticators: true}&#10;Session ID: c5b1b54478230f0f31ceb011e69efef1" type="org.openqa.selenium.TimeoutException"><![CDATA[org.openqa.selenium.TimeoutException: 
Expected condition failed: waiting for visibility of [[ChromeDriver: chrome on WINDOWS (c5b1b54478230f0f31ceb011e69efef1)] -> xpath: //div[contains(@id,"list-item-")]] (tried for 90 second(s) with 500 milliseconds interval)
Build info: version: '4.9.0', revision: 'd7057100a6'
System info: os.name: 'Windows 10', os.arch: 'amd64', os.version: '10.0', java.version: '17.0.5'
Driver info: org.openqa.selenium.chrome.ChromeDriver
Capabilities {acceptInsecureCerts: false, browserName: chrome, browserVersion: 113.0.5672.127, chrome: {chromedriverVersion: 113.0.5672.63 (0e1a4471d5ae..., userDataDir: C:\Users\VRUSHA~1\AppData\L...}, goog:chromeOptions: {debuggerAddress: localhost:57687}, networkConnectionEnabled: false, pageLoadStrategy: normal, platformName: WINDOWS, proxy: Proxy(), se:cdp: ws://localhost:57687/devtoo..., se:cdpVersion: 113.0.5672.127, setWindowRect: true, strictFileInteractability: false, timeouts: {implicit: 0, pageLoad: 300000, script: 30000}, unhandledPromptBehavior: dismiss and notify, webauthn:extension:credBlob: true, webauthn:extension:largeBlob: true, webauthn:extension:minPinLength: true, webauthn:extension:prf: true, webauthn:virtualAuthenticators: true}
Session ID: c5b1b54478230f0f31ceb011e69efef1
	at org.openqa.selenium.support.ui.WebDriverWait.timeoutException(WebDriverWait.java:87)
	at org.openqa.selenium.support.ui.FluentWait.until(FluentWait.java:231)
	at com.Digitalcodes.utilities.Baseclass.getText(Baseclass.java:214)
	at com.Digitalcodes.pageobject.TitleSection_Page.selectTag(TitleSection_Page.java:322)
	at com.Digitalcodes.testcases.Title_SectionPage_Test.TC09_verifyCreateNotes_atSection(Title_SectionPage_Test.java:78)
	at java.base/jdk.internal.reflect.NativeMethodAccessorImpl.invoke0(Native Method)
	at java.base/jdk.internal.reflect.NativeMethodAccessorImpl.invoke(NativeMethodAccessorImpl.java:77)
	at java.base/jdk.internal.reflect.DelegatingMethodAccessorImpl.invoke(DelegatingMethodAccessorImpl.java:43)
	at java.base/java.lang.reflect.Method.invoke(Method.java:568)
	at org.testng.internal.MethodInvocationHelper.invokeMethod(MethodInvocationHelper.java:133)
	at org.testng.internal.TestInvoker.invokeMethod(TestInvoker.java:598)
	at org.testng.internal.TestInvoker.invokeTestMethod(TestInvoker.java:173)
	at org.testng.internal.MethodRunner.runInSequence(MethodRunner.java:46)
	at org.testng.internal.TestInvoker$MethodInvocationAgent.invoke(TestInvoker.java:824)
	at org.testng.internal.TestInvoker.invokeTestMethods(TestInvoker.java:146)
	at org.testng.internal.TestMethodWorker.invokeTestMethods(TestMethodWorker.java:146)
	at org.testng.internal.TestMethodWorker.run(TestMethodWorker.java:128)
	at java.base/java.util.ArrayList.forEach(ArrayList.java:1511)
	at org.testng.TestRunner.privateRun(TestRunner.java:794)
	at org.testng.TestRunner.run(TestRunner.java:596)
	at org.testng.SuiteRunner.runTest(SuiteRunner.java:377)
	at org.testng.SuiteRunner.runSequentially(SuiteRunner.java:371)
	at org.testng.SuiteRunner.privateRun(SuiteRunner.java:332)
	at org.testng.SuiteRunner.run(SuiteRunner.java:276)
	at org.testng.SuiteRunnerWorker.runSuite(SuiteRunnerWorker.java:53)
	at org.testng.SuiteRunnerWorker.run(SuiteRunnerWorker.java:96)
	at org.testng.TestNG.runSuitesSequentially(TestNG.java:1212)
	at org.testng.TestNG.runSuitesLocally(TestNG.java:1134)
	at org.testng.TestNG.runSuites(TestNG.java:1063)
	at org.testng.TestNG.run(TestNG.java:1031)
	at org.apache.maven.surefire.testng.TestNGExecutor.run(TestNGExecutor.java:308)
	at org.apache.maven.surefire.testng.TestNGXmlTestSuite.execute(TestNGXmlTestSuite.java:71)
	at org.apache.maven.surefire.testng.TestNGProvider.invoke(TestNGProvider.java:113)
	at org.apache.maven.surefire.booter.ForkedBooter.runSuitesInProcess(ForkedBooter.java:385)
	at org.apache.maven.surefire.booter.ForkedBooter.execute(ForkedBooter.java:162)
	at org.apache.maven.surefire.booter.ForkedBooter.run(ForkedBooter.java:507)
	at org.apache.maven.surefire.booter.ForkedBooter.main(ForkedBooter.java:495)
]]></failure>
    <system-out><![CDATA[=======================================================
  
Click menu
Click Listitem Topics
Click subList Fire
Click Title 2019 California Fire Code Amendments Handbook
Click Chapter DIVISION II ADMINISTRATION
Double Click on text
Click Note icon
Enter Decription in textBox
Click New Tag
Enter TagName
Click Save
Description :-  Verify user able to create notes at section
TC09_verifyCreateNotes_atSection : FAILED
     
     
]]></system-out>
    <system-err><![CDATA[org.openqa.selenium.TimeoutException: Expected condition failed: waiting for visibility of [[ChromeDriver: chrome on WINDOWS (c5b1b54478230f0f31ceb011e69efef1)] -> xpath: //div[contains(@id,"list-item-")]] (tried for 90 second(s) with 500 milliseconds interval)
Build info: version: '4.9.0', revision: 'd7057100a6'
System info: os.name: 'Windows 10', os.arch: 'amd64', os.version: '10.0', java.version: '17.0.5'
Driver info: org.openqa.selenium.chrome.ChromeDriver
Capabilities {acceptInsecureCerts: false, browserName: chrome, browserVersion: 113.0.5672.127, chrome: {chromedriverVersion: 113.0.5672.63 (0e1a4471d5ae..., userDataDir: C:\Users\VRUSHA~1\AppData\L...}, goog:chromeOptions: {debuggerAddress: localhost:57687}, networkConnectionEnabled: false, pageLoadStrategy: normal, platformName: WINDOWS, proxy: Proxy(), se:cdp: ws://localhost:57687/devtoo..., se:cdpVersion: 113.0.5672.127, setWindowRect: true, strictFileInteractability: false, timeouts: {implicit: 0, pageLoad: 300000, script: 30000}, unhandledPromptBehavior: dismiss and notify, webauthn:extension:credBlob: true, webauthn:extension:largeBlob: true, webauthn:extension:minPinLength: true, webauthn:extension:prf: true, webauthn:virtualAuthenticators: true}
Session ID: c5b1b54478230f0f31ceb011e69efef1
	at org.openqa.selenium.support.ui.WebDriverWait.timeoutException(WebDriverWait.java:87)
	at org.openqa.selenium.support.ui.FluentWait.until(FluentWait.java:231)
	at com.Digitalcodes.utilities.Baseclass.getText(Baseclass.java:214)
	at com.Digitalcodes.pageobject.TitleSection_Page.selectTag(TitleSection_Page.java:322)
	at com.Digitalcodes.testcases.Title_SectionPage_Test.TC09_verifyCreateNotes_atSection(Title_SectionPage_Test.java:78)
	at java.base/jdk.internal.reflect.NativeMethodAccessorImpl.invoke0(Native Method)
	at java.base/jdk.internal.reflect.NativeMethodAccessorImpl.invoke(NativeMethodAccessorImpl.java:77)
	at java.base/jdk.internal.reflect.DelegatingMethodAccessorImpl.invoke(DelegatingMethodAccessorImpl.java:43)
	at java.base/java.lang.reflect.Method.invoke(Method.java:568)
	at org.testng.internal.MethodInvocationHelper.invokeMethod(MethodInvocationHelper.java:133)
	at org.testng.internal.TestInvoker.invokeMethod(TestInvoker.java:598)
	at org.testng.internal.TestInvoker.invokeTestMethod(TestInvoker.java:173)
	at org.testng.internal.MethodRunner.runInSequence(MethodRunner.java:46)
	at org.testng.internal.TestInvoker$MethodInvocationAgent.invoke(TestInvoker.java:824)
	at org.testng.internal.TestInvoker.invokeTestMethods(TestInvoker.java:146)
	at org.testng.internal.TestMethodWorker.invokeTestMethods(TestMethodWorker.java:146)
	at org.testng.internal.TestMethodWorker.run(TestMethodWorker.java:128)
	at java.base/java.util.ArrayList.forEach(ArrayList.java:1511)
	at org.testng.TestRunner.privateRun(TestRunner.java:794)
	at org.testng.TestRunner.run(TestRunner.java:596)
	at org.testng.SuiteRunner.runTest(SuiteRunner.java:377)
	at org.testng.SuiteRunner.runSequentially(SuiteRunner.java:371)
	at org.testng.SuiteRunner.privateRun(SuiteRunner.java:332)
	at org.testng.SuiteRunner.run(SuiteRunner.java:276)
	at org.testng.SuiteRunnerWorker.runSuite(SuiteRunnerWorker.java:53)
	at org.testng.SuiteRunnerWorker.run(SuiteRunnerWorker.java:96)
	at org.testng.TestNG.runSuitesSequentially(TestNG.java:1212)
	at org.testng.TestNG.runSuitesLocally(TestNG.java:1134)
	at org.testng.TestNG.runSuites(TestNG.java:1063)
	at org.testng.TestNG.run(TestNG.java:1031)
	at org.apache.maven.surefire.testng.TestNGExecutor.run(TestNGExecutor.java:308)
	at org.apache.maven.surefire.testng.TestNGXmlTestSuite.execute(TestNGXmlTestSuite.java:71)
	at org.apache.maven.surefire.testng.TestNGProvider.invoke(TestNGProvider.java:113)
	at org.apache.maven.surefire.booter.ForkedBooter.runSuitesInProcess(ForkedBooter.java:385)
	at org.apache.maven.surefire.booter.ForkedBooter.execute(ForkedBooter.java:162)
	at org.apache.maven.surefire.booter.ForkedBooter.run(ForkedBooter.java:507)
	at org.apache.maven.surefire.booter.ForkedBooter.main(ForkedBooter.java:495)
]]></system-err>
  </testcase>
  <testcase name="TC09_verifyCreateNotes_atSection[Locations, Delaware, 2015 International Fuel Gas Code (IFGC), CHAPTER 3 GENERAL REGULATIONS](7)" classname="com.Digitalcodes.testcases.Title_SectionPage_Test" time="26.672">
    <system-out><![CDATA[=======================================================
  
Click menu
Click Listitem Locations
Click subList Delaware
Click Title 2015 International Fuel Gas Code (IFGC)
Click Chapter CHAPTER 3 GENERAL REGULATIONS
Double Click on text
Click Note icon
Enter Decription in textBox
Click New Tag
Enter TagName
Click Save
Click Tag DropDown
Select Tag Name
Click Save
Note Created at :- CHAPTER 3 GENERAL REGULATIONS
Tag Name :- Locations
Description is :- User create Note
Note Created by :- Complete User (complete.user@iccsafe.info)
Click My Notes
Chapter Name at my notes :- CHAPTER 3 GENERAL REGULATIONS
Description :-  Verify user able to create notes at section
TC09_verifyCreateNotes_atSection : PASSED
]]></system-out>
  </testcase>
  <testcase name="TC10_verifyCreateBookmark_atSection[I-Codes, 2021 I-Codes, 2021 International Building Code (IBC), CHAPTER 2 DEFINITIONS](1)" classname="com.Digitalcodes.testcases.Title_SectionPage_Test" time="28.828">
    <system-out><![CDATA[=======================================================
  
Click menu
Click Listitem I-Codes
Click subList 2021 I-Codes
Click Title 2021 International Building Code (IBC)
Click Chapter CHAPTER 2 DEFINITIONS
Click Apps
Click Bookmark
Enter Decription in textBox
Click Tag DropDown
Select Tag Name
Click Save
Tag Name :- I-Codes
Note Created at :- CHAPTER 2 DEFINITIONS
Description is :- User create Bookmark
Note Created by :- Complete User (complete.user@iccsafe.info)
Click My Notes
Chapter Name at my notes :- CHAPTER 2 DEFINITIONS
Description :-  Verify user able to create bookmark at section
TC10_verifyCreateBookmark_atSection : PASSED
]]></system-out>
  </testcase>
  <testcase name="TC10_verifyCreateBookmark_atSection[Commentaries, 2021 Commentaries, 2021 IBC Code and Commentary Volume 1 (IBC), Chapter 3: Occupancy Classification and Use](2)" classname="com.Digitalcodes.testcases.Title_SectionPage_Test" time="29.274">
    <failure message="expected [2021 IBC Code and Commentary Volume 1 (IBC)] but found [2019 California Fire Code Amendments Handbook]" type="java.lang.AssertionError"><![CDATA[java.lang.AssertionError: expected [2021 IBC Code and Commentary Volume 1 (IBC)] but found [2019 California Fire Code Amendments Handbook]
	at org.testng.Assert.fail(Assert.java:99)
	at org.testng.Assert.failNotEquals(Assert.java:1037)
	at org.testng.Assert.assertEqualsImpl(Assert.java:140)
	at org.testng.Assert.assertEquals(Assert.java:122)
	at org.testng.Assert.assertEquals(Assert.java:629)
	at org.testng.Assert.assertEquals(Assert.java:639)
	at com.Digitalcodes.utilities.Baseclass.assertEquals(Baseclass.java:228)
	at com.Digitalcodes.testcases.Title_SectionPage_Test.TC10_verifyCreateBookmark_atSection(Title_SectionPage_Test.java:162)
	at java.base/jdk.internal.reflect.NativeMethodAccessorImpl.invoke0(Native Method)
	at java.base/jdk.internal.reflect.NativeMethodAccessorImpl.invoke(NativeMethodAccessorImpl.java:77)
	at java.base/jdk.internal.reflect.DelegatingMethodAccessorImpl.invoke(DelegatingMethodAccessorImpl.java:43)
	at java.base/java.lang.reflect.Method.invoke(Method.java:568)
	at org.testng.internal.MethodInvocationHelper.invokeMethod(MethodInvocationHelper.java:133)
	at org.testng.internal.TestInvoker.invokeMethod(TestInvoker.java:598)
	at org.testng.internal.TestInvoker.invokeTestMethod(TestInvoker.java:173)
	at org.testng.internal.MethodRunner.runInSequence(MethodRunner.java:46)
	at org.testng.internal.TestInvoker$MethodInvocationAgent.invoke(TestInvoker.java:824)
	at org.testng.internal.TestInvoker.invokeTestMethods(TestInvoker.java:146)
	at org.testng.internal.TestMethodWorker.invokeTestMethods(TestMethodWorker.java:146)
	at org.testng.internal.TestMethodWorker.run(TestMethodWorker.java:128)
	at java.base/java.util.ArrayList.forEach(ArrayList.java:1511)
	at org.testng.TestRunner.privateRun(TestRunner.java:794)
	at org.testng.TestRunner.run(TestRunner.java:596)
	at org.testng.SuiteRunner.runTest(SuiteRunner.java:377)
	at org.testng.SuiteRunner.runSequentially(SuiteRunner.java:371)
	at org.testng.SuiteRunner.privateRun(SuiteRunner.java:332)
	at org.testng.SuiteRunner.run(SuiteRunner.java:276)
	at org.testng.SuiteRunnerWorker.runSuite(SuiteRunnerWorker.java:53)
	at org.testng.SuiteRunnerWorker.run(SuiteRunnerWorker.java:96)
	at org.testng.TestNG.runSuitesSequentially(TestNG.java:1212)
	at org.testng.TestNG.runSuitesLocally(TestNG.java:1134)
	at org.testng.TestNG.runSuites(TestNG.java:1063)
	at org.testng.TestNG.run(TestNG.java:1031)
	at org.apache.maven.surefire.testng.TestNGExecutor.run(TestNGExecutor.java:308)
	at org.apache.maven.surefire.testng.TestNGXmlTestSuite.execute(TestNGXmlTestSuite.java:71)
	at org.apache.maven.surefire.testng.TestNGProvider.invoke(TestNGProvider.java:113)
	at org.apache.maven.surefire.booter.ForkedBooter.runSuitesInProcess(ForkedBooter.java:385)
	at org.apache.maven.surefire.booter.ForkedBooter.execute(ForkedBooter.java:162)
	at org.apache.maven.surefire.booter.ForkedBooter.run(ForkedBooter.java:507)
	at org.apache.maven.surefire.booter.ForkedBooter.main(ForkedBooter.java:495)
]]></failure>
    <system-out><![CDATA[=======================================================
  
Click menu
Click Listitem Commentaries
Click subList 2021 Commentaries
Click Title 2021 IBC Code and Commentary Volume 1 (IBC)
Click Chapter Chapter 3: Occupancy Classification and Use
Click Apps
Click Bookmark
Enter Decription in textBox
Click Tag DropDown
Select Tag Name
Click Save
Tag Name :- Commentaries
Note Created at :- Chapter 3: Occupancy Classification and Use
Description is :- User create Bookmark
Note Created by :- Complete User (complete.user@iccsafe.info)
Click My Notes
Chapter Name at my notes :- Chapter 3: Occupancy Classification and Use
Description :-  Verify user able to create bookmark at section
TC10_verifyCreateBookmark_atSection : FAILED
     
     
]]></system-out>
    <system-err><![CDATA[java.lang.AssertionError: expected [2021 IBC Code and Commentary Volume 1 (IBC)] but found [2019 California Fire Code Amendments Handbook]
	at org.testng.Assert.fail(Assert.java:99)
	at org.testng.Assert.failNotEquals(Assert.java:1037)
	at org.testng.Assert.assertEqualsImpl(Assert.java:140)
	at org.testng.Assert.assertEquals(Assert.java:122)
	at org.testng.Assert.assertEquals(Assert.java:629)
	at org.testng.Assert.assertEquals(Assert.java:639)
	at com.Digitalcodes.utilities.Baseclass.assertEquals(Baseclass.java:228)
	at com.Digitalcodes.testcases.Title_SectionPage_Test.TC10_verifyCreateBookmark_atSection(Title_SectionPage_Test.java:162)
	at java.base/jdk.internal.reflect.NativeMethodAccessorImpl.invoke0(Native Method)
	at java.base/jdk.internal.reflect.NativeMethodAccessorImpl.invoke(NativeMethodAccessorImpl.java:77)
	at java.base/jdk.internal.reflect.DelegatingMethodAccessorImpl.invoke(DelegatingMethodAccessorImpl.java:43)
	at java.base/java.lang.reflect.Method.invoke(Method.java:568)
	at org.testng.internal.MethodInvocationHelper.invokeMethod(MethodInvocationHelper.java:133)
	at org.testng.internal.TestInvoker.invokeMethod(TestInvoker.java:598)
	at org.testng.internal.TestInvoker.invokeTestMethod(TestInvoker.java:173)
	at org.testng.internal.MethodRunner.runInSequence(MethodRunner.java:46)
	at org.testng.internal.TestInvoker$MethodInvocationAgent.invoke(TestInvoker.java:824)
	at org.testng.internal.TestInvoker.invokeTestMethods(TestInvoker.java:146)
	at org.testng.internal.TestMethodWorker.invokeTestMethods(TestMethodWorker.java:146)
	at org.testng.internal.TestMethodWorker.run(TestMethodWorker.java:128)
	at java.base/java.util.ArrayList.forEach(ArrayList.java:1511)
	at org.testng.TestRunner.privateRun(TestRunner.java:794)
	at org.testng.TestRunner.run(TestRunner.java:596)
	at org.testng.SuiteRunner.runTest(SuiteRunner.java:377)
	at org.testng.SuiteRunner.runSequentially(SuiteRunner.java:371)
	at org.testng.SuiteRunner.privateRun(SuiteRunner.java:332)
	at org.testng.SuiteRunner.run(SuiteRunner.java:276)
	at org.testng.SuiteRunnerWorker.runSuite(SuiteRunnerWorker.java:53)
	at org.testng.SuiteRunnerWorker.run(SuiteRunnerWorker.java:96)
	at org.testng.TestNG.runSuitesSequentially(TestNG.java:1212)
	at org.testng.TestNG.runSuitesLocally(TestNG.java:1134)
	at org.testng.TestNG.runSuites(TestNG.java:1063)
	at org.testng.TestNG.run(TestNG.java:1031)
	at org.apache.maven.surefire.testng.TestNGExecutor.run(TestNGExecutor.java:308)
	at org.apache.maven.surefire.testng.TestNGXmlTestSuite.execute(TestNGXmlTestSuite.java:71)
	at org.apache.maven.surefire.testng.TestNGProvider.invoke(TestNGProvider.java:113)
	at org.apache.maven.surefire.booter.ForkedBooter.runSuitesInProcess(ForkedBooter.java:385)
	at org.apache.maven.surefire.booter.ForkedBooter.execute(ForkedBooter.java:162)
	at org.apache.maven.surefire.booter.ForkedBooter.run(ForkedBooter.java:507)
	at org.apache.maven.surefire.booter.ForkedBooter.main(ForkedBooter.java:495)
]]></system-err>
  </testcase>
  <testcase name="TC10_verifyCreateBookmark_atSection[Publisher, IAEI, 2023 Analysis of Changes, 2023 NEC, CHAPTER 2 WIRING AND PROTECTION](3)" classname="com.Digitalcodes.testcases.Title_SectionPage_Test" time="24.988">
    <failure message="expected [2023 Analysis of Changes, 2023 NEC] but found [2019 California Fire Code Amendments Handbook]" type="java.lang.AssertionError"><![CDATA[java.lang.AssertionError: expected [2023 Analysis of Changes, 2023 NEC] but found [2019 California Fire Code Amendments Handbook]
	at org.testng.Assert.fail(Assert.java:99)
	at org.testng.Assert.failNotEquals(Assert.java:1037)
	at org.testng.Assert.assertEqualsImpl(Assert.java:140)
	at org.testng.Assert.assertEquals(Assert.java:122)
	at org.testng.Assert.assertEquals(Assert.java:629)
	at org.testng.Assert.assertEquals(Assert.java:639)
	at com.Digitalcodes.utilities.Baseclass.assertEquals(Baseclass.java:228)
	at com.Digitalcodes.testcases.Title_SectionPage_Test.TC10_verifyCreateBookmark_atSection(Title_SectionPage_Test.java:162)
	at java.base/jdk.internal.reflect.NativeMethodAccessorImpl.invoke0(Native Method)
	at java.base/jdk.internal.reflect.NativeMethodAccessorImpl.invoke(NativeMethodAccessorImpl.java:77)
	at java.base/jdk.internal.reflect.DelegatingMethodAccessorImpl.invoke(DelegatingMethodAccessorImpl.java:43)
	at java.base/java.lang.reflect.Method.invoke(Method.java:568)
	at org.testng.internal.MethodInvocationHelper.invokeMethod(MethodInvocationHelper.java:133)
	at org.testng.internal.TestInvoker.invokeMethod(TestInvoker.java:598)
	at org.testng.internal.TestInvoker.invokeTestMethod(TestInvoker.java:173)
	at org.testng.internal.MethodRunner.runInSequence(MethodRunner.java:46)
	at org.testng.internal.TestInvoker$MethodInvocationAgent.invoke(TestInvoker.java:824)
	at org.testng.internal.TestInvoker.invokeTestMethods(TestInvoker.java:146)
	at org.testng.internal.TestMethodWorker.invokeTestMethods(TestMethodWorker.java:146)
	at org.testng.internal.TestMethodWorker.run(TestMethodWorker.java:128)
	at java.base/java.util.ArrayList.forEach(ArrayList.java:1511)
	at org.testng.TestRunner.privateRun(TestRunner.java:794)
	at org.testng.TestRunner.run(TestRunner.java:596)
	at org.testng.SuiteRunner.runTest(SuiteRunner.java:377)
	at org.testng.SuiteRunner.runSequentially(SuiteRunner.java:371)
	at org.testng.SuiteRunner.privateRun(SuiteRunner.java:332)
	at org.testng.SuiteRunner.run(SuiteRunner.java:276)
	at org.testng.SuiteRunnerWorker.runSuite(SuiteRunnerWorker.java:53)
	at org.testng.SuiteRunnerWorker.run(SuiteRunnerWorker.java:96)
	at org.testng.TestNG.runSuitesSequentially(TestNG.java:1212)
	at org.testng.TestNG.runSuitesLocally(TestNG.java:1134)
	at org.testng.TestNG.runSuites(TestNG.java:1063)
	at org.testng.TestNG.run(TestNG.java:1031)
	at org.apache.maven.surefire.testng.TestNGExecutor.run(TestNGExecutor.java:308)
	at org.apache.maven.surefire.testng.TestNGXmlTestSuite.execute(TestNGXmlTestSuite.java:71)
	at org.apache.maven.surefire.testng.TestNGProvider.invoke(TestNGProvider.java:113)
	at org.apache.maven.surefire.booter.ForkedBooter.runSuitesInProcess(ForkedBooter.java:385)
	at org.apache.maven.surefire.booter.ForkedBooter.execute(ForkedBooter.java:162)
	at org.apache.maven.surefire.booter.ForkedBooter.run(ForkedBooter.java:507)
	at org.apache.maven.surefire.booter.ForkedBooter.main(ForkedBooter.java:495)
]]></failure>
    <system-out><![CDATA[=======================================================
  
Click menu
Click Listitem Publisher
Click subList IAEI
Click Title 2023 Analysis of Changes, 2023 NEC
Click Chapter CHAPTER 2 WIRING AND PROTECTION
Click Apps
Click Bookmark
Enter Decription in textBox
Click Tag DropDown
Select Tag Name
Click Save
Tag Name :- Publisher
Note Created at :- CHAPTER 2 WIRING AND PROTECTION
Description is :- User create Bookmark
Note Created by :- Complete User (complete.user@iccsafe.info)
Click My Notes
Chapter Name at my notes :- CHAPTER 2 WIRING AND PROTECTION
Description :-  Verify user able to create bookmark at section
TC10_verifyCreateBookmark_atSection : FAILED
     
     
]]></system-out>
    <system-err><![CDATA[java.lang.AssertionError: expected [2023 Analysis of Changes, 2023 NEC] but found [2019 California Fire Code Amendments Handbook]
	at org.testng.Assert.fail(Assert.java:99)
	at org.testng.Assert.failNotEquals(Assert.java:1037)
	at org.testng.Assert.assertEqualsImpl(Assert.java:140)
	at org.testng.Assert.assertEquals(Assert.java:122)
	at org.testng.Assert.assertEquals(Assert.java:629)
	at org.testng.Assert.assertEquals(Assert.java:639)
	at com.Digitalcodes.utilities.Baseclass.assertEquals(Baseclass.java:228)
	at com.Digitalcodes.testcases.Title_SectionPage_Test.TC10_verifyCreateBookmark_atSection(Title_SectionPage_Test.java:162)
	at java.base/jdk.internal.reflect.NativeMethodAccessorImpl.invoke0(Native Method)
	at java.base/jdk.internal.reflect.NativeMethodAccessorImpl.invoke(NativeMethodAccessorImpl.java:77)
	at java.base/jdk.internal.reflect.DelegatingMethodAccessorImpl.invoke(DelegatingMethodAccessorImpl.java:43)
	at java.base/java.lang.reflect.Method.invoke(Method.java:568)
	at org.testng.internal.MethodInvocationHelper.invokeMethod(MethodInvocationHelper.java:133)
	at org.testng.internal.TestInvoker.invokeMethod(TestInvoker.java:598)
	at org.testng.internal.TestInvoker.invokeTestMethod(TestInvoker.java:173)
	at org.testng.internal.MethodRunner.runInSequence(MethodRunner.java:46)
	at org.testng.internal.TestInvoker$MethodInvocationAgent.invoke(TestInvoker.java:824)
	at org.testng.internal.TestInvoker.invokeTestMethods(TestInvoker.java:146)
	at org.testng.internal.TestMethodWorker.invokeTestMethods(TestMethodWorker.java:146)
	at org.testng.internal.TestMethodWorker.run(TestMethodWorker.java:128)
	at java.base/java.util.ArrayList.forEach(ArrayList.java:1511)
	at org.testng.TestRunner.privateRun(TestRunner.java:794)
	at org.testng.TestRunner.run(TestRunner.java:596)
	at org.testng.SuiteRunner.runTest(SuiteRunner.java:377)
	at org.testng.SuiteRunner.runSequentially(SuiteRunner.java:371)
	at org.testng.SuiteRunner.privateRun(SuiteRunner.java:332)
	at org.testng.SuiteRunner.run(SuiteRunner.java:276)
	at org.testng.SuiteRunnerWorker.runSuite(SuiteRunnerWorker.java:53)
	at org.testng.SuiteRunnerWorker.run(SuiteRunnerWorker.java:96)
	at org.testng.TestNG.runSuitesSequentially(TestNG.java:1212)
	at org.testng.TestNG.runSuitesLocally(TestNG.java:1134)
	at org.testng.TestNG.runSuites(TestNG.java:1063)
	at org.testng.TestNG.run(TestNG.java:1031)
	at org.apache.maven.surefire.testng.TestNGExecutor.run(TestNGExecutor.java:308)
	at org.apache.maven.surefire.testng.TestNGXmlTestSuite.execute(TestNGXmlTestSuite.java:71)
	at org.apache.maven.surefire.testng.TestNGProvider.invoke(TestNGProvider.java:113)
	at org.apache.maven.surefire.booter.ForkedBooter.runSuitesInProcess(ForkedBooter.java:385)
	at org.apache.maven.surefire.booter.ForkedBooter.execute(ForkedBooter.java:162)
	at org.apache.maven.surefire.booter.ForkedBooter.run(ForkedBooter.java:507)
	at org.apache.maven.surefire.booter.ForkedBooter.main(ForkedBooter.java:495)
]]></system-err>
  </testcase>
  <testcase name="TC10_verifyCreateBookmark_atSection[Resources, Energy, 2021 IECC Code and Commentary (IECC), Chapter 1 [CE]: Scope and Administration](4)" classname="com.Digitalcodes.testcases.Title_SectionPage_Test" time="43.502">
    <failure message="expected [2021 IECC Code and Commentary (IECC)] but found [2019 California Fire Code Amendments Handbook]" type="java.lang.AssertionError"><![CDATA[java.lang.AssertionError: expected [2021 IECC Code and Commentary (IECC)] but found [2019 California Fire Code Amendments Handbook]
	at org.testng.Assert.fail(Assert.java:99)
	at org.testng.Assert.failNotEquals(Assert.java:1037)
	at org.testng.Assert.assertEqualsImpl(Assert.java:140)
	at org.testng.Assert.assertEquals(Assert.java:122)
	at org.testng.Assert.assertEquals(Assert.java:629)
	at org.testng.Assert.assertEquals(Assert.java:639)
	at com.Digitalcodes.utilities.Baseclass.assertEquals(Baseclass.java:228)
	at com.Digitalcodes.testcases.Title_SectionPage_Test.TC10_verifyCreateBookmark_atSection(Title_SectionPage_Test.java:162)
	at java.base/jdk.internal.reflect.NativeMethodAccessorImpl.invoke0(Native Method)
	at java.base/jdk.internal.reflect.NativeMethodAccessorImpl.invoke(NativeMethodAccessorImpl.java:77)
	at java.base/jdk.internal.reflect.DelegatingMethodAccessorImpl.invoke(DelegatingMethodAccessorImpl.java:43)
	at java.base/java.lang.reflect.Method.invoke(Method.java:568)
	at org.testng.internal.MethodInvocationHelper.invokeMethod(MethodInvocationHelper.java:133)
	at org.testng.internal.TestInvoker.invokeMethod(TestInvoker.java:598)
	at org.testng.internal.TestInvoker.invokeTestMethod(TestInvoker.java:173)
	at org.testng.internal.MethodRunner.runInSequence(MethodRunner.java:46)
	at org.testng.internal.TestInvoker$MethodInvocationAgent.invoke(TestInvoker.java:824)
	at org.testng.internal.TestInvoker.invokeTestMethods(TestInvoker.java:146)
	at org.testng.internal.TestMethodWorker.invokeTestMethods(TestMethodWorker.java:146)
	at org.testng.internal.TestMethodWorker.run(TestMethodWorker.java:128)
	at java.base/java.util.ArrayList.forEach(ArrayList.java:1511)
	at org.testng.TestRunner.privateRun(TestRunner.java:794)
	at org.testng.TestRunner.run(TestRunner.java:596)
	at org.testng.SuiteRunner.runTest(SuiteRunner.java:377)
	at org.testng.SuiteRunner.runSequentially(SuiteRunner.java:371)
	at org.testng.SuiteRunner.privateRun(SuiteRunner.java:332)
	at org.testng.SuiteRunner.run(SuiteRunner.java:276)
	at org.testng.SuiteRunnerWorker.runSuite(SuiteRunnerWorker.java:53)
	at org.testng.SuiteRunnerWorker.run(SuiteRunnerWorker.java:96)
	at org.testng.TestNG.runSuitesSequentially(TestNG.java:1212)
	at org.testng.TestNG.runSuitesLocally(TestNG.java:1134)
	at org.testng.TestNG.runSuites(TestNG.java:1063)
	at org.testng.TestNG.run(TestNG.java:1031)
	at org.apache.maven.surefire.testng.TestNGExecutor.run(TestNGExecutor.java:308)
	at org.apache.maven.surefire.testng.TestNGXmlTestSuite.execute(TestNGXmlTestSuite.java:71)
	at org.apache.maven.surefire.testng.TestNGProvider.invoke(TestNGProvider.java:113)
	at org.apache.maven.surefire.booter.ForkedBooter.runSuitesInProcess(ForkedBooter.java:385)
	at org.apache.maven.surefire.booter.ForkedBooter.execute(ForkedBooter.java:162)
	at org.apache.maven.surefire.booter.ForkedBooter.run(ForkedBooter.java:507)
	at org.apache.maven.surefire.booter.ForkedBooter.main(ForkedBooter.java:495)
]]></failure>
    <system-out><![CDATA[=======================================================
  
Click menu
Click Listitem Resources
Click subList Energy
Click Title 2021 IECC Code and Commentary (IECC)
Click Chapter Chapter 1 [CE]: Scope and Administration
Click Apps
Click Bookmark
Enter Decription in textBox
Click Tag DropDown
Select Tag Name
Click Save
Tag Name :- Resources
Note Created at :- Chapter 1 [CE]: Scope and Administration
Description is :- User create Bookmark
Note Created by :- Complete User (complete.user@iccsafe.info)
Click My Notes
Chapter Name at my notes :- Chapter 1 [CE]: Scope and Administration
Description :-  Verify user able to create bookmark at section
TC10_verifyCreateBookmark_atSection : FAILED
     
     
]]></system-out>
    <system-err><![CDATA[java.lang.AssertionError: expected [2021 IECC Code and Commentary (IECC)] but found [2019 California Fire Code Amendments Handbook]
	at org.testng.Assert.fail(Assert.java:99)
	at org.testng.Assert.failNotEquals(Assert.java:1037)
	at org.testng.Assert.assertEqualsImpl(Assert.java:140)
	at org.testng.Assert.assertEquals(Assert.java:122)
	at org.testng.Assert.assertEquals(Assert.java:629)
	at org.testng.Assert.assertEquals(Assert.java:639)
	at com.Digitalcodes.utilities.Baseclass.assertEquals(Baseclass.java:228)
	at com.Digitalcodes.testcases.Title_SectionPage_Test.TC10_verifyCreateBookmark_atSection(Title_SectionPage_Test.java:162)
	at java.base/jdk.internal.reflect.NativeMethodAccessorImpl.invoke0(Native Method)
	at java.base/jdk.internal.reflect.NativeMethodAccessorImpl.invoke(NativeMethodAccessorImpl.java:77)
	at java.base/jdk.internal.reflect.DelegatingMethodAccessorImpl.invoke(DelegatingMethodAccessorImpl.java:43)
	at java.base/java.lang.reflect.Method.invoke(Method.java:568)
	at org.testng.internal.MethodInvocationHelper.invokeMethod(MethodInvocationHelper.java:133)
	at org.testng.internal.TestInvoker.invokeMethod(TestInvoker.java:598)
	at org.testng.internal.TestInvoker.invokeTestMethod(TestInvoker.java:173)
	at org.testng.internal.MethodRunner.runInSequence(MethodRunner.java:46)
	at org.testng.internal.TestInvoker$MethodInvocationAgent.invoke(TestInvoker.java:824)
	at org.testng.internal.TestInvoker.invokeTestMethods(TestInvoker.java:146)
	at org.testng.internal.TestMethodWorker.invokeTestMethods(TestMethodWorker.java:146)
	at org.testng.internal.TestMethodWorker.run(TestMethodWorker.java:128)
	at java.base/java.util.ArrayList.forEach(ArrayList.java:1511)
	at org.testng.TestRunner.privateRun(TestRunner.java:794)
	at org.testng.TestRunner.run(TestRunner.java:596)
	at org.testng.SuiteRunner.runTest(SuiteRunner.java:377)
	at org.testng.SuiteRunner.runSequentially(SuiteRunner.java:371)
	at org.testng.SuiteRunner.privateRun(SuiteRunner.java:332)
	at org.testng.SuiteRunner.run(SuiteRunner.java:276)
	at org.testng.SuiteRunnerWorker.runSuite(SuiteRunnerWorker.java:53)
	at org.testng.SuiteRunnerWorker.run(SuiteRunnerWorker.java:96)
	at org.testng.TestNG.runSuitesSequentially(TestNG.java:1212)
	at org.testng.TestNG.runSuitesLocally(TestNG.java:1134)
	at org.testng.TestNG.runSuites(TestNG.java:1063)
	at org.testng.TestNG.run(TestNG.java:1031)
	at org.apache.maven.surefire.testng.TestNGExecutor.run(TestNGExecutor.java:308)
	at org.apache.maven.surefire.testng.TestNGXmlTestSuite.execute(TestNGXmlTestSuite.java:71)
	at org.apache.maven.surefire.testng.TestNGProvider.invoke(TestNGProvider.java:113)
	at org.apache.maven.surefire.booter.ForkedBooter.runSuitesInProcess(ForkedBooter.java:385)
	at org.apache.maven.surefire.booter.ForkedBooter.execute(ForkedBooter.java:162)
	at org.apache.maven.surefire.booter.ForkedBooter.run(ForkedBooter.java:507)
	at org.apache.maven.surefire.booter.ForkedBooter.main(ForkedBooter.java:495)
]]></system-err>
  </testcase>
  <testcase name="TC10_verifyCreateBookmark_atSection[Standards, AFSI Standards, 1997 ASI-77 Air Structures Design and Standards Manual, SECTION B GUIDE SPECIFICATIONS FOR AIR SUPPORTED STRUCTURES](5)" classname="com.Digitalcodes.testcases.Title_SectionPage_Test" time="27.72">
    <system-out><![CDATA[=======================================================
  
Click menu
Click Listitem Standards
Click subList AFSI Standards
Click Title 1997 ASI-77 Air Structures Design and Standards Manual
Click Chapter SECTION B GUIDE SPECIFICATIONS FOR AIR SUPPORTED STRUCTURES
Click Apps
Click Bookmark
Enter Decription in textBox
Click Tag DropDown
Select Tag Name
Click Save
Tag Name :- Standards
Note Created at :- SECTION B GUIDE SPECIFICATIONS FOR AIR SUPPORTED STRUCTURES
Description is :- User create Bookmark
Note Created by :- Complete User (complete.user@iccsafe.info)
Click My Notes
Chapter Name at my notes :- SECTION B GUIDE SPECIFICATIONS FOR AIR SUPPORTED STRUCTURES
Description :-  Verify user able to create bookmark at section
TC10_verifyCreateBookmark_atSection : PASSED
]]></system-out>
  </testcase>
  <testcase name="TC10_verifyCreateBookmark_atSection[Topics, Fire, 2019 California Fire Code Amendments Handbook, DIVISION II ADMINISTRATION](6)" classname="com.Digitalcodes.testcases.Title_SectionPage_Test" time="30.254">
    <system-out><![CDATA[=======================================================
  
Click menu
Click Listitem Topics
Click subList Fire
Click Title 2019 California Fire Code Amendments Handbook
Click Chapter DIVISION II ADMINISTRATION
Click Apps
Click Bookmark
Enter Decription in textBox
Click Tag DropDown
Select Tag Name
Click Save
Tag Name :- Topics
Note Created at :- DIVISION II ADMINISTRATION
Description is :- User create Bookmark
Note Created by :- Complete User (complete.user@iccsafe.info)
Click My Notes
Chapter Name at my notes :- DIVISION II ADMINISTRATION
Description :-  Verify user able to create bookmark at section
TC10_verifyCreateBookmark_atSection : PASSED
]]></system-out>
  </testcase>
  <testcase name="TC10_verifyCreateBookmark_atSection[Locations, Delaware, 2015 International Fuel Gas Code (IFGC), CHAPTER 3 GENERAL REGULATIONS](7)" classname="com.Digitalcodes.testcases.Title_SectionPage_Test" time="27.175">
    <system-out><![CDATA[=======================================================
  
Click menu
Click Listitem Locations
Click subList Delaware
Click Title 2015 International Fuel Gas Code (IFGC)
Click Chapter CHAPTER 3 GENERAL REGULATIONS
Click Apps
Click Bookmark
Enter Decription in textBox
Click Tag DropDown
Select Tag Name
Click Save
Tag Name :- Locations
Note Created at :- CHAPTER 3 GENERAL REGULATIONS
Description is :- User create Bookmark
Note Created by :- Complete User (complete.user@iccsafe.info)
Click My Notes
Chapter Name at my notes :- CHAPTER 3 GENERAL REGULATIONS
Description :-  Verify user able to create bookmark at section
TC10_verifyCreateBookmark_atSection : PASSED
]]></system-out>
  </testcase>
  <testcase name="TC11_verifyShareSection_FromSection[I-Codes, 2021 I-Codes, 2021 International Building Code (IBC), CHAPTER 2 DEFINITIONS](1)" classname="com.Digitalcodes.testcases.Title_SectionPage_Test" time="32.202">
    <system-out><![CDATA[=======================================================
  
Click menu
Click Listitem I-Codes
Click subList 2021 I-Codes
Click Title 2021 International Building Code (IBC)
Click Chapter CHAPTER 2 DEFINITIONS
Click Apps
Click Share
Enter email
Click AddMore
Click Remove
Click Share Button
Click Close
Successful message :- Section link shared successfully!
Description :-  Verify user able to share the section
TC11_verifyShareSection_FromSection : PASSED
]]></system-out>
  </testcase>
  <testcase name="TC11_verifyShareSection_FromSection[Commentaries, 2021 Commentaries, 2021 IBC Code and Commentary Volume 1 (IBC), Chapter 3: Occupancy Classification and Use](2)" classname="com.Digitalcodes.testcases.Title_SectionPage_Test" time="22.495">
    <system-out><![CDATA[=======================================================
  
Click menu
Click Listitem Commentaries
Click subList 2021 Commentaries
Click Title 2021 IBC Code and Commentary Volume 1 (IBC)
Click Chapter Chapter 3: Occupancy Classification and Use
Click Apps
Click Share
Enter email
Click AddMore
Click Remove
Click Share Button
Click Close
Successful message :- Section link shared successfully!
Description :-  Verify user able to share the section
TC11_verifyShareSection_FromSection : PASSED
]]></system-out>
  </testcase>
  <testcase name="TC11_verifyShareSection_FromSection[Publisher, IAEI, 2023 Analysis of Changes, 2023 NEC, CHAPTER 2 WIRING AND PROTECTION](3)" classname="com.Digitalcodes.testcases.Title_SectionPage_Test" time="15.254">
    <system-out><![CDATA[=======================================================
  
Click menu
Click Listitem Publisher
Click subList IAEI
Click Title 2023 Analysis of Changes, 2023 NEC
Click Chapter CHAPTER 2 WIRING AND PROTECTION
Click Apps
Click Share
Enter email
Click AddMore
Click Remove
Click Share Button
Click Close
Successful message :- Section link shared successfully!
Description :-  Verify user able to share the section
TC11_verifyShareSection_FromSection : PASSED
]]></system-out>
  </testcase>
  <testcase name="TC11_verifyShareSection_FromSection[Resources, Energy, 2021 IECC Code and Commentary (IECC), Chapter 1 [CE]: Scope and Administration](4)" classname="com.Digitalcodes.testcases.Title_SectionPage_Test" time="15.79">
    <system-out><![CDATA[=======================================================
  
Click menu
Click Listitem Resources
Click subList Energy
Click Title 2021 IECC Code and Commentary (IECC)
Click Chapter Chapter 1 [CE]: Scope and Administration
Click Apps
Click Share
Enter email
Click AddMore
Click Remove
Click Share Button
Click Close
Successful message :- Section link shared successfully!
Description :-  Verify user able to share the section
TC11_verifyShareSection_FromSection : PASSED
]]></system-out>
  </testcase>
  <testcase name="TC11_verifyShareSection_FromSection[Standards, AFSI Standards, 1997 ASI-77 Air Structures Design and Standards Manual, SECTION B GUIDE SPECIFICATIONS FOR AIR SUPPORTED STRUCTURES](5)" classname="com.Digitalcodes.testcases.Title_SectionPage_Test" time="14.353">
    <system-out><![CDATA[=======================================================
  
Click menu
Click Listitem Standards
Click subList AFSI Standards
Click Title 1997 ASI-77 Air Structures Design and Standards Manual
Click Chapter SECTION B GUIDE SPECIFICATIONS FOR AIR SUPPORTED STRUCTURES
Click Apps
Click Share
Enter email
Click AddMore
Click Remove
Click Share Button
Click Close
Successful message :- Section link shared successfully!
Description :-  Verify user able to share the section
TC11_verifyShareSection_FromSection : PASSED
]]></system-out>
  </testcase>
  <testcase name="TC11_verifyShareSection_FromSection[Topics, Fire, 2019 California Fire Code Amendments Handbook, DIVISION II ADMINISTRATION](6)" classname="com.Digitalcodes.testcases.Title_SectionPage_Test" time="16.256">
    <system-out><![CDATA[=======================================================
  
Click menu
Click Listitem Topics
Click subList Fire
Click Title 2019 California Fire Code Amendments Handbook
Click Chapter DIVISION II ADMINISTRATION
Click Apps
Click Share
Enter email
Click AddMore
Click Remove
Click Share Button
Click Close
Successful message :- Section link shared successfully!
Description :-  Verify user able to share the section
TC11_verifyShareSection_FromSection : PASSED
]]></system-out>
  </testcase>
  <testcase name="TC11_verifyShareSection_FromSection[Locations, Delaware, 2015 International Fuel Gas Code (IFGC), CHAPTER 3 GENERAL REGULATIONS](7)" classname="com.Digitalcodes.testcases.Title_SectionPage_Test" time="15.651">
    <system-out><![CDATA[=======================================================
  
Click menu
Click Listitem Locations
Click subList Delaware
Click Title 2015 International Fuel Gas Code (IFGC)
Click Chapter CHAPTER 3 GENERAL REGULATIONS
Click Apps
Click Share
Enter email
Click AddMore
Click Remove
Click Share Button
Click Close
Successful message :- Section link shared successfully!
Description :-  Verify user able to share the section
TC11_verifyShareSection_FromSection : PASSED
]]></system-out>
  </testcase>
  <testcase name="TC12_verifyPrintSection_FromSection[I-Codes, 2021 I-Codes, 2021 International Building Code (IBC), CHAPTER 2 DEFINITIONS](1)" classname="com.Digitalcodes.testcases.Title_SectionPage_Test" time="5.342">
    <system-out><![CDATA[=======================================================
  
Click Print
Description :-  Verify user able to Print Section
TC12_verifyPrintSection_FromSection : PASSED
]]></system-out>
  </testcase>
  <testcase name="TC12_verifyPrintSection_FromSection[Commentaries, 2021 Commentaries, 2021 IBC Code and Commentary Volume 1 (IBC), Chapter 3: Occupancy Classification and Use](2)" classname="com.Digitalcodes.testcases.Title_SectionPage_Test" time="5.382">
    <system-out><![CDATA[=======================================================
  
Click Print
Description :-  Verify user able to Print Section
TC12_verifyPrintSection_FromSection : PASSED
]]></system-out>
  </testcase>
  <testcase name="TC12_verifyPrintSection_FromSection[Publisher, IAEI, 2023 Analysis of Changes, 2023 NEC, CHAPTER 2 WIRING AND PROTECTION](3)" classname="com.Digitalcodes.testcases.Title_SectionPage_Test" time="5.42">
    <system-out><![CDATA[=======================================================
  
Click Print
Description :-  Verify user able to Print Section
TC12_verifyPrintSection_FromSection : PASSED
]]></system-out>
  </testcase>
  <testcase name="TC12_verifyPrintSection_FromSection[Resources, Energy, 2021 IECC Code and Commentary (IECC), Chapter 1 [CE]: Scope and Administration](4)" classname="com.Digitalcodes.testcases.Title_SectionPage_Test" time="5.368">
    <system-out><![CDATA[=======================================================
  
Click Print
Description :-  Verify user able to Print Section
TC12_verifyPrintSection_FromSection : PASSED
]]></system-out>
  </testcase>
  <testcase name="TC12_verifyPrintSection_FromSection[Standards, AFSI Standards, 1997 ASI-77 Air Structures Design and Standards Manual, SECTION B GUIDE SPECIFICATIONS FOR AIR SUPPORTED STRUCTURES](5)" classname="com.Digitalcodes.testcases.Title_SectionPage_Test" time="5.461">
    <system-out><![CDATA[=======================================================
  
Click Print
Description :-  Verify user able to Print Section
TC12_verifyPrintSection_FromSection : PASSED
]]></system-out>
  </testcase>
  <testcase name="TC12_verifyPrintSection_FromSection[Topics, Fire, 2019 California Fire Code Amendments Handbook, DIVISION II ADMINISTRATION](6)" classname="com.Digitalcodes.testcases.Title_SectionPage_Test" time="5.423">
    <system-out><![CDATA[=======================================================
  
Click Print
Description :-  Verify user able to Print Section
TC12_verifyPrintSection_FromSection : PASSED
]]></system-out>
  </testcase>
  <testcase name="TC12_verifyPrintSection_FromSection[Locations, Delaware, 2015 International Fuel Gas Code (IFGC), CHAPTER 3 GENERAL REGULATIONS](7)" classname="com.Digitalcodes.testcases.Title_SectionPage_Test" time="5.376">
    <system-out><![CDATA[=======================================================
  
Click Print
Description :-  Verify user able to Print Section
TC12_verifyPrintSection_FromSection : PASSED
]]></system-out>
  </testcase>
  <testcase name="TC13_verifyShareNote_FromSction[I-Codes, 2021 I-Codes, 2021 International Building Code (IBC), CHAPTER 2 DEFINITIONS](1)" classname="com.Digitalcodes.testcases.Title_SectionPage_Test" time="8.344">
    <system-out><![CDATA[=======================================================
  
Double Click on text
Click Note icon
Enter Decription in textBox
Click Tag DropDown
Select Tag Name
Click Save
Click Share
Enter email
Click Submit
Successful message :- Content shared successfully!
Description :-  Verify user able to share note from section
TC13_verifyShareNote_FromSction : PASSED
]]></system-out>
  </testcase>
  <testcase name="TC14_verifyEditNotes_FromSection" classname="com.Digitalcodes.testcases.Title_SectionPage_Test" time="8.752">
    <system-out><![CDATA[=======================================================
  
Click edit
Enter edited text
Click Save
Description is :- User edit note
Description :-  Verify user able to edit notes from Section
TC14_verifyEditNotes_FromSection : PASSED
]]></system-out>
  </testcase>
  <testcase name="TC15_verifyDeleteNotes_FromSection" classname="com.Digitalcodes.testcases.Title_SectionPage_Test" time="4.527">
    <system-out><![CDATA[=======================================================
  
Click delete
Click Remove
Text in My Notes after delete notes :- You currently do not have any annotations or bookmarks for this book.
Description :-  Verify user able to delete Notes from Section
TC15_verifyDeleteNotes_FromSection : PASSED
]]></system-out>
  </testcase>
  <testcase name="TC16_verifyShareBookmark_FromSection[I-Codes, 2021 I-Codes, 2021 International Building Code (IBC), CHAPTER 2 DEFINITIONS](1)" classname="com.Digitalcodes.testcases.Title_SectionPage_Test" time="23.129">
    <system-out><![CDATA[=======================================================
  
Click menu
Click Listitem I-Codes
Click subList 2021 I-Codes
Click Title 2021 International Building Code (IBC)
Click Chapter CHAPTER 2 DEFINITIONS
Click Apps
Click Bookmark
Enter Decription in textBox
Click Tag DropDown
Select Tag Name
Click Save
Click Share
Enter email
Click Submit
Successful message :- Content shared successfully!
Description :-  Verify user able to share bookmark from Section
TC16_verifyShareBookmark_FromSection : PASSED
]]></system-out>
  </testcase>
  <testcase name="TC17_verifyEditBookmark_FromSection" classname="com.Digitalcodes.testcases.Title_SectionPage_Test" time="8.824">
    <system-out><![CDATA[=======================================================
  
Click edit
Enter edited text
Click Save
Description is :- User edit bookmark
Description :-  Verify user able to edit Bookamrk from Section
TC17_verifyEditBookmark_FromSection : PASSED
]]></system-out>
  </testcase>
  <testcase name="TC18_verifyDeleteBookmark_FromSection" classname="com.Digitalcodes.testcases.Title_SectionPage_Test" time="4.788">
    <system-out><![CDATA[=======================================================
  
Click delete
Click Remove
Text in My Notes after delete bookmark :- You currently do not have any annotations or bookmarks for this book.
Description :-  Verify user able to Delete Bookmark from Section
TC18_verifyDeleteBookmark_FromSection : PASSED
]]></system-out>
  </testcase>
  <testcase name="TC19_verifyLinksOnChapter[I-Codes, 2021 I-Codes, 2021 International Building Code (IBC), CHAPTER 2 DEFINITIONS](1)" classname="com.Digitalcodes.testcases.Title_SectionPage_Test" time="34.744">
    <system-out><![CDATA[=======================================================
  
Click menu
Click Listitem I-Codes
Click subList 2021 I-Codes
Click Title 2021 International Building Code (IBC)
Click Chapter CHAPTER 2 DEFINITIONS
Click on title Link
Navigate to back
Click Sub Chapter SECTION 202 DEFINITIONS
Click on chapter Link
Navigate to back
Description :-  Verify links On Chapter
TC19_verifyLinksOnChapter : PASSED
]]></system-out>
  </testcase>
  <testcase name="TC20_verifyCreateNotes_atSubsection[I-Codes, 2021 I-Codes, 2021 International Building Code (IBC), CHAPTER 2 DEFINITIONS](1)" classname="com.Digitalcodes.testcases.Title_SectionPage_Test" time="28.938">
    <system-out><![CDATA[=======================================================
  
Click menu
Click Listitem I-Codes
Click subList 2021 I-Codes
Click Title 2021 International Building Code (IBC)
Click Chapter CHAPTER 2 DEFINITIONS
Click Sub Section SECTION 201 GENERAL
Double Click 
Click Note icon
Enter Decription in textBox
Select Tag Name
Click Save
Note Created at :- SECTION 201 GENERAL
Tag Name :- I-Codes
Description is :- User create Note
Note Created by :- Complete User (complete.user@iccsafe.info)
Click My Notes
Chapter Name at my notes :- SECTION 201 GENERAL
Description :-  Verify user able to create notes at Sub-Section
TC20_verifyCreateNotes_atSubsection : PASSED
]]></system-out>
  </testcase>
  <testcase name="TC21_verifyCreateBookmark_atSubsection[I-Codes, 2021 I-Codes, 2021 International Building Code (IBC), CHAPTER 2 DEFINITIONS](1)" classname="com.Digitalcodes.testcases.Title_SectionPage_Test" time="31.908">
    <system-out><![CDATA[=======================================================
  
Click menu
Click Listitem I-Codes
Click subList 2021 I-Codes
Click Title 2021 International Building Code (IBC)
Click Chapter CHAPTER 2 DEFINITIONS
Click Sub Section SECTION 201 GENERAL
Click Bookmark icon
Enter Decription in textBox
Select Tag Name
Click Save
Bookmark Created at :- SECTION 201 GENERAL
Tag Name :- I-Codes
Description is :- User create Bookmark
Note Created by :- Complete User (complete.user@iccsafe.info)
Click My Notes
Chapter Name at my notes :- SECTION 201 GENERAL
Description :-  Verify user able to create Bookmark at Sub-Section
TC21_verifyCreateBookmark_atSubsection : PASSED
]]></system-out>
  </testcase>
  <testcase name="TC22_verifyShareSection_FromSubSection[I-Codes, 2021 I-Codes, 2021 International Building Code (IBC), CHAPTER 2 DEFINITIONS](1)" classname="com.Digitalcodes.testcases.Title_SectionPage_Test" time="17.414">
    <system-out><![CDATA[=======================================================
  
Click menu
Click Listitem I-Codes
Click subList 2021 I-Codes
Click Title 2021 International Building Code (IBC)
Click Chapter CHAPTER 2 DEFINITIONS
Click Sub Section SECTION 201 GENERAL
Click Share
Enter email
Click AddMore
Click Remove
Click Share Button
Click Close
Successful message :- Section link shared successfully!
Description :-  Verify user able to share the Subsection
TC22_verifyShareSection_FromSubSection : PASSED
]]></system-out>
  </testcase>
  <testcase name="TC23_verifyPrintSection_FromSubSection" classname="com.Digitalcodes.testcases.Title_SectionPage_Test" time="7.197">
    <system-out><![CDATA[=======================================================
  
Click Print
Click Print This Section
Click Print
Click Print All Section
Description :-  Verify user able to Print SubSection
TC23_verifyPrintSection_FromSubSection : PASSED
]]></system-out>
  </testcase>
  <testcase name="TC24_verifyCreateNotes_atChildSubsection[I-Codes, 2021 I-Codes, 2021 International Building Code (IBC), CHAPTER 2 DEFINITIONS](1)" classname="com.Digitalcodes.testcases.Title_SectionPage_Test" time="26.919">
    <system-out><![CDATA[=======================================================
  
Click menu
Click Listitem I-Codes
Click subList 2021 I-Codes
Click Title 2021 International Building Code (IBC)
Click Chapter CHAPTER 2 DEFINITIONS
Click Sub Section 
Double Click 
Click Note icon
Enter Decription in textBox
Select Tag Name
Click Save
Note Created at :- 201.1Scope.
Tag Name :- I-Codes
Description is :- User create Note
Note Created by :- Complete User (complete.user@iccsafe.info)
Click My Notes
Chapter Name at my notes :- 201.1 Scope.
Description :-  Verify user able to create notes at ChildSub-Section
TC24_verifyCreateNotes_atChildSubsection : PASSED
]]></system-out>
  </testcase>
  <testcase name="TC25_verifyCreateBookmark_atChildSubsection[I-Codes, 2021 I-Codes, 2021 International Building Code (IBC), CHAPTER 2 DEFINITIONS](1)" classname="com.Digitalcodes.testcases.Title_SectionPage_Test" time="30.997">
    <system-out><![CDATA[=======================================================
  
Click menu
Click Listitem I-Codes
Click subList 2021 I-Codes
Click Title 2021 International Building Code (IBC)
Click Chapter CHAPTER 2 DEFINITIONS
Click Sub Section 
Click Apps
Click Bookmark icon
Enter Decription in textBox
Select Tag Name
Click Save
Bookmark Created at :- 201.1Scope.
Tag Name :- I-Codes
Description is :- User create Bookmark
Note Created by :- Complete User (complete.user@iccsafe.info)
Click My Notes
Chapter Name at my notes :- 201.1 Scope.
Description :-  Verify user able to create Bookmark at ChildSub-Section
TC25_verifyCreateBookmark_atChildSubsection : PASSED
]]></system-out>
  </testcase>
  <testcase name="TC26_verifyShareSection_atChildSubsection[I-Codes, 2021 I-Codes, 2021 International Building Code (IBC), CHAPTER 2 DEFINITIONS](1)" classname="com.Digitalcodes.testcases.Title_SectionPage_Test" time="19.843">
    <system-out><![CDATA[=======================================================
  
Click menu
Click Listitem I-Codes
Click subList 2021 I-Codes
Click Title 2021 International Building Code (IBC)
Click Chapter CHAPTER 2 DEFINITIONS
Click Sub Section 
Click Apps
Click Share Icon 
Enter Email Address
Click on Share
Message after share Section - Section link shared successfully!
Description :-  Verify user able to share section at ChildSub-Section
TC26_verifyShareSection_atChildSubsection : PASSED
]]></system-out>
  </testcase>
  <testcase name="TC27_verifyPrintSection_FromChildSubSection" classname="com.Digitalcodes.testcases.Title_SectionPage_Test" time="3.467">
    <system-out><![CDATA[=======================================================
  
Click Print
Description :-  Verify user able to Print SubSection
TC27_verifyPrintSection_FromChildSubSection : PASSED
]]></system-out>
  </testcase>
  <testcase name="TC29_verifySection_collectionTitles[Collections, Premium Complete, 2023 Analysis of Changes, 2023 NEC, CHAPTER 1 GENERAL](1)" classname="com.Digitalcodes.testcases.Title_Collection_Test" time="21.24">
    <system-out><![CDATA[=======================================================
  
Click menu
Click Collections
Click on Premium Complete
Click on 2023 Analysis of Changes, 2023 NEC
Click on Chapter CHAPTER 1 GENERAL
Description :-  Verify user able to navigate to Section on Collection title
TC29_verifySection_collectionTitles : PASSED
]]></system-out>
  </testcase>
  <testcase name="TC29_verifySection_collectionTitles[Collections, 2023 Energy Collection, 2021 CFR Part 3285 Model Manufactured Home Installation Standards, Subpart C Site Preparation](2)" classname="com.Digitalcodes.testcases.Title_Collection_Test" time="21.174">
    <system-out><![CDATA[=======================================================
  
Click menu
Click Collections
Click on 2023 Energy Collection
Click on 2021 CFR Part 3285 Model Manufactured Home Installation Standards
Click on Chapter Subpart C Site Preparation
Description :-  Verify user able to navigate to Section on Collection title
TC29_verifySection_collectionTitles : PASSED
]]></system-out>
  </testcase>
  <testcase name="TC30_verifyCreateNotes_collectionTitles[Collections, Premium Complete, 2023 Analysis of Changes, 2023 NEC, CHAPTER 1 GENERAL](1)" classname="com.Digitalcodes.testcases.Title_Collection_Test" time="34.605">
    <system-out><![CDATA[=======================================================
  
Click menu
Click Collections
Click on Premium Complete
Click on 2023 Analysis of Changes, 2023 NEC
Click on Chapter CHAPTER 1 GENERAL
Double Click on text
Click Note icon
Enter Decription in textBox
Click New Tag
Enter TagName
Click Save
Click Tag DropDown
Select Tag Name
Click Save
Note Created at :- CHAPTER 1 GENERAL
Tag Name :- Collections
Description is :- User create Note
Note Created by :- Complete User (complete.user@iccsafe.info)
Click My Notes
Chapter Name at my notes :- CHAPTER 1 GENERAL
Description :-  Verify user able to create Notes on Collection titles
TC30_verifyCreateNotes_collectionTitles : PASSED
]]></system-out>
  </testcase>
  <testcase name="TC31_verifyCreateBookmark_collectionTitles[Collections, Premium Complete, 2023 Analysis of Changes, 2023 NEC, CHAPTER 1 GENERAL](1)" classname="com.Digitalcodes.testcases.Title_Collection_Test" time="37.11">
    <system-out><![CDATA[=======================================================
  
Click menu
Click Collections
Click on Premium Complete
Click on 2023 Analysis of Changes, 2023 NEC
Click on Chapter CHAPTER 1 GENERAL
Click Apps
Click Bookmark
Enter Decription in textBox
Click Tag DropDown
Select Tag Name
Click Save
Tag Name :- Collections
Note Created at :- CHAPTER 1 GENERAL
Description is :- User create Bookmark
Note Created by :- Complete User (complete.user@iccsafe.info)
Click My Notes
Chapter Name at my notes :- CHAPTER 1 GENERAL
Description :-  Verify user able to create Bookmark on Collection titles
TC31_verifyCreateBookmark_collectionTitles : PASSED
]]></system-out>
  </testcase>
  <testcase name="TC32_verifyShareSection_CollectionTitles[Collections, Premium Complete, 2023 Analysis of Changes, 2023 NEC, CHAPTER 1 GENERAL](1)" classname="com.Digitalcodes.testcases.Title_Collection_Test" time="24.977">
    <system-out><![CDATA[=======================================================
  
Click menu
Click Collections
Click on Premium Complete
Click on 2023 Analysis of Changes, 2023 NEC
Click on Chapter CHAPTER 1 GENERAL
Click Apps
Click Share
Enter email
Click AddMore
Click Remove
Click Share Button
Click Close
Successful message :- Section link shared successfully!
Description :-  Verify user able to Share section on Collection titles
TC32_verifyShareSection_CollectionTitles : PASSED
]]></system-out>
  </testcase>
  <testcase name="TC33_verifyPrintSection_CollectionTitles[Collections, Premium Complete, 2023 Analysis of Changes, 2023 NEC, CHAPTER 1 GENERAL](1)" classname="com.Digitalcodes.testcases.Title_Collection_Test" time="22.99">
    <system-out><![CDATA[=======================================================
  
Click menu
Click Collections
Click on Premium Complete
Click on 2023 Analysis of Changes, 2023 NEC
Click on Chapter CHAPTER 1 GENERAL
Click Apps
Click Print
Description :-  Verify user able to Print section on Collection titles
TC33_verifyPrintSection_CollectionTitles : PASSED
]]></system-out>
  </testcase>
</testsuite>