<?xml version="1.0" encoding="UTF-8"?>
<testng-results ignored="18" total="85" passed="62" failed="5" skipped="0">
  <reporter-output>
  </reporter-output>
  <suite started-at="2023-06-01T17:36:07 IST" name="Digital Codes" finished-at="2023-06-01T17:58:05 IST" duration-ms="1318107">
    <groups>
      <group name="Regression">
        <method signature="Login_Test.TC01_loginValidData(java.lang.String,java.lang.String,java.lang.String,java.lang.String)[pri:1, instance:com.Digitalcodes.testcases.Login_Test@2bfbffb2]" name="TC01_loginValidData" class="com.Digitalcodes.testcases.Login_Test"/>
        <method signature="Login_Test.TC02_verifyUserInformation(java.lang.String,java.lang.String,java.lang.String,java.lang.String)[pri:0, instance:com.Digitalcodes.testcases.Login_Test@2bfbffb2]" name="TC02_verifyUserInformation" class="com.Digitalcodes.testcases.Login_Test"/>
        <method signature="Title_Collection_Test.TC29_verifySection_collectionTitles(java.lang.String,java.lang.String,java.lang.String,java.lang.String)[pri:2, instance:com.Digitalcodes.testcases.Title_Collection_Test@15fa55a6]" name="TC29_verifySection_collectionTitles" class="com.Digitalcodes.testcases.Title_Collection_Test"/>
        <method signature="Title_Collection_Test.TC30_verifyCreateNotes_collectionTitles(java.lang.String,java.lang.String,java.lang.String,java.lang.String)[pri:3, instance:com.Digitalcodes.testcases.Title_Collection_Test@15fa55a6]" name="TC30_verifyCreateNotes_collectionTitles" class="com.Digitalcodes.testcases.Title_Collection_Test"/>
        <method signature="Title_Collection_Test.TC31_verifyCreateBookmark_collectionTitles(java.lang.String,java.lang.String,java.lang.String,java.lang.String)[pri:4, instance:com.Digitalcodes.testcases.Title_Collection_Test@15fa55a6]" name="TC31_verifyCreateBookmark_collectionTitles" class="com.Digitalcodes.testcases.Title_Collection_Test"/>
        <method signature="Title_Collection_Test.TC32_verifyShareSection_CollectionTitles(java.lang.String,java.lang.String,java.lang.String,java.lang.String)[pri:5, instance:com.Digitalcodes.testcases.Title_Collection_Test@15fa55a6]" name="TC32_verifyShareSection_CollectionTitles" class="com.Digitalcodes.testcases.Title_Collection_Test"/>
        <method signature="Title_Collection_Test.TC33_verifyPrintSection_CollectionTitles(java.lang.String,java.lang.String,java.lang.String,java.lang.String)[pri:6, instance:com.Digitalcodes.testcases.Title_Collection_Test@15fa55a6]" name="TC33_verifyPrintSection_CollectionTitles" class="com.Digitalcodes.testcases.Title_Collection_Test"/>
        <method signature="Title_LandingPage_Test.TC04_verifyTitleLandingPage(java.lang.String,java.lang.String,java.lang.String,java.lang.String)[pri:1, instance:com.Digitalcodes.testcases.Title_LandingPage_Test@4abf3f0]" name="TC04_verifyTitleLandingPage" class="com.Digitalcodes.testcases.Title_LandingPage_Test"/>
        <method signature="Title_LandingPage_Test.TC05_verifyMarkFavoriteTitle(java.lang.String,java.lang.String,java.lang.String,java.lang.String)[pri:2, instance:com.Digitalcodes.testcases.Title_LandingPage_Test@4abf3f0]" name="TC05_verifyMarkFavoriteTitle" class="com.Digitalcodes.testcases.Title_LandingPage_Test"/>
        <method signature="Title_LandingPage_Test.TC06_verifyChangeVersion_ReleatedTitles_Categories(java.lang.String,java.lang.String,java.lang.String,java.lang.String)[pri:3, instance:com.Digitalcodes.testcases.Title_LandingPage_Test@4abf3f0]" name="TC06_verifyChangeVersion_ReleatedTitles_Categories" class="com.Digitalcodes.testcases.Title_LandingPage_Test"/>
        <method signature="Title_SectionPage_Test.TC08_verifyNavigateToSection_FromTOC(java.lang.String,java.lang.String,java.lang.String,java.lang.String)[pri:1, instance:com.Digitalcodes.testcases.Title_SectionPage_Test@f8f56b9]" name="TC08_verifyNavigateToSection_FromTOC" class="com.Digitalcodes.testcases.Title_SectionPage_Test"/>
        <method signature="Title_SectionPage_Test.TC09_verifyCreateNotes_atSection(java.lang.String,java.lang.String,java.lang.String,java.lang.String)[pri:2, instance:com.Digitalcodes.testcases.Title_SectionPage_Test@f8f56b9]" name="TC09_verifyCreateNotes_atSection" class="com.Digitalcodes.testcases.Title_SectionPage_Test"/>
        <method signature="Title_SectionPage_Test.TC10_verifyCreateBookmark_atSection(java.lang.String,java.lang.String,java.lang.String,java.lang.String)[pri:3, instance:com.Digitalcodes.testcases.Title_SectionPage_Test@f8f56b9]" name="TC10_verifyCreateBookmark_atSection" class="com.Digitalcodes.testcases.Title_SectionPage_Test"/>
        <method signature="Title_SectionPage_Test.TC11_verifyShareSection_FromSection(java.lang.String,java.lang.String,java.lang.String,java.lang.String)[pri:4, instance:com.Digitalcodes.testcases.Title_SectionPage_Test@f8f56b9]" name="TC11_verifyShareSection_FromSection" class="com.Digitalcodes.testcases.Title_SectionPage_Test"/>
        <method signature="Title_SectionPage_Test.TC12_verifyPrintSection_FromSection(java.lang.String,java.lang.String,java.lang.String,java.lang.String)[pri:5, instance:com.Digitalcodes.testcases.Title_SectionPage_Test@f8f56b9]" name="TC12_verifyPrintSection_FromSection" class="com.Digitalcodes.testcases.Title_SectionPage_Test"/>
        <method signature="Title_SectionPage_Test.TC13_verifyShareNote_FromSction(java.lang.String,java.lang.String,java.lang.String,java.lang.String)[pri:6, instance:com.Digitalcodes.testcases.Title_SectionPage_Test@f8f56b9]" name="TC13_verifyShareNote_FromSction" class="com.Digitalcodes.testcases.Title_SectionPage_Test"/>
        <method signature="Title_SectionPage_Test.TC14_verifyEditNotes_FromSection()[pri:0, instance:com.Digitalcodes.testcases.Title_SectionPage_Test@f8f56b9]" name="TC14_verifyEditNotes_FromSection" class="com.Digitalcodes.testcases.Title_SectionPage_Test"/>
        <method signature="Title_SectionPage_Test.TC15_verifyDeleteNotes_FromSection()[pri:0, instance:com.Digitalcodes.testcases.Title_SectionPage_Test@f8f56b9]" name="TC15_verifyDeleteNotes_FromSection" class="com.Digitalcodes.testcases.Title_SectionPage_Test"/>
        <method signature="Title_SectionPage_Test.TC16_verifyShareBookmark_FromSection(java.lang.String,java.lang.String,java.lang.String,java.lang.String)[pri:9, instance:com.Digitalcodes.testcases.Title_SectionPage_Test@f8f56b9]" name="TC16_verifyShareBookmark_FromSection" class="com.Digitalcodes.testcases.Title_SectionPage_Test"/>
        <method signature="Title_SectionPage_Test.TC17_verifyEditBookmark_FromSection()[pri:0, instance:com.Digitalcodes.testcases.Title_SectionPage_Test@f8f56b9]" name="TC17_verifyEditBookmark_FromSection" class="com.Digitalcodes.testcases.Title_SectionPage_Test"/>
        <method signature="Title_SectionPage_Test.TC18_verifyDeleteBookmark_FromSection()[pri:0, instance:com.Digitalcodes.testcases.Title_SectionPage_Test@f8f56b9]" name="TC18_verifyDeleteBookmark_FromSection" class="com.Digitalcodes.testcases.Title_SectionPage_Test"/>
        <method signature="Title_SectionPage_Test.TC19_verifyLinksOnChapter(java.lang.String,java.lang.String,java.lang.String,java.lang.String)[pri:10, instance:com.Digitalcodes.testcases.Title_SectionPage_Test@f8f56b9]" name="TC19_verifyLinksOnChapter" class="com.Digitalcodes.testcases.Title_SectionPage_Test"/>
        <method signature="Title_SectionPage_Test.TC20_verifyCreateNotes_atSubsection(java.lang.String,java.lang.String,java.lang.String,java.lang.String)[pri:11, instance:com.Digitalcodes.testcases.Title_SectionPage_Test@f8f56b9]" name="TC20_verifyCreateNotes_atSubsection" class="com.Digitalcodes.testcases.Title_SectionPage_Test"/>
        <method signature="Title_SectionPage_Test.TC21_verifyCreateBookmark_atSubsection(java.lang.String,java.lang.String,java.lang.String,java.lang.String)[pri:11, instance:com.Digitalcodes.testcases.Title_SectionPage_Test@f8f56b9]" name="TC21_verifyCreateBookmark_atSubsection" class="com.Digitalcodes.testcases.Title_SectionPage_Test"/>
        <method signature="Title_SectionPage_Test.TC22_verifyShareSection_FromSubSection(java.lang.String,java.lang.String,java.lang.String,java.lang.String)[pri:12, instance:com.Digitalcodes.testcases.Title_SectionPage_Test@f8f56b9]" name="TC22_verifyShareSection_FromSubSection" class="com.Digitalcodes.testcases.Title_SectionPage_Test"/>
        <method signature="Title_SectionPage_Test.TC23_verifyPrintSection_FromSubSection()[pri:13, instance:com.Digitalcodes.testcases.Title_SectionPage_Test@f8f56b9]" name="TC23_verifyPrintSection_FromSubSection" class="com.Digitalcodes.testcases.Title_SectionPage_Test"/>
        <method signature="Title_SectionPage_Test.TC24_verifyCreateNotes_atChildSubsection(java.lang.String,java.lang.String,java.lang.String,java.lang.String)[pri:14, instance:com.Digitalcodes.testcases.Title_SectionPage_Test@f8f56b9]" name="TC24_verifyCreateNotes_atChildSubsection" class="com.Digitalcodes.testcases.Title_SectionPage_Test"/>
        <method signature="Title_SectionPage_Test.TC25_verifyCreateBookmark_atChildSubsection(java.lang.String,java.lang.String,java.lang.String,java.lang.String)[pri:15, instance:com.Digitalcodes.testcases.Title_SectionPage_Test@f8f56b9]" name="TC25_verifyCreateBookmark_atChildSubsection" class="com.Digitalcodes.testcases.Title_SectionPage_Test"/>
        <method signature="Title_SectionPage_Test.TC26_verifyShareSection_atChildSubsection(java.lang.String,java.lang.String,java.lang.String,java.lang.String)[pri:16, instance:com.Digitalcodes.testcases.Title_SectionPage_Test@f8f56b9]" name="TC26_verifyShareSection_atChildSubsection" class="com.Digitalcodes.testcases.Title_SectionPage_Test"/>
        <method signature="Title_SectionPage_Test.TC27_verifyPrintSection_FromChildSubSection()[pri:17, instance:com.Digitalcodes.testcases.Title_SectionPage_Test@f8f56b9]" name="TC27_verifyPrintSection_FromChildSubSection" class="com.Digitalcodes.testcases.Title_SectionPage_Test"/>
      </group> <!-- Regression -->
      <group name="Smoke">
        <method signature="Login_Test.TC01_loginValidData(java.lang.String,java.lang.String,java.lang.String,java.lang.String)[pri:1, instance:com.Digitalcodes.testcases.Login_Test@2bfbffb2]" name="TC01_loginValidData" class="com.Digitalcodes.testcases.Login_Test"/>
        <method signature="Login_Test.TC02_verifyUserInformation(java.lang.String,java.lang.String,java.lang.String,java.lang.String)[pri:0, instance:com.Digitalcodes.testcases.Login_Test@2bfbffb2]" name="TC02_verifyUserInformation" class="com.Digitalcodes.testcases.Login_Test"/>
        <method signature="Title_Collection_Test.TC29_verifySection_collectionTitles(java.lang.String,java.lang.String,java.lang.String,java.lang.String)[pri:2, instance:com.Digitalcodes.testcases.Title_Collection_Test@15fa55a6]" name="TC29_verifySection_collectionTitles" class="com.Digitalcodes.testcases.Title_Collection_Test"/>
        <method signature="Title_LandingPage_Test.TC04_verifyTitleLandingPage(java.lang.String,java.lang.String,java.lang.String,java.lang.String)[pri:1, instance:com.Digitalcodes.testcases.Title_LandingPage_Test@4abf3f0]" name="TC04_verifyTitleLandingPage" class="com.Digitalcodes.testcases.Title_LandingPage_Test"/>
        <method signature="Title_LandingPage_Test.TC05_verifyMarkFavoriteTitle(java.lang.String,java.lang.String,java.lang.String,java.lang.String)[pri:2, instance:com.Digitalcodes.testcases.Title_LandingPage_Test@4abf3f0]" name="TC05_verifyMarkFavoriteTitle" class="com.Digitalcodes.testcases.Title_LandingPage_Test"/>
        <method signature="Title_SectionPage_Test.TC08_verifyNavigateToSection_FromTOC(java.lang.String,java.lang.String,java.lang.String,java.lang.String)[pri:1, instance:com.Digitalcodes.testcases.Title_SectionPage_Test@f8f56b9]" name="TC08_verifyNavigateToSection_FromTOC" class="com.Digitalcodes.testcases.Title_SectionPage_Test"/>
        <method signature="Title_SectionPage_Test.TC09_verifyCreateNotes_atSection(java.lang.String,java.lang.String,java.lang.String,java.lang.String)[pri:2, instance:com.Digitalcodes.testcases.Title_SectionPage_Test@f8f56b9]" name="TC09_verifyCreateNotes_atSection" class="com.Digitalcodes.testcases.Title_SectionPage_Test"/>
        <method signature="Title_SectionPage_Test.TC10_verifyCreateBookmark_atSection(java.lang.String,java.lang.String,java.lang.String,java.lang.String)[pri:3, instance:com.Digitalcodes.testcases.Title_SectionPage_Test@f8f56b9]" name="TC10_verifyCreateBookmark_atSection" class="com.Digitalcodes.testcases.Title_SectionPage_Test"/>
        <method signature="Title_SectionPage_Test.TC11_verifyShareSection_FromSection(java.lang.String,java.lang.String,java.lang.String,java.lang.String)[pri:4, instance:com.Digitalcodes.testcases.Title_SectionPage_Test@f8f56b9]" name="TC11_verifyShareSection_FromSection" class="com.Digitalcodes.testcases.Title_SectionPage_Test"/>
        <method signature="Title_SectionPage_Test.TC12_verifyPrintSection_FromSection(java.lang.String,java.lang.String,java.lang.String,java.lang.String)[pri:5, instance:com.Digitalcodes.testcases.Title_SectionPage_Test@f8f56b9]" name="TC12_verifyPrintSection_FromSection" class="com.Digitalcodes.testcases.Title_SectionPage_Test"/>
        <method signature="Title_SectionPage_Test.TC13_verifyShareNote_FromSction(java.lang.String,java.lang.String,java.lang.String,java.lang.String)[pri:6, instance:com.Digitalcodes.testcases.Title_SectionPage_Test@f8f56b9]" name="TC13_verifyShareNote_FromSction" class="com.Digitalcodes.testcases.Title_SectionPage_Test"/>
        <method signature="Title_SectionPage_Test.TC14_verifyEditNotes_FromSection()[pri:0, instance:com.Digitalcodes.testcases.Title_SectionPage_Test@f8f56b9]" name="TC14_verifyEditNotes_FromSection" class="com.Digitalcodes.testcases.Title_SectionPage_Test"/>
        <method signature="Title_SectionPage_Test.TC15_verifyDeleteNotes_FromSection()[pri:0, instance:com.Digitalcodes.testcases.Title_SectionPage_Test@f8f56b9]" name="TC15_verifyDeleteNotes_FromSection" class="com.Digitalcodes.testcases.Title_SectionPage_Test"/>
        <method signature="Title_SectionPage_Test.TC19_verifyLinksOnChapter(java.lang.String,java.lang.String,java.lang.String,java.lang.String)[pri:10, instance:com.Digitalcodes.testcases.Title_SectionPage_Test@f8f56b9]" name="TC19_verifyLinksOnChapter" class="com.Digitalcodes.testcases.Title_SectionPage_Test"/>
      </group> <!-- Smoke -->
    </groups>
    <test started-at="2023-06-01T17:36:07 IST" name="Test" finished-at="2023-06-01T17:58:05 IST" duration-ms="1318107">
      <class name="com.Digitalcodes.testcases.Title_LandingPage_Test">
        <test-method is-config="true" signature="beforeClass()[pri:0, instance:com.Digitalcodes.testcases.Title_LandingPage_Test@4abf3f0]" started-at="2023-06-01T17:36:48 IST" name="beforeClass" finished-at="2023-06-01T17:36:48 IST" duration-ms="3" status="PASS">
          <reporter-output>
          </reporter-output>
        </test-method> <!-- beforeClass -->
        <test-method signature="TC04_verifyTitleLandingPage(java.lang.String,java.lang.String,java.lang.String,java.lang.String)[pri:1, instance:com.Digitalcodes.testcases.Title_LandingPage_Test@4abf3f0]" started-at="2023-06-01T17:36:48 IST" name="TC04_verifyTitleLandingPage" description="Verify User able to Navigate to Title Landing page and verify Tag" data-provider="Title" finished-at="2023-06-01T17:36:55 IST" duration-ms="6662" status="PASS">
          <params>
            <param index="0">
              <value>
                <![CDATA[I-Codes]]>
              </value>
            </param>
            <param index="1">
              <value>
                <![CDATA[2021 I-Codes]]>
              </value>
            </param>
            <param index="2">
              <value>
                <![CDATA[2021 International Building Code (IBC)]]>
              </value>
            </param>
            <param index="3">
              <value>
                <![CDATA[CHAPTER 2 DEFINITIONS]]>
              </value>
            </param>
          </params>
          <reporter-output>
          </reporter-output>
        </test-method> <!-- TC04_verifyTitleLandingPage -->
        <test-method is-config="true" signature="log_result(org.testng.ITestResult)[pri:0, instance:com.Digitalcodes.testcases.Title_LandingPage_Test@4abf3f0]" started-at="2023-06-01T17:36:55 IST" name="log_result" finished-at="2023-06-01T17:36:55 IST" duration-ms="78" status="PASS">
          <params>
            <param index="0">
              <value>
                <![CDATA[[TestResult name=TC04_verifyTitleLandingPage status=SUCCESS method=Title_LandingPage_Test.TC04_verifyTitleLandingPage(java.lang.String,java.lang.String,java.lang.String,java.lang.String)[pri:1, instance:com.Digitalcodes.testcases.Title_LandingPage_Test@4abf3f0] output={null}]]]>
              </value>
            </param>
          </params>
          <reporter-output>
          </reporter-output>
        </test-method> <!-- log_result -->
        <test-method signature="TC04_verifyTitleLandingPage(java.lang.String,java.lang.String,java.lang.String,java.lang.String)[pri:1, instance:com.Digitalcodes.testcases.Title_LandingPage_Test@4abf3f0]" started-at="2023-06-01T17:36:55 IST" name="TC04_verifyTitleLandingPage" description="Verify User able to Navigate to Title Landing page and verify Tag" data-provider="Title" finished-at="2023-06-01T17:37:02 IST" duration-ms="6814" status="PASS">
          <params>
            <param index="0">
              <value>
                <![CDATA[Commentaries]]>
              </value>
            </param>
            <param index="1">
              <value>
                <![CDATA[2021 Commentaries]]>
              </value>
            </param>
            <param index="2">
              <value>
                <![CDATA[2021 IBC Code and Commentary Volume 1 (IBC)]]>
              </value>
            </param>
            <param index="3">
              <value>
                <![CDATA[Chapter 3: Occupancy Classification and Use]]>
              </value>
            </param>
          </params>
          <reporter-output>
          </reporter-output>
        </test-method> <!-- TC04_verifyTitleLandingPage -->
        <test-method is-config="true" signature="log_result(org.testng.ITestResult)[pri:0, instance:com.Digitalcodes.testcases.Title_LandingPage_Test@4abf3f0]" started-at="2023-06-01T17:37:02 IST" name="log_result" finished-at="2023-06-01T17:37:02 IST" duration-ms="82" status="PASS">
          <params>
            <param index="0">
              <value>
                <![CDATA[[TestResult name=TC04_verifyTitleLandingPage status=SUCCESS method=Title_LandingPage_Test.TC04_verifyTitleLandingPage(java.lang.String,java.lang.String,java.lang.String,java.lang.String)[pri:1, instance:com.Digitalcodes.testcases.Title_LandingPage_Test@4abf3f0] output={null}]]]>
              </value>
            </param>
          </params>
          <reporter-output>
          </reporter-output>
        </test-method> <!-- log_result -->
        <test-method signature="TC04_verifyTitleLandingPage(java.lang.String,java.lang.String,java.lang.String,java.lang.String)[pri:1, instance:com.Digitalcodes.testcases.Title_LandingPage_Test@4abf3f0]" started-at="2023-06-01T17:37:02 IST" name="TC04_verifyTitleLandingPage" description="Verify User able to Navigate to Title Landing page and verify Tag" data-provider="Title" finished-at="2023-06-01T17:37:09 IST" duration-ms="7419" status="PASS">
          <params>
            <param index="0">
              <value>
                <![CDATA[Publisher]]>
              </value>
            </param>
            <param index="1">
              <value>
                <![CDATA[IAEI]]>
              </value>
            </param>
            <param index="2">
              <value>
                <![CDATA[2023 Analysis of Changes, 2023 NEC]]>
              </value>
            </param>
            <param index="3">
              <value>
                <![CDATA[CHAPTER 2 WIRING AND PROTECTION]]>
              </value>
            </param>
          </params>
          <reporter-output>
          </reporter-output>
        </test-method> <!-- TC04_verifyTitleLandingPage -->
        <test-method is-config="true" signature="log_result(org.testng.ITestResult)[pri:0, instance:com.Digitalcodes.testcases.Title_LandingPage_Test@4abf3f0]" started-at="2023-06-01T17:37:09 IST" name="log_result" finished-at="2023-06-01T17:37:09 IST" duration-ms="29" status="PASS">
          <params>
            <param index="0">
              <value>
                <![CDATA[[TestResult name=TC04_verifyTitleLandingPage status=SUCCESS method=Title_LandingPage_Test.TC04_verifyTitleLandingPage(java.lang.String,java.lang.String,java.lang.String,java.lang.String)[pri:1, instance:com.Digitalcodes.testcases.Title_LandingPage_Test@4abf3f0] output={null}]]]>
              </value>
            </param>
          </params>
          <reporter-output>
          </reporter-output>
        </test-method> <!-- log_result -->
        <test-method signature="TC04_verifyTitleLandingPage(java.lang.String,java.lang.String,java.lang.String,java.lang.String)[pri:1, instance:com.Digitalcodes.testcases.Title_LandingPage_Test@4abf3f0]" started-at="2023-06-01T17:37:09 IST" name="TC04_verifyTitleLandingPage" description="Verify User able to Navigate to Title Landing page and verify Tag" data-provider="Title" finished-at="2023-06-01T17:37:17 IST" duration-ms="7841" status="PASS">
          <params>
            <param index="0">
              <value>
                <![CDATA[Resources]]>
              </value>
            </param>
            <param index="1">
              <value>
                <![CDATA[Energy]]>
              </value>
            </param>
            <param index="2">
              <value>
                <![CDATA[2021 IECC Code and Commentary (IECC)]]>
              </value>
            </param>
            <param index="3">
              <value>
                <![CDATA[Chapter 1 [CE]: Scope and Administration]]>
              </value>
            </param>
          </params>
          <reporter-output>
          </reporter-output>
        </test-method> <!-- TC04_verifyTitleLandingPage -->
        <test-method is-config="true" signature="log_result(org.testng.ITestResult)[pri:0, instance:com.Digitalcodes.testcases.Title_LandingPage_Test@4abf3f0]" started-at="2023-06-01T17:37:17 IST" name="log_result" finished-at="2023-06-01T17:37:17 IST" duration-ms="116" status="PASS">
          <params>
            <param index="0">
              <value>
                <![CDATA[[TestResult name=TC04_verifyTitleLandingPage status=SUCCESS method=Title_LandingPage_Test.TC04_verifyTitleLandingPage(java.lang.String,java.lang.String,java.lang.String,java.lang.String)[pri:1, instance:com.Digitalcodes.testcases.Title_LandingPage_Test@4abf3f0] output={null}]]]>
              </value>
            </param>
          </params>
          <reporter-output>
          </reporter-output>
        </test-method> <!-- log_result -->
        <test-method signature="TC04_verifyTitleLandingPage(java.lang.String,java.lang.String,java.lang.String,java.lang.String)[pri:1, instance:com.Digitalcodes.testcases.Title_LandingPage_Test@4abf3f0]" started-at="2023-06-01T17:37:17 IST" name="TC04_verifyTitleLandingPage" description="Verify User able to Navigate to Title Landing page and verify Tag" data-provider="Title" finished-at="2023-06-01T17:37:25 IST" duration-ms="8031" status="PASS">
          <params>
            <param index="0">
              <value>
                <![CDATA[Standards]]>
              </value>
            </param>
            <param index="1">
              <value>
                <![CDATA[AFSI Standards]]>
              </value>
            </param>
            <param index="2">
              <value>
                <![CDATA[1997 ASI-77 Air Structures Design and Standards Manual]]>
              </value>
            </param>
            <param index="3">
              <value>
                <![CDATA[SECTION B GUIDE SPECIFICATIONS FOR AIR SUPPORTED STRUCTURES]]>
              </value>
            </param>
          </params>
          <reporter-output>
          </reporter-output>
        </test-method> <!-- TC04_verifyTitleLandingPage -->
        <test-method is-config="true" signature="log_result(org.testng.ITestResult)[pri:0, instance:com.Digitalcodes.testcases.Title_LandingPage_Test@4abf3f0]" started-at="2023-06-01T17:37:25 IST" name="log_result" finished-at="2023-06-01T17:37:25 IST" duration-ms="31" status="PASS">
          <params>
            <param index="0">
              <value>
                <![CDATA[[TestResult name=TC04_verifyTitleLandingPage status=SUCCESS method=Title_LandingPage_Test.TC04_verifyTitleLandingPage(java.lang.String,java.lang.String,java.lang.String,java.lang.String)[pri:1, instance:com.Digitalcodes.testcases.Title_LandingPage_Test@4abf3f0] output={null}]]]>
              </value>
            </param>
          </params>
          <reporter-output>
          </reporter-output>
        </test-method> <!-- log_result -->
        <test-method signature="TC04_verifyTitleLandingPage(java.lang.String,java.lang.String,java.lang.String,java.lang.String)[pri:1, instance:com.Digitalcodes.testcases.Title_LandingPage_Test@4abf3f0]" started-at="2023-06-01T17:37:25 IST" name="TC04_verifyTitleLandingPage" description="Verify User able to Navigate to Title Landing page and verify Tag" data-provider="Title" finished-at="2023-06-01T17:37:33 IST" duration-ms="7194" status="PASS">
          <params>
            <param index="0">
              <value>
                <![CDATA[Topics]]>
              </value>
            </param>
            <param index="1">
              <value>
                <![CDATA[Fire]]>
              </value>
            </param>
            <param index="2">
              <value>
                <![CDATA[2019 California Fire Code Amendments Handbook]]>
              </value>
            </param>
            <param index="3">
              <value>
                <![CDATA[DIVISION II ADMINISTRATION]]>
              </value>
            </param>
          </params>
          <reporter-output>
          </reporter-output>
        </test-method> <!-- TC04_verifyTitleLandingPage -->
        <test-method is-config="true" signature="log_result(org.testng.ITestResult)[pri:0, instance:com.Digitalcodes.testcases.Title_LandingPage_Test@4abf3f0]" started-at="2023-06-01T17:37:33 IST" name="log_result" finished-at="2023-06-01T17:37:33 IST" duration-ms="142" status="PASS">
          <params>
            <param index="0">
              <value>
                <![CDATA[[TestResult name=TC04_verifyTitleLandingPage status=SUCCESS method=Title_LandingPage_Test.TC04_verifyTitleLandingPage(java.lang.String,java.lang.String,java.lang.String,java.lang.String)[pri:1, instance:com.Digitalcodes.testcases.Title_LandingPage_Test@4abf3f0] output={null}]]]>
              </value>
            </param>
          </params>
          <reporter-output>
          </reporter-output>
        </test-method> <!-- log_result -->
        <test-method signature="TC04_verifyTitleLandingPage(java.lang.String,java.lang.String,java.lang.String,java.lang.String)[pri:1, instance:com.Digitalcodes.testcases.Title_LandingPage_Test@4abf3f0]" started-at="2023-06-01T17:37:33 IST" name="TC04_verifyTitleLandingPage" description="Verify User able to Navigate to Title Landing page and verify Tag" data-provider="Title" finished-at="2023-06-01T17:37:40 IST" duration-ms="6748" status="PASS">
          <params>
            <param index="0">
              <value>
                <![CDATA[Locations]]>
              </value>
            </param>
            <param index="1">
              <value>
                <![CDATA[Delaware]]>
              </value>
            </param>
            <param index="2">
              <value>
                <![CDATA[2015 International Fuel Gas Code (IFGC)]]>
              </value>
            </param>
            <param index="3">
              <value>
                <![CDATA[CHAPTER 3 GENERAL REGULATIONS]]>
              </value>
            </param>
          </params>
          <reporter-output>
          </reporter-output>
        </test-method> <!-- TC04_verifyTitleLandingPage -->
        <test-method is-config="true" signature="log_result(org.testng.ITestResult)[pri:0, instance:com.Digitalcodes.testcases.Title_LandingPage_Test@4abf3f0]" started-at="2023-06-01T17:37:40 IST" name="log_result" finished-at="2023-06-01T17:37:40 IST" duration-ms="32" status="PASS">
          <params>
            <param index="0">
              <value>
                <![CDATA[[TestResult name=TC04_verifyTitleLandingPage status=SUCCESS method=Title_LandingPage_Test.TC04_verifyTitleLandingPage(java.lang.String,java.lang.String,java.lang.String,java.lang.String)[pri:1, instance:com.Digitalcodes.testcases.Title_LandingPage_Test@4abf3f0] output={null}]]]>
              </value>
            </param>
          </params>
          <reporter-output>
          </reporter-output>
        </test-method> <!-- log_result -->
        <test-method signature="TC05_verifyMarkFavoriteTitle(java.lang.String,java.lang.String,java.lang.String,java.lang.String)[pri:2, instance:com.Digitalcodes.testcases.Title_LandingPage_Test@4abf3f0]" started-at="2023-06-01T17:37:40 IST" name="TC05_verifyMarkFavoriteTitle" description="Verify user able to mark favorite &amp; unfavorite and title should be displayed in favorites" data-provider="SingleTitle" finished-at="2023-06-01T17:38:07 IST" duration-ms="27069" status="PASS">
          <params>
            <param index="0">
              <value>
                <![CDATA[I-Codes]]>
              </value>
            </param>
            <param index="1">
              <value>
                <![CDATA[2021 I-Codes]]>
              </value>
            </param>
            <param index="2">
              <value>
                <![CDATA[2021 International Building Code (IBC)]]>
              </value>
            </param>
            <param index="3">
              <value>
                <![CDATA[CHAPTER 2 DEFINITIONS]]>
              </value>
            </param>
          </params>
          <reporter-output>
          </reporter-output>
        </test-method> <!-- TC05_verifyMarkFavoriteTitle -->
        <test-method is-config="true" signature="log_result(org.testng.ITestResult)[pri:0, instance:com.Digitalcodes.testcases.Title_LandingPage_Test@4abf3f0]" started-at="2023-06-01T17:38:07 IST" name="log_result" finished-at="2023-06-01T17:38:07 IST" duration-ms="37" status="PASS">
          <params>
            <param index="0">
              <value>
                <![CDATA[[TestResult name=TC05_verifyMarkFavoriteTitle status=SUCCESS method=Title_LandingPage_Test.TC05_verifyMarkFavoriteTitle(java.lang.String,java.lang.String,java.lang.String,java.lang.String)[pri:2, instance:com.Digitalcodes.testcases.Title_LandingPage_Test@4abf3f0] output={null}]]]>
              </value>
            </param>
          </params>
          <reporter-output>
          </reporter-output>
        </test-method> <!-- log_result -->
        <test-method signature="TC06_verifyChangeVersion_ReleatedTitles_Categories(java.lang.String,java.lang.String,java.lang.String,java.lang.String)[pri:3, instance:com.Digitalcodes.testcases.Title_LandingPage_Test@4abf3f0]" started-at="2023-06-01T17:38:07 IST" name="TC06_verifyChangeVersion_ReleatedTitles_Categories" description="Verify User able to Change Version, Releated Titles, Categories" data-provider="SingleTitle" finished-at="2023-06-01T17:38:15 IST" duration-ms="7813" status="FAIL">
          <params>
            <param index="0">
              <value>
                <![CDATA[I-Codes]]>
              </value>
            </param>
            <param index="1">
              <value>
                <![CDATA[2021 I-Codes]]>
              </value>
            </param>
            <param index="2">
              <value>
                <![CDATA[2021 International Building Code (IBC)]]>
              </value>
            </param>
            <param index="3">
              <value>
                <![CDATA[CHAPTER 2 DEFINITIONS]]>
              </value>
            </param>
          </params>
          <exception class="org.openqa.selenium.ElementClickInterceptedException">
            <message>
              <![CDATA[element click intercepted: Element <div role="button" aria-haspopup="listbox" aria-expanded="false" aria-owns="list-260" class="v-input__slot">...</div> is not clickable at point (1128, 156). Other element would receive the click: <h4>...</h4>
  (Session info: chrome=113.0.5672.127)
Build info: version: '4.9.0', revision: 'd7057100a6'
System info: os.name: 'Windows 10', os.arch: 'amd64', os.version: '10.0', java.version: '17.0.5'
Driver info: org.openqa.selenium.chrome.ChromeDriver
Command: [c5b1b54478230f0f31ceb011e69efef1, clickElement {id=F9EA47C4F5E85D0F335FB14289061B9F_element_15312}]
Capabilities {acceptInsecureCerts: false, browserName: chrome, browserVersion: 113.0.5672.127, chrome: {chromedriverVersion: 113.0.5672.63 (0e1a4471d5ae..., userDataDir: C:\Users\VRUSHA~1\AppData\L...}, goog:chromeOptions: {debuggerAddress: localhost:57687}, networkConnectionEnabled: false, pageLoadStrategy: normal, platformName: WINDOWS, proxy: Proxy(), se:cdp: ws://localhost:57687/devtoo..., se:cdpVersion: 113.0.5672.127, setWindowRect: true, strictFileInteractability: false, timeouts: {implicit: 0, pageLoad: 300000, script: 30000}, unhandledPromptBehavior: dismiss and notify, webauthn:extension:credBlob: true, webauthn:extension:largeBlob: true, webauthn:extension:minPinLength: true, webauthn:extension:prf: true, webauthn:virtualAuthenticators: true}
Element: [[ChromeDriver: chrome on WINDOWS (c5b1b54478230f0f31ceb011e69efef1)] -> xpath: //div[@class="my-6"]//div[@aria-haspopup="listbox"]]
Session ID: c5b1b54478230f0f31ceb011e69efef1]]>
            </message>
            <full-stacktrace>
              <![CDATA[org.openqa.selenium.ElementClickInterceptedException: element click intercepted: Element <div role="button" aria-haspopup="listbox" aria-expanded="false" aria-owns="list-260" class="v-input__slot">...</div> is not clickable at point (1128, 156). Other element would receive the click: <h4>...</h4>
  (Session info: chrome=113.0.5672.127)
Build info: version: '4.9.0', revision: 'd7057100a6'
System info: os.name: 'Windows 10', os.arch: 'amd64', os.version: '10.0', java.version: '17.0.5'
Driver info: org.openqa.selenium.chrome.ChromeDriver
Command: [c5b1b54478230f0f31ceb011e69efef1, clickElement {id=F9EA47C4F5E85D0F335FB14289061B9F_element_15312}]
Capabilities {acceptInsecureCerts: false, browserName: chrome, browserVersion: 113.0.5672.127, chrome: {chromedriverVersion: 113.0.5672.63 (0e1a4471d5ae..., userDataDir: C:\Users\VRUSHA~1\AppData\L...}, goog:chromeOptions: {debuggerAddress: localhost:57687}, networkConnectionEnabled: false, pageLoadStrategy: normal, platformName: WINDOWS, proxy: Proxy(), se:cdp: ws://localhost:57687/devtoo..., se:cdpVersion: 113.0.5672.127, setWindowRect: true, strictFileInteractability: false, timeouts: {implicit: 0, pageLoad: 300000, script: 30000}, unhandledPromptBehavior: dismiss and notify, webauthn:extension:credBlob: true, webauthn:extension:largeBlob: true, webauthn:extension:minPinLength: true, webauthn:extension:prf: true, webauthn:virtualAuthenticators: true}
Element: [[ChromeDriver: chrome on WINDOWS (c5b1b54478230f0f31ceb011e69efef1)] -> xpath: //div[@class="my-6"]//div[@aria-haspopup="listbox"]]
Session ID: c5b1b54478230f0f31ceb011e69efef1
at java.base/jdk.internal.reflect.NativeConstructorAccessorImpl.newInstance0(Native Method)
at java.base/jdk.internal.reflect.NativeConstructorAccessorImpl.newInstance(NativeConstructorAccessorImpl.java:77)
at java.base/jdk.internal.reflect.DelegatingConstructorAccessorImpl.newInstance(DelegatingConstructorAccessorImpl.java:45)
at java.base/java.lang.reflect.Constructor.newInstanceWithCaller(Constructor.java:499)
at java.base/java.lang.reflect.Constructor.newInstance(Constructor.java:480)
at org.openqa.selenium.remote.codec.w3c.W3CHttpResponseCodec.createException(W3CHttpResponseCodec.java:200)
at org.openqa.selenium.remote.codec.w3c.W3CHttpResponseCodec.decode(W3CHttpResponseCodec.java:133)
at org.openqa.selenium.remote.codec.w3c.W3CHttpResponseCodec.decode(W3CHttpResponseCodec.java:53)
at org.openqa.selenium.remote.HttpCommandExecutor.execute(HttpCommandExecutor.java:193)
at org.openqa.selenium.remote.service.DriverCommandExecutor.invokeExecute(DriverCommandExecutor.java:183)
at org.openqa.selenium.remote.service.DriverCommandExecutor.execute(DriverCommandExecutor.java:158)
at org.openqa.selenium.remote.RemoteWebDriver.execute(RemoteWebDriver.java:543)
at org.openqa.selenium.remote.RemoteWebElement.execute(RemoteWebElement.java:257)
at org.openqa.selenium.remote.RemoteWebElement.click(RemoteWebElement.java:78)
at jdk.internal.reflect.GeneratedMethodAccessor86.invoke(Unknown Source)
at java.base/jdk.internal.reflect.DelegatingMethodAccessorImpl.invoke(DelegatingMethodAccessorImpl.java:43)
at java.base/java.lang.reflect.Method.invoke(Method.java:568)
at org.openqa.selenium.support.pagefactory.internal.LocatingElementHandler.invoke(LocatingElementHandler.java:52)
at jdk.proxy2/jdk.proxy2.$Proxy20.click(Unknown Source)
at com.Digitalcodes.utilities.Baseclass.click(Baseclass.java:203)
at com.Digitalcodes.pageobject.TitleLanding_Page.changeVersion(TitleLanding_Page.java:126)
at com.Digitalcodes.testcases.Title_LandingPage_Test.TC06_verifyChangeVersion_ReleatedTitles_Categories(Title_LandingPage_Test.java:107)
at java.base/jdk.internal.reflect.NativeMethodAccessorImpl.invoke0(Native Method)
at java.base/jdk.internal.reflect.NativeMethodAccessorImpl.invoke(NativeMethodAccessorImpl.java:77)
at java.base/jdk.internal.reflect.DelegatingMethodAccessorImpl.invoke(DelegatingMethodAccessorImpl.java:43)
at java.base/java.lang.reflect.Method.invoke(Method.java:568)
at org.testng.internal.MethodInvocationHelper.invokeMethod(MethodInvocationHelper.java:133)
at org.testng.internal.TestInvoker.invokeMethod(TestInvoker.java:598)
at org.testng.internal.TestInvoker.invokeTestMethod(TestInvoker.java:173)
at org.testng.internal.MethodRunner.runInSequence(MethodRunner.java:46)
at org.testng.internal.TestInvoker$MethodInvocationAgent.invoke(TestInvoker.java:824)
at org.testng.internal.TestInvoker.invokeTestMethods(TestInvoker.java:146)
at org.testng.internal.TestMethodWorker.invokeTestMethods(TestMethodWorker.java:146)
at org.testng.internal.TestMethodWorker.run(TestMethodWorker.java:128)
at java.base/java.util.ArrayList.forEach(ArrayList.java:1511)
at org.testng.TestRunner.privateRun(TestRunner.java:794)
at org.testng.TestRunner.run(TestRunner.java:596)
at org.testng.SuiteRunner.runTest(SuiteRunner.java:377)
at org.testng.SuiteRunner.runSequentially(SuiteRunner.java:371)
at org.testng.SuiteRunner.privateRun(SuiteRunner.java:332)
at org.testng.SuiteRunner.run(SuiteRunner.java:276)
at org.testng.SuiteRunnerWorker.runSuite(SuiteRunnerWorker.java:53)
at org.testng.SuiteRunnerWorker.run(SuiteRunnerWorker.java:96)
at org.testng.TestNG.runSuitesSequentially(TestNG.java:1212)
at org.testng.TestNG.runSuitesLocally(TestNG.java:1134)
at org.testng.TestNG.runSuites(TestNG.java:1063)
at org.testng.TestNG.run(TestNG.java:1031)
at org.apache.maven.surefire.testng.TestNGExecutor.run(TestNGExecutor.java:308)
at org.apache.maven.surefire.testng.TestNGXmlTestSuite.execute(TestNGXmlTestSuite.java:71)
at org.apache.maven.surefire.testng.TestNGProvider.invoke(TestNGProvider.java:113)
at org.apache.maven.surefire.booter.ForkedBooter.runSuitesInProcess(ForkedBooter.java:385)
at org.apache.maven.surefire.booter.ForkedBooter.execute(ForkedBooter.java:162)
at org.apache.maven.surefire.booter.ForkedBooter.run(ForkedBooter.java:507)
at org.apache.maven.surefire.booter.ForkedBooter.main(ForkedBooter.java:495)
]]>
            </full-stacktrace>
          </exception> <!-- org.openqa.selenium.ElementClickInterceptedException -->
          <reporter-output>
          </reporter-output>
        </test-method> <!-- TC06_verifyChangeVersion_ReleatedTitles_Categories -->
        <test-method is-config="true" signature="log_result(org.testng.ITestResult)[pri:0, instance:com.Digitalcodes.testcases.Title_LandingPage_Test@4abf3f0]" started-at="2023-06-01T17:38:15 IST" name="log_result" finished-at="2023-06-01T17:38:15 IST" duration-ms="60" status="PASS">
          <params>
            <param index="0">
              <value>
                <![CDATA[[TestResult name=TC06_verifyChangeVersion_ReleatedTitles_Categories status=FAILURE method=Title_LandingPage_Test.TC06_verifyChangeVersion_ReleatedTitles_Categories(java.lang.String,java.lang.String,java.lang.String,java.lang.String)[pri:3, instance:com.Digitalcodes.testcases.Title_LandingPage_Test@4abf3f0] output={null}]]]>
              </value>
            </param>
          </params>
          <reporter-output>
          </reporter-output>
        </test-method> <!-- log_result -->
      </class> <!-- com.Digitalcodes.testcases.Title_LandingPage_Test -->
      <class name="com.Digitalcodes.testcases.Login_Test">
        <test-method is-config="true" signature="beforeSuite(java.lang.String)[pri:0, instance:com.Digitalcodes.testcases.Login_Test@2bfbffb2]" started-at="2023-06-01T17:36:05 IST" name="beforeSuite" finished-at="2023-06-01T17:36:07 IST" duration-ms="1922" status="PASS">
          <params>
            <param index="0">
              <value>
                <![CDATA[Regression]]>
              </value>
            </param>
          </params>
          <reporter-output>
          </reporter-output>
        </test-method> <!-- beforeSuite -->
        <test-method is-config="true" signature="beforeTest(java.lang.String,java.lang.String)[pri:0, instance:com.Digitalcodes.testcases.Login_Test@2bfbffb2]" started-at="2023-06-01T17:36:07 IST" name="beforeTest" finished-at="2023-06-01T17:36:22 IST" duration-ms="15224" status="PASS">
          <params>
            <param index="0">
              <value>
                <![CDATA[chrome]]>
              </value>
            </param>
            <param index="1">
              <value>
                <![CDATA[PREMIUM]]>
              </value>
            </param>
          </params>
          <reporter-output>
          </reporter-output>
        </test-method> <!-- beforeTest -->
        <test-method is-config="true" signature="beforeClass()[pri:0, instance:com.Digitalcodes.testcases.Login_Test@2bfbffb2]" started-at="2023-06-01T17:36:22 IST" name="beforeClass" finished-at="2023-06-01T17:36:22 IST" duration-ms="74" status="PASS">
          <reporter-output>
          </reporter-output>
        </test-method> <!-- beforeClass -->
        <test-method signature="TC01_loginValidData(java.lang.String,java.lang.String,java.lang.String,java.lang.String)[pri:1, instance:com.Digitalcodes.testcases.Login_Test@2bfbffb2]" started-at="2023-06-01T17:36:22 IST" name="TC01_loginValidData" description="User able to Login with valid creditionls" data-provider="Dynamic" finished-at="2023-06-01T17:36:31 IST" duration-ms="8240" status="PASS">
          <params>
            <param index="0">
              <value>
                <![CDATA[complete.user@iccsafe.info]]>
              </value>
            </param>
            <param index="1">
              <value>
                <![CDATA[Digital@123]]>
              </value>
            </param>
            <param index="2">
              <value>
                <![CDATA[Complete User]]>
              </value>
            </param>
            <param index="3">
              <value>
                <![CDATA[Premium Complete]]>
              </value>
            </param>
          </params>
          <reporter-output>
          </reporter-output>
        </test-method> <!-- TC01_loginValidData -->
        <test-method is-config="true" signature="log_result(org.testng.ITestResult)[pri:0, instance:com.Digitalcodes.testcases.Login_Test@2bfbffb2]" started-at="2023-06-01T17:36:31 IST" name="log_result" finished-at="2023-06-01T17:36:32 IST" duration-ms="943" status="PASS">
          <params>
            <param index="0">
              <value>
                <![CDATA[[TestResult name=TC01_loginValidData status=SUCCESS method=Login_Test.TC01_loginValidData(java.lang.String,java.lang.String,java.lang.String,java.lang.String)[pri:1, instance:com.Digitalcodes.testcases.Login_Test@2bfbffb2] output={null}]]]>
              </value>
            </param>
          </params>
          <reporter-output>
          </reporter-output>
        </test-method> <!-- log_result -->
        <test-method signature="TC02_verifyUserInformation(java.lang.String,java.lang.String,java.lang.String,java.lang.String)[pri:0, instance:com.Digitalcodes.testcases.Login_Test@2bfbffb2]" started-at="2023-06-01T17:36:32 IST" name="TC02_verifyUserInformation" description="Verify User able to displyed Subscription type, Name, email " data-provider="Dynamic" finished-at="2023-06-01T17:36:48 IST" depends-on-methods="com.Digitalcodes.testcases.Login_Test.TC01_loginValidData" duration-ms="16375" status="PASS">
          <params>
            <param index="0">
              <value>
                <![CDATA[complete.user@iccsafe.info]]>
              </value>
            </param>
            <param index="1">
              <value>
                <![CDATA[Digital@123]]>
              </value>
            </param>
            <param index="2">
              <value>
                <![CDATA[Complete User]]>
              </value>
            </param>
            <param index="3">
              <value>
                <![CDATA[Premium Complete]]>
              </value>
            </param>
          </params>
          <reporter-output>
          </reporter-output>
        </test-method> <!-- TC02_verifyUserInformation -->
        <test-method is-config="true" signature="log_result(org.testng.ITestResult)[pri:0, instance:com.Digitalcodes.testcases.Login_Test@2bfbffb2]" started-at="2023-06-01T17:36:48 IST" name="log_result" finished-at="2023-06-01T17:36:48 IST" duration-ms="128" status="PASS">
          <params>
            <param index="0">
              <value>
                <![CDATA[[TestResult name=TC02_verifyUserInformation status=SUCCESS method=Login_Test.TC02_verifyUserInformation(java.lang.String,java.lang.String,java.lang.String,java.lang.String)[pri:0, instance:com.Digitalcodes.testcases.Login_Test@2bfbffb2] output={null}]]]>
              </value>
            </param>
          </params>
          <reporter-output>
          </reporter-output>
        </test-method> <!-- log_result -->
        <test-method is-config="true" signature="afterTest()[pri:0, instance:com.Digitalcodes.testcases.Login_Test@2bfbffb2]" started-at="2023-06-01T17:58:04 IST" name="afterTest" finished-at="2023-06-01T17:58:05 IST" duration-ms="649" status="PASS">
          <reporter-output>
          </reporter-output>
        </test-method> <!-- afterTest -->
        <test-method is-config="true" signature="afterSuite()[pri:0, instance:com.Digitalcodes.testcases.Login_Test@2bfbffb2]" started-at="2023-06-01T17:58:06 IST" name="afterSuite" finished-at="2023-06-01T17:58:06 IST" duration-ms="0" status="PASS">
          <reporter-output>
          </reporter-output>
        </test-method> <!-- afterSuite -->
      </class> <!-- com.Digitalcodes.testcases.Login_Test -->
      <class name="com.Digitalcodes.testcases.Title_SectionPage_Test">
        <test-method is-config="true" signature="beforeClass()[pri:0, instance:com.Digitalcodes.testcases.Title_SectionPage_Test@f8f56b9]" started-at="2023-06-01T17:38:15 IST" name="beforeClass" finished-at="2023-06-01T17:38:15 IST" duration-ms="1" status="PASS">
          <reporter-output>
          </reporter-output>
        </test-method> <!-- beforeClass -->
        <test-method is-config="true" signature="beforeClassTitlepage()[pri:0, instance:com.Digitalcodes.testcases.Title_SectionPage_Test@f8f56b9]" started-at="2023-06-01T17:38:15 IST" name="beforeClassTitlepage" finished-at="2023-06-01T17:38:15 IST" duration-ms="18" status="PASS">
          <reporter-output>
          </reporter-output>
        </test-method> <!-- beforeClassTitlepage -->
        <test-method signature="TC08_verifyNavigateToSection_FromTOC(java.lang.String,java.lang.String,java.lang.String,java.lang.String)[pri:1, instance:com.Digitalcodes.testcases.Title_SectionPage_Test@f8f56b9]" started-at="2023-06-01T17:38:15 IST" name="TC08_verifyNavigateToSection_FromTOC" description="Verify user able to naviagate Section from TableOfContent_Page" data-provider="Title" finished-at="2023-06-01T17:38:31 IST" duration-ms="16356" status="PASS">
          <params>
            <param index="0">
              <value>
                <![CDATA[I-Codes]]>
              </value>
            </param>
            <param index="1">
              <value>
                <![CDATA[2021 I-Codes]]>
              </value>
            </param>
            <param index="2">
              <value>
                <![CDATA[2021 International Building Code (IBC)]]>
              </value>
            </param>
            <param index="3">
              <value>
                <![CDATA[CHAPTER 2 DEFINITIONS]]>
              </value>
            </param>
          </params>
          <reporter-output>
          </reporter-output>
        </test-method> <!-- TC08_verifyNavigateToSection_FromTOC -->
        <test-method is-config="true" signature="log_result(org.testng.ITestResult)[pri:0, instance:com.Digitalcodes.testcases.Title_SectionPage_Test@f8f56b9]" started-at="2023-06-01T17:38:31 IST" name="log_result" finished-at="2023-06-01T17:38:31 IST" duration-ms="25" status="PASS">
          <params>
            <param index="0">
              <value>
                <![CDATA[[TestResult name=TC08_verifyNavigateToSection_FromTOC status=SUCCESS method=Title_SectionPage_Test.TC08_verifyNavigateToSection_FromTOC(java.lang.String,java.lang.String,java.lang.String,java.lang.String)[pri:1, instance:com.Digitalcodes.testcases.Title_SectionPage_Test@f8f56b9] output={null}]]]>
              </value>
            </param>
          </params>
          <reporter-output>
          </reporter-output>
        </test-method> <!-- log_result -->
        <test-method signature="TC08_verifyNavigateToSection_FromTOC(java.lang.String,java.lang.String,java.lang.String,java.lang.String)[pri:1, instance:com.Digitalcodes.testcases.Title_SectionPage_Test@f8f56b9]" started-at="2023-06-01T17:38:31 IST" name="TC08_verifyNavigateToSection_FromTOC" description="Verify user able to naviagate Section from TableOfContent_Page" data-provider="Title" finished-at="2023-06-01T17:38:46 IST" duration-ms="14502" status="PASS">
          <params>
            <param index="0">
              <value>
                <![CDATA[Commentaries]]>
              </value>
            </param>
            <param index="1">
              <value>
                <![CDATA[2021 Commentaries]]>
              </value>
            </param>
            <param index="2">
              <value>
                <![CDATA[2021 IBC Code and Commentary Volume 1 (IBC)]]>
              </value>
            </param>
            <param index="3">
              <value>
                <![CDATA[Chapter 3: Occupancy Classification and Use]]>
              </value>
            </param>
          </params>
          <reporter-output>
          </reporter-output>
        </test-method> <!-- TC08_verifyNavigateToSection_FromTOC -->
        <test-method is-config="true" signature="log_result(org.testng.ITestResult)[pri:0, instance:com.Digitalcodes.testcases.Title_SectionPage_Test@f8f56b9]" started-at="2023-06-01T17:38:46 IST" name="log_result" finished-at="2023-06-01T17:38:46 IST" duration-ms="21" status="PASS">
          <params>
            <param index="0">
              <value>
                <![CDATA[[TestResult name=TC08_verifyNavigateToSection_FromTOC status=SUCCESS method=Title_SectionPage_Test.TC08_verifyNavigateToSection_FromTOC(java.lang.String,java.lang.String,java.lang.String,java.lang.String)[pri:1, instance:com.Digitalcodes.testcases.Title_SectionPage_Test@f8f56b9] output={null}]]]>
              </value>
            </param>
          </params>
          <reporter-output>
          </reporter-output>
        </test-method> <!-- log_result -->
        <test-method signature="TC08_verifyNavigateToSection_FromTOC(java.lang.String,java.lang.String,java.lang.String,java.lang.String)[pri:1, instance:com.Digitalcodes.testcases.Title_SectionPage_Test@f8f56b9]" started-at="2023-06-01T17:38:46 IST" name="TC08_verifyNavigateToSection_FromTOC" description="Verify user able to naviagate Section from TableOfContent_Page" data-provider="Title" finished-at="2023-06-01T17:38:58 IST" duration-ms="12224" status="PASS">
          <params>
            <param index="0">
              <value>
                <![CDATA[Publisher]]>
              </value>
            </param>
            <param index="1">
              <value>
                <![CDATA[IAEI]]>
              </value>
            </param>
            <param index="2">
              <value>
                <![CDATA[2023 Analysis of Changes, 2023 NEC]]>
              </value>
            </param>
            <param index="3">
              <value>
                <![CDATA[CHAPTER 2 WIRING AND PROTECTION]]>
              </value>
            </param>
          </params>
          <reporter-output>
          </reporter-output>
        </test-method> <!-- TC08_verifyNavigateToSection_FromTOC -->
        <test-method is-config="true" signature="log_result(org.testng.ITestResult)[pri:0, instance:com.Digitalcodes.testcases.Title_SectionPage_Test@f8f56b9]" started-at="2023-06-01T17:38:58 IST" name="log_result" finished-at="2023-06-01T17:38:58 IST" duration-ms="29" status="PASS">
          <params>
            <param index="0">
              <value>
                <![CDATA[[TestResult name=TC08_verifyNavigateToSection_FromTOC status=SUCCESS method=Title_SectionPage_Test.TC08_verifyNavigateToSection_FromTOC(java.lang.String,java.lang.String,java.lang.String,java.lang.String)[pri:1, instance:com.Digitalcodes.testcases.Title_SectionPage_Test@f8f56b9] output={null}]]]>
              </value>
            </param>
          </params>
          <reporter-output>
          </reporter-output>
        </test-method> <!-- log_result -->
        <test-method signature="TC08_verifyNavigateToSection_FromTOC(java.lang.String,java.lang.String,java.lang.String,java.lang.String)[pri:1, instance:com.Digitalcodes.testcases.Title_SectionPage_Test@f8f56b9]" started-at="2023-06-01T17:38:58 IST" name="TC08_verifyNavigateToSection_FromTOC" description="Verify user able to naviagate Section from TableOfContent_Page" data-provider="Title" finished-at="2023-06-01T17:39:14 IST" duration-ms="15387" status="PASS">
          <params>
            <param index="0">
              <value>
                <![CDATA[Resources]]>
              </value>
            </param>
            <param index="1">
              <value>
                <![CDATA[Energy]]>
              </value>
            </param>
            <param index="2">
              <value>
                <![CDATA[2021 IECC Code and Commentary (IECC)]]>
              </value>
            </param>
            <param index="3">
              <value>
                <![CDATA[Chapter 1 [CE]: Scope and Administration]]>
              </value>
            </param>
          </params>
          <reporter-output>
          </reporter-output>
        </test-method> <!-- TC08_verifyNavigateToSection_FromTOC -->
        <test-method is-config="true" signature="log_result(org.testng.ITestResult)[pri:0, instance:com.Digitalcodes.testcases.Title_SectionPage_Test@f8f56b9]" started-at="2023-06-01T17:39:14 IST" name="log_result" finished-at="2023-06-01T17:39:14 IST" duration-ms="24" status="PASS">
          <params>
            <param index="0">
              <value>
                <![CDATA[[TestResult name=TC08_verifyNavigateToSection_FromTOC status=SUCCESS method=Title_SectionPage_Test.TC08_verifyNavigateToSection_FromTOC(java.lang.String,java.lang.String,java.lang.String,java.lang.String)[pri:1, instance:com.Digitalcodes.testcases.Title_SectionPage_Test@f8f56b9] output={null}]]]>
              </value>
            </param>
          </params>
          <reporter-output>
          </reporter-output>
        </test-method> <!-- log_result -->
        <test-method signature="TC08_verifyNavigateToSection_FromTOC(java.lang.String,java.lang.String,java.lang.String,java.lang.String)[pri:1, instance:com.Digitalcodes.testcases.Title_SectionPage_Test@f8f56b9]" started-at="2023-06-01T17:39:14 IST" name="TC08_verifyNavigateToSection_FromTOC" description="Verify user able to naviagate Section from TableOfContent_Page" data-provider="Title" finished-at="2023-06-01T17:39:27 IST" duration-ms="13504" status="PASS">
          <params>
            <param index="0">
              <value>
                <![CDATA[Standards]]>
              </value>
            </param>
            <param index="1">
              <value>
                <![CDATA[AFSI Standards]]>
              </value>
            </param>
            <param index="2">
              <value>
                <![CDATA[1997 ASI-77 Air Structures Design and Standards Manual]]>
              </value>
            </param>
            <param index="3">
              <value>
                <![CDATA[SECTION B GUIDE SPECIFICATIONS FOR AIR SUPPORTED STRUCTURES]]>
              </value>
            </param>
          </params>
          <reporter-output>
          </reporter-output>
        </test-method> <!-- TC08_verifyNavigateToSection_FromTOC -->
        <test-method is-config="true" signature="log_result(org.testng.ITestResult)[pri:0, instance:com.Digitalcodes.testcases.Title_SectionPage_Test@f8f56b9]" started-at="2023-06-01T17:39:27 IST" name="log_result" finished-at="2023-06-01T17:39:27 IST" duration-ms="82" status="PASS">
          <params>
            <param index="0">
              <value>
                <![CDATA[[TestResult name=TC08_verifyNavigateToSection_FromTOC status=SUCCESS method=Title_SectionPage_Test.TC08_verifyNavigateToSection_FromTOC(java.lang.String,java.lang.String,java.lang.String,java.lang.String)[pri:1, instance:com.Digitalcodes.testcases.Title_SectionPage_Test@f8f56b9] output={null}]]]>
              </value>
            </param>
          </params>
          <reporter-output>
          </reporter-output>
        </test-method> <!-- log_result -->
        <test-method signature="TC08_verifyNavigateToSection_FromTOC(java.lang.String,java.lang.String,java.lang.String,java.lang.String)[pri:1, instance:com.Digitalcodes.testcases.Title_SectionPage_Test@f8f56b9]" started-at="2023-06-01T17:39:27 IST" name="TC08_verifyNavigateToSection_FromTOC" description="Verify user able to naviagate Section from TableOfContent_Page" data-provider="Title" finished-at="2023-06-01T17:39:42 IST" duration-ms="14679" status="PASS">
          <params>
            <param index="0">
              <value>
                <![CDATA[Topics]]>
              </value>
            </param>
            <param index="1">
              <value>
                <![CDATA[Fire]]>
              </value>
            </param>
            <param index="2">
              <value>
                <![CDATA[2019 California Fire Code Amendments Handbook]]>
              </value>
            </param>
            <param index="3">
              <value>
                <![CDATA[DIVISION II ADMINISTRATION]]>
              </value>
            </param>
          </params>
          <reporter-output>
          </reporter-output>
        </test-method> <!-- TC08_verifyNavigateToSection_FromTOC -->
        <test-method is-config="true" signature="log_result(org.testng.ITestResult)[pri:0, instance:com.Digitalcodes.testcases.Title_SectionPage_Test@f8f56b9]" started-at="2023-06-01T17:39:42 IST" name="log_result" finished-at="2023-06-01T17:39:42 IST" duration-ms="22" status="PASS">
          <params>
            <param index="0">
              <value>
                <![CDATA[[TestResult name=TC08_verifyNavigateToSection_FromTOC status=SUCCESS method=Title_SectionPage_Test.TC08_verifyNavigateToSection_FromTOC(java.lang.String,java.lang.String,java.lang.String,java.lang.String)[pri:1, instance:com.Digitalcodes.testcases.Title_SectionPage_Test@f8f56b9] output={null}]]]>
              </value>
            </param>
          </params>
          <reporter-output>
          </reporter-output>
        </test-method> <!-- log_result -->
        <test-method signature="TC08_verifyNavigateToSection_FromTOC(java.lang.String,java.lang.String,java.lang.String,java.lang.String)[pri:1, instance:com.Digitalcodes.testcases.Title_SectionPage_Test@f8f56b9]" started-at="2023-06-01T17:39:42 IST" name="TC08_verifyNavigateToSection_FromTOC" description="Verify user able to naviagate Section from TableOfContent_Page" data-provider="Title" finished-at="2023-06-01T17:39:55 IST" duration-ms="12562" status="PASS">
          <params>
            <param index="0">
              <value>
                <![CDATA[Locations]]>
              </value>
            </param>
            <param index="1">
              <value>
                <![CDATA[Delaware]]>
              </value>
            </param>
            <param index="2">
              <value>
                <![CDATA[2015 International Fuel Gas Code (IFGC)]]>
              </value>
            </param>
            <param index="3">
              <value>
                <![CDATA[CHAPTER 3 GENERAL REGULATIONS]]>
              </value>
            </param>
          </params>
          <reporter-output>
          </reporter-output>
        </test-method> <!-- TC08_verifyNavigateToSection_FromTOC -->
        <test-method is-config="true" signature="log_result(org.testng.ITestResult)[pri:0, instance:com.Digitalcodes.testcases.Title_SectionPage_Test@f8f56b9]" started-at="2023-06-01T17:39:55 IST" name="log_result" finished-at="2023-06-01T17:39:55 IST" duration-ms="23" status="PASS">
          <params>
            <param index="0">
              <value>
                <![CDATA[[TestResult name=TC08_verifyNavigateToSection_FromTOC status=SUCCESS method=Title_SectionPage_Test.TC08_verifyNavigateToSection_FromTOC(java.lang.String,java.lang.String,java.lang.String,java.lang.String)[pri:1, instance:com.Digitalcodes.testcases.Title_SectionPage_Test@f8f56b9] output={null}]]]>
              </value>
            </param>
          </params>
          <reporter-output>
          </reporter-output>
        </test-method> <!-- log_result -->
        <test-method signature="TC09_verifyCreateNotes_atSection(java.lang.String,java.lang.String,java.lang.String,java.lang.String)[pri:2, instance:com.Digitalcodes.testcases.Title_SectionPage_Test@f8f56b9]" started-at="2023-06-01T17:39:55 IST" name="TC09_verifyCreateNotes_atSection" description="Verify user able to create notes at section" data-provider="Title" finished-at="2023-06-01T17:40:23 IST" duration-ms="28395" status="PASS">
          <params>
            <param index="0">
              <value>
                <![CDATA[I-Codes]]>
              </value>
            </param>
            <param index="1">
              <value>
                <![CDATA[2021 I-Codes]]>
              </value>
            </param>
            <param index="2">
              <value>
                <![CDATA[2021 International Building Code (IBC)]]>
              </value>
            </param>
            <param index="3">
              <value>
                <![CDATA[CHAPTER 2 DEFINITIONS]]>
              </value>
            </param>
          </params>
          <reporter-output>
          </reporter-output>
        </test-method> <!-- TC09_verifyCreateNotes_atSection -->
        <test-method is-config="true" signature="log_result(org.testng.ITestResult)[pri:0, instance:com.Digitalcodes.testcases.Title_SectionPage_Test@f8f56b9]" started-at="2023-06-01T17:40:23 IST" name="log_result" finished-at="2023-06-01T17:40:23 IST" duration-ms="57" status="PASS">
          <params>
            <param index="0">
              <value>
                <![CDATA[[TestResult name=TC09_verifyCreateNotes_atSection status=SUCCESS method=Title_SectionPage_Test.TC09_verifyCreateNotes_atSection(java.lang.String,java.lang.String,java.lang.String,java.lang.String)[pri:2, instance:com.Digitalcodes.testcases.Title_SectionPage_Test@f8f56b9] output={null}]]]>
              </value>
            </param>
          </params>
          <reporter-output>
          </reporter-output>
        </test-method> <!-- log_result -->
        <test-method signature="TC09_verifyCreateNotes_atSection(java.lang.String,java.lang.String,java.lang.String,java.lang.String)[pri:2, instance:com.Digitalcodes.testcases.Title_SectionPage_Test@f8f56b9]" started-at="2023-06-01T17:40:23 IST" name="TC09_verifyCreateNotes_atSection" description="Verify user able to create notes at section" data-provider="Title" finished-at="2023-06-01T17:40:49 IST" duration-ms="25631" status="PASS">
          <params>
            <param index="0">
              <value>
                <![CDATA[Commentaries]]>
              </value>
            </param>
            <param index="1">
              <value>
                <![CDATA[2021 Commentaries]]>
              </value>
            </param>
            <param index="2">
              <value>
                <![CDATA[2021 IBC Code and Commentary Volume 1 (IBC)]]>
              </value>
            </param>
            <param index="3">
              <value>
                <![CDATA[Chapter 3: Occupancy Classification and Use]]>
              </value>
            </param>
          </params>
          <reporter-output>
          </reporter-output>
        </test-method> <!-- TC09_verifyCreateNotes_atSection -->
        <test-method is-config="true" signature="log_result(org.testng.ITestResult)[pri:0, instance:com.Digitalcodes.testcases.Title_SectionPage_Test@f8f56b9]" started-at="2023-06-01T17:40:49 IST" name="log_result" finished-at="2023-06-01T17:40:49 IST" duration-ms="37" status="PASS">
          <params>
            <param index="0">
              <value>
                <![CDATA[[TestResult name=TC09_verifyCreateNotes_atSection status=SUCCESS method=Title_SectionPage_Test.TC09_verifyCreateNotes_atSection(java.lang.String,java.lang.String,java.lang.String,java.lang.String)[pri:2, instance:com.Digitalcodes.testcases.Title_SectionPage_Test@f8f56b9] output={null}]]]>
              </value>
            </param>
          </params>
          <reporter-output>
          </reporter-output>
        </test-method> <!-- log_result -->
        <test-method signature="TC09_verifyCreateNotes_atSection(java.lang.String,java.lang.String,java.lang.String,java.lang.String)[pri:2, instance:com.Digitalcodes.testcases.Title_SectionPage_Test@f8f56b9]" started-at="2023-06-01T17:40:49 IST" name="TC09_verifyCreateNotes_atSection" description="Verify user able to create notes at section" data-provider="Title" finished-at="2023-06-01T17:41:14 IST" duration-ms="24978" status="PASS">
          <params>
            <param index="0">
              <value>
                <![CDATA[Publisher]]>
              </value>
            </param>
            <param index="1">
              <value>
                <![CDATA[IAEI]]>
              </value>
            </param>
            <param index="2">
              <value>
                <![CDATA[2023 Analysis of Changes, 2023 NEC]]>
              </value>
            </param>
            <param index="3">
              <value>
                <![CDATA[CHAPTER 2 WIRING AND PROTECTION]]>
              </value>
            </param>
          </params>
          <reporter-output>
          </reporter-output>
        </test-method> <!-- TC09_verifyCreateNotes_atSection -->
        <test-method is-config="true" signature="log_result(org.testng.ITestResult)[pri:0, instance:com.Digitalcodes.testcases.Title_SectionPage_Test@f8f56b9]" started-at="2023-06-01T17:41:14 IST" name="log_result" finished-at="2023-06-01T17:41:14 IST" duration-ms="36" status="PASS">
          <params>
            <param index="0">
              <value>
                <![CDATA[[TestResult name=TC09_verifyCreateNotes_atSection status=SUCCESS method=Title_SectionPage_Test.TC09_verifyCreateNotes_atSection(java.lang.String,java.lang.String,java.lang.String,java.lang.String)[pri:2, instance:com.Digitalcodes.testcases.Title_SectionPage_Test@f8f56b9] output={null}]]]>
              </value>
            </param>
          </params>
          <reporter-output>
          </reporter-output>
        </test-method> <!-- log_result -->
        <test-method signature="TC09_verifyCreateNotes_atSection(java.lang.String,java.lang.String,java.lang.String,java.lang.String)[pri:2, instance:com.Digitalcodes.testcases.Title_SectionPage_Test@f8f56b9]" started-at="2023-06-01T17:41:14 IST" name="TC09_verifyCreateNotes_atSection" description="Verify user able to create notes at section" data-provider="Title" finished-at="2023-06-01T17:41:40 IST" duration-ms="25886" status="PASS">
          <params>
            <param index="0">
              <value>
                <![CDATA[Resources]]>
              </value>
            </param>
            <param index="1">
              <value>
                <![CDATA[Energy]]>
              </value>
            </param>
            <param index="2">
              <value>
                <![CDATA[2021 IECC Code and Commentary (IECC)]]>
              </value>
            </param>
            <param index="3">
              <value>
                <![CDATA[Chapter 1 [CE]: Scope and Administration]]>
              </value>
            </param>
          </params>
          <reporter-output>
          </reporter-output>
        </test-method> <!-- TC09_verifyCreateNotes_atSection -->
        <test-method is-config="true" signature="log_result(org.testng.ITestResult)[pri:0, instance:com.Digitalcodes.testcases.Title_SectionPage_Test@f8f56b9]" started-at="2023-06-01T17:41:40 IST" name="log_result" finished-at="2023-06-01T17:41:40 IST" duration-ms="44" status="PASS">
          <params>
            <param index="0">
              <value>
                <![CDATA[[TestResult name=TC09_verifyCreateNotes_atSection status=SUCCESS method=Title_SectionPage_Test.TC09_verifyCreateNotes_atSection(java.lang.String,java.lang.String,java.lang.String,java.lang.String)[pri:2, instance:com.Digitalcodes.testcases.Title_SectionPage_Test@f8f56b9] output={null}]]]>
              </value>
            </param>
          </params>
          <reporter-output>
          </reporter-output>
        </test-method> <!-- log_result -->
        <test-method signature="TC09_verifyCreateNotes_atSection(java.lang.String,java.lang.String,java.lang.String,java.lang.String)[pri:2, instance:com.Digitalcodes.testcases.Title_SectionPage_Test@f8f56b9]" started-at="2023-06-01T17:41:40 IST" name="TC09_verifyCreateNotes_atSection" description="Verify user able to create notes at section" data-provider="Title" finished-at="2023-06-01T17:42:05 IST" duration-ms="24836" status="PASS">
          <params>
            <param index="0">
              <value>
                <![CDATA[Standards]]>
              </value>
            </param>
            <param index="1">
              <value>
                <![CDATA[AFSI Standards]]>
              </value>
            </param>
            <param index="2">
              <value>
                <![CDATA[1997 ASI-77 Air Structures Design and Standards Manual]]>
              </value>
            </param>
            <param index="3">
              <value>
                <![CDATA[SECTION B GUIDE SPECIFICATIONS FOR AIR SUPPORTED STRUCTURES]]>
              </value>
            </param>
          </params>
          <reporter-output>
          </reporter-output>
        </test-method> <!-- TC09_verifyCreateNotes_atSection -->
        <test-method is-config="true" signature="log_result(org.testng.ITestResult)[pri:0, instance:com.Digitalcodes.testcases.Title_SectionPage_Test@f8f56b9]" started-at="2023-06-01T17:42:05 IST" name="log_result" finished-at="2023-06-01T17:42:05 IST" duration-ms="64" status="PASS">
          <params>
            <param index="0">
              <value>
                <![CDATA[[TestResult name=TC09_verifyCreateNotes_atSection status=SUCCESS method=Title_SectionPage_Test.TC09_verifyCreateNotes_atSection(java.lang.String,java.lang.String,java.lang.String,java.lang.String)[pri:2, instance:com.Digitalcodes.testcases.Title_SectionPage_Test@f8f56b9] output={null}]]]>
              </value>
            </param>
          </params>
          <reporter-output>
          </reporter-output>
        </test-method> <!-- log_result -->
        <test-method signature="TC09_verifyCreateNotes_atSection(java.lang.String,java.lang.String,java.lang.String,java.lang.String)[pri:2, instance:com.Digitalcodes.testcases.Title_SectionPage_Test@f8f56b9]" started-at="2023-06-01T17:42:05 IST" name="TC09_verifyCreateNotes_atSection" description="Verify user able to create notes at section" data-provider="Title" finished-at="2023-06-01T17:44:11 IST" duration-ms="126291" status="FAIL">
          <params>
            <param index="0">
              <value>
                <![CDATA[Topics]]>
              </value>
            </param>
            <param index="1">
              <value>
                <![CDATA[Fire]]>
              </value>
            </param>
            <param index="2">
              <value>
                <![CDATA[2019 California Fire Code Amendments Handbook]]>
              </value>
            </param>
            <param index="3">
              <value>
                <![CDATA[DIVISION II ADMINISTRATION]]>
              </value>
            </param>
          </params>
          <exception class="org.openqa.selenium.TimeoutException">
            <message>
              <![CDATA[Expected condition failed: waiting for visibility of [[ChromeDriver: chrome on WINDOWS (c5b1b54478230f0f31ceb011e69efef1)] -> xpath: //div[contains(@id,"list-item-")]] (tried for 90 second(s) with 500 milliseconds interval)
Build info: version: '4.9.0', revision: 'd7057100a6'
System info: os.name: 'Windows 10', os.arch: 'amd64', os.version: '10.0', java.version: '17.0.5'
Driver info: org.openqa.selenium.chrome.ChromeDriver
Capabilities {acceptInsecureCerts: false, browserName: chrome, browserVersion: 113.0.5672.127, chrome: {chromedriverVersion: 113.0.5672.63 (0e1a4471d5ae..., userDataDir: C:\Users\VRUSHA~1\AppData\L...}, goog:chromeOptions: {debuggerAddress: localhost:57687}, networkConnectionEnabled: false, pageLoadStrategy: normal, platformName: WINDOWS, proxy: Proxy(), se:cdp: ws://localhost:57687/devtoo..., se:cdpVersion: 113.0.5672.127, setWindowRect: true, strictFileInteractability: false, timeouts: {implicit: 0, pageLoad: 300000, script: 30000}, unhandledPromptBehavior: dismiss and notify, webauthn:extension:credBlob: true, webauthn:extension:largeBlob: true, webauthn:extension:minPinLength: true, webauthn:extension:prf: true, webauthn:virtualAuthenticators: true}
Session ID: c5b1b54478230f0f31ceb011e69efef1]]>
            </message>
            <full-stacktrace>
              <![CDATA[org.openqa.selenium.TimeoutException: Expected condition failed: waiting for visibility of [[ChromeDriver: chrome on WINDOWS (c5b1b54478230f0f31ceb011e69efef1)] -> xpath: //div[contains(@id,"list-item-")]] (tried for 90 second(s) with 500 milliseconds interval)
Build info: version: '4.9.0', revision: 'd7057100a6'
System info: os.name: 'Windows 10', os.arch: 'amd64', os.version: '10.0', java.version: '17.0.5'
Driver info: org.openqa.selenium.chrome.ChromeDriver
Capabilities {acceptInsecureCerts: false, browserName: chrome, browserVersion: 113.0.5672.127, chrome: {chromedriverVersion: 113.0.5672.63 (0e1a4471d5ae..., userDataDir: C:\Users\VRUSHA~1\AppData\L...}, goog:chromeOptions: {debuggerAddress: localhost:57687}, networkConnectionEnabled: false, pageLoadStrategy: normal, platformName: WINDOWS, proxy: Proxy(), se:cdp: ws://localhost:57687/devtoo..., se:cdpVersion: 113.0.5672.127, setWindowRect: true, strictFileInteractability: false, timeouts: {implicit: 0, pageLoad: 300000, script: 30000}, unhandledPromptBehavior: dismiss and notify, webauthn:extension:credBlob: true, webauthn:extension:largeBlob: true, webauthn:extension:minPinLength: true, webauthn:extension:prf: true, webauthn:virtualAuthenticators: true}
Session ID: c5b1b54478230f0f31ceb011e69efef1
at org.openqa.selenium.support.ui.WebDriverWait.timeoutException(WebDriverWait.java:87)
at org.openqa.selenium.support.ui.FluentWait.until(FluentWait.java:231)
at com.Digitalcodes.utilities.Baseclass.getText(Baseclass.java:214)
at com.Digitalcodes.pageobject.TitleSection_Page.selectTag(TitleSection_Page.java:322)
at com.Digitalcodes.testcases.Title_SectionPage_Test.TC09_verifyCreateNotes_atSection(Title_SectionPage_Test.java:78)
at java.base/jdk.internal.reflect.NativeMethodAccessorImpl.invoke0(Native Method)
at java.base/jdk.internal.reflect.NativeMethodAccessorImpl.invoke(NativeMethodAccessorImpl.java:77)
at java.base/jdk.internal.reflect.DelegatingMethodAccessorImpl.invoke(DelegatingMethodAccessorImpl.java:43)
at java.base/java.lang.reflect.Method.invoke(Method.java:568)
at org.testng.internal.MethodInvocationHelper.invokeMethod(MethodInvocationHelper.java:133)
at org.testng.internal.TestInvoker.invokeMethod(TestInvoker.java:598)
at org.testng.internal.TestInvoker.invokeTestMethod(TestInvoker.java:173)
at org.testng.internal.MethodRunner.runInSequence(MethodRunner.java:46)
at org.testng.internal.TestInvoker$MethodInvocationAgent.invoke(TestInvoker.java:824)
at org.testng.internal.TestInvoker.invokeTestMethods(TestInvoker.java:146)
at org.testng.internal.TestMethodWorker.invokeTestMethods(TestMethodWorker.java:146)
at org.testng.internal.TestMethodWorker.run(TestMethodWorker.java:128)
at java.base/java.util.ArrayList.forEach(ArrayList.java:1511)
at org.testng.TestRunner.privateRun(TestRunner.java:794)
at org.testng.TestRunner.run(TestRunner.java:596)
at org.testng.SuiteRunner.runTest(SuiteRunner.java:377)
at org.testng.SuiteRunner.runSequentially(SuiteRunner.java:371)
at org.testng.SuiteRunner.privateRun(SuiteRunner.java:332)
at org.testng.SuiteRunner.run(SuiteRunner.java:276)
at org.testng.SuiteRunnerWorker.runSuite(SuiteRunnerWorker.java:53)
at org.testng.SuiteRunnerWorker.run(SuiteRunnerWorker.java:96)
at org.testng.TestNG.runSuitesSequentially(TestNG.java:1212)
at org.testng.TestNG.runSuitesLocally(TestNG.java:1134)
at org.testng.TestNG.runSuites(TestNG.java:1063)
at org.testng.TestNG.run(TestNG.java:1031)
at org.apache.maven.surefire.testng.TestNGExecutor.run(TestNGExecutor.java:308)
at org.apache.maven.surefire.testng.TestNGXmlTestSuite.execute(TestNGXmlTestSuite.java:71)
at org.apache.maven.surefire.testng.TestNGProvider.invoke(TestNGProvider.java:113)
at org.apache.maven.surefire.booter.ForkedBooter.runSuitesInProcess(ForkedBooter.java:385)
at org.apache.maven.surefire.booter.ForkedBooter.execute(ForkedBooter.java:162)
at org.apache.maven.surefire.booter.ForkedBooter.run(ForkedBooter.java:507)
at org.apache.maven.surefire.booter.ForkedBooter.main(ForkedBooter.java:495)
]]>
            </full-stacktrace>
          </exception> <!-- org.openqa.selenium.TimeoutException -->
          <reporter-output>
          </reporter-output>
        </test-method> <!-- TC09_verifyCreateNotes_atSection -->
[...]
          <params>
            <param index="0">
              <value>
                <![CDATA[[TestResult name=TC25_verifyCreateBookmark_atChildSubsection status=SUCCESS method=Title_SectionPage_Test.TC25_verifyCreateBookmark_atChildSubsection(java.lang.String,java.lang.String,java.lang.String,java.lang.String)[pri:15, instance:com.Digitalcodes.testcases.Title_SectionPage_Test@f8f56b9] output={null}]]]>
              </value>
            </param>
          </params>
          <reporter-output>
          </reporter-output>
        </test-method> <!-- log_result -->
        <test-method signature="TC26_verifyShareSection_atChildSubsection(java.lang.String,java.lang.String,java.lang.String,java.lang.String)[pri:16, instance:com.Digitalcodes.testcases.Title_SectionPage_Test@f8f56b9]" started-at="2023-06-01T17:54:58 IST" name="TC26_verifyShareSection_atChildSubsection" description="Verify user able to share section at ChildSub-Section" data-provider="SingleTitle" finished-at="2023-06-01T17:55:18 IST" duration-ms="19844" status="PASS">
          <params>
            <param index="0">
              <value>
                <![CDATA[I-Codes]]>
              </value>
            </param>
            <param index="1">
              <value>
                <![CDATA[2021 I-Codes]]>
              </value>
            </param>
            <param index="2">
              <value>
                <![CDATA[2021 International Building Code (IBC)]]>
              </value>
            </param>
            <param index="3">
              <value>
                <![CDATA[CHAPTER 2 DEFINITIONS]]>
              </value>
            </param>
          </params>
          <reporter-output>
          </reporter-output>
        </test-method> <!-- TC26_verifyShareSection_atChildSubsection -->
        <test-method is-config="true" signature="log_result(org.testng.ITestResult)[pri:0, instance:com.Digitalcodes.testcases.Title_SectionPage_Test@f8f56b9]" started-at="2023-06-01T17:55:18 IST" name="log_result" finished-at="2023-06-01T17:55:18 IST" duration-ms="21" status="PASS">
          <params>
            <param index="0">
              <value>
                <![CDATA[[TestResult name=TC26_verifyShareSection_atChildSubsection status=SUCCESS method=Title_SectionPage_Test.TC26_verifyShareSection_atChildSubsection(java.lang.String,java.lang.String,java.lang.String,java.lang.String)[pri:16, instance:com.Digitalcodes.testcases.Title_SectionPage_Test@f8f56b9] output={null}]]]>
              </value>
            </param>
          </params>
          <reporter-output>
          </reporter-output>
        </test-method> <!-- log_result -->
        <test-method signature="TC27_verifyPrintSection_FromChildSubSection()[pri:17, instance:com.Digitalcodes.testcases.Title_SectionPage_Test@f8f56b9]" started-at="2023-06-01T17:55:18 IST" name="TC27_verifyPrintSection_FromChildSubSection" description="Verify user able to Print SubSection" finished-at="2023-06-01T17:55:21 IST" duration-ms="3455" status="PASS">
          <reporter-output>
          </reporter-output>
        </test-method> <!-- TC27_verifyPrintSection_FromChildSubSection -->
        <test-method is-config="true" signature="log_result(org.testng.ITestResult)[pri:0, instance:com.Digitalcodes.testcases.Title_SectionPage_Test@f8f56b9]" started-at="2023-06-01T17:55:21 IST" name="log_result" finished-at="2023-06-01T17:55:21 IST" duration-ms="22" status="PASS">
          <params>
            <param index="0">
              <value>
                <![CDATA[[TestResult name=TC27_verifyPrintSection_FromChildSubSection status=SUCCESS method=Title_SectionPage_Test.TC27_verifyPrintSection_FromChildSubSection()[pri:17, instance:com.Digitalcodes.testcases.Title_SectionPage_Test@f8f56b9] output={null}]]]>
              </value>
            </param>
          </params>
          <reporter-output>
          </reporter-output>
        </test-method> <!-- log_result -->
      </class> <!-- com.Digitalcodes.testcases.Title_SectionPage_Test -->
      <class name="com.Digitalcodes.testcases.Title_Collection_Test">
        <test-method is-config="true" signature="beforeClass()[pri:0, instance:com.Digitalcodes.testcases.Title_Collection_Test@15fa55a6]" started-at="2023-06-01T17:55:21 IST" name="beforeClass" finished-at="2023-06-01T17:55:21 IST" duration-ms="1" status="PASS">
          <reporter-output>
          </reporter-output>
        </test-method> <!-- beforeClass -->
        <test-method is-config="true" signature="beforeclassCollection()[pri:0, instance:com.Digitalcodes.testcases.Title_Collection_Test@15fa55a6]" started-at="2023-06-01T17:55:21 IST" name="beforeclassCollection" finished-at="2023-06-01T17:55:21 IST" duration-ms="6" status="PASS">
          <reporter-output>
          </reporter-output>
        </test-method> <!-- beforeclassCollection -->
        <test-method signature="TC29_verifySection_collectionTitles(java.lang.String,java.lang.String,java.lang.String,java.lang.String)[pri:2, instance:com.Digitalcodes.testcases.Title_Collection_Test@15fa55a6]" started-at="2023-06-01T17:55:21 IST" name="TC29_verifySection_collectionTitles" description="Verify user able to navigate to Section on Collection title" data-provider="collection" finished-at="2023-06-01T17:55:43 IST" duration-ms="21237" status="PASS">
          <params>
            <param index="0">
              <value>
                <![CDATA[Collections]]>
              </value>
            </param>
            <param index="1">
              <value>
                <![CDATA[Premium Complete]]>
              </value>
            </param>
            <param index="2">
              <value>
                <![CDATA[2023 Analysis of Changes, 2023 NEC]]>
              </value>
            </param>
            <param index="3">
              <value>
                <![CDATA[CHAPTER 1 GENERAL]]>
              </value>
            </param>
          </params>
          <reporter-output>
          </reporter-output>
        </test-method> <!-- TC29_verifySection_collectionTitles -->
        <test-method is-config="true" signature="afterMethod_Collection()[pri:0, instance:com.Digitalcodes.testcases.Title_Collection_Test@15fa55a6]" started-at="2023-06-01T17:55:43 IST" name="afterMethod_Collection" finished-at="2023-06-01T17:55:43 IST" duration-ms="75" status="PASS">
          <reporter-output>
          </reporter-output>
        </test-method> <!-- afterMethod_Collection -->
        <test-method is-config="true" signature="log_result(org.testng.ITestResult)[pri:0, instance:com.Digitalcodes.testcases.Title_Collection_Test@15fa55a6]" started-at="2023-06-01T17:55:43 IST" name="log_result" finished-at="2023-06-01T17:55:43 IST" duration-ms="43" status="PASS">
          <params>
            <param index="0">
              <value>
                <![CDATA[[TestResult name=TC29_verifySection_collectionTitles status=SUCCESS method=Title_Collection_Test.TC29_verifySection_collectionTitles(java.lang.String,java.lang.String,java.lang.String,java.lang.String)[pri:2, instance:com.Digitalcodes.testcases.Title_Collection_Test@15fa55a6] output={null}]]]>
              </value>
            </param>
          </params>
          <reporter-output>
          </reporter-output>
        </test-method> <!-- log_result -->
        <test-method signature="TC29_verifySection_collectionTitles(java.lang.String,java.lang.String,java.lang.String,java.lang.String)[pri:2, instance:com.Digitalcodes.testcases.Title_Collection_Test@15fa55a6]" started-at="2023-06-01T17:55:43 IST" name="TC29_verifySection_collectionTitles" description="Verify user able to navigate to Section on Collection title" data-provider="collection" finished-at="2023-06-01T17:56:04 IST" duration-ms="21186" status="PASS">
          <params>
            <param index="0">
              <value>
                <![CDATA[Collections]]>
              </value>
            </param>
            <param index="1">
              <value>
                <![CDATA[2023 Energy Collection]]>
              </value>
            </param>
            <param index="2">
              <value>
                <![CDATA[2021 CFR Part 3285 Model Manufactured Home Installation Standards]]>
              </value>
            </param>
            <param index="3">
              <value>
                <![CDATA[Subpart C— Site Preparation]]>
              </value>
            </param>
          </params>
          <reporter-output>
          </reporter-output>
        </test-method> <!-- TC29_verifySection_collectionTitles -->
        <test-method is-config="true" signature="afterMethod_Collection()[pri:0, instance:com.Digitalcodes.testcases.Title_Collection_Test@15fa55a6]" started-at="2023-06-01T17:56:04 IST" name="afterMethod_Collection" finished-at="2023-06-01T17:56:04 IST" duration-ms="72" status="PASS">
          <reporter-output>
          </reporter-output>
        </test-method> <!-- afterMethod_Collection -->
        <test-method is-config="true" signature="log_result(org.testng.ITestResult)[pri:0, instance:com.Digitalcodes.testcases.Title_Collection_Test@15fa55a6]" started-at="2023-06-01T17:56:04 IST" name="log_result" finished-at="2023-06-01T17:56:04 IST" duration-ms="53" status="PASS">
          <params>
            <param index="0">
              <value>
                <![CDATA[[TestResult name=TC29_verifySection_collectionTitles status=SUCCESS method=Title_Collection_Test.TC29_verifySection_collectionTitles(java.lang.String,java.lang.String,java.lang.String,java.lang.String)[pri:2, instance:com.Digitalcodes.testcases.Title_Collection_Test@15fa55a6] output={null}]]]>
              </value>
            </param>
          </params>
          <reporter-output>
          </reporter-output>
        </test-method> <!-- log_result -->
        <test-method signature="TC30_verifyCreateNotes_collectionTitles(java.lang.String,java.lang.String,java.lang.String,java.lang.String)[pri:3, instance:com.Digitalcodes.testcases.Title_Collection_Test@15fa55a6]" started-at="2023-06-01T17:56:04 IST" name="TC30_verifyCreateNotes_collectionTitles" description="Verify user able to create Notes on Collection titles" data-provider="Premium Complete" finished-at="2023-06-01T17:56:39 IST" duration-ms="34598" status="PASS">
          <params>
            <param index="0">
              <value>
                <![CDATA[Collections]]>
              </value>
            </param>
            <param index="1">
              <value>
                <![CDATA[Premium Complete]]>
              </value>
            </param>
            <param index="2">
              <value>
                <![CDATA[2023 Analysis of Changes, 2023 NEC]]>
              </value>
            </param>
            <param index="3">
              <value>
                <![CDATA[CHAPTER 1 GENERAL]]>
              </value>
            </param>
          </params>
          <reporter-output>
          </reporter-output>
        </test-method> <!-- TC30_verifyCreateNotes_collectionTitles -->
        <test-method is-config="true" signature="afterMethod_Collection()[pri:0, instance:com.Digitalcodes.testcases.Title_Collection_Test@15fa55a6]" started-at="2023-06-01T17:56:39 IST" name="afterMethod_Collection" finished-at="2023-06-01T17:56:39 IST" duration-ms="129" status="PASS">
          <reporter-output>
          </reporter-output>
        </test-method> <!-- afterMethod_Collection -->
        <test-method is-config="true" signature="log_result(org.testng.ITestResult)[pri:0, instance:com.Digitalcodes.testcases.Title_Collection_Test@15fa55a6]" started-at="2023-06-01T17:56:39 IST" name="log_result" finished-at="2023-06-01T17:56:39 IST" duration-ms="58" status="PASS">
          <params>
            <param index="0">
              <value>
                <![CDATA[[TestResult name=TC30_verifyCreateNotes_collectionTitles status=SUCCESS method=Title_Collection_Test.TC30_verifyCreateNotes_collectionTitles(java.lang.String,java.lang.String,java.lang.String,java.lang.String)[pri:3, instance:com.Digitalcodes.testcases.Title_Collection_Test@15fa55a6] output={null}]]]>
              </value>
            </param>
          </params>
          <reporter-output>
          </reporter-output>
        </test-method> <!-- log_result -->
        <test-method signature="TC31_verifyCreateBookmark_collectionTitles(java.lang.String,java.lang.String,java.lang.String,java.lang.String)[pri:4, instance:com.Digitalcodes.testcases.Title_Collection_Test@15fa55a6]" started-at="2023-06-01T17:56:39 IST" name="TC31_verifyCreateBookmark_collectionTitles" description="Verify user able to create Bookmark on Collection titles" data-provider="Premium Complete" finished-at="2023-06-01T17:57:16 IST" duration-ms="37120" status="PASS">
          <params>
            <param index="0">
              <value>
                <![CDATA[Collections]]>
              </value>
            </param>
            <param index="1">
              <value>
                <![CDATA[Premium Complete]]>
              </value>
            </param>
            <param index="2">
              <value>
                <![CDATA[2023 Analysis of Changes, 2023 NEC]]>
              </value>
            </param>
            <param index="3">
              <value>
                <![CDATA[CHAPTER 1 GENERAL]]>
              </value>
            </param>
          </params>
          <reporter-output>
          </reporter-output>
        </test-method> <!-- TC31_verifyCreateBookmark_collectionTitles -->
        <test-method is-config="true" signature="afterMethod_Collection()[pri:0, instance:com.Digitalcodes.testcases.Title_Collection_Test@15fa55a6]" started-at="2023-06-01T17:57:16 IST" name="afterMethod_Collection" finished-at="2023-06-01T17:57:16 IST" duration-ms="103" status="PASS">
          <reporter-output>
          </reporter-output>
        </test-method> <!-- afterMethod_Collection -->
        <test-method is-config="true" signature="log_result(org.testng.ITestResult)[pri:0, instance:com.Digitalcodes.testcases.Title_Collection_Test@15fa55a6]" started-at="2023-06-01T17:57:16 IST" name="log_result" finished-at="2023-06-01T17:57:16 IST" duration-ms="55" status="PASS">
          <params>
            <param index="0">
              <value>
                <![CDATA[[TestResult name=TC31_verifyCreateBookmark_collectionTitles status=SUCCESS method=Title_Collection_Test.TC31_verifyCreateBookmark_collectionTitles(java.lang.String,java.lang.String,java.lang.String,java.lang.String)[pri:4, instance:com.Digitalcodes.testcases.Title_Collection_Test@15fa55a6] output={null}]]]>
              </value>
            </param>
          </params>
          <reporter-output>
          </reporter-output>
        </test-method> <!-- log_result -->
        <test-method signature="TC32_verifyShareSection_CollectionTitles(java.lang.String,java.lang.String,java.lang.String,java.lang.String)[pri:5, instance:com.Digitalcodes.testcases.Title_Collection_Test@15fa55a6]" started-at="2023-06-01T17:57:16 IST" name="TC32_verifyShareSection_CollectionTitles" description="Verify user able to Share section on Collection titles" data-provider="Premium Complete" finished-at="2023-06-01T17:57:41 IST" duration-ms="24975" status="PASS">
          <params>
            <param index="0">
              <value>
                <![CDATA[Collections]]>
              </value>
            </param>
            <param index="1">
              <value>
                <![CDATA[Premium Complete]]>
              </value>
            </param>
            <param index="2">
              <value>
                <![CDATA[2023 Analysis of Changes, 2023 NEC]]>
              </value>
            </param>
            <param index="3">
              <value>
                <![CDATA[CHAPTER 1 GENERAL]]>
              </value>
            </param>
          </params>
          <reporter-output>
          </reporter-output>
        </test-method> <!-- TC32_verifyShareSection_CollectionTitles -->
        <test-method is-config="true" signature="afterMethod_Collection()[pri:0, instance:com.Digitalcodes.testcases.Title_Collection_Test@15fa55a6]" started-at="2023-06-01T17:57:41 IST" name="afterMethod_Collection" finished-at="2023-06-01T17:57:41 IST" duration-ms="78" status="PASS">
          <reporter-output>
          </reporter-output>
        </test-method> <!-- afterMethod_Collection -->
        <test-method is-config="true" signature="log_result(org.testng.ITestResult)[pri:0, instance:com.Digitalcodes.testcases.Title_Collection_Test@15fa55a6]" started-at="2023-06-01T17:57:41 IST" name="log_result" finished-at="2023-06-01T17:57:41 IST" duration-ms="32" status="PASS">
          <params>
            <param index="0">
              <value>
                <![CDATA[[TestResult name=TC32_verifyShareSection_CollectionTitles status=SUCCESS method=Title_Collection_Test.TC32_verifyShareSection_CollectionTitles(java.lang.String,java.lang.String,java.lang.String,java.lang.String)[pri:5, instance:com.Digitalcodes.testcases.Title_Collection_Test@15fa55a6] output={null}]]]>
              </value>
            </param>
          </params>
          <reporter-output>
          </reporter-output>
        </test-method> <!-- log_result -->
        <test-method signature="TC33_verifyPrintSection_CollectionTitles(java.lang.String,java.lang.String,java.lang.String,java.lang.String)[pri:6, instance:com.Digitalcodes.testcases.Title_Collection_Test@15fa55a6]" started-at="2023-06-01T17:57:41 IST" name="TC33_verifyPrintSection_CollectionTitles" description="Verify user able to Print section on Collection titles" data-provider="Premium Complete" finished-at="2023-06-01T17:58:04 IST" duration-ms="22991" status="PASS">
          <params>
            <param index="0">
              <value>
                <![CDATA[Collections]]>
              </value>
            </param>
            <param index="1">
              <value>
                <![CDATA[Premium Complete]]>
              </value>
            </param>
            <param index="2">
              <value>
                <![CDATA[2023 Analysis of Changes, 2023 NEC]]>
              </value>
            </param>
            <param index="3">
              <value>
                <![CDATA[CHAPTER 1 GENERAL]]>
              </value>
            </param>
          </params>
          <reporter-output>
          </reporter-output>
        </test-method> <!-- TC33_verifyPrintSection_CollectionTitles -->
        <test-method is-config="true" signature="afterMethod_Collection()[pri:0, instance:com.Digitalcodes.testcases.Title_Collection_Test@15fa55a6]" started-at="2023-06-01T17:58:04 IST" name="afterMethod_Collection" finished-at="2023-06-01T17:58:04 IST" duration-ms="54" status="PASS">
          <reporter-output>
          </reporter-output>
        </test-method> <!-- afterMethod_Collection -->
        <test-method is-config="true" signature="log_result(org.testng.ITestResult)[pri:0, instance:com.Digitalcodes.testcases.Title_Collection_Test@15fa55a6]" started-at="2023-06-01T17:58:04 IST" name="log_result" finished-at="2023-06-01T17:58:04 IST" duration-ms="46" status="PASS">
          <params>
            <param index="0">
              <value>
                <![CDATA[[TestResult name=TC33_verifyPrintSection_CollectionTitles status=SUCCESS method=Title_Collection_Test.TC33_verifyPrintSection_CollectionTitles(java.lang.String,java.lang.String,java.lang.String,java.lang.String)[pri:6, instance:com.Digitalcodes.testcases.Title_Collection_Test@15fa55a6] output={null}]]]>
              </value>
            </param>
          </params>
          <reporter-output>
          </reporter-output>
        </test-method> <!-- log_result -->
      </class> <!-- com.Digitalcodes.testcases.Title_Collection_Test -->
    </test> <!-- Test -->
  </suite> <!-- Digital Codes -->
</testng-results>
