<?xml version="1.0" encoding="UTF-8"?>
<testng-results ignored="46" total="68" passed="20" failed="2" skipped="0">
  <reporter-output>
  </reporter-output>
  <suite started-at="2023-06-07T12:40:44 IST" name="Digital Codes Smoke test" finished-at="2023-06-07T12:46:21 IST" duration-ms="337498">
    <groups>
      <group name="Regression">
        <method signature="Login_Test.TC01_loginValidData(java.lang.String,java.lang.String,java.lang.String,java.lang.String)[pri:1, instance:com.Digitalcodes.testcases.Login_Test@78c1a023]" name="TC01_loginValidData" class="com.Digitalcodes.testcases.Login_Test"/>
        <method signature="Login_Test.TC02_verifyUserInformation(java.lang.String,java.lang.String,java.lang.String,java.lang.String)[pri:0, instance:com.Digitalcodes.testcases.Login_Test@78c1a023]" name="TC02_verifyUserInformation" class="com.Digitalcodes.testcases.Login_Test"/>
        <method signature="PremiumTools_QuickAccess_Test.TC34_verifyAccessSection_QuickAccess()[pri:1, instance:com.Digitalcodes.testcases.PremiumTools_QuickAccess_Test@65bb9029]" name="TC34_verifyAccessSection_QuickAccess" class="com.Digitalcodes.testcases.PremiumTools_QuickAccess_Test"/>
        <method signature="PremiumTools_QuickAccess_Test.TC35_verifyActionsOnSection_QuickAccess()[pri:2, instance:com.Digitalcodes.testcases.PremiumTools_QuickAccess_Test@65bb9029]" name="TC35_verifyActionsOnSection_QuickAccess" class="com.Digitalcodes.testcases.PremiumTools_QuickAccess_Test"/>
        <method signature="PremiumTools_QuickAccess_Test.TC37_verifyRecentlyQuickAccessedSections_QuickAccess()[pri:4, instance:com.Digitalcodes.testcases.PremiumTools_QuickAccess_Test@65bb9029]" name="TC37_verifyRecentlyQuickAccessedSections_QuickAccess" class="com.Digitalcodes.testcases.PremiumTools_QuickAccess_Test"/>
        <method signature="Title_Basic_Test.TC33_verifyNgviateToBasicTitle(java.lang.String,java.lang.String,java.lang.String)[pri:1, instance:com.Digitalcodes.testcases.Title_Basic_Test@3c7cfcbb]" name="TC33_verifyNgviateToBasicTitle" class="com.Digitalcodes.testcases.Title_Basic_Test"/>
        <method signature="Title_Collection_Test.TC29_verifySection_collectionTitles(java.lang.String,java.lang.String,java.lang.String,java.lang.String)[pri:2, instance:com.Digitalcodes.testcases.Title_Collection_Test@7435a578]" name="TC29_verifySection_collectionTitles" class="com.Digitalcodes.testcases.Title_Collection_Test"/>
        <method signature="Title_Commentary_Test.TC34_verifyHideCommentary(java.lang.String,java.lang.String,java.lang.String,java.lang.String)[pri:1, instance:com.Digitalcodes.testcases.Title_Commentary_Test@13047d7d]" name="TC34_verifyHideCommentary" class="com.Digitalcodes.testcases.Title_Commentary_Test"/>
        <method signature="Title_LandingPage_Test.TC04_verifyTitleLandingPage(java.lang.String,java.lang.String,java.lang.String,java.lang.String)[pri:1, instance:com.Digitalcodes.testcases.Title_LandingPage_Test@248deced]" name="TC04_verifyTitleLandingPage" class="com.Digitalcodes.testcases.Title_LandingPage_Test"/>
        <method signature="Title_LandingPage_Test.TC05_verifyMarkFavoriteTitle(java.lang.String,java.lang.String,java.lang.String,java.lang.String)[pri:2, instance:com.Digitalcodes.testcases.Title_LandingPage_Test@248deced]" name="TC05_verifyMarkFavoriteTitle" class="com.Digitalcodes.testcases.Title_LandingPage_Test"/>
        <method signature="Title_SectionPage_Test.TC08_verifyNavigateToSection_FromTOC(java.lang.String,java.lang.String,java.lang.String,java.lang.String)[pri:1, instance:com.Digitalcodes.testcases.Title_SectionPage_Test@29f0c4f2]" name="TC08_verifyNavigateToSection_FromTOC" class="com.Digitalcodes.testcases.Title_SectionPage_Test"/>
        <method signature="Title_SectionPage_Test.TC09_verifyCreateNotes_atSection(java.lang.String,java.lang.String,java.lang.String,java.lang.String)[pri:2, instance:com.Digitalcodes.testcases.Title_SectionPage_Test@29f0c4f2]" name="TC09_verifyCreateNotes_atSection" class="com.Digitalcodes.testcases.Title_SectionPage_Test"/>
        <method signature="Title_SectionPage_Test.TC10_verifyCreateBookmark_atSection(java.lang.String,java.lang.String,java.lang.String,java.lang.String)[pri:3, instance:com.Digitalcodes.testcases.Title_SectionPage_Test@29f0c4f2]" name="TC10_verifyCreateBookmark_atSection" class="com.Digitalcodes.testcases.Title_SectionPage_Test"/>
        <method signature="Title_SectionPage_Test.TC11_verifyShareSection_FromSection(java.lang.String,java.lang.String,java.lang.String,java.lang.String)[pri:4, instance:com.Digitalcodes.testcases.Title_SectionPage_Test@29f0c4f2]" name="TC11_verifyShareSection_FromSection" class="com.Digitalcodes.testcases.Title_SectionPage_Test"/>
        <method signature="Title_SectionPage_Test.TC12_verifyPrintSection_FromSection()[pri:0, instance:com.Digitalcodes.testcases.Title_SectionPage_Test@29f0c4f2]" name="TC12_verifyPrintSection_FromSection" class="com.Digitalcodes.testcases.Title_SectionPage_Test"/>
        <method signature="Title_SectionPage_Test.TC13_verifyShareNote_FromSction(java.lang.String,java.lang.String,java.lang.String,java.lang.String)[pri:5, instance:com.Digitalcodes.testcases.Title_SectionPage_Test@29f0c4f2]" name="TC13_verifyShareNote_FromSction" class="com.Digitalcodes.testcases.Title_SectionPage_Test"/>
        <method signature="Title_SectionPage_Test.TC14_verifyEditNotes_FromSection()[pri:0, instance:com.Digitalcodes.testcases.Title_SectionPage_Test@29f0c4f2]" name="TC14_verifyEditNotes_FromSection" class="com.Digitalcodes.testcases.Title_SectionPage_Test"/>
        <method signature="Title_SectionPage_Test.TC15_verifyDeleteNotes_FromSection()[pri:0, instance:com.Digitalcodes.testcases.Title_SectionPage_Test@29f0c4f2]" name="TC15_verifyDeleteNotes_FromSection" class="com.Digitalcodes.testcases.Title_SectionPage_Test"/>
        <method signature="Title_SectionPage_Test.TC19_verifyLinksOnChapter(java.lang.String,java.lang.String,java.lang.String,java.lang.String)[pri:7, instance:com.Digitalcodes.testcases.Title_SectionPage_Test@29f0c4f2]" name="TC19_verifyLinksOnChapter" class="com.Digitalcodes.testcases.Title_SectionPage_Test"/>
      </group> <!-- Regression -->
      <group name="Smoke">
        <method signature="Login_Test.TC01_loginValidData(java.lang.String,java.lang.String,java.lang.String,java.lang.String)[pri:1, instance:com.Digitalcodes.testcases.Login_Test@78c1a023]" name="TC01_loginValidData" class="com.Digitalcodes.testcases.Login_Test"/>
        <method signature="Login_Test.TC02_verifyUserInformation(java.lang.String,java.lang.String,java.lang.String,java.lang.String)[pri:0, instance:com.Digitalcodes.testcases.Login_Test@78c1a023]" name="TC02_verifyUserInformation" class="com.Digitalcodes.testcases.Login_Test"/>
        <method signature="PremiumTools_QuickAccess_Test.TC34_verifyAccessSection_QuickAccess()[pri:1, instance:com.Digitalcodes.testcases.PremiumTools_QuickAccess_Test@65bb9029]" name="TC34_verifyAccessSection_QuickAccess" class="com.Digitalcodes.testcases.PremiumTools_QuickAccess_Test"/>
        <method signature="PremiumTools_QuickAccess_Test.TC35_verifyActionsOnSection_QuickAccess()[pri:2, instance:com.Digitalcodes.testcases.PremiumTools_QuickAccess_Test@65bb9029]" name="TC35_verifyActionsOnSection_QuickAccess" class="com.Digitalcodes.testcases.PremiumTools_QuickAccess_Test"/>
        <method signature="PremiumTools_QuickAccess_Test.TC37_verifyRecentlyQuickAccessedSections_QuickAccess()[pri:4, instance:com.Digitalcodes.testcases.PremiumTools_QuickAccess_Test@65bb9029]" name="TC37_verifyRecentlyQuickAccessedSections_QuickAccess" class="com.Digitalcodes.testcases.PremiumTools_QuickAccess_Test"/>
        <method signature="TableOfContent_Test.TC07_verifyMyNotes_FromTOC(java.lang.String,java.lang.String,java.lang.String,java.lang.String)[pri:1, instance:com.Digitalcodes.testcases.TableOfContent_Test@2227a6c1]" name="TC07_verifyMyNotes_FromTOC" class="com.Digitalcodes.testcases.TableOfContent_Test"/>
        <method signature="Title_Basic_Test.TC33_verifyNgviateToBasicTitle(java.lang.String,java.lang.String,java.lang.String)[pri:1, instance:com.Digitalcodes.testcases.Title_Basic_Test@3c7cfcbb]" name="TC33_verifyNgviateToBasicTitle" class="com.Digitalcodes.testcases.Title_Basic_Test"/>
        <method signature="Title_Collection_Test.TC28_verifyCollectionLandingPage(java.lang.String,java.lang.String,java.lang.String,java.lang.String)[pri:1, instance:com.Digitalcodes.testcases.Title_Collection_Test@7435a578]" name="TC28_verifyCollectionLandingPage" class="com.Digitalcodes.testcases.Title_Collection_Test"/>
        <method signature="Title_Collection_Test.TC29_verifySection_collectionTitles(java.lang.String,java.lang.String,java.lang.String,java.lang.String)[pri:2, instance:com.Digitalcodes.testcases.Title_Collection_Test@7435a578]" name="TC29_verifySection_collectionTitles" class="com.Digitalcodes.testcases.Title_Collection_Test"/>
        <method signature="Title_Collection_Test.TC34_verifyRecentlyAddedTitle_Collection(java.lang.String,java.lang.String,java.lang.String,java.lang.String)[pri:7, instance:com.Digitalcodes.testcases.Title_Collection_Test@7435a578]" name="TC34_verifyRecentlyAddedTitle_Collection" class="com.Digitalcodes.testcases.Title_Collection_Test"/>
        <method signature="Title_Commentary_Test.TC34_verifyHideCommentary(java.lang.String,java.lang.String,java.lang.String,java.lang.String)[pri:1, instance:com.Digitalcodes.testcases.Title_Commentary_Test@13047d7d]" name="TC34_verifyHideCommentary" class="com.Digitalcodes.testcases.Title_Commentary_Test"/>
        <method signature="Title_LandingPage_Test.TC04_verifyTitleLandingPage(java.lang.String,java.lang.String,java.lang.String,java.lang.String)[pri:1, instance:com.Digitalcodes.testcases.Title_LandingPage_Test@248deced]" name="TC04_verifyTitleLandingPage" class="com.Digitalcodes.testcases.Title_LandingPage_Test"/>
        <method signature="Title_LandingPage_Test.TC05_verifyMarkFavoriteTitle(java.lang.String,java.lang.String,java.lang.String,java.lang.String)[pri:2, instance:com.Digitalcodes.testcases.Title_LandingPage_Test@248deced]" name="TC05_verifyMarkFavoriteTitle" class="com.Digitalcodes.testcases.Title_LandingPage_Test"/>
        <method signature="Title_SectionPage_Test.TC08_verifyNavigateToSection_FromTOC(java.lang.String,java.lang.String,java.lang.String,java.lang.String)[pri:1, instance:com.Digitalcodes.testcases.Title_SectionPage_Test@29f0c4f2]" name="TC08_verifyNavigateToSection_FromTOC" class="com.Digitalcodes.testcases.Title_SectionPage_Test"/>
        <method signature="Title_SectionPage_Test.TC09_verifyCreateNotes_atSection(java.lang.String,java.lang.String,java.lang.String,java.lang.String)[pri:2, instance:com.Digitalcodes.testcases.Title_SectionPage_Test@29f0c4f2]" name="TC09_verifyCreateNotes_atSection" class="com.Digitalcodes.testcases.Title_SectionPage_Test"/>
        <method signature="Title_SectionPage_Test.TC10_verifyCreateBookmark_atSection(java.lang.String,java.lang.String,java.lang.String,java.lang.String)[pri:3, instance:com.Digitalcodes.testcases.Title_SectionPage_Test@29f0c4f2]" name="TC10_verifyCreateBookmark_atSection" class="com.Digitalcodes.testcases.Title_SectionPage_Test"/>
        <method signature="Title_SectionPage_Test.TC11_verifyShareSection_FromSection(java.lang.String,java.lang.String,java.lang.String,java.lang.String)[pri:4, instance:com.Digitalcodes.testcases.Title_SectionPage_Test@29f0c4f2]" name="TC11_verifyShareSection_FromSection" class="com.Digitalcodes.testcases.Title_SectionPage_Test"/>
        <method signature="Title_SectionPage_Test.TC12_verifyPrintSection_FromSection()[pri:0, instance:com.Digitalcodes.testcases.Title_SectionPage_Test@29f0c4f2]" name="TC12_verifyPrintSection_FromSection" class="com.Digitalcodes.testcases.Title_SectionPage_Test"/>
        <method signature="Title_SectionPage_Test.TC13_verifyShareNote_FromSction(java.lang.String,java.lang.String,java.lang.String,java.lang.String)[pri:5, instance:com.Digitalcodes.testcases.Title_SectionPage_Test@29f0c4f2]" name="TC13_verifyShareNote_FromSction" class="com.Digitalcodes.testcases.Title_SectionPage_Test"/>
        <method signature="Title_SectionPage_Test.TC14_verifyEditNotes_FromSection()[pri:0, instance:com.Digitalcodes.testcases.Title_SectionPage_Test@29f0c4f2]" name="TC14_verifyEditNotes_FromSection" class="com.Digitalcodes.testcases.Title_SectionPage_Test"/>
        <method signature="Title_SectionPage_Test.TC15_verifyDeleteNotes_FromSection()[pri:0, instance:com.Digitalcodes.testcases.Title_SectionPage_Test@29f0c4f2]" name="TC15_verifyDeleteNotes_FromSection" class="com.Digitalcodes.testcases.Title_SectionPage_Test"/>
        <method signature="Title_SectionPage_Test.TC19_verifyLinksOnChapter(java.lang.String,java.lang.String,java.lang.String,java.lang.String)[pri:7, instance:com.Digitalcodes.testcases.Title_SectionPage_Test@29f0c4f2]" name="TC19_verifyLinksOnChapter" class="com.Digitalcodes.testcases.Title_SectionPage_Test"/>
      </group> <!-- Smoke -->
      <group name="Regeration">
        <method signature="TableOfContent_Test.TC07_verifyMyNotes_FromTOC(java.lang.String,java.lang.String,java.lang.String,java.lang.String)[pri:1, instance:com.Digitalcodes.testcases.TableOfContent_Test@2227a6c1]" name="TC07_verifyMyNotes_FromTOC" class="com.Digitalcodes.testcases.TableOfContent_Test"/>
      </group> <!-- Regeration -->
    </groups>
    <test started-at="2023-06-07T12:40:44 IST" name="Smoke test for Premium user" finished-at="2023-06-07T12:46:21 IST" duration-ms="337498">
      <class name="com.Digitalcodes.testcases.PremiumTools_QuickAccess_Test">
        <test-method is-config="true" signature="beforeClass()[pri:0, instance:com.Digitalcodes.testcases.PremiumTools_QuickAccess_Test@65bb9029]" started-at="2023-06-07T12:45:51 IST" name="beforeClass" finished-at="2023-06-07T12:45:51 IST" duration-ms="9" status="PASS">
          <reporter-output>
          </reporter-output>
        </test-method> <!-- beforeClass -->
        <test-method signature="TC34_verifyAccessSection_QuickAccess()[pri:1, instance:com.Digitalcodes.testcases.PremiumTools_QuickAccess_Test@65bb9029]" started-at="2023-06-07T12:45:51 IST" name="TC34_verifyAccessSection_QuickAccess" description="Verify user able to Access section from Quick Access" finished-at="2023-06-07T12:46:05 IST" duration-ms="13748" status="PASS">
          <reporter-output>
          </reporter-output>
        </test-method> <!-- TC34_verifyAccessSection_QuickAccess -->
        <test-method is-config="true" signature="log_result(org.testng.ITestResult)[pri:0, instance:com.Digitalcodes.testcases.PremiumTools_QuickAccess_Test@65bb9029]" started-at="2023-06-07T12:46:05 IST" name="log_result" finished-at="2023-06-07T12:46:05 IST" duration-ms="57" status="PASS">
          <params>
            <param index="0">
              <value>
                <![CDATA[[TestResult name=TC34_verifyAccessSection_QuickAccess status=SUCCESS method=PremiumTools_QuickAccess_Test.TC34_verifyAccessSection_QuickAccess()[pri:1, instance:com.Digitalcodes.testcases.PremiumTools_QuickAccess_Test@65bb9029] output={null}]]]>
              </value>
            </param>
          </params>
          <reporter-output>
          </reporter-output>
        </test-method> <!-- log_result -->
        <test-method signature="TC35_verifyActionsOnSection_QuickAccess()[pri:2, instance:com.Digitalcodes.testcases.PremiumTools_QuickAccess_Test@65bb9029]" started-at="2023-06-07T12:46:05 IST" name="TC35_verifyActionsOnSection_QuickAccess" description="Verify user able to Jump, Copy, Print, Share, Bookmark Section from Quick Access" finished-at="2023-06-07T12:46:18 IST" duration-ms="13040" status="PASS">
          <reporter-output>
          </reporter-output>
        </test-method> <!-- TC35_verifyActionsOnSection_QuickAccess -->
        <test-method is-config="true" signature="log_result(org.testng.ITestResult)[pri:0, instance:com.Digitalcodes.testcases.PremiumTools_QuickAccess_Test@65bb9029]" started-at="2023-06-07T12:46:18 IST" name="log_result" finished-at="2023-06-07T12:46:18 IST" duration-ms="24" status="PASS">
          <params>
            <param index="0">
              <value>
                <![CDATA[[TestResult name=TC35_verifyActionsOnSection_QuickAccess status=SUCCESS method=PremiumTools_QuickAccess_Test.TC35_verifyActionsOnSection_QuickAccess()[pri:2, instance:com.Digitalcodes.testcases.PremiumTools_QuickAccess_Test@65bb9029] output={null}]]]>
              </value>
            </param>
          </params>
          <reporter-output>
          </reporter-output>
        </test-method> <!-- log_result -->
        <test-method signature="TC37_verifyRecentlyQuickAccessedSections_QuickAccess()[pri:4, instance:com.Digitalcodes.testcases.PremiumTools_QuickAccess_Test@65bb9029]" started-at="2023-06-07T12:46:18 IST" name="TC37_verifyRecentlyQuickAccessedSections_QuickAccess" description="Verify user able to view Recently Accessed Section at Quick Access" finished-at="2023-06-07T12:46:21 IST" duration-ms="2972" status="PASS">
          <reporter-output>
          </reporter-output>
        </test-method> <!-- TC37_verifyRecentlyQuickAccessedSections_QuickAccess -->
        <test-method is-config="true" signature="log_result(org.testng.ITestResult)[pri:0, instance:com.Digitalcodes.testcases.PremiumTools_QuickAccess_Test@65bb9029]" started-at="2023-06-07T12:46:21 IST" name="log_result" finished-at="2023-06-07T12:46:21 IST" duration-ms="13" status="PASS">
          <params>
            <param index="0">
              <value>
                <![CDATA[[TestResult name=TC37_verifyRecentlyQuickAccessedSections_QuickAccess status=SUCCESS method=PremiumTools_QuickAccess_Test.TC37_verifyRecentlyQuickAccessedSections_QuickAccess()[pri:4, instance:com.Digitalcodes.testcases.PremiumTools_QuickAccess_Test@65bb9029] output={null}]]]>
              </value>
            </param>
          </params>
          <reporter-output>
          </reporter-output>
        </test-method> <!-- log_result -->
      </class> <!-- com.Digitalcodes.testcases.PremiumTools_QuickAccess_Test -->
      <class name="com.Digitalcodes.testcases.Title_Basic_Test">
        <test-method is-config="true" signature="beforeClass()[pri:0, instance:com.Digitalcodes.testcases.Title_Basic_Test@3c7cfcbb]" started-at="2023-06-07T12:45:43 IST" name="beforeClass" finished-at="2023-06-07T12:45:43 IST" duration-ms="1" status="PASS">
          <reporter-output>
          </reporter-output>
        </test-method> <!-- beforeClass -->
        <test-method is-config="true" signature="beforeclass()[pri:0, instance:com.Digitalcodes.testcases.Title_Basic_Test@3c7cfcbb]" started-at="2023-06-07T12:45:43 IST" name="beforeclass" finished-at="2023-06-07T12:45:43 IST" duration-ms="1" status="PASS">
          <reporter-output>
          </reporter-output>
        </test-method> <!-- beforeclass -->
        <test-method signature="TC33_verifyNgviateToBasicTitle(java.lang.String,java.lang.String,java.lang.String)[pri:1, instance:com.Digitalcodes.testcases.Title_Basic_Test@3c7cfcbb]" started-at="2023-06-07T12:45:43 IST" name="TC33_verifyNgviateToBasicTitle" description="Verify user able to navigate to Non-accsiable title " data-provider="Basic" finished-at="2023-06-07T12:45:51 IST" duration-ms="8057" status="PASS">
          <params>
            <param index="0">
              <value>
                <![CDATA[Publisher]]>
              </value>
            </param>
            <param index="1">
              <value>
                <![CDATA[Wiley]]>
              </value>
            </param>
            <param index="2">
              <value>
                <![CDATA[2021 Building Codes Illustrated, 7th Edition]]>
              </value>
            </param>
          </params>
          <reporter-output>
          </reporter-output>
        </test-method> <!-- TC33_verifyNgviateToBasicTitle -->
        <test-method is-config="true" signature="log_result(org.testng.ITestResult)[pri:0, instance:com.Digitalcodes.testcases.Title_Basic_Test@3c7cfcbb]" started-at="2023-06-07T12:45:51 IST" name="log_result" finished-at="2023-06-07T12:45:51 IST" duration-ms="34" status="PASS">
          <params>
            <param index="0">
              <value>
                <![CDATA[[TestResult name=TC33_verifyNgviateToBasicTitle status=SUCCESS method=Title_Basic_Test.TC33_verifyNgviateToBasicTitle(java.lang.String,java.lang.String,java.lang.String)[pri:1, instance:com.Digitalcodes.testcases.Title_Basic_Test@3c7cfcbb] output={null}]]]>
              </value>
            </param>
          </params>
          <reporter-output>
          </reporter-output>
        </test-method> <!-- log_result -->
      </class> <!-- com.Digitalcodes.testcases.Title_Basic_Test -->
      <class name="com.Digitalcodes.testcases.Title_LandingPage_Test">
        <test-method is-config="true" signature="beforeClass()[pri:0, instance:com.Digitalcodes.testcases.Title_LandingPage_Test@248deced]" started-at="2023-06-07T12:41:28 IST" name="beforeClass" finished-at="2023-06-07T12:41:28 IST" duration-ms="2" status="PASS">
          <reporter-output>
          </reporter-output>
        </test-method> <!-- beforeClass -->
        <test-method signature="TC04_verifyTitleLandingPage(java.lang.String,java.lang.String,java.lang.String,java.lang.String)[pri:1, instance:com.Digitalcodes.testcases.Title_LandingPage_Test@248deced]" started-at="2023-06-07T12:41:28 IST" name="TC04_verifyTitleLandingPage" description="Verify User able to Navigate to Title Landing page and verify Tag" data-provider="Title" finished-at="2023-06-07T12:41:39 IST" duration-ms="11170" status="PASS">
          <params>
            <param index="0">
              <value>
                <![CDATA[I-Codes]]>
              </value>
            </param>
            <param index="1">
              <value>
                <![CDATA[2021 I-Codes]]>
              </value>
            </param>
            <param index="2">
              <value>
                <![CDATA[2021 International Building Code (IBC)]]>
              </value>
            </param>
            <param index="3">
              <value>
                <![CDATA[CHAPTER 2 DEFINITIONS]]>
              </value>
            </param>
          </params>
          <reporter-output>
          </reporter-output>
        </test-method> <!-- TC04_verifyTitleLandingPage -->
        <test-method is-config="true" signature="log_result(org.testng.ITestResult)[pri:0, instance:com.Digitalcodes.testcases.Title_LandingPage_Test@248deced]" started-at="2023-06-07T12:41:39 IST" name="log_result" finished-at="2023-06-07T12:41:39 IST" duration-ms="106" status="PASS">
          <params>
            <param index="0">
              <value>
                <![CDATA[[TestResult name=TC04_verifyTitleLandingPage status=SUCCESS method=Title_LandingPage_Test.TC04_verifyTitleLandingPage(java.lang.String,java.lang.String,java.lang.String,java.lang.String)[pri:1, instance:com.Digitalcodes.testcases.Title_LandingPage_Test@248deced] output={null}]]]>
              </value>
            </param>
          </params>
          <reporter-output>
          </reporter-output>
        </test-method> <!-- log_result -->
        <test-method signature="TC05_verifyMarkFavoriteTitle(java.lang.String,java.lang.String,java.lang.String,java.lang.String)[pri:2, instance:com.Digitalcodes.testcases.Title_LandingPage_Test@248deced]" started-at="2023-06-07T12:41:39 IST" name="TC05_verifyMarkFavoriteTitle" description="Verify user able to mark favorite &amp; unfavorite and title should be displayed in favorites" data-provider="SingleTitle" finished-at="2023-06-07T12:42:08 IST" duration-ms="28477" status="FAIL">
          <params>
            <param index="0">
              <value>
                <![CDATA[I-Codes]]>
              </value>
            </param>
            <param index="1">
              <value>
                <![CDATA[2021 I-Codes]]>
              </value>
            </param>
            <param index="2">
              <value>
                <![CDATA[2021 International Building Code (IBC)]]>
              </value>
            </param>
            <param index="3">
              <value>
                <![CDATA[CHAPTER 2 DEFINITIONS]]>
              </value>
            </param>
          </params>
          <exception class="org.openqa.selenium.json.JsonException">
            <message>
              <![CDATA[java.lang.reflect.InvocationTargetException
Build info: version: '4.9.0', revision: 'd7057100a6'
System info: os.name: 'Windows 10', os.arch: 'amd64', os.version: '10.0', java.version: '17.0.5'
Driver info: org.openqa.selenium.chrome.ChromeDriver
Command: [42c2b675014c04b85a9728ccef4e08cb, actions {actions=[org.openqa.selenium.interactions.Sequence@219c32e3]}]
Capabilities {acceptInsecureCerts: false, browserName: chrome, browserVersion: 114.0.5735.91, chrome: {chromedriverVersion: 114.0.5735.90 (386bc09e8f4f..., userDataDir: C:\Users\VRUSHA~1\AppData\L...}, goog:chromeOptions: {debuggerAddress: localhost:57828}, networkConnectionEnabled: false, pageLoadStrategy: normal, platformName: WINDOWS, proxy: Proxy(), se:cdp: ws://localhost:57828/devtoo..., se:cdpVersion: 114.0.5735.91, setWindowRect: true, strictFileInteractability: false, timeouts: {implicit: 0, pageLoad: 300000, script: 30000}, unhandledPromptBehavior: dismiss and notify, webauthn:extension:credBlob: true, webauthn:extension:largeBlob: true, webauthn:extension:minPinLength: true, webauthn:extension:prf: true, webauthn:virtualAuthenticators: true}
Session ID: 42c2b675014c04b85a9728ccef4e08cb]]>
            </message>
            <full-stacktrace>
              <![CDATA[org.openqa.selenium.json.JsonException: java.lang.reflect.InvocationTargetException
Build info: version: '4.9.0', revision: 'd7057100a6'
System info: os.name: 'Windows 10', os.arch: 'amd64', os.version: '10.0', java.version: '17.0.5'
Driver info: org.openqa.selenium.chrome.ChromeDriver
Command: [42c2b675014c04b85a9728ccef4e08cb, actions {actions=[org.openqa.selenium.interactions.Sequence@219c32e3]}]
Capabilities {acceptInsecureCerts: false, browserName: chrome, browserVersion: 114.0.5735.91, chrome: {chromedriverVersion: 114.0.5735.90 (386bc09e8f4f..., userDataDir: C:\Users\VRUSHA~1\AppData\L...}, goog:chromeOptions: {debuggerAddress: localhost:57828}, networkConnectionEnabled: false, pageLoadStrategy: normal, platformName: WINDOWS, proxy: Proxy(), se:cdp: ws://localhost:57828/devtoo..., se:cdpVersion: 114.0.5735.91, setWindowRect: true, strictFileInteractability: false, timeouts: {implicit: 0, pageLoad: 300000, script: 30000}, unhandledPromptBehavior: dismiss and notify, webauthn:extension:credBlob: true, webauthn:extension:largeBlob: true, webauthn:extension:minPinLength: true, webauthn:extension:prf: true, webauthn:virtualAuthenticators: true}
Session ID: 42c2b675014c04b85a9728ccef4e08cb
at org.openqa.selenium.json.JsonOutput.convertUsingMethod(JsonOutput.java:362)
at org.openqa.selenium.json.JsonOutput.lambda$new$16(JsonOutput.java:154)
at org.openqa.selenium.json.JsonOutput.write(JsonOutput.java:287)
at org.openqa.selenium.json.JsonOutput.lambda$new$22(JsonOutput.java:169)
at java.base/java.util.stream.ForEachOps$ForEachOp$OfRef.accept(ForEachOps.java:183)
at java.base/java.util.stream.ReferencePipeline$2$1.accept(ReferencePipeline.java:179)
at java.base/java.util.Iterator.forEachRemaining(Iterator.java:133)
at java.base/java.util.Spliterators$IteratorSpliterator.forEachRemaining(Spliterators.java:1845)
at java.base/java.util.stream.AbstractPipeline.copyInto(AbstractPipeline.java:509)
at java.base/java.util.stream.AbstractPipeline.wrapAndCopyInto(AbstractPipeline.java:499)
at java.base/java.util.stream.ForEachOps$ForEachOp.evaluateSequential(ForEachOps.java:150)
at java.base/java.util.stream.ForEachOps$ForEachOp$OfRef.evaluateSequential(ForEachOps.java:173)
at java.base/java.util.stream.AbstractPipeline.evaluate(AbstractPipeline.java:234)
at java.base/java.util.stream.ReferencePipeline.forEach(ReferencePipeline.java:596)
at org.openqa.selenium.json.JsonOutput.lambda$new$23(JsonOutput.java:169)
at org.openqa.selenium.json.JsonOutput.write(JsonOutput.java:287)
at org.openqa.selenium.json.JsonOutput.lambda$new$24(JsonOutput.java:182)
at com.google.common.collect.SingletonImmutableBiMap.forEach(SingletonImmutableBiMap.java:68)
at org.openqa.selenium.json.JsonOutput.lambda$new$25(JsonOutput.java:177)
at org.openqa.selenium.json.JsonOutput.write(JsonOutput.java:287)
at org.openqa.selenium.json.JsonOutput.write(JsonOutput.java:278)
at org.openqa.selenium.json.Json.toJson(Json.java:42)
at org.openqa.selenium.remote.codec.AbstractHttpCommandCodec.encode(AbstractHttpCommandCodec.java:258)
at org.openqa.selenium.remote.codec.AbstractHttpCommandCodec.encode(AbstractHttpCommandCodec.java:122)
at org.openqa.selenium.remote.HttpCommandExecutor.execute(HttpCommandExecutor.java:181)
at org.openqa.selenium.remote.service.DriverCommandExecutor.invokeExecute(DriverCommandExecutor.java:183)
at org.openqa.selenium.remote.service.DriverCommandExecutor.execute(DriverCommandExecutor.java:158)
at org.openqa.selenium.remote.RemoteWebDriver.execute(RemoteWebDriver.java:543)
at org.openqa.selenium.remote.RemoteWebDriver.perform(RemoteWebDriver.java:611)
at org.openqa.selenium.interactions.Actions$BuiltAction.perform(Actions.java:567)
at com.Digitalcodes.pageobject.TitleLanding_Page.clickOnFavorite(TitleLanding_Page.java:99)
at com.Digitalcodes.testcases.Title_LandingPage_Test.TC05_verifyMarkFavoriteTitle(Title_LandingPage_Test.java:65)
at java.base/jdk.internal.reflect.NativeMethodAccessorImpl.invoke0(Native Method)
at java.base/jdk.internal.reflect.NativeMethodAccessorImpl.invoke(NativeMethodAccessorImpl.java:77)
at java.base/jdk.internal.reflect.DelegatingMethodAccessorImpl.invoke(DelegatingMethodAccessorImpl.java:43)
at java.base/java.lang.reflect.Method.invoke(Method.java:568)
at org.testng.internal.MethodInvocationHelper.invokeMethod(MethodInvocationHelper.java:133)
at org.testng.internal.TestInvoker.invokeMethod(TestInvoker.java:598)
at org.testng.internal.TestInvoker.invokeTestMethod(TestInvoker.java:173)
at org.testng.internal.MethodRunner.runInSequence(MethodRunner.java:46)
at org.testng.internal.TestInvoker$MethodInvocationAgent.invoke(TestInvoker.java:824)
at org.testng.internal.TestInvoker.invokeTestMethods(TestInvoker.java:146)
at org.testng.internal.TestMethodWorker.invokeTestMethods(TestMethodWorker.java:146)
at org.testng.internal.TestMethodWorker.run(TestMethodWorker.java:128)
at java.base/java.util.ArrayList.forEach(ArrayList.java:1511)
at org.testng.TestRunner.privateRun(TestRunner.java:794)
at org.testng.TestRunner.run(TestRunner.java:596)
at org.testng.SuiteRunner.runTest(SuiteRunner.java:377)
at org.testng.SuiteRunner.runSequentially(SuiteRunner.java:371)
at org.testng.SuiteRunner.privateRun(SuiteRunner.java:332)
at org.testng.SuiteRunner.run(SuiteRunner.java:276)
at org.testng.SuiteRunnerWorker.runSuite(SuiteRunnerWorker.java:53)
at org.testng.SuiteRunnerWorker.run(SuiteRunnerWorker.java:96)
at org.testng.TestNG.runSuitesSequentially(TestNG.java:1212)
at org.testng.TestNG.runSuitesLocally(TestNG.java:1134)
at org.testng.TestNG.runSuites(TestNG.java:1063)
at org.testng.TestNG.run(TestNG.java:1031)
at org.apache.maven.surefire.testng.TestNGExecutor.run(TestNGExecutor.java:308)
at org.apache.maven.surefire.testng.TestNGXmlTestSuite.execute(TestNGXmlTestSuite.java:71)
at org.apache.maven.surefire.testng.TestNGProvider.invoke(TestNGProvider.java:113)
at org.apache.maven.surefire.booter.ForkedBooter.runSuitesInProcess(ForkedBooter.java:385)
at org.apache.maven.surefire.booter.ForkedBooter.execute(ForkedBooter.java:162)
at org.apache.maven.surefire.booter.ForkedBooter.run(ForkedBooter.java:507)
at org.apache.maven.surefire.booter.ForkedBooter.main(ForkedBooter.java:495)
Suppressed: org.openqa.selenium.json.JsonException: Attempting to close incomplete json stream
Build info: version: '4.9.0', revision: 'd7057100a6'
System info: os.name: 'Windows 10', os.arch: 'amd64', os.version: '10.0', java.version: '17.0.5'
Driver info: driver.version: RemoteWebDriver
at org.openqa.selenium.json.JsonOutput.close(JsonOutput.java:303)
at org.openqa.selenium.json.Json.toJson(Json.java:40)
... 42 more
Caused by: java.lang.reflect.InvocationTargetException
at java.base/jdk.internal.reflect.NativeMethodAccessorImpl.invoke0(Native Method)
at java.base/jdk.internal.reflect.NativeMethodAccessorImpl.invoke(NativeMethodAccessorImpl.java:77)
at java.base/jdk.internal.reflect.DelegatingMethodAccessorImpl.invoke(DelegatingMethodAccessorImpl.java:43)
at java.base/java.lang.reflect.Method.invoke(Method.java:568)
at org.openqa.selenium.json.JsonOutput.convertUsingMethod(JsonOutput.java:358)
... 63 more
Caused by: org.openqa.selenium.NoSuchElementException: no such element: Unable to locate element: {"method":"xpath","selector":"//button[normalize-space()='favorite_border']"}
  (Session info: chrome=114.0.5735.91)
For documentation on this error, please visit: https://selenium.dev/exceptions/#no_such_element
Build info: version: '4.9.0', revision: 'd7057100a6'
System info: os.name: 'Windows 10', os.arch: 'amd64', os.version: '10.0', java.version: '17.0.5'
Driver info: org.openqa.selenium.chrome.ChromeDriver
Command: [42c2b675014c04b85a9728ccef4e08cb, findElement {using=xpath, value=//button[normalize-space()='favorite_border']}]
Capabilities {acceptInsecureCerts: false, browserName: chrome, browserVersion: 114.0.5735.91, chrome: {chromedriverVersion: 114.0.5735.90 (386bc09e8f4f..., userDataDir: C:\Users\VRUSHA~1\AppData\L...}, goog:chromeOptions: {debuggerAddress: localhost:57828}, networkConnectionEnabled: false, pageLoadStrategy: normal, platformName: WINDOWS, proxy: Proxy(), se:cdp: ws://localhost:57828/devtoo..., se:cdpVersion: 114.0.5735.91, setWindowRect: true, strictFileInteractability: false, timeouts: {implicit: 0, pageLoad: 300000, script: 30000}, unhandledPromptBehavior: dismiss and notify, webauthn:extension:credBlob: true, webauthn:extension:largeBlob: true, webauthn:extension:minPinLength: true, webauthn:extension:prf: true, webauthn:virtualAuthenticators: true}
Session ID: 42c2b675014c04b85a9728ccef4e08cb
at java.base/jdk.internal.reflect.NativeConstructorAccessorImpl.newInstance0(Native Method)
at java.base/jdk.internal.reflect.NativeConstructorAccessorImpl.newInstance(NativeConstructorAccessorImpl.java:77)
at java.base/jdk.internal.reflect.DelegatingConstructorAccessorImpl.newInstance(DelegatingConstructorAccessorImpl.java:45)
at java.base/java.lang.reflect.Constructor.newInstanceWithCaller(Constructor.java:499)
at java.base/java.lang.reflect.Constructor.newInstance(Constructor.java:480)
at org.openqa.selenium.remote.codec.w3c.W3CHttpResponseCodec.createException(W3CHttpResponseCodec.java:200)
at org.openqa.selenium.remote.codec.w3c.W3CHttpResponseCodec.decode(W3CHttpResponseCodec.java:133)
at org.openqa.selenium.remote.codec.w3c.W3CHttpResponseCodec.decode(W3CHttpResponseCodec.java:53)
at org.openqa.selenium.remote.HttpCommandExecutor.execute(HttpCommandExecutor.java:193)
at org.openqa.selenium.remote.service.DriverCommandExecutor.invokeExecute(DriverCommandExecutor.java:183)
at org.openqa.selenium.remote.service.DriverCommandExecutor.execute(DriverCommandExecutor.java:158)
at org.openqa.selenium.remote.RemoteWebDriver.execute(RemoteWebDriver.java:543)
at org.openqa.selenium.remote.ElementLocation$ElementFinder$2.findElement(ElementLocation.java:162)
at org.openqa.selenium.remote.ElementLocation.findElement(ElementLocation.java:60)
at org.openqa.selenium.remote.RemoteWebDriver.findElement(RemoteWebDriver.java:352)
at org.openqa.selenium.remote.RemoteWebDriver.findElement(RemoteWebDriver.java:344)
at org.openqa.selenium.support.pagefactory.DefaultElementLocator.findElement(DefaultElementLocator.java:70)
at org.openqa.selenium.support.pagefactory.internal.LocatingElementHandler.invoke(LocatingElementHandler.java:39)
at jdk.proxy2/jdk.proxy2.$Proxy20.getWrappedElement(Unknown Source)
at org.openqa.selenium.interactions.PointerInput$Origin.asArg(PointerInput.java:269)
at org.openqa.selenium.interactions.PointerInput$Move.encode(PointerInput.java:218)
at org.openqa.selenium.interactions.Sequence.encode(Sequence.java:73)
at org.openqa.selenium.interactions.Sequence.toJson(Sequence.java:82)
... 68 more
]]>
            </full-stacktrace>
          </exception> <!-- org.openqa.selenium.json.JsonException -->
          <reporter-output>
          </reporter-output>
        </test-method> <!-- TC05_verifyMarkFavoriteTitle -->
        <test-method is-config="true" signature="log_result(org.testng.ITestResult)[pri:0, instance:com.Digitalcodes.testcases.Title_LandingPage_Test@248deced]" started-at="2023-06-07T12:42:09 IST" name="log_result" finished-at="2023-06-07T12:42:09 IST" duration-ms="191" status="PASS">
          <params>
            <param index="0">
              <value>
                <![CDATA[[TestResult name=TC05_verifyMarkFavoriteTitle status=FAILURE method=Title_LandingPage_Test.TC05_verifyMarkFavoriteTitle(java.lang.String,java.lang.String,java.lang.String,java.lang.String)[pri:2, instance:com.Digitalcodes.testcases.Title_LandingPage_Test@248deced] output={null}]]]>
              </value>
            </param>
          </params>
          <reporter-output>
          </reporter-output>
        </test-method> <!-- log_result -->
      </class> <!-- com.Digitalcodes.testcases.Title_LandingPage_Test -->
      <class name="com.Digitalcodes.testcases.Login_Test">
        <test-method is-config="true" signature="beforeSuite(java.lang.String)[pri:0, instance:com.Digitalcodes.testcases.Login_Test@78c1a023]" started-at="2023-06-07T12:40:41 IST" name="beforeSuite" finished-at="2023-06-07T12:40:44 IST" duration-ms="2526" status="PASS">
          <params>
            <param index="0">
              <value>
                <![CDATA[Smoke]]>
              </value>
            </param>
          </params>
          <reporter-output>
          </reporter-output>
        </test-method> <!-- beforeSuite -->
        <test-method is-config="true" signature="beforeTest(java.lang.String,java.lang.String)[pri:0, instance:com.Digitalcodes.testcases.Login_Test@78c1a023]" started-at="2023-06-07T12:40:44 IST" name="beforeTest" finished-at="2023-06-07T12:41:01 IST" duration-ms="16628" status="PASS">
          <params>
            <param index="0">
              <value>
                <![CDATA[chrome]]>
              </value>
            </param>
            <param index="1">
              <value>
                <![CDATA[PREMIUM]]>
              </value>
            </param>
          </params>
          <reporter-output>
          </reporter-output>
        </test-method> <!-- beforeTest -->
        <test-method is-config="true" signature="beforeClass()[pri:0, instance:com.Digitalcodes.testcases.Login_Test@78c1a023]" started-at="2023-06-07T12:41:01 IST" name="beforeClass" finished-at="2023-06-07T12:41:01 IST" duration-ms="80" status="PASS">
          <reporter-output>
          </reporter-output>
        </test-method> <!-- beforeClass -->
        <test-method signature="TC01_loginValidData(java.lang.String,java.lang.String,java.lang.String,java.lang.String)[pri:1, instance:com.Digitalcodes.testcases.Login_Test@78c1a023]" started-at="2023-06-07T12:41:01 IST" name="TC01_loginValidData" description="User able to Login with valid creditionls" data-provider="Dynamic" finished-at="2023-06-07T12:41:08 IST" duration-ms="7218" status="PASS">
          <params>
            <param index="0">
              <value>
                <![CDATA[complete.user@iccsafe.info]]>
              </value>
            </param>
            <param index="1">
              <value>
                <![CDATA[Digital@123]]>
              </value>
            </param>
            <param index="2">
              <value>
                <![CDATA[Complete User]]>
              </value>
            </param>
            <param index="3">
              <value>
                <![CDATA[Premium Complete]]>
              </value>
            </param>
          </params>
          <reporter-output>
          </reporter-output>
        </test-method> <!-- TC01_loginValidData -->
        <test-method is-config="true" signature="log_result(org.testng.ITestResult)[pri:0, instance:com.Digitalcodes.testcases.Login_Test@78c1a023]" started-at="2023-06-07T12:41:08 IST" name="log_result" finished-at="2023-06-07T12:41:09 IST" duration-ms="1118" status="PASS">
          <params>
            <param index="0">
              <value>
                <![CDATA[[TestResult name=TC01_loginValidData status=SUCCESS method=Login_Test.TC01_loginValidData(java.lang.String,java.lang.String,java.lang.String,java.lang.String)[pri:1, instance:com.Digitalcodes.testcases.Login_Test@78c1a023] output={null}]]]>
              </value>
            </param>
          </params>
          <reporter-output>
          </reporter-output>
        </test-method> <!-- log_result -->
        <test-method signature="TC02_verifyUserInformation(java.lang.String,java.lang.String,java.lang.String,java.lang.String)[pri:0, instance:com.Digitalcodes.testcases.Login_Test@78c1a023]" started-at="2023-06-07T12:41:09 IST" name="TC02_verifyUserInformation" description="Verify User able to displyed Subscription type, Name, email " data-provider="Dynamic" finished-at="2023-06-07T12:41:27 IST" depends-on-methods="com.Digitalcodes.testcases.Login_Test.TC01_loginValidData" duration-ms="17671" status="PASS">
          <params>
            <param index="0">
              <value>
                <![CDATA[complete.user@iccsafe.info]]>
              </value>
            </param>
            <param index="1">
              <value>
                <![CDATA[Digital@123]]>
              </value>
            </param>
            <param index="2">
              <value>
                <![CDATA[Complete User]]>
              </value>
            </param>
            <param index="3">
              <value>
                <![CDATA[Premium Complete]]>
              </value>
            </param>
          </params>
          <reporter-output>
          </reporter-output>
        </test-method> <!-- TC02_verifyUserInformation -->
        <test-method is-config="true" signature="log_result(org.testng.ITestResult)[pri:0, instance:com.Digitalcodes.testcases.Login_Test@78c1a023]" started-at="2023-06-07T12:41:27 IST" name="log_result" finished-at="2023-06-07T12:41:28 IST" duration-ms="779" status="PASS">
          <params>
            <param index="0">
              <value>
                <![CDATA[[TestResult name=TC02_verifyUserInformation status=SUCCESS method=Login_Test.TC02_verifyUserInformation(java.lang.String,java.lang.String,java.lang.String,java.lang.String)[pri:0, instance:com.Digitalcodes.testcases.Login_Test@78c1a023] output={null}]]]>
              </value>
            </param>
          </params>
          <reporter-output>
          </reporter-output>
        </test-method> <!-- log_result -->
        <test-method is-config="true" signature="afterTest()[pri:0, instance:com.Digitalcodes.testcases.Login_Test@78c1a023]" started-at="2023-06-07T12:46:21 IST" name="afterTest" finished-at="2023-06-07T12:46:21 IST" duration-ms="627" status="PASS">
          <reporter-output>
          </reporter-output>
        </test-method> <!-- afterTest -->
        <test-method is-config="true" signature="afterSuite()[pri:0, instance:com.Digitalcodes.testcases.Login_Test@78c1a023]" started-at="2023-06-07T12:46:23 IST" name="afterSuite" finished-at="2023-06-07T12:46:23 IST" duration-ms="0" status="PASS">
          <reporter-output>
          </reporter-output>
        </test-method> <!-- afterSuite -->
      </class> <!-- com.Digitalcodes.testcases.Login_Test -->
      <class name="com.Digitalcodes.testcases.Title_SectionPage_Test">
        <test-method is-config="true" signature="beforeClass()[pri:0, instance:com.Digitalcodes.testcases.Title_SectionPage_Test@29f0c4f2]" started-at="2023-06-07T12:42:40 IST" name="beforeClass" finished-at="2023-06-07T12:42:40 IST" duration-ms="10" status="PASS">
          <reporter-output>
          </reporter-output>
        </test-method> <!-- beforeClass -->
        <test-method is-config="true" signature="beforeClassTitlepage()[pri:0, instance:com.Digitalcodes.testcases.Title_SectionPage_Test@29f0c4f2]" started-at="2023-06-07T12:42:40 IST" name="beforeClassTitlepage" finished-at="2023-06-07T12:42:40 IST" duration-ms="8" status="PASS">
          <reporter-output>
          </reporter-output>
        </test-method> <!-- beforeClassTitlepage -->
        <test-method signature="TC08_verifyNavigateToSection_FromTOC(java.lang.String,java.lang.String,java.lang.String,java.lang.String)[pri:1, instance:com.Digitalcodes.testcases.Title_SectionPage_Test@29f0c4f2]" started-at="2023-06-07T12:42:40 IST" name="TC08_verifyNavigateToSection_FromTOC" description="Verify user able to naviagate Section from TableOfContent_Page" data-provider="Title" finished-at="2023-06-07T12:42:57 IST" duration-ms="16779" status="PASS">
          <params>
            <param index="0">
              <value>
                <![CDATA[I-Codes]]>
              </value>
            </param>
            <param index="1">
              <value>
                <![CDATA[2021 I-Codes]]>
              </value>
            </param>
            <param index="2">
              <value>
                <![CDATA[2021 International Building Code (IBC)]]>
              </value>
            </param>
            <param index="3">
              <value>
                <![CDATA[CHAPTER 2 DEFINITIONS]]>
              </value>
            </param>
          </params>
          <reporter-output>
          </reporter-output>
        </test-method> <!-- TC08_verifyNavigateToSection_FromTOC -->
        <test-method is-config="true" signature="log_result(org.testng.ITestResult)[pri:0, instance:com.Digitalcodes.testcases.Title_SectionPage_Test@29f0c4f2]" started-at="2023-06-07T12:42:57 IST" name="log_result" finished-at="2023-06-07T12:42:57 IST" duration-ms="134" status="PASS">
          <params>
            <param index="0">
              <value>
                <![CDATA[[TestResult name=TC08_verifyNavigateToSection_FromTOC status=SUCCESS method=Title_SectionPage_Test.TC08_verifyNavigateToSection_FromTOC(java.lang.String,java.lang.String,java.lang.String,java.lang.String)[pri:1, instance:com.Digitalcodes.testcases.Title_SectionPage_Test@29f0c4f2] output={null}]]]>
              </value>
            </param>
          </params>
          <reporter-output>
          </reporter-output>
        </test-method> <!-- log_result -->
        <test-method signature="TC09_verifyCreateNotes_atSection(java.lang.String,java.lang.String,java.lang.String,java.lang.String)[pri:2, instance:com.Digitalcodes.testcases.Title_SectionPage_Test@29f0c4f2]" started-at="2023-06-07T12:42:57 IST" name="TC09_verifyCreateNotes_atSection" description="Verify user able to create notes at section" data-provider="Title" finished-at="2023-06-07T12:43:24 IST" duration-ms="27313" status="PASS">
          <params>
            <param index="0">
              <value>
                <![CDATA[I-Codes]]>
              </value>
            </param>
            <param index="1">
              <value>
                <![CDATA[2021 I-Codes]]>
              </value>
            </param>
            <param index="2">
              <value>
                <![CDATA[2021 International Building Code (IBC)]]>
              </value>
            </param>
            <param index="3">
              <value>
                <![CDATA[CHAPTER 2 DEFINITIONS]]>
              </value>
            </param>
          </params>
          <reporter-output>
          </reporter-output>
        </test-method> <!-- TC09_verifyCreateNotes_atSection -->
        <test-method is-config="true" signature="log_result(org.testng.ITestResult)[pri:0, instance:com.Digitalcodes.testcases.Title_SectionPage_Test@29f0c4f2]" started-at="2023-06-07T12:43:24 IST" name="log_result" finished-at="2023-06-07T12:43:24 IST" duration-ms="63" status="PASS">
          <params>
            <param index="0">
              <value>
                <![CDATA[[TestResult name=TC09_verifyCreateNotes_atSection status=SUCCESS method=Title_SectionPage_Test.TC09_verifyCreateNotes_atSection(java.lang.String,java.lang.String,java.lang.String,java.lang.String)[pri:2, instance:com.Digitalcodes.testcases.Title_SectionPage_Test@29f0c4f2] output={null}]]]>
              </value>
            </param>
          </params>
          <reporter-output>
          </reporter-output>
        </test-method> <!-- log_result -->
        <test-method signature="TC10_verifyCreateBookmark_atSection(java.lang.String,java.lang.String,java.lang.String,java.lang.String)[pri:3, instance:com.Digitalcodes.testcases.Title_SectionPage_Test@29f0c4f2]" started-at="2023-06-07T12:43:24 IST" name="TC10_verifyCreateBookmark_atSection" description="Verify user able to create bookmark at section" data-provider="Title" finished-at="2023-06-07T12:43:49 IST" duration-ms="24741" status="PASS">
          <params>
            <param index="0">
              <value>
                <![CDATA[I-Codes]]>
              </value>
            </param>
            <param index="1">
              <value>
                <![CDATA[2021 I-Codes]]>
              </value>
            </param>
            <param index="2">
              <value>
                <![CDATA[2021 International Building Code (IBC)]]>
              </value>
            </param>
            <param index="3">
              <value>
                <![CDATA[CHAPTER 2 DEFINITIONS]]>
              </value>
            </param>
          </params>
          <reporter-output>
          </reporter-output>
        </test-method> <!-- TC10_verifyCreateBookmark_atSection -->
        <test-method is-config="true" signature="log_result(org.testng.ITestResult)[pri:0, instance:com.Digitalcodes.testcases.Title_SectionPage_Test@29f0c4f2]" started-at="2023-06-07T12:43:49 IST" name="log_result" finished-at="2023-06-07T12:43:49 IST" duration-ms="100" status="PASS">
          <params>
            <param index="0">
              <value>
                <![CDATA[[TestResult name=TC10_verifyCreateBookmark_atSection status=SUCCESS method=Title_SectionPage_Test.TC10_verifyCreateBookmark_atSection(java.lang.String,java.lang.String,java.lang.String,java.lang.String)[pri:3, instance:com.Digitalcodes.testcases.Title_SectionPage_Test@29f0c4f2] output={null}]]]>
              </value>
            </param>
          </params>
          <reporter-output>
          </reporter-output>
        </test-method> <!-- log_result -->
        <test-method signature="TC11_verifyShareSection_FromSection(java.lang.String,java.lang.String,java.lang.String,java.lang.String)[pri:4, instance:com.Digitalcodes.testcases.Title_SectionPage_Test@29f0c4f2]" started-at="2023-06-07T12:43:49 IST" name="TC11_verifyShareSection_FromSection" description="Verify user able to share the section" data-provider="SingleTitle" finished-at="2023-06-07T12:44:08 IST" duration-ms="19349" status="PASS">
          <params>
            <param index="0">
              <value>
                <![CDATA[I-Codes]]>
              </value>
            </param>
            <param index="1">
              <value>
                <![CDATA[2021 I-Codes]]>
              </value>
            </param>
            <param index="2">
              <value>
                <![CDATA[2021 International Building Code (IBC)]]>
              </value>
            </param>
            <param index="3">
              <value>
                <![CDATA[CHAPTER 2 DEFINITIONS]]>
              </value>
            </param>
          </params>
          <reporter-output>
          </reporter-output>
        </test-method> <!-- TC11_verifyShareSection_FromSection -->
        <test-method is-config="true" signature="log_result(org.testng.ITestResult)[pri:0, instance:com.Digitalcodes.testcases.Title_SectionPage_Test@29f0c4f2]" started-at="2023-06-07T12:44:08 IST" name="log_result" finished-at="2023-06-07T12:44:08 IST" duration-ms="39" status="PASS">
          <params>
            <param index="0">
              <value>
                <![CDATA[[TestResult name=TC11_verifyShareSection_FromSection status=SUCCESS method=Title_SectionPage_Test.TC11_verifyShareSection_FromSection(java.lang.String,java.lang.String,java.lang.String,java.lang.String)[pri:4, instance:com.Digitalcodes.testcases.Title_SectionPage_Test@29f0c4f2] output={null}]]]>
              </value>
            </param>
          </params>
          <reporter-output>
          </reporter-output>
        </test-method> <!-- log_result -->
        <test-method signature="TC12_verifyPrintSection_FromSection()[pri:0, instance:com.Digitalcodes.testcases.Title_SectionPage_Test@29f0c4f2]" started-at="2023-06-07T12:44:08 IST" name="TC12_verifyPrintSection_FromSection" description="Verify user able to Print Section" finished-at="2023-06-07T12:44:10 IST" depends-on-methods="com.Digitalcodes.testcases.Title_SectionPage_Test.TC11_verifyShareSection_FromSection" duration-ms="1720" status="PASS">
          <reporter-output>
          </reporter-output>
        </test-method> <!-- TC12_verifyPrintSection_FromSection -->
        <test-method is-config="true" signature="log_result(org.testng.ITestResult)[pri:0, instance:com.Digitalcodes.testcases.Title_SectionPage_Test@29f0c4f2]" started-at="2023-06-07T12:44:10 IST" name="log_result" finished-at="2023-06-07T12:44:10 IST" duration-ms="47" status="PASS">
          <params>
            <param index="0">
              <value>
                <![CDATA[[TestResult name=TC12_verifyPrintSection_FromSection status=SUCCESS method=Title_SectionPage_Test.TC12_verifyPrintSection_FromSection()[pri:0, instance:com.Digitalcodes.testcases.Title_SectionPage_Test@29f0c4f2] output={null}]]]>
              </value>
            </param>
          </params>
          <reporter-output>
          </reporter-output>
        </test-method> <!-- log_result -->
        <test-method signature="TC13_verifyShareNote_FromSction(java.lang.String,java.lang.String,java.lang.String,java.lang.String)[pri:5, instance:com.Digitalcodes.testcases.Title_SectionPage_Test@29f0c4f2]" started-at="2023-06-07T12:44:10 IST" name="TC13_verifyShareNote_FromSction" description="Verify user able to share note from section" data-provider="SingleTitle" finished-at="2023-06-07T12:44:16 IST" duration-ms="5533" status="PASS">
          <params>
            <param index="0">
              <value>
                <![CDATA[I-Codes]]>
              </value>
            </param>
            <param index="1">
              <value>
                <![CDATA[2021 I-Codes]]>
              </value>
            </param>
            <param index="2">
              <value>
                <![CDATA[2021 International Building Code (IBC)]]>
              </value>
            </param>
            <param index="3">
              <value>
                <![CDATA[CHAPTER 2 DEFINITIONS]]>
              </value>
            </param>
          </params>
          <reporter-output>
          </reporter-output>
        </test-method> <!-- TC13_verifyShareNote_FromSction -->
        <test-method is-config="true" signature="log_result(org.testng.ITestResult)[pri:0, instance:com.Digitalcodes.testcases.Title_SectionPage_Test@29f0c4f2]" started-at="2023-06-07T12:44:16 IST" name="log_result" finished-at="2023-06-07T12:44:16 IST" duration-ms="34" status="PASS">
          <params>
            <param index="0">
              <value>
                <![CDATA[[TestResult name=TC13_verifyShareNote_FromSction status=SUCCESS method=Title_SectionPage_Test.TC13_verifyShareNote_FromSction(java.lang.String,java.lang.String,java.lang.String,java.lang.String)[pri:5, instance:com.Digitalcodes.testcases.Title_SectionPage_Test@29f0c4f2] output={null}]]]>
              </value>
            </param>
          </params>
          <reporter-output>
          </reporter-output>
        </test-method> <!-- log_result -->
        <test-method signature="TC14_verifyEditNotes_FromSection()[pri:0, instance:com.Digitalcodes.testcases.Title_SectionPage_Test@29f0c4f2]" started-at="2023-06-07T12:44:16 IST" name="TC14_verifyEditNotes_FromSection" description="Verify user able to edit notes from Section" finished-at="2023-06-07T12:44:21 IST" depends-on-methods="com.Digitalcodes.testcases.Title_SectionPage_Test.TC13_verifyShareNote_FromSction" duration-ms="5557" status="PASS">
          <reporter-output>
          </reporter-output>
        </test-method> <!-- TC14_verifyEditNotes_FromSection -->
        <test-method is-config="true" signature="log_result(org.testng.ITestResult)[pri:0, instance:com.Digitalcodes.testcases.Title_SectionPage_Test@29f0c4f2]" started-at="2023-06-07T12:44:21 IST" name="log_result" finished-at="2023-06-07T12:44:21 IST" duration-ms="44" status="PASS">
          <params>
            <param index="0">
              <value>
                <![CDATA[[TestResult name=TC14_verifyEditNotes_FromSection status=SUCCESS method=Title_SectionPage_Test.TC14_verifyEditNotes_FromSection()[pri:0, instance:com.Digitalcodes.testcases.Title_SectionPage_Test@29f0c4f2] output={null}]]]>
              </value>
            </param>
          </params>
          <reporter-output>
          </reporter-output>
        </test-method> <!-- log_result -->
        <test-method signature="TC15_verifyDeleteNotes_FromSection()[pri:0, instance:com.Digitalcodes.testcases.Title_SectionPage_Test@29f0c4f2]" started-at="2023-06-07T12:44:21 IST" name="TC15_verifyDeleteNotes_FromSection" description="Verify user able to delete Notes from Section" finished-at="2023-06-07T12:44:23 IST" depends-on-methods="com.Digitalcodes.testcases.Title_SectionPage_Test.TC14_verifyEditNotes_FromSection" duration-ms="1878" status="PASS">
          <reporter-output>
          </reporter-output>
        </test-method> <!-- TC15_verifyDeleteNotes_FromSection -->
        <test-method is-config="true" signature="log_result(org.testng.ITestResult)[pri:0, instance:com.Digitalcodes.testcases.Title_SectionPage_Test@29f0c4f2]" started-at="2023-06-07T12:44:23 IST" name="log_result" finished-at="2023-06-07T12:44:23 IST" duration-ms="13" status="PASS">
          <params>
            <param index="0">
              <value>
                <![CDATA[[TestResult name=TC15_verifyDeleteNotes_FromSection status=SUCCESS method=Title_SectionPage_Test.TC15_verifyDeleteNotes_FromSection()[pri:0, instance:com.Digitalcodes.testcases.Title_SectionPage_Test@29f0c4f2] output={null}]]]>
              </value>
            </param>
          </params>
          <reporter-output>
          </reporter-output>
        </test-method> <!-- log_result -->
        <test-method signature="TC19_verifyLinksOnChapter(java.lang.String,java.lang.String,java.lang.String,java.lang.String)[pri:7, instance:com.Digitalcodes.testcases.Title_SectionPage_Test@29f0c4f2]" started-at="2023-06-07T12:44:23 IST" name="TC19_verifyLinksOnChapter" description="Verify links On Chapter" data-provider="SingleTitle" finished-at="2023-06-07T12:44:59 IST" duration-ms="35890" status="PASS">
          <params>
            <param index="0">
              <value>
                <![CDATA[I-Codes]]>
              </value>
            </param>
            <param index="1">
              <value>
                <![CDATA[2021 I-Codes]]>
              </value>
            </param>
            <param index="2">
              <value>
                <![CDATA[2021 International Building Code (IBC)]]>
              </value>
            </param>
            <param index="3">
              <value>
                <![CDATA[CHAPTER 2 DEFINITIONS]]>
              </value>
            </param>
          </params>
          <reporter-output>
          </reporter-output>
        </test-method> <!-- TC19_verifyLinksOnChapter -->
        <test-method is-config="true" signature="log_result(org.testng.ITestResult)[pri:0, instance:com.Digitalcodes.testcases.Title_SectionPage_Test@29f0c4f2]" started-at="2023-06-07T12:44:59 IST" name="log_result" finished-at="2023-06-07T12:44:59 IST" duration-ms="53" status="PASS">
          <params>
            <param index="0">
              <value>
                <![CDATA[[TestResult name=TC19_verifyLinksOnChapter status=SUCCESS method=Title_SectionPage_Test.TC19_verifyLinksOnChapter(java.lang.String,java.lang.String,java.lang.String,java.lang.String)[pri:7, instance:com.Digitalcodes.testcases.Title_SectionPage_Test@29f0c4f2] output={null}]]]>
              </value>
            </param>
          </params>
          <reporter-output>
          </reporter-output>
        </test-method> <!-- log_result -->
      </class> <!-- com.Digitalcodes.testcases.Title_SectionPage_Test -->
      <class name="com.Digitalcodes.testcases.Title_Collection_Test">
        <test-method is-config="true" signature="beforeClass()[pri:0, instance:com.Digitalcodes.testcases.Title_Collection_Test@7435a578]" started-at="2023-06-07T12:44:59 IST" name="beforeClass" finished-at="2023-06-07T12:44:59 IST" duration-ms="3" status="PASS">
          <reporter-output>
          </reporter-output>
        </test-method> <!-- beforeClass -->
        <test-method is-config="true" signature="beforeclassCollection()[pri:0, instance:com.Digitalcodes.testcases.Title_Collection_Test@7435a578]" started-at="2023-06-07T12:44:59 IST" name="beforeclassCollection" finished-at="2023-06-07T12:44:59 IST" duration-ms="9" status="PASS">
          <reporter-output>
          </reporter-output>
        </test-method> <!-- beforeclassCollection -->
        <test-method signature="TC28_verifyCollectionLandingPage(java.lang.String,java.lang.String,java.lang.String,java.lang.String)[pri:1, instance:com.Digitalcodes.testcases.Title_Collection_Test@7435a578]" started-at="2023-06-07T12:44:59 IST" name="TC28_verifyCollectionLandingPage" description="Verify user able to navigate to Collection title" data-provider="collection" finished-at="2023-06-07T12:45:15 IST" duration-ms="15717" status="PASS">
          <params>
            <param index="0">
              <value>
                <![CDATA[Collections]]>
              </value>
            </param>
            <param index="1">
              <value>
                <![CDATA[Premium Complete]]>
              </value>
            </param>
            <param index="2">
              <value>
                <![CDATA[2023 Analysis of Changes, 2023 NEC]]>
              </value>
            </param>
            <param index="3">
              <value>
                <![CDATA[CHAPTER 1 GENERAL]]>
              </value>
            </param>
          </params>
          <reporter-output>
          </reporter-output>
        </test-method> <!-- TC28_verifyCollectionLandingPage -->
        <test-method is-config="true" signature="afterMethod_Collection()[pri:0, instance:com.Digitalcodes.testcases.Title_Collection_Test@7435a578]" started-at="2023-06-07T12:45:15 IST" name="afterMethod_Collection" finished-at="2023-06-07T12:45:15 IST" duration-ms="82" status="PASS">
          <reporter-output>
          </reporter-output>
        </test-method> <!-- afterMethod_Collection -->
        <test-method is-config="true" signature="log_result(org.testng.ITestResult)[pri:0, instance:com.Digitalcodes.testcases.Title_Collection_Test@7435a578]" started-at="2023-06-07T12:45:15 IST" name="log_result" finished-at="2023-06-07T12:45:15 IST" duration-ms="59" status="PASS">
          <params>
            <param index="0">
              <value>
                <![CDATA[[TestResult name=TC28_verifyCollectionLandingPage status=SUCCESS method=Title_Collection_Test.TC28_verifyCollectionLandingPage(java.lang.String,java.lang.String,java.lang.String,java.lang.String)[pri:1, instance:com.Digitalcodes.testcases.Title_Collection_Test@7435a578] output={null}]]]>
              </value>
            </param>
          </params>
          <reporter-output>
          </reporter-output>
        </test-method> <!-- log_result -->
        <test-method signature="TC29_verifySection_collectionTitles(java.lang.String,java.lang.String,java.lang.String,java.lang.String)[pri:2, instance:com.Digitalcodes.testcases.Title_Collection_Test@7435a578]" started-at="2023-06-07T12:45:15 IST" name="TC29_verifySection_collectionTitles" description="Verify user able to navigate to Section on Collection title" data-provider="collection" finished-at="2023-06-07T12:45:24 IST" duration-ms="8830" status="PASS">
          <params>
            <param index="0">
              <value>
                <![CDATA[Collections]]>
              </value>
            </param>
            <param index="1">
              <value>
                <![CDATA[Premium Complete]]>
              </value>
            </param>
            <param index="2">
              <value>
                <![CDATA[2023 Analysis of Changes, 2023 NEC]]>
              </value>
            </param>
            <param index="3">
              <value>
                <![CDATA[CHAPTER 1 GENERAL]]>
              </value>
            </param>
          </params>
          <reporter-output>
          </reporter-output>
        </test-method> <!-- TC29_verifySection_collectionTitles -->
        <test-method is-config="true" signature="afterMethod_Collection()[pri:0, instance:com.Digitalcodes.testcases.Title_Collection_Test@7435a578]" started-at="2023-06-07T12:45:24 IST" name="afterMethod_Collection" finished-at="2023-06-07T12:45:24 IST" duration-ms="78" status="PASS">
          <reporter-output>
          </reporter-output>
        </test-method> <!-- afterMethod_Collection -->
        <test-method is-config="true" signature="log_result(org.testng.ITestResult)[pri:0, instance:com.Digitalcodes.testcases.Title_Collection_Test@7435a578]" started-at="2023-06-07T12:45:24 IST" name="log_result" finished-at="2023-06-07T12:45:24 IST" duration-ms="125" status="PASS">
          <params>
            <param index="0">
              <value>
                <![CDATA[[TestResult name=TC29_verifySection_collectionTitles status=SUCCESS method=Title_Collection_Test.TC29_verifySection_collectionTitles(java.lang.String,java.lang.String,java.lang.String,java.lang.String)[pri:2, instance:com.Digitalcodes.testcases.Title_Collection_Test@7435a578] output={null}]]]>
              </value>
            </param>
          </params>
          <reporter-output>
          </reporter-output>
        </test-method> <!-- log_result -->
        <test-method signature="TC34_verifyRecentlyAddedTitle_Collection(java.lang.String,java.lang.String,java.lang.String,java.lang.String)[pri:7, instance:com.Digitalcodes.testcases.Title_Collection_Test@7435a578]" started-at="2023-06-07T12:45:24 IST" name="TC34_verifyRecentlyAddedTitle_Collection" description="Verify user able to Navigate to Recently Added titles of Collection" data-provider="Premium Complete" finished-at="2023-06-07T12:45:28 IST" duration-ms="3258" status="PASS">
          <params>
            <param index="0">
              <value>
                <![CDATA[Collections]]>
              </value>
            </param>
            <param index="1">
              <value>
                <![CDATA[Premium Complete]]>
              </value>
            </param>
            <param index="2">
              <value>
                <![CDATA[2023 Analysis of Changes, 2023 NEC]]>
              </value>
            </param>
            <param index="3">
              <value>
                <![CDATA[CHAPTER 1 GENERAL]]>
              </value>
            </param>
          </params>
          <reporter-output>
          </reporter-output>
        </test-method> <!-- TC34_verifyRecentlyAddedTitle_Collection -->
        <test-method is-config="true" signature="afterMethod_Collection()[pri:0, instance:com.Digitalcodes.testcases.Title_Collection_Test@7435a578]" started-at="2023-06-07T12:45:28 IST" name="afterMethod_Collection" finished-at="2023-06-07T12:45:28 IST" duration-ms="224" status="PASS">
          <reporter-output>
          </reporter-output>
        </test-method> <!-- afterMethod_Collection -->
        <test-method is-config="true" signature="log_result(org.testng.ITestResult)[pri:0, instance:com.Digitalcodes.testcases.Title_Collection_Test@7435a578]" started-at="2023-06-07T12:45:28 IST" name="log_result" finished-at="2023-06-07T12:45:28 IST" duration-ms="24" status="PASS">
          <params>
            <param index="0">
              <value>
                <![CDATA[[TestResult name=TC34_verifyRecentlyAddedTitle_Collection status=SUCCESS method=Title_Collection_Test.TC34_verifyRecentlyAddedTitle_Collection(java.lang.String,java.lang.String,java.lang.String,java.lang.String)[pri:7, instance:com.Digitalcodes.testcases.Title_Collection_Test@7435a578] output={null}]]]>
              </value>
            </param>
          </params>
          <reporter-output>
          </reporter-output>
        </test-method> <!-- log_result -->
      </class> <!-- com.Digitalcodes.testcases.Title_Collection_Test -->
      <class name="com.Digitalcodes.testcases.Title_Commentary_Test">
        <test-method is-config="true" signature="beforeClass()[pri:0, instance:com.Digitalcodes.testcases.Title_Commentary_Test@13047d7d]" started-at="2023-06-07T12:45:28 IST" name="beforeClass" finished-at="2023-06-07T12:45:28 IST" duration-ms="2" status="PASS">
          <reporter-output>
          </reporter-output>
        </test-method> <!-- beforeClass -->
        <test-method signature="TC34_verifyHideCommentary(java.lang.String,java.lang.String,java.lang.String,java.lang.String)[pri:1, instance:com.Digitalcodes.testcases.Title_Commentary_Test@13047d7d]" started-at="2023-06-07T12:45:28 IST" name="TC34_verifyHideCommentary" description="Verify User able to Hide commentary section" data-provider="Commentary" finished-at="2023-06-07T12:45:43 IST" duration-ms="15017" status="PASS">
          <params>
            <param index="0">
              <value>
                <![CDATA[Commentaries]]>
              </value>
            </param>
            <param index="1">
              <value>
                <![CDATA[2021 Commentaries]]>
              </value>
            </param>
            <param index="2">
              <value>
                <![CDATA[2021 IBC Code and Commentary Volume 1 (IBC)]]>
              </value>
            </param>
            <param index="3">
              <value>
                <![CDATA[Chapter 3: Occupancy Classification and Use]]>
              </value>
            </param>
          </params>
          <reporter-output>
          </reporter-output>
        </test-method> <!-- TC34_verifyHideCommentary -->
        <test-method is-config="true" signature="log_result(org.testng.ITestResult)[pri:0, instance:com.Digitalcodes.testcases.Title_Commentary_Test@13047d7d]" started-at="2023-06-07T12:45:43 IST" name="log_result" finished-at="2023-06-07T12:45:43 IST" duration-ms="26" status="PASS">
          <params>
            <param index="0">
              <value>
                <![CDATA[[TestResult name=TC34_verifyHideCommentary status=SUCCESS method=Title_Commentary_Test.TC34_verifyHideCommentary(java.lang.String,java.lang.String,java.lang.String,java.lang.String)[pri:1, instance:com.Digitalcodes.testcases.Title_Commentary_Test@13047d7d] output={null}]]]>
              </value>
            </param>
          </params>
          <reporter-output>
          </reporter-output>
        </test-method> <!-- log_result -->
      </class> <!-- com.Digitalcodes.testcases.Title_Commentary_Test -->
      <class name="com.Digitalcodes.testcases.TableOfContent_Test">
        <test-method is-config="true" signature="beforeClass()[pri:0, instance:com.Digitalcodes.testcases.TableOfContent_Test@2227a6c1]" started-at="2023-06-07T12:42:09 IST" name="beforeClass" finished-at="2023-06-07T12:42:09 IST" duration-ms="3" status="PASS">
          <reporter-output>
          </reporter-output>
        </test-method> <!-- beforeClass -->
        <test-method signature="TC07_verifyMyNotes_FromTOC(java.lang.String,java.lang.String,java.lang.String,java.lang.String)[pri:1, instance:com.Digitalcodes.testcases.TableOfContent_Test@2227a6c1]" started-at="2023-06-07T12:42:09 IST" name="TC07_verifyMyNotes_FromTOC" description="Verify my notes From Table Of Content when user have no any notes " data-provider="SingleTitle" finished-at="2023-06-07T12:42:39 IST" duration-ms="30071" status="FAIL">
          <params>
            <param index="0">
              <value>
                <![CDATA[I-Codes]]>
              </value>
            </param>
            <param index="1">
              <value>
                <![CDATA[2021 I-Codes]]>
              </value>
            </param>
            <param index="2">
              <value>
                <![CDATA[2021 International Building Code (IBC)]]>
              </value>
            </param>
            <param index="3">
              <value>
                <![CDATA[CHAPTER 2 DEFINITIONS]]>
              </value>
            </param>
          </params>
          <exception class="org.openqa.selenium.NoSuchElementException">
            <message>
              <![CDATA[no such element: Unable to locate element: {"method":"xpath","selector":"//p[@class='caption text-center']"}
  (Session info: chrome=114.0.5735.91)
For documentation on this error, please visit: https://selenium.dev/exceptions/#no_such_element
Build info: version: '4.9.0', revision: 'd7057100a6'
System info: os.name: 'Windows 10', os.arch: 'amd64', os.version: '10.0', java.version: '17.0.5'
Driver info: org.openqa.selenium.chrome.ChromeDriver
Command: [42c2b675014c04b85a9728ccef4e08cb, findElement {using=xpath, value=//p[@class='caption text-center']}]
Capabilities {acceptInsecureCerts: false, browserName: chrome, browserVersion: 114.0.5735.91, chrome: {chromedriverVersion: 114.0.5735.90 (386bc09e8f4f..., userDataDir: C:\Users\VRUSHA~1\AppData\L...}, goog:chromeOptions: {debuggerAddress: localhost:57828}, networkConnectionEnabled: false, pageLoadStrategy: normal, platformName: WINDOWS, proxy: Proxy(), se:cdp: ws://localhost:57828/devtoo..., se:cdpVersion: 114.0.5735.91, setWindowRect: true, strictFileInteractability: false, timeouts: {implicit: 0, pageLoad: 300000, script: 30000}, unhandledPromptBehavior: dismiss and notify, webauthn:extension:credBlob: true, webauthn:extension:largeBlob: true, webauthn:extension:minPinLength: true, webauthn:extension:prf: true, webauthn:virtualAuthenticators: true}
Session ID: 42c2b675014c04b85a9728ccef4e08cb]]>
            </message>
            <full-stacktrace>
              <![CDATA[org.openqa.selenium.NoSuchElementException: no such element: Unable to locate element: {"method":"xpath","selector":"//p[@class='caption text-center']"}
  (Session info: chrome=114.0.5735.91)
For documentation on this error, please visit: https://selenium.dev/exceptions/#no_such_element
Build info: version: '4.9.0', revision: 'd7057100a6'
System info: os.name: 'Windows 10', os.arch: 'amd64', os.version: '10.0', java.version: '17.0.5'
Driver info: org.openqa.selenium.chrome.ChromeDriver
Command: [42c2b675014c04b85a9728ccef4e08cb, findElement {using=xpath, value=//p[@class='caption text-center']}]
Capabilities {acceptInsecureCerts: false, browserName: chrome, browserVersion: 114.0.5735.91, chrome: {chromedriverVersion: 114.0.5735.90 (386bc09e8f4f..., userDataDir: C:\Users\VRUSHA~1\AppData\L...}, goog:chromeOptions: {debuggerAddress: localhost:57828}, networkConnectionEnabled: false, pageLoadStrategy: normal, platformName: WINDOWS, proxy: Proxy(), se:cdp: ws://localhost:57828/devtoo..., se:cdpVersion: 114.0.5735.91, setWindowRect: true, strictFileInteractability: false, timeouts: {implicit: 0, pageLoad: 300000, script: 30000}, unhandledPromptBehavior: dismiss and notify, webauthn:extension:credBlob: true, webauthn:extension:largeBlob: true, webauthn:extension:minPinLength: true, webauthn:extension:prf: true, webauthn:virtualAuthenticators: true}
Session ID: 42c2b675014c04b85a9728ccef4e08cb
at java.base/jdk.internal.reflect.NativeConstructorAccessorImpl.newInstance0(Native Method)
at java.base/jdk.internal.reflect.NativeConstructorAccessorImpl.newInstance(NativeConstructorAccessorImpl.java:77)
at java.base/jdk.internal.reflect.DelegatingConstructorAccessorImpl.newInstance(DelegatingConstructorAccessorImpl.java:45)
at java.base/java.lang.reflect.Constructor.newInstanceWithCaller(Constructor.java:499)
at java.base/java.lang.reflect.Constructor.newInstance(Constructor.java:480)
at org.openqa.selenium.remote.codec.w3c.W3CHttpResponseCodec.createException(W3CHttpResponseCodec.java:200)
at org.openqa.selenium.remote.codec.w3c.W3CHttpResponseCodec.decode(W3CHttpResponseCodec.java:133)
at org.openqa.selenium.remote.codec.w3c.W3CHttpResponseCodec.decode(W3CHttpResponseCodec.java:53)
at org.openqa.selenium.remote.HttpCommandExecutor.execute(HttpCommandExecutor.java:193)
at org.openqa.selenium.remote.service.DriverCommandExecutor.invokeExecute(DriverCommandExecutor.java:183)
at org.openqa.selenium.remote.service.DriverCommandExecutor.execute(DriverCommandExecutor.java:158)
at org.openqa.selenium.remote.RemoteWebDriver.execute(RemoteWebDriver.java:543)
at org.openqa.selenium.remote.ElementLocation$ElementFinder$2.findElement(ElementLocation.java:162)
at org.openqa.selenium.remote.ElementLocation.findElement(ElementLocation.java:60)
at org.openqa.selenium.remote.RemoteWebDriver.findElement(RemoteWebDriver.java:352)
at org.openqa.selenium.remote.RemoteWebDriver.findElement(RemoteWebDriver.java:344)
at org.openqa.selenium.support.pagefactory.DefaultElementLocator.findElement(DefaultElementLocator.java:70)
at org.openqa.selenium.support.pagefactory.internal.LocatingElementHandler.invoke(LocatingElementHandler.java:39)
at jdk.proxy2/jdk.proxy2.$Proxy20.isDisplayed(Unknown Source)
at com.Digitalcodes.pageobject.TableOfContent_Page.getTextInMyNotes(TableOfContent_Page.java:132)
at com.Digitalcodes.testcases.TableOfContent_Test.TC07_verifyMyNotes_FromTOC(TableOfContent_Test.java:27)
at java.base/jdk.internal.reflect.NativeMethodAccessorImpl.invoke0(Native Method)
at java.base/jdk.internal.reflect.NativeMethodAccessorImpl.invoke(NativeMethodAccessorImpl.java:77)
at java.base/jdk.internal.reflect.DelegatingMethodAccessorImpl.invoke(DelegatingMethodAccessorImpl.java:43)
at java.base/java.lang.reflect.Method.invoke(Method.java:568)
at org.testng.internal.MethodInvocationHelper.invokeMethod(MethodInvocationHelper.java:133)
at org.testng.internal.TestInvoker.invokeMethod(TestInvoker.java:598)
at org.testng.internal.TestInvoker.invokeTestMethod(TestInvoker.java:173)
at org.testng.internal.MethodRunner.runInSequence(MethodRunner.java:46)
at org.testng.internal.TestInvoker$MethodInvocationAgent.invoke(TestInvoker.java:824)
at org.testng.internal.TestInvoker.invokeTestMethods(TestInvoker.java:146)
at org.testng.internal.TestMethodWorker.invokeTestMethods(TestMethodWorker.java:146)
at org.testng.internal.TestMethodWorker.run(TestMethodWorker.java:128)
at java.base/java.util.ArrayList.forEach(ArrayList.java:1511)
at org.testng.TestRunner.privateRun(TestRunner.java:794)
at org.testng.TestRunner.run(TestRunner.java:596)
at org.testng.SuiteRunner.runTest(SuiteRunner.java:377)
at org.testng.SuiteRunner.runSequentially(SuiteRunner.java:371)
at org.testng.SuiteRunner.privateRun(SuiteRunner.java:332)
at org.testng.SuiteRunner.run(SuiteRunner.java:276)
at org.testng.SuiteRunnerWorker.runSuite(SuiteRunnerWorker.java:53)
at org.testng.SuiteRunnerWorker.run(SuiteRunnerWorker.java:96)
at org.testng.TestNG.runSuitesSequentially(TestNG.java:1212)
at org.testng.TestNG.runSuitesLocally(TestNG.java:1134)
at org.testng.TestNG.runSuites(TestNG.java:1063)
at org.testng.TestNG.run(TestNG.java:1031)
at org.apache.maven.surefire.testng.TestNGExecutor.run(TestNGExecutor.java:308)
at org.apache.maven.surefire.testng.TestNGXmlTestSuite.execute(TestNGXmlTestSuite.java:71)
at org.apache.maven.surefire.testng.TestNGProvider.invoke(TestNGProvider.java:113)
at org.apache.maven.surefire.booter.ForkedBooter.runSuitesInProcess(ForkedBooter.java:385)
at org.apache.maven.surefire.booter.ForkedBooter.execute(ForkedBooter.java:162)
at org.apache.maven.surefire.booter.ForkedBooter.run(ForkedBooter.java:507)
at org.apache.maven.surefire.booter.ForkedBooter.main(ForkedBooter.java:495)
]]>
            </full-stacktrace>
          </exception> <!-- org.openqa.selenium.NoSuchElementException -->
          <reporter-output>
          </reporter-output>
        </test-method> <!-- TC07_verifyMyNotes_FromTOC -->
        <test-method is-config="true" signature="log_result(org.testng.ITestResult)[pri:0, instance:com.Digitalcodes.testcases.TableOfContent_Test@2227a6c1]" started-at="2023-06-07T12:42:40 IST" name="log_result" finished-at="2023-06-07T12:42:40 IST" duration-ms="188" status="PASS">
          <params>
            <param index="0">
              <value>
                <![CDATA[[TestResult name=TC07_verifyMyNotes_FromTOC status=FAILURE method=TableOfContent_Test.TC07_verifyMyNotes_FromTOC(java.lang.String,java.lang.String,java.lang.String,java.lang.String)[pri:1, instance:com.Digitalcodes.testcases.TableOfContent_Test@2227a6c1] output={null}]]]>
              </value>
            </param>
          </params>
          <reporter-output>
          </reporter-output>
        </test-method> <!-- log_result -->
      </class> <!-- com.Digitalcodes.testcases.TableOfContent_Test -->
    </test> <!-- Smoke test for Premium user -->
  </suite> <!-- Digital Codes Smoke test -->
</testng-results>
