<?xml version="1.0" encoding="UTF-8"?>
<testng-results ignored="44" total="118" passed="70" failed="4" skipped="0">
  <reporter-output>
  </reporter-output>
  <suite started-at="2023-08-08T17:26:33 IST" name="Regression test" finished-at="2023-08-08T17:49:34 IST" duration-ms="1381341">
    <groups>
      <group name="Regression">
        <method signature="ContentSearch_Test.TC42_verifySearchWithinTitle(java.lang.String,java.lang.String,java.lang.String,java.lang.String,java.lang.String)[pri:1, instance:com.Digitalcodes.testcases.ContentSearch_Test@989da1]" name="TC42_verifySearchWithinTitle" class="com.Digitalcodes.testcases.ContentSearch_Test"/>
        <method signature="ContentSearch_Test.TC43_verifyText_FiltersApplyed()[pri:0, instance:com.Digitalcodes.testcases.ContentSearch_Test@989da1]" name="TC43_verifyText_FiltersApplyed" class="com.Digitalcodes.testcases.ContentSearch_Test"/>
        <method signature="ContentSearch_Test.TC44_verifyContentSearch(java.lang.String,java.lang.String)[pri:2, instance:com.Digitalcodes.testcases.ContentSearch_Test@989da1]" name="TC44_verifyContentSearch" class="com.Digitalcodes.testcases.ContentSearch_Test"/>
        <method signature="ContentSearch_Test.TC46_verifyJumpToSection(java.lang.String,java.lang.String)[pri:3, instance:com.Digitalcodes.testcases.ContentSearch_Test@989da1]" name="TC46_verifyJumpToSection" class="com.Digitalcodes.testcases.ContentSearch_Test"/>
        <method signature="ContentSearch_Test.TC47_verifyCopyAndPrintThisSection()[pri:4, instance:com.Digitalcodes.testcases.ContentSearch_Test@989da1]" name="TC47_verifyCopyAndPrintThisSection" class="com.Digitalcodes.testcases.ContentSearch_Test"/>
        <method signature="ContentSearch_Test.TC48_verifyShareThisSection()[pri:4, instance:com.Digitalcodes.testcases.ContentSearch_Test@989da1]" name="TC48_verifyShareThisSection" class="com.Digitalcodes.testcases.ContentSearch_Test"/>
        <method signature="ContentSearch_Test.TC49_verifyCreateBookmark()[pri:5, instance:com.Digitalcodes.testcases.ContentSearch_Test@989da1]" name="TC49_verifyCreateBookmark" class="com.Digitalcodes.testcases.ContentSearch_Test"/>
        <method signature="ContentSearch_Test.TC50_verifyShareEditDeleteBookmark(java.lang.String,java.lang.String)[pri:6, instance:com.Digitalcodes.testcases.ContentSearch_Test@989da1]" name="TC50_verifyShareEditDeleteBookmark" class="com.Digitalcodes.testcases.ContentSearch_Test"/>
        <method signature="ContentSearch_Test.TC51_verifyAdvanceTermSearch(java.lang.String,java.lang.String,java.lang.String,java.lang.String)[pri:7, instance:com.Digitalcodes.testcases.ContentSearch_Test@989da1]" name="TC51_verifyAdvanceTermSearch" class="com.Digitalcodes.testcases.ContentSearch_Test"/>
        <method signature="ContentSearch_Test.TC52_verifyNearSearch(java.lang.String,java.lang.String)[pri:8, instance:com.Digitalcodes.testcases.ContentSearch_Test@989da1]" name="TC52_verifyNearSearch" class="com.Digitalcodes.testcases.ContentSearch_Test"/>
        <method signature="ContentSearch_Test.TC53_verifyShowRelevantTitles(java.lang.String,java.lang.String)[pri:9, instance:com.Digitalcodes.testcases.ContentSearch_Test@989da1]" name="TC53_verifyShowRelevantTitles" class="com.Digitalcodes.testcases.ContentSearch_Test"/>
        <method signature="ContentSearch_Test.TC54_verifySaveDeleteContentSerach(java.lang.String,java.lang.String)[pri:10, instance:com.Digitalcodes.testcases.ContentSearch_Test@989da1]" name="TC54_verifySaveDeleteContentSerach" class="com.Digitalcodes.testcases.ContentSearch_Test"/>
        <method signature="ContentSearch_Test.TC55_verifymarkFavorite_unFavoriteTitleformConetntSearch(java.lang.String,java.lang.String)[pri:11, instance:com.Digitalcodes.testcases.ContentSearch_Test@989da1]" name="TC55_verifymarkFavorite_unFavoriteTitleformConetntSearch" class="com.Digitalcodes.testcases.ContentSearch_Test"/>
        <method signature="ContentSearch_Test.TC56_verifyPaginationinContentSearch(java.lang.String,java.lang.String)[pri:12, instance:com.Digitalcodes.testcases.ContentSearch_Test@989da1]" name="TC56_verifyPaginationinContentSearch" class="com.Digitalcodes.testcases.ContentSearch_Test"/>
        <method signature="PremiumTools_QuickAccess_Test.TC37_verifyAccessSection_QuickAccess(java.lang.String,java.lang.String,java.lang.String,java.lang.Object,java.lang.String)[pri:1, instance:com.Digitalcodes.testcases.PremiumTools_QuickAccess_Test@3eed0f5]" name="TC37_verifyAccessSection_QuickAccess" class="com.Digitalcodes.testcases.PremiumTools_QuickAccess_Test"/>
        <method signature="PremiumTools_QuickAccess_Test.TC38_verifyActionsOnSection_QuickAccess(java.lang.String,java.lang.String)[pri:2, instance:com.Digitalcodes.testcases.PremiumTools_QuickAccess_Test@3eed0f5]" name="TC38_verifyActionsOnSection_QuickAccess" class="com.Digitalcodes.testcases.PremiumTools_QuickAccess_Test"/>
        <method signature="PremiumTools_QuickAccess_Test.TC39_verifyShare_Edit_DeleteBookmakr_QuickAccess(java.lang.String,java.lang.String)[pri:3, instance:com.Digitalcodes.testcases.PremiumTools_QuickAccess_Test@3eed0f5]" name="TC39_verifyShare_Edit_DeleteBookmakr_QuickAccess" class="com.Digitalcodes.testcases.PremiumTools_QuickAccess_Test"/>
        <method signature="PremiumTools_QuickAccess_Test.TC40_verifyRecentlyQuickAccessedSections_QuickAccess(java.lang.String,java.lang.String)[pri:4, instance:com.Digitalcodes.testcases.PremiumTools_QuickAccess_Test@3eed0f5]" name="TC40_verifyRecentlyQuickAccessedSections_QuickAccess" class="com.Digitalcodes.testcases.PremiumTools_QuickAccess_Test"/>
        <method signature="Title_ASTMStanderds_Test.TC34_verifyNavigateToASTM_FromLinks(java.lang.String,java.lang.String,java.lang.String,java.lang.String,java.lang.String,java.lang.String)[pri:1, instance:com.Digitalcodes.testcases.Title_ASTMStanderds_Test@31cb96e1]" name="TC34_verifyNavigateToASTM_FromLinks" class="com.Digitalcodes.testcases.Title_ASTMStanderds_Test"/>
        <method signature="Title_ASTMStanderds_Test.TC35_verifyNavigateToASTM(java.lang.String,java.lang.String,java.lang.String,java.lang.String,java.lang.String)[pri:2, instance:com.Digitalcodes.testcases.Title_ASTMStanderds_Test@31cb96e1]" name="TC35_verifyNavigateToASTM" class="com.Digitalcodes.testcases.Title_ASTMStanderds_Test"/>
        <method signature="Title_ASTMStanderds_Test.TC36_verifyASTMSection()[pri:0, instance:com.Digitalcodes.testcases.Title_ASTMStanderds_Test@31cb96e1]" name="TC36_verifyASTMSection" class="com.Digitalcodes.testcases.Title_ASTMStanderds_Test"/>
        <method signature="Title_Basic_Test.TC33_verifyNgviateToBasicTitle(java.lang.String,java.lang.String,java.lang.String)[pri:1, instance:com.Digitalcodes.testcases.Title_Basic_Test@562c877a]" name="TC33_verifyNgviateToBasicTitle" class="com.Digitalcodes.testcases.Title_Basic_Test"/>
        <method signature="Title_Commentary_Test.TC34_verifyHideCommentary(java.lang.String,java.lang.String,java.lang.String,java.lang.String)[pri:1, instance:com.Digitalcodes.testcases.Title_Commentary_Test@4cafa9aa]" name="TC34_verifyHideCommentary" class="com.Digitalcodes.testcases.Title_Commentary_Test"/>
        <method signature="Title_SectionPage_Test.TC09_verifyCreateNotes_atSection(java.lang.String,java.lang.String,java.lang.String,java.lang.String,java.lang.String)[pri:1, instance:com.Digitalcodes.testcases.Title_SectionPage_Test@65004ff6]" name="TC09_verifyCreateNotes_atSection" class="com.Digitalcodes.testcases.Title_SectionPage_Test"/>
        <method signature="Title_SectionPage_Test.TC10_verifyCreateBookmark_atSection(java.lang.String,java.lang.String,java.lang.String,java.lang.String,java.lang.String)[pri:2, instance:com.Digitalcodes.testcases.Title_SectionPage_Test@65004ff6]" name="TC10_verifyCreateBookmark_atSection" class="com.Digitalcodes.testcases.Title_SectionPage_Test"/>
        <method signature="Title_SectionPage_Test.TC11_verifyShareSection_FromSection(java.lang.String,java.lang.String,java.lang.String,java.lang.String,java.lang.String)[pri:3, instance:com.Digitalcodes.testcases.Title_SectionPage_Test@65004ff6]" name="TC11_verifyShareSection_FromSection" class="com.Digitalcodes.testcases.Title_SectionPage_Test"/>
        <method signature="Title_SectionPage_Test.TC12_verifyPrintSection_FromSection()[pri:0, instance:com.Digitalcodes.testcases.Title_SectionPage_Test@65004ff6]" name="TC12_verifyPrintSection_FromSection" class="com.Digitalcodes.testcases.Title_SectionPage_Test"/>
        <method signature="Title_SectionPage_Test.TC13_verifyShareNote_FromSction(java.lang.String,java.lang.String,java.lang.String,java.lang.String,java.lang.String)[pri:4, instance:com.Digitalcodes.testcases.Title_SectionPage_Test@65004ff6]" name="TC13_verifyShareNote_FromSction" class="com.Digitalcodes.testcases.Title_SectionPage_Test"/>
        <method signature="Title_SectionPage_Test.TC14_verifyEditNotes_FromSection()[pri:0, instance:com.Digitalcodes.testcases.Title_SectionPage_Test@65004ff6]" name="TC14_verifyEditNotes_FromSection" class="com.Digitalcodes.testcases.Title_SectionPage_Test"/>
        <method signature="Title_SectionPage_Test.TC15_verifyDeleteNotes_FromSection()[pri:0, instance:com.Digitalcodes.testcases.Title_SectionPage_Test@65004ff6]" name="TC15_verifyDeleteNotes_FromSection" class="com.Digitalcodes.testcases.Title_SectionPage_Test"/>
        <method signature="Title_SectionPage_Test.TC16_verifyShareBookmark_FromSection(java.lang.String,java.lang.String,java.lang.String,java.lang.String,java.lang.String)[pri:5, instance:com.Digitalcodes.testcases.Title_SectionPage_Test@65004ff6]" name="TC16_verifyShareBookmark_FromSection" class="com.Digitalcodes.testcases.Title_SectionPage_Test"/>
        <method signature="Title_SectionPage_Test.TC17_verifyEditBookmark_FromSection()[pri:0, instance:com.Digitalcodes.testcases.Title_SectionPage_Test@65004ff6]" name="TC17_verifyEditBookmark_FromSection" class="com.Digitalcodes.testcases.Title_SectionPage_Test"/>
        <method signature="Title_SectionPage_Test.TC18_verifyDeleteBookmark_FromSection()[pri:0, instance:com.Digitalcodes.testcases.Title_SectionPage_Test@65004ff6]" name="TC18_verifyDeleteBookmark_FromSection" class="com.Digitalcodes.testcases.Title_SectionPage_Test"/>
        <method signature="Title_SectionPage_Test.TC19_verifyLinksOnChapter(java.lang.String,java.lang.String,java.lang.String,java.lang.String,java.lang.String)[pri:6, instance:com.Digitalcodes.testcases.Title_SectionPage_Test@65004ff6]" name="TC19_verifyLinksOnChapter" class="com.Digitalcodes.testcases.Title_SectionPage_Test"/>
        <method signature="Title_SectionPage_Test.TC20_verifyCreateNotes_atSubsection(java.lang.String,java.lang.String,java.lang.String,java.lang.String,java.lang.String)[pri:7, instance:com.Digitalcodes.testcases.Title_SectionPage_Test@65004ff6]" name="TC20_verifyCreateNotes_atSubsection" class="com.Digitalcodes.testcases.Title_SectionPage_Test"/>
        <method signature="Title_SectionPage_Test.TC21_verifyCreateBookmark_atSubsection(java.lang.String,java.lang.String,java.lang.String,java.lang.String,java.lang.String)[pri:8, instance:com.Digitalcodes.testcases.Title_SectionPage_Test@65004ff6]" name="TC21_verifyCreateBookmark_atSubsection" class="com.Digitalcodes.testcases.Title_SectionPage_Test"/>
        <method signature="Title_SectionPage_Test.TC22_verifyShareSection_FromSubSection(java.lang.String,java.lang.String,java.lang.String,java.lang.String,java.lang.String)[pri:9, instance:com.Digitalcodes.testcases.Title_SectionPage_Test@65004ff6]" name="TC22_verifyShareSection_FromSubSection" class="com.Digitalcodes.testcases.Title_SectionPage_Test"/>
        <method signature="Title_SectionPage_Test.TC24_verifyCreateNotes_atChildSubsection(java.lang.String,java.lang.String,java.lang.String,java.lang.String,java.lang.String)[pri:11, instance:com.Digitalcodes.testcases.Title_SectionPage_Test@65004ff6]" name="TC24_verifyCreateNotes_atChildSubsection" class="com.Digitalcodes.testcases.Title_SectionPage_Test"/>
        <method signature="Title_SectionPage_Test.TC25_verifyCreateBookmark_atChildSubsection(java.lang.String,java.lang.String,java.lang.String,java.lang.String,java.lang.String)[pri:12, instance:com.Digitalcodes.testcases.Title_SectionPage_Test@65004ff6]" name="TC25_verifyCreateBookmark_atChildSubsection" class="com.Digitalcodes.testcases.Title_SectionPage_Test"/>
        <method signature="Title_SectionPage_Test.TC26_verifyShareSection_atChildSubsection(java.lang.String,java.lang.String,java.lang.String,java.lang.String,java.lang.String)[pri:13, instance:com.Digitalcodes.testcases.Title_SectionPage_Test@65004ff6]" name="TC26_verifyShareSection_atChildSubsection" class="com.Digitalcodes.testcases.Title_SectionPage_Test"/>
        <method signature="Title_SectionPage_Test.TC27_verifyPrintSection_FromChildSubSection()[pri:14, instance:com.Digitalcodes.testcases.Title_SectionPage_Test@65004ff6]" name="TC27_verifyPrintSection_FromChildSubSection" class="com.Digitalcodes.testcases.Title_SectionPage_Test"/>
        <method signature="Login_Test.TC01_loginValidData(java.lang.String,java.lang.String,java.lang.String,java.lang.String,java.lang.String)[pri:1, instance:com.Digitalcodes.testcases.Login_Test@58cec85b]" name="TC01_loginValidData" class="com.Digitalcodes.testcases.Login_Test"/>
        <method signature="Login_Test.TC02_verifyUserInformation()[pri:2, instance:com.Digitalcodes.testcases.Login_Test@58cec85b]" name="TC02_verifyUserInformation" class="com.Digitalcodes.testcases.Login_Test"/>
        <method signature="Registration_Test.TC_Registeruser_ValidData()[pri:1, instance:com.Digitalcodes.testcases.Registration_Test@677b8e13]" name="TC_Registeruser_ValidData" class="com.Digitalcodes.testcases.Registration_Test"/>
        <method signature="TableOfContent_Test.TC07_verifyMyNotes_FromTOC(java.lang.String,java.lang.String,java.lang.String,java.lang.String,java.lang.String)[pri:1, instance:com.Digitalcodes.testcases.TableOfContent_Test@3adbe50f]" name="TC07_verifyMyNotes_FromTOC" class="com.Digitalcodes.testcases.TableOfContent_Test"/>
        <method signature="Title_LandingPage_Test.TC04_verifyTitleLandingPage(java.lang.String,java.lang.String,java.lang.String,java.lang.String,java.lang.String)[pri:1, instance:com.Digitalcodes.testcases.Title_LandingPage_Test@20ed3303]" name="TC04_verifyTitleLandingPage" class="com.Digitalcodes.testcases.Title_LandingPage_Test"/>
        <method signature="Title_LandingPage_Test.TC05_verifyMarkFavoriteTitle(java.lang.String,java.lang.String,java.lang.String,java.lang.String,java.lang.String)[pri:2, instance:com.Digitalcodes.testcases.Title_LandingPage_Test@20ed3303]" name="TC05_verifyMarkFavoriteTitle" class="com.Digitalcodes.testcases.Title_LandingPage_Test"/>
        <method signature="Title_LandingPage_Test.TC06_verifyChangeVersion_ReleatedTitles_Categories(java.lang.String,java.lang.String,java.lang.String,java.lang.String,java.lang.String)[pri:3, instance:com.Digitalcodes.testcases.Title_LandingPage_Test@20ed3303]" name="TC06_verifyChangeVersion_ReleatedTitles_Categories" class="com.Digitalcodes.testcases.Title_LandingPage_Test"/>
        <method signature="Title_Purchase_Test.TC_PurchaseTitle()[pri:2, instance:com.Digitalcodes.testcases.Title_Purchase_Test@629f066f]" name="TC_PurchaseTitle" class="com.Digitalcodes.testcases.Title_Purchase_Test"/>
        <method signature="Title_Purchase_Test.TC_verifyUpdateQutentiy_RemoveIncart()[pri:1, instance:com.Digitalcodes.testcases.Title_Purchase_Test@629f066f]" name="TC_verifyUpdateQutentiy_RemoveIncart" class="com.Digitalcodes.testcases.Title_Purchase_Test"/>
        <method signature="Title_SectionPage_Test.TC23_verifyPrintSection_FromSubSection()[pri:10, instance:com.Digitalcodes.testcases.Title_SectionPage_Test@65004ff6]" name="TC23_verifyPrintSection_FromSubSection" class="com.Digitalcodes.testcases.Title_SectionPage_Test"/>
      </group> <!-- Regression -->
      <group name="Smoke">
        <method signature="ContentSearch_Test.TC42_verifySearchWithinTitle(java.lang.String,java.lang.String,java.lang.String,java.lang.String,java.lang.String)[pri:1, instance:com.Digitalcodes.testcases.ContentSearch_Test@989da1]" name="TC42_verifySearchWithinTitle" class="com.Digitalcodes.testcases.ContentSearch_Test"/>
        <method signature="ContentSearch_Test.TC43_verifyText_FiltersApplyed()[pri:0, instance:com.Digitalcodes.testcases.ContentSearch_Test@989da1]" name="TC43_verifyText_FiltersApplyed" class="com.Digitalcodes.testcases.ContentSearch_Test"/>
        <method signature="ContentSearch_Test.TC44_verifyContentSearch(java.lang.String,java.lang.String)[pri:2, instance:com.Digitalcodes.testcases.ContentSearch_Test@989da1]" name="TC44_verifyContentSearch" class="com.Digitalcodes.testcases.ContentSearch_Test"/>
        <method signature="ContentSearch_Test.TC46_verifyJumpToSection(java.lang.String,java.lang.String)[pri:3, instance:com.Digitalcodes.testcases.ContentSearch_Test@989da1]" name="TC46_verifyJumpToSection" class="com.Digitalcodes.testcases.ContentSearch_Test"/>
        <method signature="ContentSearch_Test.TC47_verifyCopyAndPrintThisSection()[pri:4, instance:com.Digitalcodes.testcases.ContentSearch_Test@989da1]" name="TC47_verifyCopyAndPrintThisSection" class="com.Digitalcodes.testcases.ContentSearch_Test"/>
        <method signature="ContentSearch_Test.TC48_verifyShareThisSection()[pri:4, instance:com.Digitalcodes.testcases.ContentSearch_Test@989da1]" name="TC48_verifyShareThisSection" class="com.Digitalcodes.testcases.ContentSearch_Test"/>
        <method signature="ContentSearch_Test.TC49_verifyCreateBookmark()[pri:5, instance:com.Digitalcodes.testcases.ContentSearch_Test@989da1]" name="TC49_verifyCreateBookmark" class="com.Digitalcodes.testcases.ContentSearch_Test"/>
        <method signature="ContentSearch_Test.TC50_verifyShareEditDeleteBookmark(java.lang.String,java.lang.String)[pri:6, instance:com.Digitalcodes.testcases.ContentSearch_Test@989da1]" name="TC50_verifyShareEditDeleteBookmark" class="com.Digitalcodes.testcases.ContentSearch_Test"/>
        <method signature="ContentSearch_Test.TC51_verifyAdvanceTermSearch(java.lang.String,java.lang.String,java.lang.String,java.lang.String)[pri:7, instance:com.Digitalcodes.testcases.ContentSearch_Test@989da1]" name="TC51_verifyAdvanceTermSearch" class="com.Digitalcodes.testcases.ContentSearch_Test"/>
        <method signature="ContentSearch_Test.TC52_verifyNearSearch(java.lang.String,java.lang.String)[pri:8, instance:com.Digitalcodes.testcases.ContentSearch_Test@989da1]" name="TC52_verifyNearSearch" class="com.Digitalcodes.testcases.ContentSearch_Test"/>
        <method signature="ContentSearch_Test.TC53_verifyShowRelevantTitles(java.lang.String,java.lang.String)[pri:9, instance:com.Digitalcodes.testcases.ContentSearch_Test@989da1]" name="TC53_verifyShowRelevantTitles" class="com.Digitalcodes.testcases.ContentSearch_Test"/>
        <method signature="ContentSearch_Test.TC54_verifySaveDeleteContentSerach(java.lang.String,java.lang.String)[pri:10, instance:com.Digitalcodes.testcases.ContentSearch_Test@989da1]" name="TC54_verifySaveDeleteContentSerach" class="com.Digitalcodes.testcases.ContentSearch_Test"/>
        <method signature="ContentSearch_Test.TC55_verifymarkFavorite_unFavoriteTitleformConetntSearch(java.lang.String,java.lang.String)[pri:11, instance:com.Digitalcodes.testcases.ContentSearch_Test@989da1]" name="TC55_verifymarkFavorite_unFavoriteTitleformConetntSearch" class="com.Digitalcodes.testcases.ContentSearch_Test"/>
        <method signature="ContentSearch_Test.TC56_verifyPaginationinContentSearch(java.lang.String,java.lang.String)[pri:12, instance:com.Digitalcodes.testcases.ContentSearch_Test@989da1]" name="TC56_verifyPaginationinContentSearch" class="com.Digitalcodes.testcases.ContentSearch_Test"/>
        <method signature="PremiumTools_QuickAccess_Test.TC37_verifyAccessSection_QuickAccess(java.lang.String,java.lang.String,java.lang.String,java.lang.Object,java.lang.String)[pri:1, instance:com.Digitalcodes.testcases.PremiumTools_QuickAccess_Test@3eed0f5]" name="TC37_verifyAccessSection_QuickAccess" class="com.Digitalcodes.testcases.PremiumTools_QuickAccess_Test"/>
        <method signature="PremiumTools_QuickAccess_Test.TC38_verifyActionsOnSection_QuickAccess(java.lang.String,java.lang.String)[pri:2, instance:com.Digitalcodes.testcases.PremiumTools_QuickAccess_Test@3eed0f5]" name="TC38_verifyActionsOnSection_QuickAccess" class="com.Digitalcodes.testcases.PremiumTools_QuickAccess_Test"/>
        <method signature="PremiumTools_QuickAccess_Test.TC39_verifyShare_Edit_DeleteBookmakr_QuickAccess(java.lang.String,java.lang.String)[pri:3, instance:com.Digitalcodes.testcases.PremiumTools_QuickAccess_Test@3eed0f5]" name="TC39_verifyShare_Edit_DeleteBookmakr_QuickAccess" class="com.Digitalcodes.testcases.PremiumTools_QuickAccess_Test"/>
        <method signature="Title_ASTMStanderds_Test.TC34_verifyNavigateToASTM_FromLinks(java.lang.String,java.lang.String,java.lang.String,java.lang.String,java.lang.String,java.lang.String)[pri:1, instance:com.Digitalcodes.testcases.Title_ASTMStanderds_Test@31cb96e1]" name="TC34_verifyNavigateToASTM_FromLinks" class="com.Digitalcodes.testcases.Title_ASTMStanderds_Test"/>
        <method signature="Title_ASTMStanderds_Test.TC35_verifyNavigateToASTM(java.lang.String,java.lang.String,java.lang.String,java.lang.String,java.lang.String)[pri:2, instance:com.Digitalcodes.testcases.Title_ASTMStanderds_Test@31cb96e1]" name="TC35_verifyNavigateToASTM" class="com.Digitalcodes.testcases.Title_ASTMStanderds_Test"/>
        <method signature="Title_ASTMStanderds_Test.TC36_verifyASTMSection()[pri:0, instance:com.Digitalcodes.testcases.Title_ASTMStanderds_Test@31cb96e1]" name="TC36_verifyASTMSection" class="com.Digitalcodes.testcases.Title_ASTMStanderds_Test"/>
        <method signature="Title_Basic_Test.TC33_verifyNgviateToBasicTitle(java.lang.String,java.lang.String,java.lang.String)[pri:1, instance:com.Digitalcodes.testcases.Title_Basic_Test@562c877a]" name="TC33_verifyNgviateToBasicTitle" class="com.Digitalcodes.testcases.Title_Basic_Test"/>
        <method signature="Title_Commentary_Test.TC34_verifyHideCommentary(java.lang.String,java.lang.String,java.lang.String,java.lang.String)[pri:1, instance:com.Digitalcodes.testcases.Title_Commentary_Test@4cafa9aa]" name="TC34_verifyHideCommentary" class="com.Digitalcodes.testcases.Title_Commentary_Test"/>
        <method signature="Title_SectionPage_Test.TC09_verifyCreateNotes_atSection(java.lang.String,java.lang.String,java.lang.String,java.lang.String,java.lang.String)[pri:1, instance:com.Digitalcodes.testcases.Title_SectionPage_Test@65004ff6]" name="TC09_verifyCreateNotes_atSection" class="com.Digitalcodes.testcases.Title_SectionPage_Test"/>
        <method signature="Title_SectionPage_Test.TC10_verifyCreateBookmark_atSection(java.lang.String,java.lang.String,java.lang.String,java.lang.String,java.lang.String)[pri:2, instance:com.Digitalcodes.testcases.Title_SectionPage_Test@65004ff6]" name="TC10_verifyCreateBookmark_atSection" class="com.Digitalcodes.testcases.Title_SectionPage_Test"/>
        <method signature="Title_SectionPage_Test.TC11_verifyShareSection_FromSection(java.lang.String,java.lang.String,java.lang.String,java.lang.String,java.lang.String)[pri:3, instance:com.Digitalcodes.testcases.Title_SectionPage_Test@65004ff6]" name="TC11_verifyShareSection_FromSection" class="com.Digitalcodes.testcases.Title_SectionPage_Test"/>
        <method signature="Title_SectionPage_Test.TC12_verifyPrintSection_FromSection()[pri:0, instance:com.Digitalcodes.testcases.Title_SectionPage_Test@65004ff6]" name="TC12_verifyPrintSection_FromSection" class="com.Digitalcodes.testcases.Title_SectionPage_Test"/>
        <method signature="Title_SectionPage_Test.TC13_verifyShareNote_FromSction(java.lang.String,java.lang.String,java.lang.String,java.lang.String,java.lang.String)[pri:4, instance:com.Digitalcodes.testcases.Title_SectionPage_Test@65004ff6]" name="TC13_verifyShareNote_FromSction" class="com.Digitalcodes.testcases.Title_SectionPage_Test"/>
        <method signature="Title_SectionPage_Test.TC14_verifyEditNotes_FromSection()[pri:0, instance:com.Digitalcodes.testcases.Title_SectionPage_Test@65004ff6]" name="TC14_verifyEditNotes_FromSection" class="com.Digitalcodes.testcases.Title_SectionPage_Test"/>
        <method signature="Title_SectionPage_Test.TC15_verifyDeleteNotes_FromSection()[pri:0, instance:com.Digitalcodes.testcases.Title_SectionPage_Test@65004ff6]" name="TC15_verifyDeleteNotes_FromSection" class="com.Digitalcodes.testcases.Title_SectionPage_Test"/>
        <method signature="Title_SectionPage_Test.TC16_verifyShareBookmark_FromSection(java.lang.String,java.lang.String,java.lang.String,java.lang.String,java.lang.String)[pri:5, instance:com.Digitalcodes.testcases.Title_SectionPage_Test@65004ff6]" name="TC16_verifyShareBookmark_FromSection" class="com.Digitalcodes.testcases.Title_SectionPage_Test"/>
        <method signature="Title_SectionPage_Test.TC17_verifyEditBookmark_FromSection()[pri:0, instance:com.Digitalcodes.testcases.Title_SectionPage_Test@65004ff6]" name="TC17_verifyEditBookmark_FromSection" class="com.Digitalcodes.testcases.Title_SectionPage_Test"/>
        <method signature="Title_SectionPage_Test.TC18_verifyDeleteBookmark_FromSection()[pri:0, instance:com.Digitalcodes.testcases.Title_SectionPage_Test@65004ff6]" name="TC18_verifyDeleteBookmark_FromSection" class="com.Digitalcodes.testcases.Title_SectionPage_Test"/>
        <method signature="Title_SectionPage_Test.TC19_verifyLinksOnChapter(java.lang.String,java.lang.String,java.lang.String,java.lang.String,java.lang.String)[pri:6, instance:com.Digitalcodes.testcases.Title_SectionPage_Test@65004ff6]" name="TC19_verifyLinksOnChapter" class="com.Digitalcodes.testcases.Title_SectionPage_Test"/>
        <method signature="Login_Test.TC01_loginValidData(java.lang.String,java.lang.String,java.lang.String,java.lang.String,java.lang.String)[pri:1, instance:com.Digitalcodes.testcases.Login_Test@58cec85b]" name="TC01_loginValidData" class="com.Digitalcodes.testcases.Login_Test"/>
        <method signature="Login_Test.TC02_verifyUserInformation()[pri:2, instance:com.Digitalcodes.testcases.Login_Test@58cec85b]" name="TC02_verifyUserInformation" class="com.Digitalcodes.testcases.Login_Test"/>
        <method signature="Registration_Test.TC_Registeruser_ValidData()[pri:1, instance:com.Digitalcodes.testcases.Registration_Test@677b8e13]" name="TC_Registeruser_ValidData" class="com.Digitalcodes.testcases.Registration_Test"/>
        <method signature="TableOfContent_Test.TC07_verifyMyNotes_FromTOC(java.lang.String,java.lang.String,java.lang.String,java.lang.String,java.lang.String)[pri:1, instance:com.Digitalcodes.testcases.TableOfContent_Test@3adbe50f]" name="TC07_verifyMyNotes_FromTOC" class="com.Digitalcodes.testcases.TableOfContent_Test"/>
        <method signature="Title_LandingPage_Test.TC04_verifyTitleLandingPage(java.lang.String,java.lang.String,java.lang.String,java.lang.String,java.lang.String)[pri:1, instance:com.Digitalcodes.testcases.Title_LandingPage_Test@20ed3303]" name="TC04_verifyTitleLandingPage" class="com.Digitalcodes.testcases.Title_LandingPage_Test"/>
        <method signature="Title_LandingPage_Test.TC05_verifyMarkFavoriteTitle(java.lang.String,java.lang.String,java.lang.String,java.lang.String,java.lang.String)[pri:2, instance:com.Digitalcodes.testcases.Title_LandingPage_Test@20ed3303]" name="TC05_verifyMarkFavoriteTitle" class="com.Digitalcodes.testcases.Title_LandingPage_Test"/>
        <method signature="Title_Purchase_Test.TC_PurchaseTitle()[pri:2, instance:com.Digitalcodes.testcases.Title_Purchase_Test@629f066f]" name="TC_PurchaseTitle" class="com.Digitalcodes.testcases.Title_Purchase_Test"/>
      </group> <!-- Smoke -->
      <group name="Section">
        <method signature="Title_SectionPage_Test.TC09_verifyCreateNotes_atSection(java.lang.String,java.lang.String,java.lang.String,java.lang.String,java.lang.String)[pri:1, instance:com.Digitalcodes.testcases.Title_SectionPage_Test@65004ff6]" name="TC09_verifyCreateNotes_atSection" class="com.Digitalcodes.testcases.Title_SectionPage_Test"/>
      </group> <!-- Section -->
    </groups>
    <test started-at="2023-08-08T17:26:33 IST" name="Regression for Premium user" finished-at="2023-08-08T17:49:34 IST" duration-ms="1381341">
      <class name="com.Digitalcodes.testcases.PremiumTools_QuickAccess_Test">
        <test-method is-config="true" signature="beforeClass()[pri:0, instance:com.Digitalcodes.testcases.PremiumTools_QuickAccess_Test@3eed0f5]" started-at="2023-08-08T17:48:02 IST" name="beforeClass" finished-at="2023-08-08T17:48:02 IST" duration-ms="31" status="PASS">
          <reporter-output>
          </reporter-output>
        </test-method> <!-- beforeClass -->
        <test-method signature="TC37_verifyAccessSection_QuickAccess(java.lang.String,java.lang.String,java.lang.String,java.lang.Object,java.lang.String)[pri:1, instance:com.Digitalcodes.testcases.PremiumTools_QuickAccess_Test@3eed0f5]" started-at="2023-08-08T17:48:02 IST" name="TC37_verifyAccessSection_QuickAccess" description="Verify user able to Access section from Quick Access" data-provider="QuickAccessSection" finished-at="2023-08-08T17:48:15 IST" duration-ms="12877" status="PASS">
          <params>
            <param index="0">
              <value>
                <![CDATA[2021 IBC]]>
              </value>
            </param>
            <param index="1">
              <value>
                <![CDATA[2021 International Building Code (IBC)]]>
              </value>
            </param>
            <param index="2">
              <value>
                <![CDATA[Second Version: Sep 2021]]>
              </value>
            </param>
            <param index="3">
              <value>
                <![CDATA[201.]]>
              </value>
            </param>
            <param index="4">
              <value>
                <![CDATA[201.2 Interchangeability.]]>
              </value>
            </param>
          </params>
          <reporter-output>
          </reporter-output>
        </test-method> <!-- TC37_verifyAccessSection_QuickAccess -->
        <test-method is-config="true" signature="log_result(org.testng.ITestResult)[pri:0, instance:com.Digitalcodes.testcases.PremiumTools_QuickAccess_Test@3eed0f5]" started-at="2023-08-08T17:48:15 IST" name="log_result" finished-at="2023-08-08T17:48:15 IST" duration-ms="64" status="PASS">
          <params>
            <param index="0">
              <value>
                <![CDATA[[TestResult name=TC37_verifyAccessSection_QuickAccess status=SUCCESS method=PremiumTools_QuickAccess_Test.TC37_verifyAccessSection_QuickAccess(java.lang.String,java.lang.String,java.lang.String,java.lang.Object,java.lang.String)[pri:1, instance:com.Digitalcodes.testcases.PremiumTools_QuickAccess_Test@3eed0f5] output={null}]]]>
              </value>
            </param>
          </params>
          <reporter-output>
          </reporter-output>
        </test-method> <!-- log_result -->
        <test-method signature="TC38_verifyActionsOnSection_QuickAccess(java.lang.String,java.lang.String)[pri:2, instance:com.Digitalcodes.testcases.PremiumTools_QuickAccess_Test@3eed0f5]" started-at="2023-08-08T17:48:15 IST" name="TC38_verifyActionsOnSection_QuickAccess" description="Verify user able to Jump, Copy, Print, Share, Bookmark Section from Quick Access" data-provider="RecentlyAccessSection" finished-at="2023-08-08T17:48:40 IST" duration-ms="24158" status="PASS">
          <params>
            <param index="0">
              <value>
                <![CDATA[201.2 Interchangeability.]]>
              </value>
            </param>
            <param index="1">
              <value>
                <![CDATA[2021 International Building Code (IBC)]]>
              </value>
            </param>
          </params>
          <reporter-output>
          </reporter-output>
        </test-method> <!-- TC38_verifyActionsOnSection_QuickAccess -->
        <test-method is-config="true" signature="log_result(org.testng.ITestResult)[pri:0, instance:com.Digitalcodes.testcases.PremiumTools_QuickAccess_Test@3eed0f5]" started-at="2023-08-08T17:48:40 IST" name="log_result" finished-at="2023-08-08T17:48:40 IST" duration-ms="43" status="PASS">
          <params>
            <param index="0">
              <value>
                <![CDATA[[TestResult name=TC38_verifyActionsOnSection_QuickAccess status=SUCCESS method=PremiumTools_QuickAccess_Test.TC38_verifyActionsOnSection_QuickAccess(java.lang.String,java.lang.String)[pri:2, instance:com.Digitalcodes.testcases.PremiumTools_QuickAccess_Test@3eed0f5] output={null}]]]>
              </value>
            </param>
          </params>
          <reporter-output>
          </reporter-output>
        </test-method> <!-- log_result -->
        <test-method signature="TC39_verifyShare_Edit_DeleteBookmakr_QuickAccess(java.lang.String,java.lang.String)[pri:3, instance:com.Digitalcodes.testcases.PremiumTools_QuickAccess_Test@3eed0f5]" started-at="2023-08-08T17:48:40 IST" name="TC39_verifyShare_Edit_DeleteBookmakr_QuickAccess" description="Verify user able to Share, Edit, Delete Bookmark from Quick Access" data-provider="RecentlyAccessSection" finished-at="2023-08-08T17:49:31 IST" duration-ms="51769" status="PASS">
          <params>
            <param index="0">
              <value>
                <![CDATA[201.2 Interchangeability.]]>
              </value>
            </param>
            <param index="1">
              <value>
                <![CDATA[2021 International Building Code (IBC)]]>
              </value>
            </param>
          </params>
          <reporter-output>
          </reporter-output>
        </test-method> <!-- TC39_verifyShare_Edit_DeleteBookmakr_QuickAccess -->
        <test-method is-config="true" signature="log_result(org.testng.ITestResult)[pri:0, instance:com.Digitalcodes.testcases.PremiumTools_QuickAccess_Test@3eed0f5]" started-at="2023-08-08T17:49:31 IST" name="log_result" finished-at="2023-08-08T17:49:31 IST" duration-ms="19" status="PASS">
          <params>
            <param index="0">
              <value>
                <![CDATA[[TestResult name=TC39_verifyShare_Edit_DeleteBookmakr_QuickAccess status=SUCCESS method=PremiumTools_QuickAccess_Test.TC39_verifyShare_Edit_DeleteBookmakr_QuickAccess(java.lang.String,java.lang.String)[pri:3, instance:com.Digitalcodes.testcases.PremiumTools_QuickAccess_Test@3eed0f5] output={null}]]]>
              </value>
            </param>
          </params>
          <reporter-output>
          </reporter-output>
        </test-method> <!-- log_result -->
        <test-method signature="TC40_verifyRecentlyQuickAccessedSections_QuickAccess(java.lang.String,java.lang.String)[pri:4, instance:com.Digitalcodes.testcases.PremiumTools_QuickAccess_Test@3eed0f5]" started-at="2023-08-08T17:49:31 IST" name="TC40_verifyRecentlyQuickAccessedSections_QuickAccess" description="Verify user able to view Recently Accessed Section at Quick Access" data-provider="RecentlyAccessSection" finished-at="2023-08-08T17:49:34 IST" duration-ms="2595" status="PASS">
          <params>
            <param index="0">
              <value>
                <![CDATA[201.2 Interchangeability.]]>
              </value>
            </param>
            <param index="1">
              <value>
                <![CDATA[2021 International Building Code (IBC)]]>
              </value>
            </param>
          </params>
          <reporter-output>
          </reporter-output>
        </test-method> <!-- TC40_verifyRecentlyQuickAccessedSections_QuickAccess -->
        <test-method is-config="true" signature="log_result(org.testng.ITestResult)[pri:0, instance:com.Digitalcodes.testcases.PremiumTools_QuickAccess_Test@3eed0f5]" started-at="2023-08-08T17:49:34 IST" name="log_result" finished-at="2023-08-08T17:49:34 IST" duration-ms="20" status="PASS">
          <params>
            <param index="0">
              <value>
                <![CDATA[[TestResult name=TC40_verifyRecentlyQuickAccessedSections_QuickAccess status=SUCCESS method=PremiumTools_QuickAccess_Test.TC40_verifyRecentlyQuickAccessedSections_QuickAccess(java.lang.String,java.lang.String)[pri:4, instance:com.Digitalcodes.testcases.PremiumTools_QuickAccess_Test@3eed0f5] output={null}]]]>
              </value>
            </param>
          </params>
          <reporter-output>
          </reporter-output>
        </test-method> <!-- log_result -->
      </class> <!-- com.Digitalcodes.testcases.PremiumTools_QuickAccess_Test -->
      <class name="com.Digitalcodes.testcases.Registration_Test">
        <test-method is-config="true" signature="beforeSuite(java.lang.String,java.lang.String)[pri:0, instance:com.Digitalcodes.testcases.Registration_Test@677b8e13]" started-at="2023-08-08T17:26:29 IST" name="beforeSuite" finished-at="2023-08-08T17:26:33 IST" duration-ms="3652" status="PASS">
          <params>
            <param index="0">
              <value>
                <![CDATA[Regression]]>
              </value>
            </param>
            <param index="1">
              <value>
                <![CDATA[Stage]]>
              </value>
            </param>
          </params>
          <reporter-output>
          </reporter-output>
        </test-method> <!-- beforeSuite -->
        <test-method is-config="true" signature="beforeTest(java.lang.String,java.lang.String,java.lang.String)[pri:0, instance:com.Digitalcodes.testcases.Registration_Test@677b8e13]" started-at="2023-08-08T17:26:33 IST" name="beforeTest" finished-at="2023-08-08T17:26:46 IST" duration-ms="12623" status="PASS">
          <params>
            <param index="0">
              <value>
                <![CDATA[chrome]]>
              </value>
            </param>
            <param index="1">
              <value>
                <![CDATA[PREMIUM]]>
              </value>
            </param>
            <param index="2">
              <value>
                <![CDATA[New]]>
              </value>
            </param>
          </params>
          <reporter-output>
          </reporter-output>
        </test-method> <!-- beforeTest -->
        <test-method is-config="true" signature="beforeClass()[pri:0, instance:com.Digitalcodes.testcases.Registration_Test@677b8e13]" started-at="2023-08-08T17:26:46 IST" name="beforeClass" finished-at="2023-08-08T17:26:46 IST" duration-ms="1" status="PASS">
          <reporter-output>
          </reporter-output>
        </test-method> <!-- beforeClass -->
        <test-method is-config="true" signature="beforeclass()[pri:0, instance:com.Digitalcodes.testcases.Registration_Test@677b8e13]" started-at="2023-08-08T17:26:46 IST" name="beforeclass" finished-at="2023-08-08T17:26:46 IST" duration-ms="6" status="PASS">
          <reporter-output>
          </reporter-output>
        </test-method> <!-- beforeclass -->
        <test-method signature="TC_Registeruser_ValidData()[pri:1, instance:com.Digitalcodes.testcases.Registration_Test@677b8e13]" started-at="2023-08-08T17:26:46 IST" name="TC_Registeruser_ValidData" description="Verfiy user able to Register with valid Data" finished-at="2023-08-08T17:27:06 IST" duration-ms="19588" status="PASS">
          <reporter-output>
          </reporter-output>
        </test-method> <!-- TC_Registeruser_ValidData -->
        <test-method is-config="true" signature="log_result(org.testng.ITestResult)[pri:0, instance:com.Digitalcodes.testcases.Registration_Test@677b8e13]" started-at="2023-08-08T17:27:06 IST" name="log_result" finished-at="2023-08-08T17:27:07 IST" duration-ms="957" status="PASS">
          <params>
            <param index="0">
              <value>
                <![CDATA[[TestResult name=TC_Registeruser_ValidData status=SUCCESS method=Registration_Test.TC_Registeruser_ValidData()[pri:1, instance:com.Digitalcodes.testcases.Registration_Test@677b8e13] output={null}]]]>
              </value>
            </param>
          </params>
          <reporter-output>
          </reporter-output>
        </test-method> <!-- log_result -->
        <test-method is-config="true" signature="afterTest()[pri:0, instance:com.Digitalcodes.testcases.Registration_Test@677b8e13]" started-at="2023-08-08T17:49:34 IST" name="afterTest" finished-at="2023-08-08T17:49:34 IST" duration-ms="0" status="PASS">
          <reporter-output>
          </reporter-output>
        </test-method> <!-- afterTest -->
        <test-method is-config="true" signature="afterSuite()[pri:0, instance:com.Digitalcodes.testcases.Registration_Test@677b8e13]" started-at="2023-08-08T17:49:35 IST" name="afterSuite" finished-at="2023-08-08T17:49:35 IST" duration-ms="0" status="PASS">
          <reporter-output>
          </reporter-output>
        </test-method> <!-- afterSuite -->
      </class> <!-- com.Digitalcodes.testcases.Registration_Test -->
      <class name="com.Digitalcodes.testcases.Title_Basic_Test">
        <test-method is-config="true" signature="beforeClass()[pri:0, instance:com.Digitalcodes.testcases.Title_Basic_Test@562c877a]" started-at="2023-08-08T17:42:23 IST" name="beforeClass" finished-at="2023-08-08T17:42:23 IST" duration-ms="0" status="PASS">
          <reporter-output>
          </reporter-output>
        </test-method> <!-- beforeClass -->
        <test-method is-config="true" signature="beforeclass()[pri:0, instance:com.Digitalcodes.testcases.Title_Basic_Test@562c877a]" started-at="2023-08-08T17:42:23 IST" name="beforeclass" finished-at="2023-08-08T17:42:23 IST" duration-ms="2" status="PASS">
          <reporter-output>
          </reporter-output>
        </test-method> <!-- beforeclass -->
        <test-method signature="TC33_verifyNgviateToBasicTitle(java.lang.String,java.lang.String,java.lang.String)[pri:1, instance:com.Digitalcodes.testcases.Title_Basic_Test@562c877a]" started-at="2023-08-08T17:42:23 IST" name="TC33_verifyNgviateToBasicTitle" description="Verify user able to navigate to Non-accsiable title " data-provider="Non Accessaible Titles" finished-at="2023-08-08T17:42:31 IST" duration-ms="7609" status="PASS">
          <params>
            <param index="0">
              <value>
                <![CDATA[Publisher]]>
              </value>
            </param>
            <param index="1">
              <value>
                <![CDATA[Wiley]]>
              </value>
            </param>
            <param index="2">
              <value>
                <![CDATA[2021 Building Codes Illustrated, 7th Edition]]>
              </value>
            </param>
          </params>
          <reporter-output>
          </reporter-output>
        </test-method> <!-- TC33_verifyNgviateToBasicTitle -->
        <test-method is-config="true" signature="log_result(org.testng.ITestResult)[pri:0, instance:com.Digitalcodes.testcases.Title_Basic_Test@562c877a]" started-at="2023-08-08T17:42:31 IST" name="log_result" finished-at="2023-08-08T17:42:31 IST" duration-ms="32" status="PASS">
          <params>
            <param index="0">
              <value>
                <![CDATA[[TestResult name=TC33_verifyNgviateToBasicTitle status=SUCCESS method=Title_Basic_Test.TC33_verifyNgviateToBasicTitle(java.lang.String,java.lang.String,java.lang.String)[pri:1, instance:com.Digitalcodes.testcases.Title_Basic_Test@562c877a] output={null}]]]>
              </value>
            </param>
          </params>
          <reporter-output>
          </reporter-output>
        </test-method> <!-- log_result -->
        <test-method signature="TC33_verifyNgviateToBasicTitle(java.lang.String,java.lang.String,java.lang.String)[pri:1, instance:com.Digitalcodes.testcases.Title_Basic_Test@562c877a]" started-at="2023-08-08T17:42:31 IST" name="TC33_verifyNgviateToBasicTitle" description="Verify user able to navigate to Non-accsiable title " data-provider="Non Accessaible Titles" finished-at="2023-08-08T17:42:39 IST" duration-ms="8293" status="PASS">
          <params>
            <param index="0">
              <value>
                <![CDATA[Publisher]]>
              </value>
            </param>
            <param index="1">
              <value>
                <![CDATA[American Institute of Steel Construction (AISC)]]>
              </value>
            </param>
            <param index="2">
              <value>
                <![CDATA[2018 M327-18BW Seismic Design Manual 3rd Edition]]>
              </value>
            </param>
          </params>
          <reporter-output>
          </reporter-output>
        </test-method> <!-- TC33_verifyNgviateToBasicTitle -->
        <test-method is-config="true" signature="log_result(org.testng.ITestResult)[pri:0, instance:com.Digitalcodes.testcases.Title_Basic_Test@562c877a]" started-at="2023-08-08T17:42:39 IST" name="log_result" finished-at="2023-08-08T17:42:39 IST" duration-ms="53" status="PASS">
          <params>
            <param index="0">
              <value>
                <![CDATA[[TestResult name=TC33_verifyNgviateToBasicTitle status=SUCCESS method=Title_Basic_Test.TC33_verifyNgviateToBasicTitle(java.lang.String,java.lang.String,java.lang.String)[pri:1, instance:com.Digitalcodes.testcases.Title_Basic_Test@562c877a] output={null}]]]>
              </value>
            </param>
          </params>
          <reporter-output>
          </reporter-output>
        </test-method> <!-- log_result -->
        <test-method signature="TC33_verifyNgviateToBasicTitle(java.lang.String,java.lang.String,java.lang.String)[pri:1, instance:com.Digitalcodes.testcases.Title_Basic_Test@562c877a]" started-at="2023-08-08T17:42:39 IST" name="TC33_verifyNgviateToBasicTitle" description="Verify user able to navigate to Non-accsiable title " data-provider="Non Accessaible Titles" finished-at="2023-08-08T17:42:46 IST" duration-ms="7207" status="PASS">
          <params>
            <param index="0">
              <value>
                <![CDATA[Resources]]>
              </value>
            </param>
            <param index="1">
              <value>
                <![CDATA[CodeMaster]]>
              </value>
            </param>
            <param index="2">
              <value>
                <![CDATA[2021 Allowable Stress Design for Masonry (2021 IBC and TMS 402-16)]]>
              </value>
            </param>
          </params>
          <reporter-output>
          </reporter-output>
        </test-method> <!-- TC33_verifyNgviateToBasicTitle -->
        <test-method is-config="true" signature="log_result(org.testng.ITestResult)[pri:0, instance:com.Digitalcodes.testcases.Title_Basic_Test@562c877a]" started-at="2023-08-08T17:42:46 IST" name="log_result" finished-at="2023-08-08T17:42:47 IST" duration-ms="36" status="PASS">
          <params>
            <param index="0">
              <value>
                <![CDATA[[TestResult name=TC33_verifyNgviateToBasicTitle status=SUCCESS method=Title_Basic_Test.TC33_verifyNgviateToBasicTitle(java.lang.String,java.lang.String,java.lang.String)[pri:1, instance:com.Digitalcodes.testcases.Title_Basic_Test@562c877a] output={null}]]]>
              </value>
            </param>
          </params>
          <reporter-output>
          </reporter-output>
        </test-method> <!-- log_result -->
      </class> <!-- com.Digitalcodes.testcases.Title_Basic_Test -->
      <class name="com.Digitalcodes.testcases.Title_LandingPage_Test">
        <test-method is-config="true" signature="beforeClass()[pri:0, instance:com.Digitalcodes.testcases.Title_LandingPage_Test@20ed3303]" started-at="2023-08-08T17:28:59 IST" name="beforeClass" finished-at="2023-08-08T17:28:59 IST" duration-ms="3" status="PASS">
          <reporter-output>
          </reporter-output>
        </test-method> <!-- beforeClass -->
        <test-method signature="TC04_verifyTitleLandingPage(java.lang.String,java.lang.String,java.lang.String,java.lang.String,java.lang.String)[pri:1, instance:com.Digitalcodes.testcases.Title_LandingPage_Test@20ed3303]" started-at="2023-08-08T17:28:59 IST" name="TC04_verifyTitleLandingPage" description="Verify User able to Navigate to Title Landing page and verify Tag" data-provider="Premium Complete Titles" finished-at="2023-08-08T17:29:08 IST" duration-ms="8769" status="PASS">
          <params>
            <param index="0">
              <value>
                <![CDATA[I-Codes]]>
              </value>
            </param>
            <param index="1">
              <value>
                <![CDATA[2021 I-Codes]]>
              </value>
            </param>
            <param index="2">
              <value>
                <![CDATA[2021 International Building Code (IBC)]]>
              </value>
            </param>
            <param index="3">
              <value>
                <![CDATA[CHAPTER 2 DEFINITIONS]]>
              </value>
            </param>
            <param index="4">
              <value>
                <![CDATA[PREMIUM]]>
              </value>
            </param>
          </params>
          <reporter-output>
          </reporter-output>
        </test-method> <!-- TC04_verifyTitleLandingPage -->
        <test-method is-config="true" signature="log_result(org.testng.ITestResult)[pri:0, instance:com.Digitalcodes.testcases.Title_LandingPage_Test@20ed3303]" started-at="2023-08-08T17:29:08 IST" name="log_result" finished-at="2023-08-08T17:29:08 IST" duration-ms="93" status="PASS">
          <params>
            <param index="0">
              <value>
                <![CDATA[[TestResult name=TC04_verifyTitleLandingPage status=SUCCESS method=Title_LandingPage_Test.TC04_verifyTitleLandingPage(java.lang.String,java.lang.String,java.lang.String,java.lang.String,java.lang.String)[pri:1, instance:com.Digitalcodes.testcases.Title_LandingPage_Test@20ed3303] output={null}]]]>
              </value>
            </param>
          </params>
          <reporter-output>
          </reporter-output>
        </test-method> <!-- log_result -->
        <test-method signature="TC04_verifyTitleLandingPage(java.lang.String,java.lang.String,java.lang.String,java.lang.String,java.lang.String)[pri:1, instance:com.Digitalcodes.testcases.Title_LandingPage_Test@20ed3303]" started-at="2023-08-08T17:29:08 IST" name="TC04_verifyTitleLandingPage" description="Verify User able to Navigate to Title Landing page and verify Tag" data-provider="Premium Complete Titles" finished-at="2023-08-08T17:29:16 IST" duration-ms="7888" status="PASS">
          <params>
            <param index="0">
              <value>
                <![CDATA[Commentaries]]>
              </value>
            </param>
            <param index="1">
              <value>
                <![CDATA[2021 Commentaries]]>
              </value>
            </param>
            <param index="2">
              <value>
                <![CDATA[2021 IBC Code and Commentary Volume 1 (IBC)]]>
              </value>
            </param>
            <param index="3">
              <value>
                <![CDATA[Chapter 3: Occupancy Classification and Use]]>
              </value>
            </param>
            <param index="4">
              <value>
                <![CDATA[PREMIUM]]>
              </value>
            </param>
          </params>
          <reporter-output>
          </reporter-output>
        </test-method> <!-- TC04_verifyTitleLandingPage -->
        <test-method is-config="true" signature="log_result(org.testng.ITestResult)[pri:0, instance:com.Digitalcodes.testcases.Title_LandingPage_Test@20ed3303]" started-at="2023-08-08T17:29:16 IST" name="log_result" finished-at="2023-08-08T17:29:16 IST" duration-ms="29" status="PASS">
          <params>
            <param index="0">
              <value>
                <![CDATA[[TestResult name=TC04_verifyTitleLandingPage status=SUCCESS method=Title_LandingPage_Test.TC04_verifyTitleLandingPage(java.lang.String,java.lang.String,java.lang.String,java.lang.String,java.lang.String)[pri:1, instance:com.Digitalcodes.testcases.Title_LandingPage_Test@20ed3303] output={null}]]]>
              </value>
            </param>
          </params>
          <reporter-output>
          </reporter-output>
        </test-method> <!-- log_result -->
        <test-method signature="TC04_verifyTitleLandingPage(java.lang.String,java.lang.String,java.lang.String,java.lang.String,java.lang.String)[pri:1, instance:com.Digitalcodes.testcases.Title_LandingPage_Test@20ed3303]" started-at="2023-08-08T17:29:16 IST" name="TC04_verifyTitleLandingPage" description="Verify User able to Navigate to Title Landing page and verify Tag" data-provider="Premium Complete Titles" finished-at="2023-08-08T17:29:25 IST" duration-ms="9608" status="PASS">
          <params>
            <param index="0">
              <value>
                <![CDATA[Publisher]]>
              </value>
            </param>
            <param index="1">
              <value>
                <![CDATA[IAEI]]>
              </value>
            </param>
            <param index="2">
              <value>
                <![CDATA[2023 Analysis of Changes, 2023 NEC]]>
              </value>
            </param>
            <param index="3">
              <value>
                <![CDATA[CHAPTER 2 WIRING AND PROTECTION]]>
              </value>
            </param>
            <param index="4">
              <value>
                <![CDATA[PREMIUM]]>
              </value>
            </param>
          </params>
          <reporter-output>
          </reporter-output>
        </test-method> <!-- TC04_verifyTitleLandingPage -->
        <test-method is-config="true" signature="log_result(org.testng.ITestResult)[pri:0, instance:com.Digitalcodes.testcases.Title_LandingPage_Test@20ed3303]" started-at="2023-08-08T17:29:25 IST" name="log_result" finished-at="2023-08-08T17:29:25 IST" duration-ms="29" status="PASS">
          <params>
            <param index="0">
              <value>
                <![CDATA[[TestResult name=TC04_verifyTitleLandingPage status=SUCCESS method=Title_LandingPage_Test.TC04_verifyTitleLandingPage(java.lang.String,java.lang.String,java.lang.String,java.lang.String,java.lang.String)[pri:1, instance:com.Digitalcodes.testcases.Title_LandingPage_Test@20ed3303] output={null}]]]>
              </value>
            </param>
          </params>
          <reporter-output>
          </reporter-output>
        </test-method> <!-- log_result -->
        <test-method signature="TC04_verifyTitleLandingPage(java.lang.String,java.lang.String,java.lang.String,java.lang.String,java.lang.String)[pri:1, instance:com.Digitalcodes.testcases.Title_LandingPage_Test@20ed3303]" started-at="2023-08-08T17:29:25 IST" name="TC04_verifyTitleLandingPage" description="Verify User able to Navigate to Title Landing page and verify Tag" data-provider="Premium Complete Titles" finished-at="2023-08-08T17:29:34 IST" duration-ms="8960" status="PASS">
          <params>
            <param index="0">
              <value>
                <![CDATA[Resources]]>
              </value>
            </param>
            <param index="1">
              <value>
                <![CDATA[Energy]]>
              </value>
            </param>
            <param index="2">
              <value>
                <![CDATA[2021 IECC Code and Commentary (IECC)]]>
              </value>
            </param>
            <param index="3">
              <value>
                <![CDATA[Chapter 1 [CE]: Scope and Administration]]>
              </value>
            </param>
            <param index="4">
              <value>
                <![CDATA[PREMIUM]]>
              </value>
            </param>
          </params>
          <reporter-output>
          </reporter-output>
        </test-method> <!-- TC04_verifyTitleLandingPage -->
        <test-method is-config="true" signature="log_result(org.testng.ITestResult)[pri:0, instance:com.Digitalcodes.testcases.Title_LandingPage_Test@20ed3303]" started-at="2023-08-08T17:29:34 IST" name="log_result" finished-at="2023-08-08T17:29:34 IST" duration-ms="28" status="PASS">
          <params>
            <param index="0">
              <value>
                <![CDATA[[TestResult name=TC04_verifyTitleLandingPage status=SUCCESS method=Title_LandingPage_Test.TC04_verifyTitleLandingPage(java.lang.String,java.lang.String,java.lang.String,java.lang.String,java.lang.String)[pri:1, instance:com.Digitalcodes.testcases.Title_LandingPage_Test@20ed3303] output={null}]]]>
              </value>
            </param>
          </params>
          <reporter-output>
          </reporter-output>
        </test-method> <!-- log_result -->
        <test-method signature="TC04_verifyTitleLandingPage(java.lang.String,java.lang.String,java.lang.String,java.lang.String,java.lang.String)[pri:1, instance:com.Digitalcodes.testcases.Title_LandingPage_Test@20ed3303]" started-at="2023-08-08T17:29:34 IST" name="TC04_verifyTitleLandingPage" description="Verify User able to Navigate to Title Landing page and verify Tag" data-provider="Premium Complete Titles" finished-at="2023-08-08T17:29:42 IST" duration-ms="7920" status="PASS">
          <params>
            <param index="0">
              <value>
                <![CDATA[Standards]]>
              </value>
            </param>
            <param index="1">
              <value>
                <![CDATA[AFSI Standards]]>
              </value>
            </param>
            <param index="2">
              <value>
                <![CDATA[1997 ASI-77 Air Structures Design and Standards Manual]]>
              </value>
            </param>
            <param index="3">
              <value>
                <![CDATA[SECTION B GUIDE SPECIFICATIONS FOR AIR SUPPORTED STRUCTURES]]>
              </value>
            </param>
            <param index="4">
              <value>
                <![CDATA[PREMIUM]]>
              </value>
            </param>
          </params>
          <reporter-output>
          </reporter-output>
        </test-method> <!-- TC04_verifyTitleLandingPage -->
        <test-method is-config="true" signature="log_result(org.testng.ITestResult)[pri:0, instance:com.Digitalcodes.testcases.Title_LandingPage_Test@20ed3303]" started-at="2023-08-08T17:29:42 IST" name="log_result" finished-at="2023-08-08T17:29:42 IST" duration-ms="22" status="PASS">
          <params>
            <param index="0">
              <value>
                <![CDATA[[TestResult name=TC04_verifyTitleLandingPage status=SUCCESS method=Title_LandingPage_Test.TC04_verifyTitleLandingPage(java.lang.String,java.lang.String,java.lang.String,java.lang.String,java.lang.String)[pri:1, instance:com.Digitalcodes.testcases.Title_LandingPage_Test@20ed3303] output={null}]]]>
              </value>
            </param>
          </params>
          <reporter-output>
          </reporter-output>
        </test-method> <!-- log_result -->
        <test-method signature="TC04_verifyTitleLandingPage(java.lang.String,java.lang.String,java.lang.String,java.lang.String,java.lang.String)[pri:1, instance:com.Digitalcodes.testcases.Title_LandingPage_Test@20ed3303]" started-at="2023-08-08T17:29:42 IST" name="TC04_verifyTitleLandingPage" description="Verify User able to Navigate to Title Landing page and verify Tag" data-provider="Premium Complete Titles" finished-at="2023-08-08T17:29:51 IST" duration-ms="8619" status="PASS">
          <params>
            <param index="0">
              <value>
                <![CDATA[Topics]]>
              </value>
            </param>
            <param index="1">
              <value>
                <![CDATA[Fire]]>
              </value>
            </param>
            <param index="2">
              <value>
                <![CDATA[2019 California Fire Code Amendments Handbook]]>
              </value>
            </param>
            <param index="3">
              <value>
                <![CDATA[DIVISION II ADMINISTRATION]]>
              </value>
            </param>
            <param index="4">
              <value>
                <![CDATA[PREMIUM]]>
              </value>
            </param>
          </params>
          <reporter-output>
          </reporter-output>
        </test-method> <!-- TC04_verifyTitleLandingPage -->
        <test-method is-config="true" signature="log_result(org.testng.ITestResult)[pri:0, instance:com.Digitalcodes.testcases.Title_LandingPage_Test@20ed3303]" started-at="2023-08-08T17:29:51 IST" name="log_result" finished-at="2023-08-08T17:29:51 IST" duration-ms="59" status="PASS">
          <params>
            <param index="0">
              <value>
                <![CDATA[[TestResult name=TC04_verifyTitleLandingPage status=SUCCESS method=Title_LandingPage_Test.TC04_verifyTitleLandingPage(java.lang.String,java.lang.String,java.lang.String,java.lang.String,java.lang.String)[pri:1, instance:com.Digitalcodes.testcases.Title_LandingPage_Test@20ed3303] output={null}]]]>
              </value>
            </param>
          </params>
          <reporter-output>
          </reporter-output>
        </test-method> <!-- log_result -->
        <test-method signature="TC04_verifyTitleLandingPage(java.lang.String,java.lang.String,java.lang.String,java.lang.String,java.lang.String)[pri:1, instance:com.Digitalcodes.testcases.Title_LandingPage_Test@20ed3303]" started-at="2023-08-08T17:29:51 IST" name="TC04_verifyTitleLandingPage" description="Verify User able to Navigate to Title Landing page and verify Tag" data-provider="Premium Complete Titles" finished-at="2023-08-08T17:30:01 IST" duration-ms="9974" status="PASS">
          <params>
            <param index="0">
              <value>
                <![CDATA[Locations]]>
              </value>
            </param>
            <param index="1">
              <value>
                <![CDATA[Delaware]]>
              </value>
            </param>
            <param index="2">
              <value>
                <![CDATA[2015 International Fuel Gas Code (IFGC)]]>
              </value>
            </param>
            <param index="3">
              <value>
                <![CDATA[CHAPTER 3 GENERAL REGULATIONS]]>
              </value>
            </param>
            <param index="4">
              <value>
                <![CDATA[PREMIUM]]>
              </value>
            </param>
          </params>
          <reporter-output>
          </reporter-output>
        </test-method> <!-- TC04_verifyTitleLandingPage -->
        <test-method is-config="true" signature="log_result(org.testng.ITestResult)[pri:0, instance:com.Digitalcodes.testcases.Title_LandingPage_Test@20ed3303]" started-at="2023-08-08T17:30:01 IST" name="log_result" finished-at="2023-08-08T17:30:01 IST" duration-ms="66" status="PASS">
          <params>
            <param index="0">
              <value>
                <![CDATA[[TestResult name=TC04_verifyTitleLandingPage status=SUCCESS method=Title_LandingPage_Test.TC04_verifyTitleLandingPage(java.lang.String,java.lang.String,java.lang.String,java.lang.String,java.lang.String)[pri:1, instance:com.Digitalcodes.testcases.Title_LandingPage_Test@20ed3303] output={null}]]]>
              </value>
            </param>
          </params>
          <reporter-output>
          </reporter-output>
        </test-method> <!-- log_result -->
        <test-method signature="TC05_verifyMarkFavoriteTitle(java.lang.String,java.lang.String,java.lang.String,java.lang.String,java.lang.String)[pri:2, instance:com.Digitalcodes.testcases.Title_LandingPage_Test@20ed3303]" started-at="2023-08-08T17:30:01 IST" name="TC05_verifyMarkFavoriteTitle" description="Verify user able to mark favorite &amp; unfavorite and title should be displayed in favorites" data-provider="PC first title" finished-at="2023-08-08T17:30:27 IST" duration-ms="26318" status="PASS">
          <params>
            <param index="0">
              <value>
                <![CDATA[I-Codes]]>
              </value>
            </param>
            <param index="1">
              <value>
                <![CDATA[2021 I-Codes]]>
              </value>
            </param>
            <param index="2">
              <value>
                <![CDATA[2021 International Building Code (IBC)]]>
              </value>
            </param>
            <param index="3">
              <value>
                <![CDATA[CHAPTER 2 DEFINITIONS]]>
              </value>
            </param>
            <param index="4">
              <value>
                <![CDATA[PREMIUM]]>
              </value>
            </param>
          </params>
          <reporter-output>
          </reporter-output>
        </test-method> <!-- TC05_verifyMarkFavoriteTitle -->
        <test-method is-config="true" signature="log_result(org.testng.ITestResult)[pri:0, instance:com.Digitalcodes.testcases.Title_LandingPage_Test@20ed3303]" started-at="2023-08-08T17:30:27 IST" name="log_result" finished-at="2023-08-08T17:30:27 IST" duration-ms="29" status="PASS">
          <params>
            <param index="0">
              <value>
                <![CDATA[[TestResult name=TC05_verifyMarkFavoriteTitle status=SUCCESS method=Title_LandingPage_Test.TC05_verifyMarkFavoriteTitle(java.lang.String,java.lang.String,java.lang.String,java.lang.String,java.lang.String)[pri:2, instance:com.Digitalcodes.testcases.Title_LandingPage_Test@20ed3303] output={null}]]]>
              </value>
            </param>
          </params>
          <reporter-output>
          </reporter-output>
        </test-method> <!-- log_result -->
        <test-method signature="TC06_verifyChangeVersion_ReleatedTitles_Categories(java.lang.String,java.lang.String,java.lang.String,java.lang.String,java.lang.String)[pri:3, instance:com.Digitalcodes.testcases.Title_LandingPage_Test@20ed3303]" started-at="2023-08-08T17:30:27 IST" name="TC06_verifyChangeVersion_ReleatedTitles_Categories" description="Verify User able to Change Version, Releated Titles, Categories" data-provider="PC first title" finished-at="2023-08-08T17:30:50 IST" duration-ms="22239" status="PASS">
          <params>
            <param index="0">
              <value>
                <![CDATA[I-Codes]]>
              </value>
            </param>
            <param index="1">
              <value>
                <![CDATA[2021 I-Codes]]>
              </value>
            </param>
            <param index="2">
              <value>
                <![CDATA[2021 International Building Code (IBC)]]>
              </value>
            </param>
            <param index="3">
              <value>
                <![CDATA[CHAPTER 2 DEFINITIONS]]>
              </value>
            </param>
            <param index="4">
              <value>
                <![CDATA[PREMIUM]]>
              </value>
            </param>
          </params>
          <reporter-output>
          </reporter-output>
        </test-method> <!-- TC06_verifyChangeVersion_ReleatedTitles_Categories -->
        <test-method is-config="true" signature="log_result(org.testng.ITestResult)[pri:0, instance:com.Digitalcodes.testcases.Title_LandingPage_Test@20ed3303]" started-at="2023-08-08T17:30:50 IST" name="log_result" finished-at="2023-08-08T17:30:50 IST" duration-ms="72" status="PASS">
          <params>
            <param index="0">
              <value>
                <![CDATA[[TestResult name=TC06_verifyChangeVersion_ReleatedTitles_Categories status=SUCCESS method=Title_LandingPage_Test.TC06_verifyChangeVersion_ReleatedTitles_Categories(java.lang.String,java.lang.String,java.lang.String,java.lang.String,java.lang.String)[pri:3, instance:com.Digitalcodes.testcases.Title_LandingPage_Test@20ed3303] output={null}]]]>
              </value>
            </param>
          </params>
          <reporter-output>
          </reporter-output>
        </test-method> <!-- log_result -->
      </class> <!-- com.Digitalcodes.testcases.Title_LandingPage_Test -->
      <class name="com.Digitalcodes.testcases.Login_Test">
        <test-method is-config="true" signature="beforeClass()[pri:0, instance:com.Digitalcodes.testcases.Login_Test@58cec85b]" started-at="2023-08-08T17:27:07 IST" name="beforeClass" finished-at="2023-08-08T17:27:07 IST" duration-ms="2" status="PASS">
          <reporter-output>
          </reporter-output>
        </test-method> <!-- beforeClass -->
        <test-method signature="TC01_loginValidData(java.lang.String,java.lang.String,java.lang.String,java.lang.String,java.lang.String)[pri:1, instance:com.Digitalcodes.testcases.Login_Test@58cec85b]" started-at="2023-08-08T17:27:07 IST" name="TC01_loginValidData" description="User able to Login with valid creditionls" data-provider="Users" finished-at="2023-08-08T17:27:29 IST" duration-ms="22760" status="PASS">
          <params>
            <param index="0">
              <value>
                <![CDATA[complete.user@iccsafe.info]]>
              </value>
            </param>
            <param index="1">
              <value>
                <![CDATA[Digital@123]]>
              </value>
            </param>
            <param index="2">
              <value>
                <![CDATA[Complete]]>
              </value>
            </param>
            <param index="3">
              <value>
                <![CDATA[User]]>
              </value>
            </param>
            <param index="4">
              <value>
                <![CDATA[Premium Complete]]>
              </value>
            </param>
          </params>
          <reporter-output>
          </reporter-output>
        </test-method> <!-- TC01_loginValidData -->
        <test-method is-config="true" signature="log_result(org.testng.ITestResult)[pri:0, instance:com.Digitalcodes.testcases.Login_Test@58cec85b]" started-at="2023-08-08T17:27:29 IST" name="log_result" finished-at="2023-08-08T17:27:29 IST" duration-ms="51" status="PASS">
          <params>
            <param index="0">
              <value>
                <![CDATA[[TestResult name=TC01_loginValidData status=SUCCESS method=Login_Test.TC01_loginValidData(java.lang.String,java.lang.String,java.lang.String,java.lang.String,java.lang.String)[pri:1, instance:com.Digitalcodes.testcases.Login_Test@58cec85b] output={null}]]]>
              </value>
            </param>
          </params>
          <reporter-output>
          </reporter-output>
        </test-method> <!-- log_result -->
        <test-method signature="TC02_verifyUserInformation()[pri:2, instance:com.Digitalcodes.testcases.Login_Test@58cec85b]" started-at="2023-08-08T17:27:29 IST" name="TC02_verifyUserInformation" description="Verify User able to displyed Subscription type, Name, email " finished-at="2023-08-08T17:27:37 IST" duration-ms="7503" status="PASS">
          <reporter-output>
          </reporter-output>
        </test-method> <!-- TC02_verifyUserInformation -->
        <test-method is-config="true" signature="log_result(org.testng.ITestResult)[pri:0, instance:com.Digitalcodes.testcases.Login_Test@58cec85b]" started-at="2023-08-08T17:27:37 IST" name="log_result" finished-at="2023-08-08T17:27:37 IST" duration-ms="113" status="PASS">
          <params>
            <param index="0">
              <value>
                <![CDATA[[TestResult name=TC02_verifyUserInformation status=SUCCESS method=Login_Test.TC02_verifyUserInformation()[pri:2, instance:com.Digitalcodes.testcases.Login_Test@58cec85b] output={null}]]]>
              </value>
            </param>
          </params>
          <reporter-output>
          </reporter-output>
        </test-method> <!-- log_result -->
      </class> <!-- com.Digitalcodes.testcases.Login_Test -->
      <class name="com.Digitalcodes.testcases.Title_Purchase_Test">
        <test-method is-config="true" signature="beforeClass()[pri:0, instance:com.Digitalcodes.testcases.Title_Purchase_Test@629f066f]" started-at="2023-08-08T17:27:37 IST" name="beforeClass" finished-at="2023-08-08T17:27:37 IST" duration-ms="14" status="PASS">
          <reporter-output>
          </reporter-output>
        </test-method> <!-- beforeClass -->
        <test-method signature="TC_verifyUpdateQutentiy_RemoveIncart()[pri:1, instance:com.Digitalcodes.testcases.Title_Purchase_Test@629f066f]" started-at="2023-08-08T17:27:37 IST" name="TC_verifyUpdateQutentiy_RemoveIncart" description="Verify user able to Update Qty and Remove product in My cart" finished-at="2023-08-08T17:27:57 IST" duration-ms="20328" status="PASS">
          <reporter-output>
          </reporter-output>
        </test-method> <!-- TC_verifyUpdateQutentiy_RemoveIncart -->
        <test-method is-config="true" signature="log_result(org.testng.ITestResult)[pri:0, instance:com.Digitalcodes.testcases.Title_Purchase_Test@629f066f]" started-at="2023-08-08T17:27:57 IST" name="log_result" finished-at="2023-08-08T17:27:57 IST" duration-ms="35" status="PASS">
          <params>
            <param index="0">
              <value>
                <![CDATA[[TestResult name=TC_verifyUpdateQutentiy_RemoveIncart status=SUCCESS method=Title_Purchase_Test.TC_verifyUpdateQutentiy_RemoveIncart()[pri:1, instance:com.Digitalcodes.testcases.Title_Purchase_Test@629f066f] output={null}]]]>
              </value>
            </param>
          </params>
          <reporter-output>
          </reporter-output>
        </test-method> <!-- log_result -->
        <test-method signature="TC_PurchaseTitle()[pri:2, instance:com.Digitalcodes.testcases.Title_Purchase_Test@629f066f]" started-at="2023-08-08T17:27:57 IST" name="TC_PurchaseTitle" description="Verify user able to Purchase Premium Complete" finished-at="2023-08-08T17:28:59 IST" duration-ms="61195" status="PASS">
          <reporter-output>
          </reporter-output>
        </test-method> <!-- TC_PurchaseTitle -->
        <test-method is-config="true" signature="log_result(org.testng.ITestResult)[pri:0, instance:com.Digitalcodes.testcases.Title_Purchase_Test@629f066f]" started-at="2023-08-08T17:28:59 IST" name="log_result" finished-at="2023-08-08T17:28:59 IST" duration-ms="56" status="PASS">
          <params>
            <param index="0">
              <value>
                <![CDATA[[TestResult name=TC_PurchaseTitle status=SUCCESS method=Title_Purchase_Test.TC_PurchaseTitle()[pri:2, instance:com.Digitalcodes.testcases.Title_Purchase_Test@629f066f] output={null}]]]>
              </value>
            </param>
          </params>
          <reporter-output>
          </reporter-output>
        </test-method> <!-- log_result -->
      </class> <!-- com.Digitalcodes.testcases.Title_Purchase_Test -->
      <class name="com.Digitalcodes.testcases.Title_SectionPage_Test">
        <test-method is-config="true" signature="beforeClass()[pri:0, instance:com.Digitalcodes.testcases.Title_SectionPage_Test@65004ff6]" started-at="2023-08-08T17:31:02 IST" name="beforeClass" finished-at="2023-08-08T17:31:02 IST" duration-ms="1" status="PASS">
          <reporter-output>
          </reporter-output>
        </test-method> <!-- beforeClass -->
        <test-method is-config="true" signature="beforeClassTitlepage()[pri:0, instance:com.Digitalcodes.testcases.Title_SectionPage_Test@65004ff6]" started-at="2023-08-08T17:31:02 IST" name="beforeClassTitlepage" finished-at="2023-08-08T17:31:02 IST" duration-ms="14" status="PASS">
          <reporter-output>
          </reporter-output>
        </test-method> <!-- beforeClassTitlepage -->
        <test-method signature="TC09_verifyCreateNotes_atSection(java.lang.String,java.lang.String,java.lang.String,java.lang.String,java.lang.String)[pri:1, instance:com.Digitalcodes.testcases.Title_SectionPage_Test@65004ff6]" started-at="2023-08-08T17:31:02 IST" name="TC09_verifyCreateNotes_atSection" description="Verify user able to create notes at section" data-provider="Premium Complete Titles" finished-at="2023-08-08T17:31:32 IST" duration-ms="29459" status="PASS">
          <params>
            <param index="0">
              <value>
                <![CDATA[I-Codes]]>
              </value>
            </param>
            <param index="1">
              <value>
                <![CDATA[2021 I-Codes]]>
              </value>
            </param>
            <param index="2">
              <value>
                <![CDATA[2021 International Building Code (IBC)]]>
              </value>
            </param>
            <param index="3">
              <value>
                <![CDATA[CHAPTER 2 DEFINITIONS]]>
              </value>
            </param>
            <param index="4">
              <value>
                <![CDATA[PREMIUM]]>
              </value>
            </param>
          </params>
          <reporter-output>
          </reporter-output>
        </test-method> <!-- TC09_verifyCreateNotes_atSection -->
        <test-method is-config="true" signature="log_result(org.testng.ITestResult)[pri:0, instance:com.Digitalcodes.testcases.Title_SectionPage_Test@65004ff6]" started-at="2023-08-08T17:31:32 IST" name="log_result" finished-at="2023-08-08T17:31:32 IST" duration-ms="45" status="PASS">
          <params>
            <param index="0">
              <value>
                <![CDATA[[TestResult name=TC09_verifyCreateNotes_atSection status=SUCCESS method=Title_SectionPage_Test.TC09_verifyCreateNotes_atSection(java.lang.String,java.lang.String,java.lang.String,java.lang.String,java.lang.String)[pri:1, instance:com.Digitalcodes.testcases.Title_SectionPage_Test@65004ff6] output={null}]]]>
              </value>
            </param>
          </params>
          <reporter-output>
          </reporter-output>
        </test-method> <!-- log_result -->
        <test-method signature="TC09_verifyCreateNotes_atSection(java.lang.String,java.lang.String,java.lang.String,java.lang.String,java.lang.String)[pri:1, instance:com.Digitalcodes.testcases.Title_SectionPage_Test@65004ff6]" started-at="2023-08-08T17:31:32 IST" name="TC09_verifyCreateNotes_atSection" description="Verify user able to create notes at section" data-provider="Premium Complete Titles" finished-at="2023-08-08T17:31:57 IST" duration-ms="25012" status="PASS">
          <params>
            <param index="0">
              <value>
                <![CDATA[Commentaries]]>
              </value>
            </param>
            <param index="1">
              <value>
                <![CDATA[2021 Commentaries]]>
              </value>
            </param>
            <param index="2">
              <value>
                <![CDATA[2021 IBC Code and Commentary Volume 1 (IBC)]]>
              </value>
            </param>
            <param index="3">
              <value>
                <![CDATA[Chapter 3: Occupancy Classification and Use]]>
              </value>
            </param>
            <param index="4">
              <value>
                <![CDATA[PREMIUM]]>
              </value>
            </param>
          </params>
          <reporter-output>
          </reporter-output>
        </test-method> <!-- TC09_verifyCreateNotes_atSection -->
        <test-method is-config="true" signature="log_result(org.testng.ITestResult)[pri:0, instance:com.Digitalcodes.testcases.Title_SectionPage_Test@65004ff6]" started-at="2023-08-08T17:31:57 IST" name="log_result" finished-at="2023-08-08T17:31:57 IST" duration-ms="37" status="PASS">
          <params>
            <param index="0">
              <value>
                <![CDATA[[TestResult name=TC09_verifyCreateNotes_atSection status=SUCCESS method=Title_SectionPage_Test.TC09_verifyCreateNotes_atSection(java.lang.String,java.lang.String,java.lang.String,java.lang.String,java.lang.String)[pri:1, instance:com.Digitalcodes.testcases.Title_SectionPage_Test@65004ff6] output={null}]]]>
              </value>
            </param>
          </params>
          <reporter-output>
          </reporter-output>
        </test-method> <!-- log_result -->
[...]
          <params>
            <param index="0">
              <value>
                <![CDATA[fire]]>
              </value>
            </param>
            <param index="1">
              <value>
                <![CDATA[mall]]>
              </value>
            </param>
          </params>
          <reporter-output>
          </reporter-output>
        </test-method> <!-- TC52_verifyNearSearch -->
        <test-method is-config="true" signature="log_result(org.testng.ITestResult)[pri:0, instance:com.Digitalcodes.testcases.ContentSearch_Test@989da1]" started-at="2023-08-08T17:46:50 IST" name="log_result" finished-at="2023-08-08T17:46:50 IST" duration-ms="19" status="PASS">
          <params>
            <param index="0">
              <value>
                <![CDATA[[TestResult name=TC52_verifyNearSearch status=SUCCESS method=ContentSearch_Test.TC52_verifyNearSearch(java.lang.String,java.lang.String)[pri:8, instance:com.Digitalcodes.testcases.ContentSearch_Test@989da1] output={null}]]]>
              </value>
            </param>
          </params>
          <reporter-output>
          </reporter-output>
        </test-method> <!-- log_result -->
        <test-method signature="TC53_verifyShowRelevantTitles(java.lang.String,java.lang.String)[pri:9, instance:com.Digitalcodes.testcases.ContentSearch_Test@989da1]" started-at="2023-08-08T17:46:50 IST" name="TC53_verifyShowRelevantTitles" description="verify Relevant Titles from Content search" data-provider="Search by Text" finished-at="2023-08-08T17:46:54 IST" duration-ms="4816" status="PASS">
          <params>
            <param index="0">
              <value>
                <![CDATA[Text]]>
              </value>
            </param>
            <param index="1">
              <value>
                <![CDATA[Buildings]]>
              </value>
            </param>
          </params>
          <reporter-output>
          </reporter-output>
        </test-method> <!-- TC53_verifyShowRelevantTitles -->
        <test-method is-config="true" signature="log_result(org.testng.ITestResult)[pri:0, instance:com.Digitalcodes.testcases.ContentSearch_Test@989da1]" started-at="2023-08-08T17:46:54 IST" name="log_result" finished-at="2023-08-08T17:46:55 IST" duration-ms="26" status="PASS">
          <params>
            <param index="0">
              <value>
                <![CDATA[[TestResult name=TC53_verifyShowRelevantTitles status=SUCCESS method=ContentSearch_Test.TC53_verifyShowRelevantTitles(java.lang.String,java.lang.String)[pri:9, instance:com.Digitalcodes.testcases.ContentSearch_Test@989da1] output={null}]]]>
              </value>
            </param>
          </params>
          <reporter-output>
          </reporter-output>
        </test-method> <!-- log_result -->
        <test-method signature="TC54_verifySaveDeleteContentSerach(java.lang.String,java.lang.String)[pri:10, instance:com.Digitalcodes.testcases.ContentSearch_Test@989da1]" started-at="2023-08-08T17:46:55 IST" name="TC54_verifySaveDeleteContentSerach" description="verify save and delete serach Content search" data-provider="Search by Text" finished-at="2023-08-08T17:47:12 IST" duration-ms="17231" status="PASS">
          <params>
            <param index="0">
              <value>
                <![CDATA[Text]]>
              </value>
            </param>
            <param index="1">
              <value>
                <![CDATA[Buildings]]>
              </value>
            </param>
          </params>
          <reporter-output>
          </reporter-output>
        </test-method> <!-- TC54_verifySaveDeleteContentSerach -->
        <test-method is-config="true" signature="log_result(org.testng.ITestResult)[pri:0, instance:com.Digitalcodes.testcases.ContentSearch_Test@989da1]" started-at="2023-08-08T17:47:12 IST" name="log_result" finished-at="2023-08-08T17:47:12 IST" duration-ms="41" status="PASS">
          <params>
            <param index="0">
              <value>
                <![CDATA[[TestResult name=TC54_verifySaveDeleteContentSerach status=SUCCESS method=ContentSearch_Test.TC54_verifySaveDeleteContentSerach(java.lang.String,java.lang.String)[pri:10, instance:com.Digitalcodes.testcases.ContentSearch_Test@989da1] output={null}]]]>
              </value>
            </param>
          </params>
          <reporter-output>
          </reporter-output>
        </test-method> <!-- log_result -->
        <test-method signature="TC55_verifymarkFavorite_unFavoriteTitleformConetntSearch(java.lang.String,java.lang.String)[pri:11, instance:com.Digitalcodes.testcases.ContentSearch_Test@989da1]" started-at="2023-08-08T17:47:12 IST" name="TC55_verifymarkFavorite_unFavoriteTitleformConetntSearch" description="verify mark favorite and un favorite Title from Content search" data-provider="Search by Text" finished-at="2023-08-08T17:47:19 IST" duration-ms="7027" status="PASS">
          <params>
            <param index="0">
              <value>
                <![CDATA[Text]]>
              </value>
            </param>
            <param index="1">
              <value>
                <![CDATA[Buildings]]>
              </value>
            </param>
          </params>
          <reporter-output>
          </reporter-output>
        </test-method> <!-- TC55_verifymarkFavorite_unFavoriteTitleformConetntSearch -->
        <test-method is-config="true" signature="log_result(org.testng.ITestResult)[pri:0, instance:com.Digitalcodes.testcases.ContentSearch_Test@989da1]" started-at="2023-08-08T17:47:19 IST" name="log_result" finished-at="2023-08-08T17:47:19 IST" duration-ms="36" status="PASS">
          <params>
            <param index="0">
              <value>
                <![CDATA[[TestResult name=TC55_verifymarkFavorite_unFavoriteTitleformConetntSearch status=SUCCESS method=ContentSearch_Test.TC55_verifymarkFavorite_unFavoriteTitleformConetntSearch(java.lang.String,java.lang.String)[pri:11, instance:com.Digitalcodes.testcases.ContentSearch_Test@989da1] output={null}]]]>
              </value>
            </param>
          </params>
          <reporter-output>
          </reporter-output>
        </test-method> <!-- log_result -->
        <test-method signature="TC56_verifyPaginationinContentSearch(java.lang.String,java.lang.String)[pri:12, instance:com.Digitalcodes.testcases.ContentSearch_Test@989da1]" started-at="2023-08-08T17:47:19 IST" name="TC56_verifyPaginationinContentSearch" description="verify paginations in Content search" data-provider="Search by Text" finished-at="2023-08-08T17:47:29 IST" duration-ms="10452" status="PASS">
          <params>
            <param index="0">
              <value>
                <![CDATA[Text]]>
              </value>
            </param>
            <param index="1">
              <value>
                <![CDATA[Buildings]]>
              </value>
            </param>
          </params>
          <reporter-output>
          </reporter-output>
        </test-method> <!-- TC56_verifyPaginationinContentSearch -->
        <test-method is-config="true" signature="log_result(org.testng.ITestResult)[pri:0, instance:com.Digitalcodes.testcases.ContentSearch_Test@989da1]" started-at="2023-08-08T17:47:29 IST" name="log_result" finished-at="2023-08-08T17:47:29 IST" duration-ms="27" status="PASS">
          <params>
            <param index="0">
              <value>
                <![CDATA[[TestResult name=TC56_verifyPaginationinContentSearch status=SUCCESS method=ContentSearch_Test.TC56_verifyPaginationinContentSearch(java.lang.String,java.lang.String)[pri:12, instance:com.Digitalcodes.testcases.ContentSearch_Test@989da1] output={null}]]]>
              </value>
            </param>
          </params>
          <reporter-output>
          </reporter-output>
        </test-method> <!-- log_result -->
      </class> <!-- com.Digitalcodes.testcases.ContentSearch_Test -->
      <class name="com.Digitalcodes.testcases.Title_ASTMStanderds_Test">
        <test-method is-config="true" signature="beforeClass()[pri:0, instance:com.Digitalcodes.testcases.Title_ASTMStanderds_Test@31cb96e1]" started-at="2023-08-08T17:47:29 IST" name="beforeClass" finished-at="2023-08-08T17:47:29 IST" duration-ms="1" status="PASS">
          <reporter-output>
          </reporter-output>
        </test-method> <!-- beforeClass -->
        <test-method is-config="true" signature="beforeclass()[pri:0, instance:com.Digitalcodes.testcases.Title_ASTMStanderds_Test@31cb96e1]" started-at="2023-08-08T17:47:29 IST" name="beforeclass" finished-at="2023-08-08T17:47:29 IST" duration-ms="1" status="PASS">
          <reporter-output>
          </reporter-output>
        </test-method> <!-- beforeclass -->
        <test-method signature="TC34_verifyNavigateToASTM_FromLinks(java.lang.String,java.lang.String,java.lang.String,java.lang.String,java.lang.String,java.lang.String)[pri:1, instance:com.Digitalcodes.testcases.Title_ASTMStanderds_Test@31cb96e1]" started-at="2023-08-08T17:47:29 IST" name="TC34_verifyNavigateToASTM_FromLinks" description="Verify user able to navigate to ASTM Standerds thorugh link" data-provider="ASTM from Link" finished-at="2023-08-08T17:47:51 IST" duration-ms="21498" status="PASS">
          <params>
            <param index="0">
              <value>
                <![CDATA[I-Codes]]>
              </value>
            </param>
            <param index="1">
              <value>
                <![CDATA[2021 I-Codes]]>
              </value>
            </param>
            <param index="2">
              <value>
                <![CDATA[2021 International Building Code (IBC)]]>
              </value>
            </param>
            <param index="3">
              <value>
                <![CDATA[CHAPTER 2 DEFINITIONS]]>
              </value>
            </param>
            <param index="4">
              <value>
                <![CDATA[ASTM E283]]>
              </value>
            </param>
            <param index="5">
              <value>
                <![CDATA[PREMIUM]]>
              </value>
            </param>
          </params>
          <reporter-output>
          </reporter-output>
        </test-method> <!-- TC34_verifyNavigateToASTM_FromLinks -->
        <test-method is-config="true" signature="log_result(org.testng.ITestResult)[pri:0, instance:com.Digitalcodes.testcases.Title_ASTMStanderds_Test@31cb96e1]" started-at="2023-08-08T17:47:51 IST" name="log_result" finished-at="2023-08-08T17:47:51 IST" duration-ms="56" status="PASS">
          <params>
            <param index="0">
              <value>
                <![CDATA[[TestResult name=TC34_verifyNavigateToASTM_FromLinks status=SUCCESS method=Title_ASTMStanderds_Test.TC34_verifyNavigateToASTM_FromLinks(java.lang.String,java.lang.String,java.lang.String,java.lang.String,java.lang.String,java.lang.String)[pri:1, instance:com.Digitalcodes.testcases.Title_ASTMStanderds_Test@31cb96e1] output={null}]]]>
              </value>
            </param>
          </params>
          <reporter-output>
          </reporter-output>
        </test-method> <!-- log_result -->
        <test-method signature="TC35_verifyNavigateToASTM(java.lang.String,java.lang.String,java.lang.String,java.lang.String,java.lang.String)[pri:2, instance:com.Digitalcodes.testcases.Title_ASTMStanderds_Test@31cb96e1]" started-at="2023-08-08T17:47:51 IST" name="TC35_verifyNavigateToASTM" description="Verify user able to navigate to ASTM Standerds Landing page" data-provider="ASTM Titles" finished-at="2023-08-08T17:47:59 IST" duration-ms="8252" status="PASS">
          <params>
            <param index="0">
              <value>
                <![CDATA[Standards]]>
              </value>
            </param>
            <param index="1">
              <value>
                <![CDATA[ASTM Standards]]>
              </value>
            </param>
            <param index="2">
              <value>
                <![CDATA[Iron and Steel Materials]]>
              </value>
            </param>
            <param index="3">
              <value>
                <![CDATA[ASTM A1003/A1003M-15]]>
              </value>
            </param>
            <param index="4">
              <value>
                <![CDATA[PREMIUM LITE]]>
              </value>
            </param>
          </params>
          <reporter-output>
          </reporter-output>
        </test-method> <!-- TC35_verifyNavigateToASTM -->
        <test-method is-config="true" signature="log_result(org.testng.ITestResult)[pri:0, instance:com.Digitalcodes.testcases.Title_ASTMStanderds_Test@31cb96e1]" started-at="2023-08-08T17:47:59 IST" name="log_result" finished-at="2023-08-08T17:47:59 IST" duration-ms="42" status="PASS">
          <params>
            <param index="0">
              <value>
                <![CDATA[[TestResult name=TC35_verifyNavigateToASTM status=SUCCESS method=Title_ASTMStanderds_Test.TC35_verifyNavigateToASTM(java.lang.String,java.lang.String,java.lang.String,java.lang.String,java.lang.String)[pri:2, instance:com.Digitalcodes.testcases.Title_ASTMStanderds_Test@31cb96e1] output={null}]]]>
              </value>
            </param>
          </params>
          <reporter-output>
          </reporter-output>
        </test-method> <!-- log_result -->
        <test-method signature="TC36_verifyASTMSection()[pri:0, instance:com.Digitalcodes.testcases.Title_ASTMStanderds_Test@31cb96e1]" started-at="2023-08-08T17:47:59 IST" name="TC36_verifyASTMSection" description="Verify user able to Access ASTM title " finished-at="2023-08-08T17:48:02 IST" depends-on-methods="com.Digitalcodes.testcases.Title_ASTMStanderds_Test.TC35_verifyNavigateToASTM" duration-ms="3131" status="PASS">
          <reporter-output>
          </reporter-output>
        </test-method> <!-- TC36_verifyASTMSection -->
        <test-method is-config="true" signature="log_result(org.testng.ITestResult)[pri:0, instance:com.Digitalcodes.testcases.Title_ASTMStanderds_Test@31cb96e1]" started-at="2023-08-08T17:48:02 IST" name="log_result" finished-at="2023-08-08T17:48:02 IST" duration-ms="21" status="PASS">
          <params>
            <param index="0">
              <value>
                <![CDATA[[TestResult name=TC36_verifyASTMSection status=SUCCESS method=Title_ASTMStanderds_Test.TC36_verifyASTMSection()[pri:0, instance:com.Digitalcodes.testcases.Title_ASTMStanderds_Test@31cb96e1] output={null}]]]>
              </value>
            </param>
          </params>
          <reporter-output>
          </reporter-output>
        </test-method> <!-- log_result -->
      </class> <!-- com.Digitalcodes.testcases.Title_ASTMStanderds_Test -->
      <class name="com.Digitalcodes.testcases.TableOfContent_Test">
        <test-method is-config="true" signature="beforeClass()[pri:0, instance:com.Digitalcodes.testcases.TableOfContent_Test@3adbe50f]" started-at="2023-08-08T17:30:50 IST" name="beforeClass" finished-at="2023-08-08T17:30:50 IST" duration-ms="1" status="PASS">
          <reporter-output>
          </reporter-output>
        </test-method> <!-- beforeClass -->
        <test-method signature="TC07_verifyMyNotes_FromTOC(java.lang.String,java.lang.String,java.lang.String,java.lang.String,java.lang.String)[pri:1, instance:com.Digitalcodes.testcases.TableOfContent_Test@3adbe50f]" started-at="2023-08-08T17:30:50 IST" name="TC07_verifyMyNotes_FromTOC" description="Verify my notes From Table Of Content when user have no any notes " data-provider="PC first title" finished-at="2023-08-08T17:31:02 IST" duration-ms="12449" status="PASS">
          <params>
            <param index="0">
              <value>
                <![CDATA[I-Codes]]>
              </value>
            </param>
            <param index="1">
              <value>
                <![CDATA[2021 I-Codes]]>
              </value>
            </param>
            <param index="2">
              <value>
                <![CDATA[2021 International Building Code (IBC)]]>
              </value>
            </param>
            <param index="3">
              <value>
                <![CDATA[CHAPTER 2 DEFINITIONS]]>
              </value>
            </param>
            <param index="4">
              <value>
                <![CDATA[PREMIUM]]>
              </value>
            </param>
          </params>
          <reporter-output>
          </reporter-output>
        </test-method> <!-- TC07_verifyMyNotes_FromTOC -->
        <test-method is-config="true" signature="log_result(org.testng.ITestResult)[pri:0, instance:com.Digitalcodes.testcases.TableOfContent_Test@3adbe50f]" started-at="2023-08-08T17:31:02 IST" name="log_result" finished-at="2023-08-08T17:31:02 IST" duration-ms="76" status="PASS">
          <params>
            <param index="0">
              <value>
                <![CDATA[[TestResult name=TC07_verifyMyNotes_FromTOC status=SUCCESS method=TableOfContent_Test.TC07_verifyMyNotes_FromTOC(java.lang.String,java.lang.String,java.lang.String,java.lang.String,java.lang.String)[pri:1, instance:com.Digitalcodes.testcases.TableOfContent_Test@3adbe50f] output={null}]]]>
              </value>
            </param>
          </params>
          <reporter-output>
          </reporter-output>
        </test-method> <!-- log_result -->
      </class> <!-- com.Digitalcodes.testcases.TableOfContent_Test -->
      <class name="com.Digitalcodes.testcases.Title_Commentary_Test">
        <test-method is-config="true" signature="beforeClass()[pri:0, instance:com.Digitalcodes.testcases.Title_Commentary_Test@4cafa9aa]" started-at="2023-08-08T17:42:09 IST" name="beforeClass" finished-at="2023-08-08T17:42:09 IST" duration-ms="1" status="PASS">
          <reporter-output>
          </reporter-output>
        </test-method> <!-- beforeClass -->
        <test-method signature="TC34_verifyHideCommentary(java.lang.String,java.lang.String,java.lang.String,java.lang.String)[pri:1, instance:com.Digitalcodes.testcases.Title_Commentary_Test@4cafa9aa]" started-at="2023-08-08T17:42:09 IST" name="TC34_verifyHideCommentary" description="Verify User able to Hide commentary section" data-provider="Premium Complete Commentries" finished-at="2023-08-08T17:42:23 IST" duration-ms="14558" status="PASS">
          <params>
            <param index="0">
              <value>
                <![CDATA[Commentaries]]>
              </value>
            </param>
            <param index="1">
              <value>
                <![CDATA[2021 Commentaries]]>
              </value>
            </param>
            <param index="2">
              <value>
                <![CDATA[2021 IBC Code and Commentary Volume 1 (IBC)]]>
              </value>
            </param>
            <param index="3">
              <value>
                <![CDATA[Chapter 3: Occupancy Classification and Use]]>
              </value>
            </param>
          </params>
          <reporter-output>
          </reporter-output>
        </test-method> <!-- TC34_verifyHideCommentary -->
        <test-method is-config="true" signature="log_result(org.testng.ITestResult)[pri:0, instance:com.Digitalcodes.testcases.Title_Commentary_Test@4cafa9aa]" started-at="2023-08-08T17:42:23 IST" name="log_result" finished-at="2023-08-08T17:42:23 IST" duration-ms="47" status="PASS">
          <params>
            <param index="0">
              <value>
                <![CDATA[[TestResult name=TC34_verifyHideCommentary status=SUCCESS method=Title_Commentary_Test.TC34_verifyHideCommentary(java.lang.String,java.lang.String,java.lang.String,java.lang.String)[pri:1, instance:com.Digitalcodes.testcases.Title_Commentary_Test@4cafa9aa] output={null}]]]>
              </value>
            </param>
          </params>
          <reporter-output>
          </reporter-output>
        </test-method> <!-- log_result -->
      </class> <!-- com.Digitalcodes.testcases.Title_Commentary_Test -->
    </test> <!-- Regression for Premium user -->
  </suite> <!-- Regression test -->
</testng-results>
