<?xml version="1.0" encoding="UTF-8"?>
<testsuite xmlns:xsi="http://www.w3.org/2001/XMLSchema-instance" xsi:noNamespaceSchemaLocation="https://maven.apache.org/surefire/maven-surefire-plugin/xsd/surefire-test-report-3.0.xsd" version="3.0" name="TestSuite" time="68.023" tests="2" errors="0" skipped="0" failures="0">
  <properties>
[...]
</properties>
  <testcase name="TC01_loginValidData[complete.user@iccsafe.info, Digital@123, Complete User, Premium Complete](1)" classname="com.Digitalcodes.testcases.Login_Test" time="16.965">
    <system-out><![CDATA[Platform Name :- local
Browser Name :- chrome
Headless Mode :- false
 
https://codes-stage.iccsafe.org/
 
Click SignIN
Enter username complete.user@iccsafe.info
Enter password Digital@123
Click SignIn Button
Page Title is Login
Description :-  User able to Login with valid creditionls
TC01_loginValidData : PASSED
]]></system-out>
    <system-err><![CDATA[SLF4J: No SLF4J providers were found.
SLF4J: Defaulting to no-operation (NOP) logger implementation
SLF4J: See https://www.slf4j.org/codes.html#noProviders for further details.
Starting ChromeDriver 114.0.5735.90 (386bc09e8f4f2e025eddae123f36f6263096ae49-refs/branch-heads/5735@{#1052}) on port 30698
Only local connections are allowed.
Please see https://chromedriver.chromium.org/security-considerations for suggestions on keeping ChromeDriver safe.
ChromeDriver was started successfully.
Jun 07, 2023 9:03:36 PM org.openqa.selenium.devtools.CdpVersionFinder findNearestMatch
WARNING: Unable to find an exact match for CDP version 114, so returning the closest version found: 112
]]></system-err>
  </testcase>
  <testcase name="TC02_verifyUserInformation[complete.user@iccsafe.info, Digital@123, Complete User, Premium Complete](1)" classname="com.Digitalcodes.testcases.Login_Test" time="16.847">
    <system-out><![CDATA[=======================================================
  
Hover on Premium Complete
Subscripton Types is Premium Complete
User Name is Complete User
User Email is complete.user@iccsafe.info
Page Title is My Library
Description :-  Verify User able to displyed Subscription type, Name, email 
TC02_verifyUserInformation : PASSED
]]></system-out>
  </testcase>
</testsuite>