<?xml version="1.0" encoding="UTF-8"?>
<testng-results ignored="50" total="74" passed="22" failed="2" skipped="0">
  <reporter-output>
  </reporter-output>
  <suite started-at="2023-06-12T14:36:15 IST" name="Smoke test" finished-at="2023-06-12T14:45:15 IST" duration-ms="539913">
    <groups>
      <group name="Regression">
        <method signature="Login_Test.TC01_loginValidData(java.lang.String,java.lang.String,java.lang.String,java.lang.String)[pri:1, instance:com.Digitalcodes.testcases.Login_Test@281f23f2]" name="TC01_loginValidData" class="com.Digitalcodes.testcases.Login_Test"/>
        <method signature="Login_Test.TC02_verifyUserInformation(java.lang.String,java.lang.String,java.lang.String,java.lang.String)[pri:0, instance:com.Digitalcodes.testcases.Login_Test@281f23f2]" name="TC02_verifyUserInformation" class="com.Digitalcodes.testcases.Login_Test"/>
        <method signature="PremiumTools_QuickAccess_Test.TC34_verifyAccessSection_QuickAccess()[pri:1, instance:com.Digitalcodes.testcases.PremiumTools_QuickAccess_Test@6dd91637]" name="TC34_verifyAccessSection_QuickAccess" class="com.Digitalcodes.testcases.PremiumTools_QuickAccess_Test"/>
        <method signature="PremiumTools_QuickAccess_Test.TC35_verifyActionsOnSection_QuickAccess()[pri:2, instance:com.Digitalcodes.testcases.PremiumTools_QuickAccess_Test@6dd91637]" name="TC35_verifyActionsOnSection_QuickAccess" class="com.Digitalcodes.testcases.PremiumTools_QuickAccess_Test"/>
        <method signature="PremiumTools_QuickAccess_Test.TC36_verifyShare_Edit_DeleteBookmakr_QuickAccess()[pri:3, instance:com.Digitalcodes.testcases.PremiumTools_QuickAccess_Test@6dd91637]" name="TC36_verifyShare_Edit_DeleteBookmakr_QuickAccess" class="com.Digitalcodes.testcases.PremiumTools_QuickAccess_Test"/>
        <method signature="Title_ASTMStanderds_Test.TC33_verifyNavigateToASTM_FromLinks(java.lang.String,java.lang.String,java.lang.String,java.lang.String)[pri:1, instance:com.Digitalcodes.testcases.Title_ASTMStanderds_Test@71870da7]" name="TC33_verifyNavigateToASTM_FromLinks" class="com.Digitalcodes.testcases.Title_ASTMStanderds_Test"/>
        <method signature="Title_ASTMStanderds_Test.TC35_verifyNavigateToASTM(java.lang.String,java.lang.String,java.lang.String,java.lang.String,java.lang.String)[pri:2, instance:com.Digitalcodes.testcases.Title_ASTMStanderds_Test@71870da7]" name="TC35_verifyNavigateToASTM" class="com.Digitalcodes.testcases.Title_ASTMStanderds_Test"/>
        <method signature="Title_ASTMStanderds_Test.TC36_verifyASTMSection()[pri:0, instance:com.Digitalcodes.testcases.Title_ASTMStanderds_Test@71870da7]" name="TC36_verifyASTMSection" class="com.Digitalcodes.testcases.Title_ASTMStanderds_Test"/>
        <method signature="Title_Basic_Test.TC33_verifyNgviateToBasicTitle(java.lang.String,java.lang.String,java.lang.String)[pri:1, instance:com.Digitalcodes.testcases.Title_Basic_Test@10876a6]" name="TC33_verifyNgviateToBasicTitle" class="com.Digitalcodes.testcases.Title_Basic_Test"/>
        <method signature="Title_Collection_Test.TC28_verifyCollectionLandingPage(java.lang.String,java.lang.String,java.lang.String,java.lang.String)[pri:1, instance:com.Digitalcodes.testcases.Title_Collection_Test@215a34b4]" name="TC28_verifyCollectionLandingPage" class="com.Digitalcodes.testcases.Title_Collection_Test"/>
        <method signature="Title_Collection_Test.TC29_verifySection_collectionTitles(java.lang.String,java.lang.String,java.lang.String,java.lang.String)[pri:2, instance:com.Digitalcodes.testcases.Title_Collection_Test@215a34b4]" name="TC29_verifySection_collectionTitles" class="com.Digitalcodes.testcases.Title_Collection_Test"/>
        <method signature="Title_Commentary_Test.TC34_verifyHideCommentary(java.lang.String,java.lang.String,java.lang.String,java.lang.String)[pri:1, instance:com.Digitalcodes.testcases.Title_Commentary_Test@35d3ab60]" name="TC34_verifyHideCommentary" class="com.Digitalcodes.testcases.Title_Commentary_Test"/>
        <method signature="Title_LandingPage_Test.TC04_verifyTitleLandingPage(java.lang.String,java.lang.String,java.lang.String,java.lang.String)[pri:1, instance:com.Digitalcodes.testcases.Title_LandingPage_Test@65bb9029]" name="TC04_verifyTitleLandingPage" class="com.Digitalcodes.testcases.Title_LandingPage_Test"/>
        <method signature="Title_LandingPage_Test.TC05_verifyMarkFavoriteTitle(java.lang.String,java.lang.String,java.lang.String,java.lang.String)[pri:2, instance:com.Digitalcodes.testcases.Title_LandingPage_Test@65bb9029]" name="TC05_verifyMarkFavoriteTitle" class="com.Digitalcodes.testcases.Title_LandingPage_Test"/>
        <method signature="Title_SectionPage_Test.TC09_verifyCreateNotes_atSection(java.lang.String,java.lang.String,java.lang.String,java.lang.String)[pri:1, instance:com.Digitalcodes.testcases.Title_SectionPage_Test@5bcde458]" name="TC09_verifyCreateNotes_atSection" class="com.Digitalcodes.testcases.Title_SectionPage_Test"/>
        <method signature="Title_SectionPage_Test.TC10_verifyCreateBookmark_atSection(java.lang.String,java.lang.String,java.lang.String,java.lang.String)[pri:2, instance:com.Digitalcodes.testcases.Title_SectionPage_Test@5bcde458]" name="TC10_verifyCreateBookmark_atSection" class="com.Digitalcodes.testcases.Title_SectionPage_Test"/>
        <method signature="Title_SectionPage_Test.TC11_verifyShareSection_FromSection(java.lang.String,java.lang.String,java.lang.String,java.lang.String)[pri:3, instance:com.Digitalcodes.testcases.Title_SectionPage_Test@5bcde458]" name="TC11_verifyShareSection_FromSection" class="com.Digitalcodes.testcases.Title_SectionPage_Test"/>
        <method signature="Title_SectionPage_Test.TC12_verifyPrintSection_FromSection()[pri:0, instance:com.Digitalcodes.testcases.Title_SectionPage_Test@5bcde458]" name="TC12_verifyPrintSection_FromSection" class="com.Digitalcodes.testcases.Title_SectionPage_Test"/>
        <method signature="Title_SectionPage_Test.TC13_verifyShareNote_FromSction(java.lang.String,java.lang.String,java.lang.String,java.lang.String)[pri:4, instance:com.Digitalcodes.testcases.Title_SectionPage_Test@5bcde458]" name="TC13_verifyShareNote_FromSction" class="com.Digitalcodes.testcases.Title_SectionPage_Test"/>
        <method signature="Title_SectionPage_Test.TC14_verifyEditNotes_FromSection()[pri:0, instance:com.Digitalcodes.testcases.Title_SectionPage_Test@5bcde458]" name="TC14_verifyEditNotes_FromSection" class="com.Digitalcodes.testcases.Title_SectionPage_Test"/>
        <method signature="Title_SectionPage_Test.TC15_verifyDeleteNotes_FromSection()[pri:0, instance:com.Digitalcodes.testcases.Title_SectionPage_Test@5bcde458]" name="TC15_verifyDeleteNotes_FromSection" class="com.Digitalcodes.testcases.Title_SectionPage_Test"/>
        <method signature="Title_SectionPage_Test.TC19_verifyLinksOnChapter(java.lang.String,java.lang.String,java.lang.String,java.lang.String)[pri:6, instance:com.Digitalcodes.testcases.Title_SectionPage_Test@5bcde458]" name="TC19_verifyLinksOnChapter" class="com.Digitalcodes.testcases.Title_SectionPage_Test"/>
      </group> <!-- Regression -->
      <group name="Smoke">
        <method signature="Login_Test.TC01_loginValidData(java.lang.String,java.lang.String,java.lang.String,java.lang.String)[pri:1, instance:com.Digitalcodes.testcases.Login_Test@281f23f2]" name="TC01_loginValidData" class="com.Digitalcodes.testcases.Login_Test"/>
        <method signature="Login_Test.TC02_verifyUserInformation(java.lang.String,java.lang.String,java.lang.String,java.lang.String)[pri:0, instance:com.Digitalcodes.testcases.Login_Test@281f23f2]" name="TC02_verifyUserInformation" class="com.Digitalcodes.testcases.Login_Test"/>
        <method signature="PremiumTools_QuickAccess_Test.TC34_verifyAccessSection_QuickAccess()[pri:1, instance:com.Digitalcodes.testcases.PremiumTools_QuickAccess_Test@6dd91637]" name="TC34_verifyAccessSection_QuickAccess" class="com.Digitalcodes.testcases.PremiumTools_QuickAccess_Test"/>
        <method signature="PremiumTools_QuickAccess_Test.TC35_verifyActionsOnSection_QuickAccess()[pri:2, instance:com.Digitalcodes.testcases.PremiumTools_QuickAccess_Test@6dd91637]" name="TC35_verifyActionsOnSection_QuickAccess" class="com.Digitalcodes.testcases.PremiumTools_QuickAccess_Test"/>
        <method signature="PremiumTools_QuickAccess_Test.TC36_verifyShare_Edit_DeleteBookmakr_QuickAccess()[pri:3, instance:com.Digitalcodes.testcases.PremiumTools_QuickAccess_Test@6dd91637]" name="TC36_verifyShare_Edit_DeleteBookmakr_QuickAccess" class="com.Digitalcodes.testcases.PremiumTools_QuickAccess_Test"/>
        <method signature="TableOfContent_Test.TC07_verifyMyNotes_FromTOC(java.lang.String,java.lang.String,java.lang.String,java.lang.String)[pri:1, instance:com.Digitalcodes.testcases.TableOfContent_Test@1bfe3203]" name="TC07_verifyMyNotes_FromTOC" class="com.Digitalcodes.testcases.TableOfContent_Test"/>
        <method signature="Title_ASTMStanderds_Test.TC33_verifyNavigateToASTM_FromLinks(java.lang.String,java.lang.String,java.lang.String,java.lang.String)[pri:1, instance:com.Digitalcodes.testcases.Title_ASTMStanderds_Test@71870da7]" name="TC33_verifyNavigateToASTM_FromLinks" class="com.Digitalcodes.testcases.Title_ASTMStanderds_Test"/>
        <method signature="Title_ASTMStanderds_Test.TC35_verifyNavigateToASTM(java.lang.String,java.lang.String,java.lang.String,java.lang.String,java.lang.String)[pri:2, instance:com.Digitalcodes.testcases.Title_ASTMStanderds_Test@71870da7]" name="TC35_verifyNavigateToASTM" class="com.Digitalcodes.testcases.Title_ASTMStanderds_Test"/>
        <method signature="Title_ASTMStanderds_Test.TC36_verifyASTMSection()[pri:0, instance:com.Digitalcodes.testcases.Title_ASTMStanderds_Test@71870da7]" name="TC36_verifyASTMSection" class="com.Digitalcodes.testcases.Title_ASTMStanderds_Test"/>
        <method signature="Title_Basic_Test.TC33_verifyNgviateToBasicTitle(java.lang.String,java.lang.String,java.lang.String)[pri:1, instance:com.Digitalcodes.testcases.Title_Basic_Test@10876a6]" name="TC33_verifyNgviateToBasicTitle" class="com.Digitalcodes.testcases.Title_Basic_Test"/>
        <method signature="Title_Collection_Test.TC28_verifyCollectionLandingPage(java.lang.String,java.lang.String,java.lang.String,java.lang.String)[pri:1, instance:com.Digitalcodes.testcases.Title_Collection_Test@215a34b4]" name="TC28_verifyCollectionLandingPage" class="com.Digitalcodes.testcases.Title_Collection_Test"/>
        <method signature="Title_Collection_Test.TC29_verifySection_collectionTitles(java.lang.String,java.lang.String,java.lang.String,java.lang.String)[pri:2, instance:com.Digitalcodes.testcases.Title_Collection_Test@215a34b4]" name="TC29_verifySection_collectionTitles" class="com.Digitalcodes.testcases.Title_Collection_Test"/>
        <method signature="Title_Collection_Test.TC34_verifyRecentlyAddedTitle_Collection(java.lang.String,java.lang.String,java.lang.String,java.lang.String)[pri:7, instance:com.Digitalcodes.testcases.Title_Collection_Test@215a34b4]" name="TC34_verifyRecentlyAddedTitle_Collection" class="com.Digitalcodes.testcases.Title_Collection_Test"/>
        <method signature="Title_Commentary_Test.TC34_verifyHideCommentary(java.lang.String,java.lang.String,java.lang.String,java.lang.String)[pri:1, instance:com.Digitalcodes.testcases.Title_Commentary_Test@35d3ab60]" name="TC34_verifyHideCommentary" class="com.Digitalcodes.testcases.Title_Commentary_Test"/>
        <method signature="Title_LandingPage_Test.TC04_verifyTitleLandingPage(java.lang.String,java.lang.String,java.lang.String,java.lang.String)[pri:1, instance:com.Digitalcodes.testcases.Title_LandingPage_Test@65bb9029]" name="TC04_verifyTitleLandingPage" class="com.Digitalcodes.testcases.Title_LandingPage_Test"/>
        <method signature="Title_LandingPage_Test.TC05_verifyMarkFavoriteTitle(java.lang.String,java.lang.String,java.lang.String,java.lang.String)[pri:2, instance:com.Digitalcodes.testcases.Title_LandingPage_Test@65bb9029]" name="TC05_verifyMarkFavoriteTitle" class="com.Digitalcodes.testcases.Title_LandingPage_Test"/>
        <method signature="Title_SectionPage_Test.TC09_verifyCreateNotes_atSection(java.lang.String,java.lang.String,java.lang.String,java.lang.String)[pri:1, instance:com.Digitalcodes.testcases.Title_SectionPage_Test@5bcde458]" name="TC09_verifyCreateNotes_atSection" class="com.Digitalcodes.testcases.Title_SectionPage_Test"/>
        <method signature="Title_SectionPage_Test.TC10_verifyCreateBookmark_atSection(java.lang.String,java.lang.String,java.lang.String,java.lang.String)[pri:2, instance:com.Digitalcodes.testcases.Title_SectionPage_Test@5bcde458]" name="TC10_verifyCreateBookmark_atSection" class="com.Digitalcodes.testcases.Title_SectionPage_Test"/>
        <method signature="Title_SectionPage_Test.TC11_verifyShareSection_FromSection(java.lang.String,java.lang.String,java.lang.String,java.lang.String)[pri:3, instance:com.Digitalcodes.testcases.Title_SectionPage_Test@5bcde458]" name="TC11_verifyShareSection_FromSection" class="com.Digitalcodes.testcases.Title_SectionPage_Test"/>
        <method signature="Title_SectionPage_Test.TC12_verifyPrintSection_FromSection()[pri:0, instance:com.Digitalcodes.testcases.Title_SectionPage_Test@5bcde458]" name="TC12_verifyPrintSection_FromSection" class="com.Digitalcodes.testcases.Title_SectionPage_Test"/>
        <method signature="Title_SectionPage_Test.TC13_verifyShareNote_FromSction(java.lang.String,java.lang.String,java.lang.String,java.lang.String)[pri:4, instance:com.Digitalcodes.testcases.Title_SectionPage_Test@5bcde458]" name="TC13_verifyShareNote_FromSction" class="com.Digitalcodes.testcases.Title_SectionPage_Test"/>
        <method signature="Title_SectionPage_Test.TC14_verifyEditNotes_FromSection()[pri:0, instance:com.Digitalcodes.testcases.Title_SectionPage_Test@5bcde458]" name="TC14_verifyEditNotes_FromSection" class="com.Digitalcodes.testcases.Title_SectionPage_Test"/>
        <method signature="Title_SectionPage_Test.TC15_verifyDeleteNotes_FromSection()[pri:0, instance:com.Digitalcodes.testcases.Title_SectionPage_Test@5bcde458]" name="TC15_verifyDeleteNotes_FromSection" class="com.Digitalcodes.testcases.Title_SectionPage_Test"/>
        <method signature="Title_SectionPage_Test.TC19_verifyLinksOnChapter(java.lang.String,java.lang.String,java.lang.String,java.lang.String)[pri:6, instance:com.Digitalcodes.testcases.Title_SectionPage_Test@5bcde458]" name="TC19_verifyLinksOnChapter" class="com.Digitalcodes.testcases.Title_SectionPage_Test"/>
      </group> <!-- Smoke -->
      <group name="Regeration">
        <method signature="TableOfContent_Test.TC07_verifyMyNotes_FromTOC(java.lang.String,java.lang.String,java.lang.String,java.lang.String)[pri:1, instance:com.Digitalcodes.testcases.TableOfContent_Test@1bfe3203]" name="TC07_verifyMyNotes_FromTOC" class="com.Digitalcodes.testcases.TableOfContent_Test"/>
      </group> <!-- Regeration -->
    </groups>
    <test started-at="2023-06-12T14:36:15 IST" name="Smoke test for Premium user" finished-at="2023-06-12T14:45:15 IST" duration-ms="539913">
      <class name="com.Digitalcodes.testcases.PremiumTools_QuickAccess_Test">
        <test-method is-config="true" signature="beforeClass()[pri:0, instance:com.Digitalcodes.testcases.PremiumTools_QuickAccess_Test@6dd91637]" started-at="2023-06-12T14:43:49 IST" name="beforeClass" finished-at="2023-06-12T14:43:49 IST" duration-ms="7" status="PASS">
          <reporter-output>
          </reporter-output>
        </test-method> <!-- beforeClass -->
        <test-method signature="TC34_verifyAccessSection_QuickAccess()[pri:1, instance:com.Digitalcodes.testcases.PremiumTools_QuickAccess_Test@6dd91637]" started-at="2023-06-12T14:43:49 IST" name="TC34_verifyAccessSection_QuickAccess" description="Verify user able to Access section from Quick Access" finished-at="2023-06-12T14:44:19 IST" duration-ms="30583" status="PASS">
          <reporter-output>
          </reporter-output>
        </test-method> <!-- TC34_verifyAccessSection_QuickAccess -->
        <test-method is-config="true" signature="log_result(org.testng.ITestResult)[pri:0, instance:com.Digitalcodes.testcases.PremiumTools_QuickAccess_Test@6dd91637]" started-at="2023-06-12T14:44:19 IST" name="log_result" finished-at="2023-06-12T14:44:19 IST" duration-ms="77" status="PASS">
          <params>
            <param index="0">
              <value>
                <![CDATA[[TestResult name=TC34_verifyAccessSection_QuickAccess status=SUCCESS method=PremiumTools_QuickAccess_Test.TC34_verifyAccessSection_QuickAccess()[pri:1, instance:com.Digitalcodes.testcases.PremiumTools_QuickAccess_Test@6dd91637] output={null}]]]>
              </value>
            </param>
          </params>
          <reporter-output>
          </reporter-output>
        </test-method> <!-- log_result -->
        <test-method signature="TC35_verifyActionsOnSection_QuickAccess()[pri:2, instance:com.Digitalcodes.testcases.PremiumTools_QuickAccess_Test@6dd91637]" started-at="2023-06-12T14:44:20 IST" name="TC35_verifyActionsOnSection_QuickAccess" description="Verify user able to Jump, Copy, Print, Share, Bookmark Section from Quick Access" finished-at="2023-06-12T14:44:42 IST" duration-ms="22371" status="PASS">
          <reporter-output>
          </reporter-output>
        </test-method> <!-- TC35_verifyActionsOnSection_QuickAccess -->
        <test-method is-config="true" signature="log_result(org.testng.ITestResult)[pri:0, instance:com.Digitalcodes.testcases.PremiumTools_QuickAccess_Test@6dd91637]" started-at="2023-06-12T14:44:42 IST" name="log_result" finished-at="2023-06-12T14:44:42 IST" duration-ms="305" status="PASS">
          <params>
            <param index="0">
              <value>
                <![CDATA[[TestResult name=TC35_verifyActionsOnSection_QuickAccess status=SUCCESS method=PremiumTools_QuickAccess_Test.TC35_verifyActionsOnSection_QuickAccess()[pri:2, instance:com.Digitalcodes.testcases.PremiumTools_QuickAccess_Test@6dd91637] output={null}]]]>
              </value>
            </param>
          </params>
          <reporter-output>
          </reporter-output>
        </test-method> <!-- log_result -->
        <test-method signature="TC36_verifyShare_Edit_DeleteBookmakr_QuickAccess()[pri:3, instance:com.Digitalcodes.testcases.PremiumTools_QuickAccess_Test@6dd91637]" started-at="2023-06-12T14:44:43 IST" name="TC36_verifyShare_Edit_DeleteBookmakr_QuickAccess" description="Verify user able to Share, Edit, Delete Bookmark from Quick Access" finished-at="2023-06-12T14:45:13 IST" duration-ms="30058" status="FAIL">
          <exception class="org.openqa.selenium.StaleElementReferenceException">
            <message>
              <![CDATA[stale element reference: stale element not found
  (Session info: chrome=114.0.5735.110)
For documentation on this error, please visit: https://selenium.dev/exceptions/#stale_element_reference
Build info: version: '4.9.0', revision: 'd7057100a6'
System info: os.name: 'Windows 10', os.arch: 'amd64', os.version: '10.0', java.version: '17.0.5'
Driver info: org.openqa.selenium.chrome.ChromeDriver
Command: [a32efa4753ceccb5bdef7bc147bb0b30, isElementDisplayed {id=6ADDAFAF8C4B837DCCB9A740F07E3FEF_element_94064}]
Capabilities {acceptInsecureCerts: false, browserName: chrome, browserVersion: 114.0.5735.110, chrome: {chromedriverVersion: 114.0.5735.90 (386bc09e8f4f..., userDataDir: C:\Users\VRUSHA~1\AppData\L...}, goog:chromeOptions: {debuggerAddress: localhost:57043}, networkConnectionEnabled: false, pageLoadStrategy: normal, platformName: WINDOWS, proxy: Proxy(), se:cdp: ws://localhost:57043/devtoo..., se:cdpVersion: 114.0.5735.110, setWindowRect: true, strictFileInteractability: false, timeouts: {implicit: 0, pageLoad: 300000, script: 30000}, unhandledPromptBehavior: dismiss and notify, webauthn:extension:credBlob: true, webauthn:extension:largeBlob: true, webauthn:extension:minPinLength: true, webauthn:extension:prf: true, webauthn:virtualAuthenticators: true}
Element: [[ChromeDriver: chrome on WINDOWS (a32efa4753ceccb5bdef7bc147bb0b30)] -> xpath: //div[@class='caption cl description']]
Session ID: a32efa4753ceccb5bdef7bc147bb0b30]]>
            </message>
            <full-stacktrace>
              <![CDATA[org.openqa.selenium.StaleElementReferenceException: stale element reference: stale element not found
  (Session info: chrome=114.0.5735.110)
For documentation on this error, please visit: https://selenium.dev/exceptions/#stale_element_reference
Build info: version: '4.9.0', revision: 'd7057100a6'
System info: os.name: 'Windows 10', os.arch: 'amd64', os.version: '10.0', java.version: '17.0.5'
Driver info: org.openqa.selenium.chrome.ChromeDriver
Command: [a32efa4753ceccb5bdef7bc147bb0b30, isElementDisplayed {id=6ADDAFAF8C4B837DCCB9A740F07E3FEF_element_94064}]
Capabilities {acceptInsecureCerts: false, browserName: chrome, browserVersion: 114.0.5735.110, chrome: {chromedriverVersion: 114.0.5735.90 (386bc09e8f4f..., userDataDir: C:\Users\VRUSHA~1\AppData\L...}, goog:chromeOptions: {debuggerAddress: localhost:57043}, networkConnectionEnabled: false, pageLoadStrategy: normal, platformName: WINDOWS, proxy: Proxy(), se:cdp: ws://localhost:57043/devtoo..., se:cdpVersion: 114.0.5735.110, setWindowRect: true, strictFileInteractability: false, timeouts: {implicit: 0, pageLoad: 300000, script: 30000}, unhandledPromptBehavior: dismiss and notify, webauthn:extension:credBlob: true, webauthn:extension:largeBlob: true, webauthn:extension:minPinLength: true, webauthn:extension:prf: true, webauthn:virtualAuthenticators: true}
Element: [[ChromeDriver: chrome on WINDOWS (a32efa4753ceccb5bdef7bc147bb0b30)] -> xpath: //div[@class='caption cl description']]
Session ID: a32efa4753ceccb5bdef7bc147bb0b30
at java.base/jdk.internal.reflect.NativeConstructorAccessorImpl.newInstance0(Native Method)
at java.base/jdk.internal.reflect.NativeConstructorAccessorImpl.newInstance(NativeConstructorAccessorImpl.java:77)
at java.base/jdk.internal.reflect.DelegatingConstructorAccessorImpl.newInstance(DelegatingConstructorAccessorImpl.java:45)
at java.base/java.lang.reflect.Constructor.newInstanceWithCaller(Constructor.java:499)
at java.base/java.lang.reflect.Constructor.newInstance(Constructor.java:480)
at org.openqa.selenium.remote.codec.w3c.W3CHttpResponseCodec.createException(W3CHttpResponseCodec.java:200)
at org.openqa.selenium.remote.codec.w3c.W3CHttpResponseCodec.decode(W3CHttpResponseCodec.java:133)
at org.openqa.selenium.remote.codec.w3c.W3CHttpResponseCodec.decode(W3CHttpResponseCodec.java:53)
at org.openqa.selenium.remote.HttpCommandExecutor.execute(HttpCommandExecutor.java:193)
at org.openqa.selenium.remote.service.DriverCommandExecutor.invokeExecute(DriverCommandExecutor.java:183)
at org.openqa.selenium.remote.service.DriverCommandExecutor.execute(DriverCommandExecutor.java:158)
at org.openqa.selenium.remote.RemoteWebDriver.execute(RemoteWebDriver.java:543)
at org.openqa.selenium.remote.RemoteWebElement.execute(RemoteWebElement.java:257)
at org.openqa.selenium.remote.RemoteWebElement.isDisplayed(RemoteWebElement.java:313)
at jdk.internal.reflect.GeneratedMethodAccessor32.invoke(Unknown Source)
at java.base/jdk.internal.reflect.DelegatingMethodAccessorImpl.invoke(DelegatingMethodAccessorImpl.java:43)
at java.base/java.lang.reflect.Method.invoke(Method.java:568)
at org.openqa.selenium.support.pagefactory.internal.LocatingElementHandler.invoke(LocatingElementHandler.java:52)
at jdk.proxy2/jdk.proxy2.$Proxy20.isDisplayed(Unknown Source)
at org.openqa.selenium.support.ui.ExpectedConditions.elementIfVisible(ExpectedConditions.java:307)
at org.openqa.selenium.support.ui.ExpectedConditions.access$000(ExpectedConditions.java:40)
at org.openqa.selenium.support.ui.ExpectedConditions$10.apply(ExpectedConditions.java:293)
at org.openqa.selenium.support.ui.ExpectedConditions$10.apply(ExpectedConditions.java:290)
at org.openqa.selenium.support.ui.FluentWait.until(FluentWait.java:208)
at com.Digitalcodes.utilities.Baseclass.getText(Baseclass.java:236)
at com.Digitalcodes.pageobject.TitleSection_Page.getDescription(TitleSection_Page.java:368)
at com.Digitalcodes.testcases.PremiumTools_QuickAccess_Test.TC36_verifyShare_Edit_DeleteBookmakr_QuickAccess(PremiumTools_QuickAccess_Test.java:157)
at java.base/jdk.internal.reflect.NativeMethodAccessorImpl.invoke0(Native Method)
at java.base/jdk.internal.reflect.NativeMethodAccessorImpl.invoke(NativeMethodAccessorImpl.java:77)
at java.base/jdk.internal.reflect.DelegatingMethodAccessorImpl.invoke(DelegatingMethodAccessorImpl.java:43)
at java.base/java.lang.reflect.Method.invoke(Method.java:568)
at org.testng.internal.MethodInvocationHelper.invokeMethod(MethodInvocationHelper.java:133)
at org.testng.internal.TestInvoker.invokeMethod(TestInvoker.java:598)
at org.testng.internal.TestInvoker.invokeTestMethod(TestInvoker.java:173)
at org.testng.internal.MethodRunner.runInSequence(MethodRunner.java:46)
at org.testng.internal.TestInvoker$MethodInvocationAgent.invoke(TestInvoker.java:824)
at org.testng.internal.TestInvoker.invokeTestMethods(TestInvoker.java:146)
at org.testng.internal.TestMethodWorker.invokeTestMethods(TestMethodWorker.java:146)
at org.testng.internal.TestMethodWorker.run(TestMethodWorker.java:128)
at java.base/java.util.ArrayList.forEach(ArrayList.java:1511)
at org.testng.TestRunner.privateRun(TestRunner.java:794)
at org.testng.TestRunner.run(TestRunner.java:596)
at org.testng.SuiteRunner.runTest(SuiteRunner.java:377)
at org.testng.SuiteRunner.runSequentially(SuiteRunner.java:371)
at org.testng.SuiteRunner.privateRun(SuiteRunner.java:332)
at org.testng.SuiteRunner.run(SuiteRunner.java:276)
at org.testng.SuiteRunnerWorker.runSuite(SuiteRunnerWorker.java:53)
at org.testng.SuiteRunnerWorker.run(SuiteRunnerWorker.java:96)
at org.testng.TestNG.runSuitesSequentially(TestNG.java:1212)
at org.testng.TestNG.runSuitesLocally(TestNG.java:1134)
at org.testng.TestNG.runSuites(TestNG.java:1063)
at org.testng.TestNG.run(TestNG.java:1031)
at org.apache.maven.surefire.testng.TestNGExecutor.run(TestNGExecutor.java:308)
at org.apache.maven.surefire.testng.TestNGXmlTestSuite.execute(TestNGXmlTestSuite.java:71)
at org.apache.maven.surefire.testng.TestNGProvider.invoke(TestNGProvider.java:113)
at org.apache.maven.surefire.booter.ForkedBooter.runSuitesInProcess(ForkedBooter.java:385)
at org.apache.maven.surefire.booter.ForkedBooter.execute(ForkedBooter.java:162)
at org.apache.maven.surefire.booter.ForkedBooter.run(ForkedBooter.java:507)
at org.apache.maven.surefire.booter.ForkedBooter.main(ForkedBooter.java:495)
]]>
            </full-stacktrace>
          </exception> <!-- org.openqa.selenium.StaleElementReferenceException -->
          <reporter-output>
          </reporter-output>
        </test-method> <!-- TC36_verifyShare_Edit_DeleteBookmakr_QuickAccess -->
        <test-method is-config="true" signature="log_result(org.testng.ITestResult)[pri:0, instance:com.Digitalcodes.testcases.PremiumTools_QuickAccess_Test@6dd91637]" started-at="2023-06-12T14:45:13 IST" name="log_result" finished-at="2023-06-12T14:45:13 IST" duration-ms="105" status="PASS">
          <params>
            <param index="0">
              <value>
                <![CDATA[[TestResult name=TC36_verifyShare_Edit_DeleteBookmakr_QuickAccess status=FAILURE method=PremiumTools_QuickAccess_Test.TC36_verifyShare_Edit_DeleteBookmakr_QuickAccess()[pri:3, instance:com.Digitalcodes.testcases.PremiumTools_QuickAccess_Test@6dd91637] output={null}]]]>
              </value>
            </param>
          </params>
          <reporter-output>
          </reporter-output>
        </test-method> <!-- log_result -->
      </class> <!-- com.Digitalcodes.testcases.PremiumTools_QuickAccess_Test -->
      <class name="com.Digitalcodes.testcases.Title_Basic_Test">
        <test-method is-config="true" signature="beforeClass()[pri:0, instance:com.Digitalcodes.testcases.Title_Basic_Test@10876a6]" started-at="2023-06-12T14:43:00 IST" name="beforeClass" finished-at="2023-06-12T14:43:00 IST" duration-ms="1" status="PASS">
          <reporter-output>
          </reporter-output>
        </test-method> <!-- beforeClass -->
        <test-method is-config="true" signature="beforeclass()[pri:0, instance:com.Digitalcodes.testcases.Title_Basic_Test@10876a6]" started-at="2023-06-12T14:43:00 IST" name="beforeclass" finished-at="2023-06-12T14:43:00 IST" duration-ms="0" status="PASS">
          <reporter-output>
          </reporter-output>
        </test-method> <!-- beforeclass -->
        <test-method signature="TC33_verifyNgviateToBasicTitle(java.lang.String,java.lang.String,java.lang.String)[pri:1, instance:com.Digitalcodes.testcases.Title_Basic_Test@10876a6]" started-at="2023-06-12T14:43:00 IST" name="TC33_verifyNgviateToBasicTitle" description="Verify user able to navigate to Non-accsiable title " data-provider="Basic" finished-at="2023-06-12T14:43:12 IST" duration-ms="12008" status="PASS">
          <params>
            <param index="0">
              <value>
                <![CDATA[Publisher]]>
              </value>
            </param>
            <param index="1">
              <value>
                <![CDATA[Wiley]]>
              </value>
            </param>
            <param index="2">
              <value>
                <![CDATA[2021 Building Codes Illustrated, 7th Edition]]>
              </value>
            </param>
          </params>
          <reporter-output>
          </reporter-output>
        </test-method> <!-- TC33_verifyNgviateToBasicTitle -->
        <test-method is-config="true" signature="log_result(org.testng.ITestResult)[pri:0, instance:com.Digitalcodes.testcases.Title_Basic_Test@10876a6]" started-at="2023-06-12T14:43:12 IST" name="log_result" finished-at="2023-06-12T14:43:12 IST" duration-ms="94" status="PASS">
          <params>
            <param index="0">
              <value>
                <![CDATA[[TestResult name=TC33_verifyNgviateToBasicTitle status=SUCCESS method=Title_Basic_Test.TC33_verifyNgviateToBasicTitle(java.lang.String,java.lang.String,java.lang.String)[pri:1, instance:com.Digitalcodes.testcases.Title_Basic_Test@10876a6] output={null}]]]>
              </value>
            </param>
          </params>
          <reporter-output>
          </reporter-output>
        </test-method> <!-- log_result -->
      </class> <!-- com.Digitalcodes.testcases.Title_Basic_Test -->
      <class name="com.Digitalcodes.testcases.Title_LandingPage_Test">
        <test-method is-config="true" signature="beforeClass()[pri:0, instance:com.Digitalcodes.testcases.Title_LandingPage_Test@65bb9029]" started-at="2023-06-12T14:37:04 IST" name="beforeClass" finished-at="2023-06-12T14:37:04 IST" duration-ms="12" status="PASS">
          <reporter-output>
          </reporter-output>
        </test-method> <!-- beforeClass -->
        <test-method signature="TC04_verifyTitleLandingPage(java.lang.String,java.lang.String,java.lang.String,java.lang.String)[pri:1, instance:com.Digitalcodes.testcases.Title_LandingPage_Test@65bb9029]" started-at="2023-06-12T14:37:04 IST" name="TC04_verifyTitleLandingPage" description="Verify User able to Navigate to Title Landing page and verify Tag" data-provider="Title" finished-at="2023-06-12T14:37:12 IST" duration-ms="8221" status="PASS">
          <params>
            <param index="0">
              <value>
                <![CDATA[I-Codes]]>
              </value>
            </param>
            <param index="1">
              <value>
                <![CDATA[2021 I-Codes]]>
              </value>
            </param>
            <param index="2">
              <value>
                <![CDATA[2021 International Building Code (IBC)]]>
              </value>
            </param>
            <param index="3">
              <value>
                <![CDATA[CHAPTER 2 DEFINITIONS]]>
              </value>
            </param>
          </params>
          <reporter-output>
          </reporter-output>
        </test-method> <!-- TC04_verifyTitleLandingPage -->
        <test-method is-config="true" signature="log_result(org.testng.ITestResult)[pri:0, instance:com.Digitalcodes.testcases.Title_LandingPage_Test@65bb9029]" started-at="2023-06-12T14:37:12 IST" name="log_result" finished-at="2023-06-12T14:37:12 IST" duration-ms="86" status="PASS">
          <params>
            <param index="0">
              <value>
                <![CDATA[[TestResult name=TC04_verifyTitleLandingPage status=SUCCESS method=Title_LandingPage_Test.TC04_verifyTitleLandingPage(java.lang.String,java.lang.String,java.lang.String,java.lang.String)[pri:1, instance:com.Digitalcodes.testcases.Title_LandingPage_Test@65bb9029] output={null}]]]>
              </value>
            </param>
          </params>
          <reporter-output>
          </reporter-output>
        </test-method> <!-- log_result -->
        <test-method signature="TC05_verifyMarkFavoriteTitle(java.lang.String,java.lang.String,java.lang.String,java.lang.String)[pri:2, instance:com.Digitalcodes.testcases.Title_LandingPage_Test@65bb9029]" started-at="2023-06-12T14:37:12 IST" name="TC05_verifyMarkFavoriteTitle" description="Verify user able to mark favorite &amp; unfavorite and title should be displayed in favorites" data-provider="SingleTitle" finished-at="2023-06-12T14:37:41 IST" duration-ms="28921" status="PASS">
          <params>
            <param index="0">
              <value>
                <![CDATA[I-Codes]]>
              </value>
            </param>
            <param index="1">
              <value>
                <![CDATA[2021 I-Codes]]>
              </value>
            </param>
            <param index="2">
              <value>
                <![CDATA[2021 International Building Code (IBC)]]>
              </value>
            </param>
            <param index="3">
              <value>
                <![CDATA[CHAPTER 2 DEFINITIONS]]>
              </value>
            </param>
          </params>
          <reporter-output>
          </reporter-output>
        </test-method> <!-- TC05_verifyMarkFavoriteTitle -->
        <test-method is-config="true" signature="log_result(org.testng.ITestResult)[pri:0, instance:com.Digitalcodes.testcases.Title_LandingPage_Test@65bb9029]" started-at="2023-06-12T14:37:41 IST" name="log_result" finished-at="2023-06-12T14:37:41 IST" duration-ms="66" status="PASS">
          <params>
            <param index="0">
              <value>
                <![CDATA[[TestResult name=TC05_verifyMarkFavoriteTitle status=SUCCESS method=Title_LandingPage_Test.TC05_verifyMarkFavoriteTitle(java.lang.String,java.lang.String,java.lang.String,java.lang.String)[pri:2, instance:com.Digitalcodes.testcases.Title_LandingPage_Test@65bb9029] output={null}]]]>
              </value>
            </param>
          </params>
          <reporter-output>
          </reporter-output>
        </test-method> <!-- log_result -->
      </class> <!-- com.Digitalcodes.testcases.Title_LandingPage_Test -->
      <class name="com.Digitalcodes.testcases.Login_Test">
        <test-method is-config="true" signature="beforeSuite(java.lang.String)[pri:0, instance:com.Digitalcodes.testcases.Login_Test@281f23f2]" started-at="2023-06-12T14:36:11 IST" name="beforeSuite" finished-at="2023-06-12T14:36:15 IST" duration-ms="3727" status="PASS">
          <params>
            <param index="0">
              <value>
                <![CDATA[Smoke]]>
              </value>
            </param>
          </params>
          <reporter-output>
          </reporter-output>
        </test-method> <!-- beforeSuite -->
        <test-method is-config="true" signature="beforeTest(java.lang.String,java.lang.String)[pri:0, instance:com.Digitalcodes.testcases.Login_Test@281f23f2]" started-at="2023-06-12T14:36:15 IST" name="beforeTest" finished-at="2023-06-12T14:36:31 IST" duration-ms="16240" status="PASS">
          <params>
            <param index="0">
              <value>
                <![CDATA[chrome]]>
              </value>
            </param>
            <param index="1">
              <value>
                <![CDATA[PREMIUM]]>
              </value>
            </param>
          </params>
          <reporter-output>
          </reporter-output>
        </test-method> <!-- beforeTest -->
        <test-method is-config="true" signature="beforeClass()[pri:0, instance:com.Digitalcodes.testcases.Login_Test@281f23f2]" started-at="2023-06-12T14:36:31 IST" name="beforeClass" finished-at="2023-06-12T14:36:31 IST" duration-ms="83" status="PASS">
          <reporter-output>
          </reporter-output>
        </test-method> <!-- beforeClass -->
        <test-method signature="TC01_loginValidData(java.lang.String,java.lang.String,java.lang.String,java.lang.String)[pri:1, instance:com.Digitalcodes.testcases.Login_Test@281f23f2]" started-at="2023-06-12T14:36:31 IST" name="TC01_loginValidData" description="User able to Login with valid creditionls" data-provider="Dynamic" finished-at="2023-06-12T14:36:39 IST" duration-ms="7852" status="PASS">
          <params>
            <param index="0">
              <value>
                <![CDATA[complete.user@iccsafe.info]]>
              </value>
            </param>
            <param index="1">
              <value>
                <![CDATA[Digital@123]]>
              </value>
            </param>
            <param index="2">
              <value>
                <![CDATA[Complete User]]>
              </value>
            </param>
            <param index="3">
              <value>
                <![CDATA[Premium Complete]]>
              </value>
            </param>
          </params>
          <reporter-output>
          </reporter-output>
        </test-method> <!-- TC01_loginValidData -->
        <test-method is-config="true" signature="log_result(org.testng.ITestResult)[pri:0, instance:com.Digitalcodes.testcases.Login_Test@281f23f2]" started-at="2023-06-12T14:36:39 IST" name="log_result" finished-at="2023-06-12T14:36:41 IST" duration-ms="1525" status="PASS">
          <params>
            <param index="0">
              <value>
                <![CDATA[[TestResult name=TC01_loginValidData status=SUCCESS method=Login_Test.TC01_loginValidData(java.lang.String,java.lang.String,java.lang.String,java.lang.String)[pri:1, instance:com.Digitalcodes.testcases.Login_Test@281f23f2] output={null}]]]>
              </value>
            </param>
          </params>
          <reporter-output>
          </reporter-output>
        </test-method> <!-- log_result -->
        <test-method signature="TC02_verifyUserInformation(java.lang.String,java.lang.String,java.lang.String,java.lang.String)[pri:0, instance:com.Digitalcodes.testcases.Login_Test@281f23f2]" started-at="2023-06-12T14:36:41 IST" name="TC02_verifyUserInformation" description="Verify User able to displyed Subscription type, Name, email " data-provider="Dynamic" finished-at="2023-06-12T14:37:03 IST" depends-on-methods="com.Digitalcodes.testcases.Login_Test.TC01_loginValidData" duration-ms="22392" status="PASS">
          <params>
            <param index="0">
              <value>
                <![CDATA[complete.user@iccsafe.info]]>
              </value>
            </param>
            <param index="1">
              <value>
                <![CDATA[Digital@123]]>
              </value>
            </param>
            <param index="2">
              <value>
                <![CDATA[Complete User]]>
              </value>
            </param>
            <param index="3">
              <value>
                <![CDATA[Premium Complete]]>
              </value>
            </param>
          </params>
          <reporter-output>
          </reporter-output>
        </test-method> <!-- TC02_verifyUserInformation -->
        <test-method is-config="true" signature="log_result(org.testng.ITestResult)[pri:0, instance:com.Digitalcodes.testcases.Login_Test@281f23f2]" started-at="2023-06-12T14:37:03 IST" name="log_result" finished-at="2023-06-12T14:37:04 IST" duration-ms="338" status="PASS">
          <params>
            <param index="0">
              <value>
                <![CDATA[[TestResult name=TC02_verifyUserInformation status=SUCCESS method=Login_Test.TC02_verifyUserInformation(java.lang.String,java.lang.String,java.lang.String,java.lang.String)[pri:0, instance:com.Digitalcodes.testcases.Login_Test@281f23f2] output={null}]]]>
              </value>
            </param>
          </params>
          <reporter-output>
          </reporter-output>
        </test-method> <!-- log_result -->
        <test-method is-config="true" signature="afterTest()[pri:0, instance:com.Digitalcodes.testcases.Login_Test@281f23f2]" started-at="2023-06-12T14:45:13 IST" name="afterTest" finished-at="2023-06-12T14:45:15 IST" duration-ms="1231" status="PASS">
          <reporter-output>
          </reporter-output>
        </test-method> <!-- afterTest -->
        <test-method is-config="true" signature="afterSuite()[pri:0, instance:com.Digitalcodes.testcases.Login_Test@281f23f2]" started-at="2023-06-12T14:45:16 IST" name="afterSuite" finished-at="2023-06-12T14:45:16 IST" duration-ms="0" status="PASS">
          <reporter-output>
          </reporter-output>
        </test-method> <!-- afterSuite -->
      </class> <!-- com.Digitalcodes.testcases.Login_Test -->
      <class name="com.Digitalcodes.testcases.Title_SectionPage_Test">
        <test-method is-config="true" signature="beforeClass()[pri:0, instance:com.Digitalcodes.testcases.Title_SectionPage_Test@5bcde458]" started-at="2023-06-12T14:38:39 IST" name="beforeClass" finished-at="2023-06-12T14:38:39 IST" duration-ms="19" status="PASS">
          <reporter-output>
          </reporter-output>
        </test-method> <!-- beforeClass -->
        <test-method is-config="true" signature="beforeClassTitlepage()[pri:0, instance:com.Digitalcodes.testcases.Title_SectionPage_Test@5bcde458]" started-at="2023-06-12T14:38:39 IST" name="beforeClassTitlepage" finished-at="2023-06-12T14:38:39 IST" duration-ms="8" status="PASS">
          <reporter-output>
          </reporter-output>
        </test-method> <!-- beforeClassTitlepage -->
        <test-method signature="TC09_verifyCreateNotes_atSection(java.lang.String,java.lang.String,java.lang.String,java.lang.String)[pri:1, instance:com.Digitalcodes.testcases.Title_SectionPage_Test@5bcde458]" started-at="2023-06-12T14:38:39 IST" name="TC09_verifyCreateNotes_atSection" description="Verify user able to create notes at section" data-provider="Title" finished-at="2023-06-12T14:39:21 IST" duration-ms="42406" status="PASS">
          <params>
            <param index="0">
              <value>
                <![CDATA[I-Codes]]>
              </value>
            </param>
            <param index="1">
              <value>
                <![CDATA[2021 I-Codes]]>
              </value>
            </param>
            <param index="2">
              <value>
                <![CDATA[2021 International Building Code (IBC)]]>
              </value>
            </param>
            <param index="3">
              <value>
                <![CDATA[CHAPTER 2 DEFINITIONS]]>
              </value>
            </param>
          </params>
          <reporter-output>
          </reporter-output>
        </test-method> <!-- TC09_verifyCreateNotes_atSection -->
        <test-method is-config="true" signature="log_result(org.testng.ITestResult)[pri:0, instance:com.Digitalcodes.testcases.Title_SectionPage_Test@5bcde458]" started-at="2023-06-12T14:39:21 IST" name="log_result" finished-at="2023-06-12T14:39:21 IST" duration-ms="182" status="PASS">
          <params>
            <param index="0">
              <value>
                <![CDATA[[TestResult name=TC09_verifyCreateNotes_atSection status=SUCCESS method=Title_SectionPage_Test.TC09_verifyCreateNotes_atSection(java.lang.String,java.lang.String,java.lang.String,java.lang.String)[pri:1, instance:com.Digitalcodes.testcases.Title_SectionPage_Test@5bcde458] output={null}]]]>
              </value>
            </param>
          </params>
          <reporter-output>
          </reporter-output>
        </test-method> <!-- log_result -->
        <test-method signature="TC10_verifyCreateBookmark_atSection(java.lang.String,java.lang.String,java.lang.String,java.lang.String)[pri:2, instance:com.Digitalcodes.testcases.Title_SectionPage_Test@5bcde458]" started-at="2023-06-12T14:39:21 IST" name="TC10_verifyCreateBookmark_atSection" description="Verify user able to create bookmark at section" data-provider="Title" finished-at="2023-06-12T14:40:03 IST" duration-ms="41324" status="PASS">
          <params>
            <param index="0">
              <value>
                <![CDATA[I-Codes]]>
              </value>
            </param>
            <param index="1">
              <value>
                <![CDATA[2021 I-Codes]]>
              </value>
            </param>
            <param index="2">
              <value>
                <![CDATA[2021 International Building Code (IBC)]]>
              </value>
            </param>
            <param index="3">
              <value>
                <![CDATA[CHAPTER 2 DEFINITIONS]]>
              </value>
            </param>
          </params>
          <reporter-output>
          </reporter-output>
        </test-method> <!-- TC10_verifyCreateBookmark_atSection -->
        <test-method is-config="true" signature="log_result(org.testng.ITestResult)[pri:0, instance:com.Digitalcodes.testcases.Title_SectionPage_Test@5bcde458]" started-at="2023-06-12T14:40:03 IST" name="log_result" finished-at="2023-06-12T14:40:03 IST" duration-ms="153" status="PASS">
          <params>
            <param index="0">
              <value>
                <![CDATA[[TestResult name=TC10_verifyCreateBookmark_atSection status=SUCCESS method=Title_SectionPage_Test.TC10_verifyCreateBookmark_atSection(java.lang.String,java.lang.String,java.lang.String,java.lang.String)[pri:2, instance:com.Digitalcodes.testcases.Title_SectionPage_Test@5bcde458] output={null}]]]>
              </value>
            </param>
          </params>
          <reporter-output>
          </reporter-output>
        </test-method> <!-- log_result -->
        <test-method signature="TC11_verifyShareSection_FromSection(java.lang.String,java.lang.String,java.lang.String,java.lang.String)[pri:3, instance:com.Digitalcodes.testcases.Title_SectionPage_Test@5bcde458]" started-at="2023-06-12T14:40:03 IST" name="TC11_verifyShareSection_FromSection" description="Verify user able to share the section" data-provider="SingleTitle" finished-at="2023-06-12T14:40:35 IST" duration-ms="32128" status="PASS">
          <params>
            <param index="0">
              <value>
                <![CDATA[I-Codes]]>
              </value>
            </param>
            <param index="1">
              <value>
                <![CDATA[2021 I-Codes]]>
              </value>
            </param>
            <param index="2">
              <value>
                <![CDATA[2021 International Building Code (IBC)]]>
              </value>
            </param>
            <param index="3">
              <value>
                <![CDATA[CHAPTER 2 DEFINITIONS]]>
              </value>
            </param>
          </params>
          <reporter-output>
          </reporter-output>
        </test-method> <!-- TC11_verifyShareSection_FromSection -->
        <test-method is-config="true" signature="log_result(org.testng.ITestResult)[pri:0, instance:com.Digitalcodes.testcases.Title_SectionPage_Test@5bcde458]" started-at="2023-06-12T14:40:35 IST" name="log_result" finished-at="2023-06-12T14:40:35 IST" duration-ms="287" status="PASS">
          <params>
            <param index="0">
              <value>
                <![CDATA[[TestResult name=TC11_verifyShareSection_FromSection status=SUCCESS method=Title_SectionPage_Test.TC11_verifyShareSection_FromSection(java.lang.String,java.lang.String,java.lang.String,java.lang.String)[pri:3, instance:com.Digitalcodes.testcases.Title_SectionPage_Test@5bcde458] output={null}]]]>
              </value>
            </param>
          </params>
          <reporter-output>
          </reporter-output>
        </test-method> <!-- log_result -->
        <test-method signature="TC12_verifyPrintSection_FromSection()[pri:0, instance:com.Digitalcodes.testcases.Title_SectionPage_Test@5bcde458]" started-at="2023-06-12T14:40:35 IST" name="TC12_verifyPrintSection_FromSection" description="Verify user able to Print Section" finished-at="2023-06-12T14:40:39 IST" depends-on-methods="com.Digitalcodes.testcases.Title_SectionPage_Test.TC11_verifyShareSection_FromSection" duration-ms="3286" status="PASS">
          <reporter-output>
          </reporter-output>
        </test-method> <!-- TC12_verifyPrintSection_FromSection -->
        <test-method is-config="true" signature="log_result(org.testng.ITestResult)[pri:0, instance:com.Digitalcodes.testcases.Title_SectionPage_Test@5bcde458]" started-at="2023-06-12T14:40:39 IST" name="log_result" finished-at="2023-06-12T14:40:39 IST" duration-ms="245" status="PASS">
          <params>
            <param index="0">
              <value>
                <![CDATA[[TestResult name=TC12_verifyPrintSection_FromSection status=SUCCESS method=Title_SectionPage_Test.TC12_verifyPrintSection_FromSection()[pri:0, instance:com.Digitalcodes.testcases.Title_SectionPage_Test@5bcde458] output={null}]]]>
              </value>
            </param>
          </params>
          <reporter-output>
          </reporter-output>
        </test-method> <!-- log_result -->
        <test-method signature="TC13_verifyShareNote_FromSction(java.lang.String,java.lang.String,java.lang.String,java.lang.String)[pri:4, instance:com.Digitalcodes.testcases.Title_SectionPage_Test@5bcde458]" started-at="2023-06-12T14:40:39 IST" name="TC13_verifyShareNote_FromSction" description="Verify user able to share note from section" data-provider="SingleTitle" finished-at="2023-06-12T14:40:52 IST" duration-ms="12446" status="PASS">
          <params>
            <param index="0">
              <value>
                <![CDATA[I-Codes]]>
              </value>
            </param>
            <param index="1">
              <value>
                <![CDATA[2021 I-Codes]]>
              </value>
            </param>
            <param index="2">
              <value>
                <![CDATA[2021 International Building Code (IBC)]]>
              </value>
            </param>
            <param index="3">
              <value>
                <![CDATA[CHAPTER 2 DEFINITIONS]]>
              </value>
            </param>
          </params>
          <reporter-output>
          </reporter-output>
        </test-method> <!-- TC13_verifyShareNote_FromSction -->
        <test-method is-config="true" signature="log_result(org.testng.ITestResult)[pri:0, instance:com.Digitalcodes.testcases.Title_SectionPage_Test@5bcde458]" started-at="2023-06-12T14:40:52 IST" name="log_result" finished-at="2023-06-12T14:40:52 IST" duration-ms="192" status="PASS">
          <params>
            <param index="0">
              <value>
                <![CDATA[[TestResult name=TC13_verifyShareNote_FromSction status=SUCCESS method=Title_SectionPage_Test.TC13_verifyShareNote_FromSction(java.lang.String,java.lang.String,java.lang.String,java.lang.String)[pri:4, instance:com.Digitalcodes.testcases.Title_SectionPage_Test@5bcde458] output={null}]]]>
              </value>
            </param>
          </params>
          <reporter-output>
          </reporter-output>
        </test-method> <!-- log_result -->
        <test-method signature="TC14_verifyEditNotes_FromSection()[pri:0, instance:com.Digitalcodes.testcases.Title_SectionPage_Test@5bcde458]" started-at="2023-06-12T14:40:52 IST" name="TC14_verifyEditNotes_FromSection" description="Verify user able to edit notes from Section" finished-at="2023-06-12T14:40:59 IST" depends-on-methods="com.Digitalcodes.testcases.Title_SectionPage_Test.TC13_verifyShareNote_FromSction" duration-ms="7490" status="PASS">
          <reporter-output>
          </reporter-output>
        </test-method> <!-- TC14_verifyEditNotes_FromSection -->
        <test-method is-config="true" signature="log_result(org.testng.ITestResult)[pri:0, instance:com.Digitalcodes.testcases.Title_SectionPage_Test@5bcde458]" started-at="2023-06-12T14:40:59 IST" name="log_result" finished-at="2023-06-12T14:40:59 IST" duration-ms="44" status="PASS">
          <params>
            <param index="0">
              <value>
                <![CDATA[[TestResult name=TC14_verifyEditNotes_FromSection status=SUCCESS method=Title_SectionPage_Test.TC14_verifyEditNotes_FromSection()[pri:0, instance:com.Digitalcodes.testcases.Title_SectionPage_Test@5bcde458] output={null}]]]>
              </value>
            </param>
          </params>
          <reporter-output>
          </reporter-output>
        </test-method> <!-- log_result -->
        <test-method signature="TC15_verifyDeleteNotes_FromSection()[pri:0, instance:com.Digitalcodes.testcases.Title_SectionPage_Test@5bcde458]" started-at="2023-06-12T14:40:59 IST" name="TC15_verifyDeleteNotes_FromSection" description="Verify user able to delete Notes from Section" finished-at="2023-06-12T14:41:03 IST" depends-on-methods="com.Digitalcodes.testcases.Title_SectionPage_Test.TC14_verifyEditNotes_FromSection" duration-ms="3383" status="FAIL">
          <exception class="java.lang.AssertionError">
            <message>
              <![CDATA[expected [false] but found [true]]]>
            </message>
            <full-stacktrace>
              <![CDATA[java.lang.AssertionError: expected [false] but found [true]
at org.testng.Assert.fail(Assert.java:99)
at org.testng.Assert.failNotEquals(Assert.java:1037)
at org.testng.Assert.assertFalse(Assert.java:67)
at org.testng.Assert.assertFalse(Assert.java:77)
at com.Digitalcodes.utilities.Baseclass.assertFalse(Baseclass.java:263)
at com.Digitalcodes.testcases.Title_SectionPage_Test.TC15_verifyDeleteNotes_FromSection(Title_SectionPage_Test.java:277)
at java.base/jdk.internal.reflect.NativeMethodAccessorImpl.invoke0(Native Method)
at java.base/jdk.internal.reflect.NativeMethodAccessorImpl.invoke(NativeMethodAccessorImpl.java:77)
at java.base/jdk.internal.reflect.DelegatingMethodAccessorImpl.invoke(DelegatingMethodAccessorImpl.java:43)
at java.base/java.lang.reflect.Method.invoke(Method.java:568)
at org.testng.internal.MethodInvocationHelper.invokeMethod(MethodInvocationHelper.java:133)
at org.testng.internal.TestInvoker.invokeMethod(TestInvoker.java:598)
at org.testng.internal.TestInvoker.invokeTestMethod(TestInvoker.java:173)
at org.testng.internal.MethodRunner.runInSequence(MethodRunner.java:46)
at org.testng.internal.TestInvoker$MethodInvocationAgent.invoke(TestInvoker.java:824)
at org.testng.internal.TestInvoker.invokeTestMethods(TestInvoker.java:146)
at org.testng.internal.TestMethodWorker.invokeTestMethods(TestMethodWorker.java:146)
at org.testng.internal.TestMethodWorker.run(TestMethodWorker.java:128)
at java.base/java.util.ArrayList.forEach(ArrayList.java:1511)
at org.testng.TestRunner.privateRun(TestRunner.java:794)
at org.testng.TestRunner.run(TestRunner.java:596)
at org.testng.SuiteRunner.runTest(SuiteRunner.java:377)
at org.testng.SuiteRunner.runSequentially(SuiteRunner.java:371)
at org.testng.SuiteRunner.privateRun(SuiteRunner.java:332)
at org.testng.SuiteRunner.run(SuiteRunner.java:276)
at org.testng.SuiteRunnerWorker.runSuite(SuiteRunnerWorker.java:53)
at org.testng.SuiteRunnerWorker.run(SuiteRunnerWorker.java:96)
at org.testng.TestNG.runSuitesSequentially(TestNG.java:1212)
at org.testng.TestNG.runSuitesLocally(TestNG.java:1134)
at org.testng.TestNG.runSuites(TestNG.java:1063)
at org.testng.TestNG.run(TestNG.java:1031)
at org.apache.maven.surefire.testng.TestNGExecutor.run(TestNGExecutor.java:308)
at org.apache.maven.surefire.testng.TestNGXmlTestSuite.execute(TestNGXmlTestSuite.java:71)
at org.apache.maven.surefire.testng.TestNGProvider.invoke(TestNGProvider.java:113)
at org.apache.maven.surefire.booter.ForkedBooter.runSuitesInProcess(ForkedBooter.java:385)
at org.apache.maven.surefire.booter.ForkedBooter.execute(ForkedBooter.java:162)
at org.apache.maven.surefire.booter.ForkedBooter.run(ForkedBooter.java:507)
at org.apache.maven.surefire.booter.ForkedBooter.main(ForkedBooter.java:495)
]]>
            </full-stacktrace>
          </exception> <!-- java.lang.AssertionError -->
          <reporter-output>
          </reporter-output>
        </test-method> <!-- TC15_verifyDeleteNotes_FromSection -->
        <test-method is-config="true" signature="log_result(org.testng.ITestResult)[pri:0, instance:com.Digitalcodes.testcases.Title_SectionPage_Test@5bcde458]" started-at="2023-06-12T14:41:03 IST" name="log_result" finished-at="2023-06-12T14:41:03 IST" duration-ms="26" status="PASS">
          <params>
            <param index="0">
              <value>
                <![CDATA[[TestResult name=TC15_verifyDeleteNotes_FromSection status=FAILURE method=Title_SectionPage_Test.TC15_verifyDeleteNotes_FromSection()[pri:0, instance:com.Digitalcodes.testcases.Title_SectionPage_Test@5bcde458] output={null}]]]>
              </value>
            </param>
          </params>
          <reporter-output>
          </reporter-output>
        </test-method> <!-- log_result -->
        <test-method signature="TC19_verifyLinksOnChapter(java.lang.String,java.lang.String,java.lang.String,java.lang.String)[pri:6, instance:com.Digitalcodes.testcases.Title_SectionPage_Test@5bcde458]" started-at="2023-06-12T14:41:04 IST" name="TC19_verifyLinksOnChapter" description="Verify links On Chapter" data-provider="SingleTitle" finished-at="2023-06-12T14:42:00 IST" duration-ms="56846" status="PASS">
          <params>
            <param index="0">
              <value>
                <![CDATA[I-Codes]]>
              </value>
            </param>
            <param index="1">
              <value>
                <![CDATA[2021 I-Codes]]>
              </value>
            </param>
            <param index="2">
              <value>
                <![CDATA[2021 International Building Code (IBC)]]>
              </value>
            </param>
            <param index="3">
              <value>
                <![CDATA[CHAPTER 2 DEFINITIONS]]>
              </value>
            </param>
          </params>
          <reporter-output>
          </reporter-output>
        </test-method> <!-- TC19_verifyLinksOnChapter -->
        <test-method is-config="true" signature="log_result(org.testng.ITestResult)[pri:0, instance:com.Digitalcodes.testcases.Title_SectionPage_Test@5bcde458]" started-at="2023-06-12T14:42:00 IST" name="log_result" finished-at="2023-06-12T14:42:00 IST" duration-ms="51" status="PASS">
          <params>
            <param index="0">
              <value>
                <![CDATA[[TestResult name=TC19_verifyLinksOnChapter status=SUCCESS method=Title_SectionPage_Test.TC19_verifyLinksOnChapter(java.lang.String,java.lang.String,java.lang.String,java.lang.String)[pri:6, instance:com.Digitalcodes.testcases.Title_SectionPage_Test@5bcde458] output={null}]]]>
              </value>
            </param>
          </params>
          <reporter-output>
          </reporter-output>
        </test-method> <!-- log_result -->
      </class> <!-- com.Digitalcodes.testcases.Title_SectionPage_Test -->
      <class name="com.Digitalcodes.testcases.Title_ASTMStanderds_Test">
        <test-method is-config="true" signature="beforeClass()[pri:0, instance:com.Digitalcodes.testcases.Title_ASTMStanderds_Test@71870da7]" started-at="2023-06-12T14:43:12 IST" name="beforeClass" finished-at="2023-06-12T14:43:12 IST" duration-ms="7" status="PASS">
          <reporter-output>
          </reporter-output>
        </test-method> <!-- beforeClass -->
        <test-method is-config="true" signature="beforeclass()[pri:0, instance:com.Digitalcodes.testcases.Title_ASTMStanderds_Test@71870da7]" started-at="2023-06-12T14:43:12 IST" name="beforeclass" finished-at="2023-06-12T14:43:12 IST" duration-ms="2" status="PASS">
          <reporter-output>
          </reporter-output>
        </test-method> <!-- beforeclass -->
        <test-method signature="TC33_verifyNavigateToASTM_FromLinks(java.lang.String,java.lang.String,java.lang.String,java.lang.String)[pri:1, instance:com.Digitalcodes.testcases.Title_ASTMStanderds_Test@71870da7]" started-at="2023-06-12T14:43:12 IST" name="TC33_verifyNavigateToASTM_FromLinks" description="Verify user able to navigate to ASTM Standerds thorugh link" data-provider="SingleTitle" finished-at="2023-06-12T14:43:35 IST" duration-ms="23233" status="PASS">
          <params>
            <param index="0">
              <value>
                <![CDATA[I-Codes]]>
              </value>
            </param>
            <param index="1">
              <value>
                <![CDATA[2021 I-Codes]]>
              </value>
            </param>
            <param index="2">
              <value>
                <![CDATA[2021 International Building Code (IBC)]]>
              </value>
            </param>
            <param index="3">
              <value>
                <![CDATA[CHAPTER 2 DEFINITIONS]]>
              </value>
            </param>
          </params>
          <reporter-output>
          </reporter-output>
        </test-method> <!-- TC33_verifyNavigateToASTM_FromLinks -->
        <test-method is-config="true" signature="log_result(org.testng.ITestResult)[pri:0, instance:com.Digitalcodes.testcases.Title_ASTMStanderds_Test@71870da7]" started-at="2023-06-12T14:43:35 IST" name="log_result" finished-at="2023-06-12T14:43:35 IST" duration-ms="44" status="PASS">
          <params>
            <param index="0">
              <value>
                <![CDATA[[TestResult name=TC33_verifyNavigateToASTM_FromLinks status=SUCCESS method=Title_ASTMStanderds_Test.TC33_verifyNavigateToASTM_FromLinks(java.lang.String,java.lang.String,java.lang.String,java.lang.String)[pri:1, instance:com.Digitalcodes.testcases.Title_ASTMStanderds_Test@71870da7] output={null}]]]>
              </value>
            </param>
          </params>
          <reporter-output>
          </reporter-output>
        </test-method> <!-- log_result -->
        <test-method signature="TC35_verifyNavigateToASTM(java.lang.String,java.lang.String,java.lang.String,java.lang.String,java.lang.String)[pri:2, instance:com.Digitalcodes.testcases.Title_ASTMStanderds_Test@71870da7]" started-at="2023-06-12T14:43:35 IST" name="TC35_verifyNavigateToASTM" description="Verify user able to navigate to ASTM Standerds Landing page" data-provider="ASTM" finished-at="2023-06-12T14:43:43 IST" duration-ms="7944" status="PASS">
          <params>
            <param index="0">
              <value>
                <![CDATA[Standards]]>
              </value>
            </param>
            <param index="1">
              <value>
                <![CDATA[ASTM Standards]]>
              </value>
            </param>
            <param index="2">
              <value>
                <![CDATA[Iron and Steel Materials]]>
              </value>
            </param>
            <param index="3">
              <value>
                <![CDATA[ASTM A1003/A1003M-15]]>
              </value>
            </param>
            <param index="4">
              <value>
                <![CDATA[A1003/A1003M-15]]>
              </value>
            </param>
          </params>
          <reporter-output>
          </reporter-output>
        </test-method> <!-- TC35_verifyNavigateToASTM -->
        <test-method is-config="true" signature="log_result(org.testng.ITestResult)[pri:0, instance:com.Digitalcodes.testcases.Title_ASTMStanderds_Test@71870da7]" started-at="2023-06-12T14:43:43 IST" name="log_result" finished-at="2023-06-12T14:43:43 IST" duration-ms="29" status="PASS">
          <params>
            <param index="0">
              <value>
                <![CDATA[[TestResult name=TC35_verifyNavigateToASTM status=SUCCESS method=Title_ASTMStanderds_Test.TC35_verifyNavigateToASTM(java.lang.String,java.lang.String,java.lang.String,java.lang.String,java.lang.String)[pri:2, instance:com.Digitalcodes.testcases.Title_ASTMStanderds_Test@71870da7] output={null}]]]>
              </value>
            </param>
          </params>
          <reporter-output>
          </reporter-output>
        </test-method> <!-- log_result -->
        <test-method signature="TC36_verifyASTMSection()[pri:0, instance:com.Digitalcodes.testcases.Title_ASTMStanderds_Test@71870da7]" started-at="2023-06-12T14:43:43 IST" name="TC36_verifyASTMSection" description="Verify user able to Access ASTM title " finished-at="2023-06-12T14:43:49 IST" depends-on-methods="com.Digitalcodes.testcases.Title_ASTMStanderds_Test.TC35_verifyNavigateToASTM" duration-ms="5475" status="PASS">
          <reporter-output>
          </reporter-output>
        </test-method> <!-- TC36_verifyASTMSection -->
        <test-method is-config="true" signature="log_result(org.testng.ITestResult)[pri:0, instance:com.Digitalcodes.testcases.Title_ASTMStanderds_Test@71870da7]" started-at="2023-06-12T14:43:49 IST" name="log_result" finished-at="2023-06-12T14:43:49 IST" duration-ms="34" status="PASS">
          <params>
            <param index="0">
              <value>
                <![CDATA[[TestResult name=TC36_verifyASTMSection status=SUCCESS method=Title_ASTMStanderds_Test.TC36_verifyASTMSection()[pri:0, instance:com.Digitalcodes.testcases.Title_ASTMStanderds_Test@71870da7] output={null}]]]>
              </value>
            </param>
          </params>
          <reporter-output>
          </reporter-output>
        </test-method> <!-- log_result -->
      </class> <!-- com.Digitalcodes.testcases.Title_ASTMStanderds_Test -->
      <class name="com.Digitalcodes.testcases.Title_Collection_Test">
        <test-method is-config="true" signature="beforeClass()[pri:0, instance:com.Digitalcodes.testcases.Title_Collection_Test@215a34b4]" started-at="2023-06-12T14:42:00 IST" name="beforeClass" finished-at="2023-06-12T14:42:00 IST" duration-ms="1" status="PASS">
          <reporter-output>
          </reporter-output>
        </test-method> <!-- beforeClass -->
        <test-method is-config="true" signature="beforeclassCollection()[pri:0, instance:com.Digitalcodes.testcases.Title_Collection_Test@215a34b4]" started-at="2023-06-12T14:42:00 IST" name="beforeclassCollection" finished-at="2023-06-12T14:42:00 IST" duration-ms="8" status="PASS">
          <reporter-output>
          </reporter-output>
        </test-method> <!-- beforeclassCollection -->
        <test-method signature="TC28_verifyCollectionLandingPage(java.lang.String,java.lang.String,java.lang.String,java.lang.String)[pri:1, instance:com.Digitalcodes.testcases.Title_Collection_Test@215a34b4]" started-at="2023-06-12T14:42:00 IST" name="TC28_verifyCollectionLandingPage" description="Verify user able to navigate to Collection title" data-provider="collection" finished-at="2023-06-12T14:42:18 IST" duration-ms="18001" status="PASS">
          <params>
            <param index="0">
              <value>
                <![CDATA[Collections]]>
              </value>
            </param>
            <param index="1">
              <value>
                <![CDATA[Premium Complete]]>
              </value>
            </param>
            <param index="2">
              <value>
                <![CDATA[2023 Analysis of Changes, 2023 NEC]]>
              </value>
            </param>
            <param index="3">
              <value>
                <![CDATA[CHAPTER 1 GENERAL]]>
              </value>
            </param>
          </params>
          <reporter-output>
          </reporter-output>
        </test-method> <!-- TC28_verifyCollectionLandingPage -->
        <test-method is-config="true" signature="afterMethod()[pri:0, instance:com.Digitalcodes.testcases.Title_Collection_Test@215a34b4]" started-at="2023-06-12T14:42:18 IST" name="afterMethod" finished-at="2023-06-12T14:42:19 IST" duration-ms="89" status="PASS">
          <reporter-output>
          </reporter-output>
        </test-method> <!-- afterMethod -->
        <test-method is-config="true" signature="log_result(org.testng.ITestResult)[pri:0, instance:com.Digitalcodes.testcases.Title_Collection_Test@215a34b4]" started-at="2023-06-12T14:42:19 IST" name="log_result" finished-at="2023-06-12T14:42:19 IST" duration-ms="83" status="PASS">
          <params>
            <param index="0">
              <value>
                <![CDATA[[TestResult name=TC28_verifyCollectionLandingPage status=SUCCESS method=Title_Collection_Test.TC28_verifyCollectionLandingPage(java.lang.String,java.lang.String,java.lang.String,java.lang.String)[pri:1, instance:com.Digitalcodes.testcases.Title_Collection_Test@215a34b4] output={null}]]]>
              </value>
            </param>
          </params>
          <reporter-output>
          </reporter-output>
        </test-method> <!-- log_result -->
        <test-method signature="TC29_verifySection_collectionTitles(java.lang.String,java.lang.String,java.lang.String,java.lang.String)[pri:2, instance:com.Digitalcodes.testcases.Title_Collection_Test@215a34b4]" started-at="2023-06-12T14:42:19 IST" name="TC29_verifySection_collectionTitles" description="Verify user able to navigate to Section on Collection title" data-provider="collection" finished-at="2023-06-12T14:42:38 IST" duration-ms="19378" status="PASS">
          <params>
            <param index="0">
              <value>
                <![CDATA[Collections]]>
              </value>
            </param>
            <param index="1">
              <value>
                <![CDATA[Premium Complete]]>
              </value>
            </param>
            <param index="2">
              <value>
                <![CDATA[2023 Analysis of Changes, 2023 NEC]]>
              </value>
            </param>
            <param index="3">
              <value>
                <![CDATA[CHAPTER 1 GENERAL]]>
              </value>
            </param>
          </params>
          <reporter-output>
          </reporter-output>
        </test-method> <!-- TC29_verifySection_collectionTitles -->
        <test-method is-config="true" signature="afterMethod()[pri:0, instance:com.Digitalcodes.testcases.Title_Collection_Test@215a34b4]" started-at="2023-06-12T14:42:38 IST" name="afterMethod" finished-at="2023-06-12T14:42:38 IST" duration-ms="162" status="PASS">
          <reporter-output>
          </reporter-output>
        </test-method> <!-- afterMethod -->
        <test-method is-config="true" signature="log_result(org.testng.ITestResult)[pri:0, instance:com.Digitalcodes.testcases.Title_Collection_Test@215a34b4]" started-at="2023-06-12T14:42:38 IST" name="log_result" finished-at="2023-06-12T14:42:39 IST" duration-ms="84" status="PASS">
          <params>
            <param index="0">
              <value>
                <![CDATA[[TestResult name=TC29_verifySection_collectionTitles status=SUCCESS method=Title_Collection_Test.TC29_verifySection_collectionTitles(java.lang.String,java.lang.String,java.lang.String,java.lang.String)[pri:2, instance:com.Digitalcodes.testcases.Title_Collection_Test@215a34b4] output={null}]]]>
              </value>
            </param>
          </params>
          <reporter-output>
          </reporter-output>
        </test-method> <!-- log_result -->
        <test-method signature="TC34_verifyRecentlyAddedTitle_Collection(java.lang.String,java.lang.String,java.lang.String,java.lang.String)[pri:7, instance:com.Digitalcodes.testcases.Title_Collection_Test@215a34b4]" started-at="2023-06-12T14:42:39 IST" name="TC34_verifyRecentlyAddedTitle_Collection" description="Verify user able to Navigate to Recently Added titles of Collection" data-provider="Premium Complete" finished-at="2023-06-12T14:42:42 IST" duration-ms="2990" status="PASS">
          <params>
            <param index="0">
              <value>
                <![CDATA[Collections]]>
              </value>
            </param>
            <param index="1">
              <value>
                <![CDATA[Premium Complete]]>
              </value>
            </param>
            <param index="2">
              <value>
                <![CDATA[2023 Analysis of Changes, 2023 NEC]]>
              </value>
            </param>
            <param index="3">
              <value>
                <![CDATA[CHAPTER 1 GENERAL]]>
              </value>
            </param>
          </params>
          <reporter-output>
          </reporter-output>
        </test-method> <!-- TC34_verifyRecentlyAddedTitle_Collection -->
        <test-method is-config="true" signature="afterMethod()[pri:0, instance:com.Digitalcodes.testcases.Title_Collection_Test@215a34b4]" started-at="2023-06-12T14:42:42 IST" name="afterMethod" finished-at="2023-06-12T14:42:42 IST" duration-ms="256" status="PASS">
          <reporter-output>
          </reporter-output>
        </test-method> <!-- afterMethod -->
        <test-method is-config="true" signature="log_result(org.testng.ITestResult)[pri:0, instance:com.Digitalcodes.testcases.Title_Collection_Test@215a34b4]" started-at="2023-06-12T14:42:42 IST" name="log_result" finished-at="2023-06-12T14:42:42 IST" duration-ms="179" status="PASS">
          <params>
            <param index="0">
              <value>
                <![CDATA[[TestResult name=TC34_verifyRecentlyAddedTitle_Collection status=SUCCESS method=Title_Collection_Test.TC34_verifyRecentlyAddedTitle_Collection(java.lang.String,java.lang.String,java.lang.String,java.lang.String)[pri:7, instance:com.Digitalcodes.testcases.Title_Collection_Test@215a34b4] output={null}]]]>
              </value>
            </param>
          </params>
          <reporter-output>
          </reporter-output>
        </test-method> <!-- log_result -->
      </class> <!-- com.Digitalcodes.testcases.Title_Collection_Test -->
      <class name="com.Digitalcodes.testcases.TableOfContent_Test">
        <test-method is-config="true" signature="beforeClass()[pri:0, instance:com.Digitalcodes.testcases.TableOfContent_Test@1bfe3203]" started-at="2023-06-12T14:37:41 IST" name="beforeClass" finished-at="2023-06-12T14:37:41 IST" duration-ms="6" status="PASS">
          <reporter-output>
          </reporter-output>
        </test-method> <!-- beforeClass -->
        <test-method signature="TC07_verifyMyNotes_FromTOC(java.lang.String,java.lang.String,java.lang.String,java.lang.String)[pri:1, instance:com.Digitalcodes.testcases.TableOfContent_Test@1bfe3203]" started-at="2023-06-12T14:37:41 IST" name="TC07_verifyMyNotes_FromTOC" description="Verify my notes From Table Of Content when user have no any notes " data-provider="SingleTitle" finished-at="2023-06-12T14:38:38 IST" duration-ms="57420" status="PASS">
          <params>
            <param index="0">
              <value>
                <![CDATA[I-Codes]]>
              </value>
            </param>
            <param index="1">
              <value>
                <![CDATA[2021 I-Codes]]>
              </value>
            </param>
            <param index="2">
              <value>
                <![CDATA[2021 International Building Code (IBC)]]>
              </value>
            </param>
            <param index="3">
              <value>
                <![CDATA[CHAPTER 2 DEFINITIONS]]>
              </value>
            </param>
          </params>
          <reporter-output>
          </reporter-output>
        </test-method> <!-- TC07_verifyMyNotes_FromTOC -->
        <test-method is-config="true" signature="log_result(org.testng.ITestResult)[pri:0, instance:com.Digitalcodes.testcases.TableOfContent_Test@1bfe3203]" started-at="2023-06-12T14:38:38 IST" name="log_result" finished-at="2023-06-12T14:38:39 IST" duration-ms="146" status="PASS">
          <params>
            <param index="0">
              <value>
                <![CDATA[[TestResult name=TC07_verifyMyNotes_FromTOC status=SUCCESS method=TableOfContent_Test.TC07_verifyMyNotes_FromTOC(java.lang.String,java.lang.String,java.lang.String,java.lang.String)[pri:1, instance:com.Digitalcodes.testcases.TableOfContent_Test@1bfe3203] output={null}]]]>
              </value>
            </param>
          </params>
          <reporter-output>
          </reporter-output>
        </test-method> <!-- log_result -->
      </class> <!-- com.Digitalcodes.testcases.TableOfContent_Test -->
      <class name="com.Digitalcodes.testcases.Title_Commentary_Test">
        <test-method is-config="true" signature="beforeClass()[pri:0, instance:com.Digitalcodes.testcases.Title_Commentary_Test@35d3ab60]" started-at="2023-06-12T14:42:42 IST" name="beforeClass" finished-at="2023-06-12T14:42:42 IST" duration-ms="3" status="PASS">
          <reporter-output>
          </reporter-output>
        </test-method> <!-- beforeClass -->
        <test-method signature="TC34_verifyHideCommentary(java.lang.String,java.lang.String,java.lang.String,java.lang.String)[pri:1, instance:com.Digitalcodes.testcases.Title_Commentary_Test@35d3ab60]" started-at="2023-06-12T14:42:42 IST" name="TC34_verifyHideCommentary" description="Verify User able to Hide commentary section" data-provider="Commentary" finished-at="2023-06-12T14:43:00 IST" duration-ms="17432" status="PASS">
          <params>
            <param index="0">
              <value>
                <![CDATA[Commentaries]]>
              </value>
            </param>
            <param index="1">
              <value>
                <![CDATA[2021 Commentaries]]>
              </value>
            </param>
            <param index="2">
              <value>
                <![CDATA[2021 IBC Code and Commentary Volume 1 (IBC)]]>
              </value>
            </param>
            <param index="3">
              <value>
                <![CDATA[Chapter 3: Occupancy Classification and Use]]>
              </value>
            </param>
          </params>
          <reporter-output>
          </reporter-output>
        </test-method> <!-- TC34_verifyHideCommentary -->
        <test-method is-config="true" signature="log_result(org.testng.ITestResult)[pri:0, instance:com.Digitalcodes.testcases.Title_Commentary_Test@35d3ab60]" started-at="2023-06-12T14:43:00 IST" name="log_result" finished-at="2023-06-12T14:43:00 IST" duration-ms="126" status="PASS">
          <params>
            <param index="0">
              <value>
                <![CDATA[[TestResult name=TC34_verifyHideCommentary status=SUCCESS method=Title_Commentary_Test.TC34_verifyHideCommentary(java.lang.String,java.lang.String,java.lang.String,java.lang.String)[pri:1, instance:com.Digitalcodes.testcases.Title_Commentary_Test@35d3ab60] output={null}]]]>
              </value>
            </param>
          </params>
          <reporter-output>
          </reporter-output>
        </test-method> <!-- log_result -->
      </class> <!-- com.Digitalcodes.testcases.Title_Commentary_Test -->
    </test> <!-- Smoke test for Premium user -->
  </suite> <!-- Smoke test -->
</testng-results>
