<?xml version="1.0" encoding="UTF-8"?>
<testng-results ignored="3" total="22" passed="18" failed="1" skipped="0">
  <reporter-output>
  </reporter-output>
  <suite started-at="2023-05-17T10:48:16 IST" name="Digital Codes" finished-at="2023-05-17T10:57:16 IST" duration-ms="540052">
    <groups>
    </groups>
    <test started-at="2023-05-17T10:48:16 IST" name="Test" finished-at="2023-05-17T10:57:16 IST" duration-ms="540052">
      <class name="com.Digitalcodes.testcases.I_Codes_Test">
        <test-method is-config="true" signature="beforeClass()[pri:0, instance:com.Digitalcodes.testcases.I_Codes_Test@3a022576]" started-at="2023-05-17T10:49:59 IST" name="beforeClass" finished-at="2023-05-17T10:49:59 IST" duration-ms="14" status="PASS">
          <reporter-output>
          </reporter-output>
        </test-method> <!-- beforeClass -->
        <test-method is-config="true" signature="beforeClassTitlepage()[pri:0, instance:com.Digitalcodes.testcases.I_Codes_Test@3a022576]" started-at="2023-05-17T10:49:59 IST" name="beforeClassTitlepage" finished-at="2023-05-17T10:50:03 IST" duration-ms="3871" status="PASS">
          <reporter-output>
          </reporter-output>
        </test-method> <!-- beforeClassTitlepage -->
        <test-method signature="TC03_navigateToGroupTitles()[pri:1, instance:com.Digitalcodes.testcases.I_Codes_Test@3a022576]" started-at="2023-05-17T10:50:03 IST" name="TC03_navigateToGroupTitles" description="Verify user able to navigate to Group of Title" finished-at="2023-05-17T10:50:04 IST" duration-ms="1857" status="PASS">
          <reporter-output>
          </reporter-output>
        </test-method> <!-- TC03_navigateToGroupTitles -->
        <test-method is-config="true" signature="log_result(org.testng.ITestResult)[pri:0, instance:com.Digitalcodes.testcases.I_Codes_Test@3a022576]" started-at="2023-05-17T10:50:05 IST" name="log_result" finished-at="2023-05-17T10:50:07 IST" duration-ms="2333" status="PASS">
          <params>
            <param index="0">
              <value>
                <![CDATA[[TestResult name=TC03_navigateToGroupTitles status=SUCCESS method=I_Codes_Test.TC03_navigateToGroupTitles()[pri:1, instance:com.Digitalcodes.testcases.I_Codes_Test@3a022576] output={null}]]]>
              </value>
            </param>
          </params>
          <reporter-output>
          </reporter-output>
        </test-method> <!-- log_result -->
        <test-method signature="TC04_verifyTitleLandingPage()[pri:2, instance:com.Digitalcodes.testcases.I_Codes_Test@3a022576]" started-at="2023-05-17T10:50:07 IST" name="TC04_verifyTitleLandingPage" description="Verify User able to Navigate to Title Landing page and verify Tag,Version,Releated Titles" finished-at="2023-05-17T10:50:25 IST" duration-ms="17691" status="PASS">
          <reporter-output>
          </reporter-output>
        </test-method> <!-- TC04_verifyTitleLandingPage -->
        <test-method is-config="true" signature="log_result(org.testng.ITestResult)[pri:0, instance:com.Digitalcodes.testcases.I_Codes_Test@3a022576]" started-at="2023-05-17T10:50:25 IST" name="log_result" finished-at="2023-05-17T10:50:27 IST" duration-ms="2103" status="PASS">
          <params>
            <param index="0">
              <value>
                <![CDATA[[TestResult name=TC04_verifyTitleLandingPage status=SUCCESS method=I_Codes_Test.TC04_verifyTitleLandingPage()[pri:2, instance:com.Digitalcodes.testcases.I_Codes_Test@3a022576] output={null}]]]>
              </value>
            </param>
          </params>
          <reporter-output>
          </reporter-output>
        </test-method> <!-- log_result -->
        <test-method signature="TC05_verifyMarkFavoriteTitle()[pri:3, instance:com.Digitalcodes.testcases.I_Codes_Test@3a022576]" started-at="2023-05-17T10:50:27 IST" name="TC05_verifyMarkFavoriteTitle" description="Verify user able to mark favorite and title should be displayed in favorites" finished-at="2023-05-17T10:50:39 IST" duration-ms="12443" status="PASS">
          <reporter-output>
          </reporter-output>
        </test-method> <!-- TC05_verifyMarkFavoriteTitle -->
        <test-method is-config="true" signature="log_result(org.testng.ITestResult)[pri:0, instance:com.Digitalcodes.testcases.I_Codes_Test@3a022576]" started-at="2023-05-17T10:50:39 IST" name="log_result" finished-at="2023-05-17T10:50:41 IST" duration-ms="2067" status="PASS">
          <params>
            <param index="0">
              <value>
                <![CDATA[[TestResult name=TC05_verifyMarkFavoriteTitle status=SUCCESS method=I_Codes_Test.TC05_verifyMarkFavoriteTitle()[pri:3, instance:com.Digitalcodes.testcases.I_Codes_Test@3a022576] output={null}]]]>
              </value>
            </param>
          </params>
          <reporter-output>
          </reporter-output>
        </test-method> <!-- log_result -->
        <test-method signature="TC06_verifyRemoveFavoriteTitle()[pri:4, instance:com.Digitalcodes.testcases.I_Codes_Test@3a022576]" started-at="2023-05-17T10:50:41 IST" name="TC06_verifyRemoveFavoriteTitle" description="Verify user able to remove favorite title" finished-at="2023-05-17T10:50:46 IST" duration-ms="4371" status="PASS">
          <reporter-output>
          </reporter-output>
        </test-method> <!-- TC06_verifyRemoveFavoriteTitle -->
        <test-method is-config="true" signature="log_result(org.testng.ITestResult)[pri:0, instance:com.Digitalcodes.testcases.I_Codes_Test@3a022576]" started-at="2023-05-17T10:50:46 IST" name="log_result" finished-at="2023-05-17T10:50:48 IST" duration-ms="2111" status="PASS">
          <params>
            <param index="0">
              <value>
                <![CDATA[[TestResult name=TC06_verifyRemoveFavoriteTitle status=SUCCESS method=I_Codes_Test.TC06_verifyRemoveFavoriteTitle()[pri:4, instance:com.Digitalcodes.testcases.I_Codes_Test@3a022576] output={null}]]]>
              </value>
            </param>
          </params>
          <reporter-output>
          </reporter-output>
        </test-method> <!-- log_result -->
        <test-method signature="TC07_verifyMyNotes_FromTOC()[pri:5, instance:com.Digitalcodes.testcases.I_Codes_Test@3a022576]" started-at="2023-05-17T10:50:48 IST" name="TC07_verifyMyNotes_FromTOC" description="Verify my notes From TOC when user have no any notes " finished-at="2023-05-17T10:50:53 IST" duration-ms="5274" status="PASS">
          <reporter-output>
          </reporter-output>
        </test-method> <!-- TC07_verifyMyNotes_FromTOC -->
        <test-method is-config="true" signature="log_result(org.testng.ITestResult)[pri:0, instance:com.Digitalcodes.testcases.I_Codes_Test@3a022576]" started-at="2023-05-17T10:50:53 IST" name="log_result" finished-at="2023-05-17T10:50:55 IST" duration-ms="2100" status="PASS">
          <params>
            <param index="0">
              <value>
                <![CDATA[[TestResult name=TC07_verifyMyNotes_FromTOC status=SUCCESS method=I_Codes_Test.TC07_verifyMyNotes_FromTOC()[pri:5, instance:com.Digitalcodes.testcases.I_Codes_Test@3a022576] output={null}]]]>
              </value>
            </param>
          </params>
          <reporter-output>
          </reporter-output>
        </test-method> <!-- log_result -->
        <test-method signature="TC08_verifyNavigateToSection_FromTOC()[pri:6, instance:com.Digitalcodes.testcases.I_Codes_Test@3a022576]" started-at="2023-05-17T10:50:55 IST" name="TC08_verifyNavigateToSection_FromTOC" description="Verify user able to naviagate Section from TOC" finished-at="2023-05-17T10:51:12 IST" duration-ms="16891" status="PASS">
          <reporter-output>
          </reporter-output>
        </test-method> <!-- TC08_verifyNavigateToSection_FromTOC -->
        <test-method is-config="true" signature="log_result(org.testng.ITestResult)[pri:0, instance:com.Digitalcodes.testcases.I_Codes_Test@3a022576]" started-at="2023-05-17T10:51:12 IST" name="log_result" finished-at="2023-05-17T10:51:14 IST" duration-ms="2103" status="PASS">
          <params>
            <param index="0">
              <value>
                <![CDATA[[TestResult name=TC08_verifyNavigateToSection_FromTOC status=SUCCESS method=I_Codes_Test.TC08_verifyNavigateToSection_FromTOC()[pri:6, instance:com.Digitalcodes.testcases.I_Codes_Test@3a022576] output={null}]]]>
              </value>
            </param>
          </params>
          <reporter-output>
          </reporter-output>
        </test-method> <!-- log_result -->
        <test-method signature="TC09_verifyCreateNotes_atSection()[pri:7, instance:com.Digitalcodes.testcases.I_Codes_Test@3a022576]" started-at="2023-05-17T10:51:14 IST" name="TC09_verifyCreateNotes_atSection" description="Verify user able to create notes at section" finished-at="2023-05-17T10:51:38 IST" duration-ms="23348" status="PASS">
          <reporter-output>
          </reporter-output>
        </test-method> <!-- TC09_verifyCreateNotes_atSection -->
        <test-method is-config="true" signature="log_result(org.testng.ITestResult)[pri:0, instance:com.Digitalcodes.testcases.I_Codes_Test@3a022576]" started-at="2023-05-17T10:51:38 IST" name="log_result" finished-at="2023-05-17T10:51:40 IST" duration-ms="2074" status="PASS">
          <params>
            <param index="0">
              <value>
                <![CDATA[[TestResult name=TC09_verifyCreateNotes_atSection status=SUCCESS method=I_Codes_Test.TC09_verifyCreateNotes_atSection()[pri:7, instance:com.Digitalcodes.testcases.I_Codes_Test@3a022576] output={null}]]]>
              </value>
            </param>
          </params>
          <reporter-output>
          </reporter-output>
        </test-method> <!-- log_result -->
        <test-method signature="TC10_verifyCreateBookmark_atSection()[pri:8, instance:com.Digitalcodes.testcases.I_Codes_Test@3a022576]" started-at="2023-05-17T10:51:40 IST" name="TC10_verifyCreateBookmark_atSection" description="Verify user able to create bookmark at section" finished-at="2023-05-17T10:52:23 IST" duration-ms="43715" status="PASS">
          <reporter-output>
          </reporter-output>
        </test-method> <!-- TC10_verifyCreateBookmark_atSection -->
        <test-method is-config="true" signature="log_result(org.testng.ITestResult)[pri:0, instance:com.Digitalcodes.testcases.I_Codes_Test@3a022576]" started-at="2023-05-17T10:52:23 IST" name="log_result" finished-at="2023-05-17T10:52:25 IST" duration-ms="2082" status="PASS">
          <params>
            <param index="0">
              <value>
                <![CDATA[[TestResult name=TC10_verifyCreateBookmark_atSection status=SUCCESS method=I_Codes_Test.TC10_verifyCreateBookmark_atSection()[pri:8, instance:com.Digitalcodes.testcases.I_Codes_Test@3a022576] output={null}]]]>
              </value>
            </param>
          </params>
          <reporter-output>
          </reporter-output>
        </test-method> <!-- log_result -->
        <test-method signature="TC11_verifyShareSection_FromSection()[pri:9, instance:com.Digitalcodes.testcases.I_Codes_Test@3a022576]" started-at="2023-05-17T10:52:25 IST" name="TC11_verifyShareSection_FromSection" description="Verify user able to share the section" finished-at="2023-05-17T10:52:57 IST" duration-ms="31871" status="PASS">
          <reporter-output>
          </reporter-output>
        </test-method> <!-- TC11_verifyShareSection_FromSection -->
        <test-method is-config="true" signature="log_result(org.testng.ITestResult)[pri:0, instance:com.Digitalcodes.testcases.I_Codes_Test@3a022576]" started-at="2023-05-17T10:52:57 IST" name="log_result" finished-at="2023-05-17T10:52:59 IST" duration-ms="2081" status="PASS">
          <params>
            <param index="0">
              <value>
                <![CDATA[[TestResult name=TC11_verifyShareSection_FromSection status=SUCCESS method=I_Codes_Test.TC11_verifyShareSection_FromSection()[pri:9, instance:com.Digitalcodes.testcases.I_Codes_Test@3a022576] output={null}]]]>
              </value>
            </param>
          </params>
          <reporter-output>
          </reporter-output>
        </test-method> <!-- log_result -->
        <test-method signature="TC12_verifyPrintSection_FromSection()[pri:10, instance:com.Digitalcodes.testcases.I_Codes_Test@3a022576]" started-at="2023-05-17T10:52:59 IST" name="TC12_verifyPrintSection_FromSection" description="Verify user able to Print Section " finished-at="2023-05-17T10:53:06 IST" duration-ms="6182" status="PASS">
          <reporter-output>
          </reporter-output>
        </test-method> <!-- TC12_verifyPrintSection_FromSection -->
        <test-method is-config="true" signature="log_result(org.testng.ITestResult)[pri:0, instance:com.Digitalcodes.testcases.I_Codes_Test@3a022576]" started-at="2023-05-17T10:53:06 IST" name="log_result" finished-at="2023-05-17T10:53:08 IST" duration-ms="2074" status="PASS">
          <params>
            <param index="0">
              <value>
                <![CDATA[[TestResult name=TC12_verifyPrintSection_FromSection status=SUCCESS method=I_Codes_Test.TC12_verifyPrintSection_FromSection()[pri:10, instance:com.Digitalcodes.testcases.I_Codes_Test@3a022576] output={null}]]]>
              </value>
            </param>
          </params>
          <reporter-output>
          </reporter-output>
        </test-method> <!-- log_result -->
        <test-method signature="TC13_verifyShareNote_FromSction()[pri:11, instance:com.Digitalcodes.testcases.I_Codes_Test@3a022576]" started-at="2023-05-17T10:53:08 IST" name="TC13_verifyShareNote_FromSction" description="Verify user able to share note from section" finished-at="2023-05-17T10:53:20 IST" duration-ms="12369" status="PASS">
          <reporter-output>
          </reporter-output>
        </test-method> <!-- TC13_verifyShareNote_FromSction -->
        <test-method is-config="true" signature="log_result(org.testng.ITestResult)[pri:0, instance:com.Digitalcodes.testcases.I_Codes_Test@3a022576]" started-at="2023-05-17T10:53:20 IST" name="log_result" finished-at="2023-05-17T10:53:22 IST" duration-ms="2114" status="PASS">
          <params>
            <param index="0">
              <value>
                <![CDATA[[TestResult name=TC13_verifyShareNote_FromSction status=SUCCESS method=I_Codes_Test.TC13_verifyShareNote_FromSction()[pri:11, instance:com.Digitalcodes.testcases.I_Codes_Test@3a022576] output={null}]]]>
              </value>
            </param>
          </params>
          <reporter-output>
          </reporter-output>
        </test-method> <!-- log_result -->
        <test-method signature="TC14_verifyEditNotes_FromSection()[pri:12, instance:com.Digitalcodes.testcases.I_Codes_Test@3a022576]" started-at="2023-05-17T10:53:22 IST" name="TC14_verifyEditNotes_FromSection" description="Verify user able to edit notes from Section" finished-at="2023-05-17T10:53:34 IST" duration-ms="12103" status="PASS">
          <reporter-output>
          </reporter-output>
        </test-method> <!-- TC14_verifyEditNotes_FromSection -->
        <test-method is-config="true" signature="log_result(org.testng.ITestResult)[pri:0, instance:com.Digitalcodes.testcases.I_Codes_Test@3a022576]" started-at="2023-05-17T10:53:34 IST" name="log_result" finished-at="2023-05-17T10:53:36 IST" duration-ms="2074" status="PASS">
          <params>
            <param index="0">
              <value>
                <![CDATA[[TestResult name=TC14_verifyEditNotes_FromSection status=SUCCESS method=I_Codes_Test.TC14_verifyEditNotes_FromSection()[pri:12, instance:com.Digitalcodes.testcases.I_Codes_Test@3a022576] output={null}]]]>
              </value>
            </param>
          </params>
          <reporter-output>
          </reporter-output>
        </test-method> <!-- log_result -->
        <test-method signature="TC15_verifyDeleteNotes_FromSection()[pri:13, instance:com.Digitalcodes.testcases.I_Codes_Test@3a022576]" started-at="2023-05-17T10:53:36 IST" name="TC15_verifyDeleteNotes_FromSection" description="Verify user able to delete Notes from Section" finished-at="2023-05-17T10:53:43 IST" duration-ms="6350" status="PASS">
          <reporter-output>
          </reporter-output>
        </test-method> <!-- TC15_verifyDeleteNotes_FromSection -->
        <test-method is-config="true" signature="log_result(org.testng.ITestResult)[pri:0, instance:com.Digitalcodes.testcases.I_Codes_Test@3a022576]" started-at="2023-05-17T10:53:43 IST" name="log_result" finished-at="2023-05-17T10:53:45 IST" duration-ms="2060" status="PASS">
          <params>
            <param index="0">
              <value>
                <![CDATA[[TestResult name=TC15_verifyDeleteNotes_FromSection status=SUCCESS method=I_Codes_Test.TC15_verifyDeleteNotes_FromSection()[pri:13, instance:com.Digitalcodes.testcases.I_Codes_Test@3a022576] output={null}]]]>
              </value>
            </param>
          </params>
          <reporter-output>
          </reporter-output>
        </test-method> <!-- log_result -->
        <test-method signature="TC16_verifyShareBookmark_FromSection()[pri:14, instance:com.Digitalcodes.testcases.I_Codes_Test@3a022576]" started-at="2023-05-17T10:53:45 IST" name="TC16_verifyShareBookmark_FromSection" description="Verify user able to share bookmark from Section" finished-at="2023-05-17T10:54:16 IST" duration-ms="30775" status="PASS">
          <reporter-output>
          </reporter-output>
        </test-method> <!-- TC16_verifyShareBookmark_FromSection -->
        <test-method is-config="true" signature="log_result(org.testng.ITestResult)[pri:0, instance:com.Digitalcodes.testcases.I_Codes_Test@3a022576]" started-at="2023-05-17T10:54:16 IST" name="log_result" finished-at="2023-05-17T10:54:18 IST" duration-ms="2139" status="PASS">
          <params>
            <param index="0">
              <value>
                <![CDATA[[TestResult name=TC16_verifyShareBookmark_FromSection status=SUCCESS method=I_Codes_Test.TC16_verifyShareBookmark_FromSection()[pri:14, instance:com.Digitalcodes.testcases.I_Codes_Test@3a022576] output={null}]]]>
              </value>
            </param>
          </params>
          <reporter-output>
          </reporter-output>
        </test-method> <!-- log_result -->
        <test-method signature="TC17_verifyEditBookmark_FromSection()[pri:15, instance:com.Digitalcodes.testcases.I_Codes_Test@3a022576]" started-at="2023-05-17T10:54:18 IST" name="TC17_verifyEditBookmark_FromSection" description="Verify user able to edit Bookamrk from Section" finished-at="2023-05-17T10:54:30 IST" duration-ms="11588" status="PASS">
          <reporter-output>
          </reporter-output>
        </test-method> <!-- TC17_verifyEditBookmark_FromSection -->
        <test-method is-config="true" signature="log_result(org.testng.ITestResult)[pri:0, instance:com.Digitalcodes.testcases.I_Codes_Test@3a022576]" started-at="2023-05-17T10:54:30 IST" name="log_result" finished-at="2023-05-17T10:54:32 IST" duration-ms="2044" status="PASS">
          <params>
            <param index="0">
              <value>
                <![CDATA[[TestResult name=TC17_verifyEditBookmark_FromSection status=SUCCESS method=I_Codes_Test.TC17_verifyEditBookmark_FromSection()[pri:15, instance:com.Digitalcodes.testcases.I_Codes_Test@3a022576] output={null}]]]>
              </value>
            </param>
          </params>
          <reporter-output>
          </reporter-output>
        </test-method> <!-- log_result -->
        <test-method signature="TC18_verifyDeleteBookmark_FromSection()[pri:16, instance:com.Digitalcodes.testcases.I_Codes_Test@3a022576]" started-at="2023-05-17T10:54:32 IST" name="TC18_verifyDeleteBookmark_FromSection" description="Verify user able to Delete Bookmark from Section" finished-at="2023-05-17T10:54:37 IST" duration-ms="5806" status="PASS">
          <reporter-output>
          </reporter-output>
        </test-method> <!-- TC18_verifyDeleteBookmark_FromSection -->
        <test-method is-config="true" signature="log_result(org.testng.ITestResult)[pri:0, instance:com.Digitalcodes.testcases.I_Codes_Test@3a022576]" started-at="2023-05-17T10:54:37 IST" name="log_result" finished-at="2023-05-17T10:54:39 IST" duration-ms="2077" status="PASS">
          <params>
            <param index="0">
              <value>
                <![CDATA[[TestResult name=TC18_verifyDeleteBookmark_FromSection status=SUCCESS method=I_Codes_Test.TC18_verifyDeleteBookmark_FromSection()[pri:16, instance:com.Digitalcodes.testcases.I_Codes_Test@3a022576] output={null}]]]>
              </value>
            </param>
          </params>
          <reporter-output>
          </reporter-output>
        </test-method> <!-- log_result -->
        <test-method signature="TC19_verifyLinksOnChapter()[pri:17, instance:com.Digitalcodes.testcases.I_Codes_Test@3a022576]" started-at="2023-05-17T10:54:39 IST" name="TC19_verifyLinksOnChapter" description="Verify links On Chapter" finished-at="2023-05-17T10:57:13 IST" duration-ms="153645" status="FAIL">
          <exception class="org.openqa.selenium.TimeoutException">
            <message>
              <![CDATA[Expected condition failed: waiting for visibility of all [Proxy element for: DefaultElementLocator 'By.xpath: //div[@class="newIccStyles v-sheet theme--light"]'] (tried for 90 second(s) with 500 milliseconds interval)]]>
            </message>
            <full-stacktrace>
              <![CDATA[org.openqa.selenium.TimeoutException: Expected condition failed: waiting for visibility of all [Proxy element for: DefaultElementLocator 'By.xpath: //div[@class="newIccStyles v-sheet theme--light"]'] (tried for 90 second(s) with 500 milliseconds interval)
at org.openqa.selenium.support.ui.WebDriverWait.timeoutException(WebDriverWait.java:87)
at org.openqa.selenium.support.ui.FluentWait.until(FluentWait.java:231)
at com.Digitalcodes.utilities.Baseclass.isDisplayed(Baseclass.java:221)
at com.Digitalcodes.pageobject.Codes_Section.hoverOnTitleLink(Codes_Section.java:324)
at com.Digitalcodes.testcases.I_Codes_Test.TC19_verifyLinksOnChapter(I_Codes_Test.java:537)
at java.base/jdk.internal.reflect.NativeMethodAccessorImpl.invoke0(Native Method)
at java.base/jdk.internal.reflect.NativeMethodAccessorImpl.invoke(NativeMethodAccessorImpl.java:77)
at java.base/jdk.internal.reflect.DelegatingMethodAccessorImpl.invoke(DelegatingMethodAccessorImpl.java:43)
at java.base/java.lang.reflect.Method.invoke(Method.java:568)
at org.testng.internal.MethodInvocationHelper.invokeMethod(MethodInvocationHelper.java:133)
at org.testng.internal.TestInvoker.invokeMethod(TestInvoker.java:598)
at org.testng.internal.TestInvoker.invokeTestMethod(TestInvoker.java:173)
at org.testng.internal.MethodRunner.runInSequence(MethodRunner.java:46)
at org.testng.internal.TestInvoker$MethodInvocationAgent.invoke(TestInvoker.java:824)
at org.testng.internal.TestInvoker.invokeTestMethods(TestInvoker.java:146)
at org.testng.internal.TestMethodWorker.invokeTestMethods(TestMethodWorker.java:146)
at org.testng.internal.TestMethodWorker.run(TestMethodWorker.java:128)
at java.base/java.util.ArrayList.forEach(ArrayList.java:1511)
at org.testng.TestRunner.privateRun(TestRunner.java:794)
at org.testng.TestRunner.run(TestRunner.java:596)
at org.testng.SuiteRunner.runTest(SuiteRunner.java:377)
at org.testng.SuiteRunner.runSequentially(SuiteRunner.java:371)
at org.testng.SuiteRunner.privateRun(SuiteRunner.java:332)
at org.testng.SuiteRunner.run(SuiteRunner.java:276)
at org.testng.SuiteRunnerWorker.runSuite(SuiteRunnerWorker.java:53)
at org.testng.SuiteRunnerWorker.run(SuiteRunnerWorker.java:96)
at org.testng.TestNG.runSuitesSequentially(TestNG.java:1212)
at org.testng.TestNG.runSuitesLocally(TestNG.java:1134)
at org.testng.TestNG.runSuites(TestNG.java:1063)
at org.testng.TestNG.run(TestNG.java:1031)
at org.apache.maven.surefire.testng.TestNGExecutor.run(TestNGExecutor.java:308)
at org.apache.maven.surefire.testng.TestNGXmlTestSuite.execute(TestNGXmlTestSuite.java:71)
at org.apache.maven.surefire.testng.TestNGProvider.invoke(TestNGProvider.java:113)
at org.apache.maven.surefire.booter.ForkedBooter.runSuitesInProcess(ForkedBooter.java:385)
at org.apache.maven.surefire.booter.ForkedBooter.execute(ForkedBooter.java:162)
at org.apache.maven.surefire.booter.ForkedBooter.run(ForkedBooter.java:507)
at org.apache.maven.surefire.booter.ForkedBooter.main(ForkedBooter.java:495)
Caused by: org.openqa.selenium.NoSuchElementException: no such element: Unable to locate element: {"method":"xpath","selector":"//div[@class="newIccStyles v-sheet theme--light"]"}
  (Session info: chrome=113.0.5672.93)
For documentation on this error, please visit: https://selenium.dev/exceptions/#no_such_element
Build info: version: '4.9.0', revision: 'd7057100a6'
System info: os.name: 'Windows 10', os.arch: 'amd64', os.version: '10.0', java.version: '17.0.5'
Driver info: org.openqa.selenium.chrome.ChromeDriver
Command: [b2476ef68e37923b900ac34b12f83c43, findElement {using=xpath, value=//div[@class="newIccStyles v-sheet theme--light"]}]
Capabilities {acceptInsecureCerts: false, browserName: chrome, browserVersion: 113.0.5672.93, chrome: {chromedriverVersion: 113.0.5672.63 (0e1a4471d5ae..., userDataDir: C:\Users\VRUSHA~1\AppData\L...}, goog:chromeOptions: {debuggerAddress: localhost:53351}, networkConnectionEnabled: false, pageLoadStrategy: normal, platformName: WINDOWS, proxy: Proxy(), se:cdp: ws://localhost:53351/devtoo..., se:cdpVersion: 113.0.5672.93, setWindowRect: true, strictFileInteractability: false, timeouts: {implicit: 0, pageLoad: 300000, script: 30000}, unhandledPromptBehavior: dismiss and notify, webauthn:extension:credBlob: true, webauthn:extension:largeBlob: true, webauthn:extension:minPinLength: true, webauthn:extension:prf: true, webauthn:virtualAuthenticators: true}
Session ID: b2476ef68e37923b900ac34b12f83c43
at java.base/jdk.internal.reflect.NativeConstructorAccessorImpl.newInstance0(Native Method)
at java.base/jdk.internal.reflect.NativeConstructorAccessorImpl.newInstance(NativeConstructorAccessorImpl.java:77)
at java.base/jdk.internal.reflect.DelegatingConstructorAccessorImpl.newInstance(DelegatingConstructorAccessorImpl.java:45)
at java.base/java.lang.reflect.Constructor.newInstanceWithCaller(Constructor.java:499)
at java.base/java.lang.reflect.Constructor.newInstance(Constructor.java:480)
at org.openqa.selenium.remote.codec.w3c.W3CHttpResponseCodec.createException(W3CHttpResponseCodec.java:200)
at org.openqa.selenium.remote.codec.w3c.W3CHttpResponseCodec.decode(W3CHttpResponseCodec.java:133)
at org.openqa.selenium.remote.codec.w3c.W3CHttpResponseCodec.decode(W3CHttpResponseCodec.java:53)
at org.openqa.selenium.remote.HttpCommandExecutor.execute(HttpCommandExecutor.java:193)
at org.openqa.selenium.remote.service.DriverCommandExecutor.invokeExecute(DriverCommandExecutor.java:183)
at org.openqa.selenium.remote.service.DriverCommandExecutor.execute(DriverCommandExecutor.java:158)
at org.openqa.selenium.remote.RemoteWebDriver.execute(RemoteWebDriver.java:543)
at org.openqa.selenium.remote.ElementLocation$ElementFinder$2.findElement(ElementLocation.java:162)
at org.openqa.selenium.remote.ElementLocation.findElement(ElementLocation.java:60)
at org.openqa.selenium.remote.RemoteWebDriver.findElement(RemoteWebDriver.java:352)
at org.openqa.selenium.remote.RemoteWebDriver.findElement(RemoteWebDriver.java:344)
at org.openqa.selenium.support.pagefactory.DefaultElementLocator.findElement(DefaultElementLocator.java:70)
at org.openqa.selenium.support.pagefactory.internal.LocatingElementHandler.invoke(LocatingElementHandler.java:39)
at jdk.proxy2/jdk.proxy2.$Proxy18.isDisplayed(Unknown Source)
at org.openqa.selenium.support.ui.ExpectedConditions$9.apply(ExpectedConditions.java:267)
at org.openqa.selenium.support.ui.ExpectedConditions$9.apply(ExpectedConditions.java:263)
at org.openqa.selenium.support.ui.FluentWait.until(FluentWait.java:208)
... 35 more
]]>
            </full-stacktrace>
          </exception> <!-- org.openqa.selenium.TimeoutException -->
          <reporter-output>
          </reporter-output>
        </test-method> <!-- TC19_verifyLinksOnChapter -->
        <test-method is-config="true" signature="log_result(org.testng.ITestResult)[pri:0, instance:com.Digitalcodes.testcases.I_Codes_Test@3a022576]" started-at="2023-05-17T10:57:14 IST" name="log_result" finished-at="2023-05-17T10:57:16 IST" duration-ms="2079" status="PASS">
          <params>
            <param index="0">
              <value>
                <![CDATA[[TestResult name=TC19_verifyLinksOnChapter status=FAILURE method=I_Codes_Test.TC19_verifyLinksOnChapter()[pri:17, instance:com.Digitalcodes.testcases.I_Codes_Test@3a022576] output={null}]]]>
              </value>
            </param>
          </params>
          <reporter-output>
          </reporter-output>
        </test-method> <!-- log_result -->
      </class> <!-- com.Digitalcodes.testcases.I_Codes_Test -->
      <class name="com.Digitalcodes.testcases.Login_Test">
        <test-method is-config="true" signature="beforeSuite(java.lang.String)[pri:0, instance:com.Digitalcodes.testcases.Login_Test@67dba613]" started-at="2023-05-17T10:48:12 IST" name="beforeSuite" finished-at="2023-05-17T10:48:16 IST" duration-ms="3615" status="PASS">
          <params>
            <param index="0">
              <value>
                <![CDATA[smoke]]>
              </value>
            </param>
          </params>
          <reporter-output>
          </reporter-output>
        </test-method> <!-- beforeSuite -->
        <test-method is-config="true" signature="beforeTest(java.lang.String)[pri:0, instance:com.Digitalcodes.testcases.Login_Test@67dba613]" started-at="2023-05-17T10:48:16 IST" name="beforeTest" finished-at="2023-05-17T10:48:33 IST" duration-ms="17077" status="PASS">
          <params>
            <param index="0">
              <value>
                <![CDATA[chrome]]>
              </value>
            </param>
          </params>
          <reporter-output>
          </reporter-output>
        </test-method> <!-- beforeTest -->
        <test-method is-config="true" signature="beforeClass()[pri:0, instance:com.Digitalcodes.testcases.Login_Test@67dba613]" started-at="2023-05-17T10:48:33 IST" name="beforeClass" finished-at="2023-05-17T10:48:33 IST" duration-ms="85" status="PASS">
          <reporter-output>
          </reporter-output>
        </test-method> <!-- beforeClass -->
        <test-method signature="TC01_login()[pri:1, instance:com.Digitalcodes.testcases.Login_Test@67dba613]" started-at="2023-05-17T10:48:33 IST" name="TC01_login" description="User able to Login with valid creditionls" finished-at="2023-05-17T10:48:43 IST" duration-ms="10142" status="PASS">
          <reporter-output>
          </reporter-output>
        </test-method> <!-- TC01_login -->
        <test-method is-config="true" signature="log_result(org.testng.ITestResult)[pri:0, instance:com.Digitalcodes.testcases.Login_Test@67dba613]" started-at="2023-05-17T10:48:43 IST" name="log_result" finished-at="2023-05-17T10:48:46 IST" duration-ms="2837" status="PASS">
          <params>
            <param index="0">
              <value>
                <![CDATA[[TestResult name=TC01_login status=SUCCESS method=Login_Test.TC01_login()[pri:1, instance:com.Digitalcodes.testcases.Login_Test@67dba613] output={null}]]]>
              </value>
            </param>
          </params>
          <reporter-output>
          </reporter-output>
        </test-method> <!-- log_result -->
        <test-method signature="TC02_verifyUserInformation()[pri:0, instance:com.Digitalcodes.testcases.Login_Test@67dba613]" started-at="2023-05-17T10:48:46 IST" name="TC02_verifyUserInformation" description="Verify User able to displyed Subscription type, Name, email " finished-at="2023-05-17T10:49:57 IST" depends-on-methods="com.Digitalcodes.testcases.Login_Test.TC01_login" duration-ms="70562" status="PASS">
          <reporter-output>
          </reporter-output>
        </test-method> <!-- TC02_verifyUserInformation -->
        <test-method is-config="true" signature="log_result(org.testng.ITestResult)[pri:0, instance:com.Digitalcodes.testcases.Login_Test@67dba613]" started-at="2023-05-17T10:49:57 IST" name="log_result" finished-at="2023-05-17T10:49:59 IST" duration-ms="2171" status="PASS">
          <params>
            <param index="0">
              <value>
                <![CDATA[[TestResult name=TC02_verifyUserInformation status=SUCCESS method=Login_Test.TC02_verifyUserInformation()[pri:0, instance:com.Digitalcodes.testcases.Login_Test@67dba613] output={null}]]]>
              </value>
            </param>
          </params>
          <reporter-output>
          </reporter-output>
        </test-method> <!-- log_result -->
        <test-method is-config="true" signature="afterSuite()[pri:0, instance:com.Digitalcodes.testcases.Login_Test@67dba613]" started-at="2023-05-17T10:57:17 IST" name="afterSuite" finished-at="2023-05-17T10:57:18 IST" duration-ms="1030" status="PASS">
          <reporter-output>
          </reporter-output>
        </test-method> <!-- afterSuite -->
      </class> <!-- com.Digitalcodes.testcases.Login_Test -->
    </test> <!-- Test -->
  </suite> <!-- Digital Codes -->
</testng-results>
