-------------------------------------------------------------------------------
Test set: TestSuite
-------------------------------------------------------------------------------
Tests run: 16, Failures: 2, Errors: 0, Skipped: 0, Time elapsed: 349.803 sec <<< FAILURE! - in TestSuite
TC15_verifyDeleteNotes_FromSection(com.Digitalcodes.testcases.Title_SectionPage_Test)  Time elapsed: 12.155 sec  <<< FAILURE!
java.lang.AssertionError: expected [false] but found [true]
	at com.Digitalcodes.testcases.Title_SectionPage_Test.TC15_verifyDeleteNotes_FromSection(Title_SectionPage_Test.java:332)

TC18_verifyDeleteBookmark_FromSection(com.Digitalcodes.testcases.Title_SectionPage_Test)  Time elapsed: 11.721 sec  <<< FAILURE!
java.lang.AssertionError: expected [false] but found [true]
	at com.Digitalcodes.testcases.Title_SectionPage_Test.TC18_verifyDeleteBookmark_FromSection(Title_SectionPage_Test.java:429)

