<?xml version="1.0" encoding="UTF-8"?>
<testng-results ignored="44" total="100" passed="0" failed="49" skipped="7">
  <reporter-output>
  </reporter-output>
  <suite started-at="2023-08-30T17:39:19 IST" name="Regression test" finished-at="2023-08-30T17:39:38 IST" duration-ms="18518">
    <groups>
      <group name="Regression">
        <method signature="ContentSearch_Test.TC42_verifySearchWithinTitle(java.lang.String,java.lang.String,java.lang.String,java.lang.String,java.lang.String)[pri:1, instance:com.Digitalcodes.testcases.ContentSearch_Test@432034a]" name="TC42_verifySearchWithinTitle" class="com.Digitalcodes.testcases.ContentSearch_Test"/>
        <method signature="ContentSearch_Test.TC43_verifyText_FiltersApplyed()[pri:0, instance:com.Digitalcodes.testcases.ContentSearch_Test@432034a]" name="TC43_verifyText_FiltersApplyed" class="com.Digitalcodes.testcases.ContentSearch_Test"/>
        <method signature="PremiumTools_QuickAccess_Test.TC37_verifyAccessSection_QuickAccess(java.lang.String,java.lang.String,java.lang.String,java.lang.Object,java.lang.String)[pri:1, instance:com.Digitalcodes.testcases.PremiumTools_QuickAccess_Test@60e5272]" name="TC37_verifyAccessSection_QuickAccess" class="com.Digitalcodes.testcases.PremiumTools_QuickAccess_Test"/>
        <method signature="Title_ASTMStanderds_Test.TC34_verifyNavigateToASTM_FromLinks(java.lang.String,java.lang.String,java.lang.String,java.lang.String,java.lang.String,java.lang.String)[pri:1, instance:com.Digitalcodes.testcases.Title_ASTMStanderds_Test@78de58ea]" name="TC34_verifyNavigateToASTM_FromLinks" class="com.Digitalcodes.testcases.Title_ASTMStanderds_Test"/>
        <method signature="Title_Basic_Test.TC33_verifyNgviateToBasicTitle(java.lang.String,java.lang.String,java.lang.String)[pri:1, instance:com.Digitalcodes.testcases.Title_Basic_Test@7551da2a]" name="TC33_verifyNgviateToBasicTitle" class="com.Digitalcodes.testcases.Title_Basic_Test"/>
        <method signature="Title_Commentary_Test.TC34_verifyHideCommentary(java.lang.String,java.lang.String,java.lang.String,java.lang.String)[pri:1, instance:com.Digitalcodes.testcases.Title_Commentary_Test@61f3fbb8]" name="TC34_verifyHideCommentary" class="com.Digitalcodes.testcases.Title_Commentary_Test"/>
        <method signature="Title_SectionPage_Test.TC09_verifyCreateNotes_atSection(java.lang.String,java.lang.String,java.lang.String,java.lang.String,java.lang.String)[pri:1, instance:com.Digitalcodes.testcases.Title_SectionPage_Test@250b236d]" name="TC09_verifyCreateNotes_atSection" class="com.Digitalcodes.testcases.Title_SectionPage_Test"/>
        <method signature="ContentSearch_Test.TC44_verifyContentSearch(java.lang.String,java.lang.String)[pri:2, instance:com.Digitalcodes.testcases.ContentSearch_Test@432034a]" name="TC44_verifyContentSearch" class="com.Digitalcodes.testcases.ContentSearch_Test"/>
        <method signature="PremiumTools_QuickAccess_Test.TC38_verifyActionsOnSection_QuickAccess(java.lang.String,java.lang.String)[pri:2, instance:com.Digitalcodes.testcases.PremiumTools_QuickAccess_Test@60e5272]" name="TC38_verifyActionsOnSection_QuickAccess" class="com.Digitalcodes.testcases.PremiumTools_QuickAccess_Test"/>
        <method signature="Title_ASTMStanderds_Test.TC35_verifyNavigateToASTM(java.lang.String,java.lang.String,java.lang.String,java.lang.String,java.lang.String)[pri:2, instance:com.Digitalcodes.testcases.Title_ASTMStanderds_Test@78de58ea]" name="TC35_verifyNavigateToASTM" class="com.Digitalcodes.testcases.Title_ASTMStanderds_Test"/>
        <method signature="Title_ASTMStanderds_Test.TC36_verifyASTMSection()[pri:0, instance:com.Digitalcodes.testcases.Title_ASTMStanderds_Test@78de58ea]" name="TC36_verifyASTMSection" class="com.Digitalcodes.testcases.Title_ASTMStanderds_Test"/>
        <method signature="Title_SectionPage_Test.TC10_verifyCreateBookmark_atSection(java.lang.String,java.lang.String,java.lang.String,java.lang.String,java.lang.String)[pri:2, instance:com.Digitalcodes.testcases.Title_SectionPage_Test@250b236d]" name="TC10_verifyCreateBookmark_atSection" class="com.Digitalcodes.testcases.Title_SectionPage_Test"/>
        <method signature="ContentSearch_Test.TC46_verifyJumpToSection(java.lang.String,java.lang.String)[pri:3, instance:com.Digitalcodes.testcases.ContentSearch_Test@432034a]" name="TC46_verifyJumpToSection" class="com.Digitalcodes.testcases.ContentSearch_Test"/>
        <method signature="PremiumTools_QuickAccess_Test.TC39_verifyShare_Edit_DeleteBookmakr_QuickAccess(java.lang.String,java.lang.String)[pri:3, instance:com.Digitalcodes.testcases.PremiumTools_QuickAccess_Test@60e5272]" name="TC39_verifyShare_Edit_DeleteBookmakr_QuickAccess" class="com.Digitalcodes.testcases.PremiumTools_QuickAccess_Test"/>
        <method signature="Title_SectionPage_Test.TC11_verifyShareSection_FromSection(java.lang.String,java.lang.String,java.lang.String,java.lang.String,java.lang.String)[pri:3, instance:com.Digitalcodes.testcases.Title_SectionPage_Test@250b236d]" name="TC11_verifyShareSection_FromSection" class="com.Digitalcodes.testcases.Title_SectionPage_Test"/>
        <method signature="Title_SectionPage_Test.TC11_verifyPrintSection_FromSection()[pri:0, instance:com.Digitalcodes.testcases.Title_SectionPage_Test@250b236d]" name="TC11_verifyPrintSection_FromSection" class="com.Digitalcodes.testcases.Title_SectionPage_Test"/>
        <method signature="ContentSearch_Test.TC47_verifyCopyAndPrintThisSection()[pri:4, instance:com.Digitalcodes.testcases.ContentSearch_Test@432034a]" name="TC47_verifyCopyAndPrintThisSection" class="com.Digitalcodes.testcases.ContentSearch_Test"/>
        <method signature="ContentSearch_Test.TC48_verifyShareThisSection()[pri:4, instance:com.Digitalcodes.testcases.ContentSearch_Test@432034a]" name="TC48_verifyShareThisSection" class="com.Digitalcodes.testcases.ContentSearch_Test"/>
        <method signature="PremiumTools_QuickAccess_Test.TC40_verifyRecentlyQuickAccessedSections_QuickAccess(java.lang.String,java.lang.String)[pri:4, instance:com.Digitalcodes.testcases.PremiumTools_QuickAccess_Test@60e5272]" name="TC40_verifyRecentlyQuickAccessedSections_QuickAccess" class="com.Digitalcodes.testcases.PremiumTools_QuickAccess_Test"/>
        <method signature="Title_SectionPage_Test.TC13_verifyShareNote_FromSction(java.lang.String,java.lang.String,java.lang.String,java.lang.String,java.lang.String)[pri:4, instance:com.Digitalcodes.testcases.Title_SectionPage_Test@250b236d]" name="TC13_verifyShareNote_FromSction" class="com.Digitalcodes.testcases.Title_SectionPage_Test"/>
        <method signature="Title_SectionPage_Test.TC14_verifyEditNotes_FromSection()[pri:0, instance:com.Digitalcodes.testcases.Title_SectionPage_Test@250b236d]" name="TC14_verifyEditNotes_FromSection" class="com.Digitalcodes.testcases.Title_SectionPage_Test"/>
        <method signature="Title_SectionPage_Test.TC15_verifyDeleteNotes_FromSection()[pri:0, instance:com.Digitalcodes.testcases.Title_SectionPage_Test@250b236d]" name="TC15_verifyDeleteNotes_FromSection" class="com.Digitalcodes.testcases.Title_SectionPage_Test"/>
        <method signature="ContentSearch_Test.TC49_verifyCreateBookmark()[pri:5, instance:com.Digitalcodes.testcases.ContentSearch_Test@432034a]" name="TC49_verifyCreateBookmark" class="com.Digitalcodes.testcases.ContentSearch_Test"/>
        <method signature="Title_SectionPage_Test.TC16_verifyShareBookmark_FromSection(java.lang.String,java.lang.String,java.lang.String,java.lang.String,java.lang.String)[pri:5, instance:com.Digitalcodes.testcases.Title_SectionPage_Test@250b236d]" name="TC16_verifyShareBookmark_FromSection" class="com.Digitalcodes.testcases.Title_SectionPage_Test"/>
        <method signature="Title_SectionPage_Test.TC17_verifyEditBookmark_FromSection()[pri:0, instance:com.Digitalcodes.testcases.Title_SectionPage_Test@250b236d]" name="TC17_verifyEditBookmark_FromSection" class="com.Digitalcodes.testcases.Title_SectionPage_Test"/>
        <method signature="Title_SectionPage_Test.TC18_verifyDeleteBookmark_FromSection()[pri:0, instance:com.Digitalcodes.testcases.Title_SectionPage_Test@250b236d]" name="TC18_verifyDeleteBookmark_FromSection" class="com.Digitalcodes.testcases.Title_SectionPage_Test"/>
        <method signature="ContentSearch_Test.TC50_verifyShareEditDeleteBookmark(java.lang.String,java.lang.String)[pri:6, instance:com.Digitalcodes.testcases.ContentSearch_Test@432034a]" name="TC50_verifyShareEditDeleteBookmark" class="com.Digitalcodes.testcases.ContentSearch_Test"/>
        <method signature="Title_SectionPage_Test.TC19_verifyLinksOnChapter(java.lang.String,java.lang.String,java.lang.String,java.lang.String,java.lang.String)[pri:6, instance:com.Digitalcodes.testcases.Title_SectionPage_Test@250b236d]" name="TC19_verifyLinksOnChapter" class="com.Digitalcodes.testcases.Title_SectionPage_Test"/>
        <method signature="ContentSearch_Test.TC51_verifyAdvanceTermSearch(java.lang.String,java.lang.String,java.lang.String,java.lang.String)[pri:7, instance:com.Digitalcodes.testcases.ContentSearch_Test@432034a]" name="TC51_verifyAdvanceTermSearch" class="com.Digitalcodes.testcases.ContentSearch_Test"/>
        <method signature="Title_SectionPage_Test.TC20_verifyCreateNotes_atSubsection(java.lang.String,java.lang.String,java.lang.String,java.lang.String,java.lang.String)[pri:7, instance:com.Digitalcodes.testcases.Title_SectionPage_Test@250b236d]" name="TC20_verifyCreateNotes_atSubsection" class="com.Digitalcodes.testcases.Title_SectionPage_Test"/>
        <method signature="ContentSearch_Test.TC52_verifyNearSearch(java.lang.String,java.lang.String)[pri:8, instance:com.Digitalcodes.testcases.ContentSearch_Test@432034a]" name="TC52_verifyNearSearch" class="com.Digitalcodes.testcases.ContentSearch_Test"/>
        <method signature="Title_SectionPage_Test.TC21_verifyCreateBookmark_atSubsection(java.lang.String,java.lang.String,java.lang.String,java.lang.String,java.lang.String)[pri:8, instance:com.Digitalcodes.testcases.Title_SectionPage_Test@250b236d]" name="TC21_verifyCreateBookmark_atSubsection" class="com.Digitalcodes.testcases.Title_SectionPage_Test"/>
        <method signature="ContentSearch_Test.TC53_verifyShowRelevantTitles(java.lang.String,java.lang.String)[pri:9, instance:com.Digitalcodes.testcases.ContentSearch_Test@432034a]" name="TC53_verifyShowRelevantTitles" class="com.Digitalcodes.testcases.ContentSearch_Test"/>
        <method signature="Title_SectionPage_Test.TC22_verifyShareSection_FromSubSection(java.lang.String,java.lang.String,java.lang.String,java.lang.String,java.lang.String)[pri:9, instance:com.Digitalcodes.testcases.Title_SectionPage_Test@250b236d]" name="TC22_verifyShareSection_FromSubSection" class="com.Digitalcodes.testcases.Title_SectionPage_Test"/>
        <method signature="ContentSearch_Test.TC54_verifySaveDeleteContentSerach(java.lang.String,java.lang.String)[pri:10, instance:com.Digitalcodes.testcases.ContentSearch_Test@432034a]" name="TC54_verifySaveDeleteContentSerach" class="com.Digitalcodes.testcases.ContentSearch_Test"/>
        <method signature="Title_SectionPage_Test.TC22_verifyPrintSection_FromSubSection()[pri:10, instance:com.Digitalcodes.testcases.Title_SectionPage_Test@250b236d]" name="TC22_verifyPrintSection_FromSubSection" class="com.Digitalcodes.testcases.Title_SectionPage_Test"/>
        <method signature="ContentSearch_Test.TC55_verifymarkFavorite_unFavoriteTitleformConetntSearch(java.lang.String,java.lang.String)[pri:11, instance:com.Digitalcodes.testcases.ContentSearch_Test@432034a]" name="TC55_verifymarkFavorite_unFavoriteTitleformConetntSearch" class="com.Digitalcodes.testcases.ContentSearch_Test"/>
        <method signature="Title_SectionPage_Test.TC24_verifyCreateNotes_atChildSubsection(java.lang.String,java.lang.String,java.lang.String,java.lang.String,java.lang.String)[pri:11, instance:com.Digitalcodes.testcases.Title_SectionPage_Test@250b236d]" name="TC24_verifyCreateNotes_atChildSubsection" class="com.Digitalcodes.testcases.Title_SectionPage_Test"/>
        <method signature="ContentSearch_Test.TC56_verifyPaginationinContentSearch(java.lang.String,java.lang.String)[pri:12, instance:com.Digitalcodes.testcases.ContentSearch_Test@432034a]" name="TC56_verifyPaginationinContentSearch" class="com.Digitalcodes.testcases.ContentSearch_Test"/>
        <method signature="Title_SectionPage_Test.TC25_verifyCreateBookmark_atChildSubsection(java.lang.String,java.lang.String,java.lang.String,java.lang.String,java.lang.String)[pri:12, instance:com.Digitalcodes.testcases.Title_SectionPage_Test@250b236d]" name="TC25_verifyCreateBookmark_atChildSubsection" class="com.Digitalcodes.testcases.Title_SectionPage_Test"/>
        <method signature="Title_SectionPage_Test.TC26_verifyShareSection_atChildSubsection(java.lang.String,java.lang.String,java.lang.String,java.lang.String,java.lang.String)[pri:13, instance:com.Digitalcodes.testcases.Title_SectionPage_Test@250b236d]" name="TC26_verifyShareSection_atChildSubsection" class="com.Digitalcodes.testcases.Title_SectionPage_Test"/>
        <method signature="Title_SectionPage_Test.TC27_verifyPrintSection_FromChildSubSection()[pri:14, instance:com.Digitalcodes.testcases.Title_SectionPage_Test@250b236d]" name="TC27_verifyPrintSection_FromChildSubSection" class="com.Digitalcodes.testcases.Title_SectionPage_Test"/>
        <method signature="Login_Test.TC01_loginValidData(java.lang.String,java.lang.String,java.lang.String,java.lang.String,java.lang.String)[pri:1, instance:com.Digitalcodes.testcases.Login_Test@70e3f36f]" name="TC01_loginValidData" class="com.Digitalcodes.testcases.Login_Test"/>
        <method signature="Registration_Test.TC_Registeruser_ValidData()[pri:1, instance:com.Digitalcodes.testcases.Registration_Test@782168b7]" name="TC_Registeruser_ValidData" class="com.Digitalcodes.testcases.Registration_Test"/>
        <method signature="TableOfContent_Test.TC07_verifyMyNotes_FromTOC(java.lang.String,java.lang.String,java.lang.String,java.lang.String,java.lang.String)[pri:1, instance:com.Digitalcodes.testcases.TableOfContent_Test@2b8d084]" name="TC07_verifyMyNotes_FromTOC" class="com.Digitalcodes.testcases.TableOfContent_Test"/>
        <method signature="Title_LandingPage_Test.TC04_verifyTitleLandingPage(java.lang.String,java.lang.String,java.lang.String,java.lang.String,java.lang.String)[pri:1, instance:com.Digitalcodes.testcases.Title_LandingPage_Test@23e44287]" name="TC04_verifyTitleLandingPage" class="com.Digitalcodes.testcases.Title_LandingPage_Test"/>
        <method signature="Title_Purchase_Test.TC_verifyUpdateQutentiy_RemoveIncart()[pri:1, instance:com.Digitalcodes.testcases.Title_Purchase_Test@49601f82]" name="TC_verifyUpdateQutentiy_RemoveIncart" class="com.Digitalcodes.testcases.Title_Purchase_Test"/>
        <method signature="Login_Test.TC02_verifyUserInformation()[pri:2, instance:com.Digitalcodes.testcases.Login_Test@70e3f36f]" name="TC02_verifyUserInformation" class="com.Digitalcodes.testcases.Login_Test"/>
        <method signature="Title_LandingPage_Test.TC05_verifyMarkFavoriteTitle(java.lang.String,java.lang.String,java.lang.String,java.lang.String,java.lang.String)[pri:2, instance:com.Digitalcodes.testcases.Title_LandingPage_Test@23e44287]" name="TC05_verifyMarkFavoriteTitle" class="com.Digitalcodes.testcases.Title_LandingPage_Test"/>
        <method signature="Title_Purchase_Test.TC_PurchaseTitle()[pri:2, instance:com.Digitalcodes.testcases.Title_Purchase_Test@49601f82]" name="TC_PurchaseTitle" class="com.Digitalcodes.testcases.Title_Purchase_Test"/>
        <method signature="Title_LandingPage_Test.TC06_verifyChangeVersion_ReleatedTitles_Categories(java.lang.String,java.lang.String,java.lang.String,java.lang.String,java.lang.String)[pri:3, instance:com.Digitalcodes.testcases.Title_LandingPage_Test@23e44287]" name="TC06_verifyChangeVersion_ReleatedTitles_Categories" class="com.Digitalcodes.testcases.Title_LandingPage_Test"/>
      </group> <!-- Regression -->
      <group name="Smoke">
        <method signature="ContentSearch_Test.TC42_verifySearchWithinTitle(java.lang.String,java.lang.String,java.lang.String,java.lang.String,java.lang.String)[pri:1, instance:com.Digitalcodes.testcases.ContentSearch_Test@432034a]" name="TC42_verifySearchWithinTitle" class="com.Digitalcodes.testcases.ContentSearch_Test"/>
        <method signature="ContentSearch_Test.TC43_verifyText_FiltersApplyed()[pri:0, instance:com.Digitalcodes.testcases.ContentSearch_Test@432034a]" name="TC43_verifyText_FiltersApplyed" class="com.Digitalcodes.testcases.ContentSearch_Test"/>
        <method signature="PremiumTools_QuickAccess_Test.TC37_verifyAccessSection_QuickAccess(java.lang.String,java.lang.String,java.lang.String,java.lang.Object,java.lang.String)[pri:1, instance:com.Digitalcodes.testcases.PremiumTools_QuickAccess_Test@60e5272]" name="TC37_verifyAccessSection_QuickAccess" class="com.Digitalcodes.testcases.PremiumTools_QuickAccess_Test"/>
        <method signature="Title_ASTMStanderds_Test.TC34_verifyNavigateToASTM_FromLinks(java.lang.String,java.lang.String,java.lang.String,java.lang.String,java.lang.String,java.lang.String)[pri:1, instance:com.Digitalcodes.testcases.Title_ASTMStanderds_Test@78de58ea]" name="TC34_verifyNavigateToASTM_FromLinks" class="com.Digitalcodes.testcases.Title_ASTMStanderds_Test"/>
        <method signature="Title_Basic_Test.TC33_verifyNgviateToBasicTitle(java.lang.String,java.lang.String,java.lang.String)[pri:1, instance:com.Digitalcodes.testcases.Title_Basic_Test@7551da2a]" name="TC33_verifyNgviateToBasicTitle" class="com.Digitalcodes.testcases.Title_Basic_Test"/>
        <method signature="Title_Commentary_Test.TC34_verifyHideCommentary(java.lang.String,java.lang.String,java.lang.String,java.lang.String)[pri:1, instance:com.Digitalcodes.testcases.Title_Commentary_Test@61f3fbb8]" name="TC34_verifyHideCommentary" class="com.Digitalcodes.testcases.Title_Commentary_Test"/>
        <method signature="Title_SectionPage_Test.TC09_verifyCreateNotes_atSection(java.lang.String,java.lang.String,java.lang.String,java.lang.String,java.lang.String)[pri:1, instance:com.Digitalcodes.testcases.Title_SectionPage_Test@250b236d]" name="TC09_verifyCreateNotes_atSection" class="com.Digitalcodes.testcases.Title_SectionPage_Test"/>
        <method signature="ContentSearch_Test.TC44_verifyContentSearch(java.lang.String,java.lang.String)[pri:2, instance:com.Digitalcodes.testcases.ContentSearch_Test@432034a]" name="TC44_verifyContentSearch" class="com.Digitalcodes.testcases.ContentSearch_Test"/>
        <method signature="PremiumTools_QuickAccess_Test.TC38_verifyActionsOnSection_QuickAccess(java.lang.String,java.lang.String)[pri:2, instance:com.Digitalcodes.testcases.PremiumTools_QuickAccess_Test@60e5272]" name="TC38_verifyActionsOnSection_QuickAccess" class="com.Digitalcodes.testcases.PremiumTools_QuickAccess_Test"/>
        <method signature="Title_ASTMStanderds_Test.TC35_verifyNavigateToASTM(java.lang.String,java.lang.String,java.lang.String,java.lang.String,java.lang.String)[pri:2, instance:com.Digitalcodes.testcases.Title_ASTMStanderds_Test@78de58ea]" name="TC35_verifyNavigateToASTM" class="com.Digitalcodes.testcases.Title_ASTMStanderds_Test"/>
        <method signature="Title_ASTMStanderds_Test.TC36_verifyASTMSection()[pri:0, instance:com.Digitalcodes.testcases.Title_ASTMStanderds_Test@78de58ea]" name="TC36_verifyASTMSection" class="com.Digitalcodes.testcases.Title_ASTMStanderds_Test"/>
        <method signature="Title_SectionPage_Test.TC10_verifyCreateBookmark_atSection(java.lang.String,java.lang.String,java.lang.String,java.lang.String,java.lang.String)[pri:2, instance:com.Digitalcodes.testcases.Title_SectionPage_Test@250b236d]" name="TC10_verifyCreateBookmark_atSection" class="com.Digitalcodes.testcases.Title_SectionPage_Test"/>
        <method signature="ContentSearch_Test.TC46_verifyJumpToSection(java.lang.String,java.lang.String)[pri:3, instance:com.Digitalcodes.testcases.ContentSearch_Test@432034a]" name="TC46_verifyJumpToSection" class="com.Digitalcodes.testcases.ContentSearch_Test"/>
        <method signature="PremiumTools_QuickAccess_Test.TC39_verifyShare_Edit_DeleteBookmakr_QuickAccess(java.lang.String,java.lang.String)[pri:3, instance:com.Digitalcodes.testcases.PremiumTools_QuickAccess_Test@60e5272]" name="TC39_verifyShare_Edit_DeleteBookmakr_QuickAccess" class="com.Digitalcodes.testcases.PremiumTools_QuickAccess_Test"/>
        <method signature="Title_SectionPage_Test.TC11_verifyShareSection_FromSection(java.lang.String,java.lang.String,java.lang.String,java.lang.String,java.lang.String)[pri:3, instance:com.Digitalcodes.testcases.Title_SectionPage_Test@250b236d]" name="TC11_verifyShareSection_FromSection" class="com.Digitalcodes.testcases.Title_SectionPage_Test"/>
        <method signature="Title_SectionPage_Test.TC11_verifyPrintSection_FromSection()[pri:0, instance:com.Digitalcodes.testcases.Title_SectionPage_Test@250b236d]" name="TC11_verifyPrintSection_FromSection" class="com.Digitalcodes.testcases.Title_SectionPage_Test"/>
        <method signature="ContentSearch_Test.TC47_verifyCopyAndPrintThisSection()[pri:4, instance:com.Digitalcodes.testcases.ContentSearch_Test@432034a]" name="TC47_verifyCopyAndPrintThisSection" class="com.Digitalcodes.testcases.ContentSearch_Test"/>
        <method signature="ContentSearch_Test.TC48_verifyShareThisSection()[pri:4, instance:com.Digitalcodes.testcases.ContentSearch_Test@432034a]" name="TC48_verifyShareThisSection" class="com.Digitalcodes.testcases.ContentSearch_Test"/>
        <method signature="Title_SectionPage_Test.TC13_verifyShareNote_FromSction(java.lang.String,java.lang.String,java.lang.String,java.lang.String,java.lang.String)[pri:4, instance:com.Digitalcodes.testcases.Title_SectionPage_Test@250b236d]" name="TC13_verifyShareNote_FromSction" class="com.Digitalcodes.testcases.Title_SectionPage_Test"/>
        <method signature="Title_SectionPage_Test.TC14_verifyEditNotes_FromSection()[pri:0, instance:com.Digitalcodes.testcases.Title_SectionPage_Test@250b236d]" name="TC14_verifyEditNotes_FromSection" class="com.Digitalcodes.testcases.Title_SectionPage_Test"/>
        <method signature="Title_SectionPage_Test.TC15_verifyDeleteNotes_FromSection()[pri:0, instance:com.Digitalcodes.testcases.Title_SectionPage_Test@250b236d]" name="TC15_verifyDeleteNotes_FromSection" class="com.Digitalcodes.testcases.Title_SectionPage_Test"/>
        <method signature="ContentSearch_Test.TC49_verifyCreateBookmark()[pri:5, instance:com.Digitalcodes.testcases.ContentSearch_Test@432034a]" name="TC49_verifyCreateBookmark" class="com.Digitalcodes.testcases.ContentSearch_Test"/>
        <method signature="Title_SectionPage_Test.TC16_verifyShareBookmark_FromSection(java.lang.String,java.lang.String,java.lang.String,java.lang.String,java.lang.String)[pri:5, instance:com.Digitalcodes.testcases.Title_SectionPage_Test@250b236d]" name="TC16_verifyShareBookmark_FromSection" class="com.Digitalcodes.testcases.Title_SectionPage_Test"/>
        <method signature="Title_SectionPage_Test.TC17_verifyEditBookmark_FromSection()[pri:0, instance:com.Digitalcodes.testcases.Title_SectionPage_Test@250b236d]" name="TC17_verifyEditBookmark_FromSection" class="com.Digitalcodes.testcases.Title_SectionPage_Test"/>
        <method signature="Title_SectionPage_Test.TC18_verifyDeleteBookmark_FromSection()[pri:0, instance:com.Digitalcodes.testcases.Title_SectionPage_Test@250b236d]" name="TC18_verifyDeleteBookmark_FromSection" class="com.Digitalcodes.testcases.Title_SectionPage_Test"/>
        <method signature="ContentSearch_Test.TC50_verifyShareEditDeleteBookmark(java.lang.String,java.lang.String)[pri:6, instance:com.Digitalcodes.testcases.ContentSearch_Test@432034a]" name="TC50_verifyShareEditDeleteBookmark" class="com.Digitalcodes.testcases.ContentSearch_Test"/>
        <method signature="Title_SectionPage_Test.TC19_verifyLinksOnChapter(java.lang.String,java.lang.String,java.lang.String,java.lang.String,java.lang.String)[pri:6, instance:com.Digitalcodes.testcases.Title_SectionPage_Test@250b236d]" name="TC19_verifyLinksOnChapter" class="com.Digitalcodes.testcases.Title_SectionPage_Test"/>
        <method signature="ContentSearch_Test.TC51_verifyAdvanceTermSearch(java.lang.String,java.lang.String,java.lang.String,java.lang.String)[pri:7, instance:com.Digitalcodes.testcases.ContentSearch_Test@432034a]" name="TC51_verifyAdvanceTermSearch" class="com.Digitalcodes.testcases.ContentSearch_Test"/>
        <method signature="ContentSearch_Test.TC52_verifyNearSearch(java.lang.String,java.lang.String)[pri:8, instance:com.Digitalcodes.testcases.ContentSearch_Test@432034a]" name="TC52_verifyNearSearch" class="com.Digitalcodes.testcases.ContentSearch_Test"/>
        <method signature="ContentSearch_Test.TC53_verifyShowRelevantTitles(java.lang.String,java.lang.String)[pri:9, instance:com.Digitalcodes.testcases.ContentSearch_Test@432034a]" name="TC53_verifyShowRelevantTitles" class="com.Digitalcodes.testcases.ContentSearch_Test"/>
        <method signature="ContentSearch_Test.TC54_verifySaveDeleteContentSerach(java.lang.String,java.lang.String)[pri:10, instance:com.Digitalcodes.testcases.ContentSearch_Test@432034a]" name="TC54_verifySaveDeleteContentSerach" class="com.Digitalcodes.testcases.ContentSearch_Test"/>
        <method signature="ContentSearch_Test.TC55_verifymarkFavorite_unFavoriteTitleformConetntSearch(java.lang.String,java.lang.String)[pri:11, instance:com.Digitalcodes.testcases.ContentSearch_Test@432034a]" name="TC55_verifymarkFavorite_unFavoriteTitleformConetntSearch" class="com.Digitalcodes.testcases.ContentSearch_Test"/>
        <method signature="ContentSearch_Test.TC56_verifyPaginationinContentSearch(java.lang.String,java.lang.String)[pri:12, instance:com.Digitalcodes.testcases.ContentSearch_Test@432034a]" name="TC56_verifyPaginationinContentSearch" class="com.Digitalcodes.testcases.ContentSearch_Test"/>
        <method signature="Login_Test.TC01_loginValidData(java.lang.String,java.lang.String,java.lang.String,java.lang.String,java.lang.String)[pri:1, instance:com.Digitalcodes.testcases.Login_Test@70e3f36f]" name="TC01_loginValidData" class="com.Digitalcodes.testcases.Login_Test"/>
        <method signature="Registration_Test.TC_Registeruser_ValidData()[pri:1, instance:com.Digitalcodes.testcases.Registration_Test@782168b7]" name="TC_Registeruser_ValidData" class="com.Digitalcodes.testcases.Registration_Test"/>
        <method signature="TableOfContent_Test.TC07_verifyMyNotes_FromTOC(java.lang.String,java.lang.String,java.lang.String,java.lang.String,java.lang.String)[pri:1, instance:com.Digitalcodes.testcases.TableOfContent_Test@2b8d084]" name="TC07_verifyMyNotes_FromTOC" class="com.Digitalcodes.testcases.TableOfContent_Test"/>
        <method signature="Title_LandingPage_Test.TC04_verifyTitleLandingPage(java.lang.String,java.lang.String,java.lang.String,java.lang.String,java.lang.String)[pri:1, instance:com.Digitalcodes.testcases.Title_LandingPage_Test@23e44287]" name="TC04_verifyTitleLandingPage" class="com.Digitalcodes.testcases.Title_LandingPage_Test"/>
        <method signature="Login_Test.TC02_verifyUserInformation()[pri:2, instance:com.Digitalcodes.testcases.Login_Test@70e3f36f]" name="TC02_verifyUserInformation" class="com.Digitalcodes.testcases.Login_Test"/>
        <method signature="Title_LandingPage_Test.TC05_verifyMarkFavoriteTitle(java.lang.String,java.lang.String,java.lang.String,java.lang.String,java.lang.String)[pri:2, instance:com.Digitalcodes.testcases.Title_LandingPage_Test@23e44287]" name="TC05_verifyMarkFavoriteTitle" class="com.Digitalcodes.testcases.Title_LandingPage_Test"/>
        <method signature="Title_Purchase_Test.TC_PurchaseTitle()[pri:2, instance:com.Digitalcodes.testcases.Title_Purchase_Test@49601f82]" name="TC_PurchaseTitle" class="com.Digitalcodes.testcases.Title_Purchase_Test"/>
      </group> <!-- Smoke -->
      <group name="Section">
        <method signature="Title_SectionPage_Test.TC09_verifyCreateNotes_atSection(java.lang.String,java.lang.String,java.lang.String,java.lang.String,java.lang.String)[pri:1, instance:com.Digitalcodes.testcases.Title_SectionPage_Test@250b236d]" name="TC09_verifyCreateNotes_atSection" class="com.Digitalcodes.testcases.Title_SectionPage_Test"/>
      </group> <!-- Section -->
    </groups>
    <test started-at="2023-08-30T17:39:19 IST" name="Regression for Premium user" finished-at="2023-08-30T17:39:38 IST" duration-ms="18518">
      <class name="com.Digitalcodes.testcases.PremiumTools_QuickAccess_Test">
        <test-method is-config="true" signature="beforeClass()[pri:0, instance:com.Digitalcodes.testcases.PremiumTools_QuickAccess_Test@60e5272]" started-at="2023-08-30T17:39:37 IST" name="beforeClass" finished-at="2023-08-30T17:39:37 IST" duration-ms="12" status="PASS">
          <reporter-output>
          </reporter-output>
        </test-method> <!-- beforeClass -->
        <test-method signature="TC37_verifyAccessSection_QuickAccess(java.lang.String,java.lang.String,java.lang.String,java.lang.Object,java.lang.String)[pri:1, instance:com.Digitalcodes.testcases.PremiumTools_QuickAccess_Test@60e5272]" started-at="2023-08-30T17:39:37 IST" name="TC37_verifyAccessSection_QuickAccess" description="Verify user able to Access section from Quick Access" data-provider="QuickAccessSection" finished-at="2023-08-30T17:39:37 IST" duration-ms="8" status="FAIL">
          <params>
            <param index="0">
              <value>
                <![CDATA[2021 IBC]]>
              </value>
            </param>
            <param index="1">
              <value>
                <![CDATA[2021 International Building Code (IBC)]]>
              </value>
            </param>
            <param index="2">
              <value>
                <![CDATA[Second Version: Sep 2021]]>
              </value>
            </param>
            <param index="3">
              <value>
                <![CDATA[201.]]>
              </value>
            </param>
            <param index="4">
              <value>
                <![CDATA[201.2 Interchangeability.]]>
              </value>
            </param>
          </params>
          <exception class="java.lang.NullPointerException">
            <message>
              <![CDATA[Cannot invoke "com.Digitalcodes.pageobject.Menu.navigateToPremiumToolFeaturs(String)" because "com.Digitalcodes.testcases.PremiumTools_QuickAccess_Test.menu" is null]]>
            </message>
            <full-stacktrace>
              <![CDATA[java.lang.NullPointerException: Cannot invoke "com.Digitalcodes.pageobject.Menu.navigateToPremiumToolFeaturs(String)" because "com.Digitalcodes.testcases.PremiumTools_QuickAccess_Test.menu" is null
at com.Digitalcodes.testcases.PremiumTools_QuickAccess_Test.TC37_verifyAccessSection_QuickAccess(PremiumTools_QuickAccess_Test.java:53)
at java.base/jdk.internal.reflect.NativeMethodAccessorImpl.invoke0(Native Method)
at java.base/jdk.internal.reflect.NativeMethodAccessorImpl.invoke(NativeMethodAccessorImpl.java:77)
at java.base/jdk.internal.reflect.DelegatingMethodAccessorImpl.invoke(DelegatingMethodAccessorImpl.java:43)
at java.base/java.lang.reflect.Method.invoke(Method.java:568)
at org.testng.internal.invokers.MethodInvocationHelper.invokeMethod(MethodInvocationHelper.java:139)
at org.testng.internal.invokers.TestInvoker.invokeMethod(TestInvoker.java:677)
at org.testng.internal.invokers.TestInvoker.invokeTestMethod(TestInvoker.java:221)
at org.testng.internal.invokers.MethodRunner.runInSequence(MethodRunner.java:50)
at org.testng.internal.invokers.TestInvoker$MethodInvocationAgent.invoke(TestInvoker.java:969)
at org.testng.internal.invokers.TestInvoker.invokeTestMethods(TestInvoker.java:194)
at org.testng.internal.invokers.TestMethodWorker.invokeTestMethods(TestMethodWorker.java:148)
at org.testng.internal.invokers.TestMethodWorker.run(TestMethodWorker.java:128)
at java.base/java.util.ArrayList.forEach(ArrayList.java:1511)
at org.testng.TestRunner.privateRun(TestRunner.java:829)
at org.testng.TestRunner.run(TestRunner.java:602)
at org.testng.SuiteRunner.runTest(SuiteRunner.java:437)
at org.testng.SuiteRunner.runSequentially(SuiteRunner.java:431)
at org.testng.SuiteRunner.privateRun(SuiteRunner.java:391)
at org.testng.SuiteRunner.run(SuiteRunner.java:330)
at org.testng.SuiteRunnerWorker.runSuite(SuiteRunnerWorker.java:52)
at org.testng.SuiteRunnerWorker.run(SuiteRunnerWorker.java:95)
at org.testng.TestNG.runSuitesSequentially(TestNG.java:1256)
at org.testng.TestNG.runSuitesLocally(TestNG.java:1176)
at org.testng.TestNG.runSuites(TestNG.java:1099)
at org.testng.TestNG.run(TestNG.java:1067)
at org.apache.maven.surefire.testng.TestNGExecutor.run(TestNGExecutor.java:281)
at org.apache.maven.surefire.testng.TestNGXmlTestSuite.execute(TestNGXmlTestSuite.java:75)
at org.apache.maven.surefire.testng.TestNGProvider.invoke(TestNGProvider.java:121)
at org.apache.maven.surefire.booter.ForkedBooter.invokeProviderInSameClassLoader(ForkedBooter.java:290)
at org.apache.maven.surefire.booter.ForkedBooter.runSuitesInProcess(ForkedBooter.java:242)
at org.apache.maven.surefire.booter.ForkedBooter.main(ForkedBooter.java:121)
]]>
            </full-stacktrace>
          </exception> <!-- java.lang.NullPointerException -->
          <reporter-output>
          </reporter-output>
        </test-method> <!-- TC37_verifyAccessSection_QuickAccess -->
        <test-method is-config="true" signature="log_result(org.testng.ITestResult)[pri:0, instance:com.Digitalcodes.testcases.PremiumTools_QuickAccess_Test@60e5272]" started-at="2023-08-30T17:39:37 IST" name="log_result" finished-at="2023-08-30T17:39:37 IST" duration-ms="19" status="PASS">
          <params>
            <param index="0">
              <value>
                <![CDATA[[TestResult name=TC37_verifyAccessSection_QuickAccess status=FAILURE method=PremiumTools_QuickAccess_Test.TC37_verifyAccessSection_QuickAccess(java.lang.String,java.lang.String,java.lang.String,java.lang.Object,java.lang.String)[pri:1, instance:com.Digitalcodes.testcases.PremiumTools_QuickAccess_Test@60e5272] output={null}]]]>
              </value>
            </param>
          </params>
          <reporter-output>
          </reporter-output>
        </test-method> <!-- log_result -->
        <test-method signature="TC38_verifyActionsOnSection_QuickAccess(java.lang.String,java.lang.String)[pri:2, instance:com.Digitalcodes.testcases.PremiumTools_QuickAccess_Test@60e5272]" started-at="2023-08-30T17:39:37 IST" name="TC38_verifyActionsOnSection_QuickAccess" description="Verify user able to Jump, Copy, Print, Share, Bookmark Section from Quick Access" data-provider="RecentlyAccessSection" finished-at="2023-08-30T17:39:37 IST" duration-ms="4" status="FAIL">
          <params>
            <param index="0">
              <value>
                <![CDATA[201.2 Interchangeability.]]>
              </value>
            </param>
            <param index="1">
              <value>
                <![CDATA[2021 International Building Code (IBC)]]>
              </value>
            </param>
          </params>
          <exception class="java.lang.NullPointerException">
            <message>
              <![CDATA[Cannot invoke "org.openqa.selenium.support.ui.WebDriverWait.until(java.util.function.Function)" because "com.Digitalcodes.utilities.Baseclass.wait" is null]]>
            </message>
            <full-stacktrace>
              <![CDATA[java.lang.NullPointerException: Cannot invoke "org.openqa.selenium.support.ui.WebDriverWait.until(java.util.function.Function)" because "com.Digitalcodes.utilities.Baseclass.wait" is null
at com.Digitalcodes.utilities.Baseclass.getText(Baseclass.java:265)
at com.Digitalcodes.pageobject.PremiumTools_QuickAccess_Page.getSectionName(PremiumTools_QuickAccess_Page.java:157)
at com.Digitalcodes.testcases.PremiumTools_QuickAccess_Test.TC38_verifyActionsOnSection_QuickAccess(PremiumTools_QuickAccess_Test.java:96)
at java.base/jdk.internal.reflect.NativeMethodAccessorImpl.invoke0(Native Method)
at java.base/jdk.internal.reflect.NativeMethodAccessorImpl.invoke(NativeMethodAccessorImpl.java:77)
at java.base/jdk.internal.reflect.DelegatingMethodAccessorImpl.invoke(DelegatingMethodAccessorImpl.java:43)
at java.base/java.lang.reflect.Method.invoke(Method.java:568)
at org.testng.internal.invokers.MethodInvocationHelper.invokeMethod(MethodInvocationHelper.java:139)
at org.testng.internal.invokers.TestInvoker.invokeMethod(TestInvoker.java:677)
at org.testng.internal.invokers.TestInvoker.invokeTestMethod(TestInvoker.java:221)
at org.testng.internal.invokers.MethodRunner.runInSequence(MethodRunner.java:50)
at org.testng.internal.invokers.TestInvoker$MethodInvocationAgent.invoke(TestInvoker.java:969)
at org.testng.internal.invokers.TestInvoker.invokeTestMethods(TestInvoker.java:194)
at org.testng.internal.invokers.TestMethodWorker.invokeTestMethods(TestMethodWorker.java:148)
at org.testng.internal.invokers.TestMethodWorker.run(TestMethodWorker.java:128)
at java.base/java.util.ArrayList.forEach(ArrayList.java:1511)
at org.testng.TestRunner.privateRun(TestRunner.java:829)
at org.testng.TestRunner.run(TestRunner.java:602)
at org.testng.SuiteRunner.runTest(SuiteRunner.java:437)
at org.testng.SuiteRunner.runSequentially(SuiteRunner.java:431)
at org.testng.SuiteRunner.privateRun(SuiteRunner.java:391)
at org.testng.SuiteRunner.run(SuiteRunner.java:330)
at org.testng.SuiteRunnerWorker.runSuite(SuiteRunnerWorker.java:52)
at org.testng.SuiteRunnerWorker.run(SuiteRunnerWorker.java:95)
at org.testng.TestNG.runSuitesSequentially(TestNG.java:1256)
at org.testng.TestNG.runSuitesLocally(TestNG.java:1176)
at org.testng.TestNG.runSuites(TestNG.java:1099)
at org.testng.TestNG.run(TestNG.java:1067)
at org.apache.maven.surefire.testng.TestNGExecutor.run(TestNGExecutor.java:281)
at org.apache.maven.surefire.testng.TestNGXmlTestSuite.execute(TestNGXmlTestSuite.java:75)
at org.apache.maven.surefire.testng.TestNGProvider.invoke(TestNGProvider.java:121)
at org.apache.maven.surefire.booter.ForkedBooter.invokeProviderInSameClassLoader(ForkedBooter.java:290)
at org.apache.maven.surefire.booter.ForkedBooter.runSuitesInProcess(ForkedBooter.java:242)
at org.apache.maven.surefire.booter.ForkedBooter.main(ForkedBooter.java:121)
]]>
            </full-stacktrace>
          </exception> <!-- java.lang.NullPointerException -->
          <reporter-output>
          </reporter-output>
        </test-method> <!-- TC38_verifyActionsOnSection_QuickAccess -->
        <test-method is-config="true" signature="log_result(org.testng.ITestResult)[pri:0, instance:com.Digitalcodes.testcases.PremiumTools_QuickAccess_Test@60e5272]" started-at="2023-08-30T17:39:37 IST" name="log_result" finished-at="2023-08-30T17:39:37 IST" duration-ms="24" status="PASS">
          <params>
            <param index="0">
              <value>
                <![CDATA[[TestResult name=TC38_verifyActionsOnSection_QuickAccess status=FAILURE method=PremiumTools_QuickAccess_Test.TC38_verifyActionsOnSection_QuickAccess(java.lang.String,java.lang.String)[pri:2, instance:com.Digitalcodes.testcases.PremiumTools_QuickAccess_Test@60e5272] output={null}]]]>
              </value>
            </param>
          </params>
          <reporter-output>
          </reporter-output>
        </test-method> <!-- log_result -->
        <test-method signature="TC39_verifyShare_Edit_DeleteBookmakr_QuickAccess(java.lang.String,java.lang.String)[pri:3, instance:com.Digitalcodes.testcases.PremiumTools_QuickAccess_Test@60e5272]" started-at="2023-08-30T17:39:37 IST" name="TC39_verifyShare_Edit_DeleteBookmakr_QuickAccess" description="Verify user able to Share, Edit, Delete Bookmark from Quick Access" data-provider="RecentlyAccessSection" finished-at="2023-08-30T17:39:37 IST" duration-ms="2" status="FAIL">
          <params>
            <param index="0">
              <value>
                <![CDATA[201.2 Interchangeability.]]>
              </value>
            </param>
            <param index="1">
              <value>
                <![CDATA[2021 International Building Code (IBC)]]>
              </value>
            </param>
          </params>
          <exception class="java.lang.NullPointerException">
            <message>
              <![CDATA[Cannot invoke "com.Digitalcodes.pageobject.Menu.navigateToPremiumToolFeaturs(String)" because "com.Digitalcodes.testcases.PremiumTools_QuickAccess_Test.menu" is null]]>
            </message>
            <full-stacktrace>
              <![CDATA[java.lang.NullPointerException: Cannot invoke "com.Digitalcodes.pageobject.Menu.navigateToPremiumToolFeaturs(String)" because "com.Digitalcodes.testcases.PremiumTools_QuickAccess_Test.menu" is null
at com.Digitalcodes.testcases.PremiumTools_QuickAccess_Test.TC39_verifyShare_Edit_DeleteBookmakr_QuickAccess(PremiumTools_QuickAccess_Test.java:153)
at java.base/jdk.internal.reflect.NativeMethodAccessorImpl.invoke0(Native Method)
at java.base/jdk.internal.reflect.NativeMethodAccessorImpl.invoke(NativeMethodAccessorImpl.java:77)
at java.base/jdk.internal.reflect.DelegatingMethodAccessorImpl.invoke(DelegatingMethodAccessorImpl.java:43)
at java.base/java.lang.reflect.Method.invoke(Method.java:568)
at org.testng.internal.invokers.MethodInvocationHelper.invokeMethod(MethodInvocationHelper.java:139)
at org.testng.internal.invokers.TestInvoker.invokeMethod(TestInvoker.java:677)
at org.testng.internal.invokers.TestInvoker.invokeTestMethod(TestInvoker.java:221)
at org.testng.internal.invokers.MethodRunner.runInSequence(MethodRunner.java:50)
at org.testng.internal.invokers.TestInvoker$MethodInvocationAgent.invoke(TestInvoker.java:969)
at org.testng.internal.invokers.TestInvoker.invokeTestMethods(TestInvoker.java:194)
at org.testng.internal.invokers.TestMethodWorker.invokeTestMethods(TestMethodWorker.java:148)
at org.testng.internal.invokers.TestMethodWorker.run(TestMethodWorker.java:128)
at java.base/java.util.ArrayList.forEach(ArrayList.java:1511)
at org.testng.TestRunner.privateRun(TestRunner.java:829)
at org.testng.TestRunner.run(TestRunner.java:602)
at org.testng.SuiteRunner.runTest(SuiteRunner.java:437)
at org.testng.SuiteRunner.runSequentially(SuiteRunner.java:431)
at org.testng.SuiteRunner.privateRun(SuiteRunner.java:391)
at org.testng.SuiteRunner.run(SuiteRunner.java:330)
at org.testng.SuiteRunnerWorker.runSuite(SuiteRunnerWorker.java:52)
at org.testng.SuiteRunnerWorker.run(SuiteRunnerWorker.java:95)
at org.testng.TestNG.runSuitesSequentially(TestNG.java:1256)
at org.testng.TestNG.runSuitesLocally(TestNG.java:1176)
at org.testng.TestNG.runSuites(TestNG.java:1099)
at org.testng.TestNG.run(TestNG.java:1067)
at org.apache.maven.surefire.testng.TestNGExecutor.run(TestNGExecutor.java:281)
at org.apache.maven.surefire.testng.TestNGXmlTestSuite.execute(TestNGXmlTestSuite.java:75)
at org.apache.maven.surefire.testng.TestNGProvider.invoke(TestNGProvider.java:121)
at org.apache.maven.surefire.booter.ForkedBooter.invokeProviderInSameClassLoader(ForkedBooter.java:290)
at org.apache.maven.surefire.booter.ForkedBooter.runSuitesInProcess(ForkedBooter.java:242)
at org.apache.maven.surefire.booter.ForkedBooter.main(ForkedBooter.java:121)
]]>
            </full-stacktrace>
          </exception> <!-- java.lang.NullPointerException -->
          <reporter-output>
          </reporter-output>
        </test-method> <!-- TC39_verifyShare_Edit_DeleteBookmakr_QuickAccess -->
        <test-method is-config="true" signature="log_result(org.testng.ITestResult)[pri:0, instance:com.Digitalcodes.testcases.PremiumTools_QuickAccess_Test@60e5272]" started-at="2023-08-30T17:39:37 IST" name="log_result" finished-at="2023-08-30T17:39:38 IST" duration-ms="82" status="PASS">
          <params>
            <param index="0">
              <value>
                <![CDATA[[TestResult name=TC39_verifyShare_Edit_DeleteBookmakr_QuickAccess status=FAILURE method=PremiumTools_QuickAccess_Test.TC39_verifyShare_Edit_DeleteBookmakr_QuickAccess(java.lang.String,java.lang.String)[pri:3, instance:com.Digitalcodes.testcases.PremiumTools_QuickAccess_Test@60e5272] output={null}]]]>
              </value>
            </param>
          </params>
          <reporter-output>
          </reporter-output>
        </test-method> <!-- log_result -->
        <test-method signature="TC40_verifyRecentlyQuickAccessedSections_QuickAccess(java.lang.String,java.lang.String)[pri:4, instance:com.Digitalcodes.testcases.PremiumTools_QuickAccess_Test@60e5272]" started-at="2023-08-30T17:39:38 IST" name="TC40_verifyRecentlyQuickAccessedSections_QuickAccess" description="Verify user able to view Recently Accessed Section at Quick Access" data-provider="RecentlyAccessSection" finished-at="2023-08-30T17:39:38 IST" duration-ms="7" status="FAIL">
          <params>
            <param index="0">
              <value>
                <![CDATA[201.2 Interchangeability.]]>
              </value>
            </param>
            <param index="1">
              <value>
                <![CDATA[2021 International Building Code (IBC)]]>
              </value>
            </param>
          </params>
          <exception class="java.lang.NullPointerException">
            <message>
              <![CDATA[Cannot invoke "com.Digitalcodes.pageobject.Menu.navigateToPremiumToolFeaturs(String)" because "com.Digitalcodes.testcases.PremiumTools_QuickAccess_Test.menu" is null]]>
            </message>
            <full-stacktrace>
              <![CDATA[java.lang.NullPointerException: Cannot invoke "com.Digitalcodes.pageobject.Menu.navigateToPremiumToolFeaturs(String)" because "com.Digitalcodes.testcases.PremiumTools_QuickAccess_Test.menu" is null
at com.Digitalcodes.testcases.PremiumTools_QuickAccess_Test.TC40_verifyRecentlyQuickAccessedSections_QuickAccess(PremiumTools_QuickAccess_Test.java:203)
at java.base/jdk.internal.reflect.NativeMethodAccessorImpl.invoke0(Native Method)
at java.base/jdk.internal.reflect.NativeMethodAccessorImpl.invoke(NativeMethodAccessorImpl.java:77)
at java.base/jdk.internal.reflect.DelegatingMethodAccessorImpl.invoke(DelegatingMethodAccessorImpl.java:43)
at java.base/java.lang.reflect.Method.invoke(Method.java:568)
at org.testng.internal.invokers.MethodInvocationHelper.invokeMethod(MethodInvocationHelper.java:139)
at org.testng.internal.invokers.TestInvoker.invokeMethod(TestInvoker.java:677)
at org.testng.internal.invokers.TestInvoker.invokeTestMethod(TestInvoker.java:221)
at org.testng.internal.invokers.MethodRunner.runInSequence(MethodRunner.java:50)
at org.testng.internal.invokers.TestInvoker$MethodInvocationAgent.invoke(TestInvoker.java:969)
at org.testng.internal.invokers.TestInvoker.invokeTestMethods(TestInvoker.java:194)
at org.testng.internal.invokers.TestMethodWorker.invokeTestMethods(TestMethodWorker.java:148)
at org.testng.internal.invokers.TestMethodWorker.run(TestMethodWorker.java:128)
at java.base/java.util.ArrayList.forEach(ArrayList.java:1511)
at org.testng.TestRunner.privateRun(TestRunner.java:829)
at org.testng.TestRunner.run(TestRunner.java:602)
at org.testng.SuiteRunner.runTest(SuiteRunner.java:437)
at org.testng.SuiteRunner.runSequentially(SuiteRunner.java:431)
at org.testng.SuiteRunner.privateRun(SuiteRunner.java:391)
at org.testng.SuiteRunner.run(SuiteRunner.java:330)
at org.testng.SuiteRunnerWorker.runSuite(SuiteRunnerWorker.java:52)
at org.testng.SuiteRunnerWorker.run(SuiteRunnerWorker.java:95)
at org.testng.TestNG.runSuitesSequentially(TestNG.java:1256)
at org.testng.TestNG.runSuitesLocally(TestNG.java:1176)
at org.testng.TestNG.runSuites(TestNG.java:1099)
at org.testng.TestNG.run(TestNG.java:1067)
at org.apache.maven.surefire.testng.TestNGExecutor.run(TestNGExecutor.java:281)
at org.apache.maven.surefire.testng.TestNGXmlTestSuite.execute(TestNGXmlTestSuite.java:75)
at org.apache.maven.surefire.testng.TestNGProvider.invoke(TestNGProvider.java:121)
at org.apache.maven.surefire.booter.ForkedBooter.invokeProviderInSameClassLoader(ForkedBooter.java:290)
at org.apache.maven.surefire.booter.ForkedBooter.runSuitesInProcess(ForkedBooter.java:242)
at org.apache.maven.surefire.booter.ForkedBooter.main(ForkedBooter.java:121)
]]>
            </full-stacktrace>
          </exception> <!-- java.lang.NullPointerException -->
          <reporter-output>
          </reporter-output>
        </test-method> <!-- TC40_verifyRecentlyQuickAccessedSections_QuickAccess -->
        <test-method is-config="true" signature="log_result(org.testng.ITestResult)[pri:0, instance:com.Digitalcodes.testcases.PremiumTools_QuickAccess_Test@60e5272]" started-at="2023-08-30T17:39:38 IST" name="log_result" finished-at="2023-08-30T17:39:38 IST" duration-ms="26" status="PASS">
          <params>
            <param index="0">
              <value>
                <![CDATA[[TestResult name=TC40_verifyRecentlyQuickAccessedSections_QuickAccess status=FAILURE method=PremiumTools_QuickAccess_Test.TC40_verifyRecentlyQuickAccessedSections_QuickAccess(java.lang.String,java.lang.String)[pri:4, instance:com.Digitalcodes.testcases.PremiumTools_QuickAccess_Test@60e5272] output={null}]]]>
              </value>
            </param>
          </params>
          <reporter-output>
          </reporter-output>
        </test-method> <!-- log_result -->
      </class> <!-- com.Digitalcodes.testcases.PremiumTools_QuickAccess_Test -->
      <class name="com.Digitalcodes.testcases.Registration_Test">
        <test-method is-config="true" signature="beforeSuite(java.lang.String,java.lang.String)[pri:0, instance:com.Digitalcodes.testcases.Registration_Test@782168b7]" started-at="2023-08-30T17:39:16 IST" name="beforeSuite" finished-at="2023-08-30T17:39:19 IST" duration-ms="2606" status="PASS">
          <params>
            <param index="0">
              <value>
                <![CDATA[Regression]]>
              </value>
            </param>
            <param index="1">
              <value>
                <![CDATA[Stage]]>
              </value>
            </param>
          </params>
          <reporter-output>
          </reporter-output>
        </test-method> <!-- beforeSuite -->
        <test-method is-config="true" signature="beforeTest(java.lang.String,java.lang.String,java.lang.String)[pri:0, instance:com.Digitalcodes.testcases.Registration_Test@782168b7]" started-at="2023-08-30T17:39:19 IST" name="beforeTest" finished-at="2023-08-30T17:39:26 IST" duration-ms="7047" status="PASS">
          <params>
            <param index="0">
              <value>
                <![CDATA[chrome]]>
              </value>
            </param>
            <param index="1">
              <value>
                <![CDATA[PREMIUM]]>
              </value>
            </param>
            <param index="2">
              <value>
                <![CDATA[New]]>
              </value>
            </param>
          </params>
          <reporter-output>
          </reporter-output>
        </test-method> <!-- beforeTest -->
        <test-method is-config="true" signature="beforeClass()[pri:0, instance:com.Digitalcodes.testcases.Registration_Test@782168b7]" started-at="2023-08-30T17:39:26 IST" name="beforeClass" finished-at="2023-08-30T17:39:26 IST" duration-ms="1" status="PASS">
          <reporter-output>
          </reporter-output>
        </test-method> <!-- beforeClass -->
        <test-method is-config="true" signature="beforeclass()[pri:0, instance:com.Digitalcodes.testcases.Registration_Test@782168b7]" started-at="2023-08-30T17:39:26 IST" name="beforeclass" finished-at="2023-08-30T17:39:27 IST" duration-ms="82" status="PASS">
          <reporter-output>
          </reporter-output>
        </test-method> <!-- beforeclass -->
        <test-method signature="TC_Registeruser_ValidData()[pri:1, instance:com.Digitalcodes.testcases.Registration_Test@782168b7]" started-at="2023-08-30T17:39:27 IST" name="TC_Registeruser_ValidData" description="Verfiy user able to Register with valid Data" finished-at="2023-08-30T17:39:27 IST" duration-ms="37" status="FAIL">
          <exception class="java.lang.NullPointerException">
            <message>
              <![CDATA[Cannot invoke "org.openqa.selenium.WebDriver.getWindowHandle()" because "com.Digitalcodes.utilities.Baseclass.driver" is null]]>
            </message>
            <full-stacktrace>
              <![CDATA[java.lang.NullPointerException: Cannot invoke "org.openqa.selenium.WebDriver.getWindowHandle()" because "com.Digitalcodes.utilities.Baseclass.driver" is null
at com.Digitalcodes.utilities.Baseclass.getParentWindow(Baseclass.java:192)
at com.Digitalcodes.testcases.Registration_Test.TC_Registeruser_ValidData(Registration_Test.java:42)
at java.base/jdk.internal.reflect.NativeMethodAccessorImpl.invoke0(Native Method)
at java.base/jdk.internal.reflect.NativeMethodAccessorImpl.invoke(NativeMethodAccessorImpl.java:77)
at java.base/jdk.internal.reflect.DelegatingMethodAccessorImpl.invoke(DelegatingMethodAccessorImpl.java:43)
at java.base/java.lang.reflect.Method.invoke(Method.java:568)
at org.testng.internal.invokers.MethodInvocationHelper.invokeMethod(MethodInvocationHelper.java:139)
at org.testng.internal.invokers.TestInvoker.invokeMethod(TestInvoker.java:677)
at org.testng.internal.invokers.TestInvoker.invokeTestMethod(TestInvoker.java:221)
at org.testng.internal.invokers.MethodRunner.runInSequence(MethodRunner.java:50)
at org.testng.internal.invokers.TestInvoker$MethodInvocationAgent.invoke(TestInvoker.java:969)
at org.testng.internal.invokers.TestInvoker.invokeTestMethods(TestInvoker.java:194)
at org.testng.internal.invokers.TestMethodWorker.invokeTestMethods(TestMethodWorker.java:148)
at org.testng.internal.invokers.TestMethodWorker.run(TestMethodWorker.java:128)
at java.base/java.util.ArrayList.forEach(ArrayList.java:1511)
at org.testng.TestRunner.privateRun(TestRunner.java:829)
at org.testng.TestRunner.run(TestRunner.java:602)
at org.testng.SuiteRunner.runTest(SuiteRunner.java:437)
at org.testng.SuiteRunner.runSequentially(SuiteRunner.java:431)
at org.testng.SuiteRunner.privateRun(SuiteRunner.java:391)
at org.testng.SuiteRunner.run(SuiteRunner.java:330)
at org.testng.SuiteRunnerWorker.runSuite(SuiteRunnerWorker.java:52)
at org.testng.SuiteRunnerWorker.run(SuiteRunnerWorker.java:95)
at org.testng.TestNG.runSuitesSequentially(TestNG.java:1256)
at org.testng.TestNG.runSuitesLocally(TestNG.java:1176)
at org.testng.TestNG.runSuites(TestNG.java:1099)
at org.testng.TestNG.run(TestNG.java:1067)
at org.apache.maven.surefire.testng.TestNGExecutor.run(TestNGExecutor.java:281)
at org.apache.maven.surefire.testng.TestNGXmlTestSuite.execute(TestNGXmlTestSuite.java:75)
at org.apache.maven.surefire.testng.TestNGProvider.invoke(TestNGProvider.java:121)
at org.apache.maven.surefire.booter.ForkedBooter.invokeProviderInSameClassLoader(ForkedBooter.java:290)
at org.apache.maven.surefire.booter.ForkedBooter.runSuitesInProcess(ForkedBooter.java:242)
at org.apache.maven.surefire.booter.ForkedBooter.main(ForkedBooter.java:121)
]]>
            </full-stacktrace>
          </exception> <!-- java.lang.NullPointerException -->
          <reporter-output>
          </reporter-output>
        </test-method> <!-- TC_Registeruser_ValidData -->
        <test-method is-config="true" signature="log_result(org.testng.ITestResult)[pri:0, instance:com.Digitalcodes.testcases.Registration_Test@782168b7]" started-at="2023-08-30T17:39:27 IST" name="log_result" finished-at="2023-08-30T17:39:28 IST" duration-ms="965" status="PASS">
          <params>
            <param index="0">
              <value>
                <![CDATA[[TestResult name=TC_Registeruser_ValidData status=FAILURE method=Registration_Test.TC_Registeruser_ValidData()[pri:1, instance:com.Digitalcodes.testcases.Registration_Test@782168b7] output={null}]]]>
              </value>
            </param>
          </params>
          <reporter-output>
          </reporter-output>
        </test-method> <!-- log_result -->
        <test-method is-config="true" signature="afterTest()[pri:0, instance:com.Digitalcodes.testcases.Registration_Test@782168b7]" started-at="2023-08-30T17:39:38 IST" name="afterTest" finished-at="2023-08-30T17:39:38 IST" duration-ms="0" status="PASS">
          <reporter-output>
          </reporter-output>
        </test-method> <!-- afterTest -->
        <test-method is-config="true" signature="afterSuite()[pri:0, instance:com.Digitalcodes.testcases.Registration_Test@782168b7]" started-at="2023-08-30T17:39:39 IST" name="afterSuite" finished-at="2023-08-30T17:39:39 IST" duration-ms="1" status="PASS">
          <reporter-output>
          </reporter-output>
        </test-method> <!-- afterSuite -->
      </class> <!-- com.Digitalcodes.testcases.Registration_Test -->
      <class name="com.Digitalcodes.testcases.Title_Basic_Test">
        <test-method is-config="true" signature="beforeClass()[pri:0, instance:com.Digitalcodes.testcases.Title_Basic_Test@7551da2a]" started-at="2023-08-30T17:39:35 IST" name="beforeClass" finished-at="2023-08-30T17:39:35 IST" duration-ms="2" status="PASS">
          <reporter-output>
          </reporter-output>
        </test-method> <!-- beforeClass -->
        <test-method is-config="true" signature="beforeclass()[pri:0, instance:com.Digitalcodes.testcases.Title_Basic_Test@7551da2a]" started-at="2023-08-30T17:39:35 IST" name="beforeclass" finished-at="2023-08-30T17:39:35 IST" duration-ms="3" status="PASS">
          <reporter-output>
          </reporter-output>
        </test-method> <!-- beforeclass -->
        <test-method signature="TC33_verifyNgviateToBasicTitle(java.lang.String,java.lang.String,java.lang.String)[pri:1, instance:com.Digitalcodes.testcases.Title_Basic_Test@7551da2a]" started-at="2023-08-30T17:39:35 IST" name="TC33_verifyNgviateToBasicTitle" description="Verify user able to navigate to Non-accsiable title " data-provider="Non Accessaible Titles" finished-at="2023-08-30T17:39:35 IST" duration-ms="3" status="FAIL">
          <params>
            <param index="0">
              <value>
                <![CDATA[Publisher]]>
              </value>
            </param>
            <param index="1">
              <value>
                <![CDATA[Wiley]]>
              </value>
            </param>
            <param index="2">
              <value>
                <![CDATA[2021 Building Codes Illustrated, 7th Edition]]>
              </value>
            </param>
          </params>
          <exception class="java.lang.NullPointerException">
            <message>
              <![CDATA[Cannot invoke "com.Digitalcodes.testcases.CommanSteps.navigetToTitle(String, String, String)" because "com.Digitalcodes.testcases.Title_Basic_Test.commanstep" is null]]>
            </message>
            <full-stacktrace>
              <![CDATA[java.lang.NullPointerException: Cannot invoke "com.Digitalcodes.testcases.CommanSteps.navigetToTitle(String, String, String)" because "com.Digitalcodes.testcases.Title_Basic_Test.commanstep" is null
at com.Digitalcodes.testcases.Title_Basic_Test.TC33_verifyNgviateToBasicTitle(Title_Basic_Test.java:31)
at java.base/jdk.internal.reflect.NativeMethodAccessorImpl.invoke0(Native Method)
at java.base/jdk.internal.reflect.NativeMethodAccessorImpl.invoke(NativeMethodAccessorImpl.java:77)
at java.base/jdk.internal.reflect.DelegatingMethodAccessorImpl.invoke(DelegatingMethodAccessorImpl.java:43)
at java.base/java.lang.reflect.Method.invoke(Method.java:568)
at org.testng.internal.invokers.MethodInvocationHelper.invokeMethod(MethodInvocationHelper.java:139)
at org.testng.internal.invokers.TestInvoker.invokeMethod(TestInvoker.java:677)
at org.testng.internal.invokers.TestInvoker.invokeTestMethod(TestInvoker.java:221)
at org.testng.internal.invokers.MethodRunner.runInSequence(MethodRunner.java:50)
at org.testng.internal.invokers.TestInvoker$MethodInvocationAgent.invoke(TestInvoker.java:969)
at org.testng.internal.invokers.TestInvoker.invokeTestMethods(TestInvoker.java:194)
at org.testng.internal.invokers.TestMethodWorker.invokeTestMethods(TestMethodWorker.java:148)
at org.testng.internal.invokers.TestMethodWorker.run(TestMethodWorker.java:128)
at java.base/java.util.ArrayList.forEach(ArrayList.java:1511)
at org.testng.TestRunner.privateRun(TestRunner.java:829)
at org.testng.TestRunner.run(TestRunner.java:602)
at org.testng.SuiteRunner.runTest(SuiteRunner.java:437)
at org.testng.SuiteRunner.runSequentially(SuiteRunner.java:431)
at org.testng.SuiteRunner.privateRun(SuiteRunner.java:391)
at org.testng.SuiteRunner.run(SuiteRunner.java:330)
at org.testng.SuiteRunnerWorker.runSuite(SuiteRunnerWorker.java:52)
at org.testng.SuiteRunnerWorker.run(SuiteRunnerWorker.java:95)
at org.testng.TestNG.runSuitesSequentially(TestNG.java:1256)
at org.testng.TestNG.runSuitesLocally(TestNG.java:1176)
at org.testng.TestNG.runSuites(TestNG.java:1099)
at org.testng.TestNG.run(TestNG.java:1067)
at org.apache.maven.surefire.testng.TestNGExecutor.run(TestNGExecutor.java:281)
at org.apache.maven.surefire.testng.TestNGXmlTestSuite.execute(TestNGXmlTestSuite.java:75)
at org.apache.maven.surefire.testng.TestNGProvider.invoke(TestNGProvider.java:121)
at org.apache.maven.surefire.booter.ForkedBooter.invokeProviderInSameClassLoader(ForkedBooter.java:290)
at org.apache.maven.surefire.booter.ForkedBooter.runSuitesInProcess(ForkedBooter.java:242)
at org.apache.maven.surefire.booter.ForkedBooter.main(ForkedBooter.java:121)
]]>
            </full-stacktrace>
          </exception> <!-- java.lang.NullPointerException -->
          <reporter-output>
          </reporter-output>
        </test-method> <!-- TC33_verifyNgviateToBasicTitle -->
        <test-method is-config="true" signature="log_result(org.testng.ITestResult)[pri:0, instance:com.Digitalcodes.testcases.Title_Basic_Test@7551da2a]" started-at="2023-08-30T17:39:36 IST" name="log_result" finished-at="2023-08-30T17:39:36 IST" duration-ms="45" status="PASS">
          <params>
            <param index="0">
              <value>
                <![CDATA[[TestResult name=TC33_verifyNgviateToBasicTitle status=FAILURE method=Title_Basic_Test.TC33_verifyNgviateToBasicTitle(java.lang.String,java.lang.String,java.lang.String)[pri:1, instance:com.Digitalcodes.testcases.Title_Basic_Test@7551da2a] output={null}]]]>
              </value>
            </param>
          </params>
          <reporter-output>
          </reporter-output>
        </test-method> <!-- log_result -->
        <test-method signature="TC33_verifyNgviateToBasicTitle(java.lang.String,java.lang.String,java.lang.String)[pri:1, instance:com.Digitalcodes.testcases.Title_Basic_Test@7551da2a]" started-at="2023-08-30T17:39:36 IST" name="TC33_verifyNgviateToBasicTitle" description="Verify user able to navigate to Non-accsiable title " data-provider="Non Accessaible Titles" finished-at="2023-08-30T17:39:36 IST" duration-ms="2" status="FAIL">
          <params>
            <param index="0">
              <value>
                <![CDATA[Publisher]]>
              </value>
            </param>
            <param index="1">
              <value>
                <![CDATA[American Institute of Steel Construction (AISC)]]>
              </value>
            </param>
            <param index="2">
              <value>
                <![CDATA[2018 M327-18BW Seismic Design Manual 3rd Edition]]>
              </value>
            </param>
          </params>
          <exception class="java.lang.NullPointerException">
            <message>
              <![CDATA[Cannot invoke "com.Digitalcodes.testcases.CommanSteps.navigetToTitle(String, String, String)" because "com.Digitalcodes.testcases.Title_Basic_Test.commanstep" is null]]>
            </message>
            <full-stacktrace>
              <![CDATA[java.lang.NullPointerException: Cannot invoke "com.Digitalcodes.testcases.CommanSteps.navigetToTitle(String, String, String)" because "com.Digitalcodes.testcases.Title_Basic_Test.commanstep" is null
at com.Digitalcodes.testcases.Title_Basic_Test.TC33_verifyNgviateToBasicTitle(Title_Basic_Test.java:31)
at java.base/jdk.internal.reflect.NativeMethodAccessorImpl.invoke0(Native Method)
at java.base/jdk.internal.reflect.NativeMethodAccessorImpl.invoke(NativeMethodAccessorImpl.java:77)
at java.base/jdk.internal.reflect.DelegatingMethodAccessorImpl.invoke(DelegatingMethodAccessorImpl.java:43)
at java.base/java.lang.reflect.Method.invoke(Method.java:568)
at org.testng.internal.invokers.MethodInvocationHelper.invokeMethod(MethodInvocationHelper.java:139)
at org.testng.internal.invokers.TestInvoker.invokeMethod(TestInvoker.java:677)
at org.testng.internal.invokers.TestInvoker.invokeTestMethod(TestInvoker.java:221)
at org.testng.internal.invokers.MethodRunner.runInSequence(MethodRunner.java:50)
at org.testng.internal.invokers.TestInvoker$MethodInvocationAgent.invoke(TestInvoker.java:969)
at org.testng.internal.invokers.TestInvoker.invokeTestMethods(TestInvoker.java:194)
at org.testng.internal.invokers.TestMethodWorker.invokeTestMethods(TestMethodWorker.java:148)
at org.testng.internal.invokers.TestMethodWorker.run(TestMethodWorker.java:128)
at java.base/java.util.ArrayList.forEach(ArrayList.java:1511)
at org.testng.TestRunner.privateRun(TestRunner.java:829)
at org.testng.TestRunner.run(TestRunner.java:602)
at org.testng.SuiteRunner.runTest(SuiteRunner.java:437)
at org.testng.SuiteRunner.runSequentially(SuiteRunner.java:431)
at org.testng.SuiteRunner.privateRun(SuiteRunner.java:391)
at org.testng.SuiteRunner.run(SuiteRunner.java:330)
at org.testng.SuiteRunnerWorker.runSuite(SuiteRunnerWorker.java:52)
at org.testng.SuiteRunnerWorker.run(SuiteRunnerWorker.java:95)
at org.testng.TestNG.runSuitesSequentially(TestNG.java:1256)
at org.testng.TestNG.runSuitesLocally(TestNG.java:1176)
at org.testng.TestNG.runSuites(TestNG.java:1099)
at org.testng.TestNG.run(TestNG.java:1067)
at org.apache.maven.surefire.testng.TestNGExecutor.run(TestNGExecutor.java:281)
at org.apache.maven.surefire.testng.TestNGXmlTestSuite.execute(TestNGXmlTestSuite.java:75)
at org.apache.maven.surefire.testng.TestNGProvider.invoke(TestNGProvider.java:121)
at org.apache.maven.surefire.booter.ForkedBooter.invokeProviderInSameClassLoader(ForkedBooter.java:290)
at org.apache.maven.surefire.booter.ForkedBooter.runSuitesInProcess(ForkedBooter.java:242)
at org.apache.maven.surefire.booter.ForkedBooter.main(ForkedBooter.java:121)
]]>
            </full-stacktrace>
          </exception> <!-- java.lang.NullPointerException -->
          <reporter-output>
          </reporter-output>
        </test-method> <!-- TC33_verifyNgviateToBasicTitle -->
        <test-method is-config="true" signature="log_result(org.testng.ITestResult)[pri:0, instance:com.Digitalcodes.testcases.Title_Basic_Test@7551da2a]" started-at="2023-08-30T17:39:36 IST" name="log_result" finished-at="2023-08-30T17:39:36 IST" duration-ms="39" status="PASS">
          <params>
            <param index="0">
              <value>
                <![CDATA[[TestResult name=TC33_verifyNgviateToBasicTitle status=FAILURE method=Title_Basic_Test.TC33_verifyNgviateToBasicTitle(java.lang.String,java.lang.String,java.lang.String)[pri:1, instance:com.Digitalcodes.testcases.Title_Basic_Test@7551da2a] output={null}]]]>
              </value>
            </param>
          </params>
          <reporter-output>
          </reporter-output>
        </test-method> <!-- log_result -->
        <test-method signature="TC33_verifyNgviateToBasicTitle(java.lang.String,java.lang.String,java.lang.String)[pri:1, instance:com.Digitalcodes.testcases.Title_Basic_Test@7551da2a]" started-at="2023-08-30T17:39:36 IST" name="TC33_verifyNgviateToBasicTitle" description="Verify user able to navigate to Non-accsiable title " data-provider="Non Accessaible Titles" finished-at="2023-08-30T17:39:36 IST" duration-ms="2" status="FAIL">
          <params>
            <param index="0">
              <value>
                <![CDATA[Resources]]>
              </value>
            </param>
            <param index="1">
              <value>
                <![CDATA[CodeMaster]]>
              </value>
            </param>
            <param index="2">
              <value>
                <![CDATA[2021 Allowable Stress Design for Masonry (2021 IBC and TMS 402-16)]]>
              </value>
            </param>
          </params>
          <exception class="java.lang.NullPointerException">
            <message>
              <![CDATA[Cannot invoke "com.Digitalcodes.testcases.CommanSteps.navigetToTitle(String, String, String)" because "com.Digitalcodes.testcases.Title_Basic_Test.commanstep" is null]]>
            </message>
            <full-stacktrace>
              <![CDATA[java.lang.NullPointerException: Cannot invoke "com.Digitalcodes.testcases.CommanSteps.navigetToTitle(String, String, String)" because "com.Digitalcodes.testcases.Title_Basic_Test.commanstep" is null
at com.Digitalcodes.testcases.Title_Basic_Test.TC33_verifyNgviateToBasicTitle(Title_Basic_Test.java:31)
at java.base/jdk.internal.reflect.NativeMethodAccessorImpl.invoke0(Native Method)
at java.base/jdk.internal.reflect.NativeMethodAccessorImpl.invoke(NativeMethodAccessorImpl.java:77)
at java.base/jdk.internal.reflect.DelegatingMethodAccessorImpl.invoke(DelegatingMethodAccessorImpl.java:43)
at java.base/java.lang.reflect.Method.invoke(Method.java:568)
at org.testng.internal.invokers.MethodInvocationHelper.invokeMethod(MethodInvocationHelper.java:139)
at org.testng.internal.invokers.TestInvoker.invokeMethod(TestInvoker.java:677)
at org.testng.internal.invokers.TestInvoker.invokeTestMethod(TestInvoker.java:221)
at org.testng.internal.invokers.MethodRunner.runInSequence(MethodRunner.java:50)
at org.testng.internal.invokers.TestInvoker$MethodInvocationAgent.invoke(TestInvoker.java:969)
at org.testng.internal.invokers.TestInvoker.invokeTestMethods(TestInvoker.java:194)
at org.testng.internal.invokers.TestMethodWorker.invokeTestMethods(TestMethodWorker.java:148)
at org.testng.internal.invokers.TestMethodWorker.run(TestMethodWorker.java:128)
at java.base/java.util.ArrayList.forEach(ArrayList.java:1511)
at org.testng.TestRunner.privateRun(TestRunner.java:829)
at org.testng.TestRunner.run(TestRunner.java:602)
at org.testng.SuiteRunner.runTest(SuiteRunner.java:437)
at org.testng.SuiteRunner.runSequentially(SuiteRunner.java:431)
at org.testng.SuiteRunner.privateRun(SuiteRunner.java:391)
at org.testng.SuiteRunner.run(SuiteRunner.java:330)
at org.testng.SuiteRunnerWorker.runSuite(SuiteRunnerWorker.java:52)
at org.testng.SuiteRunnerWorker.run(SuiteRunnerWorker.java:95)
at org.testng.TestNG.runSuitesSequentially(TestNG.java:1256)
at org.testng.TestNG.runSuitesLocally(TestNG.java:1176)
at org.testng.TestNG.runSuites(TestNG.java:1099)
at org.testng.TestNG.run(TestNG.java:1067)
at org.apache.maven.surefire.testng.TestNGExecutor.run(TestNGExecutor.java:281)
at org.apache.maven.surefire.testng.TestNGXmlTestSuite.execute(TestNGXmlTestSuite.java:75)
at org.apache.maven.surefire.testng.TestNGProvider.invoke(TestNGProvider.java:121)
at org.apache.maven.surefire.booter.ForkedBooter.invokeProviderInSameClassLoader(ForkedBooter.java:290)
at org.apache.maven.surefire.booter.ForkedBooter.runSuitesInProcess(ForkedBooter.java:242)
at org.apache.maven.surefire.booter.ForkedBooter.main(ForkedBooter.java:121)
]]>
            </full-stacktrace>
          </exception> <!-- java.lang.NullPointerException -->
          <reporter-output>
          </reporter-output>
        </test-method> <!-- TC33_verifyNgviateToBasicTitle -->
        <test-method is-config="true" signature="log_result(org.testng.ITestResult)[pri:0, instance:com.Digitalcodes.testcases.Title_Basic_Test@7551da2a]" started-at="2023-08-30T17:39:36 IST" name="log_result" finished-at="2023-08-30T17:39:36 IST" duration-ms="24" status="PASS">
          <params>
            <param index="0">
              <value>
                <![CDATA[[TestResult name=TC33_verifyNgviateToBasicTitle status=FAILURE method=Title_Basic_Test.TC33_verifyNgviateToBasicTitle(java.lang.String,java.lang.String,java.lang.String)[pri:1, instance:com.Digitalcodes.testcases.Title_Basic_Test@7551da2a] output={null}]]]>
              </value>
            </param>
          </params>
          <reporter-output>
          </reporter-output>
        </test-method> <!-- log_result -->
      </class> <!-- com.Digitalcodes.testcases.Title_Basic_Test -->
      <class name="com.Digitalcodes.testcases.Title_LandingPage_Test">
        <test-method is-config="true" signature="beforeClass()[pri:0, instance:com.Digitalcodes.testcases.Title_LandingPage_Test@23e44287]" started-at="2023-08-30T17:39:32 IST" name="beforeClass" finished-at="2023-08-30T17:39:32 IST" duration-ms="18" status="PASS">
          <reporter-output>
          </reporter-output>
        </test-method> <!-- beforeClass -->
        <test-method signature="TC04_verifyTitleLandingPage(java.lang.String,java.lang.String,java.lang.String,java.lang.String,java.lang.String)[pri:1, instance:com.Digitalcodes.testcases.Title_LandingPage_Test@23e44287]" started-at="2023-08-30T17:39:32 IST" name="TC04_verifyTitleLandingPage" description="Verify User able to Navigate to Title Landing page and verify Tag" data-provider="Premium Complete Titles" finished-at="2023-08-30T17:39:32 IST" duration-ms="0" status="FAIL">
          <exception class="java.lang.RuntimeException">
            <message>
              <![CDATA[java.lang.NullPointerException: Cannot invoke "String.equalsIgnoreCase(String)" because "com.Digitalcodes.utilities.DataProviders.USER" is null]]>
            </message>
            <full-stacktrace>
              <![CDATA[java.lang.RuntimeException: java.lang.NullPointerException: Cannot invoke "String.equalsIgnoreCase(String)" because "com.Digitalcodes.utilities.DataProviders.USER" is null
at org.testng.internal.invokers.MethodInvocationHelper.invokeMethodNoCheckedException(MethodInvocationHelper.java:57)
at org.testng.internal.invokers.MethodInvocationHelper.invokeDataProvider(MethodInvocationHelper.java:157)
at org.testng.internal.Parameters.handleParameters(Parameters.java:803)
at org.testng.internal.Parameters.handleParameters(Parameters.java:728)
at org.testng.internal.invokers.ParameterHandler.handleParameters(ParameterHandler.java:72)
at org.testng.internal.invokers.ParameterHandler.createParameters(ParameterHandler.java:51)
at org.testng.internal.invokers.TestInvoker$MethodInvocationAgent.invoke(TestInvoker.java:924)
at org.testng.internal.invokers.TestInvoker.invokeTestMethods(TestInvoker.java:194)
at org.testng.internal.invokers.TestMethodWorker.invokeTestMethods(TestMethodWorker.java:148)
at org.testng.internal.invokers.TestMethodWorker.run(TestMethodWorker.java:128)
at java.base/java.util.ArrayList.forEach(ArrayList.java:1511)
at org.testng.TestRunner.privateRun(TestRunner.java:829)
at org.testng.TestRunner.run(TestRunner.java:602)
at org.testng.SuiteRunner.runTest(SuiteRunner.java:437)
at org.testng.SuiteRunner.runSequentially(SuiteRunner.java:431)
at org.testng.SuiteRunner.privateRun(SuiteRunner.java:391)
at org.testng.SuiteRunner.run(SuiteRunner.java:330)
at org.testng.SuiteRunnerWorker.runSuite(SuiteRunnerWorker.java:52)
at org.testng.SuiteRunnerWorker.run(SuiteRunnerWorker.java:95)
at org.testng.TestNG.runSuitesSequentially(TestNG.java:1256)
at org.testng.TestNG.runSuitesLocally(TestNG.java:1176)
at org.testng.TestNG.runSuites(TestNG.java:1099)
at org.testng.TestNG.run(TestNG.java:1067)
at org.apache.maven.surefire.testng.TestNGExecutor.run(TestNGExecutor.java:281)
at org.apache.maven.surefire.testng.TestNGXmlTestSuite.execute(TestNGXmlTestSuite.java:75)
at org.apache.maven.surefire.testng.TestNGProvider.invoke(TestNGProvider.java:121)
at org.apache.maven.surefire.booter.ForkedBooter.invokeProviderInSameClassLoader(ForkedBooter.java:290)
at org.apache.maven.surefire.booter.ForkedBooter.runSuitesInProcess(ForkedBooter.java:242)
at org.apache.maven.surefire.booter.ForkedBooter.main(ForkedBooter.java:121)
Caused by: java.lang.NullPointerException: Cannot invoke "String.equalsIgnoreCase(String)" because "com.Digitalcodes.utilities.DataProviders.USER" is null
at com.Digitalcodes.utilities.DataProviders.getAllTitles(DataProviders.java:22)
at java.base/jdk.internal.reflect.NativeMethodAccessorImpl.invoke0(Native Method)
at java.base/jdk.internal.reflect.NativeMethodAccessorImpl.invoke(NativeMethodAccessorImpl.java:77)
at java.base/jdk.internal.reflect.DelegatingMethodAccessorImpl.invoke(DelegatingMethodAccessorImpl.java:43)
at java.base/java.lang.reflect.Method.invoke(Method.java:568)
at org.testng.internal.invokers.MethodInvocationHelper.invokeMethod(MethodInvocationHelper.java:139)
at org.testng.internal.invokers.MethodInvocationHelper.invokeMethod(MethodInvocationHelper.java:84)
at org.testng.internal.invokers.MethodInvocationHelper.invokeMethodNoCheckedException(MethodInvocationHelper.java:53)
... 28 more
]]>
            </full-stacktrace>
          </exception> <!-- java.lang.RuntimeException -->
          <reporter-output>
          </reporter-output>
        </test-method> <!-- TC04_verifyTitleLandingPage -->
        <test-method signature="TC05_verifyMarkFavoriteTitle(java.lang.String,java.lang.String,java.lang.String,java.lang.String,java.lang.String)[pri:2, instance:com.Digitalcodes.testcases.Title_LandingPage_Test@23e44287]" started-at="2023-08-30T17:39:32 IST" name="TC05_verifyMarkFavoriteTitle" description="Verify user able to mark favorite &amp; unfavorite and title should be displayed in favorites" data-provider="PC first title" finished-at="2023-08-30T17:39:32 IST" duration-ms="9" status="FAIL">
          <params>
            <param index="0">
              <value>
                <![CDATA[I-Codes]]>
              </value>
            </param>
            <param index="1">
              <value>
                <![CDATA[2021 I-Codes]]>
              </value>
            </param>
            <param index="2">
              <value>
                <![CDATA[2021 International Building Code (IBC)]]>
              </value>
            </param>
            <param index="3">
              <value>
                <![CDATA[CHAPTER 2 DEFINITIONS]]>
              </value>
            </param>
            <param index="4">
              <value>
                <![CDATA[PREMIUM]]>
              </value>
            </param>
          </params>
          <exception class="java.lang.NullPointerException">
            <message>
              <![CDATA[Cannot invoke "com.Digitalcodes.pageobject.Menu.navigateToTitlesCover(String, String)" because "com.Digitalcodes.testcases.Title_LandingPage_Test.menu" is null]]>
            </message>
            <full-stacktrace>
              <![CDATA[java.lang.NullPointerException: Cannot invoke "com.Digitalcodes.pageobject.Menu.navigateToTitlesCover(String, String)" because "com.Digitalcodes.testcases.Title_LandingPage_Test.menu" is null
at com.Digitalcodes.testcases.Title_LandingPage_Test.TC05_verifyMarkFavoriteTitle(Title_LandingPage_Test.java:57)
at java.base/jdk.internal.reflect.NativeMethodAccessorImpl.invoke0(Native Method)
at java.base/jdk.internal.reflect.NativeMethodAccessorImpl.invoke(NativeMethodAccessorImpl.java:77)
at java.base/jdk.internal.reflect.DelegatingMethodAccessorImpl.invoke(DelegatingMethodAccessorImpl.java:43)
at java.base/java.lang.reflect.Method.invoke(Method.java:568)
at org.testng.internal.invokers.MethodInvocationHelper.invokeMethod(MethodInvocationHelper.java:139)
at org.testng.internal.invokers.TestInvoker.invokeMethod(TestInvoker.java:677)
at org.testng.internal.invokers.TestInvoker.invokeTestMethod(TestInvoker.java:221)
at org.testng.internal.invokers.MethodRunner.runInSequence(MethodRunner.java:50)
at org.testng.internal.invokers.TestInvoker$MethodInvocationAgent.invoke(TestInvoker.java:969)
at org.testng.internal.invokers.TestInvoker.invokeTestMethods(TestInvoker.java:194)
at org.testng.internal.invokers.TestMethodWorker.invokeTestMethods(TestMethodWorker.java:148)
at org.testng.internal.invokers.TestMethodWorker.run(TestMethodWorker.java:128)
at java.base/java.util.ArrayList.forEach(ArrayList.java:1511)
[...]
            </param>
          </params>
          <reporter-output>
          </reporter-output>
        </test-method> <!-- log_result -->
        <test-method signature="TC35_verifyNavigateToASTM(java.lang.String,java.lang.String,java.lang.String,java.lang.String,java.lang.String)[pri:2, instance:com.Digitalcodes.testcases.Title_ASTMStanderds_Test@78de58ea]" started-at="2023-08-30T17:39:37 IST" name="TC35_verifyNavigateToASTM" description="Verify user able to navigate to ASTM Standerds Landing page" data-provider="ASTM Titles" finished-at="2023-08-30T17:39:37 IST" duration-ms="4" status="FAIL">
          <params>
            <param index="0">
              <value>
                <![CDATA[Standards]]>
              </value>
            </param>
            <param index="1">
              <value>
                <![CDATA[ASTM Standards]]>
              </value>
            </param>
            <param index="2">
              <value>
                <![CDATA[Iron and Steel Materials]]>
              </value>
            </param>
            <param index="3">
              <value>
                <![CDATA[ASTM A1003/A1003M-15]]>
              </value>
            </param>
            <param index="4">
              <value>
                <![CDATA[PREMIUM LITE]]>
              </value>
            </param>
          </params>
          <exception class="java.lang.NullPointerException">
            <message>
              <![CDATA[Cannot invoke "com.Digitalcodes.pageobject.Menu.navigateToTitlesCover(String, String)" because "com.Digitalcodes.testcases.Title_ASTMStanderds_Test.menu" is null]]>
            </message>
            <full-stacktrace>
              <![CDATA[java.lang.NullPointerException: Cannot invoke "com.Digitalcodes.pageobject.Menu.navigateToTitlesCover(String, String)" because "com.Digitalcodes.testcases.Title_ASTMStanderds_Test.menu" is null
at com.Digitalcodes.testcases.Title_ASTMStanderds_Test.TC35_verifyNavigateToASTM(Title_ASTMStanderds_Test.java:71)
at java.base/jdk.internal.reflect.NativeMethodAccessorImpl.invoke0(Native Method)
at java.base/jdk.internal.reflect.NativeMethodAccessorImpl.invoke(NativeMethodAccessorImpl.java:77)
at java.base/jdk.internal.reflect.DelegatingMethodAccessorImpl.invoke(DelegatingMethodAccessorImpl.java:43)
at java.base/java.lang.reflect.Method.invoke(Method.java:568)
at org.testng.internal.invokers.MethodInvocationHelper.invokeMethod(MethodInvocationHelper.java:139)
at org.testng.internal.invokers.TestInvoker.invokeMethod(TestInvoker.java:677)
at org.testng.internal.invokers.TestInvoker.invokeTestMethod(TestInvoker.java:221)
at org.testng.internal.invokers.MethodRunner.runInSequence(MethodRunner.java:50)
at org.testng.internal.invokers.TestInvoker$MethodInvocationAgent.invoke(TestInvoker.java:969)
at org.testng.internal.invokers.TestInvoker.invokeTestMethods(TestInvoker.java:194)
at org.testng.internal.invokers.TestMethodWorker.invokeTestMethods(TestMethodWorker.java:148)
at org.testng.internal.invokers.TestMethodWorker.run(TestMethodWorker.java:128)
at java.base/java.util.ArrayList.forEach(ArrayList.java:1511)
at org.testng.TestRunner.privateRun(TestRunner.java:829)
at org.testng.TestRunner.run(TestRunner.java:602)
at org.testng.SuiteRunner.runTest(SuiteRunner.java:437)
at org.testng.SuiteRunner.runSequentially(SuiteRunner.java:431)
at org.testng.SuiteRunner.privateRun(SuiteRunner.java:391)
at org.testng.SuiteRunner.run(SuiteRunner.java:330)
at org.testng.SuiteRunnerWorker.runSuite(SuiteRunnerWorker.java:52)
at org.testng.SuiteRunnerWorker.run(SuiteRunnerWorker.java:95)
at org.testng.TestNG.runSuitesSequentially(TestNG.java:1256)
at org.testng.TestNG.runSuitesLocally(TestNG.java:1176)
at org.testng.TestNG.runSuites(TestNG.java:1099)
at org.testng.TestNG.run(TestNG.java:1067)
at org.apache.maven.surefire.testng.TestNGExecutor.run(TestNGExecutor.java:281)
at org.apache.maven.surefire.testng.TestNGXmlTestSuite.execute(TestNGXmlTestSuite.java:75)
at org.apache.maven.surefire.testng.TestNGProvider.invoke(TestNGProvider.java:121)
at org.apache.maven.surefire.booter.ForkedBooter.invokeProviderInSameClassLoader(ForkedBooter.java:290)
at org.apache.maven.surefire.booter.ForkedBooter.runSuitesInProcess(ForkedBooter.java:242)
at org.apache.maven.surefire.booter.ForkedBooter.main(ForkedBooter.java:121)
]]>
            </full-stacktrace>
          </exception> <!-- java.lang.NullPointerException -->
          <reporter-output>
          </reporter-output>
        </test-method> <!-- TC35_verifyNavigateToASTM -->
        <test-method is-config="true" signature="log_result(org.testng.ITestResult)[pri:0, instance:com.Digitalcodes.testcases.Title_ASTMStanderds_Test@78de58ea]" started-at="2023-08-30T17:39:37 IST" name="log_result" finished-at="2023-08-30T17:39:37 IST" duration-ms="20" status="PASS">
          <params>
            <param index="0">
              <value>
                <![CDATA[[TestResult name=TC35_verifyNavigateToASTM status=FAILURE method=Title_ASTMStanderds_Test.TC35_verifyNavigateToASTM(java.lang.String,java.lang.String,java.lang.String,java.lang.String,java.lang.String)[pri:2, instance:com.Digitalcodes.testcases.Title_ASTMStanderds_Test@78de58ea] output={null}]]]>
              </value>
            </param>
          </params>
          <reporter-output>
          </reporter-output>
        </test-method> <!-- log_result -->
        <test-method signature="TC36_verifyASTMSection()[pri:0, instance:com.Digitalcodes.testcases.Title_ASTMStanderds_Test@78de58ea]" started-at="2023-08-30T17:39:37 IST" name="TC36_verifyASTMSection" description="Verify user able to Access ASTM title " finished-at="2023-08-30T17:39:37 IST" depends-on-methods="com.Digitalcodes.testcases.Title_ASTMStanderds_Test.TC35_verifyNavigateToASTM" duration-ms="0" status="SKIP">
          <exception class="java.lang.Throwable">
            <message>
              <![CDATA[Method com.Digitalcodes.testcases.Title_ASTMStanderds_Test.TC36_verifyASTMSection() on instance com.Digitalcodes.testcases.Title_ASTMStanderds_Test@78de58ea depends on not successfully finished methods 
[com.Digitalcodes.testcases.Title_ASTMStanderds_Test.TC35_verifyNavigateToASTM() on instance com.Digitalcodes.testcases.Title_ASTMStanderds_Test@78de58ea]]]>
            </message>
            <full-stacktrace>
              <![CDATA[java.lang.Throwable: Method com.Digitalcodes.testcases.Title_ASTMStanderds_Test.TC36_verifyASTMSection() on instance com.Digitalcodes.testcases.Title_ASTMStanderds_Test@78de58ea depends on not successfully finished methods 
[com.Digitalcodes.testcases.Title_ASTMStanderds_Test.TC35_verifyNavigateToASTM() on instance com.Digitalcodes.testcases.Title_ASTMStanderds_Test@78de58ea]
at org.testng.internal.invokers.TestInvoker.invokeTestMethods(TestInvoker.java:150)
at org.testng.internal.invokers.TestMethodWorker.invokeTestMethods(TestMethodWorker.java:148)
at org.testng.internal.invokers.TestMethodWorker.run(TestMethodWorker.java:128)
at java.base/java.util.ArrayList.forEach(ArrayList.java:1511)
at org.testng.TestRunner.privateRun(TestRunner.java:829)
at org.testng.TestRunner.run(TestRunner.java:602)
at org.testng.SuiteRunner.runTest(SuiteRunner.java:437)
at org.testng.SuiteRunner.runSequentially(SuiteRunner.java:431)
at org.testng.SuiteRunner.privateRun(SuiteRunner.java:391)
at org.testng.SuiteRunner.run(SuiteRunner.java:330)
at org.testng.SuiteRunnerWorker.runSuite(SuiteRunnerWorker.java:52)
at org.testng.SuiteRunnerWorker.run(SuiteRunnerWorker.java:95)
at org.testng.TestNG.runSuitesSequentially(TestNG.java:1256)
at org.testng.TestNG.runSuitesLocally(TestNG.java:1176)
at org.testng.TestNG.runSuites(TestNG.java:1099)
at org.testng.TestNG.run(TestNG.java:1067)
at org.apache.maven.surefire.testng.TestNGExecutor.run(TestNGExecutor.java:281)
at org.apache.maven.surefire.testng.TestNGXmlTestSuite.execute(TestNGXmlTestSuite.java:75)
at org.apache.maven.surefire.testng.TestNGProvider.invoke(TestNGProvider.java:121)
at org.apache.maven.surefire.booter.ForkedBooter.invokeProviderInSameClassLoader(ForkedBooter.java:290)
at org.apache.maven.surefire.booter.ForkedBooter.runSuitesInProcess(ForkedBooter.java:242)
at org.apache.maven.surefire.booter.ForkedBooter.main(ForkedBooter.java:121)
]]>
            </full-stacktrace>
          </exception> <!-- java.lang.Throwable -->
          <reporter-output>
          </reporter-output>
        </test-method> <!-- TC36_verifyASTMSection -->
      </class> <!-- com.Digitalcodes.testcases.Title_ASTMStanderds_Test -->
      <class name="com.Digitalcodes.testcases.Title_Commentary_Test">
        <test-method is-config="true" signature="beforeClass()[pri:0, instance:com.Digitalcodes.testcases.Title_Commentary_Test@61f3fbb8]" started-at="2023-08-30T17:39:35 IST" name="beforeClass" finished-at="2023-08-30T17:39:35 IST" duration-ms="5" status="PASS">
          <reporter-output>
          </reporter-output>
        </test-method> <!-- beforeClass -->
        <test-method signature="TC34_verifyHideCommentary(java.lang.String,java.lang.String,java.lang.String,java.lang.String)[pri:1, instance:com.Digitalcodes.testcases.Title_Commentary_Test@61f3fbb8]" started-at="2023-08-30T17:39:35 IST" name="TC34_verifyHideCommentary" description="Verify User able to Hide commentary section" data-provider="Premium Complete Commentries" finished-at="2023-08-30T17:39:35 IST" duration-ms="10" status="FAIL">
          <params>
            <param index="0">
              <value>
                <![CDATA[Commentaries]]>
              </value>
            </param>
            <param index="1">
              <value>
                <![CDATA[2021 Commentaries]]>
              </value>
            </param>
            <param index="2">
              <value>
                <![CDATA[2021 IBC Code and Commentary Volume 1 (IBC)]]>
              </value>
            </param>
            <param index="3">
              <value>
                <![CDATA[Chapter 3: Occupancy Classification and Use]]>
              </value>
            </param>
          </params>
          <exception class="java.lang.NullPointerException">
            <message>
              <![CDATA[Cannot invoke "com.Digitalcodes.testcases.CommanSteps.navigetToTitle(String, String, String)" because "com.Digitalcodes.testcases.Title_Commentary_Test.commanstep" is null]]>
            </message>
            <full-stacktrace>
              <![CDATA[java.lang.NullPointerException: Cannot invoke "com.Digitalcodes.testcases.CommanSteps.navigetToTitle(String, String, String)" because "com.Digitalcodes.testcases.Title_Commentary_Test.commanstep" is null
at com.Digitalcodes.testcases.Title_Commentary_Test.TC34_verifyHideCommentary(Title_Commentary_Test.java:34)
at java.base/jdk.internal.reflect.NativeMethodAccessorImpl.invoke0(Native Method)
at java.base/jdk.internal.reflect.NativeMethodAccessorImpl.invoke(NativeMethodAccessorImpl.java:77)
at java.base/jdk.internal.reflect.DelegatingMethodAccessorImpl.invoke(DelegatingMethodAccessorImpl.java:43)
at java.base/java.lang.reflect.Method.invoke(Method.java:568)
at org.testng.internal.invokers.MethodInvocationHelper.invokeMethod(MethodInvocationHelper.java:139)
at org.testng.internal.invokers.TestInvoker.invokeMethod(TestInvoker.java:677)
at org.testng.internal.invokers.TestInvoker.invokeTestMethod(TestInvoker.java:221)
at org.testng.internal.invokers.MethodRunner.runInSequence(MethodRunner.java:50)
at org.testng.internal.invokers.TestInvoker$MethodInvocationAgent.invoke(TestInvoker.java:969)
at org.testng.internal.invokers.TestInvoker.invokeTestMethods(TestInvoker.java:194)
at org.testng.internal.invokers.TestMethodWorker.invokeTestMethods(TestMethodWorker.java:148)
at org.testng.internal.invokers.TestMethodWorker.run(TestMethodWorker.java:128)
at java.base/java.util.ArrayList.forEach(ArrayList.java:1511)
at org.testng.TestRunner.privateRun(TestRunner.java:829)
at org.testng.TestRunner.run(TestRunner.java:602)
at org.testng.SuiteRunner.runTest(SuiteRunner.java:437)
at org.testng.SuiteRunner.runSequentially(SuiteRunner.java:431)
at org.testng.SuiteRunner.privateRun(SuiteRunner.java:391)
at org.testng.SuiteRunner.run(SuiteRunner.java:330)
at org.testng.SuiteRunnerWorker.runSuite(SuiteRunnerWorker.java:52)
at org.testng.SuiteRunnerWorker.run(SuiteRunnerWorker.java:95)
at org.testng.TestNG.runSuitesSequentially(TestNG.java:1256)
at org.testng.TestNG.runSuitesLocally(TestNG.java:1176)
at org.testng.TestNG.runSuites(TestNG.java:1099)
at org.testng.TestNG.run(TestNG.java:1067)
at org.apache.maven.surefire.testng.TestNGExecutor.run(TestNGExecutor.java:281)
at org.apache.maven.surefire.testng.TestNGXmlTestSuite.execute(TestNGXmlTestSuite.java:75)
at org.apache.maven.surefire.testng.TestNGProvider.invoke(TestNGProvider.java:121)
at org.apache.maven.surefire.booter.ForkedBooter.invokeProviderInSameClassLoader(ForkedBooter.java:290)
at org.apache.maven.surefire.booter.ForkedBooter.runSuitesInProcess(ForkedBooter.java:242)
at org.apache.maven.surefire.booter.ForkedBooter.main(ForkedBooter.java:121)
]]>
            </full-stacktrace>
          </exception> <!-- java.lang.NullPointerException -->
          <reporter-output>
          </reporter-output>
        </test-method> <!-- TC34_verifyHideCommentary -->
        <test-method is-config="true" signature="log_result(org.testng.ITestResult)[pri:0, instance:com.Digitalcodes.testcases.Title_Commentary_Test@61f3fbb8]" started-at="2023-08-30T17:39:35 IST" name="log_result" finished-at="2023-08-30T17:39:35 IST" duration-ms="59" status="PASS">
          <params>
            <param index="0">
              <value>
                <![CDATA[[TestResult name=TC34_verifyHideCommentary status=FAILURE method=Title_Commentary_Test.TC34_verifyHideCommentary(java.lang.String,java.lang.String,java.lang.String,java.lang.String)[pri:1, instance:com.Digitalcodes.testcases.Title_Commentary_Test@61f3fbb8] output={null}]]]>
              </value>
            </param>
          </params>
          <reporter-output>
          </reporter-output>
        </test-method> <!-- log_result -->
      </class> <!-- com.Digitalcodes.testcases.Title_Commentary_Test -->
      <class name="com.Digitalcodes.testcases.TableOfContent_Test">
        <test-method is-config="true" signature="beforeClass()[pri:0, instance:com.Digitalcodes.testcases.TableOfContent_Test@2b8d084]" started-at="2023-08-30T17:39:33 IST" name="beforeClass" finished-at="2023-08-30T17:39:33 IST" duration-ms="2" status="PASS">
          <reporter-output>
          </reporter-output>
        </test-method> <!-- beforeClass -->
        <test-method signature="TC07_verifyMyNotes_FromTOC(java.lang.String,java.lang.String,java.lang.String,java.lang.String,java.lang.String)[pri:1, instance:com.Digitalcodes.testcases.TableOfContent_Test@2b8d084]" started-at="2023-08-30T17:39:33 IST" name="TC07_verifyMyNotes_FromTOC" description="Verify my notes From Table Of Content when user have no any notes " data-provider="PC first title" finished-at="2023-08-30T17:39:33 IST" duration-ms="6" status="FAIL">
          <params>
            <param index="0">
              <value>
                <![CDATA[I-Codes]]>
              </value>
            </param>
            <param index="1">
              <value>
                <![CDATA[2021 I-Codes]]>
              </value>
            </param>
            <param index="2">
              <value>
                <![CDATA[2021 International Building Code (IBC)]]>
              </value>
            </param>
            <param index="3">
              <value>
                <![CDATA[CHAPTER 2 DEFINITIONS]]>
              </value>
            </param>
            <param index="4">
              <value>
                <![CDATA[PREMIUM]]>
              </value>
            </param>
          </params>
          <exception class="java.lang.NullPointerException">
            <message>
              <![CDATA[Cannot invoke "com.Digitalcodes.testcases.CommanSteps.navigetToTitle(String, String, String)" because "com.Digitalcodes.testcases.TableOfContent_Test.commanstep" is null]]>
            </message>
            <full-stacktrace>
              <![CDATA[java.lang.NullPointerException: Cannot invoke "com.Digitalcodes.testcases.CommanSteps.navigetToTitle(String, String, String)" because "com.Digitalcodes.testcases.TableOfContent_Test.commanstep" is null
at com.Digitalcodes.testcases.TableOfContent_Test.TC07_verifyMyNotes_FromTOC(TableOfContent_Test.java:18)
at java.base/jdk.internal.reflect.NativeMethodAccessorImpl.invoke0(Native Method)
at java.base/jdk.internal.reflect.NativeMethodAccessorImpl.invoke(NativeMethodAccessorImpl.java:77)
at java.base/jdk.internal.reflect.DelegatingMethodAccessorImpl.invoke(DelegatingMethodAccessorImpl.java:43)
at java.base/java.lang.reflect.Method.invoke(Method.java:568)
at org.testng.internal.invokers.MethodInvocationHelper.invokeMethod(MethodInvocationHelper.java:139)
at org.testng.internal.invokers.TestInvoker.invokeMethod(TestInvoker.java:677)
at org.testng.internal.invokers.TestInvoker.invokeTestMethod(TestInvoker.java:221)
at org.testng.internal.invokers.MethodRunner.runInSequence(MethodRunner.java:50)
at org.testng.internal.invokers.TestInvoker$MethodInvocationAgent.invoke(TestInvoker.java:969)
at org.testng.internal.invokers.TestInvoker.invokeTestMethods(TestInvoker.java:194)
at org.testng.internal.invokers.TestMethodWorker.invokeTestMethods(TestMethodWorker.java:148)
at org.testng.internal.invokers.TestMethodWorker.run(TestMethodWorker.java:128)
at java.base/java.util.ArrayList.forEach(ArrayList.java:1511)
at org.testng.TestRunner.privateRun(TestRunner.java:829)
at org.testng.TestRunner.run(TestRunner.java:602)
at org.testng.SuiteRunner.runTest(SuiteRunner.java:437)
at org.testng.SuiteRunner.runSequentially(SuiteRunner.java:431)
at org.testng.SuiteRunner.privateRun(SuiteRunner.java:391)
at org.testng.SuiteRunner.run(SuiteRunner.java:330)
at org.testng.SuiteRunnerWorker.runSuite(SuiteRunnerWorker.java:52)
at org.testng.SuiteRunnerWorker.run(SuiteRunnerWorker.java:95)
at org.testng.TestNG.runSuitesSequentially(TestNG.java:1256)
at org.testng.TestNG.runSuitesLocally(TestNG.java:1176)
at org.testng.TestNG.runSuites(TestNG.java:1099)
at org.testng.TestNG.run(TestNG.java:1067)
at org.apache.maven.surefire.testng.TestNGExecutor.run(TestNGExecutor.java:281)
at org.apache.maven.surefire.testng.TestNGXmlTestSuite.execute(TestNGXmlTestSuite.java:75)
at org.apache.maven.surefire.testng.TestNGProvider.invoke(TestNGProvider.java:121)
at org.apache.maven.surefire.booter.ForkedBooter.invokeProviderInSameClassLoader(ForkedBooter.java:290)
at org.apache.maven.surefire.booter.ForkedBooter.runSuitesInProcess(ForkedBooter.java:242)
at org.apache.maven.surefire.booter.ForkedBooter.main(ForkedBooter.java:121)
]]>
            </full-stacktrace>
          </exception> <!-- java.lang.NullPointerException -->
          <reporter-output>
          </reporter-output>
        </test-method> <!-- TC07_verifyMyNotes_FromTOC -->
        <test-method is-config="true" signature="log_result(org.testng.ITestResult)[pri:0, instance:com.Digitalcodes.testcases.TableOfContent_Test@2b8d084]" started-at="2023-08-30T17:39:33 IST" name="log_result" finished-at="2023-08-30T17:39:33 IST" duration-ms="92" status="PASS">
          <params>
            <param index="0">
              <value>
                <![CDATA[[TestResult name=TC07_verifyMyNotes_FromTOC status=FAILURE method=TableOfContent_Test.TC07_verifyMyNotes_FromTOC(java.lang.String,java.lang.String,java.lang.String,java.lang.String,java.lang.String)[pri:1, instance:com.Digitalcodes.testcases.TableOfContent_Test@2b8d084] output={null}]]]>
              </value>
            </param>
          </params>
          <reporter-output>
          </reporter-output>
        </test-method> <!-- log_result -->
      </class> <!-- com.Digitalcodes.testcases.TableOfContent_Test -->
    </test> <!-- Regression for Premium user -->
  </suite> <!-- Regression test -->
</testng-results>
