<?xml version="1.0" encoding="UTF-8"?>
<testng-results ignored="0" total="2" passed="2" failed="0" skipped="0">
  <reporter-output>
  </reporter-output>
  <suite started-at="2023-06-07T21:03:30 IST" name="Smoke test" finished-at="2023-06-07T21:04:32 IST" duration-ms="61317">
    <groups>
      <group name="Regression">
        <method signature="Login_Test.TC01_loginValidData(java.lang.String,java.lang.String,java.lang.String,java.lang.String)[pri:1, instance:com.Digitalcodes.testcases.Login_Test@49aa766b]" name="TC01_loginValidData" class="com.Digitalcodes.testcases.Login_Test"/>
        <method signature="Login_Test.TC02_verifyUserInformation(java.lang.String,java.lang.String,java.lang.String,java.lang.String)[pri:0, instance:com.Digitalcodes.testcases.Login_Test@49aa766b]" name="TC02_verifyUserInformation" class="com.Digitalcodes.testcases.Login_Test"/>
      </group> <!-- Regression -->
      <group name="Smoke">
        <method signature="Login_Test.TC01_loginValidData(java.lang.String,java.lang.String,java.lang.String,java.lang.String)[pri:1, instance:com.Digitalcodes.testcases.Login_Test@49aa766b]" name="TC01_loginValidData" class="com.Digitalcodes.testcases.Login_Test"/>
        <method signature="Login_Test.TC02_verifyUserInformation(java.lang.String,java.lang.String,java.lang.String,java.lang.String)[pri:0, instance:com.Digitalcodes.testcases.Login_Test@49aa766b]" name="TC02_verifyUserInformation" class="com.Digitalcodes.testcases.Login_Test"/>
      </group> <!-- Smoke -->
    </groups>
    <test started-at="2023-06-07T21:03:30 IST" name="Smoke test for Premium user" finished-at="2023-06-07T21:04:32 IST" duration-ms="61317">
      <class name="com.Digitalcodes.testcases.Login_Test">
        <test-method is-config="true" signature="beforeSuite(java.lang.String)[pri:0, instance:com.Digitalcodes.testcases.Login_Test@49aa766b]" started-at="2023-06-07T21:03:28 IST" name="beforeSuite" finished-at="2023-06-07T21:03:30 IST" duration-ms="2240" status="PASS">
          <params>
            <param index="0">
              <value>
                <![CDATA[Smoke]]>
              </value>
            </param>
          </params>
          <reporter-output>
          </reporter-output>
        </test-method> <!-- beforeSuite -->
        <test-method is-config="true" signature="beforeTest(java.lang.String,java.lang.String)[pri:0, instance:com.Digitalcodes.testcases.Login_Test@49aa766b]" started-at="2023-06-07T21:03:30 IST" name="beforeTest" finished-at="2023-06-07T21:03:54 IST" duration-ms="23726" status="PASS">
          <params>
            <param index="0">
              <value>
                <![CDATA[chrome]]>
              </value>
            </param>
            <param index="1">
              <value>
                <![CDATA[PREMIUM]]>
              </value>
            </param>
          </params>
          <reporter-output>
          </reporter-output>
        </test-method> <!-- beforeTest -->
        <test-method is-config="true" signature="beforeClass()[pri:0, instance:com.Digitalcodes.testcases.Login_Test@49aa766b]" started-at="2023-06-07T21:03:54 IST" name="beforeClass" finished-at="2023-06-07T21:03:54 IST" duration-ms="153" status="PASS">
          <reporter-output>
          </reporter-output>
        </test-method> <!-- beforeClass -->
        <test-method signature="TC01_loginValidData(java.lang.String,java.lang.String,java.lang.String,java.lang.String)[pri:1, instance:com.Digitalcodes.testcases.Login_Test@49aa766b]" started-at="2023-06-07T21:03:54 IST" name="TC01_loginValidData" description="User able to Login with valid creditionls" data-provider="Dynamic" finished-at="2023-06-07T21:04:11 IST" duration-ms="16792" status="PASS">
          <params>
            <param index="0">
              <value>
                <![CDATA[complete.user@iccsafe.info]]>
              </value>
            </param>
            <param index="1">
              <value>
                <![CDATA[Digital@123]]>
              </value>
            </param>
            <param index="2">
              <value>
                <![CDATA[Complete User]]>
              </value>
            </param>
            <param index="3">
              <value>
                <![CDATA[Premium Complete]]>
              </value>
            </param>
          </params>
          <reporter-output>
          </reporter-output>
        </test-method> <!-- TC01_loginValidData -->
        <test-method is-config="true" signature="log_result(org.testng.ITestResult)[pri:0, instance:com.Digitalcodes.testcases.Login_Test@49aa766b]" started-at="2023-06-07T21:04:11 IST" name="log_result" finished-at="2023-06-07T21:04:14 IST" duration-ms="2295" status="PASS">
          <params>
            <param index="0">
              <value>
                <![CDATA[[TestResult name=TC01_loginValidData status=SUCCESS method=Login_Test.TC01_loginValidData(java.lang.String,java.lang.String,java.lang.String,java.lang.String)[pri:1, instance:com.Digitalcodes.testcases.Login_Test@49aa766b] output={null}]]]>
              </value>
            </param>
          </params>
          <reporter-output>
          </reporter-output>
        </test-method> <!-- log_result -->
        <test-method signature="TC02_verifyUserInformation(java.lang.String,java.lang.String,java.lang.String,java.lang.String)[pri:0, instance:com.Digitalcodes.testcases.Login_Test@49aa766b]" started-at="2023-06-07T21:04:14 IST" name="TC02_verifyUserInformation" description="Verify User able to displyed Subscription type, Name, email " data-provider="Dynamic" finished-at="2023-06-07T21:04:30 IST" depends-on-methods="com.Digitalcodes.testcases.Login_Test.TC01_loginValidData" duration-ms="16726" status="PASS">
          <params>
            <param index="0">
              <value>
                <![CDATA[complete.user@iccsafe.info]]>
              </value>
            </param>
            <param index="1">
              <value>
                <![CDATA[Digital@123]]>
              </value>
            </param>
            <param index="2">
              <value>
                <![CDATA[Complete User]]>
              </value>
            </param>
            <param index="3">
              <value>
                <![CDATA[Premium Complete]]>
              </value>
            </param>
          </params>
          <reporter-output>
          </reporter-output>
        </test-method> <!-- TC02_verifyUserInformation -->
        <test-method is-config="true" signature="log_result(org.testng.ITestResult)[pri:0, instance:com.Digitalcodes.testcases.Login_Test@49aa766b]" started-at="2023-06-07T21:04:31 IST" name="log_result" finished-at="2023-06-07T21:04:31 IST" duration-ms="509" status="PASS">
          <params>
            <param index="0">
              <value>
                <![CDATA[[TestResult name=TC02_verifyUserInformation status=SUCCESS method=Login_Test.TC02_verifyUserInformation(java.lang.String,java.lang.String,java.lang.String,java.lang.String)[pri:0, instance:com.Digitalcodes.testcases.Login_Test@49aa766b] output={null}]]]>
              </value>
            </param>
          </params>
          <reporter-output>
          </reporter-output>
        </test-method> <!-- log_result -->
        <test-method is-config="true" signature="afterTest()[pri:0, instance:com.Digitalcodes.testcases.Login_Test@49aa766b]" started-at="2023-06-07T21:04:31 IST" name="afterTest" finished-at="2023-06-07T21:04:32 IST" duration-ms="481" status="PASS">
          <reporter-output>
          </reporter-output>
        </test-method> <!-- afterTest -->
        <test-method is-config="true" signature="afterSuite()[pri:0, instance:com.Digitalcodes.testcases.Login_Test@49aa766b]" started-at="2023-06-07T21:04:33 IST" name="afterSuite" finished-at="2023-06-07T21:04:33 IST" duration-ms="0" status="PASS">
          <reporter-output>
          </reporter-output>
        </test-method> <!-- afterSuite -->
      </class> <!-- com.Digitalcodes.testcases.Login_Test -->
    </test> <!-- Smoke test for Premium user -->
  </suite> <!-- Smoke test -->
</testng-results>
