<?xml version="1.0" encoding="UTF-8"?>
<testsuite xmlns:xsi="http://www.w3.org/2001/XMLSchema-instance" xsi:noNamespaceSchemaLocation="https://maven.apache.org/surefire/maven-surefire-plugin/xsd/surefire-test-report-3.0.xsd" version="3.0" name="TestSuite" time="1,210.042" tests="48" errors="0" skipped="0" failures="2">
  <properties>
[...]
</properties>
  <testcase name="TC01_loginValidData[complete.user@iccsafe.info, Digital@123, Complete User, Premium Complete](1)" classname="com.Digitalcodes.testcases.Login_Test" time="9.239">
    <system-out><![CDATA[Platform Name :- local
Browser Name :- chrome
 
https://codes-stage.iccsafe.org/
 
TC01_loginValidData : PASSED
]]></system-out>
    <system-err><![CDATA[SLF4J: No SLF4J providers were found.
SLF4J: Defaulting to no-operation (NOP) logger implementation
SLF4J: See https://www.slf4j.org/codes.html#noProviders for further details.
Starting ChromeDriver 113.0.5672.63 (0e1a4471d5ae5bf128b1bd8f4d627c8cbd55f70c-refs/branch-heads/5672@{#912}) on port 13750
Only local connections are allowed.
Please see https://chromedriver.chromium.org/security-considerations for suggestions on keeping ChromeDriver safe.
ChromeDriver was started successfully.
May 24, 2023 10:50:31 AM org.openqa.selenium.devtools.CdpVersionFinder findNearestMatch
WARNING: Unable to find an exact match for CDP version 113, so returning the closest version found: 112
]]></system-err>
  </testcase>
  <testcase name="TC02_verifyUserInformation[complete.user@iccsafe.info, Digital@123, Complete User, Premium Complete](1)" classname="com.Digitalcodes.testcases.Login_Test" time="2.521">
    <system-out><![CDATA[=======================================================
  
TC02_verifyUserInformation : PASSED
]]></system-out>
  </testcase>
  <testcase name="TC04_verifyTitleLandingPage[I-Codes, 2021 I-Codes, 2021 International Building Code (IBC), CHAPTER 2 DEFINITIONS](1)" classname="com.Digitalcodes.testcases.Title_LandingPage_Test" time="9.307">
    <system-out><![CDATA[=======================================================
  
I-Codes
2021 I-Codes
2021 International Building Code (IBC)
CHAPTER 2 DEFINITIONS
Commentaries
2021 Commentaries
2021 IBC Code and Commentary Volume 1 (IBC)
Chapter 3: Occupancy Classification and Use
Publisher
IAEI
2023 Analysis of Changes, 2023 NEC
CHAPTER 2 WIRING AND PROTECTION
Resources
Energy
2021 IECC Code and Commentary (IECC)
Chapter 1 [CE]: Scope and Administration
Standards
AFSI Standards
1997 ASI-77 Air Structures Design and Standards Manual
SECTION B GUIDE SPECIFICATIONS FOR AIR SUPPORTED STRUCTURES
Topics
Fire
2019 California Fire Code Amendments Handbook
DIVISION II ADMINISTRATION
Locations
Delaware
2015 International Fuel Gas Code (IFGC)
CHAPTER 3 GENERAL REGULATIONS
TC04_verifyTitleLandingPage : PASSED
]]></system-out>
  </testcase>
  <testcase name="TC04_verifyTitleLandingPage[Commentaries, 2021 Commentaries, 2021 IBC Code and Commentary Volume 1 (IBC), Chapter 3: Occupancy Classification and Use](2)" classname="com.Digitalcodes.testcases.Title_LandingPage_Test" time="7.903">
    <system-out><![CDATA[=======================================================
  
TC04_verifyTitleLandingPage : PASSED
]]></system-out>
  </testcase>
  <testcase name="TC04_verifyTitleLandingPage[Publisher, IAEI, 2023 Analysis of Changes, 2023 NEC, CHAPTER 2 WIRING AND PROTECTION](3)" classname="com.Digitalcodes.testcases.Title_LandingPage_Test" time="10.19">
    <system-out><![CDATA[=======================================================
  
TC04_verifyTitleLandingPage : PASSED
]]></system-out>
  </testcase>
  <testcase name="TC04_verifyTitleLandingPage[Resources, Energy, 2021 IECC Code and Commentary (IECC), Chapter 1 [CE]: Scope and Administration](4)" classname="com.Digitalcodes.testcases.Title_LandingPage_Test" time="13.902">
    <system-out><![CDATA[=======================================================
  
TC04_verifyTitleLandingPage : PASSED
]]></system-out>
  </testcase>
  <testcase name="TC04_verifyTitleLandingPage[Standards, AFSI Standards, 1997 ASI-77 Air Structures Design and Standards Manual, SECTION B GUIDE SPECIFICATIONS FOR AIR SUPPORTED STRUCTURES](5)" classname="com.Digitalcodes.testcases.Title_LandingPage_Test" time="10.615">
    <system-out><![CDATA[=======================================================
  
TC04_verifyTitleLandingPage : PASSED
]]></system-out>
  </testcase>
  <testcase name="TC04_verifyTitleLandingPage[Topics, Fire, 2019 California Fire Code Amendments Handbook, DIVISION II ADMINISTRATION](6)" classname="com.Digitalcodes.testcases.Title_LandingPage_Test" time="10.261">
    <system-out><![CDATA[=======================================================
  
TC04_verifyTitleLandingPage : PASSED
]]></system-out>
  </testcase>
  <testcase name="TC04_verifyTitleLandingPage[Locations, Delaware, 2015 International Fuel Gas Code (IFGC), CHAPTER 3 GENERAL REGULATIONS](7)" classname="com.Digitalcodes.testcases.Title_LandingPage_Test" time="11">
    <system-out><![CDATA[=======================================================
  
TC04_verifyTitleLandingPage : PASSED
]]></system-out>
  </testcase>
  <testcase name="TC05_verifyMarkFavoriteTitle[I-Codes, 2021 I-Codes, 2021 International Building Code (IBC), CHAPTER 2 DEFINITIONS](1)" classname="com.Digitalcodes.testcases.Title_LandingPage_Test" time="65.513">
    <failure message="expected [2021 International Building Code (IBC)] but found [2019 California Fire Code Amendments Handbook]" type="java.lang.AssertionError"><![CDATA[java.lang.AssertionError: expected [2021 International Building Code (IBC)] but found [2019 California Fire Code Amendments Handbook]
	at org.testng.Assert.fail(Assert.java:99)
	at org.testng.Assert.failNotEquals(Assert.java:1037)
	at org.testng.Assert.assertEqualsImpl(Assert.java:140)
	at org.testng.Assert.assertEquals(Assert.java:122)
	at org.testng.Assert.assertEquals(Assert.java:629)
	at org.testng.Assert.assertEquals(Assert.java:639)
	at com.Digitalcodes.utilities.Baseclass.assertEquals(Baseclass.java:216)
	at com.Digitalcodes.testcases.Title_LandingPage_Test.TC05_verifyMarkFavoriteTitle(Title_LandingPage_Test.java:79)
	at java.base/jdk.internal.reflect.NativeMethodAccessorImpl.invoke0(Native Method)
	at java.base/jdk.internal.reflect.NativeMethodAccessorImpl.invoke(NativeMethodAccessorImpl.java:77)
	at java.base/jdk.internal.reflect.DelegatingMethodAccessorImpl.invoke(DelegatingMethodAccessorImpl.java:43)
	at java.base/java.lang.reflect.Method.invoke(Method.java:568)
	at org.testng.internal.MethodInvocationHelper.invokeMethod(MethodInvocationHelper.java:133)
	at org.testng.internal.TestInvoker.invokeMethod(TestInvoker.java:598)
	at org.testng.internal.TestInvoker.invokeTestMethod(TestInvoker.java:173)
	at org.testng.internal.MethodRunner.runInSequence(MethodRunner.java:46)
	at org.testng.internal.TestInvoker$MethodInvocationAgent.invoke(TestInvoker.java:824)
	at org.testng.internal.TestInvoker.invokeTestMethods(TestInvoker.java:146)
	at org.testng.internal.TestMethodWorker.invokeTestMethods(TestMethodWorker.java:146)
	at org.testng.internal.TestMethodWorker.run(TestMethodWorker.java:128)
	at java.base/java.util.ArrayList.forEach(ArrayList.java:1511)
	at org.testng.TestRunner.privateRun(TestRunner.java:794)
	at org.testng.TestRunner.run(TestRunner.java:596)
	at org.testng.SuiteRunner.runTest(SuiteRunner.java:377)
	at org.testng.SuiteRunner.runSequentially(SuiteRunner.java:371)
	at org.testng.SuiteRunner.privateRun(SuiteRunner.java:332)
	at org.testng.SuiteRunner.run(SuiteRunner.java:276)
	at org.testng.SuiteRunnerWorker.runSuite(SuiteRunnerWorker.java:53)
	at org.testng.SuiteRunnerWorker.run(SuiteRunnerWorker.java:96)
	at org.testng.TestNG.runSuitesSequentially(TestNG.java:1212)
	at org.testng.TestNG.runSuitesLocally(TestNG.java:1134)
	at org.testng.TestNG.runSuites(TestNG.java:1063)
	at org.testng.TestNG.run(TestNG.java:1031)
	at org.apache.maven.surefire.testng.TestNGExecutor.run(TestNGExecutor.java:308)
	at org.apache.maven.surefire.testng.TestNGXmlTestSuite.execute(TestNGXmlTestSuite.java:71)
	at org.apache.maven.surefire.testng.TestNGProvider.invoke(TestNGProvider.java:113)
	at org.apache.maven.surefire.booter.ForkedBooter.runSuitesInProcess(ForkedBooter.java:385)
	at org.apache.maven.surefire.booter.ForkedBooter.execute(ForkedBooter.java:162)
	at org.apache.maven.surefire.booter.ForkedBooter.run(ForkedBooter.java:507)
	at org.apache.maven.surefire.booter.ForkedBooter.main(ForkedBooter.java:495)
]]></failure>
    <system-out><![CDATA[=======================================================
  
TC05_verifyMarkFavoriteTitle : FAILED
     
     
]]></system-out>
    <system-err><![CDATA[java.lang.AssertionError: expected [2021 International Building Code (IBC)] but found [2019 California Fire Code Amendments Handbook]
	at org.testng.Assert.fail(Assert.java:99)
	at org.testng.Assert.failNotEquals(Assert.java:1037)
	at org.testng.Assert.assertEqualsImpl(Assert.java:140)
	at org.testng.Assert.assertEquals(Assert.java:122)
	at org.testng.Assert.assertEquals(Assert.java:629)
	at org.testng.Assert.assertEquals(Assert.java:639)
	at com.Digitalcodes.utilities.Baseclass.assertEquals(Baseclass.java:216)
	at com.Digitalcodes.testcases.Title_LandingPage_Test.TC05_verifyMarkFavoriteTitle(Title_LandingPage_Test.java:79)
	at java.base/jdk.internal.reflect.NativeMethodAccessorImpl.invoke0(Native Method)
	at java.base/jdk.internal.reflect.NativeMethodAccessorImpl.invoke(NativeMethodAccessorImpl.java:77)
	at java.base/jdk.internal.reflect.DelegatingMethodAccessorImpl.invoke(DelegatingMethodAccessorImpl.java:43)
	at java.base/java.lang.reflect.Method.invoke(Method.java:568)
	at org.testng.internal.MethodInvocationHelper.invokeMethod(MethodInvocationHelper.java:133)
	at org.testng.internal.TestInvoker.invokeMethod(TestInvoker.java:598)
	at org.testng.internal.TestInvoker.invokeTestMethod(TestInvoker.java:173)
	at org.testng.internal.MethodRunner.runInSequence(MethodRunner.java:46)
	at org.testng.internal.TestInvoker$MethodInvocationAgent.invoke(TestInvoker.java:824)
	at org.testng.internal.TestInvoker.invokeTestMethods(TestInvoker.java:146)
	at org.testng.internal.TestMethodWorker.invokeTestMethods(TestMethodWorker.java:146)
	at org.testng.internal.TestMethodWorker.run(TestMethodWorker.java:128)
	at java.base/java.util.ArrayList.forEach(ArrayList.java:1511)
	at org.testng.TestRunner.privateRun(TestRunner.java:794)
	at org.testng.TestRunner.run(TestRunner.java:596)
	at org.testng.SuiteRunner.runTest(SuiteRunner.java:377)
	at org.testng.SuiteRunner.runSequentially(SuiteRunner.java:371)
	at org.testng.SuiteRunner.privateRun(SuiteRunner.java:332)
	at org.testng.SuiteRunner.run(SuiteRunner.java:276)
	at org.testng.SuiteRunnerWorker.runSuite(SuiteRunnerWorker.java:53)
	at org.testng.SuiteRunnerWorker.run(SuiteRunnerWorker.java:96)
	at org.testng.TestNG.runSuitesSequentially(TestNG.java:1212)
	at org.testng.TestNG.runSuitesLocally(TestNG.java:1134)
	at org.testng.TestNG.runSuites(TestNG.java:1063)
	at org.testng.TestNG.run(TestNG.java:1031)
	at org.apache.maven.surefire.testng.TestNGExecutor.run(TestNGExecutor.java:308)
	at org.apache.maven.surefire.testng.TestNGXmlTestSuite.execute(TestNGXmlTestSuite.java:71)
	at org.apache.maven.surefire.testng.TestNGProvider.invoke(TestNGProvider.java:113)
	at org.apache.maven.surefire.booter.ForkedBooter.runSuitesInProcess(ForkedBooter.java:385)
	at org.apache.maven.surefire.booter.ForkedBooter.execute(ForkedBooter.java:162)
	at org.apache.maven.surefire.booter.ForkedBooter.run(ForkedBooter.java:507)
	at org.apache.maven.surefire.booter.ForkedBooter.main(ForkedBooter.java:495)
]]></system-err>
  </testcase>
  <testcase name="TC20_verifyChangeVersion_ReleatedTitles_Categories[I-Codes, 2021 I-Codes, 2021 International Building Code (IBC), CHAPTER 2 DEFINITIONS](1)" classname="com.Digitalcodes.testcases.Title_LandingPage_Test" time="25.271">
    <system-out><![CDATA[=======================================================
  
TC20_verifyChangeVersion_ReleatedTitles_Categories : PASSED
]]></system-out>
  </testcase>
  <testcase name="TC07_verifyMyNotes_FromTOC[I-Codes, 2021 I-Codes, 2021 International Building Code (IBC), CHAPTER 2 DEFINITIONS](1)" classname="com.Digitalcodes.testcases.TableOfContent_Test" time="12.777">
    <system-out><![CDATA[=======================================================
  
TC07_verifyMyNotes_FromTOC : PASSED
]]></system-out>
  </testcase>
  <testcase name="TC08_verifyNavigateToSection_FromTOC[I-Codes, 2021 I-Codes, 2021 International Building Code (IBC), CHAPTER 2 DEFINITIONS](1)" classname="com.Digitalcodes.testcases.Title_SectionPage_Test" time="21.384">
    <system-out><![CDATA[=======================================================
  
I-Codes
2021 I-Codes
2021 International Building Code (IBC)
CHAPTER 2 DEFINITIONS
Commentaries
2021 Commentaries
2021 IBC Code and Commentary Volume 1 (IBC)
Chapter 3: Occupancy Classification and Use
Publisher
IAEI
2023 Analysis of Changes, 2023 NEC
CHAPTER 2 WIRING AND PROTECTION
Resources
Energy
2021 IECC Code and Commentary (IECC)
Chapter 1 [CE]: Scope and Administration
Standards
AFSI Standards
1997 ASI-77 Air Structures Design and Standards Manual
SECTION B GUIDE SPECIFICATIONS FOR AIR SUPPORTED STRUCTURES
Topics
Fire
2019 California Fire Code Amendments Handbook
DIVISION II ADMINISTRATION
Locations
Delaware
2015 International Fuel Gas Code (IFGC)
CHAPTER 3 GENERAL REGULATIONS
TC08_verifyNavigateToSection_FromTOC : PASSED
]]></system-out>
  </testcase>
  <testcase name="TC08_verifyNavigateToSection_FromTOC[Commentaries, 2021 Commentaries, 2021 IBC Code and Commentary Volume 1 (IBC), Chapter 3: Occupancy Classification and Use](2)" classname="com.Digitalcodes.testcases.Title_SectionPage_Test" time="19.99">
    <system-out><![CDATA[=======================================================
  
TC08_verifyNavigateToSection_FromTOC : PASSED
]]></system-out>
  </testcase>
  <testcase name="TC08_verifyNavigateToSection_FromTOC[Publisher, IAEI, 2023 Analysis of Changes, 2023 NEC, CHAPTER 2 WIRING AND PROTECTION](3)" classname="com.Digitalcodes.testcases.Title_SectionPage_Test" time="20.064">
    <system-out><![CDATA[=======================================================
  
TC08_verifyNavigateToSection_FromTOC : PASSED
]]></system-out>
  </testcase>
  <testcase name="TC08_verifyNavigateToSection_FromTOC[Resources, Energy, 2021 IECC Code and Commentary (IECC), Chapter 1 [CE]: Scope and Administration](4)" classname="com.Digitalcodes.testcases.Title_SectionPage_Test" time="17.342">
    <system-out><![CDATA[=======================================================
  
TC08_verifyNavigateToSection_FromTOC : PASSED
]]></system-out>
  </testcase>
  <testcase name="TC08_verifyNavigateToSection_FromTOC[Standards, AFSI Standards, 1997 ASI-77 Air Structures Design and Standards Manual, SECTION B GUIDE SPECIFICATIONS FOR AIR SUPPORTED STRUCTURES](5)" classname="com.Digitalcodes.testcases.Title_SectionPage_Test" time="17.69">
    <system-out><![CDATA[=======================================================
  
TC08_verifyNavigateToSection_FromTOC : PASSED
]]></system-out>
  </testcase>
  <testcase name="TC08_verifyNavigateToSection_FromTOC[Topics, Fire, 2019 California Fire Code Amendments Handbook, DIVISION II ADMINISTRATION](6)" classname="com.Digitalcodes.testcases.Title_SectionPage_Test" time="17.995">
    <system-out><![CDATA[=======================================================
  
TC08_verifyNavigateToSection_FromTOC : PASSED
]]></system-out>
  </testcase>
  <testcase name="TC08_verifyNavigateToSection_FromTOC[Locations, Delaware, 2015 International Fuel Gas Code (IFGC), CHAPTER 3 GENERAL REGULATIONS](7)" classname="com.Digitalcodes.testcases.Title_SectionPage_Test" time="14.052">
    <system-out><![CDATA[=======================================================
  
TC08_verifyNavigateToSection_FromTOC : PASSED
]]></system-out>
  </testcase>
  <testcase name="TC09_verifyCreateNotes_atSection[I-Codes, 2021 I-Codes, 2021 International Building Code (IBC), CHAPTER 2 DEFINITIONS](1)" classname="com.Digitalcodes.testcases.Title_SectionPage_Test" time="34.347">
    <system-out><![CDATA[=======================================================
  
I-Codes
2021 I-Codes
2021 International Building Code (IBC)
CHAPTER 2 DEFINITIONS
Commentaries
2021 Commentaries
2021 IBC Code and Commentary Volume 1 (IBC)
Chapter 3: Occupancy Classification and Use
Publisher
IAEI
2023 Analysis of Changes, 2023 NEC
CHAPTER 2 WIRING AND PROTECTION
Resources
Energy
2021 IECC Code and Commentary (IECC)
Chapter 1 [CE]: Scope and Administration
Standards
AFSI Standards
1997 ASI-77 Air Structures Design and Standards Manual
SECTION B GUIDE SPECIFICATIONS FOR AIR SUPPORTED STRUCTURES
Topics
Fire
2019 California Fire Code Amendments Handbook
DIVISION II ADMINISTRATION
Locations
Delaware
2015 International Fuel Gas Code (IFGC)
CHAPTER 3 GENERAL REGULATIONS
TC09_verifyCreateNotes_atSection : PASSED
]]></system-out>
  </testcase>
  <testcase name="TC09_verifyCreateNotes_atSection[Commentaries, 2021 Commentaries, 2021 IBC Code and Commentary Volume 1 (IBC), Chapter 3: Occupancy Classification and Use](2)" classname="com.Digitalcodes.testcases.Title_SectionPage_Test" time="33.42">
    <system-out><![CDATA[=======================================================
  
TC09_verifyCreateNotes_atSection : PASSED
]]></system-out>
  </testcase>
  <testcase name="TC09_verifyCreateNotes_atSection[Publisher, IAEI, 2023 Analysis of Changes, 2023 NEC, CHAPTER 2 WIRING AND PROTECTION](3)" classname="com.Digitalcodes.testcases.Title_SectionPage_Test" time="30.792">
    <system-out><![CDATA[=======================================================
  
TC09_verifyCreateNotes_atSection : PASSED
]]></system-out>
  </testcase>
  <testcase name="TC09_verifyCreateNotes_atSection[Resources, Energy, 2021 IECC Code and Commentary (IECC), Chapter 1 [CE]: Scope and Administration](4)" classname="com.Digitalcodes.testcases.Title_SectionPage_Test" time="33.357">
    <system-out><![CDATA[=======================================================
  
TC09_verifyCreateNotes_atSection : PASSED
]]></system-out>
  </testcase>
  <testcase name="TC09_verifyCreateNotes_atSection[Standards, AFSI Standards, 1997 ASI-77 Air Structures Design and Standards Manual, SECTION B GUIDE SPECIFICATIONS FOR AIR SUPPORTED STRUCTURES](5)" classname="com.Digitalcodes.testcases.Title_SectionPage_Test" time="29.757">
    <system-out><![CDATA[=======================================================
  
TC09_verifyCreateNotes_atSection : PASSED
]]></system-out>
  </testcase>
  <testcase name="TC09_verifyCreateNotes_atSection[Topics, Fire, 2019 California Fire Code Amendments Handbook, DIVISION II ADMINISTRATION](6)" classname="com.Digitalcodes.testcases.Title_SectionPage_Test" time="32.72">
    <system-out><![CDATA[=======================================================
  
TC09_verifyCreateNotes_atSection : PASSED
]]></system-out>
  </testcase>
  <testcase name="TC09_verifyCreateNotes_atSection[Locations, Delaware, 2015 International Fuel Gas Code (IFGC), CHAPTER 3 GENERAL REGULATIONS](7)" classname="com.Digitalcodes.testcases.Title_SectionPage_Test" time="32.146">
    <system-out><![CDATA[=======================================================
  
TC09_verifyCreateNotes_atSection : PASSED
]]></system-out>
  </testcase>
  <testcase name="TC10_verifyCreateBookmark_atSection[I-Codes, 2021 I-Codes, 2021 International Building Code (IBC), CHAPTER 2 DEFINITIONS](1)" classname="com.Digitalcodes.testcases.Title_SectionPage_Test" time="38.193">
    <system-out><![CDATA[=======================================================
  
I-Codes
2021 I-Codes
2021 International Building Code (IBC)
CHAPTER 2 DEFINITIONS
Commentaries
2021 Commentaries
2021 IBC Code and Commentary Volume 1 (IBC)
Chapter 3: Occupancy Classification and Use
Publisher
IAEI
2023 Analysis of Changes, 2023 NEC
CHAPTER 2 WIRING AND PROTECTION
Resources
Energy
2021 IECC Code and Commentary (IECC)
Chapter 1 [CE]: Scope and Administration
Standards
AFSI Standards
1997 ASI-77 Air Structures Design and Standards Manual
SECTION B GUIDE SPECIFICATIONS FOR AIR SUPPORTED STRUCTURES
Topics
Fire
2019 California Fire Code Amendments Handbook
DIVISION II ADMINISTRATION
Locations
Delaware
2015 International Fuel Gas Code (IFGC)
CHAPTER 3 GENERAL REGULATIONS
TC10_verifyCreateBookmark_atSection : PASSED
]]></system-out>
  </testcase>
  <testcase name="TC10_verifyCreateBookmark_atSection[Commentaries, 2021 Commentaries, 2021 IBC Code and Commentary Volume 1 (IBC), Chapter 3: Occupancy Classification and Use](2)" classname="com.Digitalcodes.testcases.Title_SectionPage_Test" time="40.078">
    <system-out><![CDATA[=======================================================
  
TC10_verifyCreateBookmark_atSection : PASSED
]]></system-out>
  </testcase>
  <testcase name="TC10_verifyCreateBookmark_atSection[Publisher, IAEI, 2023 Analysis of Changes, 2023 NEC, CHAPTER 2 WIRING AND PROTECTION](3)" classname="com.Digitalcodes.testcases.Title_SectionPage_Test" time="37.224">
    <system-out><![CDATA[=======================================================
  
TC10_verifyCreateBookmark_atSection : PASSED
]]></system-out>
  </testcase>
  <testcase name="TC10_verifyCreateBookmark_atSection[Resources, Energy, 2021 IECC Code and Commentary (IECC), Chapter 1 [CE]: Scope and Administration](4)" classname="com.Digitalcodes.testcases.Title_SectionPage_Test" time="39.673">
    <system-out><![CDATA[=======================================================
  
TC10_verifyCreateBookmark_atSection : PASSED
]]></system-out>
  </testcase>
  <testcase name="TC10_verifyCreateBookmark_atSection[Standards, AFSI Standards, 1997 ASI-77 Air Structures Design and Standards Manual, SECTION B GUIDE SPECIFICATIONS FOR AIR SUPPORTED STRUCTURES](5)" classname="com.Digitalcodes.testcases.Title_SectionPage_Test" time="36.049">
    <system-out><![CDATA[=======================================================
  
TC10_verifyCreateBookmark_atSection : PASSED
]]></system-out>
  </testcase>
  <testcase name="TC10_verifyCreateBookmark_atSection[Topics, Fire, 2019 California Fire Code Amendments Handbook, DIVISION II ADMINISTRATION](6)" classname="com.Digitalcodes.testcases.Title_SectionPage_Test" time="37.4">
    <system-out><![CDATA[=======================================================
  
TC10_verifyCreateBookmark_atSection : PASSED
]]></system-out>
  </testcase>
  <testcase name="TC10_verifyCreateBookmark_atSection[Locations, Delaware, 2015 International Fuel Gas Code (IFGC), CHAPTER 3 GENERAL REGULATIONS](7)" classname="com.Digitalcodes.testcases.Title_SectionPage_Test" time="35.418">
    <system-out><![CDATA[=======================================================
  
TC10_verifyCreateBookmark_atSection : PASSED
]]></system-out>
  </testcase>
  <testcase name="TC11_verifyShareSection_FromSection[I-Codes, 2021 I-Codes, 2021 International Building Code (IBC), CHAPTER 2 DEFINITIONS](1)" classname="com.Digitalcodes.testcases.Title_SectionPage_Test" time="20.856">
    <system-out><![CDATA[=======================================================
  
TC11_verifyShareSection_FromSection : PASSED
]]></system-out>
  </testcase>
  <testcase name="TC12_verifyPrintSection_FromSection[I-Codes, 2021 I-Codes, 2021 International Building Code (IBC), CHAPTER 2 DEFINITIONS](1)" classname="com.Digitalcodes.testcases.Title_SectionPage_Test" time="5.546">
    <system-out><![CDATA[=======================================================
  
TC12_verifyPrintSection_FromSection : PASSED
]]></system-out>
  </testcase>
  <testcase name="TC13_verifyShareNote_FromSction[I-Codes, 2021 I-Codes, 2021 International Building Code (IBC), CHAPTER 2 DEFINITIONS](1)" classname="com.Digitalcodes.testcases.Title_SectionPage_Test" time="9.906">
    <system-out><![CDATA[=======================================================
  
TC13_verifyShareNote_FromSction : PASSED
]]></system-out>
  </testcase>
  <testcase name="TC14_verifyEditNotes_FromSection" classname="com.Digitalcodes.testcases.Title_SectionPage_Test" time="10.149">
    <system-out><![CDATA[=======================================================
  
TC14_verifyEditNotes_FromSection : PASSED
]]></system-out>
  </testcase>
  <testcase name="TC15_verifyDeleteNotes_FromSection" classname="com.Digitalcodes.testcases.Title_SectionPage_Test" time="4.73">
    <system-out><![CDATA[=======================================================
  
TC15_verifyDeleteNotes_FromSection : PASSED
]]></system-out>
  </testcase>
  <testcase name="TC16_verifyShareBookmark_FromSection[I-Codes, 2021 I-Codes, 2021 International Building Code (IBC), CHAPTER 2 DEFINITIONS](1)" classname="com.Digitalcodes.testcases.Title_SectionPage_Test" time="25.641">
    <system-out><![CDATA[=======================================================
  
TC16_verifyShareBookmark_FromSection : PASSED
]]></system-out>
  </testcase>
  <testcase name="TC17_verifyEditBookmark_FromSection" classname="com.Digitalcodes.testcases.Title_SectionPage_Test" time="11.032">
    <system-out><![CDATA[=======================================================
  
TC17_verifyEditBookmark_FromSection : PASSED
]]></system-out>
  </testcase>
  <testcase name="TC18_verifyDeleteBookmark_FromSection" classname="com.Digitalcodes.testcases.Title_SectionPage_Test" time="4.81">
    <system-out><![CDATA[=======================================================
  
TC18_verifyDeleteBookmark_FromSection : PASSED
]]></system-out>
  </testcase>
  <testcase name="TC19_verifyLinksOnChapter[I-Codes, 2021 I-Codes, 2021 International Building Code (IBC), CHAPTER 2 DEFINITIONS](1)" classname="com.Digitalcodes.testcases.Title_SectionPage_Test" time="48.159">
    <system-out><![CDATA[=======================================================
  
TC19_verifyLinksOnChapter : PASSED
]]></system-out>
  </testcase>
  <testcase name="TC20_verifyCreateNotes_atSubsection[I-Codes, 2021 I-Codes, 2021 International Building Code (IBC), CHAPTER 2 DEFINITIONS](1)" classname="com.Digitalcodes.testcases.Title_SectionPage_Test" time="39.533">
    <system-out><![CDATA[=======================================================
  
TC20_verifyCreateNotes_atSubsection : PASSED
]]></system-out>
  </testcase>
  <testcase name="TC21_verifyCreateBookmark_atSubsection[I-Codes, 2021 I-Codes, 2021 International Building Code (IBC), CHAPTER 2 DEFINITIONS](1)" classname="com.Digitalcodes.testcases.Title_SectionPage_Test" time="39.527">
    <system-out><![CDATA[=======================================================
  
TC21_verifyCreateBookmark_atSubsection : PASSED
]]></system-out>
  </testcase>
  <testcase name="TC22_verifyShareSection_FromSubSection[I-Codes, 2021 I-Codes, 2021 International Building Code (IBC), CHAPTER 2 DEFINITIONS](1)" classname="com.Digitalcodes.testcases.Title_SectionPage_Test" time="21.995">
    <system-out><![CDATA[=======================================================
  
TC22_verifyShareSection_FromSubSection : PASSED
]]></system-out>
  </testcase>
  <testcase name="TC23_verifyPrintSection_FromSubSection" classname="com.Digitalcodes.testcases.Title_SectionPage_Test" time="8.153">
    <system-out><![CDATA[=======================================================
  
TC23_verifyPrintSection_FromSubSection : PASSED
]]></system-out>
  </testcase>
  <testcase name="TC24_verifyCreateNotes_atChildSubsection[I-Codes, 2021 I-Codes, 2021 International Building Code (IBC), CHAPTER 2 DEFINITIONS](1)" classname="com.Digitalcodes.testcases.Title_SectionPage_Test" time="81.44">
    <failure message="no such element: Unable to locate element: {&quot;method&quot;:&quot;xpath&quot;,&quot;selector&quot;:&quot;//div[@class=&quot;ql-editor ql-blank&quot;]&quot;}&#10;  (Session info: chrome=113.0.5672.93)&#10;For documentation on this error, please visit: https://selenium.dev/exceptions/#no_such_element&#10;Build info: version: &apos;4.9.0&apos;, revision: &apos;d7057100a6&apos;&#10;System info: os.name: &apos;Windows 10&apos;, os.arch: &apos;amd64&apos;, os.version: &apos;10.0&apos;, java.version: &apos;17.0.5&apos;&#10;Driver info: org.openqa.selenium.chrome.ChromeDriver&#10;Command: [7415e39701b3afd41a7626b294bec65d, findElement {using=xpath, value=//div[@class=&quot;ql-editor ql-blank&quot;]}]&#10;Capabilities {acceptInsecureCerts: false, browserName: chrome, browserVersion: 113.0.5672.93, chrome: {chromedriverVersion: 113.0.5672.63 (0e1a4471d5ae..., userDataDir: C:\Users\VRUSHA~1\AppData\L...}, goog:chromeOptions: {debuggerAddress: localhost:59446}, networkConnectionEnabled: false, pageLoadStrategy: normal, platformName: WINDOWS, proxy: Proxy(), se:cdp: ws://localhost:59446/devtoo..., se:cdpVersion: 113.0.5672.93, setWindowRect: true, strictFileInteractability: false, timeouts: {implicit: 0, pageLoad: 300000, script: 30000}, unhandledPromptBehavior: dismiss and notify, webauthn:extension:credBlob: true, webauthn:extension:largeBlob: true, webauthn:extension:minPinLength: true, webauthn:extension:prf: true, webauthn:virtualAuthenticators: true}&#10;Session ID: 7415e39701b3afd41a7626b294bec65d" type="org.openqa.selenium.NoSuchElementException"><![CDATA[org.openqa.selenium.NoSuchElementException: 
no such element: Unable to locate element: {"method":"xpath","selector":"//div[@class="ql-editor ql-blank"]"}
  (Session info: chrome=113.0.5672.93)
For documentation on this error, please visit: https://selenium.dev/exceptions/#no_such_element
Build info: version: '4.9.0', revision: 'd7057100a6'
System info: os.name: 'Windows 10', os.arch: 'amd64', os.version: '10.0', java.version: '17.0.5'
Driver info: org.openqa.selenium.chrome.ChromeDriver
Command: [7415e39701b3afd41a7626b294bec65d, findElement {using=xpath, value=//div[@class="ql-editor ql-blank"]}]
Capabilities {acceptInsecureCerts: false, browserName: chrome, browserVersion: 113.0.5672.93, chrome: {chromedriverVersion: 113.0.5672.63 (0e1a4471d5ae..., userDataDir: C:\Users\VRUSHA~1\AppData\L...}, goog:chromeOptions: {debuggerAddress: localhost:59446}, networkConnectionEnabled: false, pageLoadStrategy: normal, platformName: WINDOWS, proxy: Proxy(), se:cdp: ws://localhost:59446/devtoo..., se:cdpVersion: 113.0.5672.93, setWindowRect: true, strictFileInteractability: false, timeouts: {implicit: 0, pageLoad: 300000, script: 30000}, unhandledPromptBehavior: dismiss and notify, webauthn:extension:credBlob: true, webauthn:extension:largeBlob: true, webauthn:extension:minPinLength: true, webauthn:extension:prf: true, webauthn:virtualAuthenticators: true}
Session ID: 7415e39701b3afd41a7626b294bec65d
	at java.base/jdk.internal.reflect.NativeConstructorAccessorImpl.newInstance0(Native Method)
	at java.base/jdk.internal.reflect.NativeConstructorAccessorImpl.newInstance(NativeConstructorAccessorImpl.java:77)
	at java.base/jdk.internal.reflect.DelegatingConstructorAccessorImpl.newInstance(DelegatingConstructorAccessorImpl.java:45)
	at java.base/java.lang.reflect.Constructor.newInstanceWithCaller(Constructor.java:499)
	at java.base/java.lang.reflect.Constructor.newInstance(Constructor.java:480)
	at org.openqa.selenium.remote.codec.w3c.W3CHttpResponseCodec.createException(W3CHttpResponseCodec.java:200)
	at org.openqa.selenium.remote.codec.w3c.W3CHttpResponseCodec.decode(W3CHttpResponseCodec.java:133)
	at org.openqa.selenium.remote.codec.w3c.W3CHttpResponseCodec.decode(W3CHttpResponseCodec.java:53)
	at org.openqa.selenium.remote.HttpCommandExecutor.execute(HttpCommandExecutor.java:193)
	at org.openqa.selenium.remote.service.DriverCommandExecutor.invokeExecute(DriverCommandExecutor.java:183)
	at org.openqa.selenium.remote.service.DriverCommandExecutor.execute(DriverCommandExecutor.java:158)
	at org.openqa.selenium.remote.RemoteWebDriver.execute(RemoteWebDriver.java:543)
	at org.openqa.selenium.remote.ElementLocation$ElementFinder$2.findElement(ElementLocation.java:162)
	at org.openqa.selenium.remote.ElementLocation.findElement(ElementLocation.java:60)
	at org.openqa.selenium.remote.RemoteWebDriver.findElement(RemoteWebDriver.java:352)
	at org.openqa.selenium.remote.RemoteWebDriver.findElement(RemoteWebDriver.java:344)
	at org.openqa.selenium.support.pagefactory.DefaultElementLocator.findElement(DefaultElementLocator.java:70)
	at org.openqa.selenium.support.pagefactory.internal.LocatingElementHandler.invoke(LocatingElementHandler.java:39)
	at jdk.proxy2/jdk.proxy2.$Proxy19.clear(Unknown Source)
	at com.Digitalcodes.pageobject.TitleSection_Page.creatNote_FromChildSubSection(TitleSection_Page.java:286)
	at com.Digitalcodes.testcases.Title_SectionPage_Test.TC24_verifyCreateNotes_atChildSubsection(Title_SectionPage_Test.java:569)
	at java.base/jdk.internal.reflect.NativeMethodAccessorImpl.invoke0(Native Method)
	at java.base/jdk.internal.reflect.NativeMethodAccessorImpl.invoke(NativeMethodAccessorImpl.java:77)
	at java.base/jdk.internal.reflect.DelegatingMethodAccessorImpl.invoke(DelegatingMethodAccessorImpl.java:43)
	at java.base/java.lang.reflect.Method.invoke(Method.java:568)
	at org.testng.internal.MethodInvocationHelper.invokeMethod(MethodInvocationHelper.java:133)
	at org.testng.internal.TestInvoker.invokeMethod(TestInvoker.java:598)
	at org.testng.internal.TestInvoker.invokeTestMethod(TestInvoker.java:173)
	at org.testng.internal.MethodRunner.runInSequence(MethodRunner.java:46)
	at org.testng.internal.TestInvoker$MethodInvocationAgent.invoke(TestInvoker.java:824)
	at org.testng.internal.TestInvoker.invokeTestMethods(TestInvoker.java:146)
	at org.testng.internal.TestMethodWorker.invokeTestMethods(TestMethodWorker.java:146)
	at org.testng.internal.TestMethodWorker.run(TestMethodWorker.java:128)
	at java.base/java.util.ArrayList.forEach(ArrayList.java:1511)
	at org.testng.TestRunner.privateRun(TestRunner.java:794)
	at org.testng.TestRunner.run(TestRunner.java:596)
	at org.testng.SuiteRunner.runTest(SuiteRunner.java:377)
	at org.testng.SuiteRunner.runSequentially(SuiteRunner.java:371)
	at org.testng.SuiteRunner.privateRun(SuiteRunner.java:332)
	at org.testng.SuiteRunner.run(SuiteRunner.java:276)
	at org.testng.SuiteRunnerWorker.runSuite(SuiteRunnerWorker.java:53)
	at org.testng.SuiteRunnerWorker.run(SuiteRunnerWorker.java:96)
	at org.testng.TestNG.runSuitesSequentially(TestNG.java:1212)
	at org.testng.TestNG.runSuitesLocally(TestNG.java:1134)
	at org.testng.TestNG.runSuites(TestNG.java:1063)
	at org.testng.TestNG.run(TestNG.java:1031)
	at org.apache.maven.surefire.testng.TestNGExecutor.run(TestNGExecutor.java:308)
	at org.apache.maven.surefire.testng.TestNGXmlTestSuite.execute(TestNGXmlTestSuite.java:71)
	at org.apache.maven.surefire.testng.TestNGProvider.invoke(TestNGProvider.java:113)
	at org.apache.maven.surefire.booter.ForkedBooter.runSuitesInProcess(ForkedBooter.java:385)
	at org.apache.maven.surefire.booter.ForkedBooter.execute(ForkedBooter.java:162)
	at org.apache.maven.surefire.booter.ForkedBooter.run(ForkedBooter.java:507)
	at org.apache.maven.surefire.booter.ForkedBooter.main(ForkedBooter.java:495)
]]></failure>
    <system-out><![CDATA[=======================================================
  
TC24_verifyCreateNotes_atChildSubsection : FAILED
     
     
]]></system-out>
    <system-err><![CDATA[org.openqa.selenium.NoSuchElementException: no such element: Unable to locate element: {"method":"xpath","selector":"//div[@class="ql-editor ql-blank"]"}
  (Session info: chrome=113.0.5672.93)
For documentation on this error, please visit: https://selenium.dev/exceptions/#no_such_element
Build info: version: '4.9.0', revision: 'd7057100a6'
System info: os.name: 'Windows 10', os.arch: 'amd64', os.version: '10.0', java.version: '17.0.5'
Driver info: org.openqa.selenium.chrome.ChromeDriver
Command: [7415e39701b3afd41a7626b294bec65d, findElement {using=xpath, value=//div[@class="ql-editor ql-blank"]}]
Capabilities {acceptInsecureCerts: false, browserName: chrome, browserVersion: 113.0.5672.93, chrome: {chromedriverVersion: 113.0.5672.63 (0e1a4471d5ae..., userDataDir: C:\Users\VRUSHA~1\AppData\L...}, goog:chromeOptions: {debuggerAddress: localhost:59446}, networkConnectionEnabled: false, pageLoadStrategy: normal, platformName: WINDOWS, proxy: Proxy(), se:cdp: ws://localhost:59446/devtoo..., se:cdpVersion: 113.0.5672.93, setWindowRect: true, strictFileInteractability: false, timeouts: {implicit: 0, pageLoad: 300000, script: 30000}, unhandledPromptBehavior: dismiss and notify, webauthn:extension:credBlob: true, webauthn:extension:largeBlob: true, webauthn:extension:minPinLength: true, webauthn:extension:prf: true, webauthn:virtualAuthenticators: true}
Session ID: 7415e39701b3afd41a7626b294bec65d
	at java.base/jdk.internal.reflect.NativeConstructorAccessorImpl.newInstance0(Native Method)
	at java.base/jdk.internal.reflect.NativeConstructorAccessorImpl.newInstance(NativeConstructorAccessorImpl.java:77)
	at java.base/jdk.internal.reflect.DelegatingConstructorAccessorImpl.newInstance(DelegatingConstructorAccessorImpl.java:45)
	at java.base/java.lang.reflect.Constructor.newInstanceWithCaller(Constructor.java:499)
	at java.base/java.lang.reflect.Constructor.newInstance(Constructor.java:480)
	at org.openqa.selenium.remote.codec.w3c.W3CHttpResponseCodec.createException(W3CHttpResponseCodec.java:200)
	at org.openqa.selenium.remote.codec.w3c.W3CHttpResponseCodec.decode(W3CHttpResponseCodec.java:133)
	at org.openqa.selenium.remote.codec.w3c.W3CHttpResponseCodec.decode(W3CHttpResponseCodec.java:53)
	at org.openqa.selenium.remote.HttpCommandExecutor.execute(HttpCommandExecutor.java:193)
	at org.openqa.selenium.remote.service.DriverCommandExecutor.invokeExecute(DriverCommandExecutor.java:183)
	at org.openqa.selenium.remote.service.DriverCommandExecutor.execute(DriverCommandExecutor.java:158)
	at org.openqa.selenium.remote.RemoteWebDriver.execute(RemoteWebDriver.java:543)
	at org.openqa.selenium.remote.ElementLocation$ElementFinder$2.findElement(ElementLocation.java:162)
	at org.openqa.selenium.remote.ElementLocation.findElement(ElementLocation.java:60)
	at org.openqa.selenium.remote.RemoteWebDriver.findElement(RemoteWebDriver.java:352)
	at org.openqa.selenium.remote.RemoteWebDriver.findElement(RemoteWebDriver.java:344)
	at org.openqa.selenium.support.pagefactory.DefaultElementLocator.findElement(DefaultElementLocator.java:70)
	at org.openqa.selenium.support.pagefactory.internal.LocatingElementHandler.invoke(LocatingElementHandler.java:39)
	at jdk.proxy2/jdk.proxy2.$Proxy19.clear(Unknown Source)
	at com.Digitalcodes.pageobject.TitleSection_Page.creatNote_FromChildSubSection(TitleSection_Page.java:286)
	at com.Digitalcodes.testcases.Title_SectionPage_Test.TC24_verifyCreateNotes_atChildSubsection(Title_SectionPage_Test.java:569)
	at java.base/jdk.internal.reflect.NativeMethodAccessorImpl.invoke0(Native Method)
	at java.base/jdk.internal.reflect.NativeMethodAccessorImpl.invoke(NativeMethodAccessorImpl.java:77)
	at java.base/jdk.internal.reflect.DelegatingMethodAccessorImpl.invoke(DelegatingMethodAccessorImpl.java:43)
	at java.base/java.lang.reflect.Method.invoke(Method.java:568)
	at org.testng.internal.MethodInvocationHelper.invokeMethod(MethodInvocationHelper.java:133)
	at org.testng.internal.TestInvoker.invokeMethod(TestInvoker.java:598)
	at org.testng.internal.TestInvoker.invokeTestMethod(TestInvoker.java:173)
	at org.testng.internal.MethodRunner.runInSequence(MethodRunner.java:46)
	at org.testng.internal.TestInvoker$MethodInvocationAgent.invoke(TestInvoker.java:824)
	at org.testng.internal.TestInvoker.invokeTestMethods(TestInvoker.java:146)
	at org.testng.internal.TestMethodWorker.invokeTestMethods(TestMethodWorker.java:146)
	at org.testng.internal.TestMethodWorker.run(TestMethodWorker.java:128)
	at java.base/java.util.ArrayList.forEach(ArrayList.java:1511)
	at org.testng.TestRunner.privateRun(TestRunner.java:794)
	at org.testng.TestRunner.run(TestRunner.java:596)
	at org.testng.SuiteRunner.runTest(SuiteRunner.java:377)
	at org.testng.SuiteRunner.runSequentially(SuiteRunner.java:371)
	at org.testng.SuiteRunner.privateRun(SuiteRunner.java:332)
	at org.testng.SuiteRunner.run(SuiteRunner.java:276)
	at org.testng.SuiteRunnerWorker.runSuite(SuiteRunnerWorker.java:53)
	at org.testng.SuiteRunnerWorker.run(SuiteRunnerWorker.java:96)
	at org.testng.TestNG.runSuitesSequentially(TestNG.java:1212)
	at org.testng.TestNG.runSuitesLocally(TestNG.java:1134)
	at org.testng.TestNG.runSuites(TestNG.java:1063)
	at org.testng.TestNG.run(TestNG.java:1031)
	at org.apache.maven.surefire.testng.TestNGExecutor.run(TestNGExecutor.java:308)
	at org.apache.maven.surefire.testng.TestNGXmlTestSuite.execute(TestNGXmlTestSuite.java:71)
	at org.apache.maven.surefire.testng.TestNGProvider.invoke(TestNGProvider.java:113)
	at org.apache.maven.surefire.booter.ForkedBooter.runSuitesInProcess(ForkedBooter.java:385)
	at org.apache.maven.surefire.booter.ForkedBooter.execute(ForkedBooter.java:162)
	at org.apache.maven.surefire.booter.ForkedBooter.run(ForkedBooter.java:507)
	at org.apache.maven.surefire.booter.ForkedBooter.main(ForkedBooter.java:495)
]]></system-err>
  </testcase>
  <testcase name="TC25_verifyCreateBookmark_atChildSubsection[I-Codes, 2021 I-Codes, 2021 International Building Code (IBC), CHAPTER 2 DEFINITIONS](1)" classname="com.Digitalcodes.testcases.Title_SectionPage_Test" time="36.51">
    <system-out><![CDATA[=======================================================
  
TC25_verifyCreateBookmark_atChildSubsection : PASSED
]]></system-out>
  </testcase>
</testsuite>