<?xml version="1.0" encoding="UTF-8"?>
<testsuite xmlns:xsi="http://www.w3.org/2001/XMLSchema-instance" xsi:schemaLocation="https://maven.apache.org/surefire/maven-surefire-plugin/xsd/surefire-test-report.xsd" name="TestSuite" time="349.803" tests="16" errors="0" skipped="0" failures="2">
  <properties>
[...]
</properties>
  <testcase name="TC01_loginValidData" classname="com.Digitalcodes.testcases.Login_Test" time="9.472"/>
  <testcase name="TC02_verifyUserInformation" classname="com.Digitalcodes.testcases.Login_Test" time="7.642"/>
  <testcase name="TC04_verifyTitleLandingPage" classname="com.Digitalcodes.testcases.Title_LandingPage_Test" time="10.324"/>
  <testcase name="TC05_verifyMarkFavoriteTitle" classname="com.Digitalcodes.testcases.Title_LandingPage_Test" time="49.323"/>
  <testcase name="TC07_verifyMyNotes_FromTOC" classname="com.Digitalcodes.testcases.TableOfContent_Test" time="18.807"/>
  <testcase name="TC09_verifyCreateNotes_atSection" classname="com.Digitalcodes.testcases.Title_SectionPage_Test" time="37.078"/>
  <testcase name="TC10_verifyCreateBookmark_atSection" classname="com.Digitalcodes.testcases.Title_SectionPage_Test" time="37.8"/>
  <testcase name="TC11_verifyShareSection_FromSection" classname="com.Digitalcodes.testcases.Title_SectionPage_Test" time="22.691"/>
  <testcase name="TC11_verifyPrintSection_FromSection" classname="com.Digitalcodes.testcases.Title_SectionPage_Test" time="1.655"/>
  <testcase name="TC13_verifyShareNote_FromSction" classname="com.Digitalcodes.testcases.Title_SectionPage_Test" time="12.417"/>
  <testcase name="TC14_verifyEditNotes_FromSection" classname="com.Digitalcodes.testcases.Title_SectionPage_Test" time="8.505"/>
  <testcase name="TC15_verifyDeleteNotes_FromSection" classname="com.Digitalcodes.testcases.Title_SectionPage_Test" time="12.155">
    <failure message="expected [false] but found [true]" type="java.lang.AssertionError">java.lang.AssertionError: expected [false] but found [true]
	at com.Digitalcodes.testcases.Title_SectionPage_Test.TC15_verifyDeleteNotes_FromSection(Title_SectionPage_Test.java:332)
</failure>
    <system-out><![CDATA[=======================================================
  
Click delete
Click Remove
Text in My Notes after delete notes :- You currently do not have any annotations or bookmarks for this book.
Description :-  Verify user able to delete Notes from Section
TC15_verifyDeleteNotes_FromSection : FAILED
     
     
]]></system-out>
    <system-err><![CDATA[java.lang.AssertionError: expected [false] but found [true]
	at org.testng.Assert.fail(Assert.java:110)
	at org.testng.Assert.failNotEquals(Assert.java:1577)
	at org.testng.Assert.assertFalse(Assert.java:78)
	at org.testng.Assert.assertFalse(Assert.java:88)
	at com.Digitalcodes.utilities.Baseclass.assertFalse(Baseclass.java:299)
	at com.Digitalcodes.testcases.Title_SectionPage_Test.TC15_verifyDeleteNotes_FromSection(Title_SectionPage_Test.java:332)
	at java.base/jdk.internal.reflect.NativeMethodAccessorImpl.invoke0(Native Method)
	at java.base/jdk.internal.reflect.NativeMethodAccessorImpl.invoke(NativeMethodAccessorImpl.java:77)
	at java.base/jdk.internal.reflect.DelegatingMethodAccessorImpl.invoke(DelegatingMethodAccessorImpl.java:43)
	at java.base/java.lang.reflect.Method.invoke(Method.java:568)
	at org.testng.internal.invokers.MethodInvocationHelper.invokeMethod(MethodInvocationHelper.java:139)
	at org.testng.internal.invokers.TestInvoker.invokeMethod(TestInvoker.java:677)
	at org.testng.internal.invokers.TestInvoker.invokeTestMethod(TestInvoker.java:221)
	at org.testng.internal.invokers.MethodRunner.runInSequence(MethodRunner.java:50)
	at org.testng.internal.invokers.TestInvoker$MethodInvocationAgent.invoke(TestInvoker.java:969)
	at org.testng.internal.invokers.TestInvoker.invokeTestMethods(TestInvoker.java:194)
	at org.testng.internal.invokers.TestMethodWorker.invokeTestMethods(TestMethodWorker.java:148)
	at org.testng.internal.invokers.TestMethodWorker.run(TestMethodWorker.java:128)
	at java.base/java.util.ArrayList.forEach(ArrayList.java:1511)
	at org.testng.TestRunner.privateRun(TestRunner.java:829)
	at org.testng.TestRunner.run(TestRunner.java:602)
	at org.testng.SuiteRunner.runTest(SuiteRunner.java:437)
	at org.testng.SuiteRunner.runSequentially(SuiteRunner.java:431)
	at org.testng.SuiteRunner.privateRun(SuiteRunner.java:391)
	at org.testng.SuiteRunner.run(SuiteRunner.java:330)
	at org.testng.SuiteRunnerWorker.runSuite(SuiteRunnerWorker.java:52)
	at org.testng.SuiteRunnerWorker.run(SuiteRunnerWorker.java:95)
	at org.testng.TestNG.runSuitesSequentially(TestNG.java:1256)
	at org.testng.TestNG.runSuitesLocally(TestNG.java:1176)
	at org.testng.TestNG.runSuites(TestNG.java:1099)
	at org.testng.TestNG.run(TestNG.java:1067)
	at org.apache.maven.surefire.testng.TestNGExecutor.run(TestNGExecutor.java:281)
	at org.apache.maven.surefire.testng.TestNGXmlTestSuite.execute(TestNGXmlTestSuite.java:75)
	at org.apache.maven.surefire.testng.TestNGProvider.invoke(TestNGProvider.java:121)
	at org.apache.maven.surefire.booter.ForkedBooter.invokeProviderInSameClassLoader(ForkedBooter.java:290)
	at org.apache.maven.surefire.booter.ForkedBooter.runSuitesInProcess(ForkedBooter.java:242)
	at org.apache.maven.surefire.booter.ForkedBooter.main(ForkedBooter.java:121)
]]></system-err>
  </testcase>
  <testcase name="TC16_verifyShareBookmark_FromSection" classname="com.Digitalcodes.testcases.Title_SectionPage_Test" time="32.372"/>
  <testcase name="TC17_verifyEditBookmark_FromSection" classname="com.Digitalcodes.testcases.Title_SectionPage_Test" time="9.501"/>
  <testcase name="TC18_verifyDeleteBookmark_FromSection" classname="com.Digitalcodes.testcases.Title_SectionPage_Test" time="11.721">
    <failure message="expected [false] but found [true]" type="java.lang.AssertionError">java.lang.AssertionError: expected [false] but found [true]
	at com.Digitalcodes.testcases.Title_SectionPage_Test.TC18_verifyDeleteBookmark_FromSection(Title_SectionPage_Test.java:429)
</failure>
    <system-out><![CDATA[=======================================================
  
Click delete
Click Remove
Text in My Notes after delete bookmark :- You currently do not have any annotations or bookmarks for this book.
Description :-  Verify user able to Delete Bookmark from Section
TC18_verifyDeleteBookmark_FromSection : FAILED
     
     
]]></system-out>
    <system-err><![CDATA[java.lang.AssertionError: expected [false] but found [true]
	at org.testng.Assert.fail(Assert.java:110)
	at org.testng.Assert.failNotEquals(Assert.java:1577)
	at org.testng.Assert.assertFalse(Assert.java:78)
	at org.testng.Assert.assertFalse(Assert.java:88)
	at com.Digitalcodes.utilities.Baseclass.assertFalse(Baseclass.java:299)
	at com.Digitalcodes.testcases.Title_SectionPage_Test.TC18_verifyDeleteBookmark_FromSection(Title_SectionPage_Test.java:429)
	at java.base/jdk.internal.reflect.NativeMethodAccessorImpl.invoke0(Native Method)
	at java.base/jdk.internal.reflect.NativeMethodAccessorImpl.invoke(NativeMethodAccessorImpl.java:77)
	at java.base/jdk.internal.reflect.DelegatingMethodAccessorImpl.invoke(DelegatingMethodAccessorImpl.java:43)
	at java.base/java.lang.reflect.Method.invoke(Method.java:568)
	at org.testng.internal.invokers.MethodInvocationHelper.invokeMethod(MethodInvocationHelper.java:139)
	at org.testng.internal.invokers.TestInvoker.invokeMethod(TestInvoker.java:677)
	at org.testng.internal.invokers.TestInvoker.invokeTestMethod(TestInvoker.java:221)
	at org.testng.internal.invokers.MethodRunner.runInSequence(MethodRunner.java:50)
	at org.testng.internal.invokers.TestInvoker$MethodInvocationAgent.invoke(TestInvoker.java:969)
	at org.testng.internal.invokers.TestInvoker.invokeTestMethods(TestInvoker.java:194)
	at org.testng.internal.invokers.TestMethodWorker.invokeTestMethods(TestMethodWorker.java:148)
	at org.testng.internal.invokers.TestMethodWorker.run(TestMethodWorker.java:128)
	at java.base/java.util.ArrayList.forEach(ArrayList.java:1511)
	at org.testng.TestRunner.privateRun(TestRunner.java:829)
	at org.testng.TestRunner.run(TestRunner.java:602)
	at org.testng.SuiteRunner.runTest(SuiteRunner.java:437)
	at org.testng.SuiteRunner.runSequentially(SuiteRunner.java:431)
	at org.testng.SuiteRunner.privateRun(SuiteRunner.java:391)
	at org.testng.SuiteRunner.run(SuiteRunner.java:330)
	at org.testng.SuiteRunnerWorker.runSuite(SuiteRunnerWorker.java:52)
	at org.testng.SuiteRunnerWorker.run(SuiteRunnerWorker.java:95)
	at org.testng.TestNG.runSuitesSequentially(TestNG.java:1256)
	at org.testng.TestNG.runSuitesLocally(TestNG.java:1176)
	at org.testng.TestNG.runSuites(TestNG.java:1099)
	at org.testng.TestNG.run(TestNG.java:1067)
	at org.apache.maven.surefire.testng.TestNGExecutor.run(TestNGExecutor.java:281)
	at org.apache.maven.surefire.testng.TestNGXmlTestSuite.execute(TestNGXmlTestSuite.java:75)
	at org.apache.maven.surefire.testng.TestNGProvider.invoke(TestNGProvider.java:121)
	at org.apache.maven.surefire.booter.ForkedBooter.invokeProviderInSameClassLoader(ForkedBooter.java:290)
	at org.apache.maven.surefire.booter.ForkedBooter.runSuitesInProcess(ForkedBooter.java:242)
	at org.apache.maven.surefire.booter.ForkedBooter.main(ForkedBooter.java:121)
]]></system-err>
  </testcase>
  <testcase name="TC19_verifyLinksOnChapter" classname="com.Digitalcodes.testcases.Title_SectionPage_Test" time="44.689"/>
</testsuite>