<?xml version="1.0" encoding="UTF-8"?>
<testng-results skipped="0" failed="0" ignored="0" total="7" passed="7">
  <reporter-output>
  </reporter-output>
  <suite name="Suite" duration-ms="175766" started-at="2023-01-28T13:05:09 IST" finished-at="2023-01-28T13:08:05 IST">
    <groups>
    </groups>
    <test name="Test" duration-ms="175766" started-at="2023-01-28T13:05:09 IST" finished-at="2023-01-28T13:08:05 IST">
      <class name="com.Digitalcodes.TestCase.TC_Loginpage">
        <test-method status="PASS" signature="setdata(java.lang.String)[pri:0, instance:com.Digitalcodes.TestCase.TC_Loginpage@24b1d79b]" name="setdata" is-config="true" duration-ms="37683" started-at="2023-01-28T13:04:32 IST" finished-at="2023-01-28T13:05:09 IST">
          <params>
            <param index="0">
              <value>
                <![CDATA[Smoke]]>
              </value>
            </param>
          </params>
          <reporter-output>
          </reporter-output>
        </test-method> <!-- setdata -->
        <test-method status="PASS" signature="TC1()[pri:1, instance:com.Digitalcodes.TestCase.TC_Loginpage@24b1d79b]" name="TC1" duration-ms="10203" started-at="2023-01-28T13:05:09 IST" description="User able to Login" finished-at="2023-01-28T13:05:20 IST">
          <reporter-output>
          </reporter-output>
        </test-method> <!-- TC1 -->
        <test-method status="PASS" signature="log_result(org.testng.ITestResult)[pri:0, instance:com.Digitalcodes.TestCase.TC_Loginpage@24b1d79b]" name="log_result" is-config="true" duration-ms="6154" started-at="2023-01-28T13:05:20 IST" finished-at="2023-01-28T13:05:26 IST">
          <params>
            <param index="0">
              <value>
                <![CDATA[[TestResult name=TC1 status=SUCCESS method=TC_Loginpage.TC1()[pri:1, instance:com.Digitalcodes.TestCase.TC_Loginpage@24b1d79b] output={null}]]]>
              </value>
            </param>
          </params>
          <reporter-output>
          </reporter-output>
        </test-method> <!-- log_result -->
        <test-method status="PASS" signature="TC1_1()[pri:0, instance:com.Digitalcodes.TestCase.TC_Loginpage@24b1d79b]" name="TC1_1" duration-ms="7285" started-at="2023-01-28T13:05:26 IST" description="Verify user able to see user name and subscription type" depends-on-methods="com.Digitalcodes.TestCase.TC_Loginpage.TC1" finished-at="2023-01-28T13:05:33 IST">
          <reporter-output>
          </reporter-output>
        </test-method> <!-- TC1_1 -->
        <test-method status="PASS" signature="log_result(org.testng.ITestResult)[pri:0, instance:com.Digitalcodes.TestCase.TC_Loginpage@24b1d79b]" name="log_result" is-config="true" duration-ms="5508" started-at="2023-01-28T13:05:33 IST" finished-at="2023-01-28T13:05:38 IST">
          <params>
            <param index="0">
              <value>
                <![CDATA[[TestResult name=TC1_1 status=SUCCESS method=TC_Loginpage.TC1_1()[pri:0, instance:com.Digitalcodes.TestCase.TC_Loginpage@24b1d79b] output={null}]]]>
              </value>
            </param>
          </params>
          <reporter-output>
          </reporter-output>
        </test-method> <!-- log_result -->
        <test-method status="PASS" signature="TC4()[pri:2, instance:com.Digitalcodes.TestCase.TC_Loginpage@24b1d79b]" name="TC4" duration-ms="64788" started-at="2023-01-28T13:05:38 IST" description="Verify user able to navigate to Title" finished-at="2023-01-28T13:06:43 IST">
          <reporter-output>
          </reporter-output>
        </test-method> <!-- TC4 -->
        <test-method status="PASS" signature="log_result(org.testng.ITestResult)[pri:0, instance:com.Digitalcodes.TestCase.TC_Loginpage@24b1d79b]" name="log_result" is-config="true" duration-ms="5511" started-at="2023-01-28T13:06:43 IST" finished-at="2023-01-28T13:06:49 IST">
          <params>
            <param index="0">
              <value>
                <![CDATA[[TestResult name=TC4 status=SUCCESS method=TC_Loginpage.TC4()[pri:2, instance:com.Digitalcodes.TestCase.TC_Loginpage@24b1d79b] output={null}]]]>
              </value>
            </param>
          </params>
          <reporter-output>
          </reporter-output>
        </test-method> <!-- log_result -->
        <test-method status="PASS" signature="TC5()[pri:3, instance:com.Digitalcodes.TestCase.TC_Loginpage@24b1d79b]" name="TC5" duration-ms="3637" started-at="2023-01-28T13:06:49 IST" description="Verify User able to navigat to my notes" finished-at="2023-01-28T13:06:52 IST">
          <reporter-output>
          </reporter-output>
        </test-method> <!-- TC5 -->
        <test-method status="PASS" signature="log_result(org.testng.ITestResult)[pri:0, instance:com.Digitalcodes.TestCase.TC_Loginpage@24b1d79b]" name="log_result" is-config="true" duration-ms="5600" started-at="2023-01-28T13:06:52 IST" finished-at="2023-01-28T13:06:58 IST">
          <params>
            <param index="0">
              <value>
                <![CDATA[[TestResult name=TC5 status=SUCCESS method=TC_Loginpage.TC5()[pri:3, instance:com.Digitalcodes.TestCase.TC_Loginpage@24b1d79b] output={null}]]]>
              </value>
            </param>
          </params>
          <reporter-output>
          </reporter-output>
        </test-method> <!-- log_result -->
        <test-method status="PASS" signature="TC6()[pri:4, instance:com.Digitalcodes.TestCase.TC_Loginpage@24b1d79b]" name="TC6" duration-ms="17852" started-at="2023-01-28T13:06:58 IST" description="Verify user able to navigate to section from TOC" finished-at="2023-01-28T13:07:16 IST">
          <reporter-output>
          </reporter-output>
        </test-method> <!-- TC6 -->
        <test-method status="PASS" signature="log_result(org.testng.ITestResult)[pri:0, instance:com.Digitalcodes.TestCase.TC_Loginpage@24b1d79b]" name="log_result" is-config="true" duration-ms="5496" started-at="2023-01-28T13:07:16 IST" finished-at="2023-01-28T13:07:21 IST">
          <params>
            <param index="0">
              <value>
                <![CDATA[[TestResult name=TC6 status=SUCCESS method=TC_Loginpage.TC6()[pri:4, instance:com.Digitalcodes.TestCase.TC_Loginpage@24b1d79b] output={null}]]]>
              </value>
            </param>
          </params>
          <reporter-output>
          </reporter-output>
        </test-method> <!-- log_result -->
        <test-method status="PASS" signature="TC7()[pri:5, instance:com.Digitalcodes.TestCase.TC_Loginpage@24b1d79b]" name="TC7" duration-ms="31234" started-at="2023-01-28T13:07:21 IST" description="Verify user able to click on apps" finished-at="2023-01-28T13:07:53 IST">
          <reporter-output>
          </reporter-output>
        </test-method> <!-- TC7 -->
        <test-method status="PASS" signature="log_result(org.testng.ITestResult)[pri:0, instance:com.Digitalcodes.TestCase.TC_Loginpage@24b1d79b]" name="log_result" is-config="true" duration-ms="5429" started-at="2023-01-28T13:07:53 IST" finished-at="2023-01-28T13:07:58 IST">
          <params>
            <param index="0">
              <value>
                <![CDATA[[TestResult name=TC7 status=SUCCESS method=TC_Loginpage.TC7()[pri:5, instance:com.Digitalcodes.TestCase.TC_Loginpage@24b1d79b] output={null}]]]>
              </value>
            </param>
          </params>
          <reporter-output>
          </reporter-output>
        </test-method> <!-- log_result -->
        <test-method status="PASS" signature="TC8()[pri:6, instance:com.Digitalcodes.TestCase.TC_Loginpage@24b1d79b]" name="TC8" duration-ms="1360" started-at="2023-01-28T13:07:58 IST" description="Verify user able to create notes" finished-at="2023-01-28T13:07:59 IST">
          <reporter-output>
          </reporter-output>
        </test-method> <!-- TC8 -->
        <test-method status="PASS" signature="log_result(org.testng.ITestResult)[pri:0, instance:com.Digitalcodes.TestCase.TC_Loginpage@24b1d79b]" name="log_result" is-config="true" duration-ms="5512" started-at="2023-01-28T13:07:59 IST" finished-at="2023-01-28T13:08:05 IST">
          <params>
            <param index="0">
              <value>
                <![CDATA[[TestResult name=TC8 status=SUCCESS method=TC_Loginpage.TC8()[pri:6, instance:com.Digitalcodes.TestCase.TC_Loginpage@24b1d79b] output={null}]]]>
              </value>
            </param>
          </params>
          <reporter-output>
          </reporter-output>
        </test-method> <!-- log_result -->
        <test-method status="PASS" signature="afterSuite()[pri:0, instance:com.Digitalcodes.TestCase.TC_Loginpage@24b1d79b]" name="afterSuite" is-config="true" duration-ms="7484" started-at="2023-01-28T13:08:05 IST" finished-at="2023-01-28T13:08:13 IST">
          <reporter-output>
          </reporter-output>
        </test-method> <!-- afterSuite -->
      </class> <!-- com.Digitalcodes.TestCase.TC_Loginpage -->
    </test> <!-- Test -->
  </suite> <!-- Suite -->
</testng-results>
