<?xml version="1.0" encoding="UTF-8"?>
<testng-results ignored="44" total="118" passed="60" failed="14" skipped="0">
  <reporter-output>
  </reporter-output>
  <suite started-at="2023-08-08T16:50:49 IST" name="Regression test" finished-at="2023-08-08T17:16:12 IST" duration-ms="1523228">
    <groups>
      <group name="Regression">
        <method signature="ContentSearch_Test.TC42_verifySearchWithinTitle(java.lang.String,java.lang.String,java.lang.String,java.lang.String,java.lang.String)[pri:1, instance:com.Digitalcodes.testcases.ContentSearch_Test@6ffa56fa]" name="TC42_verifySearchWithinTitle" class="com.Digitalcodes.testcases.ContentSearch_Test"/>
        <method signature="ContentSearch_Test.TC43_verifyText_FiltersApplyed()[pri:0, instance:com.Digitalcodes.testcases.ContentSearch_Test@6ffa56fa]" name="TC43_verifyText_FiltersApplyed" class="com.Digitalcodes.testcases.ContentSearch_Test"/>
        <method signature="ContentSearch_Test.TC44_verifyContentSearch(java.lang.String,java.lang.String)[pri:2, instance:com.Digitalcodes.testcases.ContentSearch_Test@6ffa56fa]" name="TC44_verifyContentSearch" class="com.Digitalcodes.testcases.ContentSearch_Test"/>
        <method signature="ContentSearch_Test.TC46_verifyJumpToSection(java.lang.String,java.lang.String)[pri:3, instance:com.Digitalcodes.testcases.ContentSearch_Test@6ffa56fa]" name="TC46_verifyJumpToSection" class="com.Digitalcodes.testcases.ContentSearch_Test"/>
        <method signature="ContentSearch_Test.TC47_verifyCopyAndPrintThisSection()[pri:4, instance:com.Digitalcodes.testcases.ContentSearch_Test@6ffa56fa]" name="TC47_verifyCopyAndPrintThisSection" class="com.Digitalcodes.testcases.ContentSearch_Test"/>
        <method signature="ContentSearch_Test.TC48_verifyShareThisSection()[pri:4, instance:com.Digitalcodes.testcases.ContentSearch_Test@6ffa56fa]" name="TC48_verifyShareThisSection" class="com.Digitalcodes.testcases.ContentSearch_Test"/>
        <method signature="ContentSearch_Test.TC49_verifyCreateBookmark()[pri:5, instance:com.Digitalcodes.testcases.ContentSearch_Test@6ffa56fa]" name="TC49_verifyCreateBookmark" class="com.Digitalcodes.testcases.ContentSearch_Test"/>
        <method signature="ContentSearch_Test.TC50_verifyShareEditDeleteBookmark(java.lang.String,java.lang.String)[pri:6, instance:com.Digitalcodes.testcases.ContentSearch_Test@6ffa56fa]" name="TC50_verifyShareEditDeleteBookmark" class="com.Digitalcodes.testcases.ContentSearch_Test"/>
        <method signature="ContentSearch_Test.TC51_verifyAdvanceTermSearch(java.lang.String,java.lang.String,java.lang.String,java.lang.String)[pri:7, instance:com.Digitalcodes.testcases.ContentSearch_Test@6ffa56fa]" name="TC51_verifyAdvanceTermSearch" class="com.Digitalcodes.testcases.ContentSearch_Test"/>
        <method signature="ContentSearch_Test.TC52_verifyNearSearch(java.lang.String,java.lang.String)[pri:8, instance:com.Digitalcodes.testcases.ContentSearch_Test@6ffa56fa]" name="TC52_verifyNearSearch" class="com.Digitalcodes.testcases.ContentSearch_Test"/>
        <method signature="ContentSearch_Test.TC53_verifyShowRelevantTitles(java.lang.String,java.lang.String)[pri:9, instance:com.Digitalcodes.testcases.ContentSearch_Test@6ffa56fa]" name="TC53_verifyShowRelevantTitles" class="com.Digitalcodes.testcases.ContentSearch_Test"/>
        <method signature="ContentSearch_Test.TC54_verifySaveDeleteContentSerach(java.lang.String,java.lang.String)[pri:10, instance:com.Digitalcodes.testcases.ContentSearch_Test@6ffa56fa]" name="TC54_verifySaveDeleteContentSerach" class="com.Digitalcodes.testcases.ContentSearch_Test"/>
        <method signature="ContentSearch_Test.TC55_verifymarkFavorite_unFavoriteTitleformConetntSearch(java.lang.String,java.lang.String)[pri:11, instance:com.Digitalcodes.testcases.ContentSearch_Test@6ffa56fa]" name="TC55_verifymarkFavorite_unFavoriteTitleformConetntSearch" class="com.Digitalcodes.testcases.ContentSearch_Test"/>
        <method signature="ContentSearch_Test.TC56_verifyPaginationinContentSearch(java.lang.String,java.lang.String)[pri:12, instance:com.Digitalcodes.testcases.ContentSearch_Test@6ffa56fa]" name="TC56_verifyPaginationinContentSearch" class="com.Digitalcodes.testcases.ContentSearch_Test"/>
        <method signature="PremiumTools_QuickAccess_Test.TC37_verifyAccessSection_QuickAccess(java.lang.String,java.lang.String,java.lang.String,java.lang.Object,java.lang.String)[pri:1, instance:com.Digitalcodes.testcases.PremiumTools_QuickAccess_Test@747d1932]" name="TC37_verifyAccessSection_QuickAccess" class="com.Digitalcodes.testcases.PremiumTools_QuickAccess_Test"/>
        <method signature="PremiumTools_QuickAccess_Test.TC38_verifyActionsOnSection_QuickAccess(java.lang.String,java.lang.String)[pri:2, instance:com.Digitalcodes.testcases.PremiumTools_QuickAccess_Test@747d1932]" name="TC38_verifyActionsOnSection_QuickAccess" class="com.Digitalcodes.testcases.PremiumTools_QuickAccess_Test"/>
        <method signature="PremiumTools_QuickAccess_Test.TC39_verifyShare_Edit_DeleteBookmakr_QuickAccess(java.lang.String,java.lang.String)[pri:3, instance:com.Digitalcodes.testcases.PremiumTools_QuickAccess_Test@747d1932]" name="TC39_verifyShare_Edit_DeleteBookmakr_QuickAccess" class="com.Digitalcodes.testcases.PremiumTools_QuickAccess_Test"/>
        <method signature="PremiumTools_QuickAccess_Test.TC40_verifyRecentlyQuickAccessedSections_QuickAccess(java.lang.String,java.lang.String)[pri:4, instance:com.Digitalcodes.testcases.PremiumTools_QuickAccess_Test@747d1932]" name="TC40_verifyRecentlyQuickAccessedSections_QuickAccess" class="com.Digitalcodes.testcases.PremiumTools_QuickAccess_Test"/>
        <method signature="Title_ASTMStanderds_Test.TC34_verifyNavigateToASTM_FromLinks(java.lang.String,java.lang.String,java.lang.String,java.lang.String,java.lang.String,java.lang.String)[pri:1, instance:com.Digitalcodes.testcases.Title_ASTMStanderds_Test@6c575325]" name="TC34_verifyNavigateToASTM_FromLinks" class="com.Digitalcodes.testcases.Title_ASTMStanderds_Test"/>
        <method signature="Title_ASTMStanderds_Test.TC35_verifyNavigateToASTM(java.lang.String,java.lang.String,java.lang.String,java.lang.String,java.lang.String)[pri:2, instance:com.Digitalcodes.testcases.Title_ASTMStanderds_Test@6c575325]" name="TC35_verifyNavigateToASTM" class="com.Digitalcodes.testcases.Title_ASTMStanderds_Test"/>
        <method signature="Title_ASTMStanderds_Test.TC36_verifyASTMSection()[pri:0, instance:com.Digitalcodes.testcases.Title_ASTMStanderds_Test@6c575325]" name="TC36_verifyASTMSection" class="com.Digitalcodes.testcases.Title_ASTMStanderds_Test"/>
        <method signature="Title_Basic_Test.TC33_verifyNgviateToBasicTitle(java.lang.String,java.lang.String,java.lang.String)[pri:1, instance:com.Digitalcodes.testcases.Title_Basic_Test@719d35e8]" name="TC33_verifyNgviateToBasicTitle" class="com.Digitalcodes.testcases.Title_Basic_Test"/>
        <method signature="Title_Commentary_Test.TC34_verifyHideCommentary(java.lang.String,java.lang.String,java.lang.String,java.lang.String)[pri:1, instance:com.Digitalcodes.testcases.Title_Commentary_Test@571a9686]" name="TC34_verifyHideCommentary" class="com.Digitalcodes.testcases.Title_Commentary_Test"/>
        <method signature="Title_SectionPage_Test.TC09_verifyCreateNotes_atSection(java.lang.String,java.lang.String,java.lang.String,java.lang.String,java.lang.String)[pri:1, instance:com.Digitalcodes.testcases.Title_SectionPage_Test@59c33386]" name="TC09_verifyCreateNotes_atSection" class="com.Digitalcodes.testcases.Title_SectionPage_Test"/>
        <method signature="Title_SectionPage_Test.TC10_verifyCreateBookmark_atSection(java.lang.String,java.lang.String,java.lang.String,java.lang.String,java.lang.String)[pri:2, instance:com.Digitalcodes.testcases.Title_SectionPage_Test@59c33386]" name="TC10_verifyCreateBookmark_atSection" class="com.Digitalcodes.testcases.Title_SectionPage_Test"/>
        <method signature="Title_SectionPage_Test.TC11_verifyShareSection_FromSection(java.lang.String,java.lang.String,java.lang.String,java.lang.String,java.lang.String)[pri:3, instance:com.Digitalcodes.testcases.Title_SectionPage_Test@59c33386]" name="TC11_verifyShareSection_FromSection" class="com.Digitalcodes.testcases.Title_SectionPage_Test"/>
        <method signature="Title_SectionPage_Test.TC12_verifyPrintSection_FromSection()[pri:0, instance:com.Digitalcodes.testcases.Title_SectionPage_Test@59c33386]" name="TC12_verifyPrintSection_FromSection" class="com.Digitalcodes.testcases.Title_SectionPage_Test"/>
        <method signature="Title_SectionPage_Test.TC13_verifyShareNote_FromSction(java.lang.String,java.lang.String,java.lang.String,java.lang.String,java.lang.String)[pri:4, instance:com.Digitalcodes.testcases.Title_SectionPage_Test@59c33386]" name="TC13_verifyShareNote_FromSction" class="com.Digitalcodes.testcases.Title_SectionPage_Test"/>
        <method signature="Title_SectionPage_Test.TC14_verifyEditNotes_FromSection()[pri:0, instance:com.Digitalcodes.testcases.Title_SectionPage_Test@59c33386]" name="TC14_verifyEditNotes_FromSection" class="com.Digitalcodes.testcases.Title_SectionPage_Test"/>
        <method signature="Title_SectionPage_Test.TC15_verifyDeleteNotes_FromSection()[pri:0, instance:com.Digitalcodes.testcases.Title_SectionPage_Test@59c33386]" name="TC15_verifyDeleteNotes_FromSection" class="com.Digitalcodes.testcases.Title_SectionPage_Test"/>
        <method signature="Title_SectionPage_Test.TC16_verifyShareBookmark_FromSection(java.lang.String,java.lang.String,java.lang.String,java.lang.String,java.lang.String)[pri:5, instance:com.Digitalcodes.testcases.Title_SectionPage_Test@59c33386]" name="TC16_verifyShareBookmark_FromSection" class="com.Digitalcodes.testcases.Title_SectionPage_Test"/>
        <method signature="Title_SectionPage_Test.TC17_verifyEditBookmark_FromSection()[pri:0, instance:com.Digitalcodes.testcases.Title_SectionPage_Test@59c33386]" name="TC17_verifyEditBookmark_FromSection" class="com.Digitalcodes.testcases.Title_SectionPage_Test"/>
        <method signature="Title_SectionPage_Test.TC18_verifyDeleteBookmark_FromSection()[pri:0, instance:com.Digitalcodes.testcases.Title_SectionPage_Test@59c33386]" name="TC18_verifyDeleteBookmark_FromSection" class="com.Digitalcodes.testcases.Title_SectionPage_Test"/>
        <method signature="Title_SectionPage_Test.TC19_verifyLinksOnChapter(java.lang.String,java.lang.String,java.lang.String,java.lang.String,java.lang.String)[pri:6, instance:com.Digitalcodes.testcases.Title_SectionPage_Test@59c33386]" name="TC19_verifyLinksOnChapter" class="com.Digitalcodes.testcases.Title_SectionPage_Test"/>
        <method signature="Title_SectionPage_Test.TC20_verifyCreateNotes_atSubsection(java.lang.String,java.lang.String,java.lang.String,java.lang.String,java.lang.String)[pri:7, instance:com.Digitalcodes.testcases.Title_SectionPage_Test@59c33386]" name="TC20_verifyCreateNotes_atSubsection" class="com.Digitalcodes.testcases.Title_SectionPage_Test"/>
        <method signature="Title_SectionPage_Test.TC21_verifyCreateBookmark_atSubsection(java.lang.String,java.lang.String,java.lang.String,java.lang.String,java.lang.String)[pri:8, instance:com.Digitalcodes.testcases.Title_SectionPage_Test@59c33386]" name="TC21_verifyCreateBookmark_atSubsection" class="com.Digitalcodes.testcases.Title_SectionPage_Test"/>
        <method signature="Title_SectionPage_Test.TC22_verifyShareSection_FromSubSection(java.lang.String,java.lang.String,java.lang.String,java.lang.String,java.lang.String)[pri:9, instance:com.Digitalcodes.testcases.Title_SectionPage_Test@59c33386]" name="TC22_verifyShareSection_FromSubSection" class="com.Digitalcodes.testcases.Title_SectionPage_Test"/>
        <method signature="Title_SectionPage_Test.TC24_verifyCreateNotes_atChildSubsection(java.lang.String,java.lang.String,java.lang.String,java.lang.String,java.lang.String)[pri:11, instance:com.Digitalcodes.testcases.Title_SectionPage_Test@59c33386]" name="TC24_verifyCreateNotes_atChildSubsection" class="com.Digitalcodes.testcases.Title_SectionPage_Test"/>
        <method signature="Title_SectionPage_Test.TC25_verifyCreateBookmark_atChildSubsection(java.lang.String,java.lang.String,java.lang.String,java.lang.String,java.lang.String)[pri:12, instance:com.Digitalcodes.testcases.Title_SectionPage_Test@59c33386]" name="TC25_verifyCreateBookmark_atChildSubsection" class="com.Digitalcodes.testcases.Title_SectionPage_Test"/>
        <method signature="Title_SectionPage_Test.TC26_verifyShareSection_atChildSubsection(java.lang.String,java.lang.String,java.lang.String,java.lang.String,java.lang.String)[pri:13, instance:com.Digitalcodes.testcases.Title_SectionPage_Test@59c33386]" name="TC26_verifyShareSection_atChildSubsection" class="com.Digitalcodes.testcases.Title_SectionPage_Test"/>
        <method signature="Title_SectionPage_Test.TC27_verifyPrintSection_FromChildSubSection()[pri:14, instance:com.Digitalcodes.testcases.Title_SectionPage_Test@59c33386]" name="TC27_verifyPrintSection_FromChildSubSection" class="com.Digitalcodes.testcases.Title_SectionPage_Test"/>
        <method signature="Login_Test.TC01_loginValidData(java.lang.String,java.lang.String,java.lang.String,java.lang.String,java.lang.String)[pri:1, instance:com.Digitalcodes.testcases.Login_Test@7ed9499e]" name="TC01_loginValidData" class="com.Digitalcodes.testcases.Login_Test"/>
        <method signature="Login_Test.TC02_verifyUserInformation()[pri:2, instance:com.Digitalcodes.testcases.Login_Test@7ed9499e]" name="TC02_verifyUserInformation" class="com.Digitalcodes.testcases.Login_Test"/>
        <method signature="Registration_Test.TC_Registeruser_ValidData()[pri:1, instance:com.Digitalcodes.testcases.Registration_Test@77e7246b]" name="TC_Registeruser_ValidData" class="com.Digitalcodes.testcases.Registration_Test"/>
        <method signature="TableOfContent_Test.TC07_verifyMyNotes_FromTOC(java.lang.String,java.lang.String,java.lang.String,java.lang.String,java.lang.String)[pri:1, instance:com.Digitalcodes.testcases.TableOfContent_Test@10acd6]" name="TC07_verifyMyNotes_FromTOC" class="com.Digitalcodes.testcases.TableOfContent_Test"/>
        <method signature="Title_LandingPage_Test.TC04_verifyTitleLandingPage(java.lang.String,java.lang.String,java.lang.String,java.lang.String,java.lang.String)[pri:1, instance:com.Digitalcodes.testcases.Title_LandingPage_Test@244e619a]" name="TC04_verifyTitleLandingPage" class="com.Digitalcodes.testcases.Title_LandingPage_Test"/>
        <method signature="Title_LandingPage_Test.TC05_verifyMarkFavoriteTitle(java.lang.String,java.lang.String,java.lang.String,java.lang.String,java.lang.String)[pri:2, instance:com.Digitalcodes.testcases.Title_LandingPage_Test@244e619a]" name="TC05_verifyMarkFavoriteTitle" class="com.Digitalcodes.testcases.Title_LandingPage_Test"/>
        <method signature="Title_LandingPage_Test.TC06_verifyChangeVersion_ReleatedTitles_Categories(java.lang.String,java.lang.String,java.lang.String,java.lang.String,java.lang.String)[pri:3, instance:com.Digitalcodes.testcases.Title_LandingPage_Test@244e619a]" name="TC06_verifyChangeVersion_ReleatedTitles_Categories" class="com.Digitalcodes.testcases.Title_LandingPage_Test"/>
        <method signature="Title_Purchase_Test.TC_PurchaseTitle()[pri:2, instance:com.Digitalcodes.testcases.Title_Purchase_Test@28e19366]" name="TC_PurchaseTitle" class="com.Digitalcodes.testcases.Title_Purchase_Test"/>
        <method signature="Title_Purchase_Test.TC_verifyUpdateQutentiy_RemoveIncart()[pri:1, instance:com.Digitalcodes.testcases.Title_Purchase_Test@28e19366]" name="TC_verifyUpdateQutentiy_RemoveIncart" class="com.Digitalcodes.testcases.Title_Purchase_Test"/>
        <method signature="Title_SectionPage_Test.TC23_verifyPrintSection_FromSubSection()[pri:10, instance:com.Digitalcodes.testcases.Title_SectionPage_Test@59c33386]" name="TC23_verifyPrintSection_FromSubSection" class="com.Digitalcodes.testcases.Title_SectionPage_Test"/>
      </group> <!-- Regression -->
      <group name="Smoke">
        <method signature="ContentSearch_Test.TC42_verifySearchWithinTitle(java.lang.String,java.lang.String,java.lang.String,java.lang.String,java.lang.String)[pri:1, instance:com.Digitalcodes.testcases.ContentSearch_Test@6ffa56fa]" name="TC42_verifySearchWithinTitle" class="com.Digitalcodes.testcases.ContentSearch_Test"/>
        <method signature="ContentSearch_Test.TC43_verifyText_FiltersApplyed()[pri:0, instance:com.Digitalcodes.testcases.ContentSearch_Test@6ffa56fa]" name="TC43_verifyText_FiltersApplyed" class="com.Digitalcodes.testcases.ContentSearch_Test"/>
        <method signature="ContentSearch_Test.TC44_verifyContentSearch(java.lang.String,java.lang.String)[pri:2, instance:com.Digitalcodes.testcases.ContentSearch_Test@6ffa56fa]" name="TC44_verifyContentSearch" class="com.Digitalcodes.testcases.ContentSearch_Test"/>
        <method signature="ContentSearch_Test.TC46_verifyJumpToSection(java.lang.String,java.lang.String)[pri:3, instance:com.Digitalcodes.testcases.ContentSearch_Test@6ffa56fa]" name="TC46_verifyJumpToSection" class="com.Digitalcodes.testcases.ContentSearch_Test"/>
        <method signature="ContentSearch_Test.TC47_verifyCopyAndPrintThisSection()[pri:4, instance:com.Digitalcodes.testcases.ContentSearch_Test@6ffa56fa]" name="TC47_verifyCopyAndPrintThisSection" class="com.Digitalcodes.testcases.ContentSearch_Test"/>
        <method signature="ContentSearch_Test.TC48_verifyShareThisSection()[pri:4, instance:com.Digitalcodes.testcases.ContentSearch_Test@6ffa56fa]" name="TC48_verifyShareThisSection" class="com.Digitalcodes.testcases.ContentSearch_Test"/>
        <method signature="ContentSearch_Test.TC49_verifyCreateBookmark()[pri:5, instance:com.Digitalcodes.testcases.ContentSearch_Test@6ffa56fa]" name="TC49_verifyCreateBookmark" class="com.Digitalcodes.testcases.ContentSearch_Test"/>
        <method signature="ContentSearch_Test.TC50_verifyShareEditDeleteBookmark(java.lang.String,java.lang.String)[pri:6, instance:com.Digitalcodes.testcases.ContentSearch_Test@6ffa56fa]" name="TC50_verifyShareEditDeleteBookmark" class="com.Digitalcodes.testcases.ContentSearch_Test"/>
        <method signature="ContentSearch_Test.TC51_verifyAdvanceTermSearch(java.lang.String,java.lang.String,java.lang.String,java.lang.String)[pri:7, instance:com.Digitalcodes.testcases.ContentSearch_Test@6ffa56fa]" name="TC51_verifyAdvanceTermSearch" class="com.Digitalcodes.testcases.ContentSearch_Test"/>
        <method signature="ContentSearch_Test.TC52_verifyNearSearch(java.lang.String,java.lang.String)[pri:8, instance:com.Digitalcodes.testcases.ContentSearch_Test@6ffa56fa]" name="TC52_verifyNearSearch" class="com.Digitalcodes.testcases.ContentSearch_Test"/>
        <method signature="ContentSearch_Test.TC53_verifyShowRelevantTitles(java.lang.String,java.lang.String)[pri:9, instance:com.Digitalcodes.testcases.ContentSearch_Test@6ffa56fa]" name="TC53_verifyShowRelevantTitles" class="com.Digitalcodes.testcases.ContentSearch_Test"/>
        <method signature="ContentSearch_Test.TC54_verifySaveDeleteContentSerach(java.lang.String,java.lang.String)[pri:10, instance:com.Digitalcodes.testcases.ContentSearch_Test@6ffa56fa]" name="TC54_verifySaveDeleteContentSerach" class="com.Digitalcodes.testcases.ContentSearch_Test"/>
        <method signature="ContentSearch_Test.TC55_verifymarkFavorite_unFavoriteTitleformConetntSearch(java.lang.String,java.lang.String)[pri:11, instance:com.Digitalcodes.testcases.ContentSearch_Test@6ffa56fa]" name="TC55_verifymarkFavorite_unFavoriteTitleformConetntSearch" class="com.Digitalcodes.testcases.ContentSearch_Test"/>
        <method signature="ContentSearch_Test.TC56_verifyPaginationinContentSearch(java.lang.String,java.lang.String)[pri:12, instance:com.Digitalcodes.testcases.ContentSearch_Test@6ffa56fa]" name="TC56_verifyPaginationinContentSearch" class="com.Digitalcodes.testcases.ContentSearch_Test"/>
        <method signature="PremiumTools_QuickAccess_Test.TC37_verifyAccessSection_QuickAccess(java.lang.String,java.lang.String,java.lang.String,java.lang.Object,java.lang.String)[pri:1, instance:com.Digitalcodes.testcases.PremiumTools_QuickAccess_Test@747d1932]" name="TC37_verifyAccessSection_QuickAccess" class="com.Digitalcodes.testcases.PremiumTools_QuickAccess_Test"/>
        <method signature="PremiumTools_QuickAccess_Test.TC38_verifyActionsOnSection_QuickAccess(java.lang.String,java.lang.String)[pri:2, instance:com.Digitalcodes.testcases.PremiumTools_QuickAccess_Test@747d1932]" name="TC38_verifyActionsOnSection_QuickAccess" class="com.Digitalcodes.testcases.PremiumTools_QuickAccess_Test"/>
        <method signature="PremiumTools_QuickAccess_Test.TC39_verifyShare_Edit_DeleteBookmakr_QuickAccess(java.lang.String,java.lang.String)[pri:3, instance:com.Digitalcodes.testcases.PremiumTools_QuickAccess_Test@747d1932]" name="TC39_verifyShare_Edit_DeleteBookmakr_QuickAccess" class="com.Digitalcodes.testcases.PremiumTools_QuickAccess_Test"/>
        <method signature="Title_ASTMStanderds_Test.TC34_verifyNavigateToASTM_FromLinks(java.lang.String,java.lang.String,java.lang.String,java.lang.String,java.lang.String,java.lang.String)[pri:1, instance:com.Digitalcodes.testcases.Title_ASTMStanderds_Test@6c575325]" name="TC34_verifyNavigateToASTM_FromLinks" class="com.Digitalcodes.testcases.Title_ASTMStanderds_Test"/>
        <method signature="Title_ASTMStanderds_Test.TC35_verifyNavigateToASTM(java.lang.String,java.lang.String,java.lang.String,java.lang.String,java.lang.String)[pri:2, instance:com.Digitalcodes.testcases.Title_ASTMStanderds_Test@6c575325]" name="TC35_verifyNavigateToASTM" class="com.Digitalcodes.testcases.Title_ASTMStanderds_Test"/>
        <method signature="Title_ASTMStanderds_Test.TC36_verifyASTMSection()[pri:0, instance:com.Digitalcodes.testcases.Title_ASTMStanderds_Test@6c575325]" name="TC36_verifyASTMSection" class="com.Digitalcodes.testcases.Title_ASTMStanderds_Test"/>
        <method signature="Title_Basic_Test.TC33_verifyNgviateToBasicTitle(java.lang.String,java.lang.String,java.lang.String)[pri:1, instance:com.Digitalcodes.testcases.Title_Basic_Test@719d35e8]" name="TC33_verifyNgviateToBasicTitle" class="com.Digitalcodes.testcases.Title_Basic_Test"/>
        <method signature="Title_Commentary_Test.TC34_verifyHideCommentary(java.lang.String,java.lang.String,java.lang.String,java.lang.String)[pri:1, instance:com.Digitalcodes.testcases.Title_Commentary_Test@571a9686]" name="TC34_verifyHideCommentary" class="com.Digitalcodes.testcases.Title_Commentary_Test"/>
        <method signature="Title_SectionPage_Test.TC09_verifyCreateNotes_atSection(java.lang.String,java.lang.String,java.lang.String,java.lang.String,java.lang.String)[pri:1, instance:com.Digitalcodes.testcases.Title_SectionPage_Test@59c33386]" name="TC09_verifyCreateNotes_atSection" class="com.Digitalcodes.testcases.Title_SectionPage_Test"/>
        <method signature="Title_SectionPage_Test.TC10_verifyCreateBookmark_atSection(java.lang.String,java.lang.String,java.lang.String,java.lang.String,java.lang.String)[pri:2, instance:com.Digitalcodes.testcases.Title_SectionPage_Test@59c33386]" name="TC10_verifyCreateBookmark_atSection" class="com.Digitalcodes.testcases.Title_SectionPage_Test"/>
        <method signature="Title_SectionPage_Test.TC11_verifyShareSection_FromSection(java.lang.String,java.lang.String,java.lang.String,java.lang.String,java.lang.String)[pri:3, instance:com.Digitalcodes.testcases.Title_SectionPage_Test@59c33386]" name="TC11_verifyShareSection_FromSection" class="com.Digitalcodes.testcases.Title_SectionPage_Test"/>
        <method signature="Title_SectionPage_Test.TC12_verifyPrintSection_FromSection()[pri:0, instance:com.Digitalcodes.testcases.Title_SectionPage_Test@59c33386]" name="TC12_verifyPrintSection_FromSection" class="com.Digitalcodes.testcases.Title_SectionPage_Test"/>
        <method signature="Title_SectionPage_Test.TC13_verifyShareNote_FromSction(java.lang.String,java.lang.String,java.lang.String,java.lang.String,java.lang.String)[pri:4, instance:com.Digitalcodes.testcases.Title_SectionPage_Test@59c33386]" name="TC13_verifyShareNote_FromSction" class="com.Digitalcodes.testcases.Title_SectionPage_Test"/>
        <method signature="Title_SectionPage_Test.TC14_verifyEditNotes_FromSection()[pri:0, instance:com.Digitalcodes.testcases.Title_SectionPage_Test@59c33386]" name="TC14_verifyEditNotes_FromSection" class="com.Digitalcodes.testcases.Title_SectionPage_Test"/>
        <method signature="Title_SectionPage_Test.TC15_verifyDeleteNotes_FromSection()[pri:0, instance:com.Digitalcodes.testcases.Title_SectionPage_Test@59c33386]" name="TC15_verifyDeleteNotes_FromSection" class="com.Digitalcodes.testcases.Title_SectionPage_Test"/>
        <method signature="Title_SectionPage_Test.TC16_verifyShareBookmark_FromSection(java.lang.String,java.lang.String,java.lang.String,java.lang.String,java.lang.String)[pri:5, instance:com.Digitalcodes.testcases.Title_SectionPage_Test@59c33386]" name="TC16_verifyShareBookmark_FromSection" class="com.Digitalcodes.testcases.Title_SectionPage_Test"/>
        <method signature="Title_SectionPage_Test.TC17_verifyEditBookmark_FromSection()[pri:0, instance:com.Digitalcodes.testcases.Title_SectionPage_Test@59c33386]" name="TC17_verifyEditBookmark_FromSection" class="com.Digitalcodes.testcases.Title_SectionPage_Test"/>
        <method signature="Title_SectionPage_Test.TC18_verifyDeleteBookmark_FromSection()[pri:0, instance:com.Digitalcodes.testcases.Title_SectionPage_Test@59c33386]" name="TC18_verifyDeleteBookmark_FromSection" class="com.Digitalcodes.testcases.Title_SectionPage_Test"/>
        <method signature="Title_SectionPage_Test.TC19_verifyLinksOnChapter(java.lang.String,java.lang.String,java.lang.String,java.lang.String,java.lang.String)[pri:6, instance:com.Digitalcodes.testcases.Title_SectionPage_Test@59c33386]" name="TC19_verifyLinksOnChapter" class="com.Digitalcodes.testcases.Title_SectionPage_Test"/>
        <method signature="Login_Test.TC01_loginValidData(java.lang.String,java.lang.String,java.lang.String,java.lang.String,java.lang.String)[pri:1, instance:com.Digitalcodes.testcases.Login_Test@7ed9499e]" name="TC01_loginValidData" class="com.Digitalcodes.testcases.Login_Test"/>
        <method signature="Login_Test.TC02_verifyUserInformation()[pri:2, instance:com.Digitalcodes.testcases.Login_Test@7ed9499e]" name="TC02_verifyUserInformation" class="com.Digitalcodes.testcases.Login_Test"/>
        <method signature="Registration_Test.TC_Registeruser_ValidData()[pri:1, instance:com.Digitalcodes.testcases.Registration_Test@77e7246b]" name="TC_Registeruser_ValidData" class="com.Digitalcodes.testcases.Registration_Test"/>
        <method signature="TableOfContent_Test.TC07_verifyMyNotes_FromTOC(java.lang.String,java.lang.String,java.lang.String,java.lang.String,java.lang.String)[pri:1, instance:com.Digitalcodes.testcases.TableOfContent_Test@10acd6]" name="TC07_verifyMyNotes_FromTOC" class="com.Digitalcodes.testcases.TableOfContent_Test"/>
        <method signature="Title_LandingPage_Test.TC04_verifyTitleLandingPage(java.lang.String,java.lang.String,java.lang.String,java.lang.String,java.lang.String)[pri:1, instance:com.Digitalcodes.testcases.Title_LandingPage_Test@244e619a]" name="TC04_verifyTitleLandingPage" class="com.Digitalcodes.testcases.Title_LandingPage_Test"/>
        <method signature="Title_LandingPage_Test.TC05_verifyMarkFavoriteTitle(java.lang.String,java.lang.String,java.lang.String,java.lang.String,java.lang.String)[pri:2, instance:com.Digitalcodes.testcases.Title_LandingPage_Test@244e619a]" name="TC05_verifyMarkFavoriteTitle" class="com.Digitalcodes.testcases.Title_LandingPage_Test"/>
        <method signature="Title_Purchase_Test.TC_PurchaseTitle()[pri:2, instance:com.Digitalcodes.testcases.Title_Purchase_Test@28e19366]" name="TC_PurchaseTitle" class="com.Digitalcodes.testcases.Title_Purchase_Test"/>
      </group> <!-- Smoke -->
      <group name="Section">
        <method signature="Title_SectionPage_Test.TC09_verifyCreateNotes_atSection(java.lang.String,java.lang.String,java.lang.String,java.lang.String,java.lang.String)[pri:1, instance:com.Digitalcodes.testcases.Title_SectionPage_Test@59c33386]" name="TC09_verifyCreateNotes_atSection" class="com.Digitalcodes.testcases.Title_SectionPage_Test"/>
      </group> <!-- Section -->
    </groups>
    <test started-at="2023-08-08T16:50:49 IST" name="Regression for Premium user" finished-at="2023-08-08T17:16:12 IST" duration-ms="1523228">
      <class name="com.Digitalcodes.testcases.PremiumTools_QuickAccess_Test">
        <test-method is-config="true" signature="beforeClass()[pri:0, instance:com.Digitalcodes.testcases.PremiumTools_QuickAccess_Test@747d1932]" started-at="2023-08-08T17:13:42 IST" name="beforeClass" finished-at="2023-08-08T17:13:42 IST" duration-ms="5" status="PASS">
          <reporter-output>
          </reporter-output>
        </test-method> <!-- beforeClass -->
        <test-method signature="TC37_verifyAccessSection_QuickAccess(java.lang.String,java.lang.String,java.lang.String,java.lang.Object,java.lang.String)[pri:1, instance:com.Digitalcodes.testcases.PremiumTools_QuickAccess_Test@747d1932]" started-at="2023-08-08T17:13:42 IST" name="TC37_verifyAccessSection_QuickAccess" description="Verify user able to Access section from Quick Access" data-provider="QuickAccessSection" finished-at="2023-08-08T17:13:55 IST" duration-ms="12730" status="PASS">
          <params>
            <param index="0">
              <value>
                <![CDATA[2021 IBC]]>
              </value>
            </param>
            <param index="1">
              <value>
                <![CDATA[2021 International Building Code (IBC)]]>
              </value>
            </param>
            <param index="2">
              <value>
                <![CDATA[Second Version: Sep 2021]]>
              </value>
            </param>
            <param index="3">
              <value>
                <![CDATA[101.]]>
              </value>
            </param>
            <param index="4">
              <value>
                <![CDATA[[A]101.1 Title.]]>
              </value>
            </param>
          </params>
          <reporter-output>
          </reporter-output>
        </test-method> <!-- TC37_verifyAccessSection_QuickAccess -->
        <test-method is-config="true" signature="log_result(org.testng.ITestResult)[pri:0, instance:com.Digitalcodes.testcases.PremiumTools_QuickAccess_Test@747d1932]" started-at="2023-08-08T17:13:55 IST" name="log_result" finished-at="2023-08-08T17:13:55 IST" duration-ms="294" status="PASS">
          <params>
            <param index="0">
              <value>
                <![CDATA[[TestResult name=TC37_verifyAccessSection_QuickAccess status=SUCCESS method=PremiumTools_QuickAccess_Test.TC37_verifyAccessSection_QuickAccess(java.lang.String,java.lang.String,java.lang.String,java.lang.Object,java.lang.String)[pri:1, instance:com.Digitalcodes.testcases.PremiumTools_QuickAccess_Test@747d1932] output={null}]]]>
              </value>
            </param>
          </params>
          <reporter-output>
          </reporter-output>
        </test-method> <!-- log_result -->
        <test-method signature="TC38_verifyActionsOnSection_QuickAccess(java.lang.String,java.lang.String)[pri:2, instance:com.Digitalcodes.testcases.PremiumTools_QuickAccess_Test@747d1932]" started-at="2023-08-08T17:13:55 IST" name="TC38_verifyActionsOnSection_QuickAccess" description="Verify user able to Jump, Copy, Print, Share, Bookmark Section from Quick Access" data-provider="RecentlyAccessSection" finished-at="2023-08-08T17:14:14 IST" duration-ms="18725" status="FAIL">
          <params>
            <param index="0">
              <value>
                <![CDATA[[A]101.1 Title.]]>
              </value>
            </param>
            <param index="1">
              <value>
                <![CDATA[2021 International Building Code (IBC)]]>
              </value>
            </param>
          </params>
          <exception class="java.lang.Exception">
            <message>
              <![CDATA[[A]101.1 Title. Or Automation User Or Default any one on this is not correct showing in My Notes and Bookmark]]>
            </message>
            <full-stacktrace>
              <![CDATA[java.lang.Exception: [A]101.1 Title. Or Automation User Or Default any one on this is not correct showing in My Notes and Bookmark
at com.Digitalcodes.pageobject.MenuMyNotesandBookmark_Page.verifyDetails(MenuMyNotesandBookmark_Page.java:108)
at com.Digitalcodes.testcases.PremiumTools_QuickAccess_Test.TC38_verifyActionsOnSection_QuickAccess(PremiumTools_QuickAccess_Test.java:144)
at java.base/jdk.internal.reflect.NativeMethodAccessorImpl.invoke0(Native Method)
at java.base/jdk.internal.reflect.NativeMethodAccessorImpl.invoke(NativeMethodAccessorImpl.java:77)
at java.base/jdk.internal.reflect.DelegatingMethodAccessorImpl.invoke(DelegatingMethodAccessorImpl.java:43)
at java.base/java.lang.reflect.Method.invoke(Method.java:568)
at org.testng.internal.MethodInvocationHelper.invokeMethod(MethodInvocationHelper.java:133)
at org.testng.internal.TestInvoker.invokeMethod(TestInvoker.java:598)
at org.testng.internal.TestInvoker.invokeTestMethod(TestInvoker.java:173)
at org.testng.internal.MethodRunner.runInSequence(MethodRunner.java:46)
at org.testng.internal.TestInvoker$MethodInvocationAgent.invoke(TestInvoker.java:824)
at org.testng.internal.TestInvoker.invokeTestMethods(TestInvoker.java:146)
at org.testng.internal.TestMethodWorker.invokeTestMethods(TestMethodWorker.java:146)
at org.testng.internal.TestMethodWorker.run(TestMethodWorker.java:128)
at java.base/java.util.ArrayList.forEach(ArrayList.java:1511)
at org.testng.TestRunner.privateRun(TestRunner.java:794)
at org.testng.TestRunner.run(TestRunner.java:596)
at org.testng.SuiteRunner.runTest(SuiteRunner.java:377)
at org.testng.SuiteRunner.runSequentially(SuiteRunner.java:371)
at org.testng.SuiteRunner.privateRun(SuiteRunner.java:332)
at org.testng.SuiteRunner.run(SuiteRunner.java:276)
at org.testng.SuiteRunnerWorker.runSuite(SuiteRunnerWorker.java:53)
at org.testng.SuiteRunnerWorker.run(SuiteRunnerWorker.java:96)
at org.testng.TestNG.runSuitesSequentially(TestNG.java:1212)
at org.testng.TestNG.runSuitesLocally(TestNG.java:1134)
at org.testng.TestNG.runSuites(TestNG.java:1063)
at org.testng.TestNG.run(TestNG.java:1031)
at org.testng.remote.AbstractRemoteTestNG.run(AbstractRemoteTestNG.java:115)
at org.testng.remote.RemoteTestNG.initAndRun(RemoteTestNG.java:251)
at org.testng.remote.RemoteTestNG.main(RemoteTestNG.java:77)
]]>
            </full-stacktrace>
          </exception> <!-- java.lang.Exception -->
          <reporter-output>
          </reporter-output>
        </test-method> <!-- TC38_verifyActionsOnSection_QuickAccess -->
        <test-method is-config="true" signature="log_result(org.testng.ITestResult)[pri:0, instance:com.Digitalcodes.testcases.PremiumTools_QuickAccess_Test@747d1932]" started-at="2023-08-08T17:14:14 IST" name="log_result" finished-at="2023-08-08T17:14:14 IST" duration-ms="22" status="PASS">
          <params>
            <param index="0">
              <value>
                <![CDATA[[TestResult name=TC38_verifyActionsOnSection_QuickAccess status=FAILURE method=PremiumTools_QuickAccess_Test.TC38_verifyActionsOnSection_QuickAccess(java.lang.String,java.lang.String)[pri:2, instance:com.Digitalcodes.testcases.PremiumTools_QuickAccess_Test@747d1932] output={null}]]]>
              </value>
            </param>
          </params>
          <reporter-output>
          </reporter-output>
        </test-method> <!-- log_result -->
        <test-method signature="TC39_verifyShare_Edit_DeleteBookmakr_QuickAccess(java.lang.String,java.lang.String)[pri:3, instance:com.Digitalcodes.testcases.PremiumTools_QuickAccess_Test@747d1932]" started-at="2023-08-08T17:14:14 IST" name="TC39_verifyShare_Edit_DeleteBookmakr_QuickAccess" description="Verify user able to Share, Edit, Delete Bookmark from Quick Access" data-provider="RecentlyAccessSection" finished-at="2023-08-08T17:16:09 IST" duration-ms="114565" status="FAIL">
          <params>
            <param index="0">
              <value>
                <![CDATA[[A]101.1 Title.]]>
              </value>
            </param>
            <param index="1">
              <value>
                <![CDATA[2021 International Building Code (IBC)]]>
              </value>
            </param>
          </params>
          <exception class="org.openqa.selenium.TimeoutException">
            <message>
              <![CDATA[Expected condition failed: waiting for element to be clickable: Proxy element for: DefaultElementLocator 'By.xpath: //i[text()='delete']' (tried for 60 second(s) with 500 milliseconds interval)]]>
            </message>
            <full-stacktrace>
              <![CDATA[org.openqa.selenium.TimeoutException: Expected condition failed: waiting for element to be clickable: Proxy element for: DefaultElementLocator 'By.xpath: //i[text()='delete']' (tried for 60 second(s) with 500 milliseconds interval)
at org.openqa.selenium.support.ui.WebDriverWait.timeoutException(WebDriverWait.java:87)
at org.openqa.selenium.support.ui.FluentWait.until(FluentWait.java:231)
at com.Digitalcodes.utilities.Baseclass.click(Baseclass.java:260)
at com.Digitalcodes.pageobject.TitleSection_Page.deleteNotes__Bookmark(TitleSection_Page.java:595)
at com.Digitalcodes.testcases.PremiumTools_QuickAccess_Test.TC39_verifyShare_Edit_DeleteBookmakr_QuickAccess(PremiumTools_QuickAccess_Test.java:188)
at java.base/jdk.internal.reflect.NativeMethodAccessorImpl.invoke0(Native Method)
at java.base/jdk.internal.reflect.NativeMethodAccessorImpl.invoke(NativeMethodAccessorImpl.java:77)
at java.base/jdk.internal.reflect.DelegatingMethodAccessorImpl.invoke(DelegatingMethodAccessorImpl.java:43)
at java.base/java.lang.reflect.Method.invoke(Method.java:568)
at org.testng.internal.MethodInvocationHelper.invokeMethod(MethodInvocationHelper.java:133)
at org.testng.internal.TestInvoker.invokeMethod(TestInvoker.java:598)
at org.testng.internal.TestInvoker.invokeTestMethod(TestInvoker.java:173)
at org.testng.internal.MethodRunner.runInSequence(MethodRunner.java:46)
at org.testng.internal.TestInvoker$MethodInvocationAgent.invoke(TestInvoker.java:824)
at org.testng.internal.TestInvoker.invokeTestMethods(TestInvoker.java:146)
at org.testng.internal.TestMethodWorker.invokeTestMethods(TestMethodWorker.java:146)
at org.testng.internal.TestMethodWorker.run(TestMethodWorker.java:128)
at java.base/java.util.ArrayList.forEach(ArrayList.java:1511)
at org.testng.TestRunner.privateRun(TestRunner.java:794)
at org.testng.TestRunner.run(TestRunner.java:596)
at org.testng.SuiteRunner.runTest(SuiteRunner.java:377)
at org.testng.SuiteRunner.runSequentially(SuiteRunner.java:371)
at org.testng.SuiteRunner.privateRun(SuiteRunner.java:332)
at org.testng.SuiteRunner.run(SuiteRunner.java:276)
at org.testng.SuiteRunnerWorker.runSuite(SuiteRunnerWorker.java:53)
at org.testng.SuiteRunnerWorker.run(SuiteRunnerWorker.java:96)
at org.testng.TestNG.runSuitesSequentially(TestNG.java:1212)
at org.testng.TestNG.runSuitesLocally(TestNG.java:1134)
at org.testng.TestNG.runSuites(TestNG.java:1063)
at org.testng.TestNG.run(TestNG.java:1031)
at org.testng.remote.AbstractRemoteTestNG.run(AbstractRemoteTestNG.java:115)
at org.testng.remote.RemoteTestNG.initAndRun(RemoteTestNG.java:251)
at org.testng.remote.RemoteTestNG.main(RemoteTestNG.java:77)
Caused by: org.openqa.selenium.NoSuchElementException: no such element: Unable to locate element: {"method":"xpath","selector":"//i[text()='delete']"}
  (Session info: chrome=115.0.5790.170)
For documentation on this error, please visit: https://selenium.dev/exceptions/#no_such_element
Build info: version: '4.9.0', revision: 'd7057100a6'
System info: os.name: 'Windows 10', os.arch: 'amd64', os.version: '10.0', java.version: '17.0.3'
Driver info: org.openqa.selenium.chrome.ChromeDriver
Command: [618cb535feb46bf7c66eb58ef439d3eb, findElement {using=xpath, value=//i[text()='delete']}]
Capabilities {acceptInsecureCerts: false, browserName: chrome, browserVersion: 115.0.5790.170, chrome: {chromedriverVersion: 114.0.5735.90 (386bc09e8f4f..., userDataDir: C:\Users\VRUSHA~1\AppData\L...}, goog:chromeOptions: {debuggerAddress: localhost:56756}, networkConnectionEnabled: false, pageLoadStrategy: normal, platformName: WINDOWS, proxy: Proxy(), se:cdp: ws://localhost:56756/devtoo..., se:cdpVersion: 115.0.5790.170, setWindowRect: true, strictFileInteractability: false, timeouts: {implicit: 0, pageLoad: 300000, script: 30000}, unhandledPromptBehavior: dismiss and notify, webauthn:extension:credBlob: true, webauthn:extension:largeBlob: true, webauthn:extension:minPinLength: true, webauthn:extension:prf: true, webauthn:virtualAuthenticators: true}
Session ID: 618cb535feb46bf7c66eb58ef439d3eb
at java.base/jdk.internal.reflect.NativeConstructorAccessorImpl.newInstance0(Native Method)
at java.base/jdk.internal.reflect.NativeConstructorAccessorImpl.newInstance(NativeConstructorAccessorImpl.java:77)
at java.base/jdk.internal.reflect.DelegatingConstructorAccessorImpl.newInstance(DelegatingConstructorAccessorImpl.java:45)
at java.base/java.lang.reflect.Constructor.newInstanceWithCaller(Constructor.java:499)
at java.base/java.lang.reflect.Constructor.newInstance(Constructor.java:480)
at org.openqa.selenium.remote.codec.w3c.W3CHttpResponseCodec.createException(W3CHttpResponseCodec.java:200)
at org.openqa.selenium.remote.codec.w3c.W3CHttpResponseCodec.decode(W3CHttpResponseCodec.java:133)
at org.openqa.selenium.remote.codec.w3c.W3CHttpResponseCodec.decode(W3CHttpResponseCodec.java:53)
at org.openqa.selenium.remote.HttpCommandExecutor.execute(HttpCommandExecutor.java:193)
at org.openqa.selenium.remote.service.DriverCommandExecutor.invokeExecute(DriverCommandExecutor.java:183)
at org.openqa.selenium.remote.service.DriverCommandExecutor.execute(DriverCommandExecutor.java:158)
at org.openqa.selenium.remote.RemoteWebDriver.execute(RemoteWebDriver.java:543)
at org.openqa.selenium.remote.ElementLocation$ElementFinder$2.findElement(ElementLocation.java:162)
at org.openqa.selenium.remote.ElementLocation.findElement(ElementLocation.java:60)
at org.openqa.selenium.remote.RemoteWebDriver.findElement(RemoteWebDriver.java:352)
at org.openqa.selenium.remote.RemoteWebDriver.findElement(RemoteWebDriver.java:344)
at org.openqa.selenium.support.pagefactory.DefaultElementLocator.findElement(DefaultElementLocator.java:70)
at org.openqa.selenium.support.pagefactory.internal.LocatingElementHandler.invoke(LocatingElementHandler.java:39)
at jdk.proxy2/jdk.proxy2.$Proxy25.isDisplayed(Unknown Source)
at org.openqa.selenium.support.ui.ExpectedConditions.elementIfVisible(ExpectedConditions.java:307)
at org.openqa.selenium.support.ui.ExpectedConditions.access$000(ExpectedConditions.java:40)
at org.openqa.selenium.support.ui.ExpectedConditions$10.apply(ExpectedConditions.java:293)
at org.openqa.selenium.support.ui.ExpectedConditions$10.apply(ExpectedConditions.java:290)
at org.openqa.selenium.support.ui.ExpectedConditions$23.apply(ExpectedConditions.java:660)
at org.openqa.selenium.support.ui.ExpectedConditions$23.apply(ExpectedConditions.java:656)
at org.openqa.selenium.support.ui.FluentWait.until(FluentWait.java:208)
... 31 more
]]>
            </full-stacktrace>
          </exception> <!-- org.openqa.selenium.TimeoutException -->
          <reporter-output>
          </reporter-output>
        </test-method> <!-- TC39_verifyShare_Edit_DeleteBookmakr_QuickAccess -->
        <test-method is-config="true" signature="log_result(org.testng.ITestResult)[pri:0, instance:com.Digitalcodes.testcases.PremiumTools_QuickAccess_Test@747d1932]" started-at="2023-08-08T17:16:09 IST" name="log_result" finished-at="2023-08-08T17:16:09 IST" duration-ms="22" status="PASS">
          <params>
            <param index="0">
              <value>
                <![CDATA[[TestResult name=TC39_verifyShare_Edit_DeleteBookmakr_QuickAccess status=FAILURE method=PremiumTools_QuickAccess_Test.TC39_verifyShare_Edit_DeleteBookmakr_QuickAccess(java.lang.String,java.lang.String)[pri:3, instance:com.Digitalcodes.testcases.PremiumTools_QuickAccess_Test@747d1932] output={null}]]]>
              </value>
            </param>
          </params>
          <reporter-output>
          </reporter-output>
        </test-method> <!-- log_result -->
        <test-method signature="TC40_verifyRecentlyQuickAccessedSections_QuickAccess(java.lang.String,java.lang.String)[pri:4, instance:com.Digitalcodes.testcases.PremiumTools_QuickAccess_Test@747d1932]" started-at="2023-08-08T17:16:09 IST" name="TC40_verifyRecentlyQuickAccessedSections_QuickAccess" description="Verify user able to view Recently Accessed Section at Quick Access" data-provider="RecentlyAccessSection" finished-at="2023-08-08T17:16:11 IST" duration-ms="2375" status="FAIL">
          <params>
            <param index="0">
              <value>
                <![CDATA[[A]101.1 Title.]]>
              </value>
            </param>
            <param index="1">
              <value>
                <![CDATA[2021 International Building Code (IBC)]]>
              </value>
            </param>
          </params>
          <exception class="java.lang.AssertionError">
            <message>
              <![CDATA[expected [[A]101.1Title.] but found [null]]]>
            </message>
            <full-stacktrace>
              <![CDATA[java.lang.AssertionError: expected [[A]101.1Title.] but found [null]
at org.testng.Assert.fail(Assert.java:99)
at org.testng.Assert.failNotEquals(Assert.java:1037)
at org.testng.Assert.assertEqualsImpl(Assert.java:140)
at org.testng.Assert.assertEquals(Assert.java:122)
at org.testng.Assert.assertEquals(Assert.java:629)
at org.testng.Assert.assertEquals(Assert.java:639)
at com.Digitalcodes.utilities.Baseclass.assertEquals(Baseclass.java:300)
at com.Digitalcodes.testcases.PremiumTools_QuickAccess_Test.TC40_verifyRecentlyQuickAccessedSections_QuickAccess(PremiumTools_QuickAccess_Test.java:207)
at java.base/jdk.internal.reflect.NativeMethodAccessorImpl.invoke0(Native Method)
at java.base/jdk.internal.reflect.NativeMethodAccessorImpl.invoke(NativeMethodAccessorImpl.java:77)
at java.base/jdk.internal.reflect.DelegatingMethodAccessorImpl.invoke(DelegatingMethodAccessorImpl.java:43)
at java.base/java.lang.reflect.Method.invoke(Method.java:568)
at org.testng.internal.MethodInvocationHelper.invokeMethod(MethodInvocationHelper.java:133)
at org.testng.internal.TestInvoker.invokeMethod(TestInvoker.java:598)
at org.testng.internal.TestInvoker.invokeTestMethod(TestInvoker.java:173)
at org.testng.internal.MethodRunner.runInSequence(MethodRunner.java:46)
at org.testng.internal.TestInvoker$MethodInvocationAgent.invoke(TestInvoker.java:824)
at org.testng.internal.TestInvoker.invokeTestMethods(TestInvoker.java:146)
at org.testng.internal.TestMethodWorker.invokeTestMethods(TestMethodWorker.java:146)
at org.testng.internal.TestMethodWorker.run(TestMethodWorker.java:128)
at java.base/java.util.ArrayList.forEach(ArrayList.java:1511)
at org.testng.TestRunner.privateRun(TestRunner.java:794)
at org.testng.TestRunner.run(TestRunner.java:596)
at org.testng.SuiteRunner.runTest(SuiteRunner.java:377)
at org.testng.SuiteRunner.runSequentially(SuiteRunner.java:371)
at org.testng.SuiteRunner.privateRun(SuiteRunner.java:332)
at org.testng.SuiteRunner.run(SuiteRunner.java:276)
at org.testng.SuiteRunnerWorker.runSuite(SuiteRunnerWorker.java:53)
at org.testng.SuiteRunnerWorker.run(SuiteRunnerWorker.java:96)
at org.testng.TestNG.runSuitesSequentially(TestNG.java:1212)
at org.testng.TestNG.runSuitesLocally(TestNG.java:1134)
at org.testng.TestNG.runSuites(TestNG.java:1063)
at org.testng.TestNG.run(TestNG.java:1031)
at org.testng.remote.AbstractRemoteTestNG.run(AbstractRemoteTestNG.java:115)
at org.testng.remote.RemoteTestNG.initAndRun(RemoteTestNG.java:251)
at org.testng.remote.RemoteTestNG.main(RemoteTestNG.java:77)
]]>
            </full-stacktrace>
          </exception> <!-- java.lang.AssertionError -->
          <reporter-output>
          </reporter-output>
        </test-method> <!-- TC40_verifyRecentlyQuickAccessedSections_QuickAccess -->
        <test-method is-config="true" signature="log_result(org.testng.ITestResult)[pri:0, instance:com.Digitalcodes.testcases.PremiumTools_QuickAccess_Test@747d1932]" started-at="2023-08-08T17:16:12 IST" name="log_result" finished-at="2023-08-08T17:16:12 IST" duration-ms="14" status="PASS">
          <params>
            <param index="0">
              <value>
                <![CDATA[[TestResult name=TC40_verifyRecentlyQuickAccessedSections_QuickAccess status=FAILURE method=PremiumTools_QuickAccess_Test.TC40_verifyRecentlyQuickAccessedSections_QuickAccess(java.lang.String,java.lang.String)[pri:4, instance:com.Digitalcodes.testcases.PremiumTools_QuickAccess_Test@747d1932] output={null}]]]>
              </value>
            </param>
          </params>
          <reporter-output>
          </reporter-output>
        </test-method> <!-- log_result -->
      </class> <!-- com.Digitalcodes.testcases.PremiumTools_QuickAccess_Test -->
      <class name="com.Digitalcodes.testcases.Registration_Test">
        <test-method is-config="true" signature="beforeSuite(java.lang.String,java.lang.String)[pri:0, instance:com.Digitalcodes.testcases.Registration_Test@77e7246b]" started-at="2023-08-08T16:50:45 IST" name="beforeSuite" finished-at="2023-08-08T16:50:48 IST" duration-ms="3486" status="PASS">
          <params>
            <param index="0">
              <value>
                <![CDATA[Regression]]>
              </value>
            </param>
            <param index="1">
              <value>
                <![CDATA[Stage]]>
              </value>
            </param>
          </params>
          <reporter-output>
          </reporter-output>
        </test-method> <!-- beforeSuite -->
        <test-method is-config="true" signature="beforeTest(java.lang.String,java.lang.String,java.lang.String)[pri:0, instance:com.Digitalcodes.testcases.Registration_Test@77e7246b]" started-at="2023-08-08T16:50:49 IST" name="beforeTest" finished-at="2023-08-08T16:51:05 IST" duration-ms="16197" status="PASS">
          <params>
            <param index="0">
              <value>
                <![CDATA[chrome]]>
              </value>
            </param>
            <param index="1">
              <value>
                <![CDATA[PREMIUM]]>
              </value>
            </param>
            <param index="2">
              <value>
                <![CDATA[New]]>
              </value>
            </param>
          </params>
          <reporter-output>
          </reporter-output>
        </test-method> <!-- beforeTest -->
        <test-method is-config="true" signature="beforeClass()[pri:0, instance:com.Digitalcodes.testcases.Registration_Test@77e7246b]" started-at="2023-08-08T16:51:06 IST" name="beforeClass" finished-at="2023-08-08T16:51:06 IST" duration-ms="1" status="PASS">
          <reporter-output>
          </reporter-output>
        </test-method> <!-- beforeClass -->
        <test-method is-config="true" signature="beforeclass()[pri:0, instance:com.Digitalcodes.testcases.Registration_Test@77e7246b]" started-at="2023-08-08T16:51:06 IST" name="beforeclass" finished-at="2023-08-08T16:51:06 IST" duration-ms="12" status="PASS">
          <reporter-output>
          </reporter-output>
        </test-method> <!-- beforeclass -->
        <test-method signature="TC_Registeruser_ValidData()[pri:1, instance:com.Digitalcodes.testcases.Registration_Test@77e7246b]" started-at="2023-08-08T16:51:06 IST" name="TC_Registeruser_ValidData" description="Verfiy user able to Register with valid Data" finished-at="2023-08-08T16:51:27 IST" duration-ms="21154" status="PASS">
          <reporter-output>
          </reporter-output>
        </test-method> <!-- TC_Registeruser_ValidData -->
        <test-method is-config="true" signature="log_result(org.testng.ITestResult)[pri:0, instance:com.Digitalcodes.testcases.Registration_Test@77e7246b]" started-at="2023-08-08T16:51:27 IST" name="log_result" finished-at="2023-08-08T16:51:28 IST" duration-ms="946" status="PASS">
          <params>
            <param index="0">
              <value>
                <![CDATA[[TestResult name=TC_Registeruser_ValidData status=SUCCESS method=Registration_Test.TC_Registeruser_ValidData()[pri:1, instance:com.Digitalcodes.testcases.Registration_Test@77e7246b] output={null}]]]>
              </value>
            </param>
          </params>
          <reporter-output>
          </reporter-output>
        </test-method> <!-- log_result -->
        <test-method is-config="true" signature="afterTest()[pri:0, instance:com.Digitalcodes.testcases.Registration_Test@77e7246b]" started-at="2023-08-08T17:16:12 IST" name="afterTest" finished-at="2023-08-08T17:16:12 IST" duration-ms="0" status="PASS">
          <reporter-output>
          </reporter-output>
        </test-method> <!-- afterTest -->
        <test-method is-config="true" signature="afterSuite()[pri:0, instance:com.Digitalcodes.testcases.Registration_Test@77e7246b]" started-at="2023-08-08T17:16:13 IST" name="afterSuite" finished-at="2023-08-08T17:16:13 IST" duration-ms="0" status="PASS">
          <reporter-output>
          </reporter-output>
        </test-method> <!-- afterSuite -->
      </class> <!-- com.Digitalcodes.testcases.Registration_Test -->
      <class name="com.Digitalcodes.testcases.Title_Basic_Test">
        <test-method is-config="true" signature="beforeclass()[pri:0, instance:com.Digitalcodes.testcases.Title_Basic_Test@719d35e8]" started-at="2023-08-08T17:07:56 IST" name="beforeclass" finished-at="2023-08-08T17:07:56 IST" duration-ms="2" status="PASS">
          <reporter-output>
          </reporter-output>
        </test-method> <!-- beforeclass -->
        <test-method is-config="true" signature="beforeClass()[pri:0, instance:com.Digitalcodes.testcases.Title_Basic_Test@719d35e8]" started-at="2023-08-08T17:07:56 IST" name="beforeClass" finished-at="2023-08-08T17:07:56 IST" duration-ms="0" status="PASS">
          <reporter-output>
          </reporter-output>
        </test-method> <!-- beforeClass -->
        <test-method signature="TC33_verifyNgviateToBasicTitle(java.lang.String,java.lang.String,java.lang.String)[pri:1, instance:com.Digitalcodes.testcases.Title_Basic_Test@719d35e8]" started-at="2023-08-08T17:07:56 IST" name="TC33_verifyNgviateToBasicTitle" description="Verify user able to navigate to Non-accsiable title " data-provider="Non Accessaible Titles" finished-at="2023-08-08T17:08:03 IST" duration-ms="7391" status="PASS">
          <params>
            <param index="0">
              <value>
                <![CDATA[Publisher]]>
              </value>
            </param>
            <param index="1">
              <value>
                <![CDATA[Wiley]]>
              </value>
            </param>
            <param index="2">
              <value>
                <![CDATA[2021 Building Codes Illustrated, 7th Edition]]>
              </value>
            </param>
          </params>
          <reporter-output>
          </reporter-output>
        </test-method> <!-- TC33_verifyNgviateToBasicTitle -->
        <test-method is-config="true" signature="log_result(org.testng.ITestResult)[pri:0, instance:com.Digitalcodes.testcases.Title_Basic_Test@719d35e8]" started-at="2023-08-08T17:08:03 IST" name="log_result" finished-at="2023-08-08T17:08:03 IST" duration-ms="38" status="PASS">
          <params>
            <param index="0">
              <value>
                <![CDATA[[TestResult name=TC33_verifyNgviateToBasicTitle status=SUCCESS method=Title_Basic_Test.TC33_verifyNgviateToBasicTitle(java.lang.String,java.lang.String,java.lang.String)[pri:1, instance:com.Digitalcodes.testcases.Title_Basic_Test@719d35e8] output={null}]]]>
              </value>
            </param>
          </params>
          <reporter-output>
          </reporter-output>
        </test-method> <!-- log_result -->
        <test-method signature="TC33_verifyNgviateToBasicTitle(java.lang.String,java.lang.String,java.lang.String)[pri:1, instance:com.Digitalcodes.testcases.Title_Basic_Test@719d35e8]" started-at="2023-08-08T17:08:03 IST" name="TC33_verifyNgviateToBasicTitle" description="Verify user able to navigate to Non-accsiable title " data-provider="Non Accessaible Titles" finished-at="2023-08-08T17:08:10 IST" duration-ms="7147" status="PASS">
          <params>
            <param index="0">
              <value>
                <![CDATA[Publisher]]>
              </value>
            </param>
            <param index="1">
              <value>
                <![CDATA[American Institute of Steel Construction (AISC)]]>
              </value>
            </param>
            <param index="2">
              <value>
                <![CDATA[2018 M327-18BW Seismic Design Manual 3rd Edition]]>
              </value>
            </param>
          </params>
          <reporter-output>
          </reporter-output>
        </test-method> <!-- TC33_verifyNgviateToBasicTitle -->
        <test-method is-config="true" signature="log_result(org.testng.ITestResult)[pri:0, instance:com.Digitalcodes.testcases.Title_Basic_Test@719d35e8]" started-at="2023-08-08T17:08:10 IST" name="log_result" finished-at="2023-08-08T17:08:11 IST" duration-ms="40" status="PASS">
          <params>
            <param index="0">
              <value>
                <![CDATA[[TestResult name=TC33_verifyNgviateToBasicTitle status=SUCCESS method=Title_Basic_Test.TC33_verifyNgviateToBasicTitle(java.lang.String,java.lang.String,java.lang.String)[pri:1, instance:com.Digitalcodes.testcases.Title_Basic_Test@719d35e8] output={null}]]]>
              </value>
            </param>
          </params>
          <reporter-output>
          </reporter-output>
        </test-method> <!-- log_result -->
        <test-method signature="TC33_verifyNgviateToBasicTitle(java.lang.String,java.lang.String,java.lang.String)[pri:1, instance:com.Digitalcodes.testcases.Title_Basic_Test@719d35e8]" started-at="2023-08-08T17:08:11 IST" name="TC33_verifyNgviateToBasicTitle" description="Verify user able to navigate to Non-accsiable title " data-provider="Non Accessaible Titles" finished-at="2023-08-08T17:08:18 IST" duration-ms="7599" status="PASS">
          <params>
            <param index="0">
              <value>
                <![CDATA[Resources]]>
              </value>
            </param>
            <param index="1">
              <value>
                <![CDATA[CodeMaster]]>
              </value>
            </param>
            <param index="2">
              <value>
                <![CDATA[2021 Allowable Stress Design for Masonry (2021 IBC and TMS 402-16)]]>
              </value>
            </param>
          </params>
          <reporter-output>
          </reporter-output>
        </test-method> <!-- TC33_verifyNgviateToBasicTitle -->
        <test-method is-config="true" signature="log_result(org.testng.ITestResult)[pri:0, instance:com.Digitalcodes.testcases.Title_Basic_Test@719d35e8]" started-at="2023-08-08T17:08:18 IST" name="log_result" finished-at="2023-08-08T17:08:18 IST" duration-ms="39" status="PASS">
          <params>
            <param index="0">
              <value>
                <![CDATA[[TestResult name=TC33_verifyNgviateToBasicTitle status=SUCCESS method=Title_Basic_Test.TC33_verifyNgviateToBasicTitle(java.lang.String,java.lang.String,java.lang.String)[pri:1, instance:com.Digitalcodes.testcases.Title_Basic_Test@719d35e8] output={null}]]]>
              </value>
            </param>
          </params>
          <reporter-output>
          </reporter-output>
        </test-method> <!-- log_result -->
      </class> <!-- com.Digitalcodes.testcases.Title_Basic_Test -->
      <class name="com.Digitalcodes.testcases.Title_LandingPage_Test">
        <test-method is-config="true" signature="beforeClass()[pri:0, instance:com.Digitalcodes.testcases.Title_LandingPage_Test@244e619a]" started-at="2023-08-08T16:53:30 IST" name="beforeClass" finished-at="2023-08-08T16:53:30 IST" duration-ms="5" status="PASS">
          <reporter-output>
          </reporter-output>
        </test-method> <!-- beforeClass -->
        <test-method signature="TC04_verifyTitleLandingPage(java.lang.String,java.lang.String,java.lang.String,java.lang.String,java.lang.String)[pri:1, instance:com.Digitalcodes.testcases.Title_LandingPage_Test@244e619a]" started-at="2023-08-08T16:53:30 IST" name="TC04_verifyTitleLandingPage" description="Verify User able to Navigate to Title Landing page and verify Tag" data-provider="Premium Complete Titles" finished-at="2023-08-08T16:53:38 IST" duration-ms="8108" status="PASS">
          <params>
            <param index="0">
              <value>
                <![CDATA[I-Codes]]>
              </value>
            </param>
            <param index="1">
              <value>
                <![CDATA[2021 I-Codes]]>
              </value>
            </param>
            <param index="2">
              <value>
                <![CDATA[2021 International Building Code (IBC)]]>
              </value>
            </param>
            <param index="3">
              <value>
                <![CDATA[CHAPTER 2 DEFINITIONS]]>
              </value>
            </param>
            <param index="4">
              <value>
                <![CDATA[PREMIUM]]>
              </value>
            </param>
          </params>
          <reporter-output>
          </reporter-output>
        </test-method> <!-- TC04_verifyTitleLandingPage -->
        <test-method is-config="true" signature="log_result(org.testng.ITestResult)[pri:0, instance:com.Digitalcodes.testcases.Title_LandingPage_Test@244e619a]" started-at="2023-08-08T16:53:38 IST" name="log_result" finished-at="2023-08-08T16:53:38 IST" duration-ms="37" status="PASS">
          <params>
            <param index="0">
              <value>
                <![CDATA[[TestResult name=TC04_verifyTitleLandingPage status=SUCCESS method=Title_LandingPage_Test.TC04_verifyTitleLandingPage(java.lang.String,java.lang.String,java.lang.String,java.lang.String,java.lang.String)[pri:1, instance:com.Digitalcodes.testcases.Title_LandingPage_Test@244e619a] output={null}]]]>
              </value>
            </param>
          </params>
          <reporter-output>
          </reporter-output>
        </test-method> <!-- log_result -->
        <test-method signature="TC04_verifyTitleLandingPage(java.lang.String,java.lang.String,java.lang.String,java.lang.String,java.lang.String)[pri:1, instance:com.Digitalcodes.testcases.Title_LandingPage_Test@244e619a]" started-at="2023-08-08T16:53:38 IST" name="TC04_verifyTitleLandingPage" description="Verify User able to Navigate to Title Landing page and verify Tag" data-provider="Premium Complete Titles" finished-at="2023-08-08T16:53:47 IST" duration-ms="8653" status="PASS">
          <params>
            <param index="0">
              <value>
                <![CDATA[Commentaries]]>
              </value>
            </param>
            <param index="1">
              <value>
                <![CDATA[2021 Commentaries]]>
              </value>
            </param>
            <param index="2">
              <value>
                <![CDATA[2021 IBC Code and Commentary Volume 1 (IBC)]]>
              </value>
            </param>
            <param index="3">
              <value>
                <![CDATA[Chapter 3: Occupancy Classification and Use]]>
              </value>
            </param>
            <param index="4">
              <value>
                <![CDATA[PREMIUM]]>
              </value>
            </param>
          </params>
          <reporter-output>
          </reporter-output>
        </test-method> <!-- TC04_verifyTitleLandingPage -->
        <test-method is-config="true" signature="log_result(org.testng.ITestResult)[pri:0, instance:com.Digitalcodes.testcases.Title_LandingPage_Test@244e619a]" started-at="2023-08-08T16:53:47 IST" name="log_result" finished-at="2023-08-08T16:53:47 IST" duration-ms="27" status="PASS">
          <params>
            <param index="0">
              <value>
                <![CDATA[[TestResult name=TC04_verifyTitleLandingPage status=SUCCESS method=Title_LandingPage_Test.TC04_verifyTitleLandingPage(java.lang.String,java.lang.String,java.lang.String,java.lang.String,java.lang.String)[pri:1, instance:com.Digitalcodes.testcases.Title_LandingPage_Test@244e619a] output={null}]]]>
              </value>
            </param>
          </params>
          <reporter-output>
          </reporter-output>
        </test-method> <!-- log_result -->
        <test-method signature="TC04_verifyTitleLandingPage(java.lang.String,java.lang.String,java.lang.String,java.lang.String,java.lang.String)[pri:1, instance:com.Digitalcodes.testcases.Title_LandingPage_Test@244e619a]" started-at="2023-08-08T16:53:47 IST" name="TC04_verifyTitleLandingPage" description="Verify User able to Navigate to Title Landing page and verify Tag" data-provider="Premium Complete Titles" finished-at="2023-08-08T16:53:56 IST" duration-ms="9075" status="PASS">
          <params>
            <param index="0">
              <value>
                <![CDATA[Publisher]]>
              </value>
            </param>
            <param index="1">
              <value>
                <![CDATA[IAEI]]>
              </value>
            </param>
            <param index="2">
              <value>
                <![CDATA[2023 Analysis of Changes, 2023 NEC]]>
              </value>
            </param>
            <param index="3">
              <value>
                <![CDATA[CHAPTER 2 WIRING AND PROTECTION]]>
              </value>
            </param>
            <param index="4">
              <value>
                <![CDATA[PREMIUM]]>
              </value>
            </param>
          </params>
          <reporter-output>
          </reporter-output>
        </test-method> <!-- TC04_verifyTitleLandingPage -->
        <test-method is-config="true" signature="log_result(org.testng.ITestResult)[pri:0, instance:com.Digitalcodes.testcases.Title_LandingPage_Test@244e619a]" started-at="2023-08-08T16:53:56 IST" name="log_result" finished-at="2023-08-08T16:53:56 IST" duration-ms="50" status="PASS">
          <params>
            <param index="0">
              <value>
                <![CDATA[[TestResult name=TC04_verifyTitleLandingPage status=SUCCESS method=Title_LandingPage_Test.TC04_verifyTitleLandingPage(java.lang.String,java.lang.String,java.lang.String,java.lang.String,java.lang.String)[pri:1, instance:com.Digitalcodes.testcases.Title_LandingPage_Test@244e619a] output={null}]]]>
              </value>
            </param>
          </params>
          <reporter-output>
          </reporter-output>
        </test-method> <!-- log_result -->
        <test-method signature="TC04_verifyTitleLandingPage(java.lang.String,java.lang.String,java.lang.String,java.lang.String,java.lang.String)[pri:1, instance:com.Digitalcodes.testcases.Title_LandingPage_Test@244e619a]" started-at="2023-08-08T16:53:56 IST" name="TC04_verifyTitleLandingPage" description="Verify User able to Navigate to Title Landing page and verify Tag" data-provider="Premium Complete Titles" finished-at="2023-08-08T16:54:06 IST" duration-ms="10093" status="PASS">
          <params>
            <param index="0">
              <value>
                <![CDATA[Resources]]>
              </value>
            </param>
            <param index="1">
              <value>
                <![CDATA[Energy]]>
              </value>
            </param>
            <param index="2">
              <value>
                <![CDATA[2021 IECC Code and Commentary (IECC)]]>
              </value>
            </param>
            <param index="3">
              <value>
                <![CDATA[Chapter 1 [CE]: Scope and Administration]]>
              </value>
            </param>
            <param index="4">
              <value>
                <![CDATA[PREMIUM]]>
              </value>
            </param>
          </params>
          <reporter-output>
          </reporter-output>
        </test-method> <!-- TC04_verifyTitleLandingPage -->
        <test-method is-config="true" signature="log_result(org.testng.ITestResult)[pri:0, instance:com.Digitalcodes.testcases.Title_LandingPage_Test@244e619a]" started-at="2023-08-08T16:54:06 IST" name="log_result" finished-at="2023-08-08T16:54:06 IST" duration-ms="28" status="PASS">
          <params>
            <param index="0">
              <value>
                <![CDATA[[TestResult name=TC04_verifyTitleLandingPage status=SUCCESS method=Title_LandingPage_Test.TC04_verifyTitleLandingPage(java.lang.String,java.lang.String,java.lang.String,java.lang.String,java.lang.String)[pri:1, instance:com.Digitalcodes.testcases.Title_LandingPage_Test@244e619a] output={null}]]]>
              </value>
            </param>
          </params>
          <reporter-output>
          </reporter-output>
        </test-method> <!-- log_result -->
        <test-method signature="TC04_verifyTitleLandingPage(java.lang.String,java.lang.String,java.lang.String,java.lang.String,java.lang.String)[pri:1, instance:com.Digitalcodes.testcases.Title_LandingPage_Test@244e619a]" started-at="2023-08-08T16:54:06 IST" name="TC04_verifyTitleLandingPage" description="Verify User able to Navigate to Title Landing page and verify Tag" data-provider="Premium Complete Titles" finished-at="2023-08-08T16:54:15 IST" duration-ms="8789" status="PASS">
          <params>
            <param index="0">
              <value>
                <![CDATA[Standards]]>
              </value>
            </param>
            <param index="1">
              <value>
                <![CDATA[AFSI Standards]]>
              </value>
            </param>
            <param index="2">
              <value>
                <![CDATA[1997 ASI-77 Air Structures Design and Standards Manual]]>
              </value>
            </param>
            <param index="3">
              <value>
                <![CDATA[SECTION B GUIDE SPECIFICATIONS FOR AIR SUPPORTED STRUCTURES]]>
              </value>
            </param>
            <param index="4">
              <value>
                <![CDATA[PREMIUM]]>
              </value>
            </param>
          </params>
          <reporter-output>
          </reporter-output>
        </test-method> <!-- TC04_verifyTitleLandingPage -->
        <test-method is-config="true" signature="log_result(org.testng.ITestResult)[pri:0, instance:com.Digitalcodes.testcases.Title_LandingPage_Test@244e619a]" started-at="2023-08-08T16:54:15 IST" name="log_result" finished-at="2023-08-08T16:54:15 IST" duration-ms="30" status="PASS">
          <params>
            <param index="0">
              <value>
                <![CDATA[[TestResult name=TC04_verifyTitleLandingPage status=SUCCESS method=Title_LandingPage_Test.TC04_verifyTitleLandingPage(java.lang.String,java.lang.String,java.lang.String,java.lang.String,java.lang.String)[pri:1, instance:com.Digitalcodes.testcases.Title_LandingPage_Test@244e619a] output={null}]]]>
              </value>
            </param>
          </params>
          <reporter-output>
          </reporter-output>
        </test-method> <!-- log_result -->
        <test-method signature="TC04_verifyTitleLandingPage(java.lang.String,java.lang.String,java.lang.String,java.lang.String,java.lang.String)[pri:1, instance:com.Digitalcodes.testcases.Title_LandingPage_Test@244e619a]" started-at="2023-08-08T16:54:15 IST" name="TC04_verifyTitleLandingPage" description="Verify User able to Navigate to Title Landing page and verify Tag" data-provider="Premium Complete Titles" finished-at="2023-08-08T16:54:25 IST" duration-ms="10365" status="PASS">
          <params>
            <param index="0">
              <value>
                <![CDATA[Topics]]>
              </value>
            </param>
            <param index="1">
              <value>
                <![CDATA[Fire]]>
              </value>
            </param>
            <param index="2">
              <value>
                <![CDATA[2019 California Fire Code Amendments Handbook]]>
              </value>
            </param>
            <param index="3">
              <value>
                <![CDATA[DIVISION II ADMINISTRATION]]>
              </value>
            </param>
            <param index="4">
              <value>
                <![CDATA[PREMIUM]]>
              </value>
            </param>
          </params>
          <reporter-output>
          </reporter-output>
        </test-method> <!-- TC04_verifyTitleLandingPage -->
        <test-method is-config="true" signature="log_result(org.testng.ITestResult)[pri:0, instance:com.Digitalcodes.testcases.Title_LandingPage_Test@244e619a]" started-at="2023-08-08T16:54:25 IST" name="log_result" finished-at="2023-08-08T16:54:25 IST" duration-ms="28" status="PASS">
          <params>
            <param index="0">
              <value>
                <![CDATA[[TestResult name=TC04_verifyTitleLandingPage status=SUCCESS method=Title_LandingPage_Test.TC04_verifyTitleLandingPage(java.lang.String,java.lang.String,java.lang.String,java.lang.String,java.lang.String)[pri:1, instance:com.Digitalcodes.testcases.Title_LandingPage_Test@244e619a] output={null}]]]>
              </value>
            </param>
          </params>
          <reporter-output>
          </reporter-output>
        </test-method> <!-- log_result -->
        <test-method signature="TC04_verifyTitleLandingPage(java.lang.String,java.lang.String,java.lang.String,java.lang.String,java.lang.String)[pri:1, instance:com.Digitalcodes.testcases.Title_LandingPage_Test@244e619a]" started-at="2023-08-08T16:54:25 IST" name="TC04_verifyTitleLandingPage" description="Verify User able to Navigate to Title Landing page and verify Tag" data-provider="Premium Complete Titles" finished-at="2023-08-08T16:54:35 IST" duration-ms="9225" status="PASS">
          <params>
            <param index="0">
              <value>
                <![CDATA[Locations]]>
              </value>
            </param>
            <param index="1">
              <value>
                <![CDATA[Delaware]]>
              </value>
            </param>
            <param index="2">
              <value>
                <![CDATA[2015 International Fuel Gas Code (IFGC)]]>
              </value>
            </param>
            <param index="3">
              <value>
                <![CDATA[CHAPTER 3 GENERAL REGULATIONS]]>
              </value>
            </param>
            <param index="4">
              <value>
                <![CDATA[PREMIUM]]>
              </value>
            </param>
          </params>
          <reporter-output>
          </reporter-output>
        </test-method> <!-- TC04_verifyTitleLandingPage -->
        <test-method is-config="true" signature="log_result(org.testng.ITestResult)[pri:0, instance:com.Digitalcodes.testcases.Title_LandingPage_Test@244e619a]" started-at="2023-08-08T16:54:35 IST" name="log_result" finished-at="2023-08-08T16:54:35 IST" duration-ms="31" status="PASS">
          <params>
            <param index="0">
              <value>
                <![CDATA[[TestResult name=TC04_verifyTitleLandingPage status=SUCCESS method=Title_LandingPage_Test.TC04_verifyTitleLandingPage(java.lang.String,java.lang.String,java.lang.String,java.lang.String,java.lang.String)[pri:1, instance:com.Digitalcodes.testcases.Title_LandingPage_Test@244e619a] output={null}]]]>
              </value>
            </param>
          </params>
          <reporter-output>
          </reporter-output>
        </test-method> <!-- log_result -->
        <test-method signature="TC05_verifyMarkFavoriteTitle(java.lang.String,java.lang.String,java.lang.String,java.lang.String,java.lang.String)[pri:2, instance:com.Digitalcodes.testcases.Title_LandingPage_Test@244e619a]" started-at="2023-08-08T16:54:35 IST" name="TC05_verifyMarkFavoriteTitle" description="Verify user able to mark favorite &amp; unfavorite and title should be displayed in favorites" data-provider="PC first title" finished-at="2023-08-08T16:55:01 IST" duration-ms="25774" status="PASS">
          <params>
            <param index="0">
              <value>
                <![CDATA[I-Codes]]>
              </value>
            </param>
            <param index="1">
              <value>
                <![CDATA[2021 I-Codes]]>
              </value>
            </param>
            <param index="2">
              <value>
                <![CDATA[2021 International Building Code (IBC)]]>
              </value>
            </param>
            <param index="3">
              <value>
                <![CDATA[CHAPTER 2 DEFINITIONS]]>
              </value>
            </param>
            <param index="4">
              <value>
                <![CDATA[PREMIUM]]>
              </value>
            </param>
          </params>
          <reporter-output>
          </reporter-output>
        </test-method> <!-- TC05_verifyMarkFavoriteTitle -->
        <test-method is-config="true" signature="log_result(org.testng.ITestResult)[pri:0, instance:com.Digitalcodes.testcases.Title_LandingPage_Test@244e619a]" started-at="2023-08-08T16:55:01 IST" name="log_result" finished-at="2023-08-08T16:55:01 IST" duration-ms="43" status="PASS">
          <params>
            <param index="0">
              <value>
                <![CDATA[[TestResult name=TC05_verifyMarkFavoriteTitle status=SUCCESS method=Title_LandingPage_Test.TC05_verifyMarkFavoriteTitle(java.lang.String,java.lang.String,java.lang.String,java.lang.String,java.lang.String)[pri:2, instance:com.Digitalcodes.testcases.Title_LandingPage_Test@244e619a] output={null}]]]>
              </value>
            </param>
          </params>
          <reporter-output>
          </reporter-output>
        </test-method> <!-- log_result -->
        <test-method signature="TC06_verifyChangeVersion_ReleatedTitles_Categories(java.lang.String,java.lang.String,java.lang.String,java.lang.String,java.lang.String)[pri:3, instance:com.Digitalcodes.testcases.Title_LandingPage_Test@244e619a]" started-at="2023-08-08T16:55:01 IST" name="TC06_verifyChangeVersion_ReleatedTitles_Categories" description="Verify User able to Change Version, Releated Titles, Categories" data-provider="PC first title" finished-at="2023-08-08T16:55:24 IST" duration-ms="22943" status="PASS">
          <params>
            <param index="0">
              <value>
                <![CDATA[I-Codes]]>
              </value>
            </param>
            <param index="1">
              <value>
                <![CDATA[2021 I-Codes]]>
              </value>
            </param>
            <param index="2">
              <value>
                <![CDATA[2021 International Building Code (IBC)]]>
              </value>
            </param>
            <param index="3">
              <value>
                <![CDATA[CHAPTER 2 DEFINITIONS]]>
              </value>
            </param>
            <param index="4">
              <value>
                <![CDATA[PREMIUM]]>
              </value>
            </param>
          </params>
          <reporter-output>
          </reporter-output>
        </test-method> <!-- TC06_verifyChangeVersion_ReleatedTitles_Categories -->
        <test-method is-config="true" signature="log_result(org.testng.ITestResult)[pri:0, instance:com.Digitalcodes.testcases.Title_LandingPage_Test@244e619a]" started-at="2023-08-08T16:55:24 IST" name="log_result" finished-at="2023-08-08T16:55:24 IST" duration-ms="52" status="PASS">
          <params>
            <param index="0">
              <value>
[...]
          <params>
            <param index="0">
              <value>
                <![CDATA[[TestResult name=TC56_verifyPaginationinContentSearch status=SUCCESS method=ContentSearch_Test.TC56_verifyPaginationinContentSearch(java.lang.String,java.lang.String)[pri:12, instance:com.Digitalcodes.testcases.ContentSearch_Test@6ffa56fa] output={null}]]]>
              </value>
            </param>
          </params>
          <reporter-output>
          </reporter-output>
        </test-method> <!-- log_result -->
      </class> <!-- com.Digitalcodes.testcases.ContentSearch_Test -->
      <class name="com.Digitalcodes.testcases.Title_ASTMStanderds_Test">
        <test-method is-config="true" signature="beforeClass()[pri:0, instance:com.Digitalcodes.testcases.Title_ASTMStanderds_Test@6c575325]" started-at="2023-08-08T17:13:06 IST" name="beforeClass" finished-at="2023-08-08T17:13:06 IST" duration-ms="1" status="PASS">
          <reporter-output>
          </reporter-output>
        </test-method> <!-- beforeClass -->
        <test-method is-config="true" signature="beforeclass()[pri:0, instance:com.Digitalcodes.testcases.Title_ASTMStanderds_Test@6c575325]" started-at="2023-08-08T17:13:06 IST" name="beforeclass" finished-at="2023-08-08T17:13:06 IST" duration-ms="2" status="PASS">
          <reporter-output>
          </reporter-output>
        </test-method> <!-- beforeclass -->
        <test-method signature="TC34_verifyNavigateToASTM_FromLinks(java.lang.String,java.lang.String,java.lang.String,java.lang.String,java.lang.String,java.lang.String)[pri:1, instance:com.Digitalcodes.testcases.Title_ASTMStanderds_Test@6c575325]" started-at="2023-08-08T17:13:06 IST" name="TC34_verifyNavigateToASTM_FromLinks" description="Verify user able to navigate to ASTM Standerds thorugh link" data-provider="ASTM from Link" finished-at="2023-08-08T17:13:25 IST" duration-ms="19206" status="FAIL">
          <params>
            <param index="0">
              <value>
                <![CDATA[I-Codes]]>
              </value>
            </param>
            <param index="1">
              <value>
                <![CDATA[2021 I-Codes]]>
              </value>
            </param>
            <param index="2">
              <value>
                <![CDATA[2021 International Building Code (IBC)]]>
              </value>
            </param>
            <param index="3">
              <value>
                <![CDATA[CHAPTER 2 DEFINITIONS]]>
              </value>
            </param>
            <param index="4">
              <value>
                <![CDATA[ASTM E283]]>
              </value>
            </param>
            <param index="5">
              <value>
                <![CDATA[PREMIUM]]>
              </value>
            </param>
          </params>
          <exception class="org.openqa.selenium.StaleElementReferenceException">
            <message>
              <![CDATA[stale element reference: stale element not found
  (Session info: chrome=115.0.5790.170)
For documentation on this error, please visit: https://selenium.dev/exceptions/#stale_element_reference
Build info: version: '4.9.0', revision: 'd7057100a6'
System info: os.name: 'Windows 10', os.arch: 'amd64', os.version: '10.0', java.version: '17.0.3'
Driver info: org.openqa.selenium.chrome.ChromeDriver
Command: [618cb535feb46bf7c66eb58ef439d3eb, isElementDisplayed {id=E86B2BCF7760F0A04E01A189AC740F4A_element_285580}]
Capabilities {acceptInsecureCerts: false, browserName: chrome, browserVersion: 115.0.5790.170, chrome: {chromedriverVersion: 114.0.5735.90 (386bc09e8f4f..., userDataDir: C:\Users\VRUSHA~1\AppData\L...}, goog:chromeOptions: {debuggerAddress: localhost:56756}, networkConnectionEnabled: false, pageLoadStrategy: normal, platformName: WINDOWS, proxy: Proxy(), se:cdp: ws://localhost:56756/devtoo..., se:cdpVersion: 115.0.5790.170, setWindowRect: true, strictFileInteractability: false, timeouts: {implicit: 0, pageLoad: 300000, script: 30000}, unhandledPromptBehavior: dismiss and notify, webauthn:extension:credBlob: true, webauthn:extension:largeBlob: true, webauthn:extension:minPinLength: true, webauthn:extension:prf: true, webauthn:virtualAuthenticators: true}
Element: [[ChromeDriver: chrome on WINDOWS (618cb535feb46bf7c66eb58ef439d3eb)] -> xpath: //span[@class="v-chip__content"]//a]
Session ID: 618cb535feb46bf7c66eb58ef439d3eb]]>
            </message>
            <full-stacktrace>
              <![CDATA[org.openqa.selenium.StaleElementReferenceException: stale element reference: stale element not found
  (Session info: chrome=115.0.5790.170)
For documentation on this error, please visit: https://selenium.dev/exceptions/#stale_element_reference
Build info: version: '4.9.0', revision: 'd7057100a6'
System info: os.name: 'Windows 10', os.arch: 'amd64', os.version: '10.0', java.version: '17.0.3'
Driver info: org.openqa.selenium.chrome.ChromeDriver
Command: [618cb535feb46bf7c66eb58ef439d3eb, isElementDisplayed {id=E86B2BCF7760F0A04E01A189AC740F4A_element_285580}]
Capabilities {acceptInsecureCerts: false, browserName: chrome, browserVersion: 115.0.5790.170, chrome: {chromedriverVersion: 114.0.5735.90 (386bc09e8f4f..., userDataDir: C:\Users\VRUSHA~1\AppData\L...}, goog:chromeOptions: {debuggerAddress: localhost:56756}, networkConnectionEnabled: false, pageLoadStrategy: normal, platformName: WINDOWS, proxy: Proxy(), se:cdp: ws://localhost:56756/devtoo..., se:cdpVersion: 115.0.5790.170, setWindowRect: true, strictFileInteractability: false, timeouts: {implicit: 0, pageLoad: 300000, script: 30000}, unhandledPromptBehavior: dismiss and notify, webauthn:extension:credBlob: true, webauthn:extension:largeBlob: true, webauthn:extension:minPinLength: true, webauthn:extension:prf: true, webauthn:virtualAuthenticators: true}
Element: [[ChromeDriver: chrome on WINDOWS (618cb535feb46bf7c66eb58ef439d3eb)] -> xpath: //span[@class="v-chip__content"]//a]
Session ID: 618cb535feb46bf7c66eb58ef439d3eb
at java.base/jdk.internal.reflect.NativeConstructorAccessorImpl.newInstance0(Native Method)
at java.base/jdk.internal.reflect.NativeConstructorAccessorImpl.newInstance(NativeConstructorAccessorImpl.java:77)
at java.base/jdk.internal.reflect.DelegatingConstructorAccessorImpl.newInstance(DelegatingConstructorAccessorImpl.java:45)
at java.base/java.lang.reflect.Constructor.newInstanceWithCaller(Constructor.java:499)
at java.base/java.lang.reflect.Constructor.newInstance(Constructor.java:480)
at org.openqa.selenium.remote.codec.w3c.W3CHttpResponseCodec.createException(W3CHttpResponseCodec.java:200)
at org.openqa.selenium.remote.codec.w3c.W3CHttpResponseCodec.decode(W3CHttpResponseCodec.java:133)
at org.openqa.selenium.remote.codec.w3c.W3CHttpResponseCodec.decode(W3CHttpResponseCodec.java:53)
at org.openqa.selenium.remote.HttpCommandExecutor.execute(HttpCommandExecutor.java:193)
at org.openqa.selenium.remote.service.DriverCommandExecutor.invokeExecute(DriverCommandExecutor.java:183)
at org.openqa.selenium.remote.service.DriverCommandExecutor.execute(DriverCommandExecutor.java:158)
at org.openqa.selenium.remote.RemoteWebDriver.execute(RemoteWebDriver.java:543)
at org.openqa.selenium.remote.RemoteWebElement.execute(RemoteWebElement.java:257)
at org.openqa.selenium.remote.RemoteWebElement.isDisplayed(RemoteWebElement.java:313)
at jdk.internal.reflect.GeneratedMethodAccessor1.invoke(Unknown Source)
at java.base/jdk.internal.reflect.DelegatingMethodAccessorImpl.invoke(DelegatingMethodAccessorImpl.java:43)
at java.base/java.lang.reflect.Method.invoke(Method.java:568)
at org.openqa.selenium.support.pagefactory.internal.LocatingElementHandler.invoke(LocatingElementHandler.java:52)
at jdk.proxy2/jdk.proxy2.$Proxy25.isDisplayed(Unknown Source)
at com.Digitalcodes.pageobject.TitleLanding_Page.getTagName(TitleLanding_Page.java:82)
at com.Digitalcodes.testcases.Title_ASTMStanderds_Test.TC34_verifyNavigateToASTM_FromLinks(Title_ASTMStanderds_Test.java:54)
at java.base/jdk.internal.reflect.NativeMethodAccessorImpl.invoke0(Native Method)
at java.base/jdk.internal.reflect.NativeMethodAccessorImpl.invoke(NativeMethodAccessorImpl.java:77)
at java.base/jdk.internal.reflect.DelegatingMethodAccessorImpl.invoke(DelegatingMethodAccessorImpl.java:43)
at java.base/java.lang.reflect.Method.invoke(Method.java:568)
at org.testng.internal.MethodInvocationHelper.invokeMethod(MethodInvocationHelper.java:133)
at org.testng.internal.TestInvoker.invokeMethod(TestInvoker.java:598)
at org.testng.internal.TestInvoker.invokeTestMethod(TestInvoker.java:173)
at org.testng.internal.MethodRunner.runInSequence(MethodRunner.java:46)
at org.testng.internal.TestInvoker$MethodInvocationAgent.invoke(TestInvoker.java:824)
at org.testng.internal.TestInvoker.invokeTestMethods(TestInvoker.java:146)
at org.testng.internal.TestMethodWorker.invokeTestMethods(TestMethodWorker.java:146)
at org.testng.internal.TestMethodWorker.run(TestMethodWorker.java:128)
at java.base/java.util.ArrayList.forEach(ArrayList.java:1511)
at org.testng.TestRunner.privateRun(TestRunner.java:794)
at org.testng.TestRunner.run(TestRunner.java:596)
at org.testng.SuiteRunner.runTest(SuiteRunner.java:377)
at org.testng.SuiteRunner.runSequentially(SuiteRunner.java:371)
at org.testng.SuiteRunner.privateRun(SuiteRunner.java:332)
at org.testng.SuiteRunner.run(SuiteRunner.java:276)
at org.testng.SuiteRunnerWorker.runSuite(SuiteRunnerWorker.java:53)
at org.testng.SuiteRunnerWorker.run(SuiteRunnerWorker.java:96)
at org.testng.TestNG.runSuitesSequentially(TestNG.java:1212)
at org.testng.TestNG.runSuitesLocally(TestNG.java:1134)
at org.testng.TestNG.runSuites(TestNG.java:1063)
at org.testng.TestNG.run(TestNG.java:1031)
at org.testng.remote.AbstractRemoteTestNG.run(AbstractRemoteTestNG.java:115)
at org.testng.remote.RemoteTestNG.initAndRun(RemoteTestNG.java:251)
at org.testng.remote.RemoteTestNG.main(RemoteTestNG.java:77)
]]>
            </full-stacktrace>
          </exception> <!-- org.openqa.selenium.StaleElementReferenceException -->
          <reporter-output>
          </reporter-output>
        </test-method> <!-- TC34_verifyNavigateToASTM_FromLinks -->
        <test-method is-config="true" signature="log_result(org.testng.ITestResult)[pri:0, instance:com.Digitalcodes.testcases.Title_ASTMStanderds_Test@6c575325]" started-at="2023-08-08T17:13:26 IST" name="log_result" finished-at="2023-08-08T17:13:26 IST" duration-ms="45" status="PASS">
          <params>
            <param index="0">
              <value>
                <![CDATA[[TestResult name=TC34_verifyNavigateToASTM_FromLinks status=FAILURE method=Title_ASTMStanderds_Test.TC34_verifyNavigateToASTM_FromLinks(java.lang.String,java.lang.String,java.lang.String,java.lang.String,java.lang.String,java.lang.String)[pri:1, instance:com.Digitalcodes.testcases.Title_ASTMStanderds_Test@6c575325] output={null}]]]>
              </value>
            </param>
          </params>
          <reporter-output>
          </reporter-output>
        </test-method> <!-- log_result -->
        <test-method signature="TC35_verifyNavigateToASTM(java.lang.String,java.lang.String,java.lang.String,java.lang.String,java.lang.String)[pri:2, instance:com.Digitalcodes.testcases.Title_ASTMStanderds_Test@6c575325]" started-at="2023-08-08T17:13:26 IST" name="TC35_verifyNavigateToASTM" description="Verify user able to navigate to ASTM Standerds Landing page" data-provider="ASTM Titles" finished-at="2023-08-08T17:13:38 IST" duration-ms="12077" status="PASS">
          <params>
            <param index="0">
              <value>
                <![CDATA[Standards]]>
              </value>
            </param>
            <param index="1">
              <value>
                <![CDATA[ASTM Standards]]>
              </value>
            </param>
            <param index="2">
              <value>
                <![CDATA[Iron and Steel Materials]]>
              </value>
            </param>
            <param index="3">
              <value>
                <![CDATA[ASTM A1003/A1003M-15]]>
              </value>
            </param>
            <param index="4">
              <value>
                <![CDATA[PREMIUM LITE]]>
              </value>
            </param>
          </params>
          <reporter-output>
          </reporter-output>
        </test-method> <!-- TC35_verifyNavigateToASTM -->
        <test-method is-config="true" signature="log_result(org.testng.ITestResult)[pri:0, instance:com.Digitalcodes.testcases.Title_ASTMStanderds_Test@6c575325]" started-at="2023-08-08T17:13:38 IST" name="log_result" finished-at="2023-08-08T17:13:38 IST" duration-ms="30" status="PASS">
          <params>
            <param index="0">
              <value>
                <![CDATA[[TestResult name=TC35_verifyNavigateToASTM status=SUCCESS method=Title_ASTMStanderds_Test.TC35_verifyNavigateToASTM(java.lang.String,java.lang.String,java.lang.String,java.lang.String,java.lang.String)[pri:2, instance:com.Digitalcodes.testcases.Title_ASTMStanderds_Test@6c575325] output={null}]]]>
              </value>
            </param>
          </params>
          <reporter-output>
          </reporter-output>
        </test-method> <!-- log_result -->
        <test-method signature="TC36_verifyASTMSection()[pri:0, instance:com.Digitalcodes.testcases.Title_ASTMStanderds_Test@6c575325]" started-at="2023-08-08T17:13:38 IST" name="TC36_verifyASTMSection" description="Verify user able to Access ASTM title " finished-at="2023-08-08T17:13:42 IST" depends-on-methods="com.Digitalcodes.testcases.Title_ASTMStanderds_Test.TC35_verifyNavigateToASTM" duration-ms="3719" status="PASS">
          <reporter-output>
          </reporter-output>
        </test-method> <!-- TC36_verifyASTMSection -->
        <test-method is-config="true" signature="log_result(org.testng.ITestResult)[pri:0, instance:com.Digitalcodes.testcases.Title_ASTMStanderds_Test@6c575325]" started-at="2023-08-08T17:13:42 IST" name="log_result" finished-at="2023-08-08T17:13:42 IST" duration-ms="25" status="PASS">
          <params>
            <param index="0">
              <value>
                <![CDATA[[TestResult name=TC36_verifyASTMSection status=SUCCESS method=Title_ASTMStanderds_Test.TC36_verifyASTMSection()[pri:0, instance:com.Digitalcodes.testcases.Title_ASTMStanderds_Test@6c575325] output={null}]]]>
              </value>
            </param>
          </params>
          <reporter-output>
          </reporter-output>
        </test-method> <!-- log_result -->
      </class> <!-- com.Digitalcodes.testcases.Title_ASTMStanderds_Test -->
      <class name="com.Digitalcodes.testcases.TableOfContent_Test">
        <test-method is-config="true" signature="beforeClass()[pri:0, instance:com.Digitalcodes.testcases.TableOfContent_Test@10acd6]" started-at="2023-08-08T16:55:24 IST" name="beforeClass" finished-at="2023-08-08T16:55:24 IST" duration-ms="1" status="PASS">
          <reporter-output>
          </reporter-output>
        </test-method> <!-- beforeClass -->
        <test-method signature="TC07_verifyMyNotes_FromTOC(java.lang.String,java.lang.String,java.lang.String,java.lang.String,java.lang.String)[pri:1, instance:com.Digitalcodes.testcases.TableOfContent_Test@10acd6]" started-at="2023-08-08T16:55:24 IST" name="TC07_verifyMyNotes_FromTOC" description="Verify my notes From Table Of Content when user have no any notes " data-provider="PC first title" finished-at="2023-08-08T16:55:36 IST" duration-ms="12705" status="PASS">
          <params>
            <param index="0">
              <value>
                <![CDATA[I-Codes]]>
              </value>
            </param>
            <param index="1">
              <value>
                <![CDATA[2021 I-Codes]]>
              </value>
            </param>
            <param index="2">
              <value>
                <![CDATA[2021 International Building Code (IBC)]]>
              </value>
            </param>
            <param index="3">
              <value>
                <![CDATA[CHAPTER 2 DEFINITIONS]]>
              </value>
            </param>
            <param index="4">
              <value>
                <![CDATA[PREMIUM]]>
              </value>
            </param>
          </params>
          <reporter-output>
          </reporter-output>
        </test-method> <!-- TC07_verifyMyNotes_FromTOC -->
        <test-method is-config="true" signature="log_result(org.testng.ITestResult)[pri:0, instance:com.Digitalcodes.testcases.TableOfContent_Test@10acd6]" started-at="2023-08-08T16:55:36 IST" name="log_result" finished-at="2023-08-08T16:55:37 IST" duration-ms="176" status="PASS">
          <params>
            <param index="0">
              <value>
                <![CDATA[[TestResult name=TC07_verifyMyNotes_FromTOC status=SUCCESS method=TableOfContent_Test.TC07_verifyMyNotes_FromTOC(java.lang.String,java.lang.String,java.lang.String,java.lang.String,java.lang.String)[pri:1, instance:com.Digitalcodes.testcases.TableOfContent_Test@10acd6] output={null}]]]>
              </value>
            </param>
          </params>
          <reporter-output>
          </reporter-output>
        </test-method> <!-- log_result -->
      </class> <!-- com.Digitalcodes.testcases.TableOfContent_Test -->
      <class name="com.Digitalcodes.testcases.Title_Commentary_Test">
        <test-method is-config="true" signature="beforeClass()[pri:0, instance:com.Digitalcodes.testcases.Title_Commentary_Test@571a9686]" started-at="2023-08-08T17:07:44 IST" name="beforeClass" finished-at="2023-08-08T17:07:44 IST" duration-ms="2" status="PASS">
          <reporter-output>
          </reporter-output>
        </test-method> <!-- beforeClass -->
        <test-method signature="TC34_verifyHideCommentary(java.lang.String,java.lang.String,java.lang.String,java.lang.String)[pri:1, instance:com.Digitalcodes.testcases.Title_Commentary_Test@571a9686]" started-at="2023-08-08T17:07:44 IST" name="TC34_verifyHideCommentary" description="Verify User able to Hide commentary section" data-provider="Premium Complete Commentries" finished-at="2023-08-08T17:07:56 IST" duration-ms="11472" status="PASS">
          <params>
            <param index="0">
              <value>
                <![CDATA[Commentaries]]>
              </value>
            </param>
            <param index="1">
              <value>
                <![CDATA[2021 Commentaries]]>
              </value>
            </param>
            <param index="2">
              <value>
                <![CDATA[2021 IBC Code and Commentary Volume 1 (IBC)]]>
              </value>
            </param>
            <param index="3">
              <value>
                <![CDATA[Chapter 3: Occupancy Classification and Use]]>
              </value>
            </param>
          </params>
          <reporter-output>
          </reporter-output>
        </test-method> <!-- TC34_verifyHideCommentary -->
        <test-method is-config="true" signature="log_result(org.testng.ITestResult)[pri:0, instance:com.Digitalcodes.testcases.Title_Commentary_Test@571a9686]" started-at="2023-08-08T17:07:56 IST" name="log_result" finished-at="2023-08-08T17:07:56 IST" duration-ms="26" status="PASS">
          <params>
            <param index="0">
              <value>
                <![CDATA[[TestResult name=TC34_verifyHideCommentary status=SUCCESS method=Title_Commentary_Test.TC34_verifyHideCommentary(java.lang.String,java.lang.String,java.lang.String,java.lang.String)[pri:1, instance:com.Digitalcodes.testcases.Title_Commentary_Test@571a9686] output={null}]]]>
              </value>
            </param>
          </params>
          <reporter-output>
          </reporter-output>
        </test-method> <!-- log_result -->
      </class> <!-- com.Digitalcodes.testcases.Title_Commentary_Test -->
    </test> <!-- Regression for Premium user -->
  </suite> <!-- Regression test -->
</testng-results>
