<?xml version="1.0" encoding="UTF-8"?>
<testng-results skipped="0" failed="0" ignored="6" total="17" passed="11">
  <reporter-output>
  </reporter-output>
  <suite name="Suite" duration-ms="104766" started-at="2023-05-09T15:33:38 IST" finished-at="2023-05-09T15:35:23 IST">
    <groups>
    </groups>
    <test name="Test" duration-ms="104766" started-at="2023-05-09T15:33:38 IST" finished-at="2023-05-09T15:35:23 IST">
      <class name="com.Digitalcodes.testcases.TC_Loginpage">
        <test-method status="PASS" signature="setdata(java.lang.String,java.lang.String)[pri:0, instance:com.Digitalcodes.testcases.TC_Loginpage@1068e947]" name="setdata" is-config="true" duration-ms="1227" started-at="2023-05-09T15:33:37 IST" finished-at="2023-05-09T15:33:38 IST">
          <params>
            <param index="0">
              <value>
                <![CDATA[smoke]]>
              </value>
            </param>
            <param index="1">
              <value>
                <![CDATA[local]]>
              </value>
            </param>
          </params>
          <reporter-output>
          </reporter-output>
        </test-method> <!-- setdata -->
        <test-method status="PASS" signature="beforeTest(java.lang.String)[pri:0, instance:com.Digitalcodes.testcases.TC_Loginpage@1068e947]" name="beforeTest" is-config="true" duration-ms="16063" started-at="2023-05-09T15:33:38 IST" finished-at="2023-05-09T15:33:54 IST">
          <params>
            <param index="0">
              <value>
                <![CDATA[chrome]]>
              </value>
            </param>
          </params>
          <reporter-output>
          </reporter-output>
        </test-method> <!-- beforeTest -->
        <test-method status="PASS" signature="login()[pri:1, instance:com.Digitalcodes.testcases.TC_Loginpage@1068e947]" name="login" duration-ms="8125" started-at="2023-05-09T15:33:55 IST" description="User able to Login with valid creditionls" finished-at="2023-05-09T15:34:03 IST">
          <reporter-output>
          </reporter-output>
        </test-method> <!-- login -->
        <test-method status="PASS" signature="log_result(org.testng.ITestResult)[pri:0, instance:com.Digitalcodes.testcases.TC_Loginpage@1068e947]" name="log_result" is-config="true" duration-ms="2603" started-at="2023-05-09T15:34:03 IST" finished-at="2023-05-09T15:34:05 IST">
          <params>
            <param index="0">
              <value>
                <![CDATA[[TestResult name=login status=SUCCESS method=TC_Loginpage.login()[pri:1, instance:com.Digitalcodes.testcases.TC_Loginpage@1068e947] output={null}]]]>
              </value>
            </param>
          </params>
          <reporter-output>
          </reporter-output>
        </test-method> <!-- log_result -->
        <test-method status="PASS" signature="verifyUserInformation()[pri:0, instance:com.Digitalcodes.testcases.TC_Loginpage@1068e947]" name="verifyUserInformation" duration-ms="2358" started-at="2023-05-09T15:34:05 IST" description="Verify User able to displyed Subscription type, Name, email " depends-on-methods="com.Digitalcodes.testcases.TC_Loginpage.login" finished-at="2023-05-09T15:34:08 IST">
          <reporter-output>
          </reporter-output>
        </test-method> <!-- verifyUserInformation -->
        <test-method status="PASS" signature="log_result(org.testng.ITestResult)[pri:0, instance:com.Digitalcodes.testcases.TC_Loginpage@1068e947]" name="log_result" is-config="true" duration-ms="2041" started-at="2023-05-09T15:34:08 IST" finished-at="2023-05-09T15:34:10 IST">
          <params>
            <param index="0">
              <value>
                <![CDATA[[TestResult name=verifyUserInformation status=SUCCESS method=TC_Loginpage.verifyUserInformation()[pri:0, instance:com.Digitalcodes.testcases.TC_Loginpage@1068e947] output={null}]]]>
              </value>
            </param>
          </params>
          <reporter-output>
          </reporter-output>
        </test-method> <!-- log_result -->
        <test-method status="PASS" signature="afterSuite()[pri:0, instance:com.Digitalcodes.testcases.TC_Loginpage@1068e947]" name="afterSuite" is-config="true" duration-ms="941" started-at="2023-05-09T15:35:23 IST" finished-at="2023-05-09T15:35:24 IST">
          <reporter-output>
          </reporter-output>
        </test-method> <!-- afterSuite -->
      </class> <!-- com.Digitalcodes.testcases.TC_Loginpage -->
      <class name="com.Digitalcodes.testcases.TC_GroupOfTitles_page">
        <test-method status="PASS" signature="beforeMethodsGroupoftitles()[pri:0, instance:com.Digitalcodes.testcases.TC_GroupOfTitles_page@382db087]" name="beforeMethodsGroupoftitles" is-config="true" duration-ms="107" started-at="2023-05-09T15:34:10 IST" finished-at="2023-05-09T15:34:10 IST">
          <reporter-output>
          </reporter-output>
        </test-method> <!-- beforeMethodsGroupoftitles -->
        <test-method status="PASS" signature="navigateToGroupTitles()[pri:2, instance:com.Digitalcodes.testcases.TC_GroupOfTitles_page@382db087]" name="navigateToGroupTitles" duration-ms="2852" started-at="2023-05-09T15:34:10 IST" description="Verify user able to navigate to Group of Title" finished-at="2023-05-09T15:34:13 IST">
          <reporter-output>
          </reporter-output>
        </test-method> <!-- navigateToGroupTitles -->
        <test-method status="PASS" signature="log_result(org.testng.ITestResult)[pri:0, instance:com.Digitalcodes.testcases.TC_GroupOfTitles_page@382db087]" name="log_result" is-config="true" duration-ms="2058" started-at="2023-05-09T15:34:13 IST" finished-at="2023-05-09T15:34:15 IST">
          <params>
            <param index="0">
              <value>
                <![CDATA[[TestResult name=navigateToGroupTitles status=SUCCESS method=TC_GroupOfTitles_page.navigateToGroupTitles()[pri:2, instance:com.Digitalcodes.testcases.TC_GroupOfTitles_page@382db087] output={null}]]]>
              </value>
            </param>
          </params>
          <reporter-output>
          </reporter-output>
        </test-method> <!-- log_result -->
      </class> <!-- com.Digitalcodes.testcases.TC_GroupOfTitles_page -->
      <class name="com.Digitalcodes.testcases.TC_Title_page">
        <test-method status="PASS" signature="beforeClassTitlepage()[pri:0, instance:com.Digitalcodes.testcases.TC_Title_page@80169cf]" name="beforeClassTitlepage" is-config="true" duration-ms="583" started-at="2023-05-09T15:34:15 IST" finished-at="2023-05-09T15:34:15 IST">
          <reporter-output>
          </reporter-output>
        </test-method> <!-- beforeClassTitlepage -->
        <test-method status="PASS" signature="navigateToTitle()[pri:3, instance:com.Digitalcodes.testcases.TC_Title_page@80169cf]" name="navigateToTitle" duration-ms="3762" started-at="2023-05-09T15:34:15 IST" description="Verify User able to Navigate to Title Landing page and verify Tag" finished-at="2023-05-09T15:34:19 IST">
          <reporter-output>
          </reporter-output>
        </test-method> <!-- navigateToTitle -->
        <test-method status="PASS" signature="log_result(org.testng.ITestResult)[pri:0, instance:com.Digitalcodes.testcases.TC_Title_page@80169cf]" name="log_result" is-config="true" duration-ms="2060" started-at="2023-05-09T15:34:19 IST" finished-at="2023-05-09T15:34:21 IST">
          <params>
            <param index="0">
              <value>
                <![CDATA[[TestResult name=navigateToTitle status=SUCCESS method=TC_Title_page.navigateToTitle()[pri:3, instance:com.Digitalcodes.testcases.TC_Title_page@80169cf] output={null}]]]>
              </value>
            </param>
          </params>
          <reporter-output>
          </reporter-output>
        </test-method> <!-- log_result -->
        <test-method status="PASS" signature="markFavoriteTitle()[pri:4, instance:com.Digitalcodes.testcases.TC_Title_page@80169cf]" name="markFavoriteTitle" duration-ms="5961" started-at="2023-05-09T15:34:21 IST" description="Verify user able to mark favorite and title should be displayed in favorites" finished-at="2023-05-09T15:34:27 IST">
          <reporter-output>
          </reporter-output>
        </test-method> <!-- markFavoriteTitle -->
        <test-method status="PASS" signature="log_result(org.testng.ITestResult)[pri:0, instance:com.Digitalcodes.testcases.TC_Title_page@80169cf]" name="log_result" is-config="true" duration-ms="2069" started-at="2023-05-09T15:34:27 IST" finished-at="2023-05-09T15:34:29 IST">
          <params>
            <param index="0">
              <value>
                <![CDATA[[TestResult name=markFavoriteTitle status=SUCCESS method=TC_Title_page.markFavoriteTitle()[pri:4, instance:com.Digitalcodes.testcases.TC_Title_page@80169cf] output={null}]]]>
              </value>
            </param>
          </params>
          <reporter-output>
          </reporter-output>
        </test-method> <!-- log_result -->
        <test-method status="PASS" signature="removeFavoriteTitle()[pri:5, instance:com.Digitalcodes.testcases.TC_Title_page@80169cf]" name="removeFavoriteTitle" duration-ms="4142" started-at="2023-05-09T15:34:29 IST" description="Verify user able to remove favorite title" finished-at="2023-05-09T15:34:33 IST">
          <reporter-output>
          </reporter-output>
        </test-method> <!-- removeFavoriteTitle -->
        <test-method status="PASS" signature="log_result(org.testng.ITestResult)[pri:0, instance:com.Digitalcodes.testcases.TC_Title_page@80169cf]" name="log_result" is-config="true" duration-ms="2032" started-at="2023-05-09T15:34:33 IST" finished-at="2023-05-09T15:34:35 IST">
          <params>
            <param index="0">
              <value>
                <![CDATA[[TestResult name=removeFavoriteTitle status=SUCCESS method=TC_Title_page.removeFavoriteTitle()[pri:5, instance:com.Digitalcodes.testcases.TC_Title_page@80169cf] output={null}]]]>
              </value>
            </param>
          </params>
          <reporter-output>
          </reporter-output>
        </test-method> <!-- log_result -->
        <test-method status="PASS" signature="navigateToMyNotes_fromTOC()[pri:6, instance:com.Digitalcodes.testcases.TC_Title_page@80169cf]" name="navigateToMyNotes_fromTOC" duration-ms="1253" started-at="2023-05-09T15:34:35 IST" description="Verify my notes From TOC when user have no any notes " finished-at="2023-05-09T15:34:37 IST">
          <reporter-output>
          </reporter-output>
        </test-method> <!-- navigateToMyNotes_fromTOC -->
        <test-method status="PASS" signature="log_result(org.testng.ITestResult)[pri:0, instance:com.Digitalcodes.testcases.TC_Title_page@80169cf]" name="log_result" is-config="true" duration-ms="2017" started-at="2023-05-09T15:34:37 IST" finished-at="2023-05-09T15:34:39 IST">
          <params>
            <param index="0">
              <value>
                <![CDATA[[TestResult name=navigateToMyNotes_fromTOC status=SUCCESS method=TC_Title_page.navigateToMyNotes_fromTOC()[pri:6, instance:com.Digitalcodes.testcases.TC_Title_page@80169cf] output={null}]]]>
              </value>
            </param>
          </params>
          <reporter-output>
          </reporter-output>
        </test-method> <!-- log_result -->
        <test-method status="PASS" signature="navigateToSection_fromTOC()[pri:7, instance:com.Digitalcodes.testcases.TC_Title_page@80169cf]" name="navigateToSection_fromTOC" duration-ms="7931" started-at="2023-05-09T15:34:39 IST" description="Verify user able to naviagate Section from TOC" finished-at="2023-05-09T15:34:47 IST">
          <reporter-output>
          </reporter-output>
        </test-method> <!-- navigateToSection_fromTOC -->
        <test-method status="PASS" signature="log_result(org.testng.ITestResult)[pri:0, instance:com.Digitalcodes.testcases.TC_Title_page@80169cf]" name="log_result" is-config="true" duration-ms="2051" started-at="2023-05-09T15:34:47 IST" finished-at="2023-05-09T15:34:49 IST">
          <params>
            <param index="0">
              <value>
                <![CDATA[[TestResult name=navigateToSection_fromTOC status=SUCCESS method=TC_Title_page.navigateToSection_fromTOC()[pri:7, instance:com.Digitalcodes.testcases.TC_Title_page@80169cf] output={null}]]]>
              </value>
            </param>
          </params>
          <reporter-output>
          </reporter-output>
        </test-method> <!-- log_result -->
        <test-method status="PASS" signature="createNotes_atSection()[pri:8, instance:com.Digitalcodes.testcases.TC_Title_page@80169cf]" name="createNotes_atSection" duration-ms="3878" started-at="2023-05-09T15:34:49 IST" description="Verify user able to create notes at section" finished-at="2023-05-09T15:34:52 IST">
          <reporter-output>
          </reporter-output>
        </test-method> <!-- createNotes_atSection -->
        <test-method status="PASS" signature="log_result(org.testng.ITestResult)[pri:0, instance:com.Digitalcodes.testcases.TC_Title_page@80169cf]" name="log_result" is-config="true" duration-ms="2054" started-at="2023-05-09T15:34:52 IST" finished-at="2023-05-09T15:34:54 IST">
          <params>
            <param index="0">
              <value>
                <![CDATA[[TestResult name=createNotes_atSection status=SUCCESS method=TC_Title_page.createNotes_atSection()[pri:8, instance:com.Digitalcodes.testcases.TC_Title_page@80169cf] output={null}]]]>
              </value>
            </param>
          </params>
          <reporter-output>
          </reporter-output>
        </test-method> <!-- log_result -->
        <test-method status="PASS" signature="createBookmark_atSection()[pri:9, instance:com.Digitalcodes.testcases.TC_Title_page@80169cf]" name="createBookmark_atSection" duration-ms="20891" started-at="2023-05-09T15:34:55 IST" description="Verify user able to create bookmark at section" finished-at="2023-05-09T15:35:15 IST">
          <reporter-output>
          </reporter-output>
        </test-method> <!-- createBookmark_atSection -->
        <test-method status="PASS" signature="log_result(org.testng.ITestResult)[pri:0, instance:com.Digitalcodes.testcases.TC_Title_page@80169cf]" name="log_result" is-config="true" duration-ms="2029" started-at="2023-05-09T15:35:15 IST" finished-at="2023-05-09T15:35:17 IST">
          <params>
            <param index="0">
              <value>
                <![CDATA[[TestResult name=createBookmark_atSection status=SUCCESS method=TC_Title_page.createBookmark_atSection()[pri:9, instance:com.Digitalcodes.testcases.TC_Title_page@80169cf] output={null}]]]>
              </value>
            </param>
          </params>
          <reporter-output>
          </reporter-output>
        </test-method> <!-- log_result -->
        <test-method status="PASS" signature="verifyMyNotes_fromTOC()[pri:0, instance:com.Digitalcodes.testcases.TC_Title_page@80169cf]" name="verifyMyNotes_fromTOC" duration-ms="3659" started-at="2023-05-09T15:35:17 IST" description="Verify Chapter Name is displayed in MyNotes and My Notes-Bookmark after note is created" depends-on-methods="com.Digitalcodes.testcases.TC_Title_page.createBookmark_atSection, com.Digitalcodes.testcases.TC_Title_page.createNotes_atSection" finished-at="2023-05-09T15:35:21 IST">
          <reporter-output>
          </reporter-output>
        </test-method> <!-- verifyMyNotes_fromTOC -->
        <test-method status="PASS" signature="log_result(org.testng.ITestResult)[pri:0, instance:com.Digitalcodes.testcases.TC_Title_page@80169cf]" name="log_result" is-config="true" duration-ms="2098" started-at="2023-05-09T15:35:21 IST" finished-at="2023-05-09T15:35:23 IST">
          <params>
            <param index="0">
              <value>
                <![CDATA[[TestResult name=verifyMyNotes_fromTOC status=SUCCESS method=TC_Title_page.verifyMyNotes_fromTOC()[pri:0, instance:com.Digitalcodes.testcases.TC_Title_page@80169cf] output={null}]]]>
              </value>
            </param>
          </params>
          <reporter-output>
          </reporter-output>
        </test-method> <!-- log_result -->
      </class> <!-- com.Digitalcodes.testcases.TC_Title_page -->
    </test> <!-- Test -->
  </suite> <!-- Suite -->
</testng-results>
