<?xml version="1.0" encoding="UTF-8"?>
<testng-results skipped="0" failed="0" ignored="20" total="23" passed="3">
  <reporter-output>
  </reporter-output>
  <suite name="Digital Codes" duration-ms="87201" started-at="2023-05-24T02:01:30 IST" finished-at="2023-05-24T02:02:57 IST">
    <groups>
      <group name="Smoke">
        <method signature="Login_Test.TC01_loginValidData(java.lang.String,java.lang.String,java.lang.String,java.lang.String)[pri:1, instance:com.Digitalcodes.testcases.Login_Test@85ec632]" name="TC01_loginValidData" class="com.Digitalcodes.testcases.Login_Test"/>
        <method signature="Login_Test.TC02_verifyUserInformation(java.lang.String,java.lang.String,java.lang.String,java.lang.String)[pri:0, instance:com.Digitalcodes.testcases.Login_Test@85ec632]" name="TC02_verifyUserInformation" class="com.Digitalcodes.testcases.Login_Test"/>
      </group> <!-- Smoke -->
      <group name="Regeration">
        <method signature="Login_Test.TC01_loginValidData(java.lang.String,java.lang.String,java.lang.String,java.lang.String)[pri:1, instance:com.Digitalcodes.testcases.Login_Test@85ec632]" name="TC01_loginValidData" class="com.Digitalcodes.testcases.Login_Test"/>
        <method signature="Login_Test.TC02_verifyUserInformation(java.lang.String,java.lang.String,java.lang.String,java.lang.String)[pri:0, instance:com.Digitalcodes.testcases.Login_Test@85ec632]" name="TC02_verifyUserInformation" class="com.Digitalcodes.testcases.Login_Test"/>
        <method signature="Title_SectionPage_Test.TC19_verifyLinksOnChapter(java.lang.String,java.lang.String,java.lang.String,java.lang.String)[pri:10, instance:com.Digitalcodes.testcases.Title_SectionPage_Test@6b5f8707]" name="TC19_verifyLinksOnChapter" class="com.Digitalcodes.testcases.Title_SectionPage_Test"/>
      </group> <!-- Regeration -->
    </groups>
    <test name="Test" duration-ms="87201" started-at="2023-05-24T02:01:30 IST" finished-at="2023-05-24T02:02:57 IST">
      <class name="com.Digitalcodes.testcases.Login_Test">
        <test-method status="PASS" signature="beforeSuite(java.lang.String)[pri:0, instance:com.Digitalcodes.testcases.Login_Test@85ec632]" name="beforeSuite" is-config="true" duration-ms="3249" started-at="2023-05-24T02:01:26 IST" finished-at="2023-05-24T02:01:30 IST">
          <params>
            <param index="0">
              <value>
                <![CDATA[smoke]]>
              </value>
            </param>
          </params>
          <reporter-output>
          </reporter-output>
        </test-method> <!-- beforeSuite -->
        <test-method status="PASS" signature="beforeTest(java.lang.String,java.lang.String)[pri:0, instance:com.Digitalcodes.testcases.Login_Test@85ec632]" name="beforeTest" is-config="true" duration-ms="20039" started-at="2023-05-24T02:01:30 IST" finished-at="2023-05-24T02:01:50 IST">
          <params>
            <param index="0">
              <value>
                <![CDATA[chrome]]>
              </value>
            </param>
            <param index="1">
              <value>
                <![CDATA[PREMIUM]]>
              </value>
            </param>
          </params>
          <reporter-output>
          </reporter-output>
        </test-method> <!-- beforeTest -->
        <test-method status="PASS" signature="beforeClass()[pri:0, instance:com.Digitalcodes.testcases.Login_Test@85ec632]" name="beforeClass" is-config="true" duration-ms="144" started-at="2023-05-24T02:01:50 IST" finished-at="2023-05-24T02:01:50 IST">
          <reporter-output>
          </reporter-output>
        </test-method> <!-- beforeClass -->
        <test-method status="PASS" signature="TC01_loginValidData(java.lang.String,java.lang.String,java.lang.String,java.lang.String)[pri:1, instance:com.Digitalcodes.testcases.Login_Test@85ec632]" name="TC01_loginValidData" duration-ms="10093" started-at="2023-05-24T02:01:50 IST" description="User able to Login with valid creditionls" data-provider="Dynamic" finished-at="2023-05-24T02:02:00 IST">
          <params>
            <param index="0">
              <value>
                <![CDATA[complete.user@iccsafe.info]]>
              </value>
            </param>
            <param index="1">
              <value>
                <![CDATA[Digital@123]]>
              </value>
            </param>
            <param index="2">
              <value>
                <![CDATA[Complete User]]>
              </value>
            </param>
            <param index="3">
              <value>
                <![CDATA[Premium Complete]]>
              </value>
            </param>
          </params>
          <reporter-output>
          </reporter-output>
        </test-method> <!-- TC01_loginValidData -->
        <test-method status="PASS" signature="log_result(org.testng.ITestResult)[pri:0, instance:com.Digitalcodes.testcases.Login_Test@85ec632]" name="log_result" is-config="true" duration-ms="1566" started-at="2023-05-24T02:02:01 IST" finished-at="2023-05-24T02:02:02 IST">
          <params>
            <param index="0">
              <value>
                <![CDATA[[TestResult name=TC01_loginValidData status=SUCCESS method=Login_Test.TC01_loginValidData(java.lang.String,java.lang.String,java.lang.String,java.lang.String)[pri:1, instance:com.Digitalcodes.testcases.Login_Test@85ec632] output={null}]]]>
              </value>
            </param>
          </params>
          <reporter-output>
          </reporter-output>
        </test-method> <!-- log_result -->
        <test-method name="TC02_verifyUserInformation" signature="TC02_verifyUserInformation(java.lang.String,java.lang.String,java.lang.String,java.lang.String)[pri:0, instance:com.Digitalcodes.testcases.Login_Test@85ec632]" status="PASS" duration-ms="2686" finished-at="2023-05-24T02:02:05 IST" started-at="2023-05-24T02:02:02 IST" depends-on-methods="com.Digitalcodes.testcases.Login_Test.TC01_loginValidData" data-provider="Dynamic" description="Verify User able to displyed Subscription type, Name, email ">
          <params>
            <param index="0">
              <value>
                <![CDATA[complete.user@iccsafe.info]]>
              </value>
            </param>
            <param index="1">
              <value>
                <![CDATA[Digital@123]]>
              </value>
            </param>
            <param index="2">
              <value>
                <![CDATA[Complete User]]>
              </value>
            </param>
            <param index="3">
              <value>
                <![CDATA[Premium Complete]]>
              </value>
            </param>
          </params>
          <reporter-output>
          </reporter-output>
        </test-method> <!-- TC02_verifyUserInformation -->
        <test-method status="PASS" signature="log_result(org.testng.ITestResult)[pri:0, instance:com.Digitalcodes.testcases.Login_Test@85ec632]" name="log_result" is-config="true" duration-ms="42" started-at="2023-05-24T02:02:05 IST" finished-at="2023-05-24T02:02:05 IST">
          <params>
            <param index="0">
              <value>
                <![CDATA[[TestResult name=TC02_verifyUserInformation status=SUCCESS method=Login_Test.TC02_verifyUserInformation(java.lang.String,java.lang.String,java.lang.String,java.lang.String)[pri:0, instance:com.Digitalcodes.testcases.Login_Test@85ec632] output={null}]]]>
              </value>
            </param>
          </params>
          <reporter-output>
          </reporter-output>
        </test-method> <!-- log_result -->
        <test-method status="PASS" signature="afterSuite()[pri:0, instance:com.Digitalcodes.testcases.Login_Test@85ec632]" name="afterSuite" is-config="true" duration-ms="6109" started-at="2023-05-24T02:02:58 IST" finished-at="2023-05-24T02:03:04 IST">
          <reporter-output>
          </reporter-output>
        </test-method> <!-- afterSuite -->
      </class> <!-- com.Digitalcodes.testcases.Login_Test -->
      <class name="com.Digitalcodes.testcases.Title_SectionPage_Test">
        <test-method status="PASS" signature="beforeClass()[pri:0, instance:com.Digitalcodes.testcases.Title_SectionPage_Test@6b5f8707]" name="beforeClass" is-config="true" duration-ms="2" started-at="2023-05-24T02:02:05 IST" finished-at="2023-05-24T02:02:05 IST">
          <reporter-output>
          </reporter-output>
        </test-method> <!-- beforeClass -->
        <test-method status="PASS" signature="beforeClassTitlepage()[pri:0, instance:com.Digitalcodes.testcases.Title_SectionPage_Test@6b5f8707]" name="beforeClassTitlepage" is-config="true" duration-ms="22" started-at="2023-05-24T02:02:05 IST" finished-at="2023-05-24T02:02:05 IST">
          <reporter-output>
          </reporter-output>
        </test-method> <!-- beforeClassTitlepage -->
        <test-method status="PASS" signature="TC19_verifyLinksOnChapter(java.lang.String,java.lang.String,java.lang.String,java.lang.String)[pri:10, instance:com.Digitalcodes.testcases.Title_SectionPage_Test@6b5f8707]" name="TC19_verifyLinksOnChapter" duration-ms="51681" started-at="2023-05-24T02:02:05 IST" description="Verify links On Chapter" data-provider="SingleTitle" finished-at="2023-05-24T02:02:57 IST">
          <params>
            <param index="0">
              <value>
                <![CDATA[I-Codes]]>
              </value>
            </param>
            <param index="1">
              <value>
                <![CDATA[2021 I-Codes]]>
              </value>
            </param>
            <param index="2">
              <value>
                <![CDATA[2021 International Building Code (IBC)]]>
              </value>
            </param>
            <param index="3">
              <value>
                <![CDATA[CHAPTER 2 DEFINITIONS]]>
              </value>
            </param>
          </params>
          <reporter-output>
          </reporter-output>
        </test-method> <!-- TC19_verifyLinksOnChapter -->
        <test-method status="PASS" signature="log_result(org.testng.ITestResult)[pri:0, instance:com.Digitalcodes.testcases.Title_SectionPage_Test@6b5f8707]" name="log_result" is-config="true" duration-ms="53" started-at="2023-05-24T02:02:57 IST" finished-at="2023-05-24T02:02:57 IST">
          <params>
            <param index="0">
              <value>
                <![CDATA[[TestResult name=TC19_verifyLinksOnChapter status=SUCCESS method=Title_SectionPage_Test.TC19_verifyLinksOnChapter(java.lang.String,java.lang.String,java.lang.String,java.lang.String)[pri:10, instance:com.Digitalcodes.testcases.Title_SectionPage_Test@6b5f8707] output={null}]]]>
              </value>
            </param>
          </params>
          <reporter-output>
          </reporter-output>
        </test-method> <!-- log_result -->
      </class> <!-- com.Digitalcodes.testcases.Title_SectionPage_Test -->
    </test> <!-- Test -->
  </suite> <!-- Digital Codes -->
</testng-results>
