<?xml version="1.0" encoding="UTF-8"?>
<testng-results skipped="0" failed="0" ignored="4" total="9" passed="5">
  <reporter-output>
  </reporter-output>
  <suite name="Smoke test" duration-ms="80906" started-at="2023-06-09T23:23:38 IST" finished-at="2023-06-09T23:24:59 IST">
    <groups>
      <group name="Regression">
        <method signature="Login_Test.TC01_loginValidData(java.lang.String,java.lang.String,java.lang.String,java.lang.String)[pri:1, instance:com.Digitalcodes.testcases.Login_Test@1a1d3c1a]" name="TC01_loginValidData" class="com.Digitalcodes.testcases.Login_Test"/>
        <method signature="Login_Test.TC02_verifyUserInformation(java.lang.String,java.lang.String,java.lang.String,java.lang.String)[pri:0, instance:com.Digitalcodes.testcases.Login_Test@1a1d3c1a]" name="TC02_verifyUserInformation" class="com.Digitalcodes.testcases.Login_Test"/>
        <method signature="Title_ASTMStanderds_Test.TC33_verifyNavigateToASTM_FromLinks(java.lang.String,java.lang.String,java.lang.String,java.lang.String)[pri:1, instance:com.Digitalcodes.testcases.Title_ASTMStanderds_Test@c0b41d6]" name="TC33_verifyNavigateToASTM_FromLinks" class="com.Digitalcodes.testcases.Title_ASTMStanderds_Test"/>
        <method signature="Title_ASTMStanderds_Test.TC35_verifyNavigateToASTM(java.lang.String,java.lang.String,java.lang.String,java.lang.String,java.lang.String)[pri:2, instance:com.Digitalcodes.testcases.Title_ASTMStanderds_Test@c0b41d6]" name="TC35_verifyNavigateToASTM" class="com.Digitalcodes.testcases.Title_ASTMStanderds_Test"/>
        <method signature="Title_ASTMStanderds_Test.TC36_verifyASTMSection()[pri:0, instance:com.Digitalcodes.testcases.Title_ASTMStanderds_Test@c0b41d6]" name="TC36_verifyASTMSection" class="com.Digitalcodes.testcases.Title_ASTMStanderds_Test"/>
      </group> <!-- Regression -->
      <group name="Smoke">
        <method signature="Login_Test.TC01_loginValidData(java.lang.String,java.lang.String,java.lang.String,java.lang.String)[pri:1, instance:com.Digitalcodes.testcases.Login_Test@1a1d3c1a]" name="TC01_loginValidData" class="com.Digitalcodes.testcases.Login_Test"/>
        <method signature="Login_Test.TC02_verifyUserInformation(java.lang.String,java.lang.String,java.lang.String,java.lang.String)[pri:0, instance:com.Digitalcodes.testcases.Login_Test@1a1d3c1a]" name="TC02_verifyUserInformation" class="com.Digitalcodes.testcases.Login_Test"/>
        <method signature="Title_ASTMStanderds_Test.TC33_verifyNavigateToASTM_FromLinks(java.lang.String,java.lang.String,java.lang.String,java.lang.String)[pri:1, instance:com.Digitalcodes.testcases.Title_ASTMStanderds_Test@c0b41d6]" name="TC33_verifyNavigateToASTM_FromLinks" class="com.Digitalcodes.testcases.Title_ASTMStanderds_Test"/>
        <method signature="Title_ASTMStanderds_Test.TC35_verifyNavigateToASTM(java.lang.String,java.lang.String,java.lang.String,java.lang.String,java.lang.String)[pri:2, instance:com.Digitalcodes.testcases.Title_ASTMStanderds_Test@c0b41d6]" name="TC35_verifyNavigateToASTM" class="com.Digitalcodes.testcases.Title_ASTMStanderds_Test"/>
        <method signature="Title_ASTMStanderds_Test.TC36_verifyASTMSection()[pri:0, instance:com.Digitalcodes.testcases.Title_ASTMStanderds_Test@c0b41d6]" name="TC36_verifyASTMSection" class="com.Digitalcodes.testcases.Title_ASTMStanderds_Test"/>
      </group> <!-- Smoke -->
    </groups>
    <test name="Smoke test for Premium user" duration-ms="80906" started-at="2023-06-09T23:23:38 IST" finished-at="2023-06-09T23:24:59 IST">
      <class name="com.Digitalcodes.testcases.Login_Test">
        <test-method status="PASS" signature="beforeSuite(java.lang.String)[pri:0, instance:com.Digitalcodes.testcases.Login_Test@1a1d3c1a]" name="beforeSuite" is-config="true" duration-ms="2078" started-at="2023-06-09T23:23:36 IST" finished-at="2023-06-09T23:23:38 IST">
          <params>
            <param index="0">
              <value>
                <![CDATA[Smoke]]>
              </value>
            </param>
          </params>
          <reporter-output>
          </reporter-output>
        </test-method> <!-- beforeSuite -->
        <test-method status="PASS" signature="beforeTest(java.lang.String,java.lang.String)[pri:0, instance:com.Digitalcodes.testcases.Login_Test@1a1d3c1a]" name="beforeTest" is-config="true" duration-ms="14170" started-at="2023-06-09T23:23:38 IST" finished-at="2023-06-09T23:23:52 IST">
          <params>
            <param index="0">
              <value>
                <![CDATA[chrome]]>
              </value>
            </param>
            <param index="1">
              <value>
                <![CDATA[PREMIUM]]>
              </value>
            </param>
          </params>
          <reporter-output>
          </reporter-output>
        </test-method> <!-- beforeTest -->
        <test-method status="PASS" signature="beforeClass()[pri:0, instance:com.Digitalcodes.testcases.Login_Test@1a1d3c1a]" name="beforeClass" is-config="true" duration-ms="66" started-at="2023-06-09T23:23:52 IST" finished-at="2023-06-09T23:23:52 IST">
          <reporter-output>
          </reporter-output>
        </test-method> <!-- beforeClass -->
        <test-method status="PASS" signature="TC01_loginValidData(java.lang.String,java.lang.String,java.lang.String,java.lang.String)[pri:1, instance:com.Digitalcodes.testcases.Login_Test@1a1d3c1a]" name="TC01_loginValidData" duration-ms="7798" started-at="2023-06-09T23:23:52 IST" description="User able to Login with valid creditionls" data-provider="Dynamic" finished-at="2023-06-09T23:24:00 IST">
          <params>
            <param index="0">
              <value>
                <![CDATA[complete.user@iccsafe.info]]>
              </value>
            </param>
            <param index="1">
              <value>
                <![CDATA[Digital@123]]>
              </value>
            </param>
            <param index="2">
              <value>
                <![CDATA[Complete User]]>
              </value>
            </param>
            <param index="3">
              <value>
                <![CDATA[Premium Complete]]>
              </value>
            </param>
          </params>
          <reporter-output>
          </reporter-output>
        </test-method> <!-- TC01_loginValidData -->
        <test-method status="PASS" signature="log_result(org.testng.ITestResult)[pri:0, instance:com.Digitalcodes.testcases.Login_Test@1a1d3c1a]" name="log_result" is-config="true" duration-ms="746" started-at="2023-06-09T23:24:00 IST" finished-at="2023-06-09T23:24:01 IST">
          <params>
            <param index="0">
              <value>
                <![CDATA[[TestResult name=TC01_loginValidData status=SUCCESS method=Login_Test.TC01_loginValidData(java.lang.String,java.lang.String,java.lang.String,java.lang.String)[pri:1, instance:com.Digitalcodes.testcases.Login_Test@1a1d3c1a] output={null}]]]>
              </value>
            </param>
          </params>
          <reporter-output>
          </reporter-output>
        </test-method> <!-- log_result -->
        <test-method name="TC02_verifyUserInformation" signature="TC02_verifyUserInformation(java.lang.String,java.lang.String,java.lang.String,java.lang.String)[pri:0, instance:com.Digitalcodes.testcases.Login_Test@1a1d3c1a]" status="PASS" duration-ms="22348" finished-at="2023-06-09T23:24:23 IST" started-at="2023-06-09T23:24:01 IST" depends-on-methods="com.Digitalcodes.testcases.Login_Test.TC01_loginValidData" data-provider="Dynamic" description="Verify User able to displyed Subscription type, Name, email ">
          <params>
            <param index="0">
              <value>
                <![CDATA[complete.user@iccsafe.info]]>
              </value>
            </param>
            <param index="1">
              <value>
                <![CDATA[Digital@123]]>
              </value>
            </param>
            <param index="2">
              <value>
                <![CDATA[Complete User]]>
              </value>
            </param>
            <param index="3">
              <value>
                <![CDATA[Premium Complete]]>
              </value>
            </param>
          </params>
          <reporter-output>
          </reporter-output>
        </test-method> <!-- TC02_verifyUserInformation -->
        <test-method status="PASS" signature="log_result(org.testng.ITestResult)[pri:0, instance:com.Digitalcodes.testcases.Login_Test@1a1d3c1a]" name="log_result" is-config="true" duration-ms="38" started-at="2023-06-09T23:24:23 IST" finished-at="2023-06-09T23:24:23 IST">
          <params>
            <param index="0">
              <value>
                <![CDATA[[TestResult name=TC02_verifyUserInformation status=SUCCESS method=Login_Test.TC02_verifyUserInformation(java.lang.String,java.lang.String,java.lang.String,java.lang.String)[pri:0, instance:com.Digitalcodes.testcases.Login_Test@1a1d3c1a] output={null}]]]>
              </value>
            </param>
          </params>
          <reporter-output>
          </reporter-output>
        </test-method> <!-- log_result -->
        <test-method status="PASS" signature="afterTest()[pri:0, instance:com.Digitalcodes.testcases.Login_Test@1a1d3c1a]" name="afterTest" is-config="true" duration-ms="856" started-at="2023-06-09T23:24:58 IST" finished-at="2023-06-09T23:24:59 IST">
          <reporter-output>
          </reporter-output>
        </test-method> <!-- afterTest -->
        <test-method status="PASS" signature="afterSuite()[pri:0, instance:com.Digitalcodes.testcases.Login_Test@1a1d3c1a]" name="afterSuite" is-config="true" duration-ms="0" started-at="2023-06-09T23:25:00 IST" finished-at="2023-06-09T23:25:00 IST">
          <reporter-output>
          </reporter-output>
        </test-method> <!-- afterSuite -->
      </class> <!-- com.Digitalcodes.testcases.Login_Test -->
      <class name="com.Digitalcodes.testcases.Title_ASTMStanderds_Test">
        <test-method status="PASS" signature="beforeClass()[pri:0, instance:com.Digitalcodes.testcases.Title_ASTMStanderds_Test@c0b41d6]" name="beforeClass" is-config="true" duration-ms="3" started-at="2023-06-09T23:24:23 IST" finished-at="2023-06-09T23:24:23 IST">
          <reporter-output>
          </reporter-output>
        </test-method> <!-- beforeClass -->
        <test-method status="PASS" signature="beforeclass()[pri:0, instance:com.Digitalcodes.testcases.Title_ASTMStanderds_Test@c0b41d6]" name="beforeclass" is-config="true" duration-ms="9" started-at="2023-06-09T23:24:23 IST" finished-at="2023-06-09T23:24:23 IST">
          <reporter-output>
          </reporter-output>
        </test-method> <!-- beforeclass -->
        <test-method status="PASS" signature="TC33_verifyNavigateToASTM_FromLinks(java.lang.String,java.lang.String,java.lang.String,java.lang.String)[pri:1, instance:com.Digitalcodes.testcases.Title_ASTMStanderds_Test@c0b41d6]" name="TC33_verifyNavigateToASTM_FromLinks" duration-ms="23676" started-at="2023-06-09T23:24:23 IST" description="Verify user able to navigate to ASTM Standerds thorugh link" data-provider="SingleTitle" finished-at="2023-06-09T23:24:47 IST">
          <params>
            <param index="0">
              <value>
                <![CDATA[I-Codes]]>
              </value>
            </param>
            <param index="1">
              <value>
                <![CDATA[2021 I-Codes]]>
              </value>
            </param>
            <param index="2">
              <value>
                <![CDATA[2021 International Building Code (IBC)]]>
              </value>
            </param>
            <param index="3">
              <value>
                <![CDATA[CHAPTER 2 DEFINITIONS]]>
              </value>
            </param>
          </params>
          <reporter-output>
          </reporter-output>
        </test-method> <!-- TC33_verifyNavigateToASTM_FromLinks -->
        <test-method status="PASS" signature="log_result(org.testng.ITestResult)[pri:0, instance:com.Digitalcodes.testcases.Title_ASTMStanderds_Test@c0b41d6]" name="log_result" is-config="true" duration-ms="37" started-at="2023-06-09T23:24:47 IST" finished-at="2023-06-09T23:24:47 IST">
          <params>
            <param index="0">
              <value>
                <![CDATA[[TestResult name=TC33_verifyNavigateToASTM_FromLinks status=SUCCESS method=Title_ASTMStanderds_Test.TC33_verifyNavigateToASTM_FromLinks(java.lang.String,java.lang.String,java.lang.String,java.lang.String)[pri:1, instance:com.Digitalcodes.testcases.Title_ASTMStanderds_Test@c0b41d6] output={null}]]]>
              </value>
            </param>
          </params>
          <reporter-output>
          </reporter-output>
        </test-method> <!-- log_result -->
        <test-method status="PASS" signature="TC35_verifyNavigateToASTM(java.lang.String,java.lang.String,java.lang.String,java.lang.String,java.lang.String)[pri:2, instance:com.Digitalcodes.testcases.Title_ASTMStanderds_Test@c0b41d6]" name="TC35_verifyNavigateToASTM" duration-ms="5518" started-at="2023-06-09T23:24:47 IST" description="Verify user able to navigate to ASTM Standerds Landing page" data-provider="ASTM" finished-at="2023-06-09T23:24:53 IST">
          <params>
            <param index="0">
              <value>
                <![CDATA[Standards]]>
              </value>
            </param>
            <param index="1">
              <value>
                <![CDATA[ASTM Standards]]>
              </value>
            </param>
            <param index="2">
              <value>
                <![CDATA[Iron and Steel Materials]]>
              </value>
            </param>
            <param index="3">
              <value>
                <![CDATA[ASTM A1003/A1003M-15]]>
              </value>
            </param>
            <param index="4">
              <value>
                <![CDATA[A1003/A1003M-15]]>
              </value>
            </param>
          </params>
          <reporter-output>
          </reporter-output>
        </test-method> <!-- TC35_verifyNavigateToASTM -->
        <test-method status="PASS" signature="log_result(org.testng.ITestResult)[pri:0, instance:com.Digitalcodes.testcases.Title_ASTMStanderds_Test@c0b41d6]" name="log_result" is-config="true" duration-ms="50" started-at="2023-06-09T23:24:53 IST" finished-at="2023-06-09T23:24:53 IST">
          <params>
            <param index="0">
              <value>
                <![CDATA[[TestResult name=TC35_verifyNavigateToASTM status=SUCCESS method=Title_ASTMStanderds_Test.TC35_verifyNavigateToASTM(java.lang.String,java.lang.String,java.lang.String,java.lang.String,java.lang.String)[pri:2, instance:com.Digitalcodes.testcases.Title_ASTMStanderds_Test@c0b41d6] output={null}]]]>
              </value>
            </param>
          </params>
          <reporter-output>
          </reporter-output>
        </test-method> <!-- log_result -->
        <test-method status="PASS" signature="TC36_verifyASTMSection()[pri:0, instance:com.Digitalcodes.testcases.Title_ASTMStanderds_Test@c0b41d6]" name="TC36_verifyASTMSection" duration-ms="5190" started-at="2023-06-09T23:24:53 IST" description="Verify user able to Access ASTM title " depends-on-methods="com.Digitalcodes.testcases.Title_ASTMStanderds_Test.TC35_verifyNavigateToASTM" finished-at="2023-06-09T23:24:58 IST">
          <reporter-output>
          </reporter-output>
        </test-method> <!-- TC36_verifyASTMSection -->
        <test-method status="PASS" signature="log_result(org.testng.ITestResult)[pri:0, instance:com.Digitalcodes.testcases.Title_ASTMStanderds_Test@c0b41d6]" name="log_result" is-config="true" duration-ms="24" started-at="2023-06-09T23:24:58 IST" finished-at="2023-06-09T23:24:58 IST">
          <params>
            <param index="0">
              <value>
                <![CDATA[[TestResult name=TC36_verifyASTMSection status=SUCCESS method=Title_ASTMStanderds_Test.TC36_verifyASTMSection()[pri:0, instance:com.Digitalcodes.testcases.Title_ASTMStanderds_Test@c0b41d6] output={null}]]]>
              </value>
            </param>
          </params>
          <reporter-output>
          </reporter-output>
        </test-method> <!-- log_result -->
      </class> <!-- com.Digitalcodes.testcases.Title_ASTMStanderds_Test -->
    </test> <!-- Smoke test for Premium user -->
  </suite> <!-- Smoke test -->
</testng-results>
