<?xml version="1.0" encoding="UTF-8"?>
<!-- Generated by org.testng.reporters.JUnitXMLReporter -->
<testsuite ignored="51" hostname="IB-Pune-LAP-329" failures="39" tests="48" name="Smoke test for Premium user new" time="60.105" errors="0" timestamp="2023-08-07T17:17:46 IST">
  <testcase classname="com.Digitalcodes.testcases.Title_Collection_Test" name="@AfterMethod afterMethod" time="0.009">
    <failure type="org.openqa.selenium.NoSuchSessionException" message="Tried to run command without establishing a connection
Build info: version: &amp;apos;4.9.0&amp;apos;, revision: &amp;apos;d7057100a6&amp;apos;
System info: os.name: &amp;apos;Windows 10&amp;apos;, os.arch: &amp;apos;amd64&amp;apos;, os.version: &amp;apos;10.0&amp;apos;, java.version: &amp;apos;17.0.3&amp;apos;
Driver info: org.openqa.selenium.firefox.FirefoxDriver
Command: [9ca4f118-d5ea-496f-a60a-61d494d91889, close {}]
Capabilities {acceptInsecureCerts: true, browserName: firefox, browserVersion: 106.0.3, moz:accessibilityChecks: false, moz:buildID: 20221030091646, moz:debuggerAddress: 127.0.0.1:44657, moz:geckodriverVersion: 0.32.0, moz:headless: false, moz:platformVersion: 10.0, moz:processID: 780, moz:profile: C:\Users\VRUSHA~1\AppData\L..., moz:shutdownTimeout: 60000, moz:useNonSpecCompliantPointerOrigin: false, moz:webdriverClick: true, moz:windowless: false, pageLoadStrategy: normal, platformName: WINDOWS, proxy: Proxy(), se:cdp: ws://127.0.0.1:44657/devtoo..., se:cdpVersion: 85.0, setWindowRect: true, strictFileInteractability: false, timeouts: {implicit: 0, pageLoad: 300000, script: 30000}, unhandledPromptBehavior: dismiss and notify}
Session ID: 9ca4f118-d5ea-496f-a60a-61d494d91889">
      <![CDATA[org.openqa.selenium.NoSuchSessionException: Tried to run command without establishing a connection
Build info: version: '4.9.0', revision: 'd7057100a6'
System info: os.name: 'Windows 10', os.arch: 'amd64', os.version: '10.0', java.version: '17.0.3'
Driver info: org.openqa.selenium.firefox.FirefoxDriver
Command: [9ca4f118-d5ea-496f-a60a-61d494d91889, close {}]
Capabilities {acceptInsecureCerts: true, browserName: firefox, browserVersion: 106.0.3, moz:accessibilityChecks: false, moz:buildID: 20221030091646, moz:debuggerAddress: 127.0.0.1:44657, moz:geckodriverVersion: 0.32.0, moz:headless: false, moz:platformVersion: 10.0, moz:processID: 780, moz:profile: C:\Users\VRUSHA~1\AppData\L..., moz:shutdownTimeout: 60000, moz:useNonSpecCompliantPointerOrigin: false, moz:webdriverClick: true, moz:windowless: false, pageLoadStrategy: normal, platformName: WINDOWS, proxy: Proxy(), se:cdp: ws://127.0.0.1:44657/devtoo..., se:cdpVersion: 85.0, setWindowRect: true, strictFileInteractability: false, timeouts: {implicit: 0, pageLoad: 300000, script: 30000}, unhandledPromptBehavior: dismiss and notify}
Session ID: 9ca4f118-d5ea-496f-a60a-61d494d91889
at org.openqa.selenium.remote.codec.w3c.W3CHttpResponseCodec.createException(W3CHttpResponseCodec.java:200)
at org.openqa.selenium.remote.codec.w3c.W3CHttpResponseCodec.decode(W3CHttpResponseCodec.java:133)
at org.openqa.selenium.remote.codec.w3c.W3CHttpResponseCodec.decode(W3CHttpResponseCodec.java:53)
at org.openqa.selenium.remote.HttpCommandExecutor.execute(HttpCommandExecutor.java:193)
at org.openqa.selenium.remote.service.DriverCommandExecutor.invokeExecute(DriverCommandExecutor.java:183)
at org.openqa.selenium.remote.service.DriverCommandExecutor.execute(DriverCommandExecutor.java:158)
at org.openqa.selenium.remote.RemoteWebDriver.execute(RemoteWebDriver.java:543)
at org.openqa.selenium.remote.RemoteWebDriver.execute(RemoteWebDriver.java:598)
at org.openqa.selenium.remote.RemoteWebDriver.execute(RemoteWebDriver.java:602)
at org.openqa.selenium.remote.RemoteWebDriver.close(RemoteWebDriver.java:419)
at com.Digitalcodes.utilities.Baseclass.closeWindow(Baseclass.java:173)
at com.Digitalcodes.testcases.Title_Collection_Test.afterMethod(Title_Collection_Test.java:42)
at java.base/java.util.ArrayList.forEach(ArrayList.java:1511)
at java.base/java.util.concurrent.FutureTask.run(FutureTask.java:264)
at java.base/java.util.concurrent.ThreadPoolExecutor.runWorker(ThreadPoolExecutor.java:1136)
at java.base/java.util.concurrent.ThreadPoolExecutor$Worker.run(ThreadPoolExecutor.java:635)
at java.base/java.lang.Thread.run(Thread.java:833)
... Removed 28 stack frames]]>
    </failure>
  </testcase> <!-- @AfterMethod afterMethod -->
  <testcase classname="com.Digitalcodes.testcases.Title_Collection_Test" name="@AfterMethod afterMethod" time="0.032">
    <failure type="org.openqa.selenium.NoSuchSessionException" message="Tried to run command without establishing a connection
Build info: version: &amp;apos;4.9.0&amp;apos;, revision: &amp;apos;d7057100a6&amp;apos;
System info: os.name: &amp;apos;Windows 10&amp;apos;, os.arch: &amp;apos;amd64&amp;apos;, os.version: &amp;apos;10.0&amp;apos;, java.version: &amp;apos;17.0.3&amp;apos;
Driver info: org.openqa.selenium.firefox.FirefoxDriver
Command: [9ca4f118-d5ea-496f-a60a-61d494d91889, close {}]
Capabilities {acceptInsecureCerts: true, browserName: firefox, browserVersion: 106.0.3, moz:accessibilityChecks: false, moz:buildID: 20221030091646, moz:debuggerAddress: 127.0.0.1:44657, moz:geckodriverVersion: 0.32.0, moz:headless: false, moz:platformVersion: 10.0, moz:processID: 780, moz:profile: C:\Users\VRUSHA~1\AppData\L..., moz:shutdownTimeout: 60000, moz:useNonSpecCompliantPointerOrigin: false, moz:webdriverClick: true, moz:windowless: false, pageLoadStrategy: normal, platformName: WINDOWS, proxy: Proxy(), se:cdp: ws://127.0.0.1:44657/devtoo..., se:cdpVersion: 85.0, setWindowRect: true, strictFileInteractability: false, timeouts: {implicit: 0, pageLoad: 300000, script: 30000}, unhandledPromptBehavior: dismiss and notify}
Session ID: 9ca4f118-d5ea-496f-a60a-61d494d91889">
      <![CDATA[org.openqa.selenium.NoSuchSessionException: Tried to run command without establishing a connection
Build info: version: '4.9.0', revision: 'd7057100a6'
System info: os.name: 'Windows 10', os.arch: 'amd64', os.version: '10.0', java.version: '17.0.3'
Driver info: org.openqa.selenium.firefox.FirefoxDriver
Command: [9ca4f118-d5ea-496f-a60a-61d494d91889, close {}]
Capabilities {acceptInsecureCerts: true, browserName: firefox, browserVersion: 106.0.3, moz:accessibilityChecks: false, moz:buildID: 20221030091646, moz:debuggerAddress: 127.0.0.1:44657, moz:geckodriverVersion: 0.32.0, moz:headless: false, moz:platformVersion: 10.0, moz:processID: 780, moz:profile: C:\Users\VRUSHA~1\AppData\L..., moz:shutdownTimeout: 60000, moz:useNonSpecCompliantPointerOrigin: false, moz:webdriverClick: true, moz:windowless: false, pageLoadStrategy: normal, platformName: WINDOWS, proxy: Proxy(), se:cdp: ws://127.0.0.1:44657/devtoo..., se:cdpVersion: 85.0, setWindowRect: true, strictFileInteractability: false, timeouts: {implicit: 0, pageLoad: 300000, script: 30000}, unhandledPromptBehavior: dismiss and notify}
Session ID: 9ca4f118-d5ea-496f-a60a-61d494d91889
at org.openqa.selenium.remote.codec.w3c.W3CHttpResponseCodec.createException(W3CHttpResponseCodec.java:200)
at org.openqa.selenium.remote.codec.w3c.W3CHttpResponseCodec.decode(W3CHttpResponseCodec.java:133)
at org.openqa.selenium.remote.codec.w3c.W3CHttpResponseCodec.decode(W3CHttpResponseCodec.java:53)
at org.openqa.selenium.remote.HttpCommandExecutor.execute(HttpCommandExecutor.java:193)
at org.openqa.selenium.remote.service.DriverCommandExecutor.invokeExecute(DriverCommandExecutor.java:183)
at org.openqa.selenium.remote.service.DriverCommandExecutor.execute(DriverCommandExecutor.java:158)
at org.openqa.selenium.remote.RemoteWebDriver.execute(RemoteWebDriver.java:543)
at org.openqa.selenium.remote.RemoteWebDriver.execute(RemoteWebDriver.java:598)
at org.openqa.selenium.remote.RemoteWebDriver.execute(RemoteWebDriver.java:602)
at org.openqa.selenium.remote.RemoteWebDriver.close(RemoteWebDriver.java:419)
at com.Digitalcodes.utilities.Baseclass.closeWindow(Baseclass.java:173)
at com.Digitalcodes.testcases.Title_Collection_Test.afterMethod(Title_Collection_Test.java:42)
at java.base/java.util.ArrayList.forEach(ArrayList.java:1511)
at java.base/java.util.concurrent.FutureTask.run(FutureTask.java:264)
at java.base/java.util.concurrent.ThreadPoolExecutor.runWorker(ThreadPoolExecutor.java:1136)
at java.base/java.util.concurrent.ThreadPoolExecutor$Worker.run(ThreadPoolExecutor.java:635)
at java.base/java.lang.Thread.run(Thread.java:833)
... Removed 27 stack frames]]>
    </failure>
  </testcase> <!-- @AfterMethod afterMethod -->
  <testcase classname="com.Digitalcodes.testcases.Title_Collection_Test" name="@AfterMethod afterMethod" time="0.005">
    <failure type="org.openqa.selenium.NoSuchSessionException" message="Tried to run command without establishing a connection
Build info: version: &amp;apos;4.9.0&amp;apos;, revision: &amp;apos;d7057100a6&amp;apos;
System info: os.name: &amp;apos;Windows 10&amp;apos;, os.arch: &amp;apos;amd64&amp;apos;, os.version: &amp;apos;10.0&amp;apos;, java.version: &amp;apos;17.0.3&amp;apos;
Driver info: org.openqa.selenium.firefox.FirefoxDriver
Command: [9ca4f118-d5ea-496f-a60a-61d494d91889, close {}]
Capabilities {acceptInsecureCerts: true, browserName: firefox, browserVersion: 106.0.3, moz:accessibilityChecks: false, moz:buildID: 20221030091646, moz:debuggerAddress: 127.0.0.1:44657, moz:geckodriverVersion: 0.32.0, moz:headless: false, moz:platformVersion: 10.0, moz:processID: 780, moz:profile: C:\Users\VRUSHA~1\AppData\L..., moz:shutdownTimeout: 60000, moz:useNonSpecCompliantPointerOrigin: false, moz:webdriverClick: true, moz:windowless: false, pageLoadStrategy: normal, platformName: WINDOWS, proxy: Proxy(), se:cdp: ws://127.0.0.1:44657/devtoo..., se:cdpVersion: 85.0, setWindowRect: true, strictFileInteractability: false, timeouts: {implicit: 0, pageLoad: 300000, script: 30000}, unhandledPromptBehavior: dismiss and notify}
Session ID: 9ca4f118-d5ea-496f-a60a-61d494d91889">
      <![CDATA[org.openqa.selenium.NoSuchSessionException: Tried to run command without establishing a connection
Build info: version: '4.9.0', revision: 'd7057100a6'
System info: os.name: 'Windows 10', os.arch: 'amd64', os.version: '10.0', java.version: '17.0.3'
Driver info: org.openqa.selenium.firefox.FirefoxDriver
Command: [9ca4f118-d5ea-496f-a60a-61d494d91889, close {}]
Capabilities {acceptInsecureCerts: true, browserName: firefox, browserVersion: 106.0.3, moz:accessibilityChecks: false, moz:buildID: 20221030091646, moz:debuggerAddress: 127.0.0.1:44657, moz:geckodriverVersion: 0.32.0, moz:headless: false, moz:platformVersion: 10.0, moz:processID: 780, moz:profile: C:\Users\VRUSHA~1\AppData\L..., moz:shutdownTimeout: 60000, moz:useNonSpecCompliantPointerOrigin: false, moz:webdriverClick: true, moz:windowless: false, pageLoadStrategy: normal, platformName: WINDOWS, proxy: Proxy(), se:cdp: ws://127.0.0.1:44657/devtoo..., se:cdpVersion: 85.0, setWindowRect: true, strictFileInteractability: false, timeouts: {implicit: 0, pageLoad: 300000, script: 30000}, unhandledPromptBehavior: dismiss and notify}
Session ID: 9ca4f118-d5ea-496f-a60a-61d494d91889
at org.openqa.selenium.remote.codec.w3c.W3CHttpResponseCodec.createException(W3CHttpResponseCodec.java:200)
at org.openqa.selenium.remote.codec.w3c.W3CHttpResponseCodec.decode(W3CHttpResponseCodec.java:133)
at org.openqa.selenium.remote.codec.w3c.W3CHttpResponseCodec.decode(W3CHttpResponseCodec.java:53)
at org.openqa.selenium.remote.HttpCommandExecutor.execute(HttpCommandExecutor.java:193)
at org.openqa.selenium.remote.service.DriverCommandExecutor.invokeExecute(DriverCommandExecutor.java:183)
at org.openqa.selenium.remote.service.DriverCommandExecutor.execute(DriverCommandExecutor.java:158)
at org.openqa.selenium.remote.RemoteWebDriver.execute(RemoteWebDriver.java:543)
at org.openqa.selenium.remote.RemoteWebDriver.execute(RemoteWebDriver.java:598)
at org.openqa.selenium.remote.RemoteWebDriver.execute(RemoteWebDriver.java:602)
at org.openqa.selenium.remote.RemoteWebDriver.close(RemoteWebDriver.java:419)
at com.Digitalcodes.utilities.Baseclass.closeWindow(Baseclass.java:173)
at com.Digitalcodes.testcases.Title_Collection_Test.afterMethod(Title_Collection_Test.java:42)
at java.base/java.util.ArrayList.forEach(ArrayList.java:1511)
at java.base/java.util.concurrent.FutureTask.run(FutureTask.java:264)
at java.base/java.util.concurrent.ThreadPoolExecutor.runWorker(ThreadPoolExecutor.java:1136)
at java.base/java.util.concurrent.ThreadPoolExecutor$Worker.run(ThreadPoolExecutor.java:635)
at java.base/java.lang.Thread.run(Thread.java:833)
... Removed 27 stack frames]]>
    </failure>
  </testcase> <!-- @AfterMethod afterMethod -->
  <testcase classname="com.Digitalcodes.testcases.Login_Test" name="TC01_loginValidData" time="11.715">
    <failure type="java.lang.AssertionError" message="expected [https://codes-stage.iccsafe.org/dashboard/library] but found [https://codes-stage.iccsafe.org/login]">
      <![CDATA[java.lang.AssertionError: expected [https://codes-stage.iccsafe.org/dashboard/library] but found [https://codes-stage.iccsafe.org/login]
at com.Digitalcodes.utilities.Baseclass.assertEquals(Baseclass.java:300)
at com.Digitalcodes.testcases.Login_Test.TC01_loginValidData(Login_Test.java:57)
at java.base/java.util.ArrayList.forEach(ArrayList.java:1511)
at java.base/java.util.concurrent.FutureTask.run(FutureTask.java:264)
at java.base/java.util.concurrent.ThreadPoolExecutor.runWorker(ThreadPoolExecutor.java:1136)
at java.base/java.util.concurrent.ThreadPoolExecutor$Worker.run(ThreadPoolExecutor.java:635)
at java.base/java.lang.Thread.run(Thread.java:833)
... Removed 24 stack frames]]>
    </failure>
  </testcase> <!-- TC01_loginValidData -->
  <testcase classname="com.Digitalcodes.testcases.Title_LandingPage_Test" name="TC04_verifyTitleLandingPage" time="16.438">
    <failure type="org.openqa.selenium.NoSuchSessionException" message="Tried to run command without establishing a connection
Build info: version: &amp;apos;4.9.0&amp;apos;, revision: &amp;apos;d7057100a6&amp;apos;
System info: os.name: &amp;apos;Windows 10&amp;apos;, os.arch: &amp;apos;amd64&amp;apos;, os.version: &amp;apos;10.0&amp;apos;, java.version: &amp;apos;17.0.3&amp;apos;
Driver info: org.openqa.selenium.firefox.FirefoxDriver
Command: [9ca4f118-d5ea-496f-a60a-61d494d91889, getElementText {id=e6dc8147-da58-42c3-9fe5-2acd0a767611}]
Capabilities {acceptInsecureCerts: true, browserName: firefox, browserVersion: 106.0.3, moz:accessibilityChecks: false, moz:buildID: 20221030091646, moz:debuggerAddress: 127.0.0.1:44657, moz:geckodriverVersion: 0.32.0, moz:headless: false, moz:platformVersion: 10.0, moz:processID: 780, moz:profile: C:\Users\VRUSHA~1\AppData\L..., moz:shutdownTimeout: 60000, moz:useNonSpecCompliantPointerOrigin: false, moz:webdriverClick: true, moz:windowless: false, pageLoadStrategy: normal, platformName: WINDOWS, proxy: Proxy(), se:cdp: ws://127.0.0.1:44657/devtoo..., se:cdpVersion: 85.0, setWindowRect: true, strictFileInteractability: false, timeouts: {implicit: 0, pageLoad: 300000, script: 30000}, unhandledPromptBehavior: dismiss and notify}
Element: [[FirefoxDriver: firefox on WINDOWS (9ca4f118-d5ea-496f-a60a-61d494d91889)] -&amp;gt; xpath: //h1[@class=&amp;quot;font-weight-regular&amp;quot;]]
Session ID: 9ca4f118-d5ea-496f-a60a-61d494d91889">
      <![CDATA[org.openqa.selenium.NoSuchSessionException: Tried to run command without establishing a connection
Build info: version: '4.9.0', revision: 'd7057100a6'
System info: os.name: 'Windows 10', os.arch: 'amd64', os.version: '10.0', java.version: '17.0.3'
Driver info: org.openqa.selenium.firefox.FirefoxDriver
Command: [9ca4f118-d5ea-496f-a60a-61d494d91889, getElementText {id=e6dc8147-da58-42c3-9fe5-2acd0a767611}]
Capabilities {acceptInsecureCerts: true, browserName: firefox, browserVersion: 106.0.3, moz:accessibilityChecks: false, moz:buildID: 20221030091646, moz:debuggerAddress: 127.0.0.1:44657, moz:geckodriverVersion: 0.32.0, moz:headless: false, moz:platformVersion: 10.0, moz:processID: 780, moz:profile: C:\Users\VRUSHA~1\AppData\L..., moz:shutdownTimeout: 60000, moz:useNonSpecCompliantPointerOrigin: false, moz:webdriverClick: true, moz:windowless: false, pageLoadStrategy: normal, platformName: WINDOWS, proxy: Proxy(), se:cdp: ws://127.0.0.1:44657/devtoo..., se:cdpVersion: 85.0, setWindowRect: true, strictFileInteractability: false, timeouts: {implicit: 0, pageLoad: 300000, script: 30000}, unhandledPromptBehavior: dismiss and notify}
Element: [[FirefoxDriver: firefox on WINDOWS (9ca4f118-d5ea-496f-a60a-61d494d91889)] -> xpath: //h1[@class="font-weight-regular"]]
Session ID: 9ca4f118-d5ea-496f-a60a-61d494d91889
at org.openqa.selenium.remote.codec.w3c.W3CHttpResponseCodec.createException(W3CHttpResponseCodec.java:200)
at org.openqa.selenium.remote.codec.w3c.W3CHttpResponseCodec.decode(W3CHttpResponseCodec.java:133)
at org.openqa.selenium.remote.codec.w3c.W3CHttpResponseCodec.decode(W3CHttpResponseCodec.java:53)
at org.openqa.selenium.remote.HttpCommandExecutor.execute(HttpCommandExecutor.java:193)
at org.openqa.selenium.remote.service.DriverCommandExecutor.invokeExecute(DriverCommandExecutor.java:183)
at org.openqa.selenium.remote.service.DriverCommandExecutor.execute(DriverCommandExecutor.java:158)
at org.openqa.selenium.remote.RemoteWebDriver.execute(RemoteWebDriver.java:543)
at org.openqa.selenium.remote.RemoteWebElement.execute(RemoteWebElement.java:257)
at org.openqa.selenium.remote.RemoteWebElement.getText(RemoteWebElement.java:207)
at org.openqa.selenium.support.pagefactory.internal.LocatingElementHandler.invoke(LocatingElementHandler.java:52)
at jdk.proxy2/jdk.proxy2.$Proxy25.getText(Unknown Source)
at com.Digitalcodes.utilities.Baseclass.getText(Baseclass.java:280)
at com.Digitalcodes.pageobject.TitleLanding_Page.getTitleHeading(TitleLanding_Page.java:116)
at com.Digitalcodes.testcases.Title_LandingPage_Test.TC04_verifyTitleLandingPage(Title_LandingPage_Test.java:39)
at java.base/java.util.ArrayList.forEach(ArrayList.java:1511)
at java.base/java.util.concurrent.FutureTask.run(FutureTask.java:264)
at java.base/java.util.concurrent.ThreadPoolExecutor.runWorker(ThreadPoolExecutor.java:1136)
at java.base/java.util.concurrent.ThreadPoolExecutor$Worker.run(ThreadPoolExecutor.java:635)
at java.base/java.lang.Thread.run(Thread.java:833)
... Removed 27 stack frames]]>
    </failure>
  </testcase> <!-- TC04_verifyTitleLandingPage -->
  <testcase classname="com.Digitalcodes.testcases.TableOfContent_Test" name="TC07_verifyMyNotes_FromTOC" time="0.016">
    <failure type="org.openqa.selenium.NoSuchSessionException" message="Tried to run command without establishing a connection
Build info: version: &amp;apos;4.9.0&amp;apos;, revision: &amp;apos;d7057100a6&amp;apos;
System info: os.name: &amp;apos;Windows 10&amp;apos;, os.arch: &amp;apos;amd64&amp;apos;, os.version: &amp;apos;10.0&amp;apos;, java.version: &amp;apos;17.0.3&amp;apos;
Driver info: org.openqa.selenium.firefox.FirefoxDriver
Command: [9ca4f118-d5ea-496f-a60a-61d494d91889, findElement {using=xpath, value=//i[normalize-space()=&amp;apos;menu&amp;apos;]}]
Capabilities {acceptInsecureCerts: true, browserName: firefox, browserVersion: 106.0.3, moz:accessibilityChecks: false, moz:buildID: 20221030091646, moz:debuggerAddress: 127.0.0.1:44657, moz:geckodriverVersion: 0.32.0, moz:headless: false, moz:platformVersion: 10.0, moz:processID: 780, moz:profile: C:\Users\VRUSHA~1\AppData\L..., moz:shutdownTimeout: 60000, moz:useNonSpecCompliantPointerOrigin: false, moz:webdriverClick: true, moz:windowless: false, pageLoadStrategy: normal, platformName: WINDOWS, proxy: Proxy(), se:cdp: ws://127.0.0.1:44657/devtoo..., se:cdpVersion: 85.0, setWindowRect: true, strictFileInteractability: false, timeouts: {implicit: 0, pageLoad: 300000, script: 30000}, unhandledPromptBehavior: dismiss and notify}
Session ID: 9ca4f118-d5ea-496f-a60a-61d494d91889">
      <![CDATA[org.openqa.selenium.NoSuchSessionException: Tried to run command without establishing a connection
Build info: version: '4.9.0', revision: 'd7057100a6'
System info: os.name: 'Windows 10', os.arch: 'amd64', os.version: '10.0', java.version: '17.0.3'
Driver info: org.openqa.selenium.firefox.FirefoxDriver
Command: [9ca4f118-d5ea-496f-a60a-61d494d91889, findElement {using=xpath, value=//i[normalize-space()='menu']}]
Capabilities {acceptInsecureCerts: true, browserName: firefox, browserVersion: 106.0.3, moz:accessibilityChecks: false, moz:buildID: 20221030091646, moz:debuggerAddress: 127.0.0.1:44657, moz:geckodriverVersion: 0.32.0, moz:headless: false, moz:platformVersion: 10.0, moz:processID: 780, moz:profile: C:\Users\VRUSHA~1\AppData\L..., moz:shutdownTimeout: 60000, moz:useNonSpecCompliantPointerOrigin: false, moz:webdriverClick: true, moz:windowless: false, pageLoadStrategy: normal, platformName: WINDOWS, proxy: Proxy(), se:cdp: ws://127.0.0.1:44657/devtoo..., se:cdpVersion: 85.0, setWindowRect: true, strictFileInteractability: false, timeouts: {implicit: 0, pageLoad: 300000, script: 30000}, unhandledPromptBehavior: dismiss and notify}
Session ID: 9ca4f118-d5ea-496f-a60a-61d494d91889
at org.openqa.selenium.remote.codec.w3c.W3CHttpResponseCodec.createException(W3CHttpResponseCodec.java:200)
at org.openqa.selenium.remote.codec.w3c.W3CHttpResponseCodec.decode(W3CHttpResponseCodec.java:133)
at org.openqa.selenium.remote.codec.w3c.W3CHttpResponseCodec.decode(W3CHttpResponseCodec.java:53)
at org.openqa.selenium.remote.HttpCommandExecutor.execute(HttpCommandExecutor.java:193)
at org.openqa.selenium.remote.service.DriverCommandExecutor.invokeExecute(DriverCommandExecutor.java:183)
at org.openqa.selenium.remote.service.DriverCommandExecutor.execute(DriverCommandExecutor.java:158)
at org.openqa.selenium.remote.RemoteWebDriver.execute(RemoteWebDriver.java:543)
at org.openqa.selenium.remote.ElementLocation$ElementFinder$2.findElement(ElementLocation.java:162)
at org.openqa.selenium.remote.ElementLocation.findElement(ElementLocation.java:60)
at org.openqa.selenium.remote.RemoteWebDriver.findElement(RemoteWebDriver.java:352)
at org.openqa.selenium.remote.RemoteWebDriver.findElement(RemoteWebDriver.java:344)
at org.openqa.selenium.support.pagefactory.DefaultElementLocator.findElement(DefaultElementLocator.java:70)
at org.openqa.selenium.support.pagefactory.internal.LocatingElementHandler.invoke(LocatingElementHandler.java:39)
at jdk.proxy2/jdk.proxy2.$Proxy25.isDisplayed(Unknown Source)
at org.openqa.selenium.support.ui.ExpectedConditions.elementIfVisible(ExpectedConditions.java:307)
at org.openqa.selenium.support.ui.ExpectedConditions.access$000(ExpectedConditions.java:40)
at org.openqa.selenium.support.ui.ExpectedConditions$10.apply(ExpectedConditions.java:293)
at org.openqa.selenium.support.ui.ExpectedConditions$10.apply(ExpectedConditions.java:290)
at org.openqa.selenium.support.ui.ExpectedConditions$23.apply(ExpectedConditions.java:660)
at org.openqa.selenium.support.ui.ExpectedConditions$23.apply(ExpectedConditions.java:656)
at org.openqa.selenium.support.ui.FluentWait.until(FluentWait.java:208)
at com.Digitalcodes.utilities.Baseclass.click(Baseclass.java:260)
at com.Digitalcodes.pageobject.Menu.clickOnMenu(Menu.java:56)
at com.Digitalcodes.pageobject.Menu.navigateToTitlesCover(Menu.java:63)
at com.Digitalcodes.pageobject.Abstract_CommanMathods_Implinmation.navigetToTitle(Abstract_CommanMathods_Implinmation.java:14)
at com.Digitalcodes.testcases.TableOfContent_Test.TC07_verifyMyNotes_FromTOC(TableOfContent_Test.java:18)
at java.base/java.util.ArrayList.forEach(ArrayList.java:1511)
at java.base/java.util.concurrent.FutureTask.run(FutureTask.java:264)
at java.base/java.util.concurrent.ThreadPoolExecutor.runWorker(ThreadPoolExecutor.java:1136)
at java.base/java.util.concurrent.ThreadPoolExecutor$Worker.run(ThreadPoolExecutor.java:635)
at java.base/java.lang.Thread.run(Thread.java:833)
... Removed 23 stack frames]]>
    </failure>
  </testcase> <!-- TC07_verifyMyNotes_FromTOC -->
  <testcase classname="com.Digitalcodes.testcases.Title_SectionPage_Test" name="TC09_verifyCreateNotes_atSection" time="0.012">
    <failure type="org.openqa.selenium.NoSuchSessionException" message="Tried to run command without establishing a connection
Build info: version: &amp;apos;4.9.0&amp;apos;, revision: &amp;apos;d7057100a6&amp;apos;
System info: os.name: &amp;apos;Windows 10&amp;apos;, os.arch: &amp;apos;amd64&amp;apos;, os.version: &amp;apos;10.0&amp;apos;, java.version: &amp;apos;17.0.3&amp;apos;
Driver info: org.openqa.selenium.firefox.FirefoxDriver
Command: [9ca4f118-d5ea-496f-a60a-61d494d91889, findElement {using=xpath, value=//i[normalize-space()=&amp;apos;menu&amp;apos;]}]
Capabilities {acceptInsecureCerts: true, browserName: firefox, browserVersion: 106.0.3, moz:accessibilityChecks: false, moz:buildID: 20221030091646, moz:debuggerAddress: 127.0.0.1:44657, moz:geckodriverVersion: 0.32.0, moz:headless: false, moz:platformVersion: 10.0, moz:processID: 780, moz:profile: C:\Users\VRUSHA~1\AppData\L..., moz:shutdownTimeout: 60000, moz:useNonSpecCompliantPointerOrigin: false, moz:webdriverClick: true, moz:windowless: false, pageLoadStrategy: normal, platformName: WINDOWS, proxy: Proxy(), se:cdp: ws://127.0.0.1:44657/devtoo..., se:cdpVersion: 85.0, setWindowRect: true, strictFileInteractability: false, timeouts: {implicit: 0, pageLoad: 300000, script: 30000}, unhandledPromptBehavior: dismiss and notify}
Session ID: 9ca4f118-d5ea-496f-a60a-61d494d91889">
      <![CDATA[org.openqa.selenium.NoSuchSessionException: Tried to run command without establishing a connection
Build info: version: '4.9.0', revision: 'd7057100a6'
System info: os.name: 'Windows 10', os.arch: 'amd64', os.version: '10.0', java.version: '17.0.3'
Driver info: org.openqa.selenium.firefox.FirefoxDriver
Command: [9ca4f118-d5ea-496f-a60a-61d494d91889, findElement {using=xpath, value=//i[normalize-space()='menu']}]
Capabilities {acceptInsecureCerts: true, browserName: firefox, browserVersion: 106.0.3, moz:accessibilityChecks: false, moz:buildID: 20221030091646, moz:debuggerAddress: 127.0.0.1:44657, moz:geckodriverVersion: 0.32.0, moz:headless: false, moz:platformVersion: 10.0, moz:processID: 780, moz:profile: C:\Users\VRUSHA~1\AppData\L..., moz:shutdownTimeout: 60000, moz:useNonSpecCompliantPointerOrigin: false, moz:webdriverClick: true, moz:windowless: false, pageLoadStrategy: normal, platformName: WINDOWS, proxy: Proxy(), se:cdp: ws://127.0.0.1:44657/devtoo..., se:cdpVersion: 85.0, setWindowRect: true, strictFileInteractability: false, timeouts: {implicit: 0, pageLoad: 300000, script: 30000}, unhandledPromptBehavior: dismiss and notify}
Session ID: 9ca4f118-d5ea-496f-a60a-61d494d91889
at org.openqa.selenium.remote.codec.w3c.W3CHttpResponseCodec.createException(W3CHttpResponseCodec.java:200)
at org.openqa.selenium.remote.codec.w3c.W3CHttpResponseCodec.decode(W3CHttpResponseCodec.java:133)
at org.openqa.selenium.remote.codec.w3c.W3CHttpResponseCodec.decode(W3CHttpResponseCodec.java:53)
at org.openqa.selenium.remote.HttpCommandExecutor.execute(HttpCommandExecutor.java:193)
at org.openqa.selenium.remote.service.DriverCommandExecutor.invokeExecute(DriverCommandExecutor.java:183)
at org.openqa.selenium.remote.service.DriverCommandExecutor.execute(DriverCommandExecutor.java:158)
at org.openqa.selenium.remote.RemoteWebDriver.execute(RemoteWebDriver.java:543)
at org.openqa.selenium.remote.ElementLocation$ElementFinder$2.findElement(ElementLocation.java:162)
at org.openqa.selenium.remote.ElementLocation.findElement(ElementLocation.java:60)
at org.openqa.selenium.remote.RemoteWebDriver.findElement(RemoteWebDriver.java:352)
at org.openqa.selenium.remote.RemoteWebDriver.findElement(RemoteWebDriver.java:344)
at org.openqa.selenium.support.pagefactory.DefaultElementLocator.findElement(DefaultElementLocator.java:70)
at org.openqa.selenium.support.pagefactory.internal.LocatingElementHandler.invoke(LocatingElementHandler.java:39)
at jdk.proxy2/jdk.proxy2.$Proxy25.isDisplayed(Unknown Source)
at org.openqa.selenium.support.ui.ExpectedConditions.elementIfVisible(ExpectedConditions.java:307)
at org.openqa.selenium.support.ui.ExpectedConditions.access$000(ExpectedConditions.java:40)
at org.openqa.selenium.support.ui.ExpectedConditions$10.apply(ExpectedConditions.java:293)
at org.openqa.selenium.support.ui.ExpectedConditions$10.apply(ExpectedConditions.java:290)
at org.openqa.selenium.support.ui.ExpectedConditions$23.apply(ExpectedConditions.java:660)
at org.openqa.selenium.support.ui.ExpectedConditions$23.apply(ExpectedConditions.java:656)
at org.openqa.selenium.support.ui.FluentWait.until(FluentWait.java:208)
at com.Digitalcodes.utilities.Baseclass.click(Baseclass.java:260)
at com.Digitalcodes.pageobject.Menu.clickOnMenu(Menu.java:56)
at com.Digitalcodes.pageobject.Menu.navigateToTitlesCover(Menu.java:63)
at com.Digitalcodes.pageobject.Abstract_CommanMathods_Implinmation.navigetToTitle(Abstract_CommanMathods_Implinmation.java:14)
at com.Digitalcodes.testcases.Title_SectionPage_Test.TC09_verifyCreateNotes_atSection(Title_SectionPage_Test.java:44)
at java.base/java.util.ArrayList.forEach(ArrayList.java:1511)
at java.base/java.util.concurrent.FutureTask.run(FutureTask.java:264)
at java.base/java.util.concurrent.ThreadPoolExecutor.runWorker(ThreadPoolExecutor.java:1136)
at java.base/java.util.concurrent.ThreadPoolExecutor$Worker.run(ThreadPoolExecutor.java:635)
at java.base/java.lang.Thread.run(Thread.java:833)
... Removed 23 stack frames]]>
    </failure>
  </testcase> <!-- TC09_verifyCreateNotes_atSection -->
  <testcase classname="com.Digitalcodes.testcases.Title_Collection_Test" name="TC28_verifyCollectionLandingPage" time="0.028">
    <failure type="org.openqa.selenium.NoSuchSessionException" message="Tried to run command without establishing a connection
Build info: version: &amp;apos;4.9.0&amp;apos;, revision: &amp;apos;d7057100a6&amp;apos;
System info: os.name: &amp;apos;Windows 10&amp;apos;, os.arch: &amp;apos;amd64&amp;apos;, os.version: &amp;apos;10.0&amp;apos;, java.version: &amp;apos;17.0.3&amp;apos;
Driver info: org.openqa.selenium.firefox.FirefoxDriver
Command: [9ca4f118-d5ea-496f-a60a-61d494d91889, findElement {using=xpath, value=//i[normalize-space()=&amp;apos;menu&amp;apos;]}]
Capabilities {acceptInsecureCerts: true, browserName: firefox, browserVersion: 106.0.3, moz:accessibilityChecks: false, moz:buildID: 20221030091646, moz:debuggerAddress: 127.0.0.1:44657, moz:geckodriverVersion: 0.32.0, moz:headless: false, moz:platformVersion: 10.0, moz:processID: 780, moz:profile: C:\Users\VRUSHA~1\AppData\L..., moz:shutdownTimeout: 60000, moz:useNonSpecCompliantPointerOrigin: false, moz:webdriverClick: true, moz:windowless: false, pageLoadStrategy: normal, platformName: WINDOWS, proxy: Proxy(), se:cdp: ws://127.0.0.1:44657/devtoo..., se:cdpVersion: 85.0, setWindowRect: true, strictFileInteractability: false, timeouts: {implicit: 0, pageLoad: 300000, script: 30000}, unhandledPromptBehavior: dismiss and notify}
Session ID: 9ca4f118-d5ea-496f-a60a-61d494d91889">
      <![CDATA[org.openqa.selenium.NoSuchSessionException: Tried to run command without establishing a connection
Build info: version: '4.9.0', revision: 'd7057100a6'
System info: os.name: 'Windows 10', os.arch: 'amd64', os.version: '10.0', java.version: '17.0.3'
Driver info: org.openqa.selenium.firefox.FirefoxDriver
Command: [9ca4f118-d5ea-496f-a60a-61d494d91889, findElement {using=xpath, value=//i[normalize-space()='menu']}]
Capabilities {acceptInsecureCerts: true, browserName: firefox, browserVersion: 106.0.3, moz:accessibilityChecks: false, moz:buildID: 20221030091646, moz:debuggerAddress: 127.0.0.1:44657, moz:geckodriverVersion: 0.32.0, moz:headless: false, moz:platformVersion: 10.0, moz:processID: 780, moz:profile: C:\Users\VRUSHA~1\AppData\L..., moz:shutdownTimeout: 60000, moz:useNonSpecCompliantPointerOrigin: false, moz:webdriverClick: true, moz:windowless: false, pageLoadStrategy: normal, platformName: WINDOWS, proxy: Proxy(), se:cdp: ws://127.0.0.1:44657/devtoo..., se:cdpVersion: 85.0, setWindowRect: true, strictFileInteractability: false, timeouts: {implicit: 0, pageLoad: 300000, script: 30000}, unhandledPromptBehavior: dismiss and notify}
Session ID: 9ca4f118-d5ea-496f-a60a-61d494d91889
at org.openqa.selenium.remote.codec.w3c.W3CHttpResponseCodec.createException(W3CHttpResponseCodec.java:200)
at org.openqa.selenium.remote.codec.w3c.W3CHttpResponseCodec.decode(W3CHttpResponseCodec.java:133)
at org.openqa.selenium.remote.codec.w3c.W3CHttpResponseCodec.decode(W3CHttpResponseCodec.java:53)
at org.openqa.selenium.remote.HttpCommandExecutor.execute(HttpCommandExecutor.java:193)
at org.openqa.selenium.remote.service.DriverCommandExecutor.invokeExecute(DriverCommandExecutor.java:183)
at org.openqa.selenium.remote.service.DriverCommandExecutor.execute(DriverCommandExecutor.java:158)
at org.openqa.selenium.remote.RemoteWebDriver.execute(RemoteWebDriver.java:543)
at org.openqa.selenium.remote.ElementLocation$ElementFinder$2.findElement(ElementLocation.java:162)
at org.openqa.selenium.remote.ElementLocation.findElement(ElementLocation.java:60)
at org.openqa.selenium.remote.RemoteWebDriver.findElement(RemoteWebDriver.java:352)
at org.openqa.selenium.remote.RemoteWebDriver.findElement(RemoteWebDriver.java:344)
at org.openqa.selenium.support.pagefactory.DefaultElementLocator.findElement(DefaultElementLocator.java:70)
at org.openqa.selenium.support.pagefactory.internal.LocatingElementHandler.invoke(LocatingElementHandler.java:39)
at jdk.proxy2/jdk.proxy2.$Proxy25.isDisplayed(Unknown Source)
at org.openqa.selenium.support.ui.ExpectedConditions.elementIfVisible(ExpectedConditions.java:307)
at org.openqa.selenium.support.ui.ExpectedConditions.access$000(ExpectedConditions.java:40)
at org.openqa.selenium.support.ui.ExpectedConditions$10.apply(ExpectedConditions.java:293)
at org.openqa.selenium.support.ui.ExpectedConditions$10.apply(ExpectedConditions.java:290)
at org.openqa.selenium.support.ui.ExpectedConditions$23.apply(ExpectedConditions.java:660)
at org.openqa.selenium.support.ui.ExpectedConditions$23.apply(ExpectedConditions.java:656)
at org.openqa.selenium.support.ui.FluentWait.until(FluentWait.java:208)
at com.Digitalcodes.utilities.Baseclass.click(Baseclass.java:260)
at com.Digitalcodes.pageobject.Menu.clickOnMenu(Menu.java:56)
at com.Digitalcodes.pageobject.Menu.navigateToCollections(Menu.java:93)
at com.Digitalcodes.testcases.Title_Collection_Test.TC28_verifyCollectionLandingPage(Title_Collection_Test.java:71)
at java.base/java.util.ArrayList.forEach(ArrayList.java:1511)
at java.base/java.util.concurrent.FutureTask.run(FutureTask.java:264)
at java.base/java.util.concurrent.ThreadPoolExecutor.runWorker(ThreadPoolExecutor.java:1136)
at java.base/java.util.concurrent.ThreadPoolExecutor$Worker.run(ThreadPoolExecutor.java:635)
at java.base/java.lang.Thread.run(Thread.java:833)
... Removed 23 stack frames]]>
    </failure>
  </testcase> <!-- TC28_verifyCollectionLandingPage -->
  <testcase classname="com.Digitalcodes.testcases.Title_Commentary_Test" name="TC34_verifyHideCommentary" time="0.011">
    <failure type="org.openqa.selenium.NoSuchSessionException" message="Tried to run command without establishing a connection
Build info: version: &amp;apos;4.9.0&amp;apos;, revision: &amp;apos;d7057100a6&amp;apos;
System info: os.name: &amp;apos;Windows 10&amp;apos;, os.arch: &amp;apos;amd64&amp;apos;, os.version: &amp;apos;10.0&amp;apos;, java.version: &amp;apos;17.0.3&amp;apos;
Driver info: org.openqa.selenium.firefox.FirefoxDriver
Command: [9ca4f118-d5ea-496f-a60a-61d494d91889, findElement {using=xpath, value=//i[normalize-space()=&amp;apos;menu&amp;apos;]}]
Capabilities {acceptInsecureCerts: true, browserName: firefox, browserVersion: 106.0.3, moz:accessibilityChecks: false, moz:buildID: 20221030091646, moz:debuggerAddress: 127.0.0.1:44657, moz:geckodriverVersion: 0.32.0, moz:headless: false, moz:platformVersion: 10.0, moz:processID: 780, moz:profile: C:\Users\VRUSHA~1\AppData\L..., moz:shutdownTimeout: 60000, moz:useNonSpecCompliantPointerOrigin: false, moz:webdriverClick: true, moz:windowless: false, pageLoadStrategy: normal, platformName: WINDOWS, proxy: Proxy(), se:cdp: ws://127.0.0.1:44657/devtoo..., se:cdpVersion: 85.0, setWindowRect: true, strictFileInteractability: false, timeouts: {implicit: 0, pageLoad: 300000, script: 30000}, unhandledPromptBehavior: dismiss and notify}
Session ID: 9ca4f118-d5ea-496f-a60a-61d494d91889">
      <![CDATA[org.openqa.selenium.NoSuchSessionException: Tried to run command without establishing a connection
Build info: version: '4.9.0', revision: 'd7057100a6'
System info: os.name: 'Windows 10', os.arch: 'amd64', os.version: '10.0', java.version: '17.0.3'
Driver info: org.openqa.selenium.firefox.FirefoxDriver
Command: [9ca4f118-d5ea-496f-a60a-61d494d91889, findElement {using=xpath, value=//i[normalize-space()='menu']}]
Capabilities {acceptInsecureCerts: true, browserName: firefox, browserVersion: 106.0.3, moz:accessibilityChecks: false, moz:buildID: 20221030091646, moz:debuggerAddress: 127.0.0.1:44657, moz:geckodriverVersion: 0.32.0, moz:headless: false, moz:platformVersion: 10.0, moz:processID: 780, moz:profile: C:\Users\VRUSHA~1\AppData\L..., moz:shutdownTimeout: 60000, moz:useNonSpecCompliantPointerOrigin: false, moz:webdriverClick: true, moz:windowless: false, pageLoadStrategy: normal, platformName: WINDOWS, proxy: Proxy(), se:cdp: ws://127.0.0.1:44657/devtoo..., se:cdpVersion: 85.0, setWindowRect: true, strictFileInteractability: false, timeouts: {implicit: 0, pageLoad: 300000, script: 30000}, unhandledPromptBehavior: dismiss and notify}
Session ID: 9ca4f118-d5ea-496f-a60a-61d494d91889
at org.openqa.selenium.remote.codec.w3c.W3CHttpResponseCodec.createException(W3CHttpResponseCodec.java:200)
at org.openqa.selenium.remote.codec.w3c.W3CHttpResponseCodec.decode(W3CHttpResponseCodec.java:133)
at org.openqa.selenium.remote.codec.w3c.W3CHttpResponseCodec.decode(W3CHttpResponseCodec.java:53)
at org.openqa.selenium.remote.HttpCommandExecutor.execute(HttpCommandExecutor.java:193)
at org.openqa.selenium.remote.service.DriverCommandExecutor.invokeExecute(DriverCommandExecutor.java:183)
at org.openqa.selenium.remote.service.DriverCommandExecutor.execute(DriverCommandExecutor.java:158)
at org.openqa.selenium.remote.RemoteWebDriver.execute(RemoteWebDriver.java:543)
at org.openqa.selenium.remote.ElementLocation$ElementFinder$2.findElement(ElementLocation.java:162)
at org.openqa.selenium.remote.ElementLocation.findElement(ElementLocation.java:60)
at org.openqa.selenium.remote.RemoteWebDriver.findElement(RemoteWebDriver.java:352)
at org.openqa.selenium.remote.RemoteWebDriver.findElement(RemoteWebDriver.java:344)
at org.openqa.selenium.support.pagefactory.DefaultElementLocator.findElement(DefaultElementLocator.java:70)
at org.openqa.selenium.support.pagefactory.internal.LocatingElementHandler.invoke(LocatingElementHandler.java:39)
at jdk.proxy2/jdk.proxy2.$Proxy25.isDisplayed(Unknown Source)
at org.openqa.selenium.support.ui.ExpectedConditions.elementIfVisible(ExpectedConditions.java:307)
at org.openqa.selenium.support.ui.ExpectedConditions.access$000(ExpectedConditions.java:40)
at org.openqa.selenium.support.ui.ExpectedConditions$10.apply(ExpectedConditions.java:293)
at org.openqa.selenium.support.ui.ExpectedConditions$10.apply(ExpectedConditions.java:290)
at org.openqa.selenium.support.ui.ExpectedConditions$23.apply(ExpectedConditions.java:660)
at org.openqa.selenium.support.ui.ExpectedConditions$23.apply(ExpectedConditions.java:656)
at org.openqa.selenium.support.ui.FluentWait.until(FluentWait.java:208)
at com.Digitalcodes.utilities.Baseclass.click(Baseclass.java:260)
at com.Digitalcodes.pageobject.Menu.clickOnMenu(Menu.java:56)
at com.Digitalcodes.pageobject.Menu.navigateToTitlesCover(Menu.java:63)
at com.Digitalcodes.pageobject.Abstract_CommanMathods_Implinmation.navigetToTitle(Abstract_CommanMathods_Implinmation.java:14)
at com.Digitalcodes.testcases.Title_Commentary_Test.TC34_verifyHideCommentary(Title_Commentary_Test.java:34)
at java.base/java.util.ArrayList.forEach(ArrayList.java:1511)
at java.base/java.util.concurrent.FutureTask.run(FutureTask.java:264)
at java.base/java.util.concurrent.ThreadPoolExecutor.runWorker(ThreadPoolExecutor.java:1136)
at java.base/java.util.concurrent.ThreadPoolExecutor$Worker.run(ThreadPoolExecutor.java:635)
at java.base/java.lang.Thread.run(Thread.java:833)
... Removed 22 stack frames]]>
    </failure>
  </testcase> <!-- TC34_verifyHideCommentary -->
  <testcase classname="com.Digitalcodes.testcases.Title_Basic_Test" name="TC33_verifyNgviateToBasicTitle" time="0.007">
    <failure type="org.openqa.selenium.NoSuchSessionException" message="Tried to run command without establishing a connection
Build info: version: &amp;apos;4.9.0&amp;apos;, revision: &amp;apos;d7057100a6&amp;apos;
System info: os.name: &amp;apos;Windows 10&amp;apos;, os.arch: &amp;apos;amd64&amp;apos;, os.version: &amp;apos;10.0&amp;apos;, java.version: &amp;apos;17.0.3&amp;apos;
Driver info: org.openqa.selenium.firefox.FirefoxDriver
Command: [9ca4f118-d5ea-496f-a60a-61d494d91889, findElement {using=xpath, value=//i[normalize-space()=&amp;apos;menu&amp;apos;]}]
Capabilities {acceptInsecureCerts: true, browserName: firefox, browserVersion: 106.0.3, moz:accessibilityChecks: false, moz:buildID: 20221030091646, moz:debuggerAddress: 127.0.0.1:44657, moz:geckodriverVersion: 0.32.0, moz:headless: false, moz:platformVersion: 10.0, moz:processID: 780, moz:profile: C:\Users\VRUSHA~1\AppData\L..., moz:shutdownTimeout: 60000, moz:useNonSpecCompliantPointerOrigin: false, moz:webdriverClick: true, moz:windowless: false, pageLoadStrategy: normal, platformName: WINDOWS, proxy: Proxy(), se:cdp: ws://127.0.0.1:44657/devtoo..., se:cdpVersion: 85.0, setWindowRect: true, strictFileInteractability: false, timeouts: {implicit: 0, pageLoad: 300000, script: 30000}, unhandledPromptBehavior: dismiss and notify}
Session ID: 9ca4f118-d5ea-496f-a60a-61d494d91889">
      <![CDATA[org.openqa.selenium.NoSuchSessionException: Tried to run command without establishing a connection
Build info: version: '4.9.0', revision: 'd7057100a6'
System info: os.name: 'Windows 10', os.arch: 'amd64', os.version: '10.0', java.version: '17.0.3'
Driver info: org.openqa.selenium.firefox.FirefoxDriver
Command: [9ca4f118-d5ea-496f-a60a-61d494d91889, findElement {using=xpath, value=//i[normalize-space()='menu']}]
Capabilities {acceptInsecureCerts: true, browserName: firefox, browserVersion: 106.0.3, moz:accessibilityChecks: false, moz:buildID: 20221030091646, moz:debuggerAddress: 127.0.0.1:44657, moz:geckodriverVersion: 0.32.0, moz:headless: false, moz:platformVersion: 10.0, moz:processID: 780, moz:profile: C:\Users\VRUSHA~1\AppData\L..., moz:shutdownTimeout: 60000, moz:useNonSpecCompliantPointerOrigin: false, moz:webdriverClick: true, moz:windowless: false, pageLoadStrategy: normal, platformName: WINDOWS, proxy: Proxy(), se:cdp: ws://127.0.0.1:44657/devtoo..., se:cdpVersion: 85.0, setWindowRect: true, strictFileInteractability: false, timeouts: {implicit: 0, pageLoad: 300000, script: 30000}, unhandledPromptBehavior: dismiss and notify}
Session ID: 9ca4f118-d5ea-496f-a60a-61d494d91889
at org.openqa.selenium.remote.codec.w3c.W3CHttpResponseCodec.createException(W3CHttpResponseCodec.java:200)
at org.openqa.selenium.remote.codec.w3c.W3CHttpResponseCodec.decode(W3CHttpResponseCodec.java:133)
at org.openqa.selenium.remote.codec.w3c.W3CHttpResponseCodec.decode(W3CHttpResponseCodec.java:53)
at org.openqa.selenium.remote.HttpCommandExecutor.execute(HttpCommandExecutor.java:193)
at org.openqa.selenium.remote.service.DriverCommandExecutor.invokeExecute(DriverCommandExecutor.java:183)
at org.openqa.selenium.remote.service.DriverCommandExecutor.execute(DriverCommandExecutor.java:158)
at org.openqa.selenium.remote.RemoteWebDriver.execute(RemoteWebDriver.java:543)
at org.openqa.selenium.remote.ElementLocation$ElementFinder$2.findElement(ElementLocation.java:162)
at org.openqa.selenium.remote.ElementLocation.findElement(ElementLocation.java:60)
at org.openqa.selenium.remote.RemoteWebDriver.findElement(RemoteWebDriver.java:352)
at org.openqa.selenium.remote.RemoteWebDriver.findElement(RemoteWebDriver.java:344)
at org.openqa.selenium.support.pagefactory.DefaultElementLocator.findElement(DefaultElementLocator.java:70)
at org.openqa.selenium.support.pagefactory.internal.LocatingElementHandler.invoke(LocatingElementHandler.java:39)
at jdk.proxy2/jdk.proxy2.$Proxy25.isDisplayed(Unknown Source)
at org.openqa.selenium.support.ui.ExpectedConditions.elementIfVisible(ExpectedConditions.java:307)
at org.openqa.selenium.support.ui.ExpectedConditions.access$000(ExpectedConditions.java:40)
at org.openqa.selenium.support.ui.ExpectedConditions$10.apply(ExpectedConditions.java:293)
at org.openqa.selenium.support.ui.ExpectedConditions$10.apply(ExpectedConditions.java:290)
at org.openqa.selenium.support.ui.ExpectedConditions$23.apply(ExpectedConditions.java:660)
at org.openqa.selenium.support.ui.ExpectedConditions$23.apply(ExpectedConditions.java:656)
at org.openqa.selenium.support.ui.FluentWait.until(FluentWait.java:208)
at com.Digitalcodes.utilities.Baseclass.click(Baseclass.java:260)
at com.Digitalcodes.pageobject.Menu.clickOnMenu(Menu.java:56)
at com.Digitalcodes.pageobject.Menu.navigateToTitlesCover(Menu.java:63)
at com.Digitalcodes.pageobject.Abstract_CommanMathods_Implinmation.navigetToTitle(Abstract_CommanMathods_Implinmation.java:14)
at com.Digitalcodes.testcases.Title_Basic_Test.TC33_verifyNgviateToBasicTitle(Title_Basic_Test.java:30)
at java.base/java.util.ArrayList.forEach(ArrayList.java:1511)
at java.base/java.util.concurrent.FutureTask.run(FutureTask.java:264)
at java.base/java.util.concurrent.ThreadPoolExecutor.runWorker(ThreadPoolExecutor.java:1136)
at java.base/java.util.concurrent.ThreadPoolExecutor$Worker.run(ThreadPoolExecutor.java:635)
at java.base/java.lang.Thread.run(Thread.java:833)
... Removed 22 stack frames]]>
    </failure>
  </testcase> <!-- TC33_verifyNgviateToBasicTitle -->
  <testcase classname="com.Digitalcodes.testcases.Title_Basic_Test" name="TC33_verifyNgviateToBasicTitle" time="0.011">
    <failure type="org.openqa.selenium.NoSuchSessionException" message="Tried to run command without establishing a connection
Build info: version: &amp;apos;4.9.0&amp;apos;, revision: &amp;apos;d7057100a6&amp;apos;
System info: os.name: &amp;apos;Windows 10&amp;apos;, os.arch: &amp;apos;amd64&amp;apos;, os.version: &amp;apos;10.0&amp;apos;, java.version: &amp;apos;17.0.3&amp;apos;
Driver info: org.openqa.selenium.firefox.FirefoxDriver
Command: [9ca4f118-d5ea-496f-a60a-61d494d91889, findElement {using=xpath, value=//i[normalize-space()=&amp;apos;menu&amp;apos;]}]
Capabilities {acceptInsecureCerts: true, browserName: firefox, browserVersion: 106.0.3, moz:accessibilityChecks: false, moz:buildID: 20221030091646, moz:debuggerAddress: 127.0.0.1:44657, moz:geckodriverVersion: 0.32.0, moz:headless: false, moz:platformVersion: 10.0, moz:processID: 780, moz:profile: C:\Users\VRUSHA~1\AppData\L..., moz:shutdownTimeout: 60000, moz:useNonSpecCompliantPointerOrigin: false, moz:webdriverClick: true, moz:windowless: false, pageLoadStrategy: normal, platformName: WINDOWS, proxy: Proxy(), se:cdp: ws://127.0.0.1:44657/devtoo..., se:cdpVersion: 85.0, setWindowRect: true, strictFileInteractability: false, timeouts: {implicit: 0, pageLoad: 300000, script: 30000}, unhandledPromptBehavior: dismiss and notify}
Session ID: 9ca4f118-d5ea-496f-a60a-61d494d91889">
      <![CDATA[org.openqa.selenium.NoSuchSessionException: Tried to run command without establishing a connection
Build info: version: '4.9.0', revision: 'd7057100a6'
System info: os.name: 'Windows 10', os.arch: 'amd64', os.version: '10.0', java.version: '17.0.3'
Driver info: org.openqa.selenium.firefox.FirefoxDriver
Command: [9ca4f118-d5ea-496f-a60a-61d494d91889, findElement {using=xpath, value=//i[normalize-space()='menu']}]
Capabilities {acceptInsecureCerts: true, browserName: firefox, browserVersion: 106.0.3, moz:accessibilityChecks: false, moz:buildID: 20221030091646, moz:debuggerAddress: 127.0.0.1:44657, moz:geckodriverVersion: 0.32.0, moz:headless: false, moz:platformVersion: 10.0, moz:processID: 780, moz:profile: C:\Users\VRUSHA~1\AppData\L..., moz:shutdownTimeout: 60000, moz:useNonSpecCompliantPointerOrigin: false, moz:webdriverClick: true, moz:windowless: false, pageLoadStrategy: normal, platformName: WINDOWS, proxy: Proxy(), se:cdp: ws://127.0.0.1:44657/devtoo..., se:cdpVersion: 85.0, setWindowRect: true, strictFileInteractability: false, timeouts: {implicit: 0, pageLoad: 300000, script: 30000}, unhandledPromptBehavior: dismiss and notify}
Session ID: 9ca4f118-d5ea-496f-a60a-61d494d91889
at org.openqa.selenium.remote.codec.w3c.W3CHttpResponseCodec.createException(W3CHttpResponseCodec.java:200)
at org.openqa.selenium.remote.codec.w3c.W3CHttpResponseCodec.decode(W3CHttpResponseCodec.java:133)
at org.openqa.selenium.remote.codec.w3c.W3CHttpResponseCodec.decode(W3CHttpResponseCodec.java:53)
at org.openqa.selenium.remote.HttpCommandExecutor.execute(HttpCommandExecutor.java:193)
at org.openqa.selenium.remote.service.DriverCommandExecutor.invokeExecute(DriverCommandExecutor.java:183)
at org.openqa.selenium.remote.service.DriverCommandExecutor.execute(DriverCommandExecutor.java:158)
at org.openqa.selenium.remote.RemoteWebDriver.execute(RemoteWebDriver.java:543)
at org.openqa.selenium.remote.ElementLocation$ElementFinder$2.findElement(ElementLocation.java:162)
at org.openqa.selenium.remote.ElementLocation.findElement(ElementLocation.java:60)
at org.openqa.selenium.remote.RemoteWebDriver.findElement(RemoteWebDriver.java:352)
at org.openqa.selenium.remote.RemoteWebDriver.findElement(RemoteWebDriver.java:344)
at org.openqa.selenium.support.pagefactory.DefaultElementLocator.findElement(DefaultElementLocator.java:70)
at org.openqa.selenium.support.pagefactory.internal.LocatingElementHandler.invoke(LocatingElementHandler.java:39)
at jdk.proxy2/jdk.proxy2.$Proxy25.isDisplayed(Unknown Source)
at org.openqa.selenium.support.ui.ExpectedConditions.elementIfVisible(ExpectedConditions.java:307)
at org.openqa.selenium.support.ui.ExpectedConditions.access$000(ExpectedConditions.java:40)
at org.openqa.selenium.support.ui.ExpectedConditions$10.apply(ExpectedConditions.java:293)
at org.openqa.selenium.support.ui.ExpectedConditions$10.apply(ExpectedConditions.java:290)
at org.openqa.selenium.support.ui.ExpectedConditions$23.apply(ExpectedConditions.java:660)
at org.openqa.selenium.support.ui.ExpectedConditions$23.apply(ExpectedConditions.java:656)
at org.openqa.selenium.support.ui.FluentWait.until(FluentWait.java:208)
at com.Digitalcodes.utilities.Baseclass.click(Baseclass.java:260)
at com.Digitalcodes.pageobject.Menu.clickOnMenu(Menu.java:56)
at com.Digitalcodes.pageobject.Menu.navigateToTitlesCover(Menu.java:63)
at com.Digitalcodes.pageobject.Abstract_CommanMathods_Implinmation.navigetToTitle(Abstract_CommanMathods_Implinmation.java:14)
at com.Digitalcodes.testcases.Title_Basic_Test.TC33_verifyNgviateToBasicTitle(Title_Basic_Test.java:30)
at java.base/java.util.ArrayList.forEach(ArrayList.java:1511)
at java.base/java.util.concurrent.FutureTask.run(FutureTask.java:264)
at java.base/java.util.concurrent.ThreadPoolExecutor.runWorker(ThreadPoolExecutor.java:1136)
at java.base/java.util.concurrent.ThreadPoolExecutor$Worker.run(ThreadPoolExecutor.java:635)
at java.base/java.lang.Thread.run(Thread.java:833)
... Removed 22 stack frames]]>
    </failure>
  </testcase> <!-- TC33_verifyNgviateToBasicTitle -->
  <testcase classname="com.Digitalcodes.testcases.Title_Basic_Test" name="TC33_verifyNgviateToBasicTitle" time="0.018">
    <failure type="org.openqa.selenium.NoSuchSessionException" message="Tried to run command without establishing a connection
Build info: version: &amp;apos;4.9.0&amp;apos;, revision: &amp;apos;d7057100a6&amp;apos;
System info: os.name: &amp;apos;Windows 10&amp;apos;, os.arch: &amp;apos;amd64&amp;apos;, os.version: &amp;apos;10.0&amp;apos;, java.version: &amp;apos;17.0.3&amp;apos;
Driver info: org.openqa.selenium.firefox.FirefoxDriver
Command: [9ca4f118-d5ea-496f-a60a-61d494d91889, findElement {using=xpath, value=//i[normalize-space()=&amp;apos;menu&amp;apos;]}]
Capabilities {acceptInsecureCerts: true, browserName: firefox, browserVersion: 106.0.3, moz:accessibilityChecks: false, moz:buildID: 20221030091646, moz:debuggerAddress: 127.0.0.1:44657, moz:geckodriverVersion: 0.32.0, moz:headless: false, moz:platformVersion: 10.0, moz:processID: 780, moz:profile: C:\Users\VRUSHA~1\AppData\L..., moz:shutdownTimeout: 60000, moz:useNonSpecCompliantPointerOrigin: false, moz:webdriverClick: true, moz:windowless: false, pageLoadStrategy: normal, platformName: WINDOWS, proxy: Proxy(), se:cdp: ws://127.0.0.1:44657/devtoo..., se:cdpVersion: 85.0, setWindowRect: true, strictFileInteractability: false, timeouts: {implicit: 0, pageLoad: 300000, script: 30000}, unhandledPromptBehavior: dismiss and notify}
Session ID: 9ca4f118-d5ea-496f-a60a-61d494d91889">
      <![CDATA[org.openqa.selenium.NoSuchSessionException: Tried to run command without establishing a connection
Build info: version: '4.9.0', revision: 'd7057100a6'
System info: os.name: 'Windows 10', os.arch: 'amd64', os.version: '10.0', java.version: '17.0.3'
Driver info: org.openqa.selenium.firefox.FirefoxDriver
Command: [9ca4f118-d5ea-496f-a60a-61d494d91889, findElement {using=xpath, value=//i[normalize-space()='menu']}]
Capabilities {acceptInsecureCerts: true, browserName: firefox, browserVersion: 106.0.3, moz:accessibilityChecks: false, moz:buildID: 20221030091646, moz:debuggerAddress: 127.0.0.1:44657, moz:geckodriverVersion: 0.32.0, moz:headless: false, moz:platformVersion: 10.0, moz:processID: 780, moz:profile: C:\Users\VRUSHA~1\AppData\L..., moz:shutdownTimeout: 60000, moz:useNonSpecCompliantPointerOrigin: false, moz:webdriverClick: true, moz:windowless: false, pageLoadStrategy: normal, platformName: WINDOWS, proxy: Proxy(), se:cdp: ws://127.0.0.1:44657/devtoo..., se:cdpVersion: 85.0, setWindowRect: true, strictFileInteractability: false, timeouts: {implicit: 0, pageLoad: 300000, script: 30000}, unhandledPromptBehavior: dismiss and notify}
Session ID: 9ca4f118-d5ea-496f-a60a-61d494d91889
at org.openqa.selenium.remote.codec.w3c.W3CHttpResponseCodec.createException(W3CHttpResponseCodec.java:200)
at org.openqa.selenium.remote.codec.w3c.W3CHttpResponseCodec.decode(W3CHttpResponseCodec.java:133)
at org.openqa.selenium.remote.codec.w3c.W3CHttpResponseCodec.decode(W3CHttpResponseCodec.java:53)
at org.openqa.selenium.remote.HttpCommandExecutor.execute(HttpCommandExecutor.java:193)
at org.openqa.selenium.remote.service.DriverCommandExecutor.invokeExecute(DriverCommandExecutor.java:183)
at org.openqa.selenium.remote.service.DriverCommandExecutor.execute(DriverCommandExecutor.java:158)
at org.openqa.selenium.remote.RemoteWebDriver.execute(RemoteWebDriver.java:543)
at org.openqa.selenium.remote.ElementLocation$ElementFinder$2.findElement(ElementLocation.java:162)
at org.openqa.selenium.remote.ElementLocation.findElement(ElementLocation.java:60)
at org.openqa.selenium.remote.RemoteWebDriver.findElement(RemoteWebDriver.java:352)
at org.openqa.selenium.remote.RemoteWebDriver.findElement(RemoteWebDriver.java:344)
at org.openqa.selenium.support.pagefactory.DefaultElementLocator.findElement(DefaultElementLocator.java:70)
at org.openqa.selenium.support.pagefactory.internal.LocatingElementHandler.invoke(LocatingElementHandler.java:39)
at jdk.proxy2/jdk.proxy2.$Proxy25.isDisplayed(Unknown Source)
at org.openqa.selenium.support.ui.ExpectedConditions.elementIfVisible(ExpectedConditions.java:307)
at org.openqa.selenium.support.ui.ExpectedConditions.access$000(ExpectedConditions.java:40)
at org.openqa.selenium.support.ui.ExpectedConditions$10.apply(ExpectedConditions.java:293)
at org.openqa.selenium.support.ui.ExpectedConditions$10.apply(ExpectedConditions.java:290)
at org.openqa.selenium.support.ui.ExpectedConditions$23.apply(ExpectedConditions.java:660)
at org.openqa.selenium.support.ui.ExpectedConditions$23.apply(ExpectedConditions.java:656)
at org.openqa.selenium.support.ui.FluentWait.until(FluentWait.java:208)
at com.Digitalcodes.utilities.Baseclass.click(Baseclass.java:260)
at com.Digitalcodes.pageobject.Menu.clickOnMenu(Menu.java:56)
at com.Digitalcodes.pageobject.Menu.navigateToTitlesCover(Menu.java:63)
at com.Digitalcodes.pageobject.Abstract_CommanMathods_Implinmation.navigetToTitle(Abstract_CommanMathods_Implinmation.java:14)
at com.Digitalcodes.testcases.Title_Basic_Test.TC33_verifyNgviateToBasicTitle(Title_Basic_Test.java:30)
at java.base/java.util.ArrayList.forEach(ArrayList.java:1511)
at java.base/java.util.concurrent.FutureTask.run(FutureTask.java:264)
at java.base/java.util.concurrent.ThreadPoolExecutor.runWorker(ThreadPoolExecutor.java:1136)
at java.base/java.util.concurrent.ThreadPoolExecutor$Worker.run(ThreadPoolExecutor.java:635)
at java.base/java.lang.Thread.run(Thread.java:833)
... Removed 22 stack frames]]>
    </failure>
  </testcase> <!-- TC33_verifyNgviateToBasicTitle -->
  <testcase classname="com.Digitalcodes.testcases.Title_ASTMStanderds_Test" name="TC34_verifyNavigateToASTM_FromLinks" time="0.013">
    <failure type="org.openqa.selenium.NoSuchSessionException" message="Tried to run command without establishing a connection
Build info: version: &amp;apos;4.9.0&amp;apos;, revision: &amp;apos;d7057100a6&amp;apos;
System info: os.name: &amp;apos;Windows 10&amp;apos;, os.arch: &amp;apos;amd64&amp;apos;, os.version: &amp;apos;10.0&amp;apos;, java.version: &amp;apos;17.0.3&amp;apos;
Driver info: org.openqa.selenium.firefox.FirefoxDriver
Command: [9ca4f118-d5ea-496f-a60a-61d494d91889, findElement {using=xpath, value=//i[normalize-space()=&amp;apos;menu&amp;apos;]}]
Capabilities {acceptInsecureCerts: true, browserName: firefox, browserVersion: 106.0.3, moz:accessibilityChecks: false, moz:buildID: 20221030091646, moz:debuggerAddress: 127.0.0.1:44657, moz:geckodriverVersion: 0.32.0, moz:headless: false, moz:platformVersion: 10.0, moz:processID: 780, moz:profile: C:\Users\VRUSHA~1\AppData\L..., moz:shutdownTimeout: 60000, moz:useNonSpecCompliantPointerOrigin: false, moz:webdriverClick: true, moz:windowless: false, pageLoadStrategy: normal, platformName: WINDOWS, proxy: Proxy(), se:cdp: ws://127.0.0.1:44657/devtoo..., se:cdpVersion: 85.0, setWindowRect: true, strictFileInteractability: false, timeouts: {implicit: 0, pageLoad: 300000, script: 30000}, unhandledPromptBehavior: dismiss and notify}
Session ID: 9ca4f118-d5ea-496f-a60a-61d494d91889">
      <![CDATA[org.openqa.selenium.NoSuchSessionException: Tried to run command without establishing a connection
Build info: version: '4.9.0', revision: 'd7057100a6'
System info: os.name: 'Windows 10', os.arch: 'amd64', os.version: '10.0', java.version: '17.0.3'
Driver info: org.openqa.selenium.firefox.FirefoxDriver
Command: [9ca4f118-d5ea-496f-a60a-61d494d91889, findElement {using=xpath, value=//i[normalize-space()='menu']}]
Capabilities {acceptInsecureCerts: true, browserName: firefox, browserVersion: 106.0.3, moz:accessibilityChecks: false, moz:buildID: 20221030091646, moz:debuggerAddress: 127.0.0.1:44657, moz:geckodriverVersion: 0.32.0, moz:headless: false, moz:platformVersion: 10.0, moz:processID: 780, moz:profile: C:\Users\VRUSHA~1\AppData\L..., moz:shutdownTimeout: 60000, moz:useNonSpecCompliantPointerOrigin: false, moz:webdriverClick: true, moz:windowless: false, pageLoadStrategy: normal, platformName: WINDOWS, proxy: Proxy(), se:cdp: ws://127.0.0.1:44657/devtoo..., se:cdpVersion: 85.0, setWindowRect: true, strictFileInteractability: false, timeouts: {implicit: 0, pageLoad: 300000, script: 30000}, unhandledPromptBehavior: dismiss and notify}
Session ID: 9ca4f118-d5ea-496f-a60a-61d494d91889
at org.openqa.selenium.remote.codec.w3c.W3CHttpResponseCodec.createException(W3CHttpResponseCodec.java:200)
at org.openqa.selenium.remote.codec.w3c.W3CHttpResponseCodec.decode(W3CHttpResponseCodec.java:133)
at org.openqa.selenium.remote.codec.w3c.W3CHttpResponseCodec.decode(W3CHttpResponseCodec.java:53)
at org.openqa.selenium.remote.HttpCommandExecutor.execute(HttpCommandExecutor.java:193)
at org.openqa.selenium.remote.service.DriverCommandExecutor.invokeExecute(DriverCommandExecutor.java:183)
at org.openqa.selenium.remote.service.DriverCommandExecutor.execute(DriverCommandExecutor.java:158)
at org.openqa.selenium.remote.RemoteWebDriver.execute(RemoteWebDriver.java:543)
at org.openqa.selenium.remote.ElementLocation$ElementFinder$2.findElement(ElementLocation.java:162)
at org.openqa.selenium.remote.ElementLocation.findElement(ElementLocation.java:60)
at org.openqa.selenium.remote.RemoteWebDriver.findElement(RemoteWebDriver.java:352)
at org.openqa.selenium.remote.RemoteWebDriver.findElement(RemoteWebDriver.java:344)
at org.openqa.selenium.support.pagefactory.DefaultElementLocator.findElement(DefaultElementLocator.java:70)
at org.openqa.selenium.support.pagefactory.internal.LocatingElementHandler.invoke(LocatingElementHandler.java:39)
at jdk.proxy2/jdk.proxy2.$Proxy25.isDisplayed(Unknown Source)
at org.openqa.selenium.support.ui.ExpectedConditions.elementIfVisible(ExpectedConditions.java:307)
at org.openqa.selenium.support.ui.ExpectedConditions.access$000(ExpectedConditions.java:40)
at org.openqa.selenium.support.ui.ExpectedConditions$10.apply(ExpectedConditions.java:293)
at org.openqa.selenium.support.ui.ExpectedConditions$10.apply(ExpectedConditions.java:290)
at org.openqa.selenium.support.ui.ExpectedConditions$23.apply(ExpectedConditions.java:660)
at org.openqa.selenium.support.ui.ExpectedConditions$23.apply(ExpectedConditions.java:656)
at org.openqa.selenium.support.ui.FluentWait.until(FluentWait.java:208)
at com.Digitalcodes.utilities.Baseclass.click(Baseclass.java:260)
at com.Digitalcodes.pageobject.Menu.clickOnMenu(Menu.java:56)
at com.Digitalcodes.pageobject.Menu.navigateToTitlesCover(Menu.java:63)
at com.Digitalcodes.pageobject.Abstract_CommanMathods_Implinmation.navigetToTitle(Abstract_CommanMathods_Implinmation.java:14)
at com.Digitalcodes.testcases.Title_ASTMStanderds_Test.TC34_verifyNavigateToASTM_FromLinks(Title_ASTMStanderds_Test.java:41)
at java.base/java.util.ArrayList.forEach(ArrayList.java:1511)
at java.base/java.util.concurrent.FutureTask.run(FutureTask.java:264)
at java.base/java.util.concurrent.ThreadPoolExecutor.runWorker(ThreadPoolExecutor.java:1136)
at java.base/java.util.concurrent.ThreadPoolExecutor$Worker.run(ThreadPoolExecutor.java:635)
at java.base/java.lang.Thread.run(Thread.java:833)
... Removed 22 stack frames]]>
    </failure>
  </testcase> <!-- TC34_verifyNavigateToASTM_FromLinks -->
  <testcase classname="com.Digitalcodes.testcases.ContentSearch_Test" name="TC42_verifySearchWithinTitle" time="0.016">
    <failure type="org.openqa.selenium.NoSuchSessionException" message="Tried to run command without establishing a connection
Build info: version: &amp;apos;4.9.0&amp;apos;, revision: &amp;apos;d7057100a6&amp;apos;
System info: os.name: &amp;apos;Windows 10&amp;apos;, os.arch: &amp;apos;amd64&amp;apos;, os.version: &amp;apos;10.0&amp;apos;, java.version: &amp;apos;17.0.3&amp;apos;
Driver info: org.openqa.selenium.firefox.FirefoxDriver
Command: [9ca4f118-d5ea-496f-a60a-61d494d91889, findElement {using=xpath, value=//i[normalize-space()=&amp;apos;menu&amp;apos;]}]
Capabilities {acceptInsecureCerts: true, browserName: firefox, browserVersion: 106.0.3, moz:accessibilityChecks: false, moz:buildID: 20221030091646, moz:debuggerAddress: 127.0.0.1:44657, moz:geckodriverVersion: 0.32.0, moz:headless: false, moz:platformVersion: 10.0, moz:processID: 780, moz:profile: C:\Users\VRUSHA~1\AppData\L..., moz:shutdownTimeout: 60000, moz:useNonSpecCompliantPointerOrigin: false, moz:webdriverClick: true, moz:windowless: false, pageLoadStrategy: normal, platformName: WINDOWS, proxy: Proxy(), se:cdp: ws://127.0.0.1:44657/devtoo..., se:cdpVersion: 85.0, setWindowRect: true, strictFileInteractability: false, timeouts: {implicit: 0, pageLoad: 300000, script: 30000}, unhandledPromptBehavior: dismiss and notify}
Session ID: 9ca4f118-d5ea-496f-a60a-61d494d91889">
      <![CDATA[org.openqa.selenium.NoSuchSessionException: Tried to run command without establishing a connection
Build info: version: '4.9.0', revision: 'd7057100a6'
System info: os.name: 'Windows 10', os.arch: 'amd64', os.version: '10.0', java.version: '17.0.3'
Driver info: org.openqa.selenium.firefox.FirefoxDriver
Command: [9ca4f118-d5ea-496f-a60a-61d494d91889, findElement {using=xpath, value=//i[normalize-space()='menu']}]
Capabilities {acceptInsecureCerts: true, browserName: firefox, browserVersion: 106.0.3, moz:accessibilityChecks: false, moz:buildID: 20221030091646, moz:debuggerAddress: 127.0.0.1:44657, moz:geckodriverVersion: 0.32.0, moz:headless: false, moz:platformVersion: 10.0, moz:processID: 780, moz:profile: C:\Users\VRUSHA~1\AppData\L..., moz:shutdownTimeout: 60000, moz:useNonSpecCompliantPointerOrigin: false, moz:webdriverClick: true, moz:windowless: false, pageLoadStrategy: normal, platformName: WINDOWS, proxy: Proxy(), se:cdp: ws://127.0.0.1:44657/devtoo..., se:cdpVersion: 85.0, setWindowRect: true, strictFileInteractability: false, timeouts: {implicit: 0, pageLoad: 300000, script: 30000}, unhandledPromptBehavior: dismiss and notify}
Session ID: 9ca4f118-d5ea-496f-a60a-61d494d91889
at org.openqa.selenium.remote.codec.w3c.W3CHttpResponseCodec.createException(W3CHttpResponseCodec.java:200)
at org.openqa.selenium.remote.codec.w3c.W3CHttpResponseCodec.decode(W3CHttpResponseCodec.java:133)
at org.openqa.selenium.remote.codec.w3c.W3CHttpResponseCodec.decode(W3CHttpResponseCodec.java:53)
at org.openqa.selenium.remote.HttpCommandExecutor.execute(HttpCommandExecutor.java:193)
at org.openqa.selenium.remote.service.DriverCommandExecutor.invokeExecute(DriverCommandExecutor.java:183)
at org.openqa.selenium.remote.service.DriverCommandExecutor.execute(DriverCommandExecutor.java:158)
at org.openqa.selenium.remote.RemoteWebDriver.execute(RemoteWebDriver.java:543)
at org.openqa.selenium.remote.ElementLocation$ElementFinder$2.findElement(ElementLocation.java:162)
at org.openqa.selenium.remote.ElementLocation.findElement(ElementLocation.java:60)
at org.openqa.selenium.remote.RemoteWebDriver.findElement(RemoteWebDriver.java:352)
at org.openqa.selenium.remote.RemoteWebDriver.findElement(RemoteWebDriver.java:344)
at org.openqa.selenium.support.pagefactory.DefaultElementLocator.findElement(DefaultElementLocator.java:70)
at org.openqa.selenium.support.pagefactory.internal.LocatingElementHandler.invoke(LocatingElementHandler.java:39)
at jdk.proxy2/jdk.proxy2.$Proxy25.isDisplayed(Unknown Source)
at org.openqa.selenium.support.ui.ExpectedConditions.elementIfVisible(ExpectedConditions.java:307)
at org.openqa.selenium.support.ui.ExpectedConditions.access$000(ExpectedConditions.java:40)
at org.openqa.selenium.support.ui.ExpectedConditions$10.apply(ExpectedConditions.java:293)
at org.openqa.selenium.support.ui.ExpectedConditions$10.apply(ExpectedConditions.java:290)
at org.openqa.selenium.support.ui.ExpectedConditions$23.apply(ExpectedConditions.java:660)
at org.openqa.selenium.support.ui.ExpectedConditions$23.apply(ExpectedConditions.java:656)
at org.openqa.selenium.support.ui.FluentWait.until(FluentWait.java:208)
at com.Digitalcodes.utilities.Baseclass.click(Baseclass.java:260)
at com.Digitalcodes.pageobject.Menu.clickOnMenu(Menu.java:56)
at com.Digitalcodes.pageobject.Menu.navigateToTitlesCover(Menu.java:63)
at com.Digitalcodes.pageobject.Abstract_CommanMathods_Implinmation.navigetToTitle(Abstract_CommanMathods_Implinmation.java:14)
at com.Digitalcodes.testcases.ContentSearch_Test.TC42_verifySearchWithinTitle(ContentSearch_Test.java:72)
at java.base/java.util.ArrayList.forEach(ArrayList.java:1511)
at java.base/java.util.concurrent.FutureTask.run(FutureTask.java:264)
at java.base/java.util.concurrent.ThreadPoolExecutor.runWorker(ThreadPoolExecutor.java:1136)
at java.base/java.util.concurrent.ThreadPoolExecutor$Worker.run(ThreadPoolExecutor.java:635)
at java.base/java.lang.Thread.run(Thread.java:833)
... Removed 22 stack frames]]>
    </failure>
  </testcase> <!-- TC42_verifySearchWithinTitle -->
  <testcase classname="com.Digitalcodes.testcases.ContentSearch_Test" name="TC43_verifyText_FiltersApplyed" time="0.0">
    <skipped/>
  </testcase> <!-- TC43_verifyText_FiltersApplyed -->
  <testcase classname="com.Digitalcodes.testcases.PremiumTools_QuickAccess_Test" name="TC37_verifyAccessSection_QuickAccess" time="0.008">
    <failure type="org.openqa.selenium.NoSuchSessionException" message="Tried to run command without establishing a connection
Build info: version: &amp;apos;4.9.0&amp;apos;, revision: &amp;apos;d7057100a6&amp;apos;
System info: os.name: &amp;apos;Windows 10&amp;apos;, os.arch: &amp;apos;amd64&amp;apos;, os.version: &amp;apos;10.0&amp;apos;, java.version: &amp;apos;17.0.3&amp;apos;
Driver info: org.openqa.selenium.firefox.FirefoxDriver
Command: [9ca4f118-d5ea-496f-a60a-61d494d91889, findElement {using=xpath, value=//i[normalize-space()=&amp;apos;menu&amp;apos;]}]
Capabilities {acceptInsecureCerts: true, browserName: firefox, browserVersion: 106.0.3, moz:accessibilityChecks: false, moz:buildID: 20221030091646, moz:debuggerAddress: 127.0.0.1:44657, moz:geckodriverVersion: 0.32.0, moz:headless: false, moz:platformVersion: 10.0, moz:processID: 780, moz:profile: C:\Users\VRUSHA~1\AppData\L..., moz:shutdownTimeout: 60000, moz:useNonSpecCompliantPointerOrigin: false, moz:webdriverClick: true, moz:windowless: false, pageLoadStrategy: normal, platformName: WINDOWS, proxy: Proxy(), se:cdp: ws://127.0.0.1:44657/devtoo..., se:cdpVersion: 85.0, setWindowRect: true, strictFileInteractability: false, timeouts: {implicit: 0, pageLoad: 300000, script: 30000}, unhandledPromptBehavior: dismiss and notify}
Session ID: 9ca4f118-d5ea-496f-a60a-61d494d91889">
      <![CDATA[org.openqa.selenium.NoSuchSessionException: Tried to run command without establishing a connection
Build info: version: '4.9.0', revision: 'd7057100a6'
System info: os.name: 'Windows 10', os.arch: 'amd64', os.version: '10.0', java.version: '17.0.3'
Driver info: org.openqa.selenium.firefox.FirefoxDriver
Command: [9ca4f118-d5ea-496f-a60a-61d494d91889, findElement {using=xpath, value=//i[normalize-space()='menu']}]
Capabilities {acceptInsecureCerts: true, browserName: firefox, browserVersion: 106.0.3, moz:accessibilityChecks: false, moz:buildID: 20221030091646, moz:debuggerAddress: 127.0.0.1:44657, moz:geckodriverVersion: 0.32.0, moz:headless: false, moz:platformVersion: 10.0, moz:processID: 780, moz:profile: C:\Users\VRUSHA~1\AppData\L..., moz:shutdownTimeout: 60000, moz:useNonSpecCompliantPointerOrigin: false, moz:webdriverClick: true, moz:windowless: false, pageLoadStrategy: normal, platformName: WINDOWS, proxy: Proxy(), se:cdp: ws://127.0.0.1:44657/devtoo..., se:cdpVersion: 85.0, setWindowRect: true, strictFileInteractability: false, timeouts: {implicit: 0, pageLoad: 300000, script: 30000}, unhandledPromptBehavior: dismiss and notify}
Session ID: 9ca4f118-d5ea-496f-a60a-61d494d91889
at org.openqa.selenium.remote.codec.w3c.W3CHttpResponseCodec.createException(W3CHttpResponseCodec.java:200)
at org.openqa.selenium.remote.codec.w3c.W3CHttpResponseCodec.decode(W3CHttpResponseCodec.java:133)
at org.openqa.selenium.remote.codec.w3c.W3CHttpResponseCodec.decode(W3CHttpResponseCodec.java:53)
at org.openqa.selenium.remote.HttpCommandExecutor.execute(HttpCommandExecutor.java:193)
at org.openqa.selenium.remote.service.DriverCommandExecutor.invokeExecute(DriverCommandExecutor.java:183)
at org.openqa.selenium.remote.service.DriverCommandExecutor.execute(DriverCommandExecutor.java:158)
at org.openqa.selenium.remote.RemoteWebDriver.execute(RemoteWebDriver.java:543)
at org.openqa.selenium.remote.ElementLocation$ElementFinder$2.findElement(ElementLocation.java:162)
at org.openqa.selenium.remote.ElementLocation.findElement(ElementLocation.java:60)
at org.openqa.selenium.remote.RemoteWebDriver.findElement(RemoteWebDriver.java:352)
at org.openqa.selenium.remote.RemoteWebDriver.findElement(RemoteWebDriver.java:344)
at org.openqa.selenium.support.pagefactory.DefaultElementLocator.findElement(DefaultElementLocator.java:70)
at org.openqa.selenium.support.pagefactory.internal.LocatingElementHandler.invoke(LocatingElementHandler.java:39)
at jdk.proxy2/jdk.proxy2.$Proxy25.isDisplayed(Unknown Source)
at org.openqa.selenium.support.ui.ExpectedConditions.elementIfVisible(ExpectedConditions.java:307)
at org.openqa.selenium.support.ui.ExpectedConditions.access$000(ExpectedConditions.java:40)
at org.openqa.selenium.support.ui.ExpectedConditions$10.apply(ExpectedConditions.java:293)
at org.openqa.selenium.support.ui.ExpectedConditions$10.apply(ExpectedConditions.java:290)
at org.openqa.selenium.support.ui.ExpectedConditions$23.apply(ExpectedConditions.java:660)
at org.openqa.selenium.support.ui.ExpectedConditions$23.apply(ExpectedConditions.java:656)
at org.openqa.selenium.support.ui.FluentWait.until(FluentWait.java:208)
at com.Digitalcodes.utilities.Baseclass.click(Baseclass.java:260)
at com.Digitalcodes.pageobject.Menu.clickOnMenu(Menu.java:56)
at com.Digitalcodes.pageobject.Menu.navigateToPremiumToolFeaturs(Menu.java:120)
at com.Digitalcodes.testcases.PremiumTools_QuickAccess_Test.TC37_verifyAccessSection_QuickAccess(PremiumTools_QuickAccess_Test.java:51)
at java.base/java.util.ArrayList.forEach(ArrayList.java:1511)
at java.base/java.util.concurrent.FutureTask.run(FutureTask.java:264)
at java.base/java.util.concurrent.ThreadPoolExecutor.runWorker(ThreadPoolExecutor.java:1136)
at java.base/java.util.concurrent.ThreadPoolExecutor$Worker.run(ThreadPoolExecutor.java:635)
at java.base/java.lang.Thread.run(Thread.java:833)
... Removed 22 stack frames]]>
    </failure>
  </testcase> <!-- TC37_verifyAccessSection_QuickAccess -->
  <testcase classname="com.Digitalcodes.testcases.Login_Test" name="TC02_verifyUserInformation" time="4.018">
    <failure type="org.openqa.selenium.NoSuchSessionException" message="Tried to run command without establishing a connection
Build info: version: &amp;apos;4.9.0&amp;apos;, revision: &amp;apos;d7057100a6&amp;apos;
System info: os.name: &amp;apos;Windows 10&amp;apos;, os.arch: &amp;apos;amd64&amp;apos;, os.version: &amp;apos;10.0&amp;apos;, java.version: &amp;apos;17.0.3&amp;apos;
Driver info: org.openqa.selenium.firefox.FirefoxDriver
Command: [9ca4f118-d5ea-496f-a60a-61d494d91889, findElement {using=xpath, value=//div[@class=&amp;quot;v-toolbar__items&amp;quot;]//h4}]
Capabilities {acceptInsecureCerts: true, browserName: firefox, browserVersion: 106.0.3, moz:accessibilityChecks: false, moz:buildID: 20221030091646, moz:debuggerAddress: 127.0.0.1:44657, moz:geckodriverVersion: 0.32.0, moz:headless: false, moz:platformVersion: 10.0, moz:processID: 780, moz:profile: C:\Users\VRUSHA~1\AppData\L..., moz:shutdownTimeout: 60000, moz:useNonSpecCompliantPointerOrigin: false, moz:webdriverClick: true, moz:windowless: false, pageLoadStrategy: normal, platformName: WINDOWS, proxy: Proxy(), se:cdp: ws://127.0.0.1:44657/devtoo..., se:cdpVersion: 85.0, setWindowRect: true, strictFileInteractability: false, timeouts: {implicit: 0, pageLoad: 300000, script: 30000}, unhandledPromptBehavior: dismiss and notify}
Session ID: 9ca4f118-d5ea-496f-a60a-61d494d91889">
      <![CDATA[org.openqa.selenium.NoSuchSessionException: Tried to run command without establishing a connection
Build info: version: '4.9.0', revision: 'd7057100a6'
System info: os.name: 'Windows 10', os.arch: 'amd64', os.version: '10.0', java.version: '17.0.3'
Driver info: org.openqa.selenium.firefox.FirefoxDriver
Command: [9ca4f118-d5ea-496f-a60a-61d494d91889, findElement {using=xpath, value=//div[@class="v-toolbar__items"]//h4}]
Capabilities {acceptInsecureCerts: true, browserName: firefox, browserVersion: 106.0.3, moz:accessibilityChecks: false, moz:buildID: 20221030091646, moz:debuggerAddress: 127.0.0.1:44657, moz:geckodriverVersion: 0.32.0, moz:headless: false, moz:platformVersion: 10.0, moz:processID: 780, moz:profile: C:\Users\VRUSHA~1\AppData\L..., moz:shutdownTimeout: 60000, moz:useNonSpecCompliantPointerOrigin: false, moz:webdriverClick: true, moz:windowless: false, pageLoadStrategy: normal, platformName: WINDOWS, proxy: Proxy(), se:cdp: ws://127.0.0.1:44657/devtoo..., se:cdpVersion: 85.0, setWindowRect: true, strictFileInteractability: false, timeouts: {implicit: 0, pageLoad: 300000, script: 30000}, unhandledPromptBehavior: dismiss and notify}
Session ID: 9ca4f118-d5ea-496f-a60a-61d494d91889
at org.openqa.selenium.remote.codec.w3c.W3CHttpResponseCodec.createException(W3CHttpResponseCodec.java:200)
at org.openqa.selenium.remote.codec.w3c.W3CHttpResponseCodec.decode(W3CHttpResponseCodec.java:133)
at org.openqa.selenium.remote.codec.w3c.W3CHttpResponseCodec.decode(W3CHttpResponseCodec.java:53)
at org.openqa.selenium.remote.HttpCommandExecutor.execute(HttpCommandExecutor.java:193)
at org.openqa.selenium.remote.service.DriverCommandExecutor.invokeExecute(DriverCommandExecutor.java:183)
at org.openqa.selenium.remote.service.DriverCommandExecutor.execute(DriverCommandExecutor.java:158)
at org.openqa.selenium.remote.RemoteWebDriver.execute(RemoteWebDriver.java:543)
at org.openqa.selenium.remote.ElementLocation$ElementFinder$2.findElement(ElementLocation.java:162)
at org.openqa.selenium.remote.ElementLocation.findElement(ElementLocation.java:60)
at org.openqa.selenium.remote.RemoteWebDriver.findElement(RemoteWebDriver.java:352)
at org.openqa.selenium.remote.RemoteWebDriver.findElement(RemoteWebDriver.java:344)
at org.openqa.selenium.support.pagefactory.DefaultElementLocator.findElement(DefaultElementLocator.java:70)
at org.openqa.selenium.support.pagefactory.internal.LocatingElementHandler.invoke(LocatingElementHandler.java:39)
at jdk.proxy2/jdk.proxy2.$Proxy25.isDisplayed(Unknown Source)
at org.openqa.selenium.support.ui.ExpectedConditions.elementIfVisible(ExpectedConditions.java:307)
at org.openqa.selenium.support.ui.ExpectedConditions.access$000(ExpectedConditions.java:40)
at org.openqa.selenium.support.ui.ExpectedConditions$10.apply(ExpectedConditions.java:293)
at org.openqa.selenium.support.ui.ExpectedConditions$10.apply(ExpectedConditions.java:290)
at org.openqa.selenium.support.ui.FluentWait.until(FluentWait.java:208)
at com.Digitalcodes.utilities.Baseclass.getText(Baseclass.java:280)
at com.Digitalcodes.pageobject.Header.getSubscrptionType(Header.java:59)
at com.Digitalcodes.testcases.Login_Test.TC02_verifyUserInformation(Login_Test.java:68)
at java.base/java.util.ArrayList.forEach(ArrayList.java:1511)
at java.base/java.util.concurrent.FutureTask.run(FutureTask.java:264)
at java.base/java.util.concurrent.ThreadPoolExecutor.runWorker(ThreadPoolExecutor.java:1136)
at java.base/java.util.concurrent.ThreadPoolExecutor$Worker.run(ThreadPoolExecutor.java:635)
at java.base/java.lang.Thread.run(Thread.java:833)
... Removed 22 stack frames]]>
    </failure>
  </testcase> <!-- TC02_verifyUserInformation -->
  <testcase classname="com.Digitalcodes.testcases.Title_LandingPage_Test" name="TC05_verifyMarkFavoriteTitle" time="0.013">
    <failure type="org.openqa.selenium.NoSuchSessionException" message="Tried to run command without establishing a connection
Build info: version: &amp;apos;4.9.0&amp;apos;, revision: &amp;apos;d7057100a6&amp;apos;
System info: os.name: &amp;apos;Windows 10&amp;apos;, os.arch: &amp;apos;amd64&amp;apos;, os.version: &amp;apos;10.0&amp;apos;, java.version: &amp;apos;17.0.3&amp;apos;
Driver info: org.openqa.selenium.firefox.FirefoxDriver
Command: [9ca4f118-d5ea-496f-a60a-61d494d91889, findElement {using=xpath, value=//i[normalize-space()=&amp;apos;menu&amp;apos;]}]
[...]
Driver info: org.openqa.selenium.firefox.FirefoxDriver
Command: [9ca4f118-d5ea-496f-a60a-61d494d91889, findElement {using=xpath, value=//span[contains(text(),&amp;apos;Clear Search&amp;apos;)]}]
Capabilities {acceptInsecureCerts: true, browserName: firefox, browserVersion: 106.0.3, moz:accessibilityChecks: false, moz:buildID: 20221030091646, moz:debuggerAddress: 127.0.0.1:44657, moz:geckodriverVersion: 0.32.0, moz:headless: false, moz:platformVersion: 10.0, moz:processID: 780, moz:profile: C:\Users\VRUSHA~1\AppData\L..., moz:shutdownTimeout: 60000, moz:useNonSpecCompliantPointerOrigin: false, moz:webdriverClick: true, moz:windowless: false, pageLoadStrategy: normal, platformName: WINDOWS, proxy: Proxy(), se:cdp: ws://127.0.0.1:44657/devtoo..., se:cdpVersion: 85.0, setWindowRect: true, strictFileInteractability: false, timeouts: {implicit: 0, pageLoad: 300000, script: 30000}, unhandledPromptBehavior: dismiss and notify}
Session ID: 9ca4f118-d5ea-496f-a60a-61d494d91889">
      <![CDATA[org.openqa.selenium.NoSuchSessionException: Tried to run command without establishing a connection
Build info: version: '4.9.0', revision: 'd7057100a6'
System info: os.name: 'Windows 10', os.arch: 'amd64', os.version: '10.0', java.version: '17.0.3'
Driver info: org.openqa.selenium.firefox.FirefoxDriver
Command: [9ca4f118-d5ea-496f-a60a-61d494d91889, findElement {using=xpath, value=//span[contains(text(),'Clear Search')]}]
Capabilities {acceptInsecureCerts: true, browserName: firefox, browserVersion: 106.0.3, moz:accessibilityChecks: false, moz:buildID: 20221030091646, moz:debuggerAddress: 127.0.0.1:44657, moz:geckodriverVersion: 0.32.0, moz:headless: false, moz:platformVersion: 10.0, moz:processID: 780, moz:profile: C:\Users\VRUSHA~1\AppData\L..., moz:shutdownTimeout: 60000, moz:useNonSpecCompliantPointerOrigin: false, moz:webdriverClick: true, moz:windowless: false, pageLoadStrategy: normal, platformName: WINDOWS, proxy: Proxy(), se:cdp: ws://127.0.0.1:44657/devtoo..., se:cdpVersion: 85.0, setWindowRect: true, strictFileInteractability: false, timeouts: {implicit: 0, pageLoad: 300000, script: 30000}, unhandledPromptBehavior: dismiss and notify}
Session ID: 9ca4f118-d5ea-496f-a60a-61d494d91889
at org.openqa.selenium.remote.codec.w3c.W3CHttpResponseCodec.createException(W3CHttpResponseCodec.java:200)
at org.openqa.selenium.remote.codec.w3c.W3CHttpResponseCodec.decode(W3CHttpResponseCodec.java:133)
at org.openqa.selenium.remote.codec.w3c.W3CHttpResponseCodec.decode(W3CHttpResponseCodec.java:53)
at org.openqa.selenium.remote.HttpCommandExecutor.execute(HttpCommandExecutor.java:193)
at org.openqa.selenium.remote.service.DriverCommandExecutor.invokeExecute(DriverCommandExecutor.java:183)
at org.openqa.selenium.remote.service.DriverCommandExecutor.execute(DriverCommandExecutor.java:158)
at org.openqa.selenium.remote.RemoteWebDriver.execute(RemoteWebDriver.java:543)
at org.openqa.selenium.remote.ElementLocation$ElementFinder$2.findElement(ElementLocation.java:162)
at org.openqa.selenium.remote.ElementLocation.findElement(ElementLocation.java:60)
at org.openqa.selenium.remote.RemoteWebDriver.findElement(RemoteWebDriver.java:352)
at org.openqa.selenium.remote.RemoteWebDriver.findElement(RemoteWebDriver.java:344)
at org.openqa.selenium.support.pagefactory.DefaultElementLocator.findElement(DefaultElementLocator.java:70)
at org.openqa.selenium.support.pagefactory.internal.LocatingElementHandler.invoke(LocatingElementHandler.java:39)
at jdk.proxy2/jdk.proxy2.$Proxy25.isDisplayed(Unknown Source)
at org.openqa.selenium.support.ui.ExpectedConditions.elementIfVisible(ExpectedConditions.java:307)
at org.openqa.selenium.support.ui.ExpectedConditions.access$000(ExpectedConditions.java:40)
at org.openqa.selenium.support.ui.ExpectedConditions$10.apply(ExpectedConditions.java:293)
at org.openqa.selenium.support.ui.ExpectedConditions$10.apply(ExpectedConditions.java:290)
at org.openqa.selenium.support.ui.ExpectedConditions$23.apply(ExpectedConditions.java:660)
at org.openqa.selenium.support.ui.ExpectedConditions$23.apply(ExpectedConditions.java:656)
at org.openqa.selenium.support.ui.FluentWait.until(FluentWait.java:208)
at com.Digitalcodes.utilities.Baseclass.click(Baseclass.java:260)
at com.Digitalcodes.pageobject.ContentSearch_Page.clickClearSearch(ContentSearch_Page.java:417)
at com.Digitalcodes.testcases.ContentSearch_Test.TC57_verifySearchSuggestions(ContentSearch_Test.java:472)
at java.base/java.util.ArrayList.forEach(ArrayList.java:1511)
at java.base/java.util.concurrent.FutureTask.run(FutureTask.java:264)
at java.base/java.util.concurrent.ThreadPoolExecutor.runWorker(ThreadPoolExecutor.java:1136)
at java.base/java.util.concurrent.ThreadPoolExecutor$Worker.run(ThreadPoolExecutor.java:635)
at java.base/java.lang.Thread.run(Thread.java:833)
... Removed 22 stack frames]]>
    </failure>
  </testcase> <!-- TC57_verifySearchSuggestions -->
  <testcase classname="com.Digitalcodes.testcases.ContentSearch_Test" name="TC57_verifySeeAll" time="0.007">
    <failure type="org.openqa.selenium.NoSuchSessionException" message="Tried to run command without establishing a connection
Build info: version: &amp;apos;4.9.0&amp;apos;, revision: &amp;apos;d7057100a6&amp;apos;
System info: os.name: &amp;apos;Windows 10&amp;apos;, os.arch: &amp;apos;amd64&amp;apos;, os.version: &amp;apos;10.0&amp;apos;, java.version: &amp;apos;17.0.3&amp;apos;
Driver info: org.openqa.selenium.firefox.FirefoxDriver
Command: [9ca4f118-d5ea-496f-a60a-61d494d91889, findElement {using=xpath, value=//span[contains(text(),&amp;apos;Clear Search&amp;apos;)]}]
Capabilities {acceptInsecureCerts: true, browserName: firefox, browserVersion: 106.0.3, moz:accessibilityChecks: false, moz:buildID: 20221030091646, moz:debuggerAddress: 127.0.0.1:44657, moz:geckodriverVersion: 0.32.0, moz:headless: false, moz:platformVersion: 10.0, moz:processID: 780, moz:profile: C:\Users\VRUSHA~1\AppData\L..., moz:shutdownTimeout: 60000, moz:useNonSpecCompliantPointerOrigin: false, moz:webdriverClick: true, moz:windowless: false, pageLoadStrategy: normal, platformName: WINDOWS, proxy: Proxy(), se:cdp: ws://127.0.0.1:44657/devtoo..., se:cdpVersion: 85.0, setWindowRect: true, strictFileInteractability: false, timeouts: {implicit: 0, pageLoad: 300000, script: 30000}, unhandledPromptBehavior: dismiss and notify}
Session ID: 9ca4f118-d5ea-496f-a60a-61d494d91889">
      <![CDATA[org.openqa.selenium.NoSuchSessionException: Tried to run command without establishing a connection
Build info: version: '4.9.0', revision: 'd7057100a6'
System info: os.name: 'Windows 10', os.arch: 'amd64', os.version: '10.0', java.version: '17.0.3'
Driver info: org.openqa.selenium.firefox.FirefoxDriver
Command: [9ca4f118-d5ea-496f-a60a-61d494d91889, findElement {using=xpath, value=//span[contains(text(),'Clear Search')]}]
Capabilities {acceptInsecureCerts: true, browserName: firefox, browserVersion: 106.0.3, moz:accessibilityChecks: false, moz:buildID: 20221030091646, moz:debuggerAddress: 127.0.0.1:44657, moz:geckodriverVersion: 0.32.0, moz:headless: false, moz:platformVersion: 10.0, moz:processID: 780, moz:profile: C:\Users\VRUSHA~1\AppData\L..., moz:shutdownTimeout: 60000, moz:useNonSpecCompliantPointerOrigin: false, moz:webdriverClick: true, moz:windowless: false, pageLoadStrategy: normal, platformName: WINDOWS, proxy: Proxy(), se:cdp: ws://127.0.0.1:44657/devtoo..., se:cdpVersion: 85.0, setWindowRect: true, strictFileInteractability: false, timeouts: {implicit: 0, pageLoad: 300000, script: 30000}, unhandledPromptBehavior: dismiss and notify}
Session ID: 9ca4f118-d5ea-496f-a60a-61d494d91889
at org.openqa.selenium.remote.codec.w3c.W3CHttpResponseCodec.createException(W3CHttpResponseCodec.java:200)
at org.openqa.selenium.remote.codec.w3c.W3CHttpResponseCodec.decode(W3CHttpResponseCodec.java:133)
at org.openqa.selenium.remote.codec.w3c.W3CHttpResponseCodec.decode(W3CHttpResponseCodec.java:53)
at org.openqa.selenium.remote.HttpCommandExecutor.execute(HttpCommandExecutor.java:193)
at org.openqa.selenium.remote.service.DriverCommandExecutor.invokeExecute(DriverCommandExecutor.java:183)
at org.openqa.selenium.remote.service.DriverCommandExecutor.execute(DriverCommandExecutor.java:158)
at org.openqa.selenium.remote.RemoteWebDriver.execute(RemoteWebDriver.java:543)
at org.openqa.selenium.remote.ElementLocation$ElementFinder$2.findElement(ElementLocation.java:162)
at org.openqa.selenium.remote.ElementLocation.findElement(ElementLocation.java:60)
at org.openqa.selenium.remote.RemoteWebDriver.findElement(RemoteWebDriver.java:352)
at org.openqa.selenium.remote.RemoteWebDriver.findElement(RemoteWebDriver.java:344)
at org.openqa.selenium.support.pagefactory.DefaultElementLocator.findElement(DefaultElementLocator.java:70)
at org.openqa.selenium.support.pagefactory.internal.LocatingElementHandler.invoke(LocatingElementHandler.java:39)
at jdk.proxy2/jdk.proxy2.$Proxy25.isDisplayed(Unknown Source)
at org.openqa.selenium.support.ui.ExpectedConditions.elementIfVisible(ExpectedConditions.java:307)
at org.openqa.selenium.support.ui.ExpectedConditions.access$000(ExpectedConditions.java:40)
at org.openqa.selenium.support.ui.ExpectedConditions$10.apply(ExpectedConditions.java:293)
at org.openqa.selenium.support.ui.ExpectedConditions$10.apply(ExpectedConditions.java:290)
at org.openqa.selenium.support.ui.ExpectedConditions$23.apply(ExpectedConditions.java:660)
at org.openqa.selenium.support.ui.ExpectedConditions$23.apply(ExpectedConditions.java:656)
at org.openqa.selenium.support.ui.FluentWait.until(FluentWait.java:208)
at com.Digitalcodes.utilities.Baseclass.click(Baseclass.java:260)
at com.Digitalcodes.pageobject.ContentSearch_Page.clickClearSearch(ContentSearch_Page.java:417)
at com.Digitalcodes.testcases.ContentSearch_Test.TC57_verifySeeAll(ContentSearch_Test.java:491)
at java.base/java.util.ArrayList.forEach(ArrayList.java:1511)
at java.base/java.util.concurrent.FutureTask.run(FutureTask.java:264)
at java.base/java.util.concurrent.ThreadPoolExecutor.runWorker(ThreadPoolExecutor.java:1136)
at java.base/java.util.concurrent.ThreadPoolExecutor$Worker.run(ThreadPoolExecutor.java:635)
at java.base/java.lang.Thread.run(Thread.java:833)
... Removed 22 stack frames]]>
    </failure>
  </testcase> <!-- TC57_verifySeeAll -->
  <testcase classname="com.Digitalcodes.testcases.Title_Collection_Test" name="TC30_verifyCreateNotes_collectionTitles" time="0.0">
    <ignored/>
  </testcase> <!-- TC30_verifyCreateNotes_collectionTitles -->
  <testcase classname="com.Digitalcodes.testcases.Title_SectionPage_Test" name="TC23_verifyPrintSection_FromSubSection" time="0.0">
    <ignored/>
  </testcase> <!-- TC23_verifyPrintSection_FromSubSection -->
  <testcase classname="com.Digitalcodes.testcases.Title_SectionPage_Test" name="TC21_verifyCreateBookmark_atSubsection" time="0.0">
    <ignored/>
  </testcase> <!-- TC21_verifyCreateBookmark_atSubsection -->
  <testcase classname="com.Digitalcodes.testcases.Title_LandingPage_Test" name="TC06_verifyChangeVersion_ReleatedTitles_Categories" time="0.0">
    <ignored/>
  </testcase> <!-- TC06_verifyChangeVersion_ReleatedTitles_Categories -->
  <testcase classname="com.Digitalcodes.testcases.Title_SectionPage_Test" name="TC24_verifyCreateNotes_atChildSubsection" time="0.0">
    <ignored/>
  </testcase> <!-- TC24_verifyCreateNotes_atChildSubsection -->
  <testcase classname="com.Digitalcodes.testcases.Title_SectionPage_Test" name="TC20_verifyCreateNotes_atSubsection" time="0.0">
    <ignored/>
  </testcase> <!-- TC20_verifyCreateNotes_atSubsection -->
  <testcase classname="com.Digitalcodes.testcases.PremiumTools_QuickAccess_Test" name="TC40_verifyRecentlyQuickAccessedSections_QuickAccess" time="0.0">
    <ignored/>
  </testcase> <!-- TC40_verifyRecentlyQuickAccessedSections_QuickAccess -->
  <testcase classname="com.Digitalcodes.testcases.Prerequisites_Teardown" name="@BeforeTest beforeTest" time="0.0">
    <ignored/>
  </testcase> <!-- @BeforeTest beforeTest -->
  <testcase classname="com.Digitalcodes.testcases.Prerequisites_Teardown" name="@BeforeTest beforeTest" time="0.0">
    <ignored/>
  </testcase> <!-- @BeforeTest beforeTest -->
  <testcase classname="com.Digitalcodes.testcases.Prerequisites_Teardown" name="@BeforeTest beforeTest" time="0.0">
    <ignored/>
  </testcase> <!-- @BeforeTest beforeTest -->
  <testcase classname="com.Digitalcodes.testcases.Prerequisites_Teardown" name="@BeforeTest beforeTest" time="0.0">
    <ignored/>
  </testcase> <!-- @BeforeTest beforeTest -->
  <testcase classname="com.Digitalcodes.testcases.Prerequisites_Teardown" name="@BeforeTest beforeTest" time="0.0">
    <ignored/>
  </testcase> <!-- @BeforeTest beforeTest -->
  <testcase classname="com.Digitalcodes.testcases.Prerequisites_Teardown" name="@BeforeTest beforeTest" time="0.0">
    <ignored/>
  </testcase> <!-- @BeforeTest beforeTest -->
  <testcase classname="com.Digitalcodes.testcases.Prerequisites_Teardown" name="@BeforeTest beforeTest" time="0.0">
    <ignored/>
  </testcase> <!-- @BeforeTest beforeTest -->
  <testcase classname="com.Digitalcodes.testcases.Prerequisites_Teardown" name="@BeforeTest beforeTest" time="0.0">
    <ignored/>
  </testcase> <!-- @BeforeTest beforeTest -->
  <testcase classname="com.Digitalcodes.testcases.Prerequisites_Teardown" name="@BeforeTest beforeTest" time="0.0">
    <ignored/>
  </testcase> <!-- @BeforeTest beforeTest -->
  <testcase classname="com.Digitalcodes.testcases.Title_SectionPage_Test" name="TC26_verifyShareSection_atChildSubsection" time="0.0">
    <ignored/>
  </testcase> <!-- TC26_verifyShareSection_atChildSubsection -->
  <testcase classname="com.Digitalcodes.testcases.Title_SectionPage_Test" name="TC27_verifyPrintSection_FromChildSubSection" time="0.0">
    <ignored/>
  </testcase> <!-- TC27_verifyPrintSection_FromChildSubSection -->
  <testcase classname="com.Digitalcodes.testcases.Title_SectionPage_Test" name="TC25_verifyCreateBookmark_atChildSubsection" time="0.0">
    <ignored/>
  </testcase> <!-- TC25_verifyCreateBookmark_atChildSubsection -->
  <testcase classname="com.Digitalcodes.testcases.Prerequisites_Teardown" name="@AfterSuite afterSuite" time="0.0">
    <ignored/>
  </testcase> <!-- @AfterSuite afterSuite -->
  <testcase classname="com.Digitalcodes.testcases.Prerequisites_Teardown" name="@AfterSuite afterSuite" time="0.0">
    <ignored/>
  </testcase> <!-- @AfterSuite afterSuite -->
  <testcase classname="com.Digitalcodes.testcases.Prerequisites_Teardown" name="@AfterSuite afterSuite" time="0.0">
    <ignored/>
  </testcase> <!-- @AfterSuite afterSuite -->
  <testcase classname="com.Digitalcodes.testcases.Prerequisites_Teardown" name="@AfterSuite afterSuite" time="0.0">
    <ignored/>
  </testcase> <!-- @AfterSuite afterSuite -->
  <testcase classname="com.Digitalcodes.testcases.Prerequisites_Teardown" name="@AfterSuite afterSuite" time="0.0">
    <ignored/>
  </testcase> <!-- @AfterSuite afterSuite -->
  <testcase classname="com.Digitalcodes.testcases.Prerequisites_Teardown" name="@AfterSuite afterSuite" time="0.0">
    <ignored/>
  </testcase> <!-- @AfterSuite afterSuite -->
  <testcase classname="com.Digitalcodes.testcases.Prerequisites_Teardown" name="@AfterSuite afterSuite" time="0.0">
    <ignored/>
  </testcase> <!-- @AfterSuite afterSuite -->
  <testcase classname="com.Digitalcodes.testcases.Prerequisites_Teardown" name="@AfterSuite afterSuite" time="0.0">
    <ignored/>
  </testcase> <!-- @AfterSuite afterSuite -->
  <testcase classname="com.Digitalcodes.testcases.Prerequisites_Teardown" name="@AfterSuite afterSuite" time="0.0">
    <ignored/>
  </testcase> <!-- @AfterSuite afterSuite -->
  <testcase classname="com.Digitalcodes.testcases.Title_Collection_Test" name="TC31_verifyCreateBookmark_collectionTitles" time="0.0">
    <ignored/>
  </testcase> <!-- TC31_verifyCreateBookmark_collectionTitles -->
  <testcase classname="com.Digitalcodes.testcases.Prerequisites_Teardown" name="@BeforeSuite beforeSuite" time="0.0">
    <ignored/>
  </testcase> <!-- @BeforeSuite beforeSuite -->
  <testcase classname="com.Digitalcodes.testcases.Prerequisites_Teardown" name="@BeforeSuite beforeSuite" time="0.0">
    <ignored/>
  </testcase> <!-- @BeforeSuite beforeSuite -->
  <testcase classname="com.Digitalcodes.testcases.Prerequisites_Teardown" name="@BeforeSuite beforeSuite" time="0.0">
    <ignored/>
  </testcase> <!-- @BeforeSuite beforeSuite -->
  <testcase classname="com.Digitalcodes.testcases.Prerequisites_Teardown" name="@BeforeSuite beforeSuite" time="0.0">
    <ignored/>
  </testcase> <!-- @BeforeSuite beforeSuite -->
  <testcase classname="com.Digitalcodes.testcases.Prerequisites_Teardown" name="@BeforeSuite beforeSuite" time="0.0">
    <ignored/>
  </testcase> <!-- @BeforeSuite beforeSuite -->
  <testcase classname="com.Digitalcodes.testcases.Prerequisites_Teardown" name="@BeforeSuite beforeSuite" time="0.0">
    <ignored/>
  </testcase> <!-- @BeforeSuite beforeSuite -->
  <testcase classname="com.Digitalcodes.testcases.Prerequisites_Teardown" name="@BeforeSuite beforeSuite" time="0.0">
    <ignored/>
  </testcase> <!-- @BeforeSuite beforeSuite -->
  <testcase classname="com.Digitalcodes.testcases.Prerequisites_Teardown" name="@BeforeSuite beforeSuite" time="0.0">
    <ignored/>
  </testcase> <!-- @BeforeSuite beforeSuite -->
  <testcase classname="com.Digitalcodes.testcases.Prerequisites_Teardown" name="@BeforeSuite beforeSuite" time="0.0">
    <ignored/>
  </testcase> <!-- @BeforeSuite beforeSuite -->
  <testcase classname="com.Digitalcodes.testcases.Title_Collection_Test" name="TC32_verifyShareSection_CollectionTitles" time="0.0">
    <ignored/>
  </testcase> <!-- TC32_verifyShareSection_CollectionTitles -->
  <testcase classname="com.Digitalcodes.testcases.Title_Collection_Test" name="TC33_verifyPrintSection_CollectionTitles" time="0.0">
    <ignored/>
  </testcase> <!-- TC33_verifyPrintSection_CollectionTitles -->
  <testcase classname="com.Digitalcodes.testcases.ContentSearch_Test" name="TC45_verifyApplyFiltersOncontentSearch" time="0.0">
    <ignored/>
  </testcase> <!-- TC45_verifyApplyFiltersOncontentSearch -->
  <testcase classname="com.Digitalcodes.testcases.Title_SectionPage_Test" name="TC22_verifyShareSection_FromSubSection" time="0.0">
    <ignored/>
  </testcase> <!-- TC22_verifyShareSection_FromSubSection -->
  <testcase classname="com.Digitalcodes.testcases.Prerequisites_Teardown" name="@AfterTest afterTest" time="0.0">
    <ignored/>
  </testcase> <!-- @AfterTest afterTest -->
  <testcase classname="com.Digitalcodes.testcases.Prerequisites_Teardown" name="@AfterTest afterTest" time="0.0">
    <ignored/>
  </testcase> <!-- @AfterTest afterTest -->
  <testcase classname="com.Digitalcodes.testcases.Prerequisites_Teardown" name="@AfterTest afterTest" time="0.0">
    <ignored/>
  </testcase> <!-- @AfterTest afterTest -->
  <testcase classname="com.Digitalcodes.testcases.Prerequisites_Teardown" name="@AfterTest afterTest" time="0.0">
    <ignored/>
  </testcase> <!-- @AfterTest afterTest -->
  <testcase classname="com.Digitalcodes.testcases.Prerequisites_Teardown" name="@AfterTest afterTest" time="0.0">
    <ignored/>
  </testcase> <!-- @AfterTest afterTest -->
  <testcase classname="com.Digitalcodes.testcases.Prerequisites_Teardown" name="@AfterTest afterTest" time="0.0">
    <ignored/>
  </testcase> <!-- @AfterTest afterTest -->
  <testcase classname="com.Digitalcodes.testcases.Prerequisites_Teardown" name="@AfterTest afterTest" time="0.0">
    <ignored/>
  </testcase> <!-- @AfterTest afterTest -->
  <testcase classname="com.Digitalcodes.testcases.Prerequisites_Teardown" name="@AfterTest afterTest" time="0.0">
    <ignored/>
  </testcase> <!-- @AfterTest afterTest -->
  <testcase classname="com.Digitalcodes.testcases.Prerequisites_Teardown" name="@AfterTest afterTest" time="0.0">
    <ignored/>
  </testcase> <!-- @AfterTest afterTest -->
</testsuite> <!-- Smoke test for Premium user new -->
