<?xml version="1.0" encoding="UTF-8"?>
<!-- Generated by org.testng.reporters.JUnitXMLReporter -->
<testsuite hostname="IB-Pune-LAP-329" ignored="9" name="Regression for Premium user" tests="15" failures="0" timestamp="2023-06-08T13:43:53 IST" time="275.628" errors="0">
  <testcase name="TC01_loginValidData" time="8.504" classname="com.Digitalcodes.testcases.Login_Test"/>
  <testcase name="TC02_verifyUserInformation" time="16.444" classname="com.Digitalcodes.testcases.Login_Test"/>
  <testcase name="TC28_verifyCollectionLandingPage" time="32.707" classname="com.Digitalcodes.testcases.Title_Collection_Test"/>
  <testcase name="TC28_verifyCollectionLandingPage" time="13.108" classname="com.Digitalcodes.testcases.Title_Collection_Test"/>
  <testcase name="TC29_verifySection_collectionTitles" time="25.329" classname="com.Digitalcodes.testcases.Title_Collection_Test"/>
  <testcase name="TC29_verifySection_collectionTitles" time="20.764" classname="com.Digitalcodes.testcases.Title_Collection_Test"/>
  <testcase name="TC30_verifyCreateNotes_collectionTitles" time="30.585" classname="com.Digitalcodes.testcases.Title_Collection_Test"/>
  <testcase name="TC31_verifyCreateBookmark_collectionTitles" time="17.383" classname="com.Digitalcodes.testcases.Title_Collection_Test"/>
  <testcase name="TC32_verifyShareSection_CollectionTitles" time="9.808" classname="com.Digitalcodes.testcases.Title_Collection_Test"/>
  <testcase name="TC33_verifyPrintSection_CollectionTitles" time="10.045" classname="com.Digitalcodes.testcases.Title_Collection_Test"/>
  <testcase name="TC34_verifyAccessSection_QuickAccess" time="13.933" classname="com.Digitalcodes.testcases.PremiumTools_QuickAccess_Test"/>
  <testcase name="TC35_verifyActionsOnSection_QuickAccess" time="12.447" classname="com.Digitalcodes.testcases.PremiumTools_QuickAccess_Test"/>
  <testcase name="TC36_verifyShare_Edit_DeleteBookmakr_QuickAccess" time="21.256" classname="com.Digitalcodes.testcases.PremiumTools_QuickAccess_Test"/>
  <testcase name="TC37_verifyRecentlyQuickAccessedSections_QuickAccess" time="3.845" classname="com.Digitalcodes.testcases.PremiumTools_QuickAccess_Test"/>
  <testcase name="TC38_verifyAlreadyCreatedBookmark_QuickAccess" time="13.206" classname="com.Digitalcodes.testcases.PremiumTools_QuickAccess_Test"/>
  <testcase name="@AfterSuite afterSuite" time="0.0" classname="com.Digitalcodes.testcases.Prerequisites_Teardown">
    <ignored/>
  </testcase> <!-- @AfterSuite afterSuite -->
  <testcase name="@AfterSuite afterSuite" time="0.0" classname="com.Digitalcodes.testcases.Prerequisites_Teardown">
    <ignored/>
  </testcase> <!-- @AfterSuite afterSuite -->
  <testcase name="@BeforeTest beforeTest" time="0.0" classname="com.Digitalcodes.testcases.Prerequisites_Teardown">
    <ignored/>
  </testcase> <!-- @BeforeTest beforeTest -->
  <testcase name="@BeforeTest beforeTest" time="0.0" classname="com.Digitalcodes.testcases.Prerequisites_Teardown">
    <ignored/>
  </testcase> <!-- @BeforeTest beforeTest -->
  <testcase name="@BeforeSuite beforeSuite" time="0.0" classname="com.Digitalcodes.testcases.Prerequisites_Teardown">
    <ignored/>
  </testcase> <!-- @BeforeSuite beforeSuite -->
  <testcase name="@BeforeSuite beforeSuite" time="0.0" classname="com.Digitalcodes.testcases.Prerequisites_Teardown">
    <ignored/>
  </testcase> <!-- @BeforeSuite beforeSuite -->
  <testcase name="@AfterTest afterTest" time="0.0" classname="com.Digitalcodes.testcases.Prerequisites_Teardown">
    <ignored/>
  </testcase> <!-- @AfterTest afterTest -->
  <testcase name="@AfterTest afterTest" time="0.0" classname="com.Digitalcodes.testcases.Prerequisites_Teardown">
    <ignored/>
  </testcase> <!-- @AfterTest afterTest -->
  <testcase name="TC34_verifyRecentlyAddedTitle_Collection" time="0.0" classname="com.Digitalcodes.testcases.Title_Collection_Test">
    <ignored/>
  </testcase> <!-- TC34_verifyRecentlyAddedTitle_Collection -->
</testsuite> <!-- Regression for Premium user -->
