<?xml version="1.0" encoding="UTF-8"?>
<!-- Generated by org.testng.reporters.JUnitXMLReporter -->
<testsuite ignored="0" hostname="IB-Pune-LAP-329" failures="0" tests="2" name="Smoke test for Premium user" time="47.898" errors="0" timestamp="2023-06-07T20:30:38 IST">
  <testcase classname="com.Digitalcodes.testcases.Login_Test" name="TC01_loginValidData" time="9.852"/>
  <testcase classname="com.Digitalcodes.testcases.Login_Test" name="TC02_verifyUserInformation" time="16.513"/>
</testsuite> <!-- Smoke test for Premium user -->
